[rosmaster.main][INFO] 2012-12-31 16:00:18,505: initialization complete, waiting for shutdown
[rosmaster.main][INFO] 2012-12-31 16:00:18,506: Starting ROS Master Node
[xmlrpc][INFO] 2012-12-31 16:00:18,507: XML-RPC server binding to 0.0.0.0:11311
[xmlrpc][INFO] 2012-12-31 16:00:18,508: Started XML-RPC server [http://copter131:11311/]
[rosmaster.master][INFO] 2012-12-31 16:00:18,508: Master initialized: port[11311], uri[http://copter131:11311/]
[xmlrpc][INFO] 2012-12-31 16:00:18,509: xml rpc node: starting XML-RPC server
[rosmaster.master][INFO] 2012-12-31 16:00:18,595: +PARAM [/run_id] by /roslaunch
[rosmaster.master][INFO] 2012-12-31 16:00:18,598: +PARAM [/roslaunch/uris/host_copter131__59116] by /roslaunch
[rosmaster.master][INFO] 2012-12-31 16:00:18,716: +PARAM [/swarm_team] by /roslaunch
[rosmaster.master][INFO] 2012-12-31 16:00:18,717: +PARAM [/rosdistro] by /roslaunch
[rosmaster.master][INFO] 2012-12-31 16:00:18,717: +PARAM [/aircraft_name] by /roslaunch
[rosmaster.master][INFO] 2012-12-31 16:00:18,717: +PARAM [/fetch_enable] by /roslaunch
[rosmaster.master][INFO] 2012-12-31 16:00:18,718: +PARAM [/dis_between_land_points] by /roslaunch
[rosmaster.master][INFO] 2012-12-31 16:00:18,718: +PARAM [/network_port] by /roslaunch
[rosmaster.master][INFO] 2012-12-31 16:00:18,718: +PARAM [/aircraft_id] by /roslaunch
[rosmaster.master][INFO] 2012-12-31 16:00:18,718: +PARAM [/do_deconflict_land] by /roslaunch
[rosmaster.master][INFO] 2012-12-31 16:00:18,718: +PARAM [/subswarm_id] by /roslaunch
[rosmaster.master][INFO] 2012-12-31 16:00:18,719: +PARAM [/aircraft_type] by /roslaunch
[rosmaster.master][INFO] 2012-12-31 16:00:18,719: +PARAM [/sensor_range] by /roslaunch
[rosmaster.master][INFO] 2012-12-31 16:00:18,719: +PARAM [/rosversion] by /roslaunch
[rosmaster.master][INFO] 2012-12-31 16:00:18,720: +PARAM [/runway_pt2_lat] by /roslaunch
[rosmaster.master][INFO] 2012-12-31 16:00:18,720: +PARAM [/runway_pt2_lon] by /roslaunch
[rosmaster.master][INFO] 2012-12-31 16:00:18,720: +PARAM [/flight_ready] by /roslaunch
[rosmaster.master][INFO] 2012-12-31 16:00:18,720: +PARAM [/runway_pt1_lat] by /roslaunch
[rosmaster.master][INFO] 2012-12-31 16:00:18,720: +PARAM [/network_device] by /roslaunch
[rosmaster.master][INFO] 2012-12-31 16:00:18,721: +PARAM [/verify_enable] by /roslaunch
[rosmaster.master][INFO] 2012-12-31 16:00:18,721: +PARAM [/rosbag_enable] by /roslaunch
[rosmaster.master][INFO] 2012-12-31 16:00:18,721: +PARAM [/runway_pt1_lon] by /roslaunch
[rosmaster.master][INFO] 2012-12-31 16:00:18,818: +SERVICE [/rosout/get_loggers] /rosout http://copter131:37039/
[rosmaster.master][INFO] 2012-12-31 16:00:18,820: +SERVICE [/rosout/set_logger_level] /rosout http://copter131:37039/
[rosmaster.master][INFO] 2012-12-31 16:00:18,824: +PUB [/rosout_agg] /rosout http://copter131:37039/
[rosmaster.master][INFO] 2012-12-31 16:00:18,833: +SUB [/rosout] /rosout http://copter131:37039/
[rosmaster.master][INFO] 2012-12-31 16:00:19,755: +PUB [/rosout] /radiation_sensor http://copter131:57517/
[rosmaster.master][INFO] 2012-12-31 16:00:19,810: publisherUpdate[/rosout] -> http://copter131:37039/
[rosmaster.master][INFO] 2012-12-31 16:00:19,812: +SERVICE [/radiation_sensor/get_loggers] /radiation_sensor http://copter131:57517/
[rosmaster.master][INFO] 2012-12-31 16:00:19,826: +SERVICE [/radiation_sensor/set_logger_level] /radiation_sensor http://copter131:57517/
[rosmaster.master][INFO] 2012-12-31 16:00:19,850: +PUB [/tactic_interface/radiation] /radiation_sensor http://copter131:57517/
[rosmaster.master][INFO] 2012-12-31 16:00:20,110: +PUB [/rosout] /safety http://copter131:34817/
[rosmaster.master][INFO] 2012-12-31 16:00:20,112: publisherUpdate[/rosout] -> http://copter131:37039/
[rosmaster.master][INFO] 2012-12-31 16:00:20,158: +SERVICE [/safety/get_loggers] /safety http://copter131:34817/
[rosmaster.master][INFO] 2012-12-31 16:00:20,180: +SERVICE [/safety/set_logger_level] /safety http://copter131:34817/
[rosmaster.master][INFO] 2012-12-31 16:00:20,380: +PUB [/autopilot/heartbeat_onboard] /safety http://copter131:34817/
[rosmaster.master][INFO] 2012-12-31 16:00:20,417: +PUB [/safety/healthy] /safety http://copter131:34817/
[rosmaster.master][INFO] 2012-12-31 16:00:20,433: +PUB [/autopilot/payload_waypoint] /safety http://copter131:34817/
[rosmaster.master][INFO] 2012-12-31 16:00:20,466: +PUB [/autopilot/payload_rate] /safety http://copter131:34817/
[rosmaster.master][INFO] 2012-12-31 16:00:20,497: +PUB [/autopilot/payload_attitude] /safety http://copter131:34817/
[rosmaster.master][INFO] 2012-12-31 16:00:20,557: +PUB [/rosout] /network http://copter131:37097/
[rosmaster.master][INFO] 2012-12-31 16:00:20,615: +PARAM [/subswarm_id] by /unnamed
[rosmaster.master][INFO] 2012-12-31 16:00:20,618: publisherUpdate[/rosout] -> http://copter131:37039/
[rosmaster.master][INFO] 2012-12-31 16:00:20,651: +PUB [/rosout] /autopilot http://copter131:57137/
[rosmaster.master][INFO] 2012-12-31 16:00:20,668: +PUB [/rosout] /hit_tracker http://copter131:56714/
[rosmaster.master][INFO] 2012-12-31 16:00:20,683: +SERVICE [/network/get_loggers] /network http://copter131:37097/
[rosmaster.master][INFO] 2012-12-31 16:00:20,719: publisherUpdate[/rosout] -> http://copter131:37039/
[rosmaster.master][INFO] 2012-12-31 16:00:20,724: publisherUpdate[/rosout] -> http://copter131:37039/
[rosmaster.master][INFO] 2012-12-31 16:00:20,726: +SERVICE [/network/set_logger_level] /network http://copter131:37097/
[rosmaster.master][INFO] 2012-12-31 16:00:20,765: +SERVICE [/hit_tracker/get_loggers] /hit_tracker http://copter131:56714/
[rosmaster.master][INFO] 2012-12-31 16:00:20,790: +SUB [/autopilot/heartbeat_ground] /safety http://copter131:34817/
[rosmaster.master][INFO] 2012-12-31 16:00:20,809: +SERVICE [/autopilot/get_loggers] /autopilot http://copter131:57137/
[rosmaster.master][INFO] 2012-12-31 16:00:20,829: +SERVICE [/hit_tracker/set_logger_level] /hit_tracker http://copter131:56714/
[rosmaster.master][INFO] 2012-12-31 16:00:20,865: +SERVICE [/autopilot/set_logger_level] /autopilot http://copter131:57137/
[rosmaster.master][INFO] 2012-12-31 16:00:20,870: +SERVICE [/hit_tracker/reset] /hit_tracker http://copter131:56714/
[rosmaster.master][INFO] 2012-12-31 16:00:20,884: +PUB [/rosout] /swarm_tracker http://copter131:42489/
[rosmaster.master][INFO] 2012-12-31 16:00:20,923: publisherUpdate[/rosout] -> http://copter131:37039/
[rosmaster.master][INFO] 2012-12-31 16:00:20,985: +PUB [/rosout] /task_runner http://copter131:40974/
[rosmaster.master][INFO] 2012-12-31 16:00:21,000: +SERVICE [/swarm_tracker/get_loggers] /swarm_tracker http://copter131:42489/
[rosmaster.master][INFO] 2012-12-31 16:00:21,021: +PUB [/rosout] /recv_pose_rate http://copter131:48226/
[rosmaster.master][INFO] 2012-12-31 16:00:21,026: publisherUpdate[/rosout] -> http://copter131:37039/
[rosmaster.master][INFO] 2012-12-31 16:00:21,032: publisherUpdate[/rosout] -> http://copter131:37039/
[rosmaster.master][INFO] 2012-12-31 16:00:21,045: +SERVICE [/swarm_tracker/set_logger_level] /swarm_tracker http://copter131:42489/
[rosmaster.master][INFO] 2012-12-31 16:00:21,053: +PUB [/rosout] /red_tracker http://copter131:34141/
[rosmaster.master][INFO] 2012-12-31 16:00:21,110: +SUB [/autopilot/acs_pose] /safety http://copter131:34817/
[rosmaster.master][INFO] 2012-12-31 16:00:21,125: +SERVICE [/task_runner/get_loggers] /task_runner http://copter131:40974/
[rosmaster.master][INFO] 2012-12-31 16:00:21,128: publisherUpdate[/rosout] -> http://copter131:37039/
[rosmaster.master][INFO] 2019-03-28 07:12:52,652: +SERVICE [/recv_pose_rate/get_loggers] /recv_pose_rate http://copter131:48226/
[rosmaster.master][INFO] 2019-03-28 07:12:52,694: +SERVICE [/task_runner/set_logger_level] /task_runner http://copter131:40974/
[rosmaster.master][INFO] 2019-03-28 07:12:52,713: +SERVICE [/red_tracker/get_loggers] /red_tracker http://copter131:34141/
[rosmaster.master][INFO] 2019-03-28 07:12:52,730: +SUB [/network/recv_swarm_data] /hit_tracker http://copter131:56714/
[rosmaster.master][INFO] 2019-03-28 07:12:52,743: +SERVICE [/recv_pose_rate/set_logger_level] /recv_pose_rate http://copter131:48226/
[rosmaster.master][INFO] 2019-03-28 07:12:52,833: +SERVICE [/red_tracker/set_logger_level] /red_tracker http://copter131:34141/
[rosmaster.master][INFO] 2019-03-28 07:12:53,048: +SUB [/autopilot/acs_pose] /swarm_tracker http://copter131:42489/
[rosmaster.master][INFO] 2019-03-28 07:12:53,231: +SUB [/swarm_control/subswarm_id] /network http://copter131:37097/
[rosmaster.master][INFO] 2019-03-28 07:12:53,269: +SUB [/network/net_reset] /hit_tracker http://copter131:56714/
[rosmaster.master][INFO] 2019-03-28 07:12:53,342: +SUB [/network/recv_pose] /recv_pose_rate http://copter131:48226/
[rosmaster.master][INFO] 2019-03-28 07:12:53,345: +PUB [/hit_tracker/hit_uavs] /hit_tracker http://copter131:56714/
[rosmaster.master][INFO] 2019-03-28 07:12:53,388: +SUB [/autopilot/acs_pose] /red_tracker http://copter131:34141/
[rosmaster.master][INFO] 2019-03-28 07:12:53,410: +PUB [/logging/recv_pose_rate] /recv_pose_rate http://copter131:48226/
[rosmaster.master][INFO] 2019-03-28 07:12:53,419: +PUB [/rosout] /swarm_control http://copter131:36219/
[rosmaster.master][INFO] 2019-03-28 07:12:53,443: +SUB [/autopilot/arm] /autopilot http://copter131:57137/
[rosmaster.master][INFO] 2019-03-28 07:12:53,458: +SUB [/autopilot/status] /task_runner http://copter131:40974/
[rosmaster.master][INFO] 2019-03-28 07:12:53,498: publisherUpdate[/rosout] -> http://copter131:37039/
[rosmaster.master][INFO] 2019-03-28 07:12:53,518: +PUB [/rosout] /patrol_box http://copter131:57095/
[rosmaster.master][INFO] 2019-03-28 07:12:53,599: publisherUpdate[/rosout] -> http://copter131:37039/
[rosmaster.master][INFO] 2019-03-28 07:12:53,658: +SERVICE [/swarm_control/get_loggers] /swarm_control http://copter131:36219/
[rosmaster.master][INFO] 2019-03-28 07:12:53,742: +SERVICE [/patrol_box/get_loggers] /patrol_box http://copter131:57095/
[rosmaster.master][INFO] 2019-03-28 07:12:53,768: +SERVICE [/swarm_control/set_logger_level] /swarm_control http://copter131:36219/
[rosmaster.master][INFO] 2019-03-28 07:12:53,802: +SUB [/swarm_control/swarm_behavior] /network http://copter131:37097/
[rosmaster.master][INFO] 2019-03-28 07:12:53,824: +SERVICE [/patrol_box/set_logger_level] /patrol_box http://copter131:57095/
[rosmaster.master][INFO] 2019-03-28 07:12:53,883: +SERVICE [/swarm_control/register_behavior] /swarm_control http://copter131:36219/
[rosmaster.master][INFO] 2019-03-28 07:12:53,964: +SERVICE [/swarm_control/run_behavior] /swarm_control http://copter131:36219/
[rosmaster.master][INFO] 2019-03-28 07:12:53,983: +PUB [/rosout] /linear_formation http://copter131:41743/
[rosmaster.master][INFO] 2019-03-28 07:12:53,993: +SUB [/network/recv_red_pose] /red_tracker http://copter131:34141/
[rosmaster.master][INFO] 2019-03-28 07:12:54,006: publisherUpdate[/rosout] -> http://copter131:37039/
[rosmaster.master][INFO] 2019-03-28 07:12:54,079: +SERVICE [/swarm_control/pause_behavior] /swarm_control http://copter131:36219/
[rosmaster.master][INFO] 2019-03-28 07:12:54,114: +PUB [/red_tracker/red_uav_states] /red_tracker http://copter131:34141/
[rosmaster.master][INFO] 2019-03-28 07:12:54,159: +SUB [/safety/payload_waypoint] /safety http://copter131:34817/
[rosmaster.master][INFO] 2019-03-28 07:12:54,193: +SERVICE [/swarm_control/set_subswarm] /swarm_control http://copter131:36219/
[rosmaster.master][INFO] 2019-03-28 07:12:54,208: +SERVICE [/linear_formation/get_loggers] /linear_formation http://copter131:41743/
[rosmaster.master][INFO] 2019-03-28 07:12:54,243: +PUB [/rosout] /independent_transit http://copter131:34162/
[rosmaster.master][INFO] 2019-03-28 07:12:54,291: +SERVICE [/swarm_control/set_swarm_state] /swarm_control http://copter131:36219/
[rosmaster.master][INFO] 2019-03-28 07:12:54,307: publisherUpdate[/rosout] -> http://copter131:37039/
[rosmaster.master][INFO] 2019-03-28 07:12:54,317: +SERVICE [/linear_formation/set_logger_level] /linear_formation http://copter131:41743/
[rosmaster.master][INFO] 2019-03-28 07:12:54,407: +PUB [/rosout] /simple_ground_attack http://copter131:42409/
[rosmaster.master][INFO] 2019-03-28 07:12:54,409: publisherUpdate[/rosout] -> http://copter131:37039/
[rosmaster.master][INFO] 2019-03-28 07:12:54,484: +SERVICE [/independent_transit/get_loggers] /independent_transit http://copter131:34162/
[rosmaster.master][INFO] 2019-03-28 07:12:54,499: +PUB [/rosout] /smart_shooter http://copter131:44306/
[rosmaster.master][INFO] 2019-03-28 07:12:54,518: publisherUpdate[/rosout] -> http://copter131:37039/
[rosmaster.master][INFO] 2019-03-28 07:12:54,545: +SUB [/autopilot/status] /patrol_box http://copter131:57095/
[rosmaster.master][INFO] 2019-03-28 07:12:54,584: +SERVICE [/independent_transit/set_logger_level] /independent_transit http://copter131:34162/
[rosmaster.master][INFO] 2019-03-28 07:12:54,594: +SERVICE [/simple_ground_attack/get_loggers] /simple_ground_attack http://copter131:42409/
[rosmaster.master][INFO] 2019-03-28 07:12:54,608: +SUB [/network/recv_pose] /swarm_tracker http://copter131:42489/
[rosmaster.master][INFO] 2019-03-28 07:12:54,617: +PUB [/safety/payload_waypoint] /patrol_box http://copter131:57095/
[rosmaster.master][INFO] 2019-03-28 07:12:54,621: publisherUpdate[/safety/payload_waypoint] -> http://copter131:34817/
[rosmaster.master][INFO] 2019-03-28 07:12:54,629: +SERVICE [/simple_ground_attack/set_logger_level] /simple_ground_attack http://copter131:42409/
[rosmaster.master][INFO] 2019-03-28 07:12:54,636: +SERVICE [/smart_shooter/get_loggers] /smart_shooter http://copter131:44306/
[rosmaster.master][INFO] 2019-03-28 07:12:54,641: +SUB [/safety/payload_rate] /safety http://copter131:34817/
[rosmaster.master][INFO] 2019-03-28 07:12:54,658: +SERVICE [/smart_shooter/set_logger_level] /smart_shooter http://copter131:44306/
[rosmaster.master][INFO] 2019-03-28 07:12:54,668: +PUB [/autopilot/waypoint_goto] /simple_ground_attack http://copter131:42409/
[rosmaster.master][INFO] 2019-03-28 07:12:54,690: +PUB [/safety/payload_rate] /simple_ground_attack http://copter131:42409/
[rosmaster.master][INFO] 2019-03-28 07:12:54,713: +PUB [/safety/payload_waypoint] /simple_ground_attack http://copter131:42409/
[rosmaster.master][INFO] 2019-03-28 07:12:54,726: publisherUpdate[/safety/payload_rate] -> http://copter131:34817/
[rosmaster.master][INFO] 2019-03-28 07:12:54,733: publisherUpdate[/safety/payload_waypoint] -> http://copter131:34817/
[rosmaster.master][INFO] 2019-03-28 07:12:54,769: +SUB [/network/recv_swarm_ctl_state] /swarm_tracker http://copter131:42489/
[rosmaster.master][INFO] 2019-03-28 07:12:54,772: +SUB [/swarm_control/subswarm_id] /patrol_box http://copter131:57095/
[rosmaster.master][INFO] 2019-03-28 07:12:54,775: +SUB [/autopilot/status] /independent_transit http://copter131:34162/
[rosmaster.master][INFO] 2019-03-28 07:12:54,784: +SUB [/safety/payload_attitude] /safety http://copter131:34817/
[rosmaster.master][INFO] 2019-03-28 07:12:54,796: +PUB [/safety/payload_waypoint] /independent_transit http://copter131:34162/
[rosmaster.master][INFO] 2019-03-28 07:12:54,819: +SUB [/autopilot/status] /smart_shooter http://copter131:44306/
[rosmaster.master][INFO] 2019-03-28 07:12:54,821: +SUB [/autopilot/mode] /autopilot http://copter131:57137/
[rosmaster.master][INFO] 2019-03-28 07:12:54,831: +PUB [/safety/payload_waypoint] /smart_shooter http://copter131:44306/
[rosmaster.master][INFO] 2019-03-28 07:12:54,832: publisherUpdate[/safety/payload_waypoint] -> http://copter131:34817/
[rosmaster.master][INFO] 2019-03-28 07:12:54,839: publisherUpdate[/safety/payload_waypoint] -> http://copter131:34817/
[rosmaster.master][INFO] 2019-03-28 07:12:54,844: +SUB [/autopilot/status] /simple_ground_attack http://copter131:42409/
[rosmaster.master][INFO] 2019-03-28 07:12:54,861: +SUB [/swarm_control/subswarm_id] /swarm_tracker http://copter131:42489/
[rosmaster.master][INFO] 2019-03-28 07:12:54,865: +SUB [/swarm_control/ap_intent] /patrol_box http://copter131:57095/
[rosmaster.master][INFO] 2019-03-28 07:12:54,876: +SUB [/swarm_control/subswarm_id] /independent_transit http://copter131:34162/
[rosmaster.master][INFO] 2019-03-28 07:12:54,908: +SUB [/autopilot/guided_goto] /autopilot http://copter131:57137/
[rosmaster.master][INFO] 2019-03-28 07:12:54,934: +SUB [/swarm_control/subswarm_id] /simple_ground_attack http://copter131:42409/
[rosmaster.master][INFO] 2019-03-28 07:12:54,959: +SUB [/swarm_control/swarm_state] /swarm_tracker http://copter131:42489/
[rosmaster.master][INFO] 2019-03-28 07:12:54,975: +SUB [/network/recv_swarm_data] /patrol_box http://copter131:57095/
[rosmaster.master][INFO] 2019-03-28 07:12:54,985: +SUB [/network/swarm_sub_behavior] /network http://copter131:37097/
[rosmaster.master][INFO] 2019-03-28 07:12:54,991: +PUB [/swarm_control/behavior_status] /patrol_box http://copter131:57095/
[rosmaster.master][INFO] 2019-03-28 07:12:54,993: +PUB [/safety/payload_waypoint] /tactic_interface http://copter131:60660/
[rosmaster.master][INFO] 2019-03-28 07:12:55,001: +SUB [/autopilot/waypoint_goto] /autopilot http://copter131:57137/
[rosmaster.master][INFO] 2019-03-28 07:12:55,002: +PUB [/network/send_swarm_behavior_data] /patrol_box http://copter131:57095/
[rosmaster.master][INFO] 2019-03-28 07:12:55,004: +SUB [/autopilot/status] /tactic_interface http://copter131:60660/
[rosmaster.master][INFO] 2019-03-28 07:12:55,017: +SERVICE [/patrol_box/set] /patrol_box http://copter131:57095/
[rosmaster.master][INFO] 2019-03-28 07:12:55,022: +PUB [/rosout] /patrol_box_shooter http://copter131:48029/
[rosmaster.master][INFO] 2019-03-28 07:12:55,028: +SUB [/swarm_control/ap_intent] /simple_ground_attack http://copter131:42409/
[rosmaster.master][INFO] 2019-03-28 07:12:55,031: +SERVICE [/patrol_box/run] /patrol_box http://copter131:57095/
[rosmaster.master][INFO] 2019-03-28 07:12:55,036: publisherUpdate[/safety/payload_waypoint] -> http://copter131:34817/
[rosmaster.master][INFO] 2019-03-28 07:12:55,040: publisherUpdate[/rosout] -> http://copter131:37039/
[rosmaster.master][INFO] 2019-03-28 07:12:55,049: +SERVICE [/patrol_box/pause] /patrol_box http://copter131:57095/
[rosmaster.master][INFO] 2019-03-28 07:12:55,057: +SUB [/swarm_control/swarm_behavior] /swarm_tracker http://copter131:42489/
[rosmaster.master][INFO] 2019-03-28 07:12:55,062: +SERVICE [/patrol_box_shooter/get_loggers] /patrol_box_shooter http://copter131:48029/
[rosmaster.master][INFO] 2019-03-28 07:12:55,068: +PUB [/safety/payload_waypoint] /greedy_shooter http://copter131:58390/
[rosmaster.master][INFO] 2019-03-28 07:12:55,074: +SUB [/swarm_control/behavior_summary] /network http://copter131:37097/
[rosmaster.master][INFO] 2019-03-28 07:12:55,076: +SERVICE [/patrol_box_shooter/set_logger_level] /patrol_box_shooter http://copter131:48029/
[rosmaster.master][INFO] 2019-03-28 07:12:55,079: +SUB [/autopilot/status] /greedy_shooter http://copter131:58390/
[rosmaster.master][INFO] 2019-03-28 07:12:55,087: +PUB [/rosout] /tactic_interface http://copter131:60660/
[rosmaster.master][INFO] 2019-03-28 07:12:55,108: +SERVICE [/tactic_interface/get_loggers] /tactic_interface http://copter131:60660/
[rosmaster.master][INFO] 2019-03-28 07:12:55,109: +SUB [/network/recv_swarm_data] /simple_ground_attack http://copter131:42409/
[rosmaster.master][INFO] 2019-03-28 07:12:55,119: +SERVICE [/tactic_interface/set_logger_level] /tactic_interface http://copter131:60660/
[rosmaster.master][INFO] 2019-03-28 07:12:55,121: +PUB [/swarm_control/behavior_status] /simple_ground_attack http://copter131:42409/
[rosmaster.master][INFO] 2019-03-28 07:12:55,123: +SUB [/autopilot/status] /swarm_tracker http://copter131:42489/
[rosmaster.master][INFO] 2019-03-28 07:12:55,126: +SUB [/autopilot/acs_pose] /patrol_box http://copter131:57095/
[rosmaster.master][INFO] 2019-03-28 07:12:55,132: +PUB [/network/send_swarm_behavior_data] /simple_ground_attack http://copter131:42409/
[rosmaster.master][INFO] 2019-03-28 07:12:55,134: +SUB [/autopilot/status] /network http://copter131:37097/
[rosmaster.master][INFO] 2019-03-28 07:12:55,136: +PUB [/swarm_tracker/swarm_uav_states] /swarm_tracker http://copter131:42489/
[rosmaster.master][INFO] 2019-03-28 07:12:55,142: +SERVICE [/simple_ground_attack/set] /simple_ground_attack http://copter131:42409/
[rosmaster.master][INFO] 2019-03-28 07:12:55,143: publisherUpdate[/safety/payload_waypoint] -> http://copter131:34817/
[rosmaster.master][INFO] 2019-03-28 07:12:55,146: publisherUpdate[/rosout] -> http://copter131:37039/
[rosmaster.master][INFO] 2019-03-28 07:12:55,156: +SERVICE [/simple_ground_attack/run] /simple_ground_attack http://copter131:42409/
[rosmaster.master][INFO] 2019-03-28 07:12:55,164: +PUB [/rosout] /greedy_shooter http://copter131:58390/
[rosmaster.master][INFO] 2019-03-28 07:12:55,168: +SUB [/autopilot/status] /patrol_box_shooter http://copter131:48029/
[rosmaster.master][INFO] 2019-03-28 07:12:55,170: +SERVICE [/simple_ground_attack/pause] /simple_ground_attack http://copter131:42409/
[rosmaster.master][INFO] 2019-03-28 07:12:55,178: +PUB [/safety/payload_waypoint] /patrol_box_shooter http://copter131:48029/
[rosmaster.master][INFO] 2019-03-28 07:12:55,181: +SUB [/swarm_control/subswarm_id] /tactic_interface http://copter131:60660/
[rosmaster.master][INFO] 2019-03-28 07:12:55,184: +SERVICE [/greedy_shooter/get_loggers] /greedy_shooter http://copter131:58390/
[rosmaster.master][INFO] 2019-03-28 07:12:55,191: +SERVICE [/greedy_shooter/set_logger_level] /greedy_shooter http://copter131:58390/
[rosmaster.master][INFO] 2019-03-28 07:12:55,193: +SUB [/autopilot/acs_pose] /network http://copter131:37097/
[rosmaster.master][INFO] 2019-03-28 07:12:55,221: +SUB [/swarm_control/subswarm_id] /patrol_box_shooter http://copter131:48029/
[rosmaster.master][INFO] 2019-03-28 07:12:55,223: +SUB [/swarm_control/ap_intent] /tactic_interface http://copter131:60660/
[rosmaster.master][INFO] 2019-03-28 07:12:55,231: +SUB [/swarm_control/subswarm_id] /greedy_shooter http://copter131:58390/
[rosmaster.master][INFO] 2019-03-28 07:12:55,233: +SUB [/swarm_control/swarm_state] /network http://copter131:37097/
[rosmaster.master][INFO] 2019-03-28 07:12:55,250: publisherUpdate[/rosout] -> http://copter131:37039/
[rosmaster.master][INFO] 2019-03-28 07:12:55,252: publisherUpdate[/safety/payload_waypoint] -> http://copter131:34817/
[rosmaster.master][INFO] 2019-03-28 07:12:55,262: +SUB [/swarm_control/ap_intent] /patrol_box_shooter http://copter131:48029/
[rosmaster.master][INFO] 2019-03-28 07:12:55,266: +SUB [/network/recv_swarm_data] /tactic_interface http://copter131:60660/
[rosmaster.master][INFO] 2019-03-28 07:12:55,270: +SUB [/swarm_control/ap_intent] /greedy_shooter http://copter131:58390/
[rosmaster.master][INFO] 2019-03-28 07:12:55,272: +PUB [/swarm_control/behavior_status] /tactic_interface http://copter131:60660/
[rosmaster.master][INFO] 2019-03-28 07:12:55,275: +SUB [/network/send_swarm_behavior_data] /network http://copter131:37097/
[rosmaster.master][INFO] 2019-03-28 07:12:55,279: +PUB [/network/send_swarm_behavior_data] /tactic_interface http://copter131:60660/
[rosmaster.master][INFO] 2019-03-28 07:12:55,287: +SERVICE [/tactic_interface/set] /tactic_interface http://copter131:60660/
[rosmaster.master][INFO] 2019-03-28 07:12:55,295: +SERVICE [/tactic_interface/run] /tactic_interface http://copter131:60660/
[rosmaster.master][INFO] 2019-03-28 07:12:55,303: +SERVICE [/tactic_interface/pause] /tactic_interface http://copter131:60660/
[rosmaster.master][INFO] 2019-03-28 07:12:55,306: +SUB [/network/recv_swarm_data] /patrol_box_shooter http://copter131:48029/
[rosmaster.master][INFO] 2019-03-28 07:12:55,313: +SUB [/network/recv_swarm_data] /greedy_shooter http://copter131:58390/
[rosmaster.master][INFO] 2019-03-28 07:12:55,315: +PUB [/swarm_control/behavior_status] /patrol_box_shooter http://copter131:48029/
[rosmaster.master][INFO] 2019-03-28 07:12:55,317: +SUB [/air_to_air/firing_reports] /network http://copter131:37097/
[rosmaster.master][INFO] 2019-03-28 07:12:55,319: +PUB [/swarm_control/behavior_status] /greedy_shooter http://copter131:58390/
[rosmaster.master][INFO] 2019-03-28 07:12:55,321: +PUB [/network/send_swarm_behavior_data] /patrol_box_shooter http://copter131:48029/
[rosmaster.master][INFO] 2019-03-28 07:12:55,324: +PUB [/network/send_swarm_behavior_data] /greedy_shooter http://copter131:58390/
[rosmaster.master][INFO] 2019-03-28 07:12:55,328: +SERVICE [/patrol_box_shooter/set] /patrol_box_shooter http://copter131:48029/
[rosmaster.master][INFO] 2019-03-28 07:12:55,330: +SERVICE [/greedy_shooter/set] /greedy_shooter http://copter131:58390/
[rosmaster.master][INFO] 2019-03-28 07:12:55,333: +SERVICE [/patrol_box_shooter/run] /patrol_box_shooter http://copter131:48029/
[rosmaster.master][INFO] 2019-03-28 07:12:55,335: +SERVICE [/greedy_shooter/run] /greedy_shooter http://copter131:58390/
[rosmaster.master][INFO] 2019-03-28 07:12:55,338: +SERVICE [/patrol_box_shooter/pause] /patrol_box_shooter http://copter131:48029/
[rosmaster.master][INFO] 2019-03-28 07:12:55,340: +PUB [/rosout] /constrained_shooter http://copter131:41632/
[rosmaster.master][INFO] 2019-03-28 07:12:55,343: +SERVICE [/greedy_shooter/pause] /greedy_shooter http://copter131:58390/
[rosmaster.master][INFO] 2019-03-28 07:12:55,350: +SUB [/network/payload_intent] /network http://copter131:37097/
[rosmaster.master][INFO] 2019-03-28 07:12:55,352: +SERVICE [/constrained_shooter/get_loggers] /constrained_shooter http://copter131:41632/
[rosmaster.master][INFO] 2019-03-28 07:12:55,354: publisherUpdate[/network/send_swarm_behavior_data] -> http://copter131:37097/
[rosmaster.master][INFO] 2019-03-28 07:12:55,356: +SERVICE [/constrained_shooter/set_logger_level] /constrained_shooter http://copter131:41632/
[rosmaster.master][INFO] 2019-03-28 07:12:55,357: publisherUpdate[/rosout] -> http://copter131:37039/
[rosmaster.master][INFO] 2019-03-28 07:12:55,361: publisherUpdate[/network/send_swarm_behavior_data] -> http://copter131:37097/
[rosmaster.master][INFO] 2019-03-28 07:12:55,371: publisherUpdate[/network/send_swarm_behavior_data] -> http://copter131:37097/
[rosmaster.master][INFO] 2019-03-28 07:12:55,391: +SUB [/autopilot/status] /constrained_shooter http://copter131:41632/
[rosmaster.master][INFO] 2019-03-28 07:12:55,394: +PUB [/safety/payload_waypoint] /constrained_shooter http://copter131:41632/
[rosmaster.master][INFO] 2019-03-28 07:12:55,404: +PUB [/rosout] /swarm_landing_sequencer http://copter131:35247/
[rosmaster.master][INFO] 2019-03-28 07:12:55,415: +SUB [/swarm_control/subswarm_id] /constrained_shooter http://copter131:41632/
[rosmaster.master][INFO] 2019-03-28 07:12:55,418: +SERVICE [/swarm_landing_sequencer/get_loggers] /swarm_landing_sequencer http://copter131:35247/
[rosmaster.master][INFO] 2019-03-28 07:12:55,419: +SUB [/autopilot/status] /linear_formation http://copter131:41743/
[rosmaster.master][INFO] 2019-03-28 07:12:55,424: +SERVICE [/swarm_landing_sequencer/set_logger_level] /swarm_landing_sequencer http://copter131:35247/
[rosmaster.master][INFO] 2019-03-28 07:12:55,426: +PUB [/safety/payload_waypoint] /linear_formation http://copter131:41743/
[rosmaster.master][INFO] 2019-03-28 07:12:55,446: +SUB [/swarm_control/ap_intent] /constrained_shooter http://copter131:41632/
[rosmaster.master][INFO] 2019-03-28 07:12:55,455: +SUB [/swarm_control/subswarm_id] /linear_formation http://copter131:41743/
[rosmaster.master][INFO] 2019-03-28 07:12:55,461: publisherUpdate[/safety/payload_waypoint] -> http://copter131:34817/
[rosmaster.master][INFO] 2019-03-28 07:12:55,465: publisherUpdate[/rosout] -> http://copter131:37039/
[rosmaster.master][INFO] 2019-03-28 07:12:55,468: +SUB [/autopilot/status] /swarm_landing_sequencer http://copter131:35247/
[rosmaster.master][INFO] 2019-03-28 07:12:55,469: publisherUpdate[/safety/payload_waypoint] -> http://copter131:34817/
[rosmaster.master][INFO] 2019-03-28 07:12:55,476: +PUB [/safety/payload_waypoint] /swarm_landing_sequencer http://copter131:35247/
[rosmaster.master][INFO] 2019-03-28 07:12:55,482: publisherUpdate[/safety/payload_waypoint] -> http://copter131:34817/
[rosmaster.master][INFO] 2019-03-28 07:12:55,484: +SUB [/network/recv_swarm_data] /constrained_shooter http://copter131:41632/
[rosmaster.master][INFO] 2019-03-28 07:12:55,490: +PUB [/swarm_control/behavior_status] /constrained_shooter http://copter131:41632/
[rosmaster.master][INFO] 2019-03-28 07:12:55,492: +SUB [/swarm_control/ap_intent] /linear_formation http://copter131:41743/
[rosmaster.master][INFO] 2019-03-28 07:12:55,496: +PUB [/network/send_swarm_behavior_data] /constrained_shooter http://copter131:41632/
[rosmaster.master][INFO] 2019-03-28 07:12:55,501: +SERVICE [/constrained_shooter/set] /constrained_shooter http://copter131:41632/
[rosmaster.master][INFO] 2019-03-28 07:12:55,508: +SERVICE [/constrained_shooter/run] /constrained_shooter http://copter131:41632/
[rosmaster.master][INFO] 2019-03-28 07:12:55,510: +SUB [/swarm_control/subswarm_id] /swarm_landing_sequencer http://copter131:35247/
[rosmaster.master][INFO] 2019-03-28 07:12:55,515: +SERVICE [/constrained_shooter/pause] /constrained_shooter http://copter131:41632/
[rosmaster.master][INFO] 2019-03-28 07:12:55,526: +SUB [/network/recv_swarm_data] /linear_formation http://copter131:41743/
[rosmaster.master][INFO] 2019-03-28 07:12:55,530: +PUB [/swarm_control/behavior_status] /linear_formation http://copter131:41743/
[rosmaster.master][INFO] 2019-03-28 07:12:55,534: +PUB [/network/send_swarm_behavior_data] /linear_formation http://copter131:41743/
[rosmaster.master][INFO] 2019-03-28 07:12:55,537: +SERVICE [/linear_formation/set] /linear_formation http://copter131:41743/
[rosmaster.master][INFO] 2019-03-28 07:12:55,539: +SUB [/swarm_control/ap_intent] /swarm_landing_sequencer http://copter131:35247/
[rosmaster.master][INFO] 2019-03-28 07:12:55,540: +SERVICE [/linear_formation/run] /linear_formation http://copter131:41743/
[rosmaster.master][INFO] 2019-03-28 07:12:55,543: +SERVICE [/linear_formation/pause] /linear_formation http://copter131:41743/
[rosmaster.master][INFO] 2019-03-28 07:12:55,554: +SUB [/network/recv_swarm_data] /swarm_landing_sequencer http://copter131:35247/
[rosmaster.master][INFO] 2019-03-28 07:12:55,557: +PUB [/swarm_control/behavior_status] /swarm_landing_sequencer http://copter131:35247/
[rosmaster.master][INFO] 2019-03-28 07:12:55,559: +PUB [/network/send_swarm_behavior_data] /swarm_landing_sequencer http://copter131:35247/
[rosmaster.master][INFO] 2019-03-28 07:12:55,562: +SERVICE [/swarm_landing_sequencer/set] /swarm_landing_sequencer http://copter131:35247/
[rosmaster.master][INFO] 2019-03-28 07:12:55,565: +SERVICE [/swarm_landing_sequencer/run] /swarm_landing_sequencer http://copter131:35247/
[rosmaster.master][INFO] 2019-03-28 07:12:55,567: +SERVICE [/swarm_landing_sequencer/pause] /swarm_landing_sequencer http://copter131:35247/
[rosmaster.master][INFO] 2019-03-28 07:12:55,571: publisherUpdate[/network/send_swarm_behavior_data] -> http://copter131:37097/
[rosmaster.master][INFO] 2019-03-28 07:12:55,575: publisherUpdate[/network/send_swarm_behavior_data] -> http://copter131:37097/
[rosmaster.master][INFO] 2019-03-28 07:12:55,578: publisherUpdate[/network/send_swarm_behavior_data] -> http://copter131:37097/
[rosmaster.master][INFO] 2019-03-28 07:12:55,708: +PUB [/rosout] /wingman http://copter131:38889/
[rosmaster.master][INFO] 2019-03-28 07:12:55,715: +SERVICE [/wingman/get_loggers] /wingman http://copter131:38889/
[rosmaster.master][INFO] 2019-03-28 07:12:55,719: +SERVICE [/wingman/set_logger_level] /wingman http://copter131:38889/
[rosmaster.master][INFO] 2019-03-28 07:12:55,743: +SUB [/autopilot/status] /wingman http://copter131:38889/
[rosmaster.master][INFO] 2019-03-28 07:12:55,746: +PUB [/safety/payload_waypoint] /wingman http://copter131:38889/
[rosmaster.master][INFO] 2019-03-28 07:12:55,759: +SUB [/swarm_control/subswarm_id] /wingman http://copter131:38889/
[rosmaster.master][INFO] 2019-03-28 07:12:55,772: +SUB [/swarm_control/ap_intent] /wingman http://copter131:38889/
[rosmaster.master][INFO] 2019-03-28 07:12:55,774: publisherUpdate[/rosout] -> http://copter131:37039/
[rosmaster.master][INFO] 2019-03-28 07:12:55,780: publisherUpdate[/safety/payload_waypoint] -> http://copter131:34817/
[rosmaster.master][INFO] 2019-03-28 07:12:55,787: +SUB [/network/recv_swarm_data] /wingman http://copter131:38889/
[rosmaster.master][INFO] 2019-03-28 07:12:55,790: +PUB [/swarm_control/behavior_status] /wingman http://copter131:38889/
[rosmaster.master][INFO] 2019-03-28 07:12:55,793: +PUB [/network/send_swarm_behavior_data] /wingman http://copter131:38889/
[rosmaster.master][INFO] 2019-03-28 07:12:55,795: +SERVICE [/wingman/set] /wingman http://copter131:38889/
[rosmaster.master][INFO] 2019-03-28 07:12:55,798: +SERVICE [/wingman/run] /wingman http://copter131:38889/
[rosmaster.master][INFO] 2019-03-28 07:12:55,800: +SERVICE [/wingman/pause] /wingman http://copter131:38889/
[rosmaster.master][INFO] 2019-03-28 07:12:55,882: publisherUpdate[/network/send_swarm_behavior_data] -> http://copter131:37097/
[rosmaster.master][INFO] 2019-03-28 07:12:55,901: +SUB [/swarm_control/subswarm_id] /smart_shooter http://copter131:44306/
[rosmaster.master][INFO] 2019-03-28 07:12:55,913: +SUB [/swarm_control/ap_intent] /independent_transit http://copter131:34162/
[rosmaster.master][INFO] 2019-03-28 07:12:55,922: +SUB [/swarm_control/ap_intent] /smart_shooter http://copter131:44306/
[rosmaster.master][INFO] 2019-03-28 07:12:55,934: +SUB [/network/recv_swarm_data] /independent_transit http://copter131:34162/
[rosmaster.master][INFO] 2019-03-28 07:12:55,938: +PUB [/swarm_control/behavior_status] /independent_transit http://copter131:34162/
[rosmaster.master][INFO] 2019-03-28 07:12:55,942: +PUB [/network/send_swarm_behavior_data] /independent_transit http://copter131:34162/
[rosmaster.master][INFO] 2019-03-28 07:12:55,943: +SUB [/network/recv_swarm_data] /smart_shooter http://copter131:44306/
[rosmaster.master][INFO] 2019-03-28 07:12:55,945: +SERVICE [/independent_transit/set] /independent_transit http://copter131:34162/
[rosmaster.master][INFO] 2019-03-28 07:12:55,947: +PUB [/swarm_control/behavior_status] /smart_shooter http://copter131:44306/
[rosmaster.master][INFO] 2019-03-28 07:12:55,949: +SERVICE [/independent_transit/run] /independent_transit http://copter131:34162/
[rosmaster.master][INFO] 2019-03-28 07:12:55,951: +PUB [/network/send_swarm_behavior_data] /smart_shooter http://copter131:44306/
[rosmaster.master][INFO] 2019-03-28 07:12:55,953: +SERVICE [/independent_transit/pause] /independent_transit http://copter131:34162/
[rosmaster.master][INFO] 2019-03-28 07:12:55,956: +SERVICE [/smart_shooter/set] /smart_shooter http://copter131:44306/
[rosmaster.master][INFO] 2019-03-28 07:12:55,961: +SERVICE [/smart_shooter/run] /smart_shooter http://copter131:44306/
[rosmaster.master][INFO] 2019-03-28 07:12:55,964: +SERVICE [/smart_shooter/pause] /smart_shooter http://copter131:44306/
[rosmaster.master][INFO] 2019-03-28 07:12:55,983: +PUB [/rosout] /pn_interceptor http://copter131:60190/
[rosmaster.master][INFO] 2019-03-28 07:12:55,986: publisherUpdate[/network/send_swarm_behavior_data] -> http://copter131:37097/
[rosmaster.master][INFO] 2019-03-28 07:12:55,986: publisherUpdate[/rosout] -> http://copter131:37039/
[rosmaster.master][INFO] 2019-03-28 07:12:55,990: publisherUpdate[/network/send_swarm_behavior_data] -> http://copter131:37097/
[rosmaster.master][INFO] 2019-03-28 07:12:55,993: +SERVICE [/pn_interceptor/get_loggers] /pn_interceptor http://copter131:60190/
[rosmaster.master][INFO] 2019-03-28 07:12:55,998: +SERVICE [/pn_interceptor/set_logger_level] /pn_interceptor http://copter131:60190/
[rosmaster.master][INFO] 2019-03-28 07:12:56,016: +SUB [/autopilot/status] /pn_interceptor http://copter131:60190/
[rosmaster.master][INFO] 2019-03-28 07:12:56,019: +PUB [/safety/payload_waypoint] /pn_interceptor http://copter131:60190/
[rosmaster.master][INFO] 2019-03-28 07:12:56,034: +SUB [/swarm_control/subswarm_id] /pn_interceptor http://copter131:60190/
[rosmaster.master][INFO] 2019-03-28 07:12:56,048: +SUB [/swarm_control/ap_intent] /pn_interceptor http://copter131:60190/
[rosmaster.master][INFO] 2019-03-28 07:12:56,061: +SUB [/network/recv_swarm_data] /pn_interceptor http://copter131:60190/
[rosmaster.master][INFO] 2019-03-28 07:12:56,065: +PUB [/swarm_control/behavior_status] /pn_interceptor http://copter131:60190/
[rosmaster.master][INFO] 2019-03-28 07:12:56,068: +PUB [/network/send_swarm_behavior_data] /pn_interceptor http://copter131:60190/
[rosmaster.master][INFO] 2019-03-28 07:12:56,072: +SERVICE [/pn_interceptor/set] /pn_interceptor http://copter131:60190/
[rosmaster.master][INFO] 2019-03-28 07:12:56,073: +SUB [/autopilot/heartbeat_onboard] /autopilot http://copter131:57137/
[rosmaster.master][INFO] 2019-03-28 07:12:56,076: +SERVICE [/pn_interceptor/run] /pn_interceptor http://copter131:60190/
[rosmaster.master][INFO] 2019-03-28 07:12:56,079: +SERVICE [/pn_interceptor/pause] /pn_interceptor http://copter131:60190/
[rosmaster.master][INFO] 2019-03-28 07:12:56,088: publisherUpdate[/safety/payload_waypoint] -> http://copter131:34817/
[rosmaster.master][INFO] 2019-03-28 07:12:56,092: +SUB [/autopilot/heartbeat_ground] /autopilot http://copter131:57137/
[rosmaster.master][INFO] 2019-03-28 07:12:56,094: publisherUpdate[/network/send_swarm_behavior_data] -> http://copter131:37097/
[rosmaster.master][INFO] 2019-03-28 07:12:56,101: +PUB [/rosout] /evader http://copter131:42398/
[rosmaster.master][INFO] 2019-03-28 07:12:56,113: +SERVICE [/evader/get_loggers] /evader http://copter131:42398/
[rosmaster.master][INFO] 2019-03-28 07:12:56,117: +SERVICE [/evader/set_logger_level] /evader http://copter131:42398/
[rosmaster.master][INFO] 2019-03-28 07:12:56,121: +SUB [/autopilot/mode_num] /autopilot http://copter131:57137/
[rosmaster.master][INFO] 2019-03-28 07:12:56,140: +SUB [/autopilot/status] /evader http://copter131:42398/
[rosmaster.master][INFO] 2019-03-28 07:12:56,142: +SUB [/autopilot/set_landing] /autopilot http://copter131:57137/
[rosmaster.master][INFO] 2019-03-28 07:12:56,144: +PUB [/safety/payload_waypoint] /evader http://copter131:42398/
[rosmaster.master][INFO] 2019-03-28 07:12:56,162: +SUB [/autopilot/payload_waypoint] /autopilot http://copter131:57137/
[rosmaster.master][INFO] 2019-03-28 07:12:56,164: +SUB [/swarm_control/subswarm_id] /evader http://copter131:42398/
[rosmaster.master][INFO] 2019-03-28 07:12:56,182: +SUB [/swarm_control/ap_intent] /evader http://copter131:42398/
[rosmaster.master][INFO] 2019-03-28 07:12:56,188: +SUB [/autopilot/reboot] /autopilot http://copter131:57137/
[rosmaster.master][INFO] 2019-03-28 07:12:56,196: publisherUpdate[/rosout] -> http://copter131:37039/
[rosmaster.master][INFO] 2019-03-28 07:12:56,199: publisherUpdate[/safety/payload_waypoint] -> http://copter131:34817/
[rosmaster.master][INFO] 2019-03-28 07:12:56,208: +SUB [/network/recv_swarm_data] /evader http://copter131:42398/
[rosmaster.master][INFO] 2019-03-28 07:12:56,212: +PUB [/swarm_control/behavior_status] /evader http://copter131:42398/
[rosmaster.master][INFO] 2019-03-28 07:12:56,217: +PUB [/network/send_swarm_behavior_data] /evader http://copter131:42398/
[rosmaster.master][INFO] 2019-03-28 07:12:56,219: +SUB [/autopilot/weather_update] /autopilot http://copter131:57137/
[rosmaster.master][INFO] 2019-03-28 07:12:56,224: +SERVICE [/evader/set] /evader http://copter131:42398/
[rosmaster.master][INFO] 2019-03-28 07:12:56,228: +SERVICE [/evader/run] /evader http://copter131:42398/
[rosmaster.master][INFO] 2019-03-28 07:12:56,231: +SERVICE [/evader/pause] /evader http://copter131:42398/
[rosmaster.master][INFO] 2019-03-28 07:12:56,240: +SUB [/autopilot/copter_takeoff] /autopilot http://copter131:57137/
[rosmaster.master][INFO] 2019-03-28 07:12:56,246: +SERVICE [/autopilot/cal_pressure] /autopilot http://copter131:57137/
[rosmaster.master][INFO] 2019-03-28 07:12:56,247: +SUB [/autopilot/acs_pose] /evader http://copter131:42398/
[rosmaster.master][INFO] 2019-03-28 07:12:56,249: +SERVICE [/autopilot/cal_gyros] /autopilot http://copter131:57137/
[rosmaster.master][INFO] 2019-03-28 07:12:56,252: +SERVICE [/autopilot/demo_servos] /autopilot http://copter131:57137/
[rosmaster.master][INFO] 2019-03-28 07:12:56,255: +SERVICE [/autopilot/demo_motor] /autopilot http://copter131:57137/
[rosmaster.master][INFO] 2019-03-28 07:12:56,259: +SERVICE [/autopilot/version] /autopilot http://copter131:57137/
[rosmaster.master][INFO] 2019-03-28 07:12:56,265: +SERVICE [/autopilot/load_param] /autopilot http://copter131:57137/
[rosmaster.master][INFO] 2019-03-28 07:12:56,266: +SUB [/hit_tracker/hit_uavs] /evader http://copter131:42398/
[rosmaster.master][INFO] 2019-03-28 07:12:56,268: +SERVICE [/autopilot/load_fence] /autopilot http://copter131:57137/
[rosmaster.master][INFO] 2019-03-28 07:12:56,275: +SERVICE [/autopilot/load_rally] /autopilot http://copter131:57137/
[rosmaster.master][INFO] 2019-03-28 07:12:56,278: +SERVICE [/autopilot/load_wp] /autopilot http://copter131:57137/
[rosmaster.master][INFO] 2019-03-28 07:12:56,285: +SERVICE [/autopilot/fpr_param_get] /autopilot http://copter131:57137/
[rosmaster.master][INFO] 2019-03-28 07:12:56,288: +SERVICE [/autopilot/fpr_param_getlist] /autopilot http://copter131:57137/
[rosmaster.master][INFO] 2019-03-28 07:12:56,291: +SERVICE [/autopilot/fpr_param_set] /autopilot http://copter131:57137/
[rosmaster.master][INFO] 2019-03-28 07:12:56,294: +SERVICE [/autopilot/fpr_param_setlist] /autopilot http://copter131:57137/
[rosmaster.master][INFO] 2019-03-28 07:12:56,297: +SERVICE [/autopilot/fpr_fence_getall] /autopilot http://copter131:57137/
[rosmaster.master][INFO] 2019-03-28 07:12:56,300: +SERVICE [/autopilot/fpr_fence_setall] /autopilot http://copter131:57137/
[rosmaster.master][INFO] 2019-03-28 07:12:56,300: publisherUpdate[/network/send_swarm_behavior_data] -> http://copter131:37097/
[rosmaster.master][INFO] 2019-03-28 07:12:56,303: +SERVICE [/autopilot/fpr_rally_getall] /autopilot http://copter131:57137/
[rosmaster.master][INFO] 2019-03-28 07:12:56,306: +SERVICE [/autopilot/fpr_rally_setall] /autopilot http://copter131:57137/
[rosmaster.master][INFO] 2019-03-28 07:12:56,312: +SERVICE [/autopilot/slave_setup] /autopilot http://copter131:57137/
[rosmaster.master][INFO] 2019-03-28 07:12:56,317: +SERVICE [/autopilot/wp_getall] /autopilot http://copter131:57137/
[rosmaster.master][INFO] 2019-03-28 07:12:56,320: +SERVICE [/autopilot/wp_getrange] /autopilot http://copter131:57137/
[rosmaster.master][INFO] 2019-03-28 07:12:56,322: +SERVICE [/autopilot/wp_getlast] /autopilot http://copter131:57137/
[rosmaster.master][INFO] 2019-03-28 07:12:56,325: +SERVICE [/autopilot/wp_setall] /autopilot http://copter131:57137/
[rosmaster.master][INFO] 2019-03-28 07:12:56,330: +SERVICE [/autopilot/ap_msg_queue_last_n] /autopilot http://copter131:57137/
[rosmaster.master][INFO] 2019-03-28 07:12:56,349: +PUB [/autopilot/acs_pose] /autopilot http://copter131:57137/
[rosmaster.master][INFO] 2019-03-28 07:12:56,359: +PUB [/autopilot/gps] /autopilot http://copter131:57137/
[rosmaster.master][INFO] 2019-03-28 07:12:56,367: +PUB [/autopilot/gps_odom] /autopilot http://copter131:57137/
[rosmaster.master][INFO] 2019-03-28 07:12:56,386: +SUB [/swarm_tracker/swarm_uav_states] /swarm_control http://copter131:36219/
[rosmaster.master][INFO] 2019-03-28 07:12:56,388: +PUB [/autopilot/imu] /autopilot http://copter131:57137/
[rosmaster.master][INFO] 2019-03-28 07:12:56,394: +SUB [/swarm_tracker/swarm_uav_states] /safety http://copter131:34817/
[rosmaster.master][INFO] 2019-03-28 07:12:56,397: +SERVICE [/safety/set_health_state] /safety http://copter131:34817/
[rosmaster.master][INFO] 2019-03-28 07:12:56,404: publisherUpdate[/autopilot/acs_pose] -> http://copter131:34817/
[rosmaster.master][INFO] 2019-03-28 07:12:56,405: publisherUpdate[/autopilot/acs_pose] -> http://copter131:42489/
[rosmaster.master][INFO] 2019-03-28 07:12:56,407: publisherUpdate[/autopilot/acs_pose] -> http://copter131:34141/
[rosmaster.master][INFO] 2019-03-28 07:12:56,415: publisherUpdate[/autopilot/acs_pose] -> http://copter131:57095/
[rosmaster.master][INFO] 2019-03-28 07:12:56,417: publisherUpdate[/autopilot/acs_pose] -> http://copter131:37097/
[rosmaster.master][INFO] 2019-03-28 07:12:56,417: publisherUpdate[/autopilot/acs_pose] -> http://copter131:42398/
[rosmaster.master][INFO] 2019-03-28 07:12:56,428: +SUB [/swarm_control/behavior_status] /swarm_control http://copter131:36219/
[rosmaster.master][INFO] 2019-03-28 07:12:56,480: +PUB [/autopilot/waypoint_goto] /linear_formation http://copter131:41743/
[rosmaster.master][INFO] 2019-03-28 07:12:56,488: +SUB [/autopilot/acs_pose] /wingman http://copter131:38889/
[rosmaster.master][INFO] 2019-03-28 07:12:56,499: +SUB [/autopilot/status] /swarm_control http://copter131:36219/
[rosmaster.master][INFO] 2019-03-28 07:12:56,505: +PUB [/autopilot/status] /autopilot http://copter131:57137/
[rosmaster.master][INFO] 2019-03-28 07:12:56,513: +SUB [/autopilot/acs_pose] /constrained_shooter http://copter131:41632/
[rosmaster.master][INFO] 2019-03-28 07:12:56,517: +PUB [/autopilot/waypoint_goto] /swarm_landing_sequencer http://copter131:35247/
[rosmaster.master][INFO] 2019-03-28 07:12:56,525: publisherUpdate[/autopilot/waypoint_goto] -> http://copter131:57137/
[rosmaster.master][INFO] 2019-03-28 07:12:56,527: publisherUpdate[/autopilot/status] -> http://copter131:40974/
[rosmaster.master][INFO] 2019-03-28 07:12:56,530: publisherUpdate[/autopilot/status] -> http://copter131:57095/
[rosmaster.master][INFO] 2019-03-28 07:12:56,531: publisherUpdate[/autopilot/status] -> http://copter131:34162/
[rosmaster.master][INFO] 2019-03-28 07:12:56,535: publisherUpdate[/autopilot/status] -> http://copter131:44306/
[rosmaster.master][INFO] 2019-03-28 07:12:56,540: publisherUpdate[/autopilot/status] -> http://copter131:42409/
[rosmaster.master][INFO] 2019-03-28 07:12:56,546: publisherUpdate[/autopilot/status] -> http://copter131:58390/
[rosmaster.master][INFO] 2019-03-28 07:12:56,548: publisherUpdate[/autopilot/status] -> http://copter131:60660/
[rosmaster.master][INFO] 2019-03-28 07:12:56,555: publisherUpdate[/autopilot/status] -> http://copter131:42489/
[rosmaster.master][INFO] 2019-03-28 07:12:56,556: publisherUpdate[/autopilot/status] -> http://copter131:37097/
[rosmaster.master][INFO] 2019-03-28 07:12:56,559: publisherUpdate[/autopilot/status] -> http://copter131:48029/
[rosmaster.master][INFO] 2019-03-28 07:12:56,569: publisherUpdate[/autopilot/status] -> http://copter131:41632/
[rosmaster.master][INFO] 2019-03-28 07:12:56,570: publisherUpdate[/autopilot/status] -> http://copter131:41743/
[rosmaster.master][INFO] 2019-03-28 07:12:56,570: publisherUpdate[/autopilot/status] -> http://copter131:35247/
[rosmaster.master][INFO] 2019-03-28 07:12:56,578: publisherUpdate[/autopilot/status] -> http://copter131:38889/
[rosmaster.master][INFO] 2019-03-28 07:12:56,581: publisherUpdate[/autopilot/status] -> http://copter131:60190/
[rosmaster.master][INFO] 2019-03-28 07:12:56,584: publisherUpdate[/autopilot/status] -> http://copter131:42398/
[rosmaster.master][INFO] 2019-03-28 07:12:56,590: publisherUpdate[/autopilot/status] -> http://copter131:36219/
[rosmaster.master][INFO] 2019-03-28 07:12:56,592: publisherUpdate[/autopilot/waypoint_goto] -> http://copter131:57137/
[rosmaster.master][INFO] 2019-03-28 07:12:56,609: +SUB [/hit_tracker/hit_uavs] /wingman http://copter131:38889/
[rosmaster.master][INFO] 2019-03-28 07:12:56,619: +SUB [/network/recv_swarm_data] /swarm_control http://copter131:36219/
[rosmaster.master][INFO] 2019-03-28 07:12:56,625: +PUB [/autopilot/waypoint_goto] /wingman http://copter131:38889/
[rosmaster.master][INFO] 2019-03-28 07:12:56,635: +SUB [/hit_tracker/hit_uavs] /constrained_shooter http://copter131:41632/
[rosmaster.master][INFO] 2019-03-28 07:12:56,646: +PUB [/air_to_air/firing_reports] /wingman http://copter131:38889/
[rosmaster.master][INFO] 2019-03-28 07:12:56,662: +SUB [/autopilot/acs_pose] /tactic_interface http://copter131:60660/
[rosmaster.master][INFO] 2019-03-28 07:12:56,672: +SUB [/autopilot/acs_pose] /patrol_box_shooter http://copter131:48029/
[rosmaster.master][INFO] 2019-03-28 07:12:56,683: +SUB [/network/net_reset] /swarm_control http://copter131:36219/
[rosmaster.master][INFO] 2019-03-28 07:12:56,689: +PUB [/swarm_control/subswarm_id] /swarm_control http://copter131:36219/
[rosmaster.master][INFO] 2019-03-28 07:12:56,693: publisherUpdate[/autopilot/waypoint_goto] -> http://copter131:57137/
[rosmaster.master][INFO] 2019-03-28 07:12:56,697: +PUB [/swarm_control/swarm_state] /swarm_control http://copter131:36219/
[rosmaster.master][INFO] 2019-03-28 07:12:56,698: publisherUpdate[/air_to_air/firing_reports] -> http://copter131:37097/
[rosmaster.master][INFO] 2019-03-28 07:12:56,700: publisherUpdate[/swarm_control/subswarm_id] -> http://copter131:57095/
[rosmaster.master][INFO] 2019-03-28 07:12:56,704: publisherUpdate[/swarm_control/subswarm_id] -> http://copter131:37097/
[rosmaster.master][INFO] 2019-03-28 07:12:56,704: publisherUpdate[/swarm_control/subswarm_id] -> http://copter131:42489/
[rosmaster.master][INFO] 2019-03-28 07:12:56,708: +SUB [/hit_tracker/hit_uavs] /tactic_interface http://copter131:60660/
[rosmaster.master][INFO] 2019-03-28 07:12:56,712: publisherUpdate[/swarm_control/subswarm_id] -> http://copter131:34162/
[rosmaster.master][INFO] 2019-03-28 07:12:56,716: publisherUpdate[/swarm_control/subswarm_id] -> http://copter131:42409/
[rosmaster.master][INFO] 2019-03-28 07:12:56,716: publisherUpdate[/swarm_control/subswarm_id] -> http://copter131:60660/
[rosmaster.master][INFO] 2019-03-28 07:12:56,719: +PUB [/swarm_control/swarm_behavior] /swarm_control http://copter131:36219/
[rosmaster.master][INFO] 2019-03-28 07:12:56,725: publisherUpdate[/swarm_control/subswarm_id] -> http://copter131:48029/
[rosmaster.master][INFO] 2019-03-28 07:12:56,727: publisherUpdate[/swarm_control/subswarm_id] -> http://copter131:58390/
[rosmaster.master][INFO] 2019-03-28 07:12:56,729: publisherUpdate[/swarm_control/subswarm_id] -> http://copter131:41632/
[rosmaster.master][INFO] 2019-03-28 07:12:56,735: publisherUpdate[/swarm_control/subswarm_id] -> http://copter131:41743/
[rosmaster.master][INFO] 2019-03-28 07:12:56,736: publisherUpdate[/swarm_control/subswarm_id] -> http://copter131:35247/
[rosmaster.master][INFO] 2019-03-28 07:12:56,739: publisherUpdate[/swarm_control/subswarm_id] -> http://copter131:38889/
[rosmaster.master][INFO] 2019-03-28 07:12:56,743: publisherUpdate[/swarm_control/subswarm_id] -> http://copter131:44306/
[rosmaster.master][INFO] 2019-03-28 07:12:56,745: publisherUpdate[/swarm_control/subswarm_id] -> http://copter131:60190/
[rosmaster.master][INFO] 2019-03-28 07:12:56,747: publisherUpdate[/swarm_control/subswarm_id] -> http://copter131:42398/
[rosmaster.master][INFO] 2019-03-28 07:12:56,754: publisherUpdate[/swarm_control/swarm_state] -> http://copter131:42489/
[rosmaster.master][INFO] 2019-03-28 07:12:56,755: publisherUpdate[/swarm_control/swarm_state] -> http://copter131:37097/
[rosmaster.master][INFO] 2019-03-28 07:12:56,758: publisherUpdate[/swarm_control/ap_intent] -> http://copter131:57095/
[rosmaster.master][INFO] 2019-03-28 07:12:56,759: +PUB [/swarm_control/ap_intent] /swarm_control http://copter131:36219/
[rosmaster.master][INFO] 2019-03-28 07:12:56,761: +SUB [/hit_tracker/hit_uavs] /patrol_box_shooter http://copter131:48029/
[rosmaster.master][INFO] 2019-03-28 07:12:56,765: publisherUpdate[/swarm_control/swarm_behavior] -> http://copter131:42489/
[rosmaster.master][INFO] 2019-03-28 07:12:56,768: publisherUpdate[/swarm_control/ap_intent] -> http://copter131:42409/
[rosmaster.master][INFO] 2019-03-28 07:12:56,769: publisherUpdate[/swarm_control/swarm_behavior] -> http://copter131:37097/
[rosmaster.master][INFO] 2019-03-28 07:12:56,773: +PUB [/air_to_air/firing_reports] /patrol_box_shooter http://copter131:48029/
[rosmaster.master][INFO] 2019-03-28 07:12:56,776: publisherUpdate[/swarm_control/ap_intent] -> http://copter131:60660/
[rosmaster.master][INFO] 2019-03-28 07:12:56,777: publisherUpdate[/swarm_control/ap_intent] -> http://copter131:48029/
[rosmaster.master][INFO] 2019-03-28 07:12:56,780: publisherUpdate[/swarm_control/ap_intent] -> http://copter131:58390/
[rosmaster.master][INFO] 2019-03-28 07:12:56,786: publisherUpdate[/swarm_control/ap_intent] -> http://copter131:41632/
[rosmaster.master][INFO] 2019-03-28 07:12:56,787: publisherUpdate[/swarm_control/ap_intent] -> http://copter131:41743/
[rosmaster.master][INFO] 2019-03-28 07:12:56,788: publisherUpdate[/swarm_control/ap_intent] -> http://copter131:35247/
[rosmaster.master][INFO] 2019-03-28 07:12:56,793: +PUB [/autopilot/waypoint_goto] /swarm_control http://copter131:36219/
[rosmaster.master][INFO] 2019-03-28 07:12:56,796: publisherUpdate[/swarm_control/ap_intent] -> http://copter131:38889/
[rosmaster.master][INFO] 2019-03-28 07:12:56,798: publisherUpdate[/swarm_control/ap_intent] -> http://copter131:34162/
[rosmaster.master][INFO] 2019-03-28 07:12:56,801: publisherUpdate[/swarm_control/ap_intent] -> http://copter131:44306/
[rosmaster.master][INFO] 2019-03-28 07:12:56,802: +PUB [/patrol_box_shooter/send_swarm_behavior_data] /patrol_box_shooter http://copter131:48029/
[rosmaster.master][INFO] 2019-03-28 07:12:56,806: publisherUpdate[/swarm_control/ap_intent] -> http://copter131:42398/
[rosmaster.master][INFO] 2019-03-28 07:12:56,805: publisherUpdate[/swarm_control/ap_intent] -> http://copter131:60190/
[rosmaster.master][INFO] 2019-03-28 07:12:56,813: publisherUpdate[/air_to_air/firing_reports] -> http://copter131:37097/
[rosmaster.master][INFO] 2019-03-28 07:12:56,816: publisherUpdate[/autopilot/waypoint_goto] -> http://copter131:57137/
[rosmaster.master][INFO] 2019-03-28 07:12:56,828: +PUB [/swarm_control/behavior_summary] /swarm_control http://copter131:36219/
[rosmaster.master][INFO] 2019-03-28 07:12:56,838: +SUB [/network/net_reset] /tactic_interface http://copter131:60660/
[rosmaster.master][INFO] 2019-03-28 07:12:56,840: +PUB [/autopilot/mode_num] /swarm_control http://copter131:36219/
[rosmaster.master][INFO] 2019-03-28 07:12:56,847: +PUB [/air_to_air/firing_reports] /tactic_interface http://copter131:60660/
[rosmaster.master][INFO] 2019-03-28 07:12:56,851: +PUB [/autopilot/waypoint_goto] /tactic_interface http://copter131:60660/
[rosmaster.master][INFO] 2019-03-28 07:12:56,858: +PUB [/network/swarm_sub_behavior] /tactic_interface http://copter131:60660/
[rosmaster.master][INFO] 2019-03-28 07:12:56,862: +SUB [/autopilot/acs_pose] /greedy_shooter http://copter131:58390/
[rosmaster.master][INFO] 2019-03-28 07:12:56,892: +SUB [/hit_tracker/hit_uavs] /greedy_shooter http://copter131:58390/
[rosmaster.master][INFO] 2019-03-28 07:12:56,895: +PARAM [/subswarm_id] by /swarm_tracker
[rosmaster.master][INFO] 2019-03-28 07:12:56,912: +SUB [/network/net_reset] /greedy_shooter http://copter131:58390/
[rosmaster.master][INFO] 2019-03-28 07:12:56,918: +PUB [/air_to_air/firing_reports] /greedy_shooter http://copter131:58390/
[rosmaster.master][INFO] 2019-03-28 07:12:56,919: publisherUpdate[/swarm_control/behavior_summary] -> http://copter131:37097/
[rosmaster.master][INFO] 2019-03-28 07:12:56,919: publisherUpdate[/autopilot/mode_num] -> http://copter131:57137/
[rosmaster.master][INFO] 2019-03-28 07:12:56,922: +PUB [/autopilot/waypoint_goto] /greedy_shooter http://copter131:58390/
[rosmaster.master][INFO] 2019-03-28 07:12:56,925: publisherUpdate[/air_to_air/firing_reports] -> http://copter131:37097/
[rosmaster.master][INFO] 2019-03-28 07:12:56,928: publisherUpdate[/autopilot/waypoint_goto] -> http://copter131:57137/
[rosmaster.master][INFO] 2019-03-28 07:12:56,933: publisherUpdate[/network/swarm_sub_behavior] -> http://copter131:37097/
[rosmaster.master][INFO] 2019-03-28 07:12:56,935: publisherUpdate[/autopilot/waypoint_goto] -> http://copter131:57137/
[rosmaster.master][INFO] 2019-03-28 07:12:56,940: publisherUpdate[/air_to_air/firing_reports] -> http://copter131:37097/
[rosmaster.master][INFO] 2019-03-28 07:12:57,597: +SUB [/autopilot/acs_pose] /smart_shooter http://copter131:44306/
[rosmaster.master][INFO] 2019-03-28 07:12:57,612: +SUB [/hit_tracker/hit_uavs] /smart_shooter http://copter131:44306/
[rosmaster.master][INFO] 2019-03-28 07:12:57,616: +PUB [/air_to_air/firing_reports] /smart_shooter http://copter131:44306/
[rosmaster.master][INFO] 2019-03-28 07:12:57,627: publisherUpdate[/air_to_air/firing_reports] -> http://copter131:37097/
[rosmaster.master][INFO] 2019-03-28 07:12:57,640: +PUB [/air_to_air/firing_reports] /constrained_shooter http://copter131:41632/
[rosmaster.master][INFO] 2019-03-28 07:12:57,646: publisherUpdate[/air_to_air/firing_reports] -> http://copter131:37097/
[rosmaster.master][INFO] 2019-03-28 07:14:46,911: +PUB [/rosout] /rostopic_13145_1553782486760 http://copter131:33020/
[rosmaster.master][INFO] 2019-03-28 07:14:46,923: +SERVICE [/rostopic_13145_1553782486760/get_loggers] /rostopic_13145_1553782486760 http://copter131:33020/
[rosmaster.master][INFO] 2019-03-28 07:14:46,928: +SERVICE [/rostopic_13145_1553782486760/set_logger_level] /rostopic_13145_1553782486760 http://copter131:33020/
[rosmaster.master][INFO] 2019-03-28 07:14:46,974: publisherUpdate[/rosout] -> http://copter131:37039/
[rosmaster.master][INFO] 2019-03-28 07:14:47,002: +SUB [/tactic_interface/radiation] /rostopic_13145_1553782486760 http://copter131:33020/
[rosmaster.master][INFO] 2019-03-28 07:14:49,861: -SUB [/tactic_interface/radiation] /rostopic_13145_1553782486760 http://copter131:33020/
[rosmaster.master][INFO] 2019-03-28 07:14:49,862: -PUB [/rosout] /rostopic_13145_1553782486760 http://copter131:33020/
[rosmaster.master][INFO] 2019-03-28 07:14:49,862: -SERVICE [/rostopic_13145_1553782486760/get_loggers] /rostopic_13145_1553782486760 rosrpc://copter131:49862
[rosmaster.master][INFO] 2019-03-28 07:14:49,864: -SERVICE [/rostopic_13145_1553782486760/set_logger_level] /rostopic_13145_1553782486760 rosrpc://copter131:49862
[rosmaster.master][INFO] 2019-03-28 07:14:49,892: publisherUpdate[/rosout] -> http://copter131:37039/
