[rospy.client][INFO] 2019-03-28 07:12:54,585: init_node, name[/wingman], pid[3105]
[xmlrpc][INFO] 2019-03-28 07:12:54,598: XML-RPC server binding to 0.0.0.0:0
[rospy.init][INFO] 2019-03-28 07:12:54,604: ROS Slave URI: [http://copter131:38889/]
[xmlrpc][INFO] 2019-03-28 07:12:54,604: Started XML-RPC server [http://copter131:38889/]
[rospy.impl.masterslave][INFO] 2019-03-28 07:12:54,605: _ready: http://copter131:38889/
[xmlrpc][INFO] 2019-03-28 07:12:54,608: xml rpc node: starting XML-RPC server
[rospy.registration][INFO] 2019-03-28 07:12:54,610: Registering with master node http://localhost:11311
[rospy.init][INFO] 2019-03-28 07:12:54,705: registered with master
[rospy.rosout][INFO] 2019-03-28 07:12:54,706: initializing /rosout core topic
[rospy.rosout][INFO] 2019-03-28 07:12:55,710: connected to core topic /rosout
[rospy.simtime][INFO] 2019-03-28 07:12:55,713: /use_sim_time is not set, will not subscribe to simulated time [/clock] topic
[rospy.internal][INFO] 2019-03-28 07:12:55,833: topic[/safety/payload_waypoint] adding connection to [/safety], count 0
[rospy.internal][INFO] 2019-03-28 07:12:55,885: topic[/rosout] adding connection to [/rosout], count 0
[rospy.internal][INFO] 2019-03-28 07:12:55,929: topic[/network/send_swarm_behavior_data] adding connection to [/network], count 0
[rospy.internal][INFO] 2019-03-28 07:12:56,503: topic[/swarm_control/behavior_status] adding connection to [/swarm_control], count 0
[rospy.internal][INFO] 2019-03-28 07:12:56,520: topic[/autopilot/acs_pose] adding connection to [http://copter131:57137/], count 0
[rospy.internal][INFO] 2019-03-28 07:12:56,637: topic[/hit_tracker/hit_uavs] adding connection to [http://copter131:56714/], count 0
[rospy.internal][INFO] 2019-03-28 07:12:56,648: topic[/autopilot/status] adding connection to [http://copter131:57137/], count 0
[rospy.internal][INFO] 2019-03-28 07:12:56,719: topic[/air_to_air/firing_reports] adding connection to [/network], count 0
[rospy.internal][INFO] 2019-03-28 07:12:56,725: topic[/autopilot/waypoint_goto] adding connection to [/autopilot], count 0
[rospy.internal][INFO] 2019-03-28 07:12:56,764: topic[/swarm_control/subswarm_id] adding connection to [http://copter131:36219/], count 0
[rospy.internal][INFO] 2019-03-28 07:12:56,856: topic[/swarm_control/ap_intent] adding connection to [http://copter131:36219/], count 0
