[rospy.client][INFO] 2019-03-28 07:34:54,109: init_node, name[/constrained_shooter], pid[3099]
[xmlrpc][INFO] 2019-03-28 07:34:54,132: XML-RPC server binding to 0.0.0.0:0
[xmlrpc][INFO] 2019-03-28 07:34:54,133: Started XML-RPC server [http://copter131:54834/]
[rospy.impl.masterslave][INFO] 2019-03-28 07:34:54,134: _ready: http://copter131:54834/
[rospy.init][INFO] 2019-03-28 07:34:54,134: ROS Slave URI: [http://copter131:54834/]
[xmlrpc][INFO] 2019-03-28 07:34:54,157: xml rpc node: starting XML-RPC server
[rospy.registration][INFO] 2019-03-28 07:34:54,159: Registering with master node http://localhost:11311
[rospy.init][INFO] 2019-03-28 07:34:54,238: registered with master
[rospy.rosout][INFO] 2019-03-28 07:34:54,239: initializing /rosout core topic
[rospy.rosout][INFO] 2019-03-28 07:34:55,252: connected to core topic /rosout
[rospy.simtime][INFO] 2019-03-28 07:34:55,255: /use_sim_time is not set, will not subscribe to simulated time [/clock] topic
[rospy.internal][INFO] 2019-03-28 07:34:55,401: topic[/safety/payload_waypoint] adding connection to [/safety], count 0
[rospy.internal][INFO] 2019-03-28 07:34:55,575: topic[/autopilot/status] adding connection to [http://copter131:53836/], count 0
[rospy.internal][INFO] 2019-03-28 07:34:55,578: topic[/rosout] adding connection to [/rosout], count 0
[rospy.internal][INFO] 2019-03-28 07:34:55,592: topic[/autopilot/acs_pose] adding connection to [http://copter131:53836/], count 0
[rospy.internal][INFO] 2019-03-28 07:34:55,631: topic[/swarm_control/behavior_status] adding connection to [/swarm_control], count 0
[rospy.internal][INFO] 2019-03-28 07:34:55,708: topic[/hit_tracker/hit_uavs] adding connection to [http://copter131:50171/], count 0
[rospy.internal][INFO] 2019-03-28 07:34:55,812: topic[/network/send_swarm_behavior_data] adding connection to [/network], count 0
[rospy.internal][INFO] 2019-03-28 07:34:55,825: topic[/air_to_air/firing_reports] adding connection to [/network], count 0
[rospy.internal][INFO] 2019-03-28 07:34:55,887: topic[/swarm_control/subswarm_id] adding connection to [http://copter131:40805/], count 0
[rospy.internal][INFO] 2019-03-28 07:34:56,023: topic[/swarm_control/ap_intent] adding connection to [http://copter131:40805/], count 0
