[rosmaster.main][INFO] 2012-12-31 16:00:16,406: initialization complete, waiting for shutdown
[rosmaster.main][INFO] 2012-12-31 16:00:16,406: Starting ROS Master Node
[xmlrpc][INFO] 2012-12-31 16:00:16,408: XML-RPC server binding to 0.0.0.0:11311
[xmlrpc][INFO] 2012-12-31 16:00:16,409: Started XML-RPC server [http://copter131:11311/]
[rosmaster.master][INFO] 2012-12-31 16:00:16,409: Master initialized: port[11311], uri[http://copter131:11311/]
[xmlrpc][INFO] 2012-12-31 16:00:16,409: xml rpc node: starting XML-RPC server
[rosmaster.master][INFO] 2012-12-31 16:00:16,495: +PARAM [/run_id] by /roslaunch
[rosmaster.master][INFO] 2012-12-31 16:00:16,498: +PARAM [/roslaunch/uris/host_copter131__51164] by /roslaunch
[rosmaster.master][INFO] 2012-12-31 16:00:16,616: +PARAM [/swarm_team] by /roslaunch
[rosmaster.master][INFO] 2012-12-31 16:00:16,617: +PARAM [/rosdistro] by /roslaunch
[rosmaster.master][INFO] 2012-12-31 16:00:16,617: +PARAM [/aircraft_name] by /roslaunch
[rosmaster.master][INFO] 2012-12-31 16:00:16,617: +PARAM [/fetch_enable] by /roslaunch
[rosmaster.master][INFO] 2012-12-31 16:00:16,618: +PARAM [/dis_between_land_points] by /roslaunch
[rosmaster.master][INFO] 2012-12-31 16:00:16,618: +PARAM [/network_port] by /roslaunch
[rosmaster.master][INFO] 2012-12-31 16:00:16,618: +PARAM [/aircraft_id] by /roslaunch
[rosmaster.master][INFO] 2012-12-31 16:00:16,618: +PARAM [/do_deconflict_land] by /roslaunch
[rosmaster.master][INFO] 2012-12-31 16:00:16,619: +PARAM [/subswarm_id] by /roslaunch
[rosmaster.master][INFO] 2012-12-31 16:00:16,619: +PARAM [/aircraft_type] by /roslaunch
[rosmaster.master][INFO] 2012-12-31 16:00:16,619: +PARAM [/sensor_range] by /roslaunch
[rosmaster.master][INFO] 2012-12-31 16:00:16,619: +PARAM [/rosversion] by /roslaunch
[rosmaster.master][INFO] 2012-12-31 16:00:16,620: +PARAM [/runway_pt2_lat] by /roslaunch
[rosmaster.master][INFO] 2012-12-31 16:00:16,620: +PARAM [/runway_pt2_lon] by /roslaunch
[rosmaster.master][INFO] 2012-12-31 16:00:16,620: +PARAM [/flight_ready] by /roslaunch
[rosmaster.master][INFO] 2012-12-31 16:00:16,620: +PARAM [/runway_pt1_lat] by /roslaunch
[rosmaster.master][INFO] 2012-12-31 16:00:16,620: +PARAM [/network_device] by /roslaunch
[rosmaster.master][INFO] 2012-12-31 16:00:16,621: +PARAM [/verify_enable] by /roslaunch
[rosmaster.master][INFO] 2012-12-31 16:00:16,621: +PARAM [/rosbag_enable] by /roslaunch
[rosmaster.master][INFO] 2012-12-31 16:00:16,621: +PARAM [/runway_pt1_lon] by /roslaunch
[rosmaster.master][INFO] 2012-12-31 16:00:16,721: +SERVICE [/rosout/get_loggers] /rosout http://copter131:57868/
[rosmaster.master][INFO] 2012-12-31 16:00:16,723: +SERVICE [/rosout/set_logger_level] /rosout http://copter131:57868/
[rosmaster.master][INFO] 2012-12-31 16:00:16,727: +PUB [/rosout_agg] /rosout http://copter131:57868/
[rosmaster.master][INFO] 2012-12-31 16:00:16,736: +SUB [/rosout] /rosout http://copter131:57868/
[rosmaster.master][INFO] 2012-12-31 16:00:17,725: +PUB [/rosout] /radiation_sensor http://copter131:47745/
[rosmaster.master][INFO] 2012-12-31 16:00:17,744: +PUB [/rosout] /altitude_sensor http://copter131:40771/
[rosmaster.master][INFO] 2012-12-31 16:00:17,760: +SERVICE [/radiation_sensor/get_loggers] /radiation_sensor http://copter131:47745/
[rosmaster.master][INFO] 2012-12-31 16:00:17,786: +SERVICE [/radiation_sensor/set_logger_level] /radiation_sensor http://copter131:47745/
[rosmaster.master][INFO] 2012-12-31 16:00:17,810: publisherUpdate[/rosout] -> http://copter131:57868/
[rosmaster.master][INFO] 2012-12-31 16:00:17,817: +PUB [/tactic_interface/radiation] /radiation_sensor http://copter131:47745/
[rosmaster.master][INFO] 2012-12-31 16:00:17,822: publisherUpdate[/rosout] -> http://copter131:57868/
[rosmaster.master][INFO] 2012-12-31 16:00:17,835: +SERVICE [/altitude_sensor/get_loggers] /altitude_sensor http://copter131:40771/
[rosmaster.master][INFO] 2012-12-31 16:00:17,856: +SERVICE [/altitude_sensor/set_logger_level] /altitude_sensor http://copter131:40771/
[rosmaster.master][INFO] 2012-12-31 16:00:17,869: +PUB [/tactic_interface/altitude] /altitude_sensor http://copter131:40771/
[rosmaster.master][INFO] 2012-12-31 16:00:17,995: +SUB [/autopilot/imu] /altitude_sensor http://copter131:40771/
[rosmaster.master][INFO] 2012-12-31 16:00:18,186: +PUB [/rosout] /safety http://copter131:37109/
[rosmaster.master][INFO] 2012-12-31 16:00:18,212: publisherUpdate[/rosout] -> http://copter131:57868/
[rosmaster.master][INFO] 2012-12-31 16:00:18,261: +SERVICE [/safety/get_loggers] /safety http://copter131:37109/
[rosmaster.master][INFO] 2012-12-31 16:00:18,291: +SERVICE [/safety/set_logger_level] /safety http://copter131:37109/
[rosmaster.master][INFO] 2012-12-31 16:00:18,478: +PUB [/rosout] /network http://copter131:44553/
[rosmaster.master][INFO] 2012-12-31 16:00:18,509: +PUB [/autopilot/heartbeat_onboard] /safety http://copter131:37109/
[rosmaster.master][INFO] 2012-12-31 16:00:18,514: publisherUpdate[/rosout] -> http://copter131:57868/
[rosmaster.master][INFO] 2012-12-31 16:00:18,525: +SERVICE [/network/get_loggers] /network http://copter131:44553/
[rosmaster.master][INFO] 2012-12-31 16:00:18,541: +PUB [/safety/healthy] /safety http://copter131:37109/
[rosmaster.master][INFO] 2012-12-31 16:00:18,565: +SERVICE [/network/set_logger_level] /network http://copter131:44553/
[rosmaster.master][INFO] 2012-12-31 16:00:18,586: +PUB [/autopilot/payload_waypoint] /safety http://copter131:37109/
[rosmaster.master][INFO] 2012-12-31 16:00:18,636: +PUB [/autopilot/payload_rate] /safety http://copter131:37109/
[rosmaster.master][INFO] 2012-12-31 16:00:18,645: +PUB [/rosout] /hit_tracker http://copter131:50171/
[rosmaster.master][INFO] 2012-12-31 16:00:18,666: +PUB [/autopilot/payload_attitude] /safety http://copter131:37109/
[rosmaster.master][INFO] 2012-12-31 16:00:18,719: +PUB [/rosout] /autopilot http://copter131:53836/
[rosmaster.master][INFO] 2012-12-31 16:00:18,720: publisherUpdate[/rosout] -> http://copter131:57868/
[rosmaster.master][INFO] 2012-12-31 16:00:18,724: publisherUpdate[/rosout] -> http://copter131:57868/
[rosmaster.master][INFO] 2012-12-31 16:00:18,750: +PARAM [/subswarm_id] by /unnamed
[rosmaster.master][INFO] 2012-12-31 16:00:18,800: +SERVICE [/hit_tracker/get_loggers] /hit_tracker http://copter131:50171/
[rosmaster.master][INFO] 2012-12-31 16:00:18,846: +SERVICE [/hit_tracker/set_logger_level] /hit_tracker http://copter131:50171/
[rosmaster.master][INFO] 2012-12-31 16:00:18,861: +PUB [/rosout] /recv_pose_rate http://copter131:47438/
[rosmaster.master][INFO] 2012-12-31 16:00:18,885: +SERVICE [/autopilot/get_loggers] /autopilot http://copter131:53836/
[rosmaster.master][INFO] 2012-12-31 16:00:18,923: publisherUpdate[/rosout] -> http://copter131:57868/
[rosmaster.master][INFO] 2012-12-31 16:00:18,945: +SERVICE [/hit_tracker/reset] /hit_tracker http://copter131:50171/
[rosmaster.master][INFO] 2012-12-31 16:00:18,980: +SERVICE [/autopilot/set_logger_level] /autopilot http://copter131:53836/
[rosmaster.master][INFO] 2012-12-31 16:00:19,015: +PUB [/rosout] /swarm_tracker http://copter131:57187/
[rosmaster.master][INFO] 2012-12-31 16:00:19,028: publisherUpdate[/rosout] -> http://copter131:57868/
[rosmaster.master][INFO] 2012-12-31 16:00:19,055: +PUB [/rosout] /task_runner http://copter131:48345/
[rosmaster.master][INFO] 2012-12-31 16:00:19,065: +SERVICE [/recv_pose_rate/get_loggers] /recv_pose_rate http://copter131:47438/
[rosmaster.master][INFO] 2012-12-31 16:00:19,130: publisherUpdate[/rosout] -> http://copter131:57868/
[rosmaster.master][INFO] 2012-12-31 16:00:19,132: +SERVICE [/recv_pose_rate/set_logger_level] /recv_pose_rate http://copter131:47438/
[rosmaster.master][INFO] 2012-12-31 16:00:19,147: +SUB [/autopilot/heartbeat_ground] /safety http://copter131:37109/
[rosmaster.master][INFO] 2012-12-31 16:00:19,190: +SERVICE [/swarm_tracker/get_loggers] /swarm_tracker http://copter131:57187/
[rosmaster.master][INFO] 2012-12-31 16:00:19,231: +SERVICE [/task_runner/get_loggers] /task_runner http://copter131:48345/
[rosmaster.master][INFO] 2012-12-31 16:00:19,320: +SERVICE [/swarm_tracker/set_logger_level] /swarm_tracker http://copter131:57187/
[rosmaster.master][INFO] 2012-12-31 16:00:19,335: +SERVICE [/task_runner/set_logger_level] /task_runner http://copter131:48345/
[rosmaster.master][INFO] 2012-12-31 16:00:19,350: +PUB [/rosout] /red_tracker http://copter131:55485/
[rosmaster.master][INFO] 2012-12-31 16:00:19,431: publisherUpdate[/rosout] -> http://copter131:57868/
[rosmaster.master][INFO] 2012-12-31 16:00:19,556: +SUB [/network/recv_swarm_data] /hit_tracker http://copter131:50171/
[rosmaster.master][INFO] 2012-12-31 16:00:19,595: +SERVICE [/red_tracker/get_loggers] /red_tracker http://copter131:55485/
[rosmaster.master][INFO] 2019-03-28 07:34:52,688: +SERVICE [/red_tracker/set_logger_level] /red_tracker http://copter131:55485/
[rosmaster.master][INFO] 2019-03-28 07:34:52,748: +SUB [/network/recv_pose] /recv_pose_rate http://copter131:47438/
[rosmaster.master][INFO] 2019-03-28 07:34:52,803: +SUB [/autopilot/acs_pose] /safety http://copter131:37109/
[rosmaster.master][INFO] 2019-03-28 07:34:52,838: +PUB [/logging/recv_pose_rate] /recv_pose_rate http://copter131:47438/
[rosmaster.master][INFO] 2019-03-28 07:34:52,857: +SUB [/autopilot/acs_pose] /swarm_tracker http://copter131:57187/
[rosmaster.master][INFO] 2019-03-28 07:34:52,870: +PUB [/rosout] /swarm_control http://copter131:40805/
[rosmaster.master][INFO] 2019-03-28 07:34:52,936: publisherUpdate[/rosout] -> http://copter131:57868/
[rosmaster.master][INFO] 2019-03-28 07:34:53,018: +PUB [/rosout] /independent_transit http://copter131:36213/
[rosmaster.master][INFO] 2019-03-28 07:34:53,029: +PUB [/rosout] /simple_ground_attack http://copter131:38975/
[rosmaster.master][INFO] 2019-03-28 07:34:53,041: publisherUpdate[/rosout] -> http://copter131:57868/
[rosmaster.master][INFO] 2019-03-28 07:34:53,046: publisherUpdate[/rosout] -> http://copter131:57868/
[rosmaster.master][INFO] 2019-03-28 07:34:53,078: +SUB [/network/net_reset] /hit_tracker http://copter131:50171/
[rosmaster.master][INFO] 2019-03-28 07:34:53,102: +SERVICE [/swarm_control/get_loggers] /swarm_control http://copter131:40805/
[rosmaster.master][INFO] 2019-03-28 07:34:53,176: +PUB [/hit_tracker/hit_uavs] /hit_tracker http://copter131:50171/
[rosmaster.master][INFO] 2019-03-28 07:34:53,213: +SERVICE [/swarm_control/set_logger_level] /swarm_control http://copter131:40805/
[rosmaster.master][INFO] 2019-03-28 07:34:53,230: +SUB [/autopilot/acs_pose] /red_tracker http://copter131:55485/
[rosmaster.master][INFO] 2019-03-28 07:34:53,243: +SERVICE [/independent_transit/get_loggers] /independent_transit http://copter131:36213/
[rosmaster.master][INFO] 2019-03-28 07:34:53,249: +SERVICE [/simple_ground_attack/get_loggers] /simple_ground_attack http://copter131:38975/
[rosmaster.master][INFO] 2019-03-28 07:34:53,288: +SERVICE [/swarm_control/register_behavior] /swarm_control http://copter131:40805/
[rosmaster.master][INFO] 2019-03-28 07:34:53,328: +SERVICE [/independent_transit/set_logger_level] /independent_transit http://copter131:36213/
[rosmaster.master][INFO] 2019-03-28 07:34:53,339: +SERVICE [/simple_ground_attack/set_logger_level] /simple_ground_attack http://copter131:38975/
[rosmaster.master][INFO] 2019-03-28 07:34:53,403: +SERVICE [/swarm_control/run_behavior] /swarm_control http://copter131:40805/
[rosmaster.master][INFO] 2019-03-28 07:34:53,487: +SUB [/network/recv_pose] /swarm_tracker http://copter131:57187/
[rosmaster.master][INFO] 2019-03-28 07:34:53,501: +SERVICE [/swarm_control/pause_behavior] /swarm_control http://copter131:40805/
[rosmaster.master][INFO] 2019-03-28 07:34:53,536: +PUB [/autopilot/waypoint_goto] /simple_ground_attack http://copter131:38975/
[rosmaster.master][INFO] 2019-03-28 07:34:53,587: +SERVICE [/swarm_control/set_subswarm] /swarm_control http://copter131:40805/
[rosmaster.master][INFO] 2019-03-28 07:34:53,673: +SERVICE [/swarm_control/set_swarm_state] /swarm_control http://copter131:40805/
[rosmaster.master][INFO] 2019-03-28 07:34:53,703: +SUB [/safety/payload_waypoint] /safety http://copter131:37109/
[rosmaster.master][INFO] 2019-03-28 07:34:53,743: +SUB [/swarm_control/subswarm_id] /network http://copter131:44553/
[rosmaster.master][INFO] 2019-03-28 07:34:53,966: +SUB [/autopilot/status] /task_runner http://copter131:48345/
[rosmaster.master][INFO] 2019-03-28 07:34:53,973: +SUB [/autopilot/status] /independent_transit http://copter131:36213/
[rosmaster.master][INFO] 2019-03-28 07:34:54,058: +SUB [/network/recv_swarm_ctl_state] /swarm_tracker http://copter131:57187/
[rosmaster.master][INFO] 2019-03-28 07:34:54,128: +PUB [/safety/payload_waypoint] /independent_transit http://copter131:36213/
[rosmaster.master][INFO] 2019-03-28 07:34:54,133: +PUB [/safety/payload_rate] /simple_ground_attack http://copter131:38975/
[rosmaster.master][INFO] 2019-03-28 07:34:54,159: publisherUpdate[/safety/payload_waypoint] -> http://copter131:37109/
[rosmaster.master][INFO] 2019-03-28 07:34:54,206: +PUB [/safety/payload_waypoint] /simple_ground_attack http://copter131:38975/
[rosmaster.master][INFO] 2019-03-28 07:34:54,231: +SUB [/autopilot/arm] /autopilot http://copter131:53836/
[rosmaster.master][INFO] 2019-03-28 07:34:54,251: +SUB [/swarm_control/swarm_behavior] /network http://copter131:44553/
[rosmaster.master][INFO] 2019-03-28 07:34:54,261: publisherUpdate[/safety/payload_waypoint] -> http://copter131:37109/
[rosmaster.master][INFO] 2019-03-28 07:34:54,312: +SUB [/swarm_control/subswarm_id] /swarm_tracker http://copter131:57187/
[rosmaster.master][INFO] 2019-03-28 07:34:54,317: +SUB [/swarm_control/subswarm_id] /independent_transit http://copter131:36213/
[rosmaster.master][INFO] 2019-03-28 07:34:54,322: +PUB [/rosout] /wingman http://copter131:36080/
[rosmaster.master][INFO] 2019-03-28 07:34:54,349: +SUB [/autopilot/status] /simple_ground_attack http://copter131:38975/
[rosmaster.master][INFO] 2019-03-28 07:34:54,355: +SUB [/autopilot/mode] /autopilot http://copter131:53836/
[rosmaster.master][INFO] 2019-03-28 07:34:54,362: publisherUpdate[/rosout] -> http://copter131:57868/
[rosmaster.master][INFO] 2019-03-28 07:34:54,370: +SERVICE [/wingman/get_loggers] /wingman http://copter131:36080/
[rosmaster.master][INFO] 2019-03-28 07:34:54,373: +SUB [/network/swarm_sub_behavior] /network http://copter131:44553/
[rosmaster.master][INFO] 2019-03-28 07:34:54,384: +SERVICE [/wingman/set_logger_level] /wingman http://copter131:36080/
[rosmaster.master][INFO] 2019-03-28 07:34:54,411: +SUB [/swarm_control/swarm_state] /swarm_tracker http://copter131:57187/
[rosmaster.master][INFO] 2019-03-28 07:34:54,415: +SUB [/swarm_control/ap_intent] /independent_transit http://copter131:36213/
[rosmaster.master][INFO] 2019-03-28 07:34:54,433: +SUB [/swarm_control/subswarm_id] /simple_ground_attack http://copter131:38975/
[rosmaster.master][INFO] 2019-03-28 07:34:54,444: +SUB [/autopilot/guided_goto] /autopilot http://copter131:53836/
[rosmaster.master][INFO] 2019-03-28 07:34:54,461: +SUB [/swarm_control/behavior_summary] /network http://copter131:44553/
[rosmaster.master][INFO] 2019-03-28 07:34:54,497: +SUB [/network/recv_red_pose] /red_tracker http://copter131:55485/
[rosmaster.master][INFO] 2019-03-28 07:34:54,501: +PUB [/rosout] /linear_formation http://copter131:57686/
[rosmaster.master][INFO] 2019-03-28 07:34:54,512: +PUB [/red_tracker/red_uav_states] /red_tracker http://copter131:55485/
[rosmaster.master][INFO] 2019-03-28 07:34:54,524: +SUB [/network/recv_swarm_data] /independent_transit http://copter131:36213/
[rosmaster.master][INFO] 2019-03-28 07:34:54,534: +SERVICE [/linear_formation/get_loggers] /linear_formation http://copter131:57686/
[rosmaster.master][INFO] 2019-03-28 07:34:54,536: +PUB [/swarm_control/behavior_status] /independent_transit http://copter131:36213/
[rosmaster.master][INFO] 2019-03-28 07:34:54,538: +SUB [/safety/payload_rate] /safety http://copter131:37109/
[rosmaster.master][INFO] 2019-03-28 07:34:54,543: +SUB [/autopilot/waypoint_goto] /autopilot http://copter131:53836/
[rosmaster.master][INFO] 2019-03-28 07:34:54,546: +SERVICE [/linear_formation/set_logger_level] /linear_formation http://copter131:57686/
[rosmaster.master][INFO] 2019-03-28 07:34:54,548: +PUB [/network/send_swarm_behavior_data] /independent_transit http://copter131:36213/
[rosmaster.master][INFO] 2019-03-28 07:34:54,553: +SUB [/autopilot/status] /wingman http://copter131:36080/
[rosmaster.master][INFO] 2019-03-28 07:34:54,555: +SUB [/autopilot/status] /network http://copter131:44553/
[rosmaster.master][INFO] 2019-03-28 07:34:54,561: +SERVICE [/independent_transit/set] /independent_transit http://copter131:36213/
[rosmaster.master][INFO] 2019-03-28 07:34:54,566: +PUB [/rosout] /swarm_landing_sequencer http://copter131:47562/
[rosmaster.master][INFO] 2019-03-28 07:34:54,568: +PUB [/safety/payload_waypoint] /wingman http://copter131:36080/
[rosmaster.master][INFO] 2019-03-28 07:34:54,570: publisherUpdate[/rosout] -> http://copter131:57868/
[rosmaster.master][INFO] 2019-03-28 07:34:54,577: publisherUpdate[/rosout] -> http://copter131:57868/
[rosmaster.master][INFO] 2019-03-28 07:34:54,578: publisherUpdate[/safety/payload_waypoint] -> http://copter131:37109/
[rosmaster.master][INFO] 2019-03-28 07:34:54,586: +SERVICE [/independent_transit/run] /independent_transit http://copter131:36213/
[rosmaster.master][INFO] 2019-03-28 07:34:54,610: +SERVICE [/swarm_landing_sequencer/get_loggers] /swarm_landing_sequencer http://copter131:47562/
[rosmaster.master][INFO] 2019-03-28 07:34:54,622: +SERVICE [/swarm_landing_sequencer/set_logger_level] /swarm_landing_sequencer http://copter131:47562/
[rosmaster.master][INFO] 2019-03-28 07:34:54,628: +SUB [/safety/payload_attitude] /safety http://copter131:37109/
[rosmaster.master][INFO] 2019-03-28 07:34:54,644: +SUB [/autopilot/acs_pose] /network http://copter131:44553/
[rosmaster.master][INFO] 2019-03-28 07:34:54,648: +SUB [/swarm_control/subswarm_id] /wingman http://copter131:36080/
[rosmaster.master][INFO] 2019-03-28 07:34:54,650: +SUB [/autopilot/heartbeat_onboard] /autopilot http://copter131:53836/
[rosmaster.master][INFO] 2019-03-28 07:34:54,662: +PUB [/rosout] /patrol_box_shooter http://copter131:54684/
[rosmaster.master][INFO] 2019-03-28 07:34:54,666: +SUB [/autopilot/status] /linear_formation http://copter131:57686/
[rosmaster.master][INFO] 2019-03-28 07:34:54,676: +PUB [/safety/payload_waypoint] /linear_formation http://copter131:57686/
[rosmaster.master][INFO] 2019-03-28 07:34:54,683: publisherUpdate[/rosout] -> http://copter131:57868/
[rosmaster.master][INFO] 2019-03-28 07:34:54,685: publisherUpdate[/safety/payload_waypoint] -> http://copter131:37109/
[rosmaster.master][INFO] 2019-03-28 07:34:54,687: +SERVICE [/patrol_box_shooter/get_loggers] /patrol_box_shooter http://copter131:54684/
[rosmaster.master][INFO] 2019-03-28 07:34:54,701: +SERVICE [/patrol_box_shooter/set_logger_level] /patrol_box_shooter http://copter131:54684/
[rosmaster.master][INFO] 2019-03-28 07:34:54,706: +SUB [/swarm_control/swarm_state] /network http://copter131:44553/
[rosmaster.master][INFO] 2019-03-28 07:34:54,711: +PUB [/safety/payload_waypoint] /tactic_interface http://copter131:48883/
[rosmaster.master][INFO] 2019-03-28 07:34:54,715: +SUB [/swarm_control/ap_intent] /wingman http://copter131:36080/
[rosmaster.master][INFO] 2019-03-28 07:34:54,720: +SUB [/autopilot/heartbeat_ground] /autopilot http://copter131:53836/
[rosmaster.master][INFO] 2019-03-28 07:34:54,724: +SUB [/autopilot/status] /swarm_landing_sequencer http://copter131:47562/
[rosmaster.master][INFO] 2019-03-28 07:34:54,729: +PUB [/rosout] /evader http://copter131:50167/
[rosmaster.master][INFO] 2019-03-28 07:34:54,737: +PUB [/safety/payload_waypoint] /swarm_landing_sequencer http://copter131:47562/
[rosmaster.master][INFO] 2019-03-28 07:34:54,754: +SERVICE [/evader/get_loggers] /evader http://copter131:50167/
[rosmaster.master][INFO] 2019-03-28 07:34:54,762: +SUB [/swarm_control/ap_intent] /simple_ground_attack http://copter131:38975/
[rosmaster.master][INFO] 2019-03-28 07:34:54,766: +SERVICE [/evader/set_logger_level] /evader http://copter131:50167/
[rosmaster.master][INFO] 2019-03-28 07:34:54,782: +SUB [/network/send_swarm_behavior_data] /network http://copter131:44553/
[rosmaster.master][INFO] 2019-03-28 07:34:54,786: +SUB [/network/recv_swarm_data] /wingman http://copter131:36080/
[rosmaster.master][INFO] 2019-03-28 07:34:54,788: publisherUpdate[/safety/payload_waypoint] -> http://copter131:37109/
[rosmaster.master][INFO] 2019-03-28 07:34:54,791: publisherUpdate[/rosout] -> http://copter131:57868/
[rosmaster.master][INFO] 2019-03-28 07:34:54,799: publisherUpdate[/safety/payload_waypoint] -> http://copter131:37109/
[rosmaster.master][INFO] 2019-03-28 07:34:54,805: +SUB [/autopilot/mode_num] /autopilot http://copter131:53836/
[rosmaster.master][INFO] 2019-03-28 07:34:54,809: +PUB [/swarm_control/behavior_status] /wingman http://copter131:36080/
[rosmaster.master][INFO] 2019-03-28 07:34:54,819: +SUB [/swarm_control/subswarm_id] /swarm_landing_sequencer http://copter131:47562/
[rosmaster.master][INFO] 2019-03-28 07:34:54,821: +PUB [/network/send_swarm_behavior_data] /wingman http://copter131:36080/
[rosmaster.master][INFO] 2019-03-28 07:34:54,824: +SUB [/autopilot/status] /patrol_box_shooter http://copter131:54684/
[rosmaster.master][INFO] 2019-03-28 07:34:54,833: +SERVICE [/wingman/set] /wingman http://copter131:36080/
[rosmaster.master][INFO] 2019-03-28 07:34:54,838: +PUB [/safety/payload_waypoint] /patrol_box_shooter http://copter131:54684/
[rosmaster.master][INFO] 2019-03-28 07:34:54,845: +SERVICE [/wingman/run] /wingman http://copter131:36080/
[rosmaster.master][INFO] 2019-03-28 07:34:54,855: +SERVICE [/wingman/pause] /wingman http://copter131:36080/
[rosmaster.master][INFO] 2019-03-28 07:34:54,858: +SUB [/autopilot/status] /evader http://copter131:50167/
[rosmaster.master][INFO] 2019-03-28 07:34:54,861: +SUB [/air_to_air/firing_reports] /network http://copter131:44553/
[rosmaster.master][INFO] 2019-03-28 07:34:54,868: +PUB [/safety/payload_waypoint] /evader http://copter131:50167/
[rosmaster.master][INFO] 2019-03-28 07:34:54,869: +SUB [/autopilot/set_landing] /autopilot http://copter131:53836/
[rosmaster.master][INFO] 2019-03-28 07:34:54,871: +PUB [/rosout] /smart_shooter http://copter131:45581/
[rosmaster.master][INFO] 2019-03-28 07:34:54,885: +SUB [/swarm_control/ap_intent] /swarm_landing_sequencer http://copter131:47562/
[rosmaster.master][INFO] 2019-03-28 07:34:54,891: +SERVICE [/smart_shooter/get_loggers] /smart_shooter http://copter131:45581/
[rosmaster.master][INFO] 2019-03-28 07:34:54,892: publisherUpdate[/network/send_swarm_behavior_data] -> http://copter131:44553/
[rosmaster.master][INFO] 2019-03-28 07:34:54,897: +SUB [/swarm_control/subswarm_id] /patrol_box_shooter http://copter131:54684/
[rosmaster.master][INFO] 2019-03-28 07:34:54,898: publisherUpdate[/safety/payload_waypoint] -> http://copter131:37109/
[rosmaster.master][INFO] 2019-03-28 07:34:54,901: publisherUpdate[/rosout] -> http://copter131:57868/
[rosmaster.master][INFO] 2019-03-28 07:34:54,906: publisherUpdate[/safety/payload_waypoint] -> http://copter131:37109/
[rosmaster.master][INFO] 2019-03-28 07:34:54,909: +SERVICE [/smart_shooter/set_logger_level] /smart_shooter http://copter131:45581/
[rosmaster.master][INFO] 2019-03-28 07:34:54,932: +SUB [/network/payload_intent] /network http://copter131:44553/
[rosmaster.master][INFO] 2019-03-28 07:34:54,936: +SUB [/swarm_control/subswarm_id] /evader http://copter131:50167/
[rosmaster.master][INFO] 2019-03-28 07:34:54,940: +SUB [/autopilot/payload_waypoint] /autopilot http://copter131:53836/
[rosmaster.master][INFO] 2019-03-28 07:34:54,958: +SUB [/network/recv_swarm_data] /swarm_landing_sequencer http://copter131:47562/
[rosmaster.master][INFO] 2019-03-28 07:34:54,968: +PUB [/swarm_control/behavior_status] /swarm_landing_sequencer http://copter131:47562/
[rosmaster.master][INFO] 2019-03-28 07:34:54,970: +SUB [/swarm_control/ap_intent] /patrol_box_shooter http://copter131:54684/
[rosmaster.master][INFO] 2019-03-28 07:34:54,978: +PUB [/network/send_swarm_behavior_data] /swarm_landing_sequencer http://copter131:47562/
[rosmaster.master][INFO] 2019-03-28 07:34:54,980: +SUB [/autopilot/status] /tactic_interface http://copter131:48883/
[rosmaster.master][INFO] 2019-03-28 07:34:54,983: +SUB [/autopilot/status] /smart_shooter http://copter131:45581/
[rosmaster.master][INFO] 2019-03-28 07:34:54,990: +SERVICE [/swarm_landing_sequencer/set] /swarm_landing_sequencer http://copter131:47562/
[rosmaster.master][INFO] 2019-03-28 07:34:54,996: +PUB [/safety/payload_waypoint] /smart_shooter http://copter131:45581/
[rosmaster.master][INFO] 2019-03-28 07:34:55,001: +SUB [/swarm_control/ap_intent] /evader http://copter131:50167/
[rosmaster.master][INFO] 2019-03-28 07:34:55,003: +SERVICE [/swarm_landing_sequencer/run] /swarm_landing_sequencer http://copter131:47562/
[rosmaster.master][INFO] 2019-03-28 07:34:55,005: +PUB [/rosout] /tactic_interface http://copter131:48883/
[rosmaster.master][INFO] 2019-03-28 07:34:55,006: publisherUpdate[/network/send_swarm_behavior_data] -> http://copter131:44553/
[rosmaster.master][INFO] 2019-03-28 07:34:55,010: publisherUpdate[/safety/payload_waypoint] -> http://copter131:37109/
[rosmaster.master][INFO] 2019-03-28 07:34:55,011: publisherUpdate[/rosout] -> http://copter131:57868/
[rosmaster.master][INFO] 2019-03-28 07:34:55,019: +SERVICE [/swarm_landing_sequencer/pause] /swarm_landing_sequencer http://copter131:47562/
[rosmaster.master][INFO] 2019-03-28 07:34:55,025: +SUB [/autopilot/reboot] /autopilot http://copter131:53836/
[rosmaster.master][INFO] 2019-03-28 07:34:55,034: +SERVICE [/tactic_interface/get_loggers] /tactic_interface http://copter131:48883/
[rosmaster.master][INFO] 2019-03-28 07:34:55,042: +SERVICE [/tactic_interface/set_logger_level] /tactic_interface http://copter131:48883/
[rosmaster.master][INFO] 2019-03-28 07:34:55,043: +SUB [/network/recv_swarm_data] /patrol_box_shooter http://copter131:54684/
[rosmaster.master][INFO] 2019-03-28 07:34:55,050: +SERVICE [/independent_transit/pause] /independent_transit http://copter131:36213/
[rosmaster.master][INFO] 2019-03-28 07:34:55,055: +PUB [/swarm_control/behavior_status] /patrol_box_shooter http://copter131:54684/
[rosmaster.master][INFO] 2019-03-28 07:34:55,065: +PUB [/network/send_swarm_behavior_data] /patrol_box_shooter http://copter131:54684/
[rosmaster.master][INFO] 2019-03-28 07:34:55,068: +SUB [/network/recv_swarm_data] /evader http://copter131:50167/
[rosmaster.master][INFO] 2019-03-28 07:34:55,069: +SUB [/swarm_control/subswarm_id] /smart_shooter http://copter131:45581/
[rosmaster.master][INFO] 2019-03-28 07:34:55,078: +SERVICE [/patrol_box_shooter/set] /patrol_box_shooter http://copter131:54684/
[rosmaster.master][INFO] 2019-03-28 07:34:55,080: +PUB [/swarm_control/behavior_status] /evader http://copter131:50167/
[rosmaster.master][INFO] 2019-03-28 07:34:55,087: +SUB [/autopilot/weather_update] /autopilot http://copter131:53836/
[rosmaster.master][INFO] 2019-03-28 07:34:55,089: +SERVICE [/patrol_box_shooter/run] /patrol_box_shooter http://copter131:54684/
[rosmaster.master][INFO] 2019-03-28 07:34:55,091: +PUB [/network/send_swarm_behavior_data] /evader http://copter131:50167/
[rosmaster.master][INFO] 2019-03-28 07:34:55,097: +SERVICE [/patrol_box_shooter/pause] /patrol_box_shooter http://copter131:54684/
[rosmaster.master][INFO] 2019-03-28 07:34:55,099: +SERVICE [/evader/set] /evader http://copter131:50167/
[rosmaster.master][INFO] 2019-03-28 07:34:55,103: +SUB [/swarm_control/subswarm_id] /tactic_interface http://copter131:48883/
[rosmaster.master][INFO] 2019-03-28 07:34:55,108: +SERVICE [/evader/run] /evader http://copter131:50167/
[rosmaster.master][INFO] 2019-03-28 07:34:55,114: publisherUpdate[/network/send_swarm_behavior_data] -> http://copter131:44553/
[rosmaster.master][INFO] 2019-03-28 07:34:55,118: +SERVICE [/evader/pause] /evader http://copter131:50167/
[rosmaster.master][INFO] 2019-03-28 07:34:55,121: publisherUpdate[/network/send_swarm_behavior_data] -> http://copter131:44553/
[rosmaster.master][INFO] 2019-03-28 07:34:55,128: +SUB [/swarm_control/ap_intent] /smart_shooter http://copter131:45581/
[rosmaster.master][INFO] 2019-03-28 07:34:55,139: +SUB [/autopilot/copter_takeoff] /autopilot http://copter131:53836/
[rosmaster.master][INFO] 2019-03-28 07:34:55,145: +SERVICE [/autopilot/cal_pressure] /autopilot http://copter131:53836/
[rosmaster.master][INFO] 2019-03-28 07:34:55,150: +SUB [/swarm_control/ap_intent] /tactic_interface http://copter131:48883/
[rosmaster.master][INFO] 2019-03-28 07:34:55,153: +SERVICE [/autopilot/cal_gyros] /autopilot http://copter131:53836/
[rosmaster.master][INFO] 2019-03-28 07:34:55,162: +SERVICE [/autopilot/demo_servos] /autopilot http://copter131:53836/
[rosmaster.master][INFO] 2019-03-28 07:34:55,164: +SUB [/autopilot/acs_pose] /evader http://copter131:50167/
[rosmaster.master][INFO] 2019-03-28 07:34:55,167: +SUB [/network/recv_swarm_data] /smart_shooter http://copter131:45581/
[rosmaster.master][INFO] 2019-03-28 07:34:55,169: +SERVICE [/autopilot/demo_motor] /autopilot http://copter131:53836/
[rosmaster.master][INFO] 2019-03-28 07:34:55,176: +PUB [/swarm_control/behavior_status] /smart_shooter http://copter131:45581/
[rosmaster.master][INFO] 2019-03-28 07:34:55,178: +SERVICE [/autopilot/version] /autopilot http://copter131:53836/
[rosmaster.master][INFO] 2019-03-28 07:34:55,184: +PUB [/network/send_swarm_behavior_data] /smart_shooter http://copter131:45581/
[rosmaster.master][INFO] 2019-03-28 07:34:55,189: +SERVICE [/autopilot/load_param] /autopilot http://copter131:53836/
[rosmaster.master][INFO] 2019-03-28 07:34:55,193: +SERVICE [/smart_shooter/set] /smart_shooter http://copter131:45581/
[rosmaster.master][INFO] 2019-03-28 07:34:55,196: +SERVICE [/autopilot/load_fence] /autopilot http://copter131:53836/
[rosmaster.master][INFO] 2019-03-28 07:34:55,198: +SUB [/network/recv_swarm_data] /tactic_interface http://copter131:48883/
[rosmaster.master][INFO] 2019-03-28 07:34:55,200: +SERVICE [/smart_shooter/run] /smart_shooter http://copter131:45581/
[rosmaster.master][INFO] 2019-03-28 07:34:55,203: +SERVICE [/autopilot/load_rally] /autopilot http://copter131:53836/
[rosmaster.master][INFO] 2019-03-28 07:34:55,205: +PUB [/swarm_control/behavior_status] /tactic_interface http://copter131:48883/
[rosmaster.master][INFO] 2019-03-28 07:34:55,207: +SUB [/hit_tracker/hit_uavs] /evader http://copter131:50167/
[rosmaster.master][INFO] 2019-03-28 07:34:55,209: +SERVICE [/smart_shooter/pause] /smart_shooter http://copter131:45581/
[rosmaster.master][INFO] 2019-03-28 07:34:55,211: +SERVICE [/autopilot/load_wp] /autopilot http://copter131:53836/
[rosmaster.master][INFO] 2019-03-28 07:34:55,213: +PUB [/network/send_swarm_behavior_data] /tactic_interface http://copter131:48883/
[rosmaster.master][INFO] 2019-03-28 07:34:55,220: publisherUpdate[/network/send_swarm_behavior_data] -> http://copter131:44553/
[rosmaster.master][INFO] 2019-03-28 07:34:55,221: +SERVICE [/autopilot/fpr_param_get] /autopilot http://copter131:53836/
[rosmaster.master][INFO] 2019-03-28 07:34:55,224: +SERVICE [/tactic_interface/set] /tactic_interface http://copter131:48883/
[rosmaster.master][INFO] 2019-03-28 07:34:55,227: +SERVICE [/autopilot/fpr_param_getlist] /autopilot http://copter131:53836/
[rosmaster.master][INFO] 2019-03-28 07:34:55,230: publisherUpdate[/network/send_swarm_behavior_data] -> http://copter131:44553/
[rosmaster.master][INFO] 2019-03-28 07:34:55,234: +SERVICE [/tactic_interface/run] /tactic_interface http://copter131:48883/
[rosmaster.master][INFO] 2019-03-28 07:34:55,237: +SERVICE [/autopilot/fpr_param_set] /autopilot http://copter131:53836/
[rosmaster.master][INFO] 2019-03-28 07:34:55,239: +PUB [/safety/payload_waypoint] /greedy_shooter http://copter131:42479/
[rosmaster.master][INFO] 2019-03-28 07:34:55,243: +SERVICE [/tactic_interface/pause] /tactic_interface http://copter131:48883/
[rosmaster.master][INFO] 2019-03-28 07:34:55,245: +SERVICE [/autopilot/fpr_param_setlist] /autopilot http://copter131:53836/
[rosmaster.master][INFO] 2019-03-28 07:34:55,246: +SUB [/autopilot/status] /greedy_shooter http://copter131:42479/
[rosmaster.master][INFO] 2019-03-28 07:34:55,249: +PUB [/rosout] /constrained_shooter http://copter131:54834/
[rosmaster.master][INFO] 2019-03-28 07:34:55,252: +SERVICE [/autopilot/fpr_fence_getall] /autopilot http://copter131:53836/
[rosmaster.master][INFO] 2019-03-28 07:34:55,255: +SERVICE [/autopilot/fpr_fence_setall] /autopilot http://copter131:53836/
[rosmaster.master][INFO] 2019-03-28 07:34:55,260: +SERVICE [/autopilot/fpr_rally_getall] /autopilot http://copter131:53836/
[rosmaster.master][INFO] 2019-03-28 07:34:55,261: +SERVICE [/constrained_shooter/get_loggers] /constrained_shooter http://copter131:54834/
[rosmaster.master][INFO] 2019-03-28 07:34:55,265: +SERVICE [/autopilot/fpr_rally_setall] /autopilot http://copter131:53836/
[rosmaster.master][INFO] 2019-03-28 07:34:55,267: +SERVICE [/constrained_shooter/set_logger_level] /constrained_shooter http://copter131:54834/
[rosmaster.master][INFO] 2019-03-28 07:34:55,273: +SERVICE [/autopilot/slave_setup] /autopilot http://copter131:53836/
[rosmaster.master][INFO] 2019-03-28 07:34:55,281: +SERVICE [/autopilot/wp_getall] /autopilot http://copter131:53836/
[rosmaster.master][INFO] 2019-03-28 07:34:55,284: +SERVICE [/autopilot/wp_getrange] /autopilot http://copter131:53836/
[rosmaster.master][INFO] 2019-03-28 07:34:55,288: +SERVICE [/autopilot/wp_getlast] /autopilot http://copter131:53836/
[rosmaster.master][INFO] 2019-03-28 07:34:55,291: +SERVICE [/autopilot/wp_setall] /autopilot http://copter131:53836/
[rosmaster.master][INFO] 2019-03-28 07:34:55,295: +SUB [/autopilot/status] /constrained_shooter http://copter131:54834/
[rosmaster.master][INFO] 2019-03-28 07:34:55,297: +SERVICE [/autopilot/ap_msg_queue_last_n] /autopilot http://copter131:53836/
[rosmaster.master][INFO] 2019-03-28 07:34:55,299: +PUB [/safety/payload_waypoint] /constrained_shooter http://copter131:54834/
[rosmaster.master][INFO] 2019-03-28 07:34:55,306: +PUB [/autopilot/imu] /autopilot http://copter131:53836/
[rosmaster.master][INFO] 2019-03-28 07:34:55,315: +SUB [/swarm_control/subswarm_id] /constrained_shooter http://copter131:54834/
[rosmaster.master][INFO] 2019-03-28 07:34:55,317: +PUB [/autopilot/acs_pose] /autopilot http://copter131:53836/
[rosmaster.master][INFO] 2019-03-28 07:34:55,323: +PUB [/autopilot/gps] /autopilot http://copter131:53836/
[rosmaster.master][INFO] 2019-03-28 07:34:55,323: publisherUpdate[/safety/payload_waypoint] -> http://copter131:37109/
[rosmaster.master][INFO] 2019-03-28 07:34:55,328: +PUB [/autopilot/gps_odom] /autopilot http://copter131:53836/
[rosmaster.master][INFO] 2019-03-28 07:34:55,329: publisherUpdate[/rosout] -> http://copter131:57868/
[rosmaster.master][INFO] 2019-03-28 07:34:55,329: publisherUpdate[/safety/payload_waypoint] -> http://copter131:37109/
[rosmaster.master][INFO] 2019-03-28 07:34:55,338: publisherUpdate[/autopilot/imu] -> http://copter131:40771/
[rosmaster.master][INFO] 2019-03-28 07:34:55,339: publisherUpdate[/autopilot/acs_pose] -> http://copter131:37109/
[rosmaster.master][INFO] 2019-03-28 07:34:55,341: publisherUpdate[/autopilot/acs_pose] -> http://copter131:57187/
[rosmaster.master][INFO] 2019-03-28 07:34:55,345: +PUB [/rosout] /greedy_shooter http://copter131:42479/
[rosmaster.master][INFO] 2019-03-28 07:34:55,347: publisherUpdate[/autopilot/acs_pose] -> http://copter131:55485/
[rosmaster.master][INFO] 2019-03-28 07:34:55,347: publisherUpdate[/autopilot/acs_pose] -> http://copter131:44553/
[rosmaster.master][INFO] 2019-03-28 07:34:55,355: +SUB [/swarm_control/ap_intent] /constrained_shooter http://copter131:54834/
[rosmaster.master][INFO] 2019-03-28 07:34:55,355: publisherUpdate[/autopilot/acs_pose] -> http://copter131:50167/
[rosmaster.master][INFO] 2019-03-28 07:34:55,357: publisherUpdate[/rosout] -> http://copter131:57868/
[rosmaster.master][INFO] 2019-03-28 07:34:55,366: +PUB [/autopilot/waypoint_goto] /swarm_landing_sequencer http://copter131:47562/
[rosmaster.master][INFO] 2019-03-28 07:34:55,367: publisherUpdate[/autopilot/waypoint_goto] -> http://copter131:53836/
[rosmaster.master][INFO] 2019-03-28 07:34:55,371: +SERVICE [/greedy_shooter/get_loggers] /greedy_shooter http://copter131:42479/
[rosmaster.master][INFO] 2019-03-28 07:34:55,384: +SERVICE [/greedy_shooter/set_logger_level] /greedy_shooter http://copter131:42479/
[rosmaster.master][INFO] 2019-03-28 07:34:55,418: +SUB [/network/recv_swarm_data] /constrained_shooter http://copter131:54834/
[rosmaster.master][INFO] 2019-03-28 07:34:55,428: +PUB [/swarm_control/behavior_status] /constrained_shooter http://copter131:54834/
[rosmaster.master][INFO] 2019-03-28 07:34:55,431: +SUB [/swarm_control/subswarm_id] /greedy_shooter http://copter131:42479/
[rosmaster.master][INFO] 2019-03-28 07:34:55,435: +PUB [/network/send_swarm_behavior_data] /constrained_shooter http://copter131:54834/
[rosmaster.master][INFO] 2019-03-28 07:34:55,441: +SERVICE [/constrained_shooter/set] /constrained_shooter http://copter131:54834/
[rosmaster.master][INFO] 2019-03-28 07:34:55,448: +SUB [/swarm_tracker/swarm_uav_states] /swarm_control http://copter131:40805/
[rosmaster.master][INFO] 2019-03-28 07:34:55,450: +SERVICE [/constrained_shooter/run] /constrained_shooter http://copter131:54834/
[rosmaster.master][INFO] 2019-03-28 07:34:55,458: +SERVICE [/constrained_shooter/pause] /constrained_shooter http://copter131:54834/
[rosmaster.master][INFO] 2019-03-28 07:34:55,459: publisherUpdate[/network/send_swarm_behavior_data] -> http://copter131:44553/
[rosmaster.master][INFO] 2019-03-28 07:34:55,467: +SUB [/autopilot/acs_pose] /patrol_box_shooter http://copter131:54684/
[rosmaster.master][INFO] 2019-03-28 07:34:55,471: +PUB [/autopilot/status] /autopilot http://copter131:53836/
[rosmaster.master][INFO] 2019-03-28 07:34:55,473: publisherUpdate[/autopilot/status] -> http://copter131:48345/
[rosmaster.master][INFO] 2019-03-28 07:34:55,474: publisherUpdate[/autopilot/status] -> http://copter131:36213/
[rosmaster.master][INFO] 2019-03-28 07:34:55,479: publisherUpdate[/autopilot/status] -> http://copter131:38975/
[rosmaster.master][INFO] 2019-03-28 07:34:55,485: publisherUpdate[/autopilot/status] -> http://copter131:36080/
[rosmaster.master][INFO] 2019-03-28 07:34:55,489: publisherUpdate[/autopilot/status] -> http://copter131:44553/
[rosmaster.master][INFO] 2019-03-28 07:34:55,491: publisherUpdate[/autopilot/status] -> http://copter131:57686/
[rosmaster.master][INFO] 2019-03-28 07:34:55,495: publisherUpdate[/autopilot/status] -> http://copter131:47562/
[rosmaster.master][INFO] 2019-03-28 07:34:55,499: publisherUpdate[/autopilot/status] -> http://copter131:54684/
[rosmaster.master][INFO] 2019-03-28 07:34:55,501: publisherUpdate[/autopilot/status] -> http://copter131:50167/
[rosmaster.master][INFO] 2019-03-28 07:34:55,506: publisherUpdate[/autopilot/status] -> http://copter131:48883/
[rosmaster.master][INFO] 2019-03-28 07:34:55,509: publisherUpdate[/autopilot/status] -> http://copter131:45581/
[rosmaster.master][INFO] 2019-03-28 07:34:55,516: publisherUpdate[/autopilot/status] -> http://copter131:42479/
[rosmaster.master][INFO] 2019-03-28 07:34:55,517: publisherUpdate[/autopilot/status] -> http://copter131:54834/
[rosmaster.master][INFO] 2019-03-28 07:34:55,552: +SUB [/swarm_control/behavior_status] /swarm_control http://copter131:40805/
[rosmaster.master][INFO] 2019-03-28 07:34:55,581: +SUB [/hit_tracker/hit_uavs] /patrol_box_shooter http://copter131:54684/
[rosmaster.master][INFO] 2019-03-28 07:34:55,583: +SUB [/autopilot/acs_pose] /constrained_shooter http://copter131:54834/
[rosmaster.master][INFO] 2019-03-28 07:34:55,595: +PUB [/air_to_air/firing_reports] /patrol_box_shooter http://copter131:54684/
[rosmaster.master][INFO] 2019-03-28 07:34:55,607: +PUB [/patrol_box_shooter/send_swarm_behavior_data] /patrol_box_shooter http://copter131:54684/
[rosmaster.master][INFO] 2019-03-28 07:34:55,616: +SUB [/autopilot/acs_pose] /smart_shooter http://copter131:45581/
[rosmaster.master][INFO] 2019-03-28 07:34:55,628: publisherUpdate[/air_to_air/firing_reports] -> http://copter131:44553/
[rosmaster.master][INFO] 2019-03-28 07:34:55,641: +SUB [/autopilot/status] /swarm_control http://copter131:40805/
[rosmaster.master][INFO] 2019-03-28 07:34:55,646: +SUB [/autopilot/acs_pose] /tactic_interface http://copter131:48883/
[rosmaster.master][INFO] 2019-03-28 07:34:55,657: +SUB [/hit_tracker/hit_uavs] /constrained_shooter http://copter131:54834/
[rosmaster.master][INFO] 2019-03-28 07:34:55,670: +PUB [/air_to_air/firing_reports] /constrained_shooter http://copter131:54834/
[rosmaster.master][INFO] 2019-03-28 07:34:55,670: publisherUpdate[/air_to_air/firing_reports] -> http://copter131:44553/
[rosmaster.master][INFO] 2019-03-28 07:34:55,685: +SUB [/hit_tracker/hit_uavs] /smart_shooter http://copter131:45581/
[rosmaster.master][INFO] 2019-03-28 07:34:55,693: +PUB [/air_to_air/firing_reports] /smart_shooter http://copter131:45581/
[rosmaster.master][INFO] 2019-03-28 07:34:55,697: +SUB [/swarm_tracker/swarm_uav_states] /safety http://copter131:37109/
[rosmaster.master][INFO] 2019-03-28 07:34:55,699: +SUB [/network/recv_swarm_data] /swarm_control http://copter131:40805/
[rosmaster.master][INFO] 2019-03-28 07:34:55,702: +SUB [/hit_tracker/hit_uavs] /tactic_interface http://copter131:48883/
[rosmaster.master][INFO] 2019-03-28 07:34:55,706: +SUB [/swarm_control/ap_intent] /greedy_shooter http://copter131:42479/
[rosmaster.master][INFO] 2019-03-28 07:34:55,709: +PUB [/rosout] /pn_interceptor http://copter131:48774/
[rosmaster.master][INFO] 2019-03-28 07:34:55,713: +SERVICE [/safety/set_health_state] /safety http://copter131:37109/
[rosmaster.master][INFO] 2019-03-28 07:34:55,731: publisherUpdate[/air_to_air/firing_reports] -> http://copter131:44553/
[rosmaster.master][INFO] 2019-03-28 07:34:55,736: publisherUpdate[/rosout] -> http://copter131:57868/
[rosmaster.master][INFO] 2019-03-28 07:34:55,737: +SERVICE [/pn_interceptor/get_loggers] /pn_interceptor http://copter131:48774/
[rosmaster.master][INFO] 2019-03-28 07:34:55,745: +SUB [/swarm_control/subswarm_id] /linear_formation http://copter131:57686/
[rosmaster.master][INFO] 2019-03-28 07:34:55,748: +SERVICE [/pn_interceptor/set_logger_level] /pn_interceptor http://copter131:48774/
[rosmaster.master][INFO] 2019-03-28 07:34:55,764: +PUB [/rosout] /patrol_box http://copter131:51350/
[rosmaster.master][INFO] 2019-03-28 07:34:55,768: +SUB [/network/net_reset] /swarm_control http://copter131:40805/
[rosmaster.master][INFO] 2019-03-28 07:34:55,772: +SUB [/network/net_reset] /tactic_interface http://copter131:48883/
[rosmaster.master][INFO] 2019-03-28 07:34:55,774: +SUB [/network/recv_swarm_data] /greedy_shooter http://copter131:42479/
[rosmaster.master][INFO] 2019-03-28 07:34:55,777: publisherUpdate[/rosout] -> http://copter131:57868/
[rosmaster.master][INFO] 2019-03-28 07:34:55,784: publisherUpdate[/swarm_control/subswarm_id] -> http://copter131:44553/
[rosmaster.master][INFO] 2019-03-28 07:34:55,784: +PUB [/swarm_control/subswarm_id] /swarm_control http://copter131:40805/
[rosmaster.master][INFO] 2019-03-28 07:34:55,789: +PUB [/air_to_air/firing_reports] /tactic_interface http://copter131:48883/
[rosmaster.master][INFO] 2019-03-28 07:34:55,790: publisherUpdate[/swarm_control/subswarm_id] -> http://copter131:57187/
[rosmaster.master][INFO] 2019-03-28 07:34:55,792: +PUB [/swarm_control/behavior_status] /greedy_shooter http://copter131:42479/
[rosmaster.master][INFO] 2019-03-28 07:34:55,797: publisherUpdate[/swarm_control/subswarm_id] -> http://copter131:36213/
[rosmaster.master][INFO] 2019-03-28 07:34:55,798: +SERVICE [/patrol_box/get_loggers] /patrol_box http://copter131:51350/
[rosmaster.master][INFO] 2019-03-28 07:34:55,802: publisherUpdate[/swarm_control/subswarm_id] -> http://copter131:38975/
[rosmaster.master][INFO] 2019-03-28 07:34:55,808: +PUB [/swarm_control/swarm_state] /swarm_control http://copter131:40805/
[rosmaster.master][INFO] 2019-03-28 07:34:55,809: +PUB [/autopilot/waypoint_goto] /tactic_interface http://copter131:48883/
[rosmaster.master][INFO] 2019-03-28 07:34:55,812: +PUB [/network/send_swarm_behavior_data] /greedy_shooter http://copter131:42479/
[rosmaster.master][INFO] 2019-03-28 07:34:55,814: publisherUpdate[/swarm_control/subswarm_id] -> http://copter131:36080/
[rosmaster.master][INFO] 2019-03-28 07:34:55,820: +SERVICE [/patrol_box/set_logger_level] /patrol_box http://copter131:51350/
[rosmaster.master][INFO] 2019-03-28 07:34:55,824: publisherUpdate[/swarm_control/subswarm_id] -> http://copter131:47562/
[rosmaster.master][INFO] 2019-03-28 07:34:55,826: +PUB [/swarm_control/swarm_behavior] /swarm_control http://copter131:40805/
[rosmaster.master][INFO] 2019-03-28 07:34:55,830: publisherUpdate[/swarm_control/subswarm_id] -> http://copter131:54684/
[rosmaster.master][INFO] 2019-03-28 07:34:55,835: publisherUpdate[/swarm_control/subswarm_id] -> http://copter131:50167/
[rosmaster.master][INFO] 2019-03-28 07:34:55,834: +PUB [/network/swarm_sub_behavior] /tactic_interface http://copter131:48883/
[rosmaster.master][INFO] 2019-03-28 07:34:55,839: publisherUpdate[/swarm_control/subswarm_id] -> http://copter131:45581/
[rosmaster.master][INFO] 2019-03-28 07:34:55,840: publisherUpdate[/swarm_control/subswarm_id] -> http://copter131:48883/
[rosmaster.master][INFO] 2019-03-28 07:34:55,841: +SERVICE [/greedy_shooter/set] /greedy_shooter http://copter131:42479/
[rosmaster.master][INFO] 2019-03-28 07:34:55,844: publisherUpdate[/swarm_control/subswarm_id] -> http://copter131:54834/
[rosmaster.master][INFO] 2019-03-28 07:34:55,846: +SUB [/swarm_control/ap_intent] /linear_formation http://copter131:57686/
[rosmaster.master][INFO] 2019-03-28 07:34:55,850: publisherUpdate[/swarm_control/subswarm_id] -> http://copter131:42479/
[rosmaster.master][INFO] 2019-03-28 07:34:55,853: publisherUpdate[/swarm_control/subswarm_id] -> http://copter131:57686/
[rosmaster.master][INFO] 2019-03-28 07:34:55,854: +SUB [/network/recv_swarm_data] /simple_ground_attack http://copter131:38975/
[rosmaster.master][INFO] 2019-03-28 07:34:55,859: publisherUpdate[/air_to_air/firing_reports] -> http://copter131:44553/
[rosmaster.master][INFO] 2019-03-28 07:34:55,861: publisherUpdate[/swarm_control/behavior_status] -> http://copter131:40805/
[rosmaster.master][INFO] 2019-03-28 07:34:55,863: +PUB [/swarm_control/ap_intent] /swarm_control http://copter131:40805/
[rosmaster.master][INFO] 2019-03-28 07:34:55,867: publisherUpdate[/swarm_control/swarm_state] -> http://copter131:57187/
[rosmaster.master][INFO] 2019-03-28 07:34:55,874: publisherUpdate[/swarm_control/swarm_state] -> http://copter131:44553/
[rosmaster.master][INFO] 2019-03-28 07:34:55,876: +SUB [/autopilot/status] /pn_interceptor http://copter131:48774/
[rosmaster.master][INFO] 2019-03-28 07:34:55,878: publisherUpdate[/autopilot/waypoint_goto] -> http://copter131:53836/
[rosmaster.master][INFO] 2019-03-28 07:34:55,882: publisherUpdate[/network/send_swarm_behavior_data] -> http://copter131:44553/
[rosmaster.master][INFO] 2019-03-28 07:34:55,885: +SERVICE [/greedy_shooter/run] /greedy_shooter http://copter131:42479/
[rosmaster.master][INFO] 2019-03-28 07:34:55,885: publisherUpdate[/swarm_control/ap_intent] -> http://copter131:36213/
[rosmaster.master][INFO] 2019-03-28 07:34:55,892: publisherUpdate[/swarm_control/ap_intent] -> http://copter131:36080/
[rosmaster.master][INFO] 2019-03-28 07:34:55,893: +PUB [/swarm_control/behavior_status] /simple_ground_attack http://copter131:38975/
[rosmaster.master][INFO] 2019-03-28 07:34:55,900: publisherUpdate[/swarm_control/ap_intent] -> http://copter131:38975/
[rosmaster.master][INFO] 2019-03-28 07:34:55,901: publisherUpdate[/swarm_control/swarm_behavior] -> http://copter131:44553/
[rosmaster.master][INFO] 2019-03-28 07:34:55,902: publisherUpdate[/swarm_control/ap_intent] -> http://copter131:47562/
[rosmaster.master][INFO] 2019-03-28 07:34:55,909: +PUB [/autopilot/waypoint_goto] /swarm_control http://copter131:40805/
[rosmaster.master][INFO] 2019-03-28 07:34:55,913: publisherUpdate[/swarm_control/ap_intent] -> http://copter131:54684/
[rosmaster.master][INFO] 2019-03-28 07:34:55,914: +PUB [/safety/payload_waypoint] /pn_interceptor http://copter131:48774/
[rosmaster.master][INFO] 2019-03-28 07:34:55,916: publisherUpdate[/network/swarm_sub_behavior] -> http://copter131:44553/
[rosmaster.master][INFO] 2019-03-28 07:34:55,917: publisherUpdate[/swarm_control/ap_intent] -> http://copter131:50167/
[rosmaster.master][INFO] 2019-03-28 07:34:55,921: +SERVICE [/greedy_shooter/pause] /greedy_shooter http://copter131:42479/
[rosmaster.master][INFO] 2019-03-28 07:34:55,925: publisherUpdate[/swarm_control/ap_intent] -> http://copter131:45581/
[rosmaster.master][INFO] 2019-03-28 07:34:55,930: publisherUpdate[/swarm_control/ap_intent] -> http://copter131:48883/
[rosmaster.master][INFO] 2019-03-28 07:34:55,931: publisherUpdate[/swarm_control/ap_intent] -> http://copter131:54834/
[rosmaster.master][INFO] 2019-03-28 07:34:55,936: publisherUpdate[/swarm_control/ap_intent] -> http://copter131:42479/
[rosmaster.master][INFO] 2019-03-28 07:34:55,938: publisherUpdate[/swarm_control/ap_intent] -> http://copter131:57686/
[rosmaster.master][INFO] 2019-03-28 07:34:55,938: +PUB [/network/send_swarm_behavior_data] /simple_ground_attack http://copter131:38975/
[rosmaster.master][INFO] 2019-03-28 07:34:55,945: publisherUpdate[/swarm_control/behavior_status] -> http://copter131:40805/
[rosmaster.master][INFO] 2019-03-28 07:34:55,947: publisherUpdate[/autopilot/waypoint_goto] -> http://copter131:53836/
[rosmaster.master][INFO] 2019-03-28 07:34:55,950: publisherUpdate[/safety/payload_waypoint] -> http://copter131:37109/
[rosmaster.master][INFO] 2019-03-28 07:34:55,956: +PUB [/swarm_control/behavior_summary] /swarm_control http://copter131:40805/
[rosmaster.master][INFO] 2019-03-28 07:34:55,958: publisherUpdate[/network/send_swarm_behavior_data] -> http://copter131:44553/
[rosmaster.master][INFO] 2019-03-28 07:34:55,969: publisherUpdate[/swarm_control/behavior_summary] -> http://copter131:44553/
[rosmaster.master][INFO] 2019-03-28 07:34:55,979: +SERVICE [/simple_ground_attack/set] /simple_ground_attack http://copter131:38975/
[rosmaster.master][INFO] 2019-03-28 07:34:55,991: +PUB [/autopilot/mode_num] /swarm_control http://copter131:40805/
[rosmaster.master][INFO] 2019-03-28 07:34:56,007: +SERVICE [/simple_ground_attack/run] /simple_ground_attack http://copter131:38975/
[rosmaster.master][INFO] 2019-03-28 07:34:56,021: +SERVICE [/simple_ground_attack/pause] /simple_ground_attack http://copter131:38975/
[rosmaster.master][INFO] 2019-03-28 07:34:56,024: +SUB [/autopilot/status] /patrol_box http://copter131:51350/
[rosmaster.master][INFO] 2019-03-28 07:34:56,036: +PUB [/safety/payload_waypoint] /patrol_box http://copter131:51350/
[rosmaster.master][INFO] 2019-03-28 07:34:56,038: +SUB [/network/recv_swarm_data] /linear_formation http://copter131:57686/
[rosmaster.master][INFO] 2019-03-28 07:34:56,042: +PARAM [/subswarm_id] by /swarm_tracker
[rosmaster.master][INFO] 2019-03-28 07:34:56,051: +PUB [/swarm_control/behavior_status] /linear_formation http://copter131:57686/
[rosmaster.master][INFO] 2019-03-28 07:34:56,059: +PUB [/network/send_swarm_behavior_data] /linear_formation http://copter131:57686/
[rosmaster.master][INFO] 2019-03-28 07:34:56,061: +SUB [/autopilot/acs_pose] /greedy_shooter http://copter131:42479/
[rosmaster.master][INFO] 2019-03-28 07:34:56,062: publisherUpdate[/autopilot/mode_num] -> http://copter131:53836/
[rosmaster.master][INFO] 2019-03-28 07:34:56,066: +SERVICE [/linear_formation/set] /linear_formation http://copter131:57686/
[rosmaster.master][INFO] 2019-03-28 07:34:56,069: publisherUpdate[/safety/payload_waypoint] -> http://copter131:37109/
[rosmaster.master][INFO] 2019-03-28 07:34:56,070: publisherUpdate[/swarm_control/behavior_status] -> http://copter131:40805/
[rosmaster.master][INFO] 2019-03-28 07:34:56,076: publisherUpdate[/network/send_swarm_behavior_data] -> http://copter131:44553/
[rosmaster.master][INFO] 2019-03-28 07:34:56,081: +SERVICE [/linear_formation/run] /linear_formation http://copter131:57686/
[rosmaster.master][INFO] 2019-03-28 07:34:56,089: +SUB [/swarm_control/subswarm_id] /patrol_box http://copter131:51350/
[rosmaster.master][INFO] 2019-03-28 07:34:56,092: +SERVICE [/linear_formation/pause] /linear_formation http://copter131:57686/
[rosmaster.master][INFO] 2019-03-28 07:34:56,106: +SUB [/hit_tracker/hit_uavs] /greedy_shooter http://copter131:42479/
[rosmaster.master][INFO] 2019-03-28 07:34:56,114: +PUB [/autopilot/waypoint_goto] /linear_formation http://copter131:57686/
[rosmaster.master][INFO] 2019-03-28 07:34:56,133: +SUB [/swarm_control/ap_intent] /patrol_box http://copter131:51350/
[rosmaster.master][INFO] 2019-03-28 07:34:56,146: +SUB [/network/net_reset] /greedy_shooter http://copter131:42479/
[rosmaster.master][INFO] 2019-03-28 07:34:56,150: +PUB [/air_to_air/firing_reports] /greedy_shooter http://copter131:42479/
[rosmaster.master][INFO] 2019-03-28 07:34:56,155: +PUB [/autopilot/waypoint_goto] /greedy_shooter http://copter131:42479/
[rosmaster.master][INFO] 2019-03-28 07:34:56,161: +SUB [/network/recv_swarm_data] /patrol_box http://copter131:51350/
[rosmaster.master][INFO] 2019-03-28 07:34:56,165: +PUB [/swarm_control/behavior_status] /patrol_box http://copter131:51350/
[rosmaster.master][INFO] 2019-03-28 07:34:56,168: +PUB [/network/send_swarm_behavior_data] /patrol_box http://copter131:51350/
[rosmaster.master][INFO] 2019-03-28 07:34:56,171: +SERVICE [/patrol_box/set] /patrol_box http://copter131:51350/
[rosmaster.master][INFO] 2019-03-28 07:34:56,174: +SERVICE [/patrol_box/run] /patrol_box http://copter131:51350/
[rosmaster.master][INFO] 2019-03-28 07:34:56,177: +SERVICE [/patrol_box/pause] /patrol_box http://copter131:51350/
[rosmaster.master][INFO] 2019-03-28 07:34:56,178: publisherUpdate[/autopilot/waypoint_goto] -> http://copter131:53836/
[rosmaster.master][INFO] 2019-03-28 07:34:56,184: publisherUpdate[/air_to_air/firing_reports] -> http://copter131:44553/
[rosmaster.master][INFO] 2019-03-28 07:34:56,185: publisherUpdate[/swarm_control/behavior_status] -> http://copter131:40805/
[rosmaster.master][INFO] 2019-03-28 07:34:56,185: publisherUpdate[/autopilot/waypoint_goto] -> http://copter131:53836/
[rosmaster.master][INFO] 2019-03-28 07:34:56,191: publisherUpdate[/network/send_swarm_behavior_data] -> http://copter131:44553/
[rosmaster.master][INFO] 2019-03-28 07:34:56,200: +SUB [/autopilot/acs_pose] /patrol_box http://copter131:51350/
[rosmaster.master][INFO] 2019-03-28 07:34:56,229: +SUB [/swarm_control/subswarm_id] /pn_interceptor http://copter131:48774/
[rosmaster.master][INFO] 2019-03-28 07:34:56,256: +SUB [/swarm_control/ap_intent] /pn_interceptor http://copter131:48774/
[rosmaster.master][INFO] 2019-03-28 07:34:56,274: +SUB [/network/recv_swarm_data] /pn_interceptor http://copter131:48774/
[rosmaster.master][INFO] 2019-03-28 07:34:56,277: +PUB [/swarm_control/behavior_status] /pn_interceptor http://copter131:48774/
[rosmaster.master][INFO] 2019-03-28 07:34:56,280: +PUB [/network/send_swarm_behavior_data] /pn_interceptor http://copter131:48774/
[rosmaster.master][INFO] 2019-03-28 07:34:56,283: +SERVICE [/pn_interceptor/set] /pn_interceptor http://copter131:48774/
[rosmaster.master][INFO] 2019-03-28 07:34:56,286: +SERVICE [/pn_interceptor/run] /pn_interceptor http://copter131:48774/
[rosmaster.master][INFO] 2019-03-28 07:34:56,288: +SERVICE [/pn_interceptor/pause] /pn_interceptor http://copter131:48774/
[rosmaster.master][INFO] 2019-03-28 07:34:56,291: publisherUpdate[/swarm_control/behavior_status] -> http://copter131:40805/
[rosmaster.master][INFO] 2019-03-28 07:34:56,294: publisherUpdate[/network/send_swarm_behavior_data] -> http://copter131:44553/
[rosmaster.master][INFO] 2019-03-28 07:34:56,508: +SUB [/swarm_control/swarm_behavior] /swarm_tracker http://copter131:57187/
[rosmaster.master][INFO] 2019-03-28 07:34:56,525: +SUB [/autopilot/status] /swarm_tracker http://copter131:57187/
[rosmaster.master][INFO] 2019-03-28 07:34:56,528: +PUB [/swarm_tracker/swarm_uav_states] /swarm_tracker http://copter131:57187/
[rosmaster.master][INFO] 2019-03-28 07:34:56,565: +SUB [/autopilot/acs_pose] /wingman http://copter131:36080/
[rosmaster.master][INFO] 2019-03-28 07:34:56,579: +SUB [/hit_tracker/hit_uavs] /wingman http://copter131:36080/
[rosmaster.master][INFO] 2019-03-28 07:34:56,582: +PUB [/autopilot/waypoint_goto] /wingman http://copter131:36080/
[rosmaster.master][INFO] 2019-03-28 07:34:56,585: +PUB [/air_to_air/firing_reports] /wingman http://copter131:36080/
[rosmaster.master][INFO] 2019-03-28 07:34:56,598: publisherUpdate[/swarm_tracker/swarm_uav_states] -> http://copter131:40805/
[rosmaster.master][INFO] 2019-03-28 07:34:56,598: publisherUpdate[/swarm_tracker/swarm_uav_states] -> http://copter131:37109/
[rosmaster.master][INFO] 2019-03-28 07:34:56,600: publisherUpdate[/autopilot/waypoint_goto] -> http://copter131:53836/
[rosmaster.master][INFO] 2019-03-28 07:34:56,603: publisherUpdate[/air_to_air/firing_reports] -> http://copter131:44553/
[rosmaster.master][INFO] 2019-03-28 07:34:59,280: +PARAM [/flight_ready] by /network
[rosmaster.master][INFO] 2019-03-28 07:35:02,944: +PARAM [/ok_rally] by /network
[rosmaster.master][INFO] 2019-03-28 07:35:02,947: +PARAM [/ok_wp] by /network
[rosmaster.master][INFO] 2019-03-28 07:35:02,949: +PARAM [/ok_param] by /network
[rosmaster.master][INFO] 2019-03-28 07:35:06,966: +PARAM [/ok_param] by /network
[rosmaster.master][INFO] 2019-03-28 07:35:13,191: +PARAM [/ok_rally] by /network
[rosmaster.master][INFO] 2019-03-28 07:35:14,467: +PARAM [/aircraft_type] by /swarm_control
[rosmaster.master][INFO] 2019-03-28 07:35:14,828: +PARAM [/ok_wp] by /network
[rosmaster.master][INFO] 2019-03-28 07:35:14,833: +PARAM [/swarm_team] by /network
[rosmaster.master][INFO] 2019-03-28 07:35:14,838: +PUB [/autopilot/waypoint_goto] /network http://copter131:44553/
[rosmaster.master][INFO] 2019-03-28 07:35:14,839: publisherUpdate[/autopilot/waypoint_goto] -> http://copter131:53836/
[rosmaster.master][INFO] 2019-03-28 07:35:44,569: +PUB [/rosout] /rostopic_7976_1553783744418 http://copter131:37131/
[rosmaster.master][INFO] 2019-03-28 07:35:44,582: +SERVICE [/rostopic_7976_1553783744418/get_loggers] /rostopic_7976_1553783744418 http://copter131:37131/
[rosmaster.master][INFO] 2019-03-28 07:35:44,591: +SERVICE [/rostopic_7976_1553783744418/set_logger_level] /rostopic_7976_1553783744418 http://copter131:37131/
[rosmaster.master][INFO] 2019-03-28 07:35:44,605: publisherUpdate[/rosout] -> http://copter131:57868/
[rosmaster.master][INFO] 2019-03-28 07:35:44,651: +SUB [/tactic_interface/altitude] /rostopic_7976_1553783744418 http://copter131:37131/
[rosmaster.master][INFO] 2019-03-28 07:39:28,281: +PARAM [/flight_ready] by /network
[rosmaster.master][INFO] 2019-03-28 07:39:30,242: +PARAM [/flight_ready] by /network
[rosmaster.master][INFO] 2019-03-28 07:39:32,793: +PARAM [/ok_rally] by /network
[rosmaster.master][INFO] 2019-03-28 07:39:32,796: +PARAM [/ok_wp] by /network
[rosmaster.master][INFO] 2019-03-28 07:39:32,799: +PARAM [/ok_param] by /network
[rosmaster.master][INFO] 2019-03-28 07:39:36,820: +PARAM [/ok_param] by /network
[rosmaster.master][INFO] 2019-03-28 07:39:37,452: +PARAM [/ok_rally] by /network
[rosmaster.master][INFO] 2019-03-28 07:39:38,488: +PARAM [/ok_wp] by /network
[rosmaster.master][INFO] 2019-03-28 07:39:38,492: +PARAM [/swarm_team] by /network
[rosmaster.master][INFO] 2019-03-28 07:40:04,796: +PARAM [/ok_rally] by /network
[rosmaster.master][INFO] 2019-03-28 07:40:04,799: +PARAM [/ok_wp] by /network
[rosmaster.master][INFO] 2019-03-28 07:40:04,803: +PARAM [/ok_param] by /network
[rosmaster.master][INFO] 2019-03-28 07:40:08,824: +PARAM [/ok_param] by /network
[rosmaster.master][INFO] 2019-03-28 07:40:09,456: +PARAM [/ok_rally] by /network
[rosmaster.master][INFO] 2019-03-28 07:40:10,491: +PARAM [/ok_wp] by /network
[rosmaster.master][INFO] 2019-03-28 07:40:10,496: +PARAM [/swarm_team] by /network
[rosmaster.master][INFO] 2019-03-28 07:41:16,486: +PUB [/rosout] /rostopic_27895_1553784076337 http://copter131:33175/
[rosmaster.master][INFO] 2019-03-28 07:41:16,498: +SERVICE [/rostopic_27895_1553784076337/get_loggers] /rostopic_27895_1553784076337 http://copter131:33175/
[rosmaster.master][INFO] 2019-03-28 07:41:16,503: +SERVICE [/rostopic_27895_1553784076337/set_logger_level] /rostopic_27895_1553784076337 http://copter131:33175/
[rosmaster.master][INFO] 2019-03-28 07:41:16,565: +SUB [/tactic_interface/radiation] /rostopic_27895_1553784076337 http://copter131:33175/
[rosmaster.master][INFO] 2019-03-28 07:41:16,574: publisherUpdate[/rosout] -> http://copter131:57868/
                                                                                                                                                                                                                                                                                                                                                                                                                                                                                                                                   