[rospy.client][INFO] 2019-03-28 07:34:53,757: init_node, name[/smart_shooter], pid[3074]
[xmlrpc][INFO] 2019-03-28 07:34:53,758: XML-RPC server binding to 0.0.0.0:0
[rospy.init][INFO] 2019-03-28 07:34:53,761: ROS Slave URI: [http://copter131:45581/]
[xmlrpc][INFO] 2019-03-28 07:34:53,760: Started XML-RPC server [http://copter131:45581/]
[rospy.impl.masterslave][INFO] 2019-03-28 07:34:53,761: _ready: http://copter131:45581/
[xmlrpc][INFO] 2019-03-28 07:34:53,764: xml rpc node: starting XML-RPC server
[rospy.registration][INFO] 2019-03-28 07:34:53,766: Registering with master node http://localhost:11311
[rospy.init][INFO] 2019-03-28 07:34:53,861: registered with master
[rospy.rosout][INFO] 2019-03-28 07:34:53,862: initializing /rosout core topic
[rospy.rosout][INFO] 2019-03-28 07:34:54,873: connected to core topic /rosout
[rospy.simtime][INFO] 2019-03-28 07:34:54,883: /use_sim_time is not set, will not subscribe to simulated time [/clock] topic
[rospy.internal][INFO] 2019-03-28 07:34:55,068: topic[/safety/payload_waypoint] adding connection to [/safety], count 0
[rospy.internal][INFO] 2019-03-28 07:34:55,122: topic[/rosout] adding connection to [/rosout], count 0
[rospy.internal][INFO] 2019-03-28 07:34:55,554: topic[/autopilot/status] adding connection to [http://copter131:53836/], count 0
[rospy.internal][INFO] 2019-03-28 07:34:55,631: topic[/swarm_control/behavior_status] adding connection to [/swarm_control], count 0
[rospy.internal][INFO] 2019-03-28 07:34:55,668: topic[/autopilot/acs_pose] adding connection to [http://copter131:53836/], count 0
[rospy.internal][INFO] 2019-03-28 07:34:55,699: topic[/hit_tracker/hit_uavs] adding connection to [http://copter131:50171/], count 0
[rospy.internal][INFO] 2019-03-28 07:34:55,817: topic[/network/send_swarm_behavior_data] adding connection to [/network], count 0
[rospy.internal][INFO] 2019-03-28 07:34:55,823: topic[/air_to_air/firing_reports] adding connection to [/network], count 0
[rospy.internal][INFO] 2019-03-28 07:34:55,866: topic[/swarm_control/subswarm_id] adding connection to [http://copter131:40805/], count 0
[rospy.internal][INFO] 2019-03-28 07:34:55,997: topic[/swarm_control/ap_intent] adding connection to [http://copter131:40805/], count 0
