[rospy.client][INFO] 2012-12-31 16:00:19,326: init_node, name[/swarm_control], pid[2891]
[xmlrpc][INFO] 2012-12-31 16:00:19,330: XML-RPC server binding to 0.0.0.0:0
[rospy.init][INFO] 2012-12-31 16:00:19,333: ROS Slave URI: [http://copter131:40805/]
[xmlrpc][INFO] 2012-12-31 16:00:19,333: Started XML-RPC server [http://copter131:40805/]
[rospy.impl.masterslave][INFO] 2012-12-31 16:00:19,333: _ready: http://copter131:40805/
[xmlrpc][INFO] 2012-12-31 16:00:19,336: xml rpc node: starting XML-RPC server
[rospy.registration][INFO] 2012-12-31 16:00:19,337: Registering with master node http://localhost:11311
[rospy.init][INFO] 2012-12-31 16:00:19,433: registered with master
[rospy.rosout][INFO] 2012-12-31 16:00:19,434: initializing /rosout core topic
[rospy.rosout][INFO] 2019-03-28 07:34:52,873: connected to core topic /rosout
[rospy.simtime][INFO] 2019-03-28 07:34:52,970: /use_sim_time is not set, will not subscribe to simulated time [/clock] topic
[rospy.internal][INFO] 2019-03-28 07:34:53,165: topic[/rosout] adding connection to [/rosout], count 0
[rosout][INFO] 2019-03-28 07:34:55,086: Behavior independent_transit successfully registered with ID 8
[rosout][INFO] 2019-03-28 07:34:55,235: Behavior evader successfully registered with ID 15
[rosout][INFO] 2019-03-28 07:34:55,411: Behavior swarm_landing_sequencer successfully registered with ID 98
[rospy.internal][INFO] 2019-03-28 07:34:55,599: topic[/swarm_control/behavior_status] adding connection to [http://copter131:36213/], count 0
[rospy.internal][INFO] 2019-03-28 07:34:55,603: topic[/swarm_control/behavior_status] adding connection to [http://copter131:47562/], count 1
[rospy.internal][INFO] 2019-03-28 07:34:55,604: topic[/swarm_control/behavior_status] adding connection to [http://copter131:36080/], count 1
[rospy.internal][INFO] 2019-03-28 07:34:55,606: topic[/swarm_control/behavior_status] adding connection to [http://copter131:54684/], count 2
[rospy.internal][INFO] 2019-03-28 07:34:55,613: topic[/swarm_control/behavior_status] adding connection to [http://copter131:50167/], count 4
[rospy.internal][INFO] 2019-03-28 07:34:55,618: topic[/swarm_control/behavior_status] adding connection to [http://copter131:45581/], count 4
[rospy.internal][INFO] 2019-03-28 07:34:55,624: topic[/swarm_control/behavior_status] adding connection to [http://copter131:54834/], count 5
[rospy.internal][INFO] 2019-03-28 07:34:55,622: topic[/swarm_control/behavior_status] adding connection to [http://copter131:48883/], count 4
[rosout][INFO] 2019-03-28 07:34:55,646: Behavior patrol_box_shooter successfully registered with ID 13
[rospy.internal][INFO] 2019-03-28 07:34:55,658: topic[/autopilot/status] adding connection to [http://copter131:53836/], count 0
[rosout][INFO] 2019-03-28 07:34:55,694: Behavior constrained_shooter successfully registered with ID 10
[rospy.internal][INFO] 2019-03-28 07:34:55,827: topic[/swarm_control/subswarm_id] adding connection to [/network], count 0
[rospy.internal][INFO] 2019-03-28 07:34:55,832: topic[/swarm_control/subswarm_id] adding connection to [/wingman], count 1
[rospy.internal][INFO] 2019-03-28 07:34:55,841: topic[/swarm_control/subswarm_id] adding connection to [/independent_transit], count 2
[rospy.internal][INFO] 2019-03-28 07:34:55,856: topic[/swarm_control/subswarm_id] adding connection to [/swarm_landing_sequencer], count 3
[rospy.internal][INFO] 2019-03-28 07:34:55,859: topic[/swarm_control/subswarm_id] adding connection to [/swarm_tracker], count 4
[rospy.internal][INFO] 2019-03-28 07:34:55,860: topic[/swarm_control/subswarm_id] adding connection to [/patrol_box_shooter], count 5
[rospy.internal][INFO] 2019-03-28 07:34:55,884: topic[/swarm_control/subswarm_id] adding connection to [/linear_formation], count 6
[rospy.internal][INFO] 2019-03-28 07:34:55,906: topic[/swarm_control/subswarm_id] adding connection to [/constrained_shooter], count 7
[rospy.internal][INFO] 2019-03-28 07:34:55,920: topic[/swarm_control/subswarm_id] adding connection to [/evader], count 8
[rospy.internal][INFO] 2019-03-28 07:34:55,930: topic[/swarm_control/swarm_state] adding connection to [/swarm_tracker], count 0
[rosout][INFO] 2019-03-28 07:34:55,941: Behavior tactic_interface successfully registered with ID 14
[rospy.internal][INFO] 2019-03-28 07:34:55,944: topic[/swarm_control/subswarm_id] adding connection to [/greedy_shooter], count 9
[rospy.internal][INFO] 2019-03-28 07:34:55,953: topic[/swarm_control/ap_intent] adding connection to [/independent_transit], count 0
[rospy.internal][INFO] 2019-03-28 07:34:55,963: topic[/swarm_control/subswarm_id] adding connection to [/tactic_interface], count 10
[rospy.internal][INFO] 2019-03-28 07:34:55,965: topic[/swarm_control/behavior_status] adding connection to [http://copter131:42479/], count 8
[rospy.internal][INFO] 2019-03-28 07:34:55,974: topic[/swarm_control/swarm_behavior] adding connection to [/network], count 0
[rospy.internal][INFO] 2019-03-28 07:34:55,981: topic[/swarm_control/ap_intent] adding connection to [/wingman], count 1
[rospy.internal][INFO] 2019-03-28 07:34:55,991: topic[/swarm_control/ap_intent] adding connection to [/evader], count 2
[rospy.internal][INFO] 2019-03-28 07:34:56,005: topic[/swarm_control/swarm_state] adding connection to [/network], count 1
[rospy.internal][INFO] 2019-03-28 07:34:56,013: topic[/swarm_control/ap_intent] adding connection to [/swarm_landing_sequencer], count 3
[rospy.internal][INFO] 2019-03-28 07:34:56,019: topic[/swarm_control/ap_intent] adding connection to [/greedy_shooter], count 4
[rosout][INFO] 2019-03-28 07:34:56,017: Subswarm updated to 0
[rosout][INFO] 2019-03-28 07:34:56,023: Swarm state updated to Preflight
[rosout][INFO] 2019-03-28 07:34:56,024: Active swarm behavior updated to standby
[rospy.internal][INFO] 2019-03-28 07:34:56,029: topic[/swarm_control/ap_intent] adding connection to [/patrol_box_shooter], count 5
[rospy.internal][INFO] 2019-03-28 07:34:56,032: topic[/swarm_control/behavior_status] adding connection to [http://copter131:38975/], count 9
[rospy.internal][INFO] 2019-03-28 07:34:56,035: topic[/swarm_control/ap_intent] adding connection to [/tactic_interface], count 6
[rospy.internal][INFO] 2019-03-28 07:34:56,038: topic[/swarm_control/behavior_summary] adding connection to [/network], count 0
[rospy.internal][INFO] 2019-03-28 07:34:56,039: topic[/swarm_control/ap_intent] adding connection to [/linear_formation], count 7
[rospy.internal][INFO] 2019-03-28 07:34:56,040: topic[/swarm_control/ap_intent] adding connection to [/constrained_shooter], count 8
[rospy.internal][INFO] 2019-03-28 07:34:56,042: topic[/autopilot/waypoint_goto] adding connection to [/autopilot], count 0
[rospy.internal][INFO] 2019-03-28 07:34:56,099: topic[/swarm_control/behavior_status] adding connection to [http://copter131:57686/], count 10
[rospy.internal][INFO] 2019-03-28 07:34:56,116: topic[/autopilot/mode_num] adding connection to [/autopilot], count 0
[rospy.internal][INFO] 2019-03-28 07:34:56,122: topic[/swarm_control/subswarm_id] adding connection to [/patrol_box], count 11
[rosout][INFO] 2019-03-28 07:34:56,134: Behavior linear_formation successfully registered with ID 1
[rospy.internal][INFO] 2019-03-28 07:34:56,153: topic[/swarm_control/ap_intent] adding connection to [/patrol_box], count 9
[rosout][INFO] 2019-03-28 07:34:56,165: Behavior greedy_shooter successfully registered with ID 4
[rosout][INFO] 2019-03-28 07:34:56,208: Behavior patrol_box successfully registered with ID 12
[rospy.internal][INFO] 2019-03-28 07:34:56,217: topic[/swarm_control/behavior_status] adding connection to [http://copter131:51350/], count 11
[rospy.internal][INFO] 2019-03-28 07:34:56,257: topic[/swarm_control/subswarm_id] adding connection to [/pn_interceptor], count 12
[rospy.internal][INFO] 2019-03-28 07:34:56,267: topic[/swarm_control/ap_intent] adding connection to [/pn_interceptor], count 10
[rosout][INFO] 2019-03-28 07:34:56,296: Behavior pn_interceptor successfully registered with ID 5
[rospy.internal][INFO] 2019-03-28 07:34:56,339: topic[/swarm_control/behavior_status] adding connection to [http://copter131:48774/], count 12
[rospy.internal][INFO] 2019-03-28 07:34:56,514: topic[/swarm_control/subswarm_id] adding connection to [/simple_ground_attack], count 13
[rospy.internal][INFO] 2019-03-28 07:34:56,516: topic[/swarm_control/ap_intent] adding connection to [/simple_ground_attack], count 11
[rosout][INFO] 2019-03-28 07:34:56,518: Behavior simple_ground_attack successfully registered with ID 16
[rospy.internal][INFO] 2019-03-28 07:34:56,553: topic[/swarm_control/swarm_behavior] adding connection to [/swarm_tracker], count 1
[rosout][INFO] 2019-03-28 07:34:56,557: Behavior smart_shooter successfully registered with ID 9
[rospy.internal][INFO] 2019-03-28 07:34:56,561: topic[/swarm_control/subswarm_id] adding connection to [/smart_shooter], count 14
[rospy.internal][INFO] 2019-03-28 07:34:56,563: topic[/swarm_control/ap_intent] adding connection to [/smart_shooter], count 12
[rosout][INFO] 2019-03-28 07:34:56,593: Behavior wingman successfully registered with ID 11
[rospy.internal][INFO] 2019-03-28 07:34:56,656: topic[/swarm_tracker/swarm_uav_states] adding connection to [http://copter131:57187/], count 0
[rosout][INFO] 2019-03-28 07:34:59,335: Swarm state updated to Flight Ready
