[rospy.client][INFO] 2019-03-28 07:34:53,672: init_node, name[/tactic_interface], pid[2980]
[xmlrpc][INFO] 2019-03-28 07:34:53,677: XML-RPC server binding to 0.0.0.0:0
[xmlrpc][INFO] 2019-03-28 07:34:53,683: Started XML-RPC server [http://copter131:48883/]
[rospy.impl.masterslave][INFO] 2019-03-28 07:34:53,683: _ready: http://copter131:48883/
[rospy.init][INFO] 2019-03-28 07:34:53,687: ROS Slave URI: [http://copter131:48883/]
[rospy.registration][INFO] 2019-03-28 07:34:53,691: Registering with master node http://localhost:11311
[xmlrpc][INFO] 2019-03-28 07:34:53,691: xml rpc node: starting XML-RPC server
[rospy.registration][INFO] 2019-03-28 07:34:53,702: Registering publisher topic [/safety/payload_waypoint] type [autopilot_bridge/LLA] with master
[rospy.registration][INFO] 2019-03-28 07:34:54,712: registering subscriber topic [/autopilot/status] type [autopilot_bridge/Status] with master
[rospy.internal][INFO] 2019-03-28 07:34:54,824: topic[/safety/payload_waypoint] adding connection to [/safety], count 0
[rospy.init][INFO] 2019-03-28 07:34:54,990: registered with master
[rospy.rosout][INFO] 2019-03-28 07:34:54,991: initializing /rosout core topic
[rospy.rosout][INFO] 2019-03-28 07:34:55,006: connected to core topic /rosout
[rospy.simtime][INFO] 2019-03-28 07:34:55,024: /use_sim_time is not set, will not subscribe to simulated time [/clock] topic
[rospy.internal][INFO] 2019-03-28 07:34:55,230: topic[/rosout] adding connection to [/rosout], count 0
[rospy.internal][INFO] 2019-03-28 07:34:55,544: topic[/autopilot/status] adding connection to [http://copter131:53836/], count 0
[rospy.internal][INFO] 2019-03-28 07:34:55,628: topic[/swarm_control/behavior_status] adding connection to [/swarm_control], count 0
[rospy.internal][INFO] 2019-03-28 07:34:55,661: topic[/autopilot/acs_pose] adding connection to [http://copter131:53836/], count 0
[rospy.internal][INFO] 2019-03-28 07:34:55,724: topic[/hit_tracker/hit_uavs] adding connection to [http://copter131:50171/], count 0
[rospy.internal][INFO] 2019-03-28 07:34:55,818: topic[/network/send_swarm_behavior_data] adding connection to [/network], count 0
[rospy.internal][INFO] 2019-03-28 07:34:55,920: topic[/swarm_control/subswarm_id] adding connection to [http://copter131:40805/], count 0
[rospy.internal][INFO] 2019-03-28 07:34:55,925: topic[/autopilot/waypoint_goto] adding connection to [/autopilot], count 0
[rospy.internal][INFO] 2019-03-28 07:34:55,985: topic[/network/swarm_sub_behavior] adding connection to [/network], count 0
[rospy.internal][INFO] 2019-03-28 07:34:55,997: topic[/air_to_air/firing_reports] adding connection to [/network], count 0
[rospy.internal][INFO] 2019-03-28 07:34:56,000: topic[/swarm_control/ap_intent] adding connection to [http://copter131:40805/], count 0
