[rospy.client][INFO] 2012-12-31 16:00:15,490: init_node, name[/altitude_sensor], pid[2812]
[xmlrpc][INFO] 2012-12-31 16:00:15,510: XML-RPC server binding to 0.0.0.0:0
[xmlrpc][INFO] 2012-12-31 16:00:15,511: Started XML-RPC server [http://copter131:50525/]
[rospy.init][INFO] 2012-12-31 16:00:15,512: ROS Slave URI: [http://copter131:50525/]
[rospy.impl.masterslave][INFO] 2012-12-31 16:00:15,512: _ready: http://copter131:50525/
[rospy.registration][INFO] 2012-12-31 16:00:15,514: Registering with master node http://localhost:11311
[xmlrpc][INFO] 2012-12-31 16:00:15,515: xml rpc node: starting XML-RPC server
[rospy.init][INFO] 2012-12-31 16:00:15,612: registered with master
[rospy.rosout][INFO] 2012-12-31 16:00:15,613: initializing /rosout core topic
[rospy.rosout][INFO] 2012-12-31 16:00:15,625: connected to core topic /rosout
[rospy.simtime][INFO] 2012-12-31 16:00:15,649: /use_sim_time is not set, will not subscribe to simulated time [/clock] topic
[rospy.internal][INFO] 2012-12-31 16:00:16,020: topic[/rosout] adding connection to [/rosout], count 0
[rospy.internal][INFO] 2019-03-19 07:14:27,554: topic[/tactic_interface/altitude] adding connection to [/rostopic_9027_1553004867279], count 0
[rospy.internal][INFO] 2019-03-19 07:14:29,891: topic[/tactic_interface/altitude] removing connection to /rostopic_9027_1553004867279
[rospy.core][INFO] 2019-03-19 07:20:57,886: signal_shutdown [atexit]
[rospy.internal][INFO] 2019-03-19 07:20:57,897: topic[/rosout] removing connection to /rosout
[rospy.impl.masterslave][INFO] 2019-03-19 07:20:57,898: atexit
[rospy.client][INFO] 2019-03-19 07:20:58,535: init_node, name[/altitude_sensor], pid[3999]
[xmlrpc][INFO] 2019-03-19 07:20:58,536: XML-RPC server binding to 0.0.0.0:0
[xmlrpc][INFO] 2019-03-19 07:20:58,537: Started XML-RPC server [http://copter131:54843/]
[rospy.init][INFO] 2019-03-19 07:20:58,537: ROS Slave URI: [http://copter131:54843/]
[rospy.impl.masterslave][INFO] 2019-03-19 07:20:58,537: _ready: http://copter131:54843/
[xmlrpc][INFO] 2019-03-19 07:20:58,538: xml rpc node: starting XML-RPC server
[rospy.registration][INFO] 2019-03-19 07:20:58,539: Registering with master node http://localhost:11311
[rospy.init][INFO] 2019-03-19 07:20:58,637: registered with master
[rospy.rosout][INFO] 2019-03-19 07:20:58,638: initializing /rosout core topic
[rospy.rosout][INFO] 2019-03-19 07:20:58,648: connected to core topic /rosout
[rospy.simtime][INFO] 2019-03-19 07:20:58,655: /use_sim_time is not set, will not subscribe to simulated time [/clock] topic
[rospy.internal][INFO] 2019-03-19 07:20:58,902: topic[/rosout] adding connection to [/rosout], count 0
[rospy.core][INFO] 2019-03-19 07:22:04,498: signal_shutdown [atexit]
[rospy.internal][INFO] 2019-03-19 07:22:04,510: topic[/rosout] removing connection to /rosout
[rospy.impl.masterslave][INFO] 2019-03-19 07:22:04,512: atexit
[rospy.client][INFO] 2019-03-19 07:22:05,089: init_node, name[/altitude_sensor], pid[8394]
[xmlrpc][INFO] 2019-03-19 07:22:05,090: XML-RPC server binding to 0.0.0.0:0
[xmlrpc][INFO] 2019-03-19 07:22:05,090: Started XML-RPC server [http://copter131:56284/]
[rospy.init][INFO] 2019-03-19 07:22:05,091: ROS Slave URI: [http://copter131:56284/]
[rospy.impl.masterslave][INFO] 2019-03-19 07:22:05,091: _ready: http://copter131:56284/
[xmlrpc][INFO] 2019-03-19 07:22:05,092: xml rpc node: starting XML-RPC server
[rospy.registration][INFO] 2019-03-19 07:22:05,093: Registering with master node http://localhost:11311
[rospy.init][INFO] 2019-03-19 07:22:05,191: registered with master
[rospy.rosout][INFO] 2019-03-19 07:22:05,192: initializing /rosout core topic
[rospy.rosout][INFO] 2019-03-19 07:22:05,199: connected to core topic /rosout
[rospy.simtime][INFO] 2019-03-19 07:22:05,205: /use_sim_time is not set, will not subscribe to simulated time [/clock] topic
[rospy.internal][INFO] 2019-03-19 07:22:05,476: topic[/rosout] adding connection to [/rosout], count 0
[rospy.internal][INFO] 2019-03-19 07:46:33,727: topic[/tactic_interface/altitude] adding connection to [/tactic_interface], count 0
[rospy.core][INFO] 2019-03-19 07:46:37,133: signal_shutdown [atexit]
[rospy.internal][INFO] 2019-03-19 07:46:37,144: topic[/tactic_interface/altitude] removing connection to /tactic_interface
[rospy.internal][INFO] 2019-03-19 07:46:37,148: topic[/rosout] removing connection to /rosout
[rospy.impl.masterslave][INFO] 2019-03-19 07:46:37,150: atexit
[rospy.client][INFO] 2019-03-19 07:46:37,774: init_node, name[/altitude_sensor], pid[3172]
[xmlrpc][INFO] 2019-03-19 07:46:37,775: XML-RPC server binding to 0.0.0.0:0
[xmlrpc][INFO] 2019-03-19 07:46:37,776: Started XML-RPC server [http://copter131:45980/]
[rospy.impl.masterslave][INFO] 2019-03-19 07:46:37,776: _ready: http://copter131:45980/
[rospy.init][INFO] 2019-03-19 07:46:37,776: ROS Slave URI: [http://copter131:45980/]
[xmlrpc][INFO] 2019-03-19 07:46:37,777: xml rpc node: starting XML-RPC server
[rospy.registration][INFO] 2019-03-19 07:46:37,778: Registering with master node http://localhost:11311
[rospy.init][INFO] 2019-03-19 07:46:37,878: registered with master
[rospy.rosout][INFO] 2019-03-19 07:46:37,878: initializing /rosout core topic
[rospy.rosout][INFO] 2019-03-19 07:46:37,887: connected to core topic /rosout
[rospy.simtime][INFO] 2019-03-19 07:46:37,893: /use_sim_time is not set, will not subscribe to simulated time [/clock] topic
[rospy.internal][INFO] 2019-03-19 07:46:37,999: topic[/tactic_interface/altitude] adding connection to [/tactic_interface], count 0
[rospy.core][INFO] 2019-03-19 07:46:38,007: signal_shutdown [atexit]
[rospy.internal][INFO] 2019-03-19 07:46:38,018: topic[/tactic_interface/altitude] removing connection to /tactic_interface
[rospy.impl.masterslave][INFO] 2019-03-19 07:46:38,019: atexit
[rospy.client][INFO] 2019-03-19 07:46:38,600: init_node, name[/altitude_sensor], pid[3257]
[xmlrpc][INFO] 2019-03-19 07:46:38,601: XML-RPC server binding to 0.0.0.0:0
[xmlrpc][INFO] 2019-03-19 07:46:38,602: Started XML-RPC server [http://copter131:54625/]
[rospy.init][INFO] 2019-03-19 07:46:38,602: ROS Slave URI: [http://copter131:54625/]
[rospy.impl.masterslave][INFO] 2019-03-19 07:46:38,602: _ready: http://copter131:54625/
[xmlrpc][INFO] 2019-03-19 07:46:38,603: xml rpc node: starting XML-RPC server
[rospy.registration][INFO] 2019-03-19 07:46:38,604: Registering with master node http://localhost:11311
[rospy.init][INFO] 2019-03-19 07:46:38,703: registered with master
[rospy.rosout][INFO] 2019-03-19 07:46:38,703: initializing /rosout core topic
[rospy.rosout][INFO] 2019-03-19 07:46:38,711: connected to core topic /rosout
[rospy.simtime][INFO] 2019-03-19 07:46:38,717: /use_sim_time is not set, will not subscribe to simulated time [/clock] topic
[rospy.internal][INFO] 2019-03-19 07:46:38,813: topic[/tactic_interface/altitude] adding connection to [/tactic_interface], count 0
[rospy.internal][INFO] 2019-03-19 07:46:39,005: topic[/rosout] adding connection to [/rosout], count 0
[rospy.core][INFO] 2019-03-19 07:46:55,738: signal_shutdown [atexit]
[rospy.internal][INFO] 2019-03-19 07:46:55,751: topic[/tactic_interface/altitude] removing connection to /tactic_interface
[rospy.internal][INFO] 2019-03-19 07:46:55,754: topic[/rosout] removing connection to /rosout
[rospy.impl.masterslave][INFO] 2019-03-19 07:46:55,755: atexit
[rospy.client][INFO] 2019-03-19 07:46:56,374: init_node, name[/altitude_sensor], pid[4586]
[xmlrpc][INFO] 2019-03-19 07:46:56,375: XML-RPC server binding to 0.0.0.0:0
[xmlrpc][INFO] 2019-03-19 07:46:56,376: Started XML-RPC server [http://copter131:46952/]
[rospy.init][INFO] 2019-03-19 07:46:56,376: ROS Slave URI: [http://copter131:46952/]
[rospy.impl.masterslave][INFO] 2019-03-19 07:46:56,376: _ready: http://copter131:46952/
[xmlrpc][INFO] 2019-03-19 07:46:56,378: xml rpc node: starting XML-RPC server
[rospy.registration][INFO] 2019-03-19 07:46:56,379: Registering with master node http://localhost:11311
[rospy.init][INFO] 2019-03-19 07:46:56,477: registered with master
[rospy.rosout][INFO] 2019-03-19 07:46:56,477: initializing /rosout core topic
[rospy.rosout][INFO] 2019-03-19 07:46:56,485: connected to core topic /rosout
[rospy.simtime][INFO] 2019-03-19 07:46:56,491: /use_sim_time is not set, will not subscribe to simulated time [/clock] topic
[rospy.internal][INFO] 2019-03-19 07:46:56,587: topic[/tactic_interface/altitude] adding connection to [/tactic_interface], count 0
[rospy.internal][INFO] 2019-03-19 07:46:56,666: topic[/rosout] adding connection to [/rosout], count 0
[rospy.core][INFO] 2019-03-19 07:46:56,669: signal_shutdown [atexit]
[rospy.internal][INFO] 2019-03-19 07:46:56,680: topic[/tactic_interface/altitude] removing connection to /tactic_interface
[rospy.internal][INFO] 2019-03-19 07:46:56,681: topic[/rosout] removing connection to /rosout
[rospy.impl.masterslave][INFO] 2019-03-19 07:46:56,682: atexit
[rospy.client][INFO] 2019-03-19 07:46:57,295: init_node, name[/altitude_sensor], pid[4660]
[xmlrpc][INFO] 2019-03-19 07:46:57,296: XML-RPC server binding to 0.0.0.0:0
[xmlrpc][INFO] 2019-03-19 07:46:57,297: Started XML-RPC server [http://copter131:52086/]
[rospy.init][INFO] 2019-03-19 07:46:57,297: ROS Slave URI: [http://copter131:52086/]
[rospy.impl.masterslave][INFO] 2019-03-19 07:46:57,298: _ready: http://copter131:52086/
[xmlrpc][INFO] 2019-03-19 07:46:57,299: xml rpc node: starting XML-RPC server
[rospy.registration][INFO] 2019-03-19 07:46:57,300: Registering with master node http://localhost:11311
[rospy.init][INFO] 2019-03-19 07:46:57,398: registered with master
[rospy.rosout][INFO] 2019-03-19 07:46:57,398: initializing /rosout core topic
[rospy.rosout][INFO] 2019-03-19 07:46:57,406: connected to core topic /rosout
[rospy.simtime][INFO] 2019-03-19 07:46:57,411: /use_sim_time is not set, will not subscribe to simulated time [/clock] topic
[rospy.internal][INFO] 2019-03-19 07:46:57,504: topic[/tactic_interface/altitude] adding connection to [/tactic_interface], count 0
[rospy.internal][INFO] 2019-03-19 07:46:57,582: topic[/rosout] adding connection to [/rosout], count 0
[rospy.core][INFO] 2019-03-19 07:46:57,587: signal_shutdown [atexit]
[rospy.internal][INFO] 2019-03-19 07:46:57,598: topic[/tactic_interface/altitude] removing connection to /tactic_interface
[rospy.internal][INFO] 2019-03-19 07:46:57,601: topic[/rosout] removing connection to /rosout
[rospy.impl.masterslave][INFO] 2019-03-19 07:46:57,602: atexit
[rospy.client][INFO] 2019-03-19 07:46:58,223: init_node, name[/altitude_sensor], pid[4756]
[xmlrpc][INFO] 2019-03-19 07:46:58,224: XML-RPC server binding to 0.0.0.0:0
[xmlrpc][INFO] 2019-03-19 07:46:58,225: Started XML-RPC server [http://copter131:42887/]
[rospy.init][INFO] 2019-03-19 07:46:58,226: ROS Slave URI: [http://copter131:42887/]
[rospy.impl.masterslave][INFO] 2019-03-19 07:46:58,226: _ready: http://copter131:42887/
[xmlrpc][INFO] 2019-03-19 07:46:58,227: xml rpc node: starting XML-RPC server
[rospy.registration][INFO] 2019-03-19 07:46:58,228: Registering with master node http://localhost:11311
[rospy.init][INFO] 2019-03-19 07:46:58,326: registered with master
[rospy.rosout][INFO] 2019-03-19 07:46:58,327: initializing /rosout core topic
[rospy.rosout][INFO] 2019-03-19 07:46:58,334: connected to core topic /rosout
[rospy.simtime][INFO] 2019-03-19 07:46:58,341: /use_sim_time is not set, will not subscribe to simulated time [/clock] topic
[rospy.internal][INFO] 2019-03-19 07:46:58,421: topic[/tactic_interface/altitude] adding connection to [/tactic_interface], count 0
[rospy.internal][INFO] 2019-03-19 07:46:58,503: topic[/rosout] adding connection to [/rosout], count 0
[rospy.core][INFO] 2019-03-19 07:46:58,514: signal_shutdown [atexit]
[rospy.internal][INFO] 2019-03-19 07:46:58,526: topic[/tactic_interface/altitude] removing connection to /tactic_interface
[rospy.internal][INFO] 2019-03-19 07:46:58,527: topic[/rosout] removing connection to /rosout
[rospy.impl.masterslave][INFO] 2019-03-19 07:46:58,529: atexit
[rospy.client][INFO] 2019-03-19 07:46:59,155: init_node, name[/altitude_sensor], pid[4861]
[xmlrpc][INFO] 2019-03-19 07:46:59,156: XML-RPC server binding to 0.0.0.0:0
[rospy.init][INFO] 2019-03-19 07:46:59,157: ROS Slave URI: [http://copter131:52447/]
[xmlrpc][INFO] 2019-03-19 07:46:59,157: Started XML-RPC server [http://copter131:52447/]
[rospy.impl.masterslave][INFO] 2019-03-19 07:46:59,158: _ready: http://copter131:52447/
[xmlrpc][INFO] 2019-03-19 07:46:59,159: xml rpc node: starting XML-RPC server
[rospy.registration][INFO] 2019-03-19 07:46:59,160: Registering with master node http://localhost:11311
[rospy.init][INFO] 2019-03-19 07:46:59,258: registered with master
[rospy.rosout][INFO] 2019-03-19 07:46:59,258: initializing /rosout core topic
[rospy.rosout][INFO] 2019-03-19 07:46:59,265: connected to core topic /rosout
[rospy.simtime][INFO] 2019-03-19 07:46:59,273: /use_sim_time is not set, will not subscribe to simulated time [/clock] topic
[rospy.internal][INFO] 2019-03-19 07:46:59,335: topic[/tactic_interface/altitude] adding connection to [/tactic_interface], count 0
[rospy.internal][INFO] 2019-03-19 07:46:59,416: topic[/rosout] adding connection to [/rosout], count 0
[rospy.core][INFO] 2019-03-19 07:47:05,796: signal_shutdown [atexit]
[rospy.internal][INFO] 2019-03-19 07:47:05,807: topic[/tactic_interface/altitude] removing connection to /tactic_interface
[rospy.internal][INFO] 2019-03-19 07:47:05,809: topic[/rosout] removing connection to /rosout
[rospy.impl.masterslave][INFO] 2019-03-19 07:47:05,810: atexit
[rospy.client][INFO] 2019-03-19 07:47:06,439: init_node, name[/altitude_sensor], pid[5368]
[xmlrpc][INFO] 2019-03-19 07:47:06,440: XML-RPC server binding to 0.0.0.0:0
[xmlrpc][INFO] 2019-03-19 07:47:06,441: Started XML-RPC server [http://copter131:60266/]
[rospy.init][INFO] 2019-03-19 07:47:06,442: ROS Slave URI: [http://copter131:60266/]
[rospy.impl.masterslave][INFO] 2019-03-19 07:47:06,442: _ready: http://copter131:60266/
[xmlrpc][INFO] 2019-03-19 07:47:06,443: xml rpc node: starting XML-RPC server
[rospy.registration][INFO] 2019-03-19 07:47:06,444: Registering with master node http://localhost:11311
[rospy.init][INFO] 2019-03-19 07:47:06,542: registered with master
[rospy.rosout][INFO] 2019-03-19 07:47:06,543: initializing /rosout core topic
[rospy.rosout][INFO] 2019-03-19 07:47:06,550: connected to core topic /rosout
[rospy.simtime][INFO] 2019-03-19 07:47:06,556: /use_sim_time is not set, will not subscribe to simulated time [/clock] topic
[rospy.internal][INFO] 2019-03-19 07:47:06,655: topic[/tactic_interface/altitude] adding connection to [/tactic_interface], count 0
[rospy.core][INFO] 2019-03-19 07:47:06,730: signal_shutdown [atexit]
[rospy.internal][INFO] 2019-03-19 07:47:06,740: topic[/tactic_interface/altitude] removing connection to /tactic_interface
[rospy.impl.masterslave][INFO] 2019-03-19 07:47:06,744: atexit
[rospy.client][INFO] 2019-03-19 07:47:07,364: init_node, name[/altitude_sensor], pid[5449]
[xmlrpc][INFO] 2019-03-19 07:47:07,365: XML-RPC server binding to 0.0.0.0:0
[xmlrpc][INFO] 2019-03-19 07:47:07,366: Started XML-RPC server [http://copter131:42105/]
[rospy.init][INFO] 2019-03-19 07:47:07,366: ROS Slave URI: [http://copter131:42105/]
[rospy.impl.masterslave][INFO] 2019-03-19 07:47:07,367: _ready: http://copter131:42105/
[xmlrpc][INFO] 2019-03-19 07:47:07,368: xml rpc node: starting XML-RPC server
[rospy.registration][INFO] 2019-03-19 07:47:07,369: Registering with master node http://localhost:11311
[rospy.init][INFO] 2019-03-19 07:47:07,467: registered with master
[rospy.rosout][INFO] 2019-03-19 07:47:07,467: initializing /rosout core topic
[rospy.rosout][INFO] 2019-03-19 07:47:07,475: connected to core topic /rosout
[rospy.simtime][INFO] 2019-03-19 07:47:07,481: /use_sim_time is not set, will not subscribe to simulated time [/clock] topic
[rospy.internal][INFO] 2019-03-19 07:47:07,572: topic[/tactic_interface/altitude] adding connection to [/tactic_interface], count 0
[rospy.core][INFO] 2019-03-19 07:47:07,658: signal_shutdown [atexit]
[rospy.internal][INFO] 2019-03-19 07:47:07,675: topic[/tactic_interface/altitude] removing connection to /tactic_interface
[rospy.impl.masterslave][INFO] 2019-03-19 07:47:07,679: atexit
[rospy.client][INFO] 2019-03-19 07:47:08,298: init_node, name[/altitude_sensor], pid[5524]
[xmlrpc][INFO] 2019-03-19 07:47:08,299: XML-RPC server binding to 0.0.0.0:0
[xmlrpc][INFO] 2019-03-19 07:47:08,300: Started XML-RPC server [http://copter131:57719/]
[rospy.init][INFO] 2019-03-19 07:47:08,300: ROS Slave URI: [http://copter131:57719/]
[rospy.impl.masterslave][INFO] 2019-03-19 07:47:08,300: _ready: http://copter131:57719/
[xmlrpc][INFO] 2019-03-19 07:47:08,302: xml rpc node: starting XML-RPC server
[rospy.registration][INFO] 2019-03-19 07:47:08,303: Registering with master node http://localhost:11311
[rospy.init][INFO] 2019-03-19 07:47:08,401: registered with master
[rospy.rosout][INFO] 2019-03-19 07:47:08,401: initializing /rosout core topic
[rospy.rosout][INFO] 2019-03-19 07:47:08,408: connected to core topic /rosout
[rospy.simtime][INFO] 2019-03-19 07:47:08,413: /use_sim_time is not set, will not subscribe to simulated time [/clock] topic
[rospy.internal][INFO] 2019-03-19 07:47:08,488: topic[/tactic_interface/altitude] adding connection to [/tactic_interface], count 0
[rospy.internal][INFO] 2019-03-19 07:47:08,577: topic[/rosout] adding connection to [/rosout], count 0
[rospy.core][INFO] 2019-03-19 07:47:08,587: signal_shutdown [atexit]
[rospy.internal][INFO] 2019-03-19 07:47:08,598: topic[/tactic_interface/altitude] removing connection to /tactic_interface
[rospy.internal][INFO] 2019-03-19 07:47:08,601: topic[/rosout] removing connection to /rosout
[rospy.impl.masterslave][INFO] 2019-03-19 07:47:08,604: atexit
[rospy.client][INFO] 2019-03-19 07:47:09,223: init_node, name[/altitude_sensor], pid[5603]
[xmlrpc][INFO] 2019-03-19 07:47:09,224: XML-RPC server binding to 0.0.0.0:0
[xmlrpc][INFO] 2019-03-19 07:47:09,225: Started XML-RPC server [http://copter131:58234/]
[rospy.init][INFO] 2019-03-19 07:47:09,225: ROS Slave URI: [http://copter131:58234/]
[rospy.impl.masterslave][INFO] 2019-03-19 07:47:09,225: _ready: http://copter131:58234/
[xmlrpc][INFO] 2019-03-19 07:47:09,227: xml rpc node: starting XML-RPC server
[rospy.registration][INFO] 2019-03-19 07:47:09,228: Registering with master node http://localhost:11311
[rospy.init][INFO] 2019-03-19 07:47:09,326: registered with master
[rospy.rosout][INFO] 2019-03-19 07:47:09,326: initializing /rosout core topic
[rospy.rosout][INFO] 2019-03-19 07:47:09,333: connected to core topic /rosout
[rospy.simtime][INFO] 2019-03-19 07:47:09,339: /use_sim_time is not set, will not subscribe to simulated time [/clock] topic
[rospy.internal][INFO] 2019-03-19 07:47:09,403: topic[/tactic_interface/altitude] adding connection to [/tactic_interface], count 0
[rospy.core][INFO] 2019-03-19 07:47:09,516: signal_shutdown [atexit]
[rospy.internal][INFO] 2019-03-19 07:47:09,527: topic[/tactic_interface/altitude] removing connection to /tactic_interface
[rospy.impl.masterslave][INFO] 2019-03-19 07:47:09,528: atexit
[rospy.client][INFO] 2019-03-19 07:47:10,152: init_node, name[/altitude_sensor], pid[5680]
[xmlrpc][INFO] 2019-03-19 07:47:10,153: XML-RPC server binding to 0.0.0.0:0
[xmlrpc][INFO] 2019-03-19 07:47:10,154: Started XML-RPC server [http://copter131:41362/]
[rospy.init][INFO] 2019-03-19 07:47:10,154: ROS Slave URI: [http://copter131:41362/]
[rospy.impl.masterslave][INFO] 2019-03-19 07:47:10,155: _ready: http://copter131:41362/
[xmlrpc][INFO] 2019-03-19 07:47:10,155: xml rpc node: starting XML-RPC server
[rospy.registration][INFO] 2019-03-19 07:47:10,157: Registering with master node http://localhost:11311
[rospy.init][INFO] 2019-03-19 07:47:10,255: registered with master
[rospy.rosout][INFO] 2019-03-19 07:47:10,255: initializing /rosout core topic
[rospy.rosout][INFO] 2019-03-19 07:47:10,263: connected to core topic /rosout
[rospy.simtime][INFO] 2019-03-19 07:47:10,270: /use_sim_time is not set, will not subscribe to simulated time [/clock] topic
[rospy.internal][INFO] 2019-03-19 07:47:10,319: topic[/tactic_interface/altitude] adding connection to [/tactic_interface], count 0
[rospy.internal][INFO] 2019-03-19 07:47:10,408: topic[/rosout] adding connection to [/rosout], count 0
[rospy.core][INFO] 2019-03-19 07:47:12,294: signal_shutdown [atexit]
[rospy.internal][INFO] 2019-03-19 07:47:12,310: topic[/tactic_interface/altitude] removing connection to /tactic_interface
[rospy.internal][INFO] 2019-03-19 07:47:12,319: topic[/rosout] removing connection to /rosout
[rospy.impl.masterslave][INFO] 2019-03-19 07:47:12,320: atexit
[rospy.client][INFO] 2019-03-19 07:47:12,890: init_node, name[/altitude_sensor], pid[5863]
[xmlrpc][INFO] 2019-03-19 07:47:12,891: XML-RPC server binding to 0.0.0.0:0
[xmlrpc][INFO] 2019-03-19 07:47:12,892: Started XML-RPC server [http://copter131:38588/]
[rospy.impl.masterslave][INFO] 2019-03-19 07:47:12,892: _ready: http://copter131:38588/
[rospy.init][INFO] 2019-03-19 07:47:12,892: ROS Slave URI: [http://copter131:38588/]
[xmlrpc][INFO] 2019-03-19 07:47:12,894: xml rpc node: starting XML-RPC server
[rospy.registration][INFO] 2019-03-19 07:47:12,895: Registering with master node http://localhost:11311
[rospy.init][INFO] 2019-03-19 07:47:12,993: registered with master
[rospy.rosout][INFO] 2019-03-19 07:47:12,993: initializing /rosout core topic
[rospy.rosout][INFO] 2019-03-19 07:47:13,002: connected to core topic /rosout
[rospy.simtime][INFO] 2019-03-19 07:47:13,007: /use_sim_time is not set, will not subscribe to simulated time [/clock] topic
[rospy.internal][INFO] 2019-03-19 07:47:13,089: topic[/tactic_interface/altitude] adding connection to [/tactic_interface], count 0
[rospy.internal][INFO] 2019-03-19 07:47:13,135: topic[/rosout] adding connection to [/rosout], count 0
