[rospy.client][INFO] 2019-03-19 07:06:04,881: init_node, name[/constrained_shooter], pid[3073]
[xmlrpc][INFO] 2019-03-19 07:06:04,901: XML-RPC server binding to 0.0.0.0:0
[xmlrpc][INFO] 2019-03-19 07:06:04,902: Started XML-RPC server [http://copter131:53425/]
[rospy.impl.masterslave][INFO] 2019-03-19 07:06:04,903: _ready: http://copter131:53425/
[rospy.init][INFO] 2019-03-19 07:06:04,905: ROS Slave URI: [http://copter131:53425/]
[xmlrpc][INFO] 2019-03-19 07:06:04,913: xml rpc node: starting XML-RPC server
[rospy.registration][INFO] 2019-03-19 07:06:04,926: Registering with master node http://localhost:11311
[rospy.init][INFO] 2019-03-19 07:06:05,006: registered with master
[rospy.rosout][INFO] 2019-03-19 07:06:05,007: initializing /rosout core topic
[rospy.rosout][INFO] 2019-03-19 07:06:05,145: connected to core topic /rosout
[rospy.simtime][INFO] 2019-03-19 07:06:05,199: /use_sim_time is not set, will not subscribe to simulated time [/clock] topic
[rospy.internal][INFO] 2019-03-19 07:06:05,430: topic[/rosout] adding connection to [/rosout], count 0
[rospy.internal][INFO] 2019-03-19 07:06:05,463: topic[/safety/payload_waypoint] adding connection to [/safety], count 0
[rospy.internal][INFO] 2019-03-19 07:06:06,206: topic[/network/send_swarm_behavior_data] adding connection to [/network], count 0
[rospy.internal][INFO] 2019-03-19 07:06:06,650: topic[/autopilot/acs_pose] adding connection to [http://copter131:51223/], count 0
[rospy.internal][INFO] 2019-03-19 07:06:06,684: topic[/hit_tracker/hit_uavs] adding connection to [http://copter131:50399/], count 0
[rospy.internal][INFO] 2019-03-19 07:06:06,721: topic[/air_to_air/firing_reports] adding connection to [/network], count 0
[rospy.internal][INFO] 2019-03-19 07:06:06,956: topic[/autopilot/status] adding connection to [http://copter131:51223/], count 0
[rospy.internal][INFO] 2019-03-19 07:06:07,061: topic[/swarm_control/behavior_status] adding connection to [/swarm_control], count 0
[rospy.internal][INFO] 2019-03-19 07:06:07,302: topic[/swarm_control/subswarm_id] adding connection to [http://copter131:36181/], count 0
[rospy.internal][INFO] 2019-03-19 07:06:07,384: topic[/swarm_control/ap_intent] adding connection to [http://copter131:36181/], count 0
[rosout][INFO] 2019-03-19 07:20:26,443: constrained_shooter activate request False returned False
[rosout][INFO] 2019-03-19 07:20:54,133: constrained_shooter activate request False returned False
[rosout][INFO] 2019-03-19 07:22:20,565: constrained_shooter activate request False returned False
[rosout][INFO] 2019-03-19 07:22:34,237: constrained_shooter activate request False returned False
[rosout][INFO] 2019-03-19 07:45:35,765: constrained_shooter activate request False returned False
[rosout][INFO] 2019-03-19 07:46:33,916: constrained_shooter activate request False returned False
[rosout][INFO] 2019-03-19 07:46:54,022: constrained_shooter activate request False returned False
