[rospy.client][INFO] 2019-03-19 07:06:05,960: init_node, name[/greedy_shooter], pid[3043]
[xmlrpc][INFO] 2019-03-19 07:06:05,961: XML-RPC server binding to 0.0.0.0:0
[xmlrpc][INFO] 2019-03-19 07:06:05,962: Started XML-RPC server [http://copter131:51085/]
[rospy.init][INFO] 2019-03-19 07:06:05,962: ROS Slave URI: [http://copter131:51085/]
[rospy.impl.masterslave][INFO] 2019-03-19 07:06:05,962: _ready: http://copter131:51085/
[rospy.registration][INFO] 2019-03-19 07:06:05,963: Registering with master node http://localhost:11311
[rospy.registration][INFO] 2019-03-19 07:06:05,964: Registering publisher topic [/safety/payload_waypoint] type [autopilot_bridge/LLA] with master
[xmlrpc][INFO] 2019-03-19 07:06:05,964: xml rpc node: starting XML-RPC server
[rospy.registration][INFO] 2019-03-19 07:06:05,975: registering subscriber topic [/autopilot/status] type [autopilot_bridge/Status] with master
[rospy.init][INFO] 2019-03-19 07:06:06,063: registered with master
[rospy.rosout][INFO] 2019-03-19 07:06:06,064: initializing /rosout core topic
[rospy.rosout][INFO] 2019-03-19 07:06:06,076: connected to core topic /rosout
[rospy.simtime][INFO] 2019-03-19 07:06:06,086: /use_sim_time is not set, will not subscribe to simulated time [/clock] topic
[rospy.internal][INFO] 2019-03-19 07:06:06,132: topic[/safety/payload_waypoint] adding connection to [/safety], count 0
[rospy.internal][INFO] 2019-03-19 07:06:06,274: topic[/rosout] adding connection to [/rosout], count 0
[rospy.internal][INFO] 2019-03-19 07:06:06,302: topic[/network/send_swarm_behavior_data] adding connection to [/network], count 0
[rospy.internal][INFO] 2019-03-19 07:06:06,693: topic[/hit_tracker/hit_uavs] adding connection to [http://copter131:50399/], count 0
[rospy.internal][INFO] 2019-03-19 07:06:06,694: topic[/autopilot/acs_pose] adding connection to [http://copter131:51223/], count 0
[rospy.internal][INFO] 2019-03-19 07:06:06,839: topic[/air_to_air/firing_reports] adding connection to [/network], count 0
[rospy.internal][INFO] 2019-03-19 07:06:06,853: topic[/autopilot/waypoint_goto] adding connection to [/autopilot], count 0
[rospy.internal][INFO] 2019-03-19 07:06:07,007: topic[/autopilot/status] adding connection to [http://copter131:51223/], count 0
[rospy.internal][INFO] 2019-03-19 07:06:07,101: topic[/swarm_control/behavior_status] adding connection to [/swarm_control], count 0
[rospy.internal][INFO] 2019-03-19 07:06:07,264: topic[/swarm_control/subswarm_id] adding connection to [http://copter131:36181/], count 0
[rospy.internal][INFO] 2019-03-19 07:06:07,415: topic[/swarm_control/ap_intent] adding connection to [http://copter131:36181/], count 0
[rosout][INFO] 2019-03-19 07:20:26,418: greedy_shooter activate request False returned False
[rosout][INFO] 2019-03-19 07:20:54,098: greedy_shooter activate request False returned False
[rosout][INFO] 2019-03-19 07:22:20,541: greedy_shooter activate request False returned False
[rosout][INFO] 2019-03-19 07:22:34,197: greedy_shooter activate request False returned False
[rosout][INFO] 2019-03-19 07:45:35,738: greedy_shooter activate request False returned False
[rosout][INFO] 2019-03-19 07:46:33,873: greedy_shooter activate request False returned False
[rosout][INFO] 2019-03-19 07:46:53,997: greedy_shooter activate request False returned False
