[rospy.client][INFO] 2012-12-31 16:00:17,590: init_node, name[/independent_transit], pid[2904]
[xmlrpc][INFO] 2012-12-31 16:00:17,610: XML-RPC server binding to 0.0.0.0:0
[xmlrpc][INFO] 2012-12-31 16:00:17,611: Started XML-RPC server [http://copter131:45293/]
[rospy.impl.masterslave][INFO] 2012-12-31 16:00:17,611: _ready: http://copter131:45293/
[rospy.init][INFO] 2012-12-31 16:00:17,611: ROS Slave URI: [http://copter131:45293/]
[xmlrpc][INFO] 2012-12-31 16:00:17,612: xml rpc node: starting XML-RPC server
[rospy.registration][INFO] 2012-12-31 16:00:17,616: Registering with master node http://localhost:11311
[rospy.init][INFO] 2012-12-31 16:00:17,712: registered with master
[rospy.rosout][INFO] 2012-12-31 16:00:17,713: initializing /rosout core topic
[rospy.rosout][INFO] 2012-12-31 16:00:17,808: connected to core topic /rosout
[rospy.simtime][INFO] 2012-12-31 16:00:17,932: /use_sim_time is not set, will not subscribe to simulated time [/clock] topic
[rospy.internal][INFO] 2012-12-31 16:00:18,050: topic[/rosout] adding connection to [/rosout], count 0
[rospy.internal][INFO] 2019-03-19 07:06:05,223: topic[/safety/payload_waypoint] adding connection to [/safety], count 0
[rospy.internal][INFO] 2019-03-19 07:06:06,205: topic[/network/send_swarm_behavior_data] adding connection to [/network], count 0
[rospy.internal][INFO] 2019-03-19 07:06:06,944: topic[/autopilot/status] adding connection to [http://copter131:51223/], count 0
[rospy.internal][INFO] 2019-03-19 07:06:07,060: topic[/swarm_control/behavior_status] adding connection to [/swarm_control], count 0
[rospy.internal][INFO] 2019-03-19 07:06:07,210: topic[/swarm_control/subswarm_id] adding connection to [http://copter131:36181/], count 0
[rospy.internal][INFO] 2019-03-19 07:06:07,367: topic[/swarm_control/ap_intent] adding connection to [http://copter131:36181/], count 0
[rosout][INFO] 2019-03-19 07:20:26,431: independent_transit activate request False returned False
[rosout][INFO] 2019-03-19 07:20:54,115: independent_transit activate request False returned False
[rosout][INFO] 2019-03-19 07:22:20,554: independent_transit activate request False returned False
[rosout][INFO] 2019-03-19 07:22:34,218: independent_transit activate request False returned False
[rosout][INFO] 2019-03-19 07:45:35,753: independent_transit activate request False returned False
[rosout][INFO] 2019-03-19 07:46:33,894: independent_transit activate request False returned False
[rosout][INFO] 2019-03-19 07:46:54,009: independent_transit activate request False returned False
