[rospy.client][INFO] 2019-03-19 07:06:05,339: init_node, name[/pn_interceptor], pid[3122]
[xmlrpc][INFO] 2019-03-19 07:06:05,341: XML-RPC server binding to 0.0.0.0:0
[xmlrpc][INFO] 2019-03-19 07:06:05,343: Started XML-RPC server [http://copter131:37336/]
[rospy.impl.masterslave][INFO] 2019-03-19 07:06:05,343: _ready: http://copter131:37336/
[rospy.init][INFO] 2019-03-19 07:06:05,345: ROS Slave URI: [http://copter131:37336/]
[rospy.registration][INFO] 2019-03-19 07:06:05,347: Registering with master node http://localhost:11311
[xmlrpc][INFO] 2019-03-19 07:06:05,348: xml rpc node: starting XML-RPC server
[rospy.init][INFO] 2019-03-19 07:06:05,445: registered with master
[rospy.rosout][INFO] 2019-03-19 07:06:05,446: initializing /rosout core topic
[rospy.rosout][INFO] 2019-03-19 07:06:05,464: connected to core topic /rosout
[rospy.simtime][INFO] 2019-03-19 07:06:05,479: /use_sim_time is not set, will not subscribe to simulated time [/clock] topic
[rospy.internal][INFO] 2019-03-19 07:06:05,639: topic[/rosout] adding connection to [/rosout], count 0
[rospy.internal][INFO] 2019-03-19 07:06:05,886: topic[/safety/payload_waypoint] adding connection to [/safety], count 0
[rospy.internal][INFO] 2019-03-19 07:06:06,218: topic[/network/send_swarm_behavior_data] adding connection to [/network], count 0
[rospy.internal][INFO] 2019-03-19 07:06:07,016: topic[/autopilot/status] adding connection to [http://copter131:51223/], count 0
[rospy.internal][INFO] 2019-03-19 07:06:07,081: topic[/swarm_control/behavior_status] adding connection to [/swarm_control], count 0
[rospy.internal][INFO] 2019-03-19 07:06:07,285: topic[/swarm_control/subswarm_id] adding connection to [http://copter131:36181/], count 0
[rospy.internal][INFO] 2019-03-19 07:06:07,375: topic[/swarm_control/ap_intent] adding connection to [http://copter131:36181/], count 0
[rosout][INFO] 2019-03-19 07:20:26,424: pn_interceptor activate request False returned False
[rosout][INFO] 2019-03-19 07:20:54,107: pn_interceptor activate request False returned False
[rosout][INFO] 2019-03-19 07:22:20,547: pn_interceptor activate request False returned False
[rosout][INFO] 2019-03-19 07:22:34,209: pn_interceptor activate request False returned False
[rosout][INFO] 2019-03-19 07:45:35,746: pn_interceptor activate request False returned False
[rosout][INFO] 2019-03-19 07:46:33,884: pn_interceptor activate request False returned False
[rosout][INFO] 2019-03-19 07:46:54,003: pn_interceptor activate request False returned False
