[rospy.client][INFO] 2019-03-19 07:06:04,404: init_node, name[/swarm_landing_sequencer], pid[3024]
[xmlrpc][INFO] 2019-03-19 07:06:04,406: XML-RPC server binding to 0.0.0.0:0
[rospy.init][INFO] 2019-03-19 07:06:04,408: ROS Slave URI: [http://copter131:32990/]
[xmlrpc][INFO] 2019-03-19 07:06:04,408: Started XML-RPC server [http://copter131:32990/]
[rospy.impl.masterslave][INFO] 2019-03-19 07:06:04,408: _ready: http://copter131:32990/
[xmlrpc][INFO] 2019-03-19 07:06:04,418: xml rpc node: starting XML-RPC server
[rospy.registration][INFO] 2019-03-19 07:06:04,420: Registering with master node http://localhost:11311
[rospy.init][INFO] 2019-03-19 07:06:04,508: registered with master
[rospy.rosout][INFO] 2019-03-19 07:06:04,509: initializing /rosout core topic
[rospy.rosout][INFO] 2019-03-19 07:06:05,521: connected to core topic /rosout
[rospy.simtime][INFO] 2019-03-19 07:06:05,542: /use_sim_time is not set, will not subscribe to simulated time [/clock] topic
[rospy.internal][INFO] 2019-03-19 07:06:05,758: topic[/rosout] adding connection to [/rosout], count 0
[rospy.internal][INFO] 2019-03-19 07:06:05,765: topic[/safety/payload_waypoint] adding connection to [/safety], count 0
[rospy.internal][INFO] 2019-03-19 07:06:06,216: topic[/network/send_swarm_behavior_data] adding connection to [/network], count 0
[rospy.internal][INFO] 2019-03-19 07:06:06,723: topic[/autopilot/waypoint_goto] adding connection to [/autopilot], count 0
[rospy.internal][INFO] 2019-03-19 07:06:06,972: topic[/autopilot/status] adding connection to [http://copter131:51223/], count 0
[rospy.internal][INFO] 2019-03-19 07:06:07,077: topic[/swarm_control/behavior_status] adding connection to [/swarm_control], count 0
[rospy.internal][INFO] 2019-03-19 07:06:07,306: topic[/swarm_control/subswarm_id] adding connection to [http://copter131:36181/], count 0
[rospy.internal][INFO] 2019-03-19 07:06:07,564: topic[/swarm_control/ap_intent] adding connection to [http://copter131:36181/], count 0
[rosout][INFO] 2019-03-19 07:20:26,413: swarm_landing_sequencer activate request False returned False
[rosout][INFO] 2019-03-19 07:20:54,089: swarm_landing_sequencer activate request False returned False
[rosout][INFO] 2019-03-19 07:22:20,535: swarm_landing_sequencer activate request False returned False
[rosout][INFO] 2019-03-19 07:22:34,187: swarm_landing_sequencer activate request False returned False
[rosout][INFO] 2019-03-19 07:45:35,732: swarm_landing_sequencer activate request False returned False
[rosout][INFO] 2019-03-19 07:46:33,863: swarm_landing_sequencer activate request False returned False
[rosout][INFO] 2019-03-19 07:46:53,991: swarm_landing_sequencer activate request False returned False
