[rospy.client][INFO] 2019-03-19 07:06:05,123: init_node, name[/wingman], pid[3102]
[xmlrpc][INFO] 2019-03-19 07:06:05,125: XML-RPC server binding to 0.0.0.0:0
[rospy.init][INFO] 2019-03-19 07:06:05,127: ROS Slave URI: [http://copter131:54185/]
[xmlrpc][INFO] 2019-03-19 07:06:05,127: Started XML-RPC server [http://copter131:54185/]
[rospy.impl.masterslave][INFO] 2019-03-19 07:06:05,128: _ready: http://copter131:54185/
[xmlrpc][INFO] 2019-03-19 07:06:05,128: xml rpc node: starting XML-RPC server
[rospy.registration][INFO] 2019-03-19 07:06:05,130: Registering with master node http://localhost:11311
[rospy.init][INFO] 2019-03-19 07:06:05,227: registered with master
[rospy.rosout][INFO] 2019-03-19 07:06:05,228: initializing /rosout core topic
[rospy.rosout][INFO] 2019-03-19 07:06:05,251: connected to core topic /rosout
[rospy.simtime][INFO] 2019-03-19 07:06:05,264: /use_sim_time is not set, will not subscribe to simulated time [/clock] topic
[rospy.internal][INFO] 2019-03-19 07:06:05,427: topic[/rosout] adding connection to [/rosout], count 0
[rospy.internal][INFO] 2019-03-19 07:06:05,579: topic[/safety/payload_waypoint] adding connection to [/safety], count 0
[rospy.internal][INFO] 2019-03-19 07:06:06,206: topic[/network/send_swarm_behavior_data] adding connection to [/network], count 0
[rospy.internal][INFO] 2019-03-19 07:06:06,741: topic[/autopilot/acs_pose] adding connection to [http://copter131:51223/], count 0
[rospy.internal][INFO] 2019-03-19 07:06:06,809: topic[/hit_tracker/hit_uavs] adding connection to [http://copter131:50399/], count 0
[rospy.internal][INFO] 2019-03-19 07:06:06,839: topic[/air_to_air/firing_reports] adding connection to [/network], count 0
[rospy.internal][INFO] 2019-03-19 07:06:06,856: topic[/autopilot/waypoint_goto] adding connection to [/autopilot], count 0
[rospy.internal][INFO] 2019-03-19 07:06:06,981: topic[/autopilot/status] adding connection to [http://copter131:51223/], count 0
[rospy.internal][INFO] 2019-03-19 07:06:07,060: topic[/swarm_control/behavior_status] adding connection to [/swarm_control], count 0
[rospy.internal][INFO] 2019-03-19 07:06:07,246: topic[/swarm_control/subswarm_id] adding connection to [http://copter131:36181/], count 0
[rospy.internal][INFO] 2019-03-19 07:06:07,397: topic[/swarm_control/ap_intent] adding connection to [http://copter131:36181/], count 0
[rosout][INFO] 2019-03-19 07:20:26,449: wingman activate request False returned False
[rosout][INFO] 2019-03-19 07:20:54,146: wingman activate request False returned False
[rosout][INFO] 2019-03-19 07:22:20,570: wingman activate request False returned False
[rosout][INFO] 2019-03-19 07:22:34,245: wingman activate request False returned False
[rosout][INFO] 2019-03-19 07:45:35,771: wingman activate request False returned False
[rosout][INFO] 2019-03-19 07:46:33,924: wingman activate request False returned False
[rosout][INFO] 2019-03-19 07:46:54,028: wingman activate request False returned False
