[rospy.client][INFO] 2012-12-31 16:00:17,582: init_node, name[/independent_transit], pid[2888]
[xmlrpc][INFO] 2012-12-31 16:00:17,600: XML-RPC server binding to 0.0.0.0:0
[xmlrpc][INFO] 2012-12-31 16:00:17,601: Started XML-RPC server [http://copter131:51105/]
[rospy.impl.masterslave][INFO] 2012-12-31 16:00:17,601: _ready: http://copter131:51105/
[rospy.init][INFO] 2012-12-31 16:00:17,602: ROS Slave URI: [http://copter131:51105/]
[xmlrpc][INFO] 2012-12-31 16:00:17,626: xml rpc node: starting XML-RPC server
[rospy.registration][INFO] 2012-12-31 16:00:17,627: Registering with master node http://localhost:11311
[rospy.init][INFO] 2019-02-27 12:41:36,718: registered with master
[rospy.rosout][INFO] 2019-02-27 12:41:36,718: initializing /rosout core topic
[rospy.rosout][INFO] 2019-02-27 12:41:37,808: connected to core topic /rosout
[rospy.simtime][INFO] 2019-02-27 12:41:37,881: /use_sim_time is not set, will not subscribe to simulated time [/clock] topic
[rospy.internal][INFO] 2019-02-27 12:41:38,015: topic[/rosout] adding connection to [/rosout], count 0
[rospy.internal][INFO] 2019-02-27 12:41:39,245: topic[/network/send_swarm_behavior_data] adding connection to [/network], count 0
[rospy.internal][INFO] 2019-02-27 12:41:39,902: topic[/safety/payload_waypoint] adding connection to [/safety], count 0
[rospy.internal][INFO] 2019-02-27 12:41:40,325: topic[/swarm_control/behavior_status] adding connection to [/swarm_control], count 0
[rospy.internal][INFO] 2019-02-27 12:41:40,567: topic[/autopilot/status] adding connection to [http://copter131:48134/], count 0
[rospy.internal][INFO] 2019-02-27 12:41:40,610: topic[/swarm_control/subswarm_id] adding connection to [http://copter131:52337/], count 0
[rospy.internal][INFO] 2019-02-27 12:41:40,769: topic[/swarm_control/ap_intent] adding connection to [http://copter131:52337/], count 0
[rosout][INFO] 2019-02-27 12:44:57,078: independent_transit activate request False returned False
[rosout][INFO] 2019-02-27 12:46:00,922: independent_transit activate request False returned False
[rosout][INFO] 2019-02-27 12:48:38,585: independent_transit activate request False returned False
