[rospy.client][INFO] 2019-02-27 12:41:37,358: init_node, name[/linear_formation], pid[2972]
[xmlrpc][INFO] 2019-02-27 12:41:37,361: XML-RPC server binding to 0.0.0.0:0
[rospy.init][INFO] 2019-02-27 12:41:37,365: ROS Slave URI: [http://copter131:33502/]
[xmlrpc][INFO] 2019-02-27 12:41:37,365: Started XML-RPC server [http://copter131:33502/]
[rospy.impl.masterslave][INFO] 2019-02-27 12:41:37,366: _ready: http://copter131:33502/
[xmlrpc][INFO] 2019-02-27 12:41:37,366: xml rpc node: starting XML-RPC server
[rospy.registration][INFO] 2019-02-27 12:41:37,368: Registering with master node http://localhost:11311
[rospy.init][INFO] 2019-02-27 12:41:37,466: registered with master
[rospy.rosout][INFO] 2019-02-27 12:41:37,466: initializing /rosout core topic
[rospy.rosout][INFO] 2019-02-27 12:41:38,490: connected to core topic /rosout
[rospy.simtime][INFO] 2019-02-27 12:41:38,509: /use_sim_time is not set, will not subscribe to simulated time [/clock] topic
[rospy.internal][INFO] 2019-02-27 12:41:38,777: topic[/rosout] adding connection to [/rosout], count 0
[rospy.internal][INFO] 2019-02-27 12:41:39,004: topic[/network/send_swarm_behavior_data] adding connection to [/network], count 0
[rospy.internal][INFO] 2019-02-27 12:41:39,883: topic[/safety/payload_waypoint] adding connection to [/safety], count 0
[rospy.internal][INFO] 2019-02-27 12:41:40,307: topic[/swarm_control/behavior_status] adding connection to [/swarm_control], count 0
[rospy.internal][INFO] 2019-02-27 12:41:40,319: topic[/autopilot/waypoint_goto] adding connection to [/autopilot], count 0
[rospy.internal][INFO] 2019-02-27 12:41:40,552: topic[/autopilot/status] adding connection to [http://copter131:48134/], count 0
[rospy.internal][INFO] 2019-02-27 12:41:40,583: topic[/swarm_control/subswarm_id] adding connection to [http://copter131:52337/], count 0
[rospy.internal][INFO] 2019-02-27 12:41:40,734: topic[/swarm_control/ap_intent] adding connection to [http://copter131:52337/], count 0
[rosout][INFO] 2019-02-27 12:44:57,053: linear_formation activate request False returned False
[rosout][INFO] 2019-02-27 12:46:00,884: linear_formation activate request False returned False
[rosout][INFO] 2019-02-27 12:48:38,562: linear_formation activate request False returned False
