[rospy.client][INFO] 2019-02-27 12:41:38,545: init_node, name[/patrol_box_shooter], pid[3105]
[xmlrpc][INFO] 2019-02-27 12:41:38,546: XML-RPC server binding to 0.0.0.0:0
[rospy.init][INFO] 2019-02-27 12:41:38,548: ROS Slave URI: [http://copter131:46296/]
[xmlrpc][INFO] 2019-02-27 12:41:38,548: Started XML-RPC server [http://copter131:46296/]
[rospy.impl.masterslave][INFO] 2019-02-27 12:41:38,549: _ready: http://copter131:46296/
[xmlrpc][INFO] 2019-02-27 12:41:38,550: xml rpc node: starting XML-RPC server
[rospy.registration][INFO] 2019-02-27 12:41:38,551: Registering with master node http://localhost:11311
[rospy.init][INFO] 2019-02-27 12:41:38,649: registered with master
[rospy.rosout][INFO] 2019-02-27 12:41:38,649: initializing /rosout core topic
[rospy.rosout][INFO] 2019-02-27 12:41:38,666: connected to core topic /rosout
[rospy.simtime][INFO] 2019-02-27 12:41:38,682: /use_sim_time is not set, will not subscribe to simulated time [/clock] topic
[rospy.internal][INFO] 2019-02-27 12:41:38,885: topic[/rosout] adding connection to [/rosout], count 0
[rospy.internal][INFO] 2019-02-27 12:41:39,129: topic[/network/send_swarm_behavior_data] adding connection to [/network], count 0
[rospy.internal][INFO] 2019-02-27 12:41:39,894: topic[/safety/payload_waypoint] adding connection to [/safety], count 0
[rospy.internal][INFO] 2019-02-27 12:41:40,311: topic[/swarm_control/behavior_status] adding connection to [/swarm_control], count 0
[rospy.internal][INFO] 2019-02-27 12:41:40,330: topic[/autopilot/acs_pose] adding connection to [http://copter131:48134/], count 0
[rospy.internal][INFO] 2019-02-27 12:41:40,445: topic[/hit_tracker/hit_uavs] adding connection to [http://copter131:41263/], count 0
[rospy.internal][INFO] 2019-02-27 12:41:40,470: topic[/air_to_air/firing_reports] adding connection to [/network], count 0
[rospy.internal][INFO] 2019-02-27 12:41:40,515: topic[/autopilot/status] adding connection to [http://copter131:48134/], count 0
[rospy.internal][INFO] 2019-02-27 12:41:40,599: topic[/swarm_control/subswarm_id] adding connection to [http://copter131:52337/], count 0
[rospy.internal][INFO] 2019-02-27 12:41:40,754: topic[/swarm_control/ap_intent] adding connection to [http://copter131:52337/], count 0
[rosout][INFO] 2019-02-27 12:44:57,107: patrol_box_shooter activate request False returned False
[rosout][INFO] 2019-02-27 12:46:00,972: patrol_box_shooter activate request False returned False
[rosout][INFO] 2019-02-27 12:48:38,613: patrol_box_shooter activate request False returned False
