[rospy.client][INFO] 2019-02-27 12:41:36,659: init_node, name[/patrol_box], pid[2908]
[xmlrpc][INFO] 2019-02-27 12:41:36,662: XML-RPC server binding to 0.0.0.0:0
[rospy.init][INFO] 2019-02-27 12:41:36,664: ROS Slave URI: [http://copter131:35577/]
[xmlrpc][INFO] 2019-02-27 12:41:36,663: Started XML-RPC server [http://copter131:35577/]
[rospy.impl.masterslave][INFO] 2019-02-27 12:41:36,664: _ready: http://copter131:35577/
[xmlrpc][INFO] 2019-02-27 12:41:36,668: xml rpc node: starting XML-RPC server
[rospy.registration][INFO] 2019-02-27 12:41:36,671: Registering with master node http://localhost:11311
[rospy.init][INFO] 2019-02-27 12:41:36,764: registered with master
[rospy.rosout][INFO] 2019-02-27 12:41:36,765: initializing /rosout core topic
[rospy.rosout][INFO] 2019-02-27 12:41:36,901: connected to core topic /rosout
[rospy.simtime][INFO] 2019-02-27 12:41:37,046: /use_sim_time is not set, will not subscribe to simulated time [/clock] topic
[rospy.internal][INFO] 2019-02-27 12:41:37,175: topic[/rosout] adding connection to [/rosout], count 0
[rospy.internal][INFO] 2019-02-27 12:41:38,928: topic[/network/send_swarm_behavior_data] adding connection to [/network], count 0
[rospy.internal][INFO] 2019-02-27 12:41:39,857: topic[/safety/payload_waypoint] adding connection to [/safety], count 0
[rospy.internal][INFO] 2019-02-27 12:41:40,178: topic[/autopilot/acs_pose] adding connection to [http://copter131:48134/], count 0
[rospy.internal][INFO] 2019-02-27 12:41:40,285: topic[/swarm_control/behavior_status] adding connection to [/swarm_control], count 0
[rospy.internal][INFO] 2019-02-27 12:41:40,485: topic[/autopilot/status] adding connection to [http://copter131:48134/], count 0
[rospy.internal][INFO] 2019-02-27 12:41:40,554: topic[/swarm_control/subswarm_id] adding connection to [http://copter131:52337/], count 0
[rospy.internal][INFO] 2019-02-27 12:41:40,717: topic[/swarm_control/ap_intent] adding connection to [http://copter131:52337/], count 0
[rosout][INFO] 2019-02-27 12:44:57,102: patrol_box activate request False returned False
[rosout][INFO] 2019-02-27 12:46:00,961: patrol_box activate request False returned False
[rosout][INFO] 2019-02-27 12:48:38,607: patrol_box activate request False returned False
