[rospy.client][INFO] 2012-12-31 16:00:16,178: init_node, name[/safety], pid[2807]
[xmlrpc][INFO] 2012-12-31 16:00:16,200: XML-RPC server binding to 0.0.0.0:0
[xmlrpc][INFO] 2012-12-31 16:00:16,201: Started XML-RPC server [http://copter131:48816/]
[rospy.init][INFO] 2012-12-31 16:00:16,201: ROS Slave URI: [http://copter131:48816/]
[rospy.impl.masterslave][INFO] 2012-12-31 16:00:16,202: _ready: http://copter131:48816/
[xmlrpc][INFO] 2012-12-31 16:00:16,215: xml rpc node: starting XML-RPC server
[rospy.registration][INFO] 2012-12-31 16:00:16,217: Registering with master node http://localhost:11311
[rospy.init][INFO] 2012-12-31 16:00:16,303: registered with master
[rospy.rosout][INFO] 2012-12-31 16:00:16,304: initializing /rosout core topic
[rospy.rosout][INFO] 2012-12-31 16:00:16,337: connected to core topic /rosout
[rospy.simtime][INFO] 2012-12-31 16:00:16,345: /use_sim_time is not set, will not subscribe to simulated time [/clock] topic
[rospy.internal][INFO] 2012-12-31 16:00:16,632: topic[/rosout] adding connection to [/rosout], count 0
[rospy.internal][INFO] 2019-02-27 12:41:39,133: topic[/autopilot/heartbeat_ground] adding connection to [http://copter131:43059/], count 0
[rospy.internal][INFO] 2019-02-27 12:41:39,613: topic[/autopilot/heartbeat_onboard] adding connection to [/autopilot], count 0
[rospy.internal][INFO] 2019-02-27 12:41:39,853: topic[/safety/payload_waypoint] adding connection to [http://copter131:35577/], count 0
[rospy.internal][INFO] 2019-02-27 12:41:39,859: topic[/safety/payload_waypoint] adding connection to [http://copter131:60272/], count 1
[rospy.internal][INFO] 2019-02-27 12:41:39,866: topic[/safety/payload_waypoint] adding connection to [http://copter131:33786/], count 2
[rospy.internal][INFO] 2019-02-27 12:41:39,869: topic[/safety/payload_waypoint] adding connection to [http://copter131:49132/], count 3
[rospy.internal][INFO] 2019-02-27 12:41:39,874: topic[/safety/payload_waypoint] adding connection to [http://copter131:33502/], count 4
[rospy.internal][INFO] 2019-02-27 12:41:39,880: topic[/safety/payload_waypoint] adding connection to [http://copter131:50560/], count 5
[rospy.internal][INFO] 2019-02-27 12:41:39,886: topic[/safety/payload_waypoint] adding connection to [http://copter131:46296/], count 6
[rospy.internal][INFO] 2019-02-27 12:41:39,893: topic[/safety/payload_waypoint] adding connection to [http://copter131:48847/], count 7
[rospy.internal][INFO] 2019-02-27 12:41:39,896: topic[/safety/payload_waypoint] adding connection to [http://copter131:51105/], count 7
[rospy.internal][INFO] 2019-02-27 12:41:39,898: topic[/autopilot/payload_waypoint] adding connection to [/autopilot], count 0
[rospy.internal][INFO] 2019-02-27 12:41:39,905: topic[/safety/payload_waypoint] adding connection to [http://copter131:55682/], count 9
[rospy.internal][INFO] 2019-02-27 12:41:39,910: topic[/safety/payload_waypoint] adding connection to [http://copter131:34179/], count 10
[rospy.internal][INFO] 2019-02-27 12:41:39,916: topic[/safety/payload_waypoint] adding connection to [http://copter131:46771/], count 11
[rospy.internal][INFO] 2019-02-27 12:41:40,191: topic[/safety/payload_waypoint] adding connection to [http://copter131:49786/], count 12
[rospy.internal][INFO] 2019-02-27 12:41:40,192: topic[/safety/payload_rate] adding connection to [http://copter131:49786/], count 0
[rospy.internal][INFO] 2019-02-27 12:41:40,196: topic[/autopilot/acs_pose] adding connection to [http://copter131:48134/], count 0
[rosout][WARNING] 2019-02-27 12:41:40,291: establishing proxies for ROS /autopliot/ services
[rospy.internal][INFO] 2019-02-27 12:41:40,405: topic[/swarm_tracker/swarm_uav_states] adding connection to [http://copter131:44778/], count 0
