[rospy.client][INFO] 2019-02-27 12:41:37,768: init_node, name[/smart_shooter], pid[3037]
[xmlrpc][INFO] 2019-02-27 12:41:37,772: XML-RPC server binding to 0.0.0.0:0
[rospy.init][INFO] 2019-02-27 12:41:37,775: ROS Slave URI: [http://copter131:60272/]
[xmlrpc][INFO] 2019-02-27 12:41:37,775: Started XML-RPC server [http://copter131:60272/]
[rospy.impl.masterslave][INFO] 2019-02-27 12:41:37,775: _ready: http://copter131:60272/
[xmlrpc][INFO] 2019-02-27 12:41:37,776: xml rpc node: starting XML-RPC server
[rospy.registration][INFO] 2019-02-27 12:41:37,777: Registering with master node http://localhost:11311
[rospy.init][INFO] 2019-02-27 12:41:37,875: registered with master
[rospy.rosout][INFO] 2019-02-27 12:41:37,876: initializing /rosout core topic
[rospy.rosout][INFO] 2019-02-27 12:41:37,971: connected to core topic /rosout
[rospy.simtime][INFO] 2019-02-27 12:41:38,025: /use_sim_time is not set, will not subscribe to simulated time [/clock] topic
[rospy.internal][INFO] 2019-02-27 12:41:38,276: topic[/rosout] adding connection to [/rosout], count 0
[rospy.internal][INFO] 2019-02-27 12:41:38,928: topic[/network/send_swarm_behavior_data] adding connection to [/network], count 0
[rospy.internal][INFO] 2019-02-27 12:41:39,868: topic[/safety/payload_waypoint] adding connection to [/safety], count 0
[rospy.internal][INFO] 2019-02-27 12:41:40,289: topic[/swarm_control/behavior_status] adding connection to [/swarm_control], count 0
[rospy.internal][INFO] 2019-02-27 12:41:40,426: topic[/autopilot/acs_pose] adding connection to [http://copter131:48134/], count 0
[rospy.internal][INFO] 2019-02-27 12:41:40,439: topic[/hit_tracker/hit_uavs] adding connection to [http://copter131:41263/], count 0
[rospy.internal][INFO] 2019-02-27 12:41:40,483: topic[/air_to_air/firing_reports] adding connection to [/network], count 0
[rospy.internal][INFO] 2019-02-27 12:41:40,503: topic[/autopilot/status] adding connection to [http://copter131:48134/], count 0
[rospy.internal][INFO] 2019-02-27 12:41:40,596: topic[/swarm_control/subswarm_id] adding connection to [http://copter131:52337/], count 0
[rospy.internal][INFO] 2019-02-27 12:41:40,740: topic[/swarm_control/ap_intent] adding connection to [http://copter131:52337/], count 0
[rosout][INFO] 2019-02-27 12:44:57,084: smart_shooter activate request False returned False
[rosout][INFO] 2019-02-27 12:46:00,932: smart_shooter activate request False returned False
[rosout][INFO] 2019-02-27 12:48:38,591: smart_shooter activate request False returned False
