[rospy.client][INFO] 2019-02-27 12:41:37,432: init_node, name[/swarm_landing_sequencer], pid[2999]
[xmlrpc][INFO] 2019-02-27 12:41:37,434: XML-RPC server binding to 0.0.0.0:0
[rospy.init][INFO] 2019-02-27 12:41:37,436: ROS Slave URI: [http://copter131:34179/]
[xmlrpc][INFO] 2019-02-27 12:41:37,436: Started XML-RPC server [http://copter131:34179/]
[rospy.impl.masterslave][INFO] 2019-02-27 12:41:37,437: _ready: http://copter131:34179/
[xmlrpc][INFO] 2019-02-27 12:41:37,438: xml rpc node: starting XML-RPC server
[rospy.registration][INFO] 2019-02-27 12:41:37,439: Registering with master node http://localhost:11311
[rospy.init][INFO] 2019-02-27 12:41:37,537: registered with master
[rospy.rosout][INFO] 2019-02-27 12:41:37,537: initializing /rosout core topic
[rospy.rosout][INFO] 2019-02-27 12:41:37,684: connected to core topic /rosout
[rospy.simtime][INFO] 2019-02-27 12:41:37,796: /use_sim_time is not set, will not subscribe to simulated time [/clock] topic
[rospy.internal][INFO] 2019-02-27 12:41:38,000: topic[/rosout] adding connection to [/rosout], count 0
[rospy.internal][INFO] 2019-02-27 12:41:39,633: topic[/network/send_swarm_behavior_data] adding connection to [/network], count 0
[rospy.internal][INFO] 2019-02-27 12:41:39,913: topic[/safety/payload_waypoint] adding connection to [/safety], count 0
[rospy.internal][INFO] 2019-02-27 12:41:40,325: topic[/autopilot/waypoint_goto] adding connection to [/autopilot], count 0
[rospy.internal][INFO] 2019-02-27 12:41:40,341: topic[/swarm_control/behavior_status] adding connection to [/swarm_control], count 0
[rospy.internal][INFO] 2019-02-27 12:41:40,526: topic[/autopilot/status] adding connection to [http://copter131:48134/], count 0
[rospy.internal][INFO] 2019-02-27 12:41:40,656: topic[/swarm_control/subswarm_id] adding connection to [http://copter131:52337/], count 0
[rospy.internal][INFO] 2019-02-27 12:41:40,756: topic[/swarm_control/ap_intent] adding connection to [http://copter131:52337/], count 0
[rosout][INFO] 2019-02-27 12:44:57,060: swarm_landing_sequencer activate request False returned False
[rosout][INFO] 2019-02-27 12:46:00,893: swarm_landing_sequencer activate request False returned False
[rosout][INFO] 2019-02-27 12:48:38,568: swarm_landing_sequencer activate request False returned False
