[rospy.client][INFO] 2012-12-31 16:00:17,505: init_node, name[/swarm_control], pid[2866]
[xmlrpc][INFO] 2012-12-31 16:00:17,507: XML-RPC server binding to 0.0.0.0:0
[rospy.init][INFO] 2012-12-31 16:00:17,509: ROS Slave URI: [http://copter131:52337/]
[xmlrpc][INFO] 2012-12-31 16:00:17,509: Started XML-RPC server [http://copter131:52337/]
[rospy.impl.masterslave][INFO] 2012-12-31 16:00:17,510: _ready: http://copter131:52337/
[xmlrpc][INFO] 2012-12-31 16:00:17,510: xml rpc node: starting XML-RPC server
[rospy.registration][INFO] 2012-12-31 16:00:17,511: Registering with master node http://localhost:11311
[rospy.init][INFO] 2012-12-31 16:00:17,610: registered with master
[rospy.rosout][INFO] 2012-12-31 16:00:17,610: initializing /rosout core topic
[rospy.rosout][INFO] 2019-02-27 12:41:36,690: connected to core topic /rosout
[rospy.simtime][INFO] 2019-02-27 12:41:36,842: /use_sim_time is not set, will not subscribe to simulated time [/clock] topic
[rospy.internal][INFO] 2019-02-27 12:41:36,896: topic[/rosout] adding connection to [/rosout], count 0
[rosout][INFO] 2019-02-27 12:41:38,965: Behavior pn_interceptor successfully registered with ID 5
[rosout][INFO] 2019-02-27 12:41:39,157: Behavior independent_transit successfully registered with ID 8
[rosout][INFO] 2019-02-27 12:41:39,180: Behavior evader successfully registered with ID 15
[rosout][INFO] 2019-02-27 12:41:39,669: Behavior patrol_box successfully registered with ID 12
[rospy.internal][INFO] 2019-02-27 12:41:40,208: topic[/swarm_tracker/swarm_uav_states] adding connection to [http://copter131:44778/], count 0
[rosout][INFO] 2019-02-27 12:41:40,233: Behavior wingman successfully registered with ID 11
[rosout][INFO] 2019-02-27 12:41:40,245: Behavior linear_formation successfully registered with ID 1
[rosout][INFO] 2019-02-27 12:41:40,258: Behavior swarm_landing_sequencer successfully registered with ID 98
[rospy.internal][INFO] 2019-02-27 12:41:40,275: topic[/swarm_control/behavior_status] adding connection to [http://copter131:60272/], count 0
[rospy.internal][INFO] 2019-02-27 12:41:40,277: topic[/swarm_control/behavior_status] adding connection to [http://copter131:35577/], count 0
[rospy.internal][INFO] 2019-02-27 12:41:40,287: topic[/swarm_control/behavior_status] adding connection to [http://copter131:33786/], count 0
[rospy.internal][INFO] 2019-02-27 12:41:40,296: topic[/swarm_control/behavior_status] adding connection to [http://copter131:33502/], count 3
[rospy.internal][INFO] 2019-02-27 12:41:40,298: topic[/swarm_control/behavior_status] adding connection to [http://copter131:50560/], count 4
[rospy.internal][INFO] 2019-02-27 12:41:40,304: topic[/swarm_control/behavior_status] adding connection to [http://copter131:46296/], count 5
[rospy.internal][INFO] 2019-02-27 12:41:40,319: topic[/swarm_control/behavior_status] adding connection to [http://copter131:48847/], count 6
[rospy.internal][INFO] 2019-02-27 12:41:40,321: topic[/swarm_control/behavior_status] adding connection to [http://copter131:51105/], count 6
[rospy.internal][INFO] 2019-02-27 12:41:40,332: topic[/swarm_control/behavior_status] adding connection to [http://copter131:55682/], count 8
[rospy.internal][INFO] 2019-02-27 12:41:40,336: topic[/swarm_control/behavior_status] adding connection to [http://copter131:34179/], count 9
[rospy.internal][INFO] 2019-02-27 12:41:40,340: topic[/swarm_control/behavior_status] adding connection to [http://copter131:49132/], count 10
[rospy.internal][INFO] 2019-02-27 12:41:40,343: topic[/swarm_control/behavior_status] adding connection to [http://copter131:46771/], count 11
[rosout][INFO] 2019-02-27 12:41:40,376: Behavior constrained_shooter successfully registered with ID 10
[rosout][INFO] 2019-02-27 12:41:40,430: Behavior patrol_box_shooter successfully registered with ID 13
[rosout][INFO] 2019-02-27 12:41:40,471: Behavior smart_shooter successfully registered with ID 9
[rospy.internal][INFO] 2019-02-27 12:41:40,561: topic[/swarm_control/subswarm_id] adding connection to [/patrol_box], count 0
[rospy.internal][INFO] 2019-02-27 12:41:40,579: topic[/swarm_control/subswarm_id] adding connection to [/network], count 1
[rospy.internal][INFO] 2019-02-27 12:41:40,589: topic[/autopilot/status] adding connection to [http://copter131:48134/], count 0
[rospy.internal][INFO] 2019-02-27 12:41:40,595: topic[/swarm_control/subswarm_id] adding connection to [/pn_interceptor], count 2
[rospy.internal][INFO] 2019-02-27 12:41:40,603: topic[/swarm_control/subswarm_id] adding connection to [/constrained_shooter], count 3
[rospy.internal][INFO] 2019-02-27 12:41:40,614: topic[/swarm_control/subswarm_id] adding connection to [/linear_formation], count 4
[rospy.internal][INFO] 2019-02-27 12:41:40,625: topic[/swarm_control/subswarm_id] adding connection to [/smart_shooter], count 5
[rospy.internal][INFO] 2019-02-27 12:41:40,627: topic[/swarm_control/subswarm_id] adding connection to [/swarm_tracker], count 6
[rospy.internal][INFO] 2019-02-27 12:41:40,634: topic[/swarm_control/subswarm_id] adding connection to [/patrol_box_shooter], count 7
[rospy.internal][INFO] 2019-02-27 12:41:40,649: topic[/swarm_control/subswarm_id] adding connection to [/wingman], count 8
[rospy.internal][INFO] 2019-02-27 12:41:40,654: topic[/swarm_control/subswarm_id] adding connection to [/independent_transit], count 9
[rospy.internal][INFO] 2019-02-27 12:41:40,660: topic[/swarm_control/subswarm_id] adding connection to [/evader], count 10
[rosout][INFO] 2019-02-27 12:41:40,661: Subswarm updated to 0
[rosout][INFO] 2019-02-27 12:41:40,666: Swarm state updated to Preflight
[rosout][INFO] 2019-02-27 12:41:40,667: Active swarm behavior updated to standby
[rospy.internal][INFO] 2019-02-27 12:41:40,669: topic[/swarm_control/subswarm_id] adding connection to [/tactic_interface], count 11
[rospy.internal][INFO] 2019-02-27 12:41:40,673: topic[/swarm_control/swarm_state] adding connection to [/swarm_tracker], count 0
[rospy.internal][INFO] 2019-02-27 12:41:40,677: topic[/swarm_control/swarm_behavior] adding connection to [/swarm_tracker], count 0
[rospy.internal][INFO] 2019-02-27 12:41:40,679: topic[/swarm_control/subswarm_id] adding connection to [/greedy_shooter], count 12
[rospy.internal][INFO] 2019-02-27 12:41:40,682: topic[/swarm_control/swarm_state] adding connection to [/network], count 1
[rospy.internal][INFO] 2019-02-27 12:41:40,686: topic[/swarm_control/subswarm_id] adding connection to [/swarm_landing_sequencer], count 13
[rosout][INFO] 2019-02-27 12:41:40,710: Behavior simple_ground_attack successfully registered with ID 16
[rospy.internal][INFO] 2019-02-27 12:41:40,722: topic[/swarm_control/ap_intent] adding connection to [/patrol_box], count 0
[rosout][INFO] 2019-02-27 12:41:40,724: Behavior tactic_interface successfully registered with ID 14
[rospy.internal][INFO] 2019-02-27 12:41:40,728: topic[/swarm_control/ap_intent] adding connection to [/pn_interceptor], count 1
[rospy.internal][INFO] 2019-02-27 12:41:40,739: topic[/swarm_control/ap_intent] adding connection to [/linear_formation], count 2
[rospy.internal][INFO] 2019-02-27 12:41:40,747: topic[/swarm_control/ap_intent] adding connection to [/smart_shooter], count 3
[rospy.internal][INFO] 2019-02-27 12:41:40,757: topic[/swarm_control/ap_intent] adding connection to [/constrained_shooter], count 4
[rospy.internal][INFO] 2019-02-27 12:41:40,765: topic[/swarm_control/ap_intent] adding connection to [/tactic_interface], count 5
[rospy.internal][INFO] 2019-02-27 12:41:40,771: topic[/swarm_control/ap_intent] adding connection to [/patrol_box_shooter], count 6
[rospy.internal][INFO] 2019-02-27 12:41:40,773: topic[/swarm_control/ap_intent] adding connection to [/swarm_landing_sequencer], count 7
[rospy.internal][INFO] 2019-02-27 12:41:40,776: topic[/swarm_control/ap_intent] adding connection to [/independent_transit], count 8
[rospy.internal][INFO] 2019-02-27 12:41:40,777: topic[/swarm_control/ap_intent] adding connection to [/wingman], count 9
[rospy.internal][INFO] 2019-02-27 12:41:40,781: topic[/swarm_control/ap_intent] adding connection to [/evader], count 10
[rospy.internal][INFO] 2019-02-27 12:41:40,791: topic[/autopilot/waypoint_goto] adding connection to [/autopilot], count 0
[rospy.internal][INFO] 2019-02-27 12:41:40,797: topic[/autopilot/mode_num] adding connection to [/autopilot], count 0
[rospy.internal][INFO] 2019-02-27 12:41:40,802: topic[/swarm_control/ap_intent] adding connection to [/greedy_shooter], count 11
[rospy.internal][INFO] 2019-02-27 12:41:40,811: topic[/swarm_control/behavior_status] adding connection to [http://copter131:49786/], count 12
[rospy.internal][INFO] 2019-02-27 12:41:40,814: topic[/swarm_control/behavior_summary] adding connection to [/network], count 0
[rospy.internal][INFO] 2019-02-27 12:41:40,865: topic[/swarm_control/swarm_behavior] adding connection to [/network], count 1
[rospy.internal][INFO] 2019-02-27 12:41:40,885: topic[/swarm_control/ap_intent] adding connection to [/simple_ground_attack], count 12
[rosout][INFO] 2019-02-27 12:41:41,383: Behavior greedy_shooter successfully registered with ID 4
[rospy.internal][INFO] 2019-02-27 12:41:41,665: topic[/swarm_control/subswarm_id] adding connection to [/simple_ground_attack], count 14
[rosout][INFO] 2019-02-27 12:44:03,476: Swarm state updated to Flight Ready
[rosout][WARNING] 2019-02-27 12:44:57,047: Manual reset to new swarm state: Swarm Ready
[rosout][INFO] 2019-02-27 12:44:57,048: Swarm state updated to Swarm Ready
[rosout][INFO] 2019-02-27 12:44:57,128: Active swarm behavior updated to standby
[rosout][INFO] 2019-02-27 12:44:57,129: Subswarm updated to 0
[rosout][INFO] 2019-02-27 12:44:58,583: Subswarm updated to 1
[rosout][WARNING] 2019-02-27 12:45:06,088: Failed to activate behavior tactic_interface: service [/tactic_interface/set] responded with an error: error processing request: invalid syntax (spudX_works.py, line 115)
[rosout][INFO] 2019-02-27 12:46:01,002: Active swarm behavior updated to standby
[rosout][INFO] 2019-02-27 12:46:02,014: Active swarm behavior updated to tactic_interface
[rosout][INFO] 2019-02-27 12:46:02,016: tactic_interface behavior successfully activated
[rosout][INFO] 2019-02-27 12:48:38,646: Active swarm behavior updated to standby
[rosout][INFO] 2019-02-27 12:48:38,647: Swarm behavior set to "Standby"
