[rospy.client][INFO] 2012-12-31 16:00:17,270: init_node, name[/swarm_tracker], pid[2812]
[xmlrpc][INFO] 2012-12-31 16:00:17,295: XML-RPC server binding to 0.0.0.0:0
[xmlrpc][INFO] 2012-12-31 16:00:17,296: Started XML-RPC server [http://copter131:44778/]
[rospy.init][INFO] 2012-12-31 16:00:17,297: ROS Slave URI: [http://copter131:44778/]
[rospy.impl.masterslave][INFO] 2012-12-31 16:00:17,297: _ready: http://copter131:44778/
[xmlrpc][INFO] 2012-12-31 16:00:17,305: xml rpc node: starting XML-RPC server
[rospy.registration][INFO] 2012-12-31 16:00:17,311: Registering with master node http://localhost:11311
[rospy.init][INFO] 2012-12-31 16:00:17,398: registered with master
[rospy.rosout][INFO] 2012-12-31 16:00:17,399: initializing /rosout core topic
[rospy.rosout][INFO] 2019-02-27 12:41:36,713: connected to core topic /rosout
[rospy.simtime][INFO] 2019-02-27 12:41:36,847: /use_sim_time is not set, will not subscribe to simulated time [/clock] topic
[rospy.internal][INFO] 2019-02-27 12:41:36,897: topic[/rosout] adding connection to [/rosout], count 0
[rospy.internal][INFO] 2019-02-27 12:41:40,143: topic[/autopilot/acs_pose] adding connection to [http://copter131:48134/], count 0
[rospy.internal][INFO] 2019-02-27 12:41:40,224: topic[/swarm_tracker/swarm_uav_states] adding connection to [/swarm_control], count 0
[rospy.internal][INFO] 2019-02-27 12:41:40,408: topic[/swarm_tracker/swarm_uav_states] adding connection to [/safety], count 1
[rospy.internal][INFO] 2019-02-27 12:41:40,522: topic[/autopilot/status] adding connection to [http://copter131:48134/], count 0
[rospy.internal][INFO] 2019-02-27 12:41:40,595: topic[/swarm_control/subswarm_id] adding connection to [http://copter131:52337/], count 0
[rospy.internal][INFO] 2019-02-27 12:41:40,626: topic[/swarm_control/swarm_state] adding connection to [http://copter131:52337/], count 0
[rospy.internal][INFO] 2019-02-27 12:41:40,635: topic[/swarm_control/swarm_behavior] adding connection to [http://copter131:52337/], count 0
[rosout][WARNING] 2019-02-27 12:44:15,708: UAV 131 possible crash: no updates for 6.000000 secs
[rosout][INFO] 2019-02-27 12:44:25,971: Received update to own UAV 131
[rosout][WARNING] 2019-02-27 12:44:51,008: UAV 131 possible crash: no updates for 6.000000 secs
[rosout][INFO] 2019-02-27 12:44:59,792: Received update to own UAV 131
[rospy.internal][INFO] 2019-02-27 12:45:05,591: topic[/swarm_tracker/swarm_uav_states] adding connection to [/tactic_interface], count 2
[rospy.internal][INFO] 2019-02-27 12:48:38,844: topic[/swarm_tracker/swarm_uav_states] removing connection to /tactic_interface
