[rospy.client][INFO] 2019-03-21 06:43:31,632: init_node, name[/constrained_shooter], pid[3062]
[xmlrpc][INFO] 2019-03-21 06:43:31,654: XML-RPC server binding to 0.0.0.0:0
[xmlrpc][INFO] 2019-03-21 06:43:31,656: Started XML-RPC server [http://copter131:39281/]
[rospy.init][INFO] 2019-03-21 06:43:31,656: ROS Slave URI: [http://copter131:39281/]
[rospy.impl.masterslave][INFO] 2019-03-21 06:43:31,659: _ready: http://copter131:39281/
[xmlrpc][INFO] 2019-03-21 06:43:31,671: xml rpc node: starting XML-RPC server
[rospy.registration][INFO] 2019-03-21 06:43:31,672: Registering with master node http://localhost:11311
[rospy.init][INFO] 2019-03-21 06:43:31,760: registered with master
[rospy.rosout][INFO] 2019-03-21 06:43:31,761: initializing /rosout core topic
[rospy.rosout][INFO] 2019-03-21 06:43:31,794: connected to core topic /rosout
[rospy.simtime][INFO] 2019-03-21 06:43:31,815: /use_sim_time is not set, will not subscribe to simulated time [/clock] topic
[rospy.internal][INFO] 2019-03-21 06:43:32,058: topic[/rosout] adding connection to [/rosout], count 0
[rospy.internal][INFO] 2019-03-21 06:43:32,117: topic[/safety/payload_waypoint] adding connection to [/safety], count 0
[rospy.internal][INFO] 2019-03-21 06:43:32,943: topic[/network/send_swarm_behavior_data] adding connection to [/network], count 0
[rospy.internal][INFO] 2019-03-21 06:43:33,938: topic[/autopilot/status] adding connection to [http://copter131:47462/], count 0
[rospy.internal][INFO] 2019-03-21 06:43:33,987: topic[/autopilot/acs_pose] adding connection to [http://copter131:47462/], count 0
[rospy.internal][INFO] 2019-03-21 06:43:34,081: topic[/swarm_control/behavior_status] adding connection to [/swarm_control], count 0
[rospy.internal][INFO] 2019-03-21 06:43:34,324: topic[/swarm_control/subswarm_id] adding connection to [http://copter131:46205/], count 0
[rospy.internal][INFO] 2019-03-21 06:43:34,362: topic[/swarm_control/ap_intent] adding connection to [http://copter131:46205/], count 0
[rospy.internal][INFO] 2019-03-21 06:43:34,433: topic[/hit_tracker/hit_uavs] adding connection to [http://copter131:47803/], count 0
[rospy.internal][INFO] 2019-03-21 06:43:34,469: topic[/air_to_air/firing_reports] adding connection to [/network], count 0
