[rospy.client][INFO] 2012-12-31 16:00:16,645: init_node, name[/network], pid[2813]
[xmlrpc][INFO] 2012-12-31 16:00:16,647: XML-RPC server binding to 0.0.0.0:0
[rospy.init][INFO] 2012-12-31 16:00:16,649: ROS Slave URI: [http://copter131:33198/]
[xmlrpc][INFO] 2012-12-31 16:00:16,650: Started XML-RPC server [http://copter131:33198/]
[rospy.impl.masterslave][INFO] 2012-12-31 16:00:16,650: _ready: http://copter131:33198/
[xmlrpc][INFO] 2012-12-31 16:00:16,652: xml rpc node: starting XML-RPC server
[rospy.registration][INFO] 2012-12-31 16:00:16,654: Registering with master node http://localhost:11311
[rospy.init][INFO] 2012-12-31 16:00:16,750: registered with master
[rospy.rosout][INFO] 2012-12-31 16:00:16,750: initializing /rosout core topic
[rospy.rosout][INFO] 2012-12-31 16:00:16,799: connected to core topic /rosout
[rospy.simtime][INFO] 2012-12-31 16:00:16,863: /use_sim_time is not set, will not subscribe to simulated time [/clock] topic
[rospy.internal][INFO] 2012-12-31 16:00:17,070: topic[/rosout] adding connection to [/rosout], count 0
[rospy.internal][INFO] 2019-03-21 06:43:32,922: topic[/network/send_swarm_behavior_data] adding connection to [http://copter131:50648/], count 0
[rospy.internal][INFO] 2019-03-21 06:43:32,934: topic[/network/send_swarm_behavior_data] adding connection to [http://copter131:38217/], count 1
[rospy.internal][INFO] 2019-03-21 06:43:32,937: topic[/network/send_swarm_behavior_data] adding connection to [http://copter131:53111/], count 2
[rospy.internal][INFO] 2019-03-21 06:43:32,938: topic[/network/send_swarm_behavior_data] adding connection to [http://copter131:43727/], count 2
[rospy.internal][INFO] 2019-03-21 06:43:32,938: topic[/network/send_swarm_behavior_data] adding connection to [http://copter131:39281/], count 2
[rospy.internal][INFO] 2019-03-21 06:43:32,949: topic[/network/send_swarm_behavior_data] adding connection to [http://copter131:41071/], count 5
[rospy.internal][INFO] 2019-03-21 06:43:32,952: topic[/network/send_swarm_behavior_data] adding connection to [http://copter131:44576/], count 6
[rospy.internal][INFO] 2019-03-21 06:43:32,956: topic[/network/send_swarm_behavior_data] adding connection to [http://copter131:51632/], count 7
[rospy.internal][INFO] 2019-03-21 06:43:33,115: topic[/network/send_swarm_behavior_data] adding connection to [http://copter131:51400/], count 8
[rospy.internal][INFO] 2019-03-21 06:43:33,116: topic[/network/send_swarm_behavior_data] adding connection to [http://copter131:55168/], count 9
[rospy.internal][INFO] 2019-03-21 06:43:33,117: topic[/network/send_swarm_behavior_data] adding connection to [http://copter131:34100/], count 9
[rospy.internal][INFO] 2019-03-21 06:43:33,438: topic[/network/send_swarm_behavior_data] adding connection to [http://copter131:41291/], count 11
[rospy.internal][INFO] 2019-03-21 06:43:33,558: topic[/network/send_swarm_behavior_data] adding connection to [http://copter131:54089/], count 12
[rospy.internal][INFO] 2019-03-21 06:43:33,696: topic[/autopilot/acs_pose] adding connection to [http://copter131:47462/], count 0
[rospy.internal][INFO] 2019-03-21 06:43:33,720: topic[/autopilot/status] adding connection to [http://copter131:47462/], count 0
[rospy.internal][INFO] 2019-03-21 06:43:33,978: topic[/air_to_air/firing_reports] adding connection to [http://copter131:55168/], count 0
[rospy.internal][INFO] 2019-03-21 06:43:34,049: topic[/air_to_air/firing_reports] adding connection to [http://copter131:41071/], count 1
[rospy.internal][INFO] 2019-03-21 06:43:34,163: topic[/network/swarm_sub_behavior] adding connection to [http://copter131:44576/], count 0
[rospy.internal][INFO] 2019-03-21 06:43:34,165: topic[/air_to_air/firing_reports] adding connection to [http://copter131:50648/], count 2
[rospy.internal][INFO] 2019-03-21 06:43:34,169: topic[/air_to_air/firing_reports] adding connection to [http://copter131:44576/], count 3
[rospy.internal][INFO] 2019-03-21 06:43:34,304: topic[/swarm_control/swarm_state] adding connection to [http://copter131:46205/], count 0
[rospy.internal][INFO] 2019-03-21 06:43:34,315: topic[/air_to_air/firing_reports] adding connection to [http://copter131:54089/], count 4
[rospy.internal][INFO] 2019-03-21 06:43:34,335: topic[/swarm_control/subswarm_id] adding connection to [http://copter131:46205/], count 0
[rospy.internal][INFO] 2019-03-21 06:43:34,464: topic[/air_to_air/firing_reports] adding connection to [http://copter131:39281/], count 5
[rospy.internal][INFO] 2019-03-21 06:43:35,312: topic[/swarm_control/swarm_behavior] adding connection to [http://copter131:46205/], count 0
[rospy.internal][INFO] 2019-03-21 06:43:35,372: topic[/swarm_control/behavior_summary] adding connection to [http://copter131:46205/], count 0
