[rospy.client][INFO] 2019-03-21 06:43:32,056: init_node, name[/patrol_box_shooter], pid[3119]
[xmlrpc][INFO] 2019-03-21 06:43:32,058: XML-RPC server binding to 0.0.0.0:0
[xmlrpc][INFO] 2019-03-21 06:43:32,059: Started XML-RPC server [http://copter131:54089/]
[rospy.init][INFO] 2019-03-21 06:43:32,059: ROS Slave URI: [http://copter131:54089/]
[rospy.impl.masterslave][INFO] 2019-03-21 06:43:32,060: _ready: http://copter131:54089/
[xmlrpc][INFO] 2019-03-21 06:43:32,064: xml rpc node: starting XML-RPC server
[rospy.registration][INFO] 2019-03-21 06:43:32,066: Registering with master node http://localhost:11311
[rospy.init][INFO] 2019-03-21 06:43:32,160: registered with master
[rospy.rosout][INFO] 2019-03-21 06:43:32,161: initializing /rosout core topic
[rospy.rosout][INFO] 2019-03-21 06:43:33,168: connected to core topic /rosout
[rospy.simtime][INFO] 2019-03-21 06:43:33,177: /use_sim_time is not set, will not subscribe to simulated time [/clock] topic
[rospy.internal][INFO] 2019-03-21 06:43:33,372: topic[/safety/payload_waypoint] adding connection to [/safety], count 0
[rospy.internal][INFO] 2019-03-21 06:43:33,417: topic[/rosout] adding connection to [/rosout], count 0
[rospy.internal][INFO] 2019-03-21 06:43:33,563: topic[/network/send_swarm_behavior_data] adding connection to [/network], count 0
[rospy.internal][INFO] 2019-03-21 06:43:33,745: topic[/autopilot/status] adding connection to [http://copter131:47462/], count 0
[rospy.internal][INFO] 2019-03-21 06:43:34,127: topic[/swarm_control/behavior_status] adding connection to [/swarm_control], count 0
[rospy.internal][INFO] 2019-03-21 06:43:34,152: topic[/autopilot/acs_pose] adding connection to [http://copter131:47462/], count 0
[rospy.internal][INFO] 2019-03-21 06:43:34,215: topic[/hit_tracker/hit_uavs] adding connection to [http://copter131:47803/], count 0
[rospy.internal][INFO] 2019-03-21 06:43:34,319: topic[/air_to_air/firing_reports] adding connection to [/network], count 0
[rospy.internal][INFO] 2019-03-21 06:43:35,328: topic[/swarm_control/subswarm_id] adding connection to [http://copter131:46205/], count 0
[rospy.internal][INFO] 2019-03-21 06:43:35,353: topic[/swarm_control/ap_intent] adding connection to [http://copter131:46205/], count 0
