

1356998414.958905209  Node Startup
1356998417.298263072 INFO [MAVLinkBridge.py:277(_initialize) [topics: /rosout] MAVLinkBridge: Connecting to /dev/ttyACM99 ...
1356998417.313412904 INFO [MAVLinkBridge.py:292(_initialize) [topics: /rosout] MAVLinkBridge: Waiting for autopilot heartbeat ...
1356998418.220932960 INFO [MAVLinkBridge.py:332(_init_time) [topics: /rosout] MAVLinkBridge: Waiting for usable SYSTEM_TIME ...
1553175810.933264017 INFO [MAVLinkBridge.py:364(_init_time) [topics: /rosout] Successfully synced local clock.
1553175810.935178995 INFO [MAVLinkBridge.py:305(_initialize) [topics: /rosout] MAVLinkBridge initialized.
1553175811.769922971 INFO [task_runner.py:126(_do_event) [topics: /autopilot/status, /rosout] Task Runner: Starting Event 'on_start'
1553175811.842268943 INFO [task_runner.py:119(_log) [topics: /autopilot/status, /rosout] Task Runner: Event 'on_start' Task 'Tx Power' Time 0.1s: Succeeded
1553175811.843260049 INFO [task_runner.py:137(_do_event) [topics: /autopilot/status, /rosout] Task Runner: Completed Event 'on_start'
1553175812.337313890 INFO [nodeable.py:215(log_info) [topics: /rosout] Behavior patrol_box successfully registered with ID 12
1553175812.398225069 INFO [nodeable.py:215(log_info) [topics: /rosout] Behavior independent_transit successfully registered with ID 8
1553175813.081141948 INFO [nodeable.py:215(log_info) [topics: /rosout] Behavior pn_interceptor successfully registered with ID 5
1553175813.114243984 INFO [nodeable.py:215(log_info) [topics: /rosout] Behavior simple_ground_attack successfully registered with ID 16
1553175813.467653989 INFO [nodeable.py:215(log_info) [topics: /rosout] Behavior evader successfully registered with ID 15
1553175813.602966070 INFO [nodeable.py:215(log_info) [topics: /rosout] Behavior linear_formation successfully registered with ID 1
1553175813.704901933 WARN [safety.py:151(__init__) [topics: /safety/healthy, /autopilot/payload_attitude, /autopilot/payload_rate, /rosout, /safety/payload_rate, /autopilot/payload_waypoint, /autopilot/heartbeat_onboard, /autopilot/acs_pose, /safety/payload_waypoint, /autopilot/heartbeat_ground, /safety/payload_attitude] establishing proxies for ROS /autopliot/ services
1553175813.849505901 INFO [nodeable.py:215(log_info) [topics: /rosout] Behavior swarm_landing_sequencer successfully registered with ID 98
1553175813.901874065 INFO [nodeable.py:215(log_info) [topics: /swarm_tracker/swarm_uav_states, /rosout] Behavior wingman successfully registered with ID 11
1553175814.002433061 INFO [nodeable.py:215(log_info) [topics: /swarm_tracker/swarm_uav_states, /swarm_control/behavior_status, /rosout] Behavior greedy_shooter successfully registered with ID 4
1553175814.046535968 INFO [task_runner.py:126(_do_event) [topics: /autopilot/status, /rosout] Task Runner: Starting Event 'on_status'
1553175814.123547077 INFO [nodeable.py:215(log_info) [topics: /autopilot/status, /swarm_tracker/swarm_uav_states, /swarm_control/behavior_status, /rosout] Behavior smart_shooter successfully registered with ID 9
1553175814.140518903 INFO [nodeable.py:215(log_info) [topics: /autopilot/status, /swarm_tracker/swarm_uav_states, /swarm_control/behavior_status, /rosout] Behavior tactic_interface successfully registered with ID 14
1553175814.213649988 INFO [nodeable.py:215(log_info) [topics: /rosout, /network/recv_swarm_data, /swarm_tracker/swarm_uav_states, /swarm_control/behavior_status, /network/net_reset, /autopilot/status, /swarm_control/subswarm_id] Behavior patrol_box_shooter successfully registered with ID 13
1553175814.244719028 INFO [nodeable.py:215(log_info) [topics: /autopilot/waypoint_goto, /swarm_control/swarm_state, /swarm_control/behavior_summary, /rosout, /network/recv_swarm_data, /autopilot/mode_num, /swarm_tracker/swarm_uav_states, /swarm_control/behavior_status, /network/net_reset, /swarm_control/swarm_behavior, /autopilot/status, /swarm_control/subswarm_id, /swarm_control/ap_intent] Subswarm updated to 0
1553175814.245420932 INFO [nodeable.py:215(log_info) [topics: /autopilot/waypoint_goto, /swarm_control/swarm_state, /swarm_control/behavior_summary, /rosout, /network/recv_swarm_data, /autopilot/mode_num, /swarm_tracker/swarm_uav_states, /swarm_control/behavior_status, /network/net_reset, /swarm_control/swarm_behavior, /autopilot/status, /swarm_control/subswarm_id, /swarm_control/ap_intent] Swarm state updated to Preflight
1553175814.246068954 INFO [nodeable.py:215(log_info) [topics: /autopilot/waypoint_goto, /swarm_control/swarm_state, /swarm_control/behavior_summary, /rosout, /network/recv_swarm_data, /autopilot/mode_num, /swarm_tracker/swarm_uav_states, /swarm_control/behavior_status, /network/net_reset, /swarm_control/swarm_behavior, /autopilot/status, /swarm_control/subswarm_id, /swarm_control/ap_intent] Active swarm behavior updated to standby
1553175814.425498008 INFO [nodeable.py:215(log_info) [topics: /autopilot/waypoint_goto, /swarm_control/swarm_state, /swarm_control/behavior_summary, /rosout, /network/recv_swarm_data, /autopilot/mode_num, /swarm_tracker/swarm_uav_states, /swarm_control/behavior_status, /network/net_reset, /swarm_control/swarm_behavior, /autopilot/status, /swarm_control/subswarm_id, /swarm_control/ap_intent] Behavior constrained_shooter successfully registered with ID 10
1553175814.397908926 INFO [MAVLinkBridge.py:206(callback_wrapper) [topics: /autopilot/waypoint_goto, /autopilot/weather_update, /autopilot/copter_takeoff, /autopilot/guided_goto, /autopilot/payload_waypoint, /rosout, /autopilot/heartbeat_onboard, /autopilot/gps_odom, /autopilot/mode, /autopilot/mode_num, /autopilot/gps, /autopilot/reboot, /autopilot/heartbeat_ground, /autopilot/status, /autopilot/acs_pose, /autopilot/imu, /autopilot/arm, /autopilot/set_landing] ROS srv recvd: fpr_param_set
1553175814.599961042 INFO [task_runner.py:119(_log) [topics: /autopilot/status, /rosout] Task Runner: Event 'on_status' Task 'AP Set ID' Time 0.6s: Succeeded
1553175814.600606918 INFO [task_runner.py:137(_do_event) [topics: /autopilot/status, /rosout] Task Runner: Completed Event 'on_status'
1553175825.395096063 INFO [MAVLinkBridge.py:377(_handle_statustext) [topics: /autopilot/waypoint_goto, /autopilot/weather_update, /autopilot/copter_takeoff, /autopilot/guided_goto, /autopilot/payload_waypoint, /rosout, /autopilot/heartbeat_onboard, /autopilot/gps_odom, /autopilot/mode, /autopilot/mode_num, /autopilot/gps, /autopilot/reboot, /autopilot/heartbeat_ground, /autopilot/status, /autopilot/acs_pose, /autopilot/imu, /autopilot/arm, /autopilot/set_landing] MAVLink STATUSTEXT: EKF2 IMU1 is using GPS
1553175827.208304882 INFO [MAVLinkBridge.py:377(_handle_statustext) [topics: /autopilot/waypoint_goto, /autopilot/weather_update, /autopilot/copter_takeoff, /autopilot/guided_goto, /autopilot/payload_waypoint, /rosout, /autopilot/heartbeat_onboard, /autopilot/gps_odom, /autopilot/mode, /autopilot/mode_num, /autopilot/gps, /autopilot/reboot, /autopilot/heartbeat_ground, /autopilot/status, /autopilot/acs_pose, /autopilot/imu, /autopilot/arm, /autopilot/set_landing] MAVLink STATUSTEXT: EKF2 IMU0 is using GPS
