[rospy.client][INFO] 2012-12-31 16:00:16,129: init_node, name[/safety], pid[2806]
[xmlrpc][INFO] 2012-12-31 16:00:16,130: XML-RPC server binding to 0.0.0.0:0
[rospy.init][INFO] 2012-12-31 16:00:16,133: ROS Slave URI: [http://copter131:57649/]
[xmlrpc][INFO] 2012-12-31 16:00:16,132: Started XML-RPC server [http://copter131:57649/]
[rospy.impl.masterslave][INFO] 2012-12-31 16:00:16,133: _ready: http://copter131:57649/
[xmlrpc][INFO] 2012-12-31 16:00:16,134: xml rpc node: starting XML-RPC server
[rospy.registration][INFO] 2012-12-31 16:00:16,135: Registering with master node http://localhost:11311
[rospy.init][INFO] 2012-12-31 16:00:16,233: registered with master
[rospy.rosout][INFO] 2012-12-31 16:00:16,234: initializing /rosout core topic
[rospy.rosout][INFO] 2012-12-31 16:00:16,273: connected to core topic /rosout
[rospy.simtime][INFO] 2012-12-31 16:00:16,302: /use_sim_time is not set, will not subscribe to simulated time [/clock] topic
[rospy.internal][INFO] 2012-12-31 16:00:16,478: topic[/rosout] adding connection to [/rosout], count 0
[rospy.internal][INFO] 2019-03-21 06:43:31,699: topic[/safety/payload_rate] adding connection to [http://copter131:34100/], count 0
[rospy.internal][INFO] 2019-03-21 06:43:31,708: topic[/safety/payload_waypoint] adding connection to [http://copter131:44576/], count 0
[rospy.internal][INFO] 2019-03-21 06:43:31,728: topic[/safety/payload_waypoint] adding connection to [http://copter131:34100/], count 1
[rospy.internal][INFO] 2019-03-21 06:43:31,995: topic[/safety/payload_waypoint] adding connection to [http://copter131:50648/], count 2
[rospy.internal][INFO] 2019-03-21 06:43:32,005: topic[/safety/payload_waypoint] adding connection to [http://copter131:38217/], count 3
[rospy.internal][INFO] 2019-03-21 06:43:32,115: topic[/safety/payload_waypoint] adding connection to [http://copter131:39281/], count 4
[rospy.internal][INFO] 2019-03-21 06:43:32,144: topic[/autopilot/heartbeat_onboard] adding connection to [/autopilot], count 0
[rospy.internal][INFO] 2019-03-21 06:43:32,179: topic[/safety/payload_waypoint] adding connection to [http://copter131:43727/], count 5
[rospy.internal][INFO] 2019-03-21 06:43:32,301: topic[/safety/payload_waypoint] adding connection to [http://copter131:53111/], count 6
[rospy.internal][INFO] 2019-03-21 06:43:32,303: topic[/safety/payload_waypoint] adding connection to [http://copter131:41071/], count 7
[rospy.internal][INFO] 2019-03-21 06:43:32,805: topic[/safety/payload_waypoint] adding connection to [http://copter131:51632/], count 8
[rospy.internal][INFO] 2019-03-21 06:43:33,025: topic[/safety/payload_waypoint] adding connection to [http://copter131:51400/], count 9
[rospy.internal][INFO] 2019-03-21 06:43:33,028: topic[/safety/payload_waypoint] adding connection to [http://copter131:55168/], count 10
[rospy.internal][INFO] 2019-03-21 06:43:33,246: topic[/safety/payload_waypoint] adding connection to [http://copter131:41291/], count 11
[rospy.internal][INFO] 2019-03-21 06:43:33,362: topic[/autopilot/payload_waypoint] adding connection to [/autopilot], count 0
[rospy.internal][INFO] 2019-03-21 06:43:33,370: topic[/safety/payload_waypoint] adding connection to [http://copter131:54089/], count 12
[rospy.internal][INFO] 2019-03-21 06:43:33,638: topic[/autopilot/acs_pose] adding connection to [http://copter131:47462/], count 0
[rosout][WARNING] 2019-03-21 06:43:33,704: establishing proxies for ROS /autopliot/ services
[rospy.internal][INFO] 2019-03-21 06:43:34,058: topic[/swarm_tracker/swarm_uav_states] adding connection to [http://copter131:37852/], count 0
