[rospy.client][INFO] 2019-03-21 06:43:31,560: init_node, name[/smart_shooter], pid[3043]
[xmlrpc][INFO] 2019-03-21 06:43:31,572: XML-RPC server binding to 0.0.0.0:0
[xmlrpc][INFO] 2019-03-21 06:43:31,584: Started XML-RPC server [http://copter131:50648/]
[rospy.init][INFO] 2019-03-21 06:43:31,584: ROS Slave URI: [http://copter131:50648/]
[rospy.impl.masterslave][INFO] 2019-03-21 06:43:31,585: _ready: http://copter131:50648/
[xmlrpc][INFO] 2019-03-21 06:43:31,604: xml rpc node: starting XML-RPC server
[rospy.registration][INFO] 2019-03-21 06:43:31,606: Registering with master node http://localhost:11311
[rospy.init][INFO] 2019-03-21 06:43:31,686: registered with master
[rospy.rosout][INFO] 2019-03-21 06:43:31,687: initializing /rosout core topic
[rospy.rosout][INFO] 2019-03-21 06:43:31,734: connected to core topic /rosout
[rospy.simtime][INFO] 2019-03-21 06:43:31,762: /use_sim_time is not set, will not subscribe to simulated time [/clock] topic
[rospy.internal][INFO] 2019-03-21 06:43:31,954: topic[/rosout] adding connection to [/rosout], count 0
[rospy.internal][INFO] 2019-03-21 06:43:31,997: topic[/safety/payload_waypoint] adding connection to [/safety], count 0
[rospy.internal][INFO] 2019-03-21 06:43:32,937: topic[/network/send_swarm_behavior_data] adding connection to [/network], count 0
[rospy.internal][INFO] 2019-03-21 06:43:33,720: topic[/autopilot/status] adding connection to [http://copter131:47462/], count 0
[rospy.internal][INFO] 2019-03-21 06:43:33,953: topic[/autopilot/acs_pose] adding connection to [http://copter131:47462/], count 0
[rospy.internal][INFO] 2019-03-21 06:43:34,074: topic[/swarm_control/behavior_status] adding connection to [/swarm_control], count 0
[rospy.internal][INFO] 2019-03-21 06:43:34,082: topic[/hit_tracker/hit_uavs] adding connection to [http://copter131:47803/], count 0
[rospy.internal][INFO] 2019-03-21 06:43:34,171: topic[/air_to_air/firing_reports] adding connection to [/network], count 0
[rospy.internal][INFO] 2019-03-21 06:43:34,316: topic[/swarm_control/subswarm_id] adding connection to [http://copter131:46205/], count 0
[rospy.internal][INFO] 2019-03-21 06:43:35,302: topic[/swarm_control/ap_intent] adding connection to [http://copter131:46205/], count 0
