[rospy.client][INFO] 2012-12-31 16:00:17,458: init_node, name[/swarm_control], pid[2886]
[xmlrpc][INFO] 2012-12-31 16:00:17,461: XML-RPC server binding to 0.0.0.0:0
[xmlrpc][INFO] 2012-12-31 16:00:17,462: Started XML-RPC server [http://copter131:46205/]
[rospy.impl.masterslave][INFO] 2012-12-31 16:00:17,462: _ready: http://copter131:46205/
[rospy.init][INFO] 2012-12-31 16:00:17,470: ROS Slave URI: [http://copter131:46205/]
[rospy.registration][INFO] 2012-12-31 16:00:17,471: Registering with master node http://localhost:11311
[xmlrpc][INFO] 2012-12-31 16:00:17,472: xml rpc node: starting XML-RPC server
[rospy.init][INFO] 2012-12-31 16:00:17,570: registered with master
[rospy.rosout][INFO] 2012-12-31 16:00:17,571: initializing /rosout core topic
[rospy.rosout][INFO] 2012-12-31 16:00:17,683: connected to core topic /rosout
[rospy.simtime][INFO] 2012-12-31 16:00:17,802: /use_sim_time is not set, will not subscribe to simulated time [/clock] topic
[rospy.internal][INFO] 2012-12-31 16:00:17,992: topic[/rosout] adding connection to [/rosout], count 0
[rosout][INFO] 2019-03-21 06:43:32,336: Behavior patrol_box successfully registered with ID 12
[rosout][INFO] 2019-03-21 06:43:32,397: Behavior independent_transit successfully registered with ID 8
[rosout][INFO] 2019-03-21 06:43:33,080: Behavior pn_interceptor successfully registered with ID 5
[rosout][INFO] 2019-03-21 06:43:33,113: Behavior simple_ground_attack successfully registered with ID 16
[rosout][INFO] 2019-03-21 06:43:33,467: Behavior evader successfully registered with ID 15
[rosout][INFO] 2019-03-21 06:43:33,602: Behavior linear_formation successfully registered with ID 1
[rosout][INFO] 2019-03-21 06:43:33,849: Behavior swarm_landing_sequencer successfully registered with ID 98
[rosout][INFO] 2019-03-21 06:43:33,901: Behavior wingman successfully registered with ID 11
[rospy.internal][INFO] 2019-03-21 06:43:33,931: topic[/swarm_tracker/swarm_uav_states] adding connection to [http://copter131:37852/], count 0
[rosout][INFO] 2019-03-21 06:43:34,000: Behavior greedy_shooter successfully registered with ID 4
[rospy.internal][INFO] 2019-03-21 06:43:34,056: topic[/swarm_control/behavior_status] adding connection to [http://copter131:50648/], count 0
[rospy.internal][INFO] 2019-03-21 06:43:34,058: topic[/swarm_control/behavior_status] adding connection to [http://copter131:38217/], count 0
[rospy.internal][INFO] 2019-03-21 06:43:34,067: topic[/swarm_control/behavior_status] adding connection to [http://copter131:43727/], count 2
[rospy.internal][INFO] 2019-03-21 06:43:34,068: topic[/swarm_control/behavior_status] adding connection to [http://copter131:53111/], count 3
[rospy.internal][INFO] 2019-03-21 06:43:34,070: topic[/swarm_control/behavior_status] adding connection to [http://copter131:39281/], count 4
[rospy.internal][INFO] 2019-03-21 06:43:34,092: topic[/swarm_control/behavior_status] adding connection to [http://copter131:41071/], count 5
[rospy.internal][INFO] 2019-03-21 06:43:34,093: topic[/swarm_control/behavior_status] adding connection to [http://copter131:44576/], count 5
[rospy.internal][INFO] 2019-03-21 06:43:34,100: topic[/swarm_control/behavior_status] adding connection to [http://copter131:51632/], count 7
[rospy.internal][INFO] 2019-03-21 06:43:34,105: topic[/swarm_control/behavior_status] adding connection to [http://copter131:55168/], count 8
[rospy.internal][INFO] 2019-03-21 06:43:34,105: topic[/swarm_control/behavior_status] adding connection to [http://copter131:51400/], count 9
[rospy.internal][INFO] 2019-03-21 06:43:34,117: topic[/swarm_control/behavior_status] adding connection to [http://copter131:34100/], count 10
[rospy.internal][INFO] 2019-03-21 06:43:34,118: topic[/swarm_control/behavior_status] adding connection to [http://copter131:41291/], count 10
[rosout][INFO] 2019-03-21 06:43:34,122: Behavior smart_shooter successfully registered with ID 9
[rospy.internal][INFO] 2019-03-21 06:43:34,124: topic[/swarm_control/behavior_status] adding connection to [http://copter131:54089/], count 12
[rospy.internal][INFO] 2019-03-21 06:43:34,137: topic[/autopilot/status] adding connection to [http://copter131:47462/], count 0
[rosout][INFO] 2019-03-21 06:43:34,140: Behavior tactic_interface successfully registered with ID 14
[rosout][INFO] 2019-03-21 06:43:34,213: Behavior patrol_box_shooter successfully registered with ID 13
[rosout][INFO] 2019-03-21 06:43:34,244: Subswarm updated to 0
[rosout][INFO] 2019-03-21 06:43:34,245: Swarm state updated to Preflight
[rosout][INFO] 2019-03-21 06:43:34,245: Active swarm behavior updated to standby
[rospy.internal][INFO] 2019-03-21 06:43:34,266: topic[/swarm_control/subswarm_id] adding connection to [/independent_transit], count 0
[rospy.internal][INFO] 2019-03-21 06:43:34,276: topic[/swarm_control/subswarm_id] adding connection to [/swarm_landing_sequencer], count 1
[rospy.internal][INFO] 2019-03-21 06:43:34,288: topic[/swarm_control/subswarm_id] adding connection to [/greedy_shooter], count 2
[rospy.internal][INFO] 2019-03-21 06:43:34,302: topic[/swarm_control/subswarm_id] adding connection to [/simple_ground_attack], count 3
[rospy.internal][INFO] 2019-03-21 06:43:34,311: topic[/swarm_control/subswarm_id] adding connection to [/patrol_box], count 4
[rospy.internal][INFO] 2019-03-21 06:43:34,321: topic[/swarm_control/swarm_state] adding connection to [/network], count 0
[rospy.internal][INFO] 2019-03-21 06:43:34,325: topic[/swarm_control/swarm_state] adding connection to [/swarm_tracker], count 1
[rospy.internal][INFO] 2019-03-21 06:43:34,332: topic[/swarm_control/subswarm_id] adding connection to [/smart_shooter], count 5
[rospy.internal][INFO] 2019-03-21 06:43:34,336: topic[/swarm_control/subswarm_id] adding connection to [/constrained_shooter], count 6
[rospy.internal][INFO] 2019-03-21 06:43:34,338: topic[/swarm_control/subswarm_id] adding connection to [/network], count 7
[rospy.internal][INFO] 2019-03-21 06:43:34,361: topic[/swarm_control/subswarm_id] adding connection to [/pn_interceptor], count 8
[rospy.internal][INFO] 2019-03-21 06:43:34,367: topic[/swarm_control/subswarm_id] adding connection to [/swarm_tracker], count 9
[rospy.internal][INFO] 2019-03-21 06:43:34,373: topic[/swarm_control/ap_intent] adding connection to [/simple_ground_attack], count 0
[rospy.internal][INFO] 2019-03-21 06:43:34,376: topic[/swarm_control/subswarm_id] adding connection to [/tactic_interface], count 10
[rospy.internal][INFO] 2019-03-21 06:43:34,378: topic[/swarm_control/ap_intent] adding connection to [/constrained_shooter], count 1
[rospy.internal][INFO] 2019-03-21 06:43:34,382: topic[/swarm_control/subswarm_id] adding connection to [/wingman], count 11
[rospy.internal][INFO] 2019-03-21 06:43:34,384: topic[/swarm_control/subswarm_id] adding connection to [/evader], count 12
[rospy.internal][INFO] 2019-03-21 06:43:34,386: topic[/autopilot/mode_num] adding connection to [/autopilot], count 0
[rospy.internal][INFO] 2019-03-21 06:43:34,387: topic[/autopilot/waypoint_goto] adding connection to [/autopilot], count 0
[rosout][INFO] 2019-03-21 06:43:34,425: Behavior constrained_shooter successfully registered with ID 10
[rospy.internal][INFO] 2019-03-21 06:43:34,530: topic[/swarm_control/ap_intent] adding connection to [/patrol_box], count 2
[rospy.internal][INFO] 2019-03-21 06:43:34,535: topic[/swarm_control/subswarm_id] adding connection to [/linear_formation], count 13
[rospy.internal][INFO] 2019-03-21 06:43:35,304: topic[/swarm_control/ap_intent] adding connection to [/smart_shooter], count 3
[rospy.internal][INFO] 2019-03-21 06:43:35,307: topic[/swarm_control/swarm_behavior] adding connection to [/swarm_tracker], count 0
[rospy.internal][INFO] 2019-03-21 06:43:35,314: topic[/swarm_control/swarm_behavior] adding connection to [/network], count 1
[rospy.internal][INFO] 2019-03-21 06:43:35,320: topic[/swarm_control/ap_intent] adding connection to [/linear_formation], count 4
[rospy.internal][INFO] 2019-03-21 06:43:35,329: topic[/swarm_control/ap_intent] adding connection to [/tactic_interface], count 5
[rospy.internal][INFO] 2019-03-21 06:43:35,331: topic[/swarm_control/subswarm_id] adding connection to [/patrol_box_shooter], count 14
[rospy.internal][INFO] 2019-03-21 06:43:35,346: topic[/swarm_control/ap_intent] adding connection to [/independent_transit], count 6
[rospy.internal][INFO] 2019-03-21 06:43:35,351: topic[/swarm_control/ap_intent] adding connection to [/pn_interceptor], count 7
[rospy.internal][INFO] 2019-03-21 06:43:35,356: topic[/swarm_control/ap_intent] adding connection to [/evader], count 8
[rospy.internal][INFO] 2019-03-21 06:43:35,358: topic[/swarm_control/ap_intent] adding connection to [/patrol_box_shooter], count 9
[rospy.internal][INFO] 2019-03-21 06:43:35,366: topic[/swarm_control/ap_intent] adding connection to [/swarm_landing_sequencer], count 10
[rospy.internal][INFO] 2019-03-21 06:43:35,373: topic[/swarm_control/ap_intent] adding connection to [/wingman], count 11
[rospy.internal][INFO] 2019-03-21 06:43:35,379: topic[/swarm_control/ap_intent] adding connection to [/greedy_shooter], count 12
[rospy.internal][INFO] 2019-03-21 06:43:35,381: topic[/swarm_control/behavior_summary] adding connection to [/network], count 0
