[rospy.client][INFO] 2012-12-31 16:00:15,958: init_node, name[/network], pid[2747]
[xmlrpc][INFO] 2012-12-31 16:00:15,960: XML-RPC server binding to 0.0.0.0:0
[rospy.init][INFO] 2012-12-31 16:00:15,962: ROS Slave URI: [http://copter131:40883/]
[xmlrpc][INFO] 2012-12-31 16:00:15,961: Started XML-RPC server [http://copter131:40883/]
[rospy.impl.masterslave][INFO] 2012-12-31 16:00:15,962: _ready: http://copter131:40883/
[xmlrpc][INFO] 2012-12-31 16:00:15,964: xml rpc node: starting XML-RPC server
[rospy.registration][INFO] 2012-12-31 16:00:15,965: Registering with master node http://localhost:11311
[rospy.init][INFO] 2012-12-31 16:00:16,062: registered with master
[rospy.rosout][INFO] 2012-12-31 16:00:16,063: initializing /rosout core topic
[rospy.rosout][INFO] 2012-12-31 16:00:16,099: connected to core topic /rosout
[rospy.simtime][INFO] 2012-12-31 16:00:16,130: /use_sim_time is not set, will not subscribe to simulated time [/clock] topic
[rospy.internal][INFO] 2012-12-31 16:00:16,271: topic[/rosout] adding connection to [/rosout], count 0
[rospy.internal][INFO] 2012-12-31 16:00:19,829: topic[/network/send_swarm_behavior_data] adding connection to [http://copter131:55232/], count 0
[rospy.internal][INFO] 2012-12-31 16:00:19,835: topic[/network/send_swarm_behavior_data] adding connection to [http://copter131:48366/], count 1
[rospy.internal][INFO] 2012-12-31 16:00:19,952: topic[/network/send_swarm_behavior_data] adding connection to [http://copter131:34963/], count 2
[rospy.internal][INFO] 2012-12-31 16:00:20,072: topic[/network/send_swarm_behavior_data] adding connection to [http://copter131:42102/], count 3
[rospy.internal][INFO] 2012-12-31 16:00:20,073: topic[/network/send_swarm_behavior_data] adding connection to [http://copter131:56243/], count 3
[rospy.internal][INFO] 2012-12-31 16:00:20,074: topic[/network/send_swarm_behavior_data] adding connection to [http://copter131:57115/], count 5
[rospy.internal][INFO] 2012-12-31 16:00:20,292: topic[/network/send_swarm_behavior_data] adding connection to [http://copter131:51984/], count 6
[rospy.internal][INFO] 2012-12-31 16:00:20,293: topic[/network/send_swarm_behavior_data] adding connection to [http://copter131:56276/], count 7
[rospy.internal][INFO] 2012-12-31 16:00:20,369: topic[/network/send_swarm_behavior_data] adding connection to [http://copter131:48320/], count 8
[rospy.internal][INFO] 2012-12-31 16:00:20,483: topic[/network/send_swarm_behavior_data] adding connection to [http://copter131:35806/], count 9
[rospy.internal][INFO] 2012-12-31 16:00:20,703: topic[/network/send_swarm_behavior_data] adding connection to [http://copter131:53042/], count 10
[rospy.internal][INFO] 2012-12-31 16:00:20,708: topic[/network/send_swarm_behavior_data] adding connection to [http://copter131:53958/], count 11
[rospy.internal][INFO] 2012-12-31 16:00:21,028: topic[/network/send_swarm_behavior_data] adding connection to [http://copter131:46578/], count 12
[rospy.internal][INFO] 2019-03-27 06:22:30,720: topic[/autopilot/acs_pose] adding connection to [http://copter131:34450/], count 0
[rospy.internal][INFO] 2019-03-27 06:22:30,929: topic[/air_to_air/firing_reports] adding connection to [http://copter131:35806/], count 0
[rospy.internal][INFO] 2019-03-27 06:22:31,049: topic[/swarm_control/subswarm_id] adding connection to [http://copter131:33931/], count 0
[rospy.internal][INFO] 2019-03-27 06:22:31,104: topic[/swarm_control/swarm_state] adding connection to [http://copter131:33931/], count 0
[rospy.internal][INFO] 2019-03-27 06:22:31,174: topic[/network/swarm_sub_behavior] adding connection to [http://copter131:34963/], count 0
[rospy.internal][INFO] 2019-03-27 06:22:31,179: topic[/air_to_air/firing_reports] adding connection to [http://copter131:34963/], count 1
[rospy.internal][INFO] 2019-03-27 06:22:31,186: topic[/swarm_control/behavior_summary] adding connection to [http://copter131:33931/], count 0
[rospy.internal][INFO] 2019-03-27 06:22:31,187: topic[/air_to_air/firing_reports] adding connection to [http://copter131:34963/], count 2
[rospy.internal][INFO] 2019-03-27 06:22:31,188: top