[rospy.client][INFO] 2012-12-31 16:00:15,544: init_node, name[/radiation_sensor], pid[2744]
[xmlrpc][INFO] 2012-12-31 16:00:15,545: XML-RPC server binding to 0.0.0.0:0
[rospy.init][INFO] 2012-12-31 16:00:15,547: ROS Slave URI: [http://copter131:53261/]
[xmlrpc][INFO] 2012-12-31 16:00:15,547: Started XML-RPC server [http://copter131:53261/]
[rospy.impl.masterslave][INFO] 2012-12-31 16:00:15,548: _ready: http://copter131:53261/
[xmlrpc][INFO] 2012-12-31 16:00:15,549: xml rpc node: starting XML-RPC server
[rospy.registration][INFO] 2012-12-31 16:00:15,550: Registering with master node http://localhost:11311
[rospy.init][INFO] 2012-12-31 16:00:15,648: registered with master
[rospy.rosout][INFO] 2012-12-31 16:00:15,649: initializing /rosout core topic
[rospy.rosout][INFO] 2012-12-31 16:00:15,672: connected to core topic /rosout
[rospy.simtime][INFO] 2012-12-31 16:00:15,703: /use_sim_time is not set, will not subscribe to simulated time [/clock] topic
[rospy.core][INFO] 2012-12-31 16:00:15,830: signal_shutdown [atexit]
[rospy.impl.masterslave][INFO] 2012-12-31 16:00:15,844: atexit
[rospy.client][INFO] 2012-12-31 16:00:16,647: init_node, name[/radiation_sensor], pid[2789]
[xmlrpc][INFO] 2012-12-31 16:00:16,649: XML-RPC server binding to 0.0.0.0:0
[rospy.init][INFO] 2012-12-31 16:00:16,655: ROS Slave URI: [http://copter131:53448/]
[xmlrpc][INFO] 2012-12-31 16:00:16,655: Started XML-RPC server [http://copter131:53448/]
[rospy.impl.masterslave][INFO] 2012-12-31 16:00:16,656: _ready: http://copter131:53448/
[xmlrpc][INFO] 2012-12-31 16:00:16,659: xml rpc node: starting XML-RPC server
[rospy.registration][INFO] 2012-12-31 16:00:16,660: Registering with master node http://localhost:11311
[rospy.init][INFO] 2012-12-31 16:00:16,756: registered with master
[rospy.rosout][INFO] 2012-12-31 16:00:16,756: initializing /rosout core topic
[rospy.rosout][INFO] 2012-12-31 16:00:16,815: connected to core topic /rosout
[rospy.simtime][INFO] 2012-12-31 16:00:16,902: /use_sim_time is not set, will not subscribe to simulated time [/clock] topic
[rospy.internal][INFO] 2012-12-31 16:00:16,969: topic[/rosout] adding connection to [/rosout], count 0
[rospy.core][INFO] 2012-12-31 16:00:17,024: signal_shutdown [atexit]
[rospy.internal][INFO] 2012-12-31 16:00:17,131: topic[/rosout] removing connection to /rosout
[rospy.impl.masterslave][INFO] 2012-12-31 16:00:17,132: atexit
[rospy.client][INFO] 2012-12-31 16:00:18,453: init_node, name[/radiation_sensor], pid[3054]
[xmlrpc][INFO] 2012-12-31 16:00:18,465: XML-RPC server binding to 0.0.0.0:0
[xmlrpc][INFO] 2012-12-31 16:00:18,466: Started XML-RPC server [http://copter131:32811/]
[rospy.impl.masterslave][INFO] 2012-12-31 16:00:18,466: _ready: http://copter131:32811/
[xmlrpc][INFO] 2012-12-31 16:00:18,467: xml rpc node: starting XML-RPC server
[rospy.registration][INFO] 2012-12-31 16:00:18,468: Registering with master node http://localhost:11311
[rospy.init][INFO] 2012-12-31 16:00:18,469: ROS Slave URI: [http://copter131:32811/]
[rospy.init][INFO] 2012-12-31 16:00:18,469: registered with master
[rospy.rosout][INFO] 2012-12-31 16:00:18,469: initializing /rosout core topic
[rospy.rosout][INFO] 2012-12-31 16:00:18,534: connected to core topic /rosout
[rospy.internal][INFO] 2012-12-31 16:00:18,700: topic[/rosout] adding connection to [/rosout], count 0
[rospy.simtime][INFO] 2012-12-31 16:00:20,436: /use_sim_time is not set, will not subscribe to simulated time [/clock] topic
[rospy.core][INFO] 2012-12-31 16:00:20,446: signal_shutdown [atexit]
[rospy.internal][INFO] 2012-12-31 16:00:20,452: topic[/rosout] removing connection to /rosout
[rospy.impl.masterslave][INFO] 2012-12-31 16:00:20,452: atexit
[rospy.client][INFO] 2012-12-31 16:00:21,053: init_node, name[/radiation_sensor], pid[3967]
[xmlrpc][INFO] 2012-12-31 16:00:21,054: XML-RPC server binding to 0.0.0.0:0
[xmlrpc][INFO] 2012-12-31 16:00:21,055: Started XML-RPC server [http://copter131:40509/]
[rospy.init][INFO] 2012-12-31 16:00:21,055: ROS Slave URI: [http://copter131:40509/]
[rospy.impl.masterslave][INFO] 2012-12-31 16:00:21,055: _ready: http://copter131:405