[rospy.client][INFO] 2012-12-31 16:00:15,827: init_node, name[/safety], pid[2743]
[xmlrpc][INFO] 2012-12-31 16:00:15,832: XML-RPC server binding to 0.0.0.0:0
[rospy.init][INFO] 2012-12-31 16:00:15,835: ROS Slave URI: [http://copter131:48471/]
[xmlrpc][INFO] 2012-12-31 16:00:15,835: Started XML-RPC server [http://copter131:48471/]
[rospy.impl.masterslave][INFO] 2012-12-31 16:00:15,835: _ready: http://copter131:48471/
[xmlrpc][INFO] 2012-12-31 16:00:15,841: xml rpc node: starting XML-RPC server
[rospy.registration][INFO] 2012-12-31 16:00:15,843: Registering with master node http://localhost:11311
[rospy.init][INFO] 2012-12-31 16:00:15,935: registered with master
[rospy.rosout][INFO] 2012-12-31 16:00:15,936: initializing /rosout core topic
[rospy.rosout][INFO] 2012-12-31 16:00:15,959: connected to core topic /rosout
[rospy.simtime][INFO] 2012-12-31 16:00:15,965: /use_sim_time is not set, will not subscribe to simulated time [/clock] topic
[rospy.internal][INFO] 2012-12-31 16:00:16,269: topic[/rosout] adding connection to [/rosout], count 0
[rospy.internal][INFO] 2012-12-31 16:00:19,184: topic[/safety/payload_rate] adding connection to [http://copter131:48366/], count 0
[rospy.internal][INFO] 2012-12-31 16:00:19,326: topic[/safety/payload_waypoint] adding connection to [http://copter131:48366/], count 0
[rospy.internal][INFO] 2012-12-31 16:00:19,554: topic[/safety/payload_waypoint] adding connection to [http://copter131:55232/], count 1
[rospy.internal][INFO] 2012-12-31 16:00:19,558: topic[/safety/payload_waypoint] adding connection to [http://copter131:53958/], count 2
[rospy.internal][INFO] 2012-12-31 16:00:19,630: topic[/safety/payload_waypoint] adding connection to [http://copter131:34963/], count 3
[rospy.internal][INFO] 2012-12-31 16:00:19,847: topic[/safety/payload_waypoint] adding connection to [http://copter131:42102/], count 4
[rospy.internal][INFO] 2012-12-31 16:00:19,964: topic[/safety/payload_waypoint] adding connection to [http://copter131:56243/], count 5
[rospy.internal][INFO] 2012-12-31 16:00:20,082: topic[/safety/payload_waypoint] adding connection to [http://copter131:57115/], count 6
[rospy.internal][INFO] 2012-12-31 16:00:20,151: topic[/safety/payload_waypoint] adding connection to [http://copter131:56276/], count 7
[rospy.internal][INFO] 2012-12-31 16:00:20,273: topic[/safety/payload_waypoint] adding connection to [http://copter131:48320/], count 8
[rospy.internal][INFO] 2012-12-31 16:00:20,273: topic[/safety/payload_waypoint] adding connection to [http://copter131:51984/], count 9
[rospy.internal][INFO] 2012-12-31 16:00:20,390: topic[/safety/payload_waypoint] adding connection to [http://copter131:35806/], count 10
[rospy.internal][INFO] 2012-12-31 16:00:20,510: topic[/safety/payload_waypoint] adding connection to [http://copter131:53042/], count 11
[rospy.internal][INFO] 2012-12-31 16:00:20,934: topic[/safety/payload_waypoint] adding connection to [http://copter131:46578/], count 12
[rospy.internal][INFO] 2019-03-27 06:22:30,429: topic[/autopilot/heartbeat_onboard] adding connection to [/autopilot], count 0
[rospy.internal][INFO] 2019-03-27 06:22:30,498: topic[/autopilot/payload_waypoint] adding connection to [/autopilot], count 0
[rospy.internal][INFO] 2019-03-27 06:22:30,691: topic[/autopilot/acs_pose] adding connection to [http://copter131:34450/], count 0
[rosout][WARNING] 2019-03-27 06:22:30,883: establishing proxies for ROS /autopliot/ services
[rospy.internal][INFO] 2019-03-27 06:22:31,002: topic[/swarm_tracker/swarm_uav_states] adding connection to [http://copter131:53581/], count 0
