[rospy.client][INFO] 2019-02-26 13:30:38,558: init_node, name[/constrained_shooter], pid[3068]
[xmlrpc][INFO] 2019-02-26 13:30:38,575: XML-RPC server binding to 0.0.0.0:0
[xmlrpc][INFO] 2019-02-26 13:30:38,577: Started XML-RPC server [http://copter131:51967/]
[rospy.init][INFO] 2019-02-26 13:30:38,577: ROS Slave URI: [http://copter131:51967/]
[rospy.impl.masterslave][INFO] 2019-02-26 13:30:38,577: _ready: http://copter131:51967/
[xmlrpc][INFO] 2019-02-26 13:30:38,591: xml rpc node: starting XML-RPC server
[rospy.registration][INFO] 2019-02-26 13:30:38,593: Registering with master node http://localhost:11311
[rospy.init][INFO] 2019-02-26 13:30:38,678: registered with master
[rospy.rosout][INFO] 2019-02-26 13:30:38,679: initializing /rosout core topic
[rospy.rosout][INFO] 2019-02-26 13:30:39,691: connected to core topic /rosout
[rospy.simtime][INFO] 2019-02-26 13:30:39,695: /use_sim_time is not set, will not subscribe to simulated time [/clock] topic
[rospy.internal][INFO] 2019-02-26 13:30:39,794: topic[/safety/payload_waypoint] adding connection to [/safety], count 0
[rospy.internal][INFO] 2019-02-26 13:30:40,006: topic[/rosout] adding connection to [/rosout], count 0
[rospy.internal][INFO] 2019-02-26 13:30:40,027: topic[/swarm_control/behavior_status] adding connection to [/swarm_control], count 0
[rospy.internal][INFO] 2019-02-26 13:30:40,065: topic[/network/send_swarm_behavior_data] adding connection to [/network], count 0
[rospy.internal][INFO] 2019-02-26 13:30:40,204: topic[/swarm_control/subswarm_id] adding connection to [http://copter131:47490/], count 0
[rospy.internal][INFO] 2019-02-26 13:30:40,273: topic[/swarm_control/ap_intent] adding connection to [http://copter131:47490/], count 0
[rospy.internal][INFO] 2019-02-26 13:30:40,698: topic[/autopilot/status] adding connection to [http://copter131:46730/], count 0
[rospy.internal][INFO] 2019-02-26 13:30:41,046: topic[/autopilot/acs_pose] adding connection to [http://copter131:46730/], count 0
[rospy.internal][INFO] 2019-02-26 13:30:41,065: topic[/hit_tracker/hit_uavs] adding connection to [http://copter131:52094/], count 0
[rospy.internal][INFO] 2019-02-26 13:30:41,120: topic[/air_to_air/firing_reports] adding connection to [/network], count 0
[rosout][INFO] 2019-02-26 13:33:14,582: constrained_shooter activate request False returned False
[rosout][INFO] 2019-02-26 13:33:19,403: constrained_shooter activate request False returned False
[rosout][INFO] 2019-02-26 13:34:45,675: constrained_shooter activate request False returned False
[rosout][INFO] 2019-02-26 13:53:32,603: constrained_shooter activate request False returned False
[rosout][INFO] 2019-02-26 13:55:53,838: constrained_shooter activate request False returned False
[rosout][INFO] 2019-02-26 14:01:45,404: constrained_shooter activate request False returned False
