[rospy.client][INFO] 2019-02-26 13:30:38,995: init_node, name[/evader], pid[3142]
[xmlrpc][INFO] 2019-02-26 13:30:38,997: XML-RPC server binding to 0.0.0.0:0
[xmlrpc][INFO] 2019-02-26 13:30:38,998: Started XML-RPC server [http://copter131:36514/]
[rospy.init][INFO] 2019-02-26 13:30:38,998: ROS Slave URI: [http://copter131:36514/]
[rospy.impl.masterslave][INFO] 2019-02-26 13:30:38,999: _ready: http://copter131:36514/
[xmlrpc][INFO] 2019-02-26 13:30:39,000: xml rpc node: starting XML-RPC server
[rospy.registration][INFO] 2019-02-26 13:30:39,002: Registering with master node http://localhost:11311
[rospy.init][INFO] 2019-02-26 13:30:39,099: registered with master
[rospy.rosout][INFO] 2019-02-26 13:30:39,100: initializing /rosout core topic
[rospy.rosout][INFO] 2019-02-26 13:30:39,125: connected to core topic /rosout
[rospy.simtime][INFO] 2019-02-26 13:30:39,138: /use_sim_time is not set, will not subscribe to simulated time [/clock] topic
[rospy.internal][INFO] 2019-02-26 13:30:39,320: topic[/rosout] adding connection to [/rosout], count 0
[rospy.internal][INFO] 2019-02-26 13:30:39,350: topic[/safety/payload_waypoint] adding connection to [/safety], count 0
[rospy.internal][INFO] 2019-02-26 13:30:39,358: topic[/safety/payload_waypoint] adding connection to [/safety], count 1
[rospy.internal][INFO] 2019-02-26 13:30:39,359: topic[/safety/payload_waypoint] removing connection to /safety
[rospy.internal][INFO] 2019-02-26 13:30:39,361: topic[/safety/payload_waypoint] adding connection to [/safety], count 1
[rospy.internal][INFO] 2019-02-26 13:30:39,362: topic[/safety/payload_waypoint] removing connection to /safety
[rospy.internal][INFO] 2019-02-26 13:30:39,364: topic[/safety/payload_waypoint] adding connection to [/safety], count 1
[rospy.internal][INFO] 2019-02-26 13:30:39,365: topic[/safety/payload_waypoint] removing connection to /safety
[rospy.internal][INFO] 2019-02-26 13:30:39,589: topic[/network/send_swarm_behavior_data] adding connection to [/network], count 0
[rospy.internal][INFO] 2019-02-26 13:30:39,613: topic[/hit_tracker/hit_uavs] adding connection to [http://copter131:52094/], count 0
[rospy.internal][INFO] 2019-02-26 13:30:39,897: topic[/swarm_control/behavior_status] adding connection to [/swarm_control], count 0
[rospy.internal][INFO] 2019-02-26 13:30:39,933: topic[/autopilot/acs_pose] adding connection to [http://copter131:46730/], count 0
[rospy.internal][INFO] 2019-02-26 13:30:40,211: topic[/swarm_control/subswarm_id] adding connection to [http://copter131:47490/], count 0
[rospy.internal][INFO] 2019-02-26 13:30:40,276: topic[/swarm_control/ap_intent] adding connection to [http://copter131:47490/], count 0
[rospy.internal][INFO] 2019-02-26 13:30:40,633: topic[/autopilot/status] adding connection to [http://copter131:46730/], count 0
[rosout][INFO] 2019-02-26 13:33:14,615: evader activate request False returned False
[rosout][INFO] 2019-02-26 13:33:19,434: evader activate request False returned False
[rosout][INFO] 2019-02-26 13:34:45,722: evader activate request False returned False
[rosout][INFO] 2019-02-26 13:53:32,646: evader activate request False returned False
[rosout][INFO] 2019-02-26 13:55:53,884: evader activate request False returned False
[rosout][INFO] 2019-02-26 14:01:45,448: evader activate request False returned False
