[rospy.client][INFO] 2019-02-26 13:30:37,095: init_node, name[/independent_transit], pid[2890]
[xmlrpc][INFO] 2019-02-26 13:30:37,115: XML-RPC server binding to 0.0.0.0:0
[xmlrpc][INFO] 2019-02-26 13:30:37,117: Started XML-RPC server [http://copter131:59430/]
[rospy.impl.masterslave][INFO] 2019-02-26 13:30:37,117: _ready: http://copter131:59430/
[rospy.init][INFO] 2019-02-26 13:30:37,129: ROS Slave URI: [http://copter131:59430/]
[xmlrpc][INFO] 2019-02-26 13:30:37,130: xml rpc node: starting XML-RPC server
[rospy.registration][INFO] 2019-02-26 13:30:37,132: Registering with master node http://localhost:11311
[rospy.init][INFO] 2019-02-26 13:30:37,230: registered with master
[rospy.rosout][INFO] 2019-02-26 13:30:37,230: initializing /rosout core topic
[rospy.rosout][INFO] 2019-02-26 13:30:37,330: connected to core topic /rosout
[rospy.simtime][INFO] 2019-02-26 13:30:37,479: /use_sim_time is not set, will not subscribe to simulated time [/clock] topic
[rospy.internal][INFO] 2019-02-26 13:30:37,596: topic[/rosout] adding connection to [/rosout], count 0
[rospy.internal][INFO] 2019-02-26 13:30:38,831: topic[/safety/payload_waypoint] adding connection to [/safety], count 0
[rospy.internal][INFO] 2019-02-26 13:30:39,094: topic[/network/send_swarm_behavior_data] adding connection to [/network], count 0
[rospy.internal][INFO] 2019-02-26 13:30:39,898: topic[/swarm_control/behavior_status] adding connection to [/swarm_control], count 0
[rospy.internal][INFO] 2019-02-26 13:30:40,166: topic[/swarm_control/subswarm_id] adding connection to [http://copter131:47490/], count 0
[rospy.internal][INFO] 2019-02-26 13:30:40,254: topic[/swarm_control/ap_intent] adding connection to [http://copter131:47490/], count 0
[rospy.internal][INFO] 2019-02-26 13:30:40,598: topic[/autopilot/status] adding connection to [http://copter131:46730/], count 0
[rosout][INFO] 2019-02-26 13:33:14,563: independent_transit activate request False returned False
[rosout][INFO] 2019-02-26 13:33:19,391: independent_transit activate request False returned False
[rosout][INFO] 2019-02-26 13:34:45,657: independent_transit activate request False returned False
[rosout][INFO] 2019-02-26 13:53:32,592: independent_transit activate request False returned False
[rosout][INFO] 2019-02-26 13:55:53,808: independent_transit activate request False returned False
[rosout][INFO] 2019-02-26 14:01:45,392: independent_transit activate request False returned False
