[rospy.client][INFO] 2019-02-26 13:30:37,682: init_node, name[/linear_formation], pid[2993]
[xmlrpc][INFO] 2019-02-26 13:30:37,684: XML-RPC server binding to 0.0.0.0:0
[rospy.init][INFO] 2019-02-26 13:30:37,686: ROS Slave URI: [http://copter131:57227/]
[xmlrpc][INFO] 2019-02-26 13:30:37,686: Started XML-RPC server [http://copter131:57227/]
[rospy.impl.masterslave][INFO] 2019-02-26 13:30:37,686: _ready: http://copter131:57227/
[xmlrpc][INFO] 2019-02-26 13:30:37,687: xml rpc node: starting XML-RPC server
[rospy.registration][INFO] 2019-02-26 13:30:37,688: Registering with master node http://localhost:11311
[rospy.init][INFO] 2019-02-26 13:30:37,786: registered with master
[rospy.rosout][INFO] 2019-02-26 13:30:37,787: initializing /rosout core topic
[rospy.rosout][INFO] 2019-02-26 13:30:39,155: connected to core topic /rosout
[rospy.simtime][INFO] 2019-02-26 13:30:39,165: /use_sim_time is not set, will not subscribe to simulated time [/clock] topic
[rospy.internal][INFO] 2019-02-26 13:30:39,355: topic[/safety/payload_waypoint] adding connection to [/safety], count 0
[rospy.internal][INFO] 2019-02-26 13:30:39,423: topic[/rosout] adding connection to [/rosout], count 0
[rospy.internal][INFO] 2019-02-26 13:30:39,593: topic[/network/send_swarm_behavior_data] adding connection to [/network], count 0
[rospy.internal][INFO] 2019-02-26 13:30:39,905: topic[/swarm_control/behavior_status] adding connection to [/swarm_control], count 0
[rospy.internal][INFO] 2019-02-26 13:30:39,949: topic[/autopilot/waypoint_goto] adding connection to [/autopilot], count 0
[rospy.internal][INFO] 2019-02-26 13:30:40,171: topic[/swarm_control/subswarm_id] adding connection to [http://copter131:47490/], count 0
[rospy.internal][INFO] 2019-02-26 13:30:40,296: topic[/swarm_control/ap_intent] adding connection to [http://copter131:47490/], count 0
[rospy.internal][INFO] 2019-02-26 13:30:40,668: topic[/autopilot/status] adding connection to [http://copter131:46730/], count 0
[rosout][INFO] 2019-02-26 13:33:14,535: linear_formation activate request False returned False
[rosout][INFO] 2019-02-26 13:33:19,366: linear_formation activate request False returned False
[rosout][INFO] 2019-02-26 13:34:45,616: linear_formation activate request False returned False
[rosout][INFO] 2019-02-26 13:53:32,568: linear_formation activate request False returned False
[rosout][INFO] 2019-02-26 13:55:53,773: linear_formation activate request False returned False
[rosout][INFO] 2019-02-26 14:01:45,367: linear_formation activate request False returned False
