[rosmaster.main][INFO] 2012-12-31 16:15:14,369: initialization complete, waiting for shutdown
[rosmaster.main][INFO] 2012-12-31 16:15:14,369: Starting ROS Master Node
[xmlrpc][INFO] 2012-12-31 16:15:14,371: XML-RPC server binding to 0.0.0.0:11311
[xmlrpc][INFO] 2012-12-31 16:15:14,372: Started XML-RPC server [http://copter131:11311/]
[rosmaster.master][INFO] 2012-12-31 16:15:14,372: Master initialized: port[11311], uri[http://copter131:11311/]
[xmlrpc][INFO] 2012-12-31 16:15:14,372: xml rpc node: starting XML-RPC server
[rosmaster.master][INFO] 2012-12-31 16:15:14,458: +PARAM [/run_id] by /roslaunch
[rosmaster.master][INFO] 2012-12-31 16:15:14,461: +PARAM [/roslaunch/uris/host_copter131__58774] by /roslaunch
[rosmaster.master][INFO] 2012-12-31 16:15:14,579: +PARAM [/swarm_team] by /roslaunch
[rosmaster.master][INFO] 2012-12-31 16:15:14,579: +PARAM [/rosdistro] by /roslaunch
[rosmaster.master][INFO] 2012-12-31 16:15:14,580: +PARAM [/aircraft_name] by /roslaunch
[rosmaster.master][INFO] 2012-12-31 16:15:14,580: +PARAM [/fetch_enable] by /roslaunch
[rosmaster.master][INFO] 2012-12-31 16:15:14,580: +PARAM [/dis_between_land_points] by /roslaunch
[rosmaster.master][INFO] 2012-12-31 16:15:14,580: +PARAM [/network_port] by /roslaunch
[rosmaster.master][INFO] 2012-12-31 16:15:14,581: +PARAM [/aircraft_id] by /roslaunch
[rosmaster.master][INFO] 2012-12-31 16:15:14,581: +PARAM [/do_deconflict_land] by /roslaunch
[rosmaster.master][INFO] 2012-12-31 16:15:14,581: +PARAM [/subswarm_id] by /roslaunch
[rosmaster.master][INFO] 2012-12-31 16:15:14,581: +PARAM [/aircraft_type] by /roslaunch
[rosmaster.master][INFO] 2012-12-31 16:15:14,582: +PARAM [/sensor_range] by /roslaunch
[rosmaster.master][INFO] 2012-12-31 16:15:14,582: +PARAM [/rosversion] by /roslaunch
[rosmaster.master][INFO] 2012-12-31 16:15:14,582: +PARAM [/runway_pt2_lat] by /roslaunch
[rosmaster.master][INFO] 2012-12-31 16:15:14,582: +PARAM [/runway_pt2_lon] by /roslaunch
[rosmaster.master][INFO] 2012-12-31 16:15:14,583: +PARAM [/flight_ready] by /roslaunch
[rosmaster.master][INFO] 2012-12-31 16:15:14,583: +PARAM [/runway_pt1_lat] by /roslaunch
[rosmaster.master][INFO] 2012-12-31 16:15:14,583: +PARAM [/network_device] by /roslaunch
[rosmaster.master][INFO] 2012-12-31 16:15:14,583: +PARAM [/verify_enable] by /roslaunch
[rosmaster.master][INFO] 2012-12-31 16:15:14,583: +PARAM [/rosbag_enable] by /roslaunch
[rosmaster.master][INFO] 2012-12-31 16:15:14,584: +PARAM [/runway_pt1_lon] by /roslaunch
[rosmaster.master][INFO] 2012-12-31 16:15:14,682: +SERVICE [/rosout/get_loggers] /rosout http://copter131:57339/
[rosmaster.master][INFO] 2012-12-31 16:15:14,684: +SERVICE [/rosout/set_logger_level] /rosout http://copter131:57339/
[rosmaster.master][INFO] 2012-12-31 16:15:14,688: +PUB [/rosout_agg] /rosout http://copter131:57339/
[rosmaster.master][INFO] 2012-12-31 16:15:14,697: +SUB [/rosout] /rosout http://copter131:57339/
[rosmaster.master][INFO] 2012-12-31 16:15:16,031: +PUB [/rosout] /network http://copter131:58587/
[rosmaster.master][INFO] 2012-12-31 16:15:16,047: +PUB [/rosout] /safety http://copter131:47162/
[rosmaster.master][INFO] 2012-12-31 16:15:16,075: publisherUpdate[/rosout] -> http://copter131:57339/
[rosmaster.master][INFO] 2012-12-31 16:15:16,085: publisherUpdate[/rosout] -> http://copter131:57339/
[rosmaster.master][INFO] 2012-12-31 16:15:16,106: +PUB [/rosout] /hit_tracker http://copter131:52094/
[rosmaster.master][INFO] 2012-12-31 16:15:16,126: +SERVICE [/network/get_loggers] /network http://copter131:58587/
[rosmaster.master][INFO] 2012-12-31 16:15:16,146: +SERVICE [/safety/get_loggers] /safety http://copter131:47162/
[rosmaster.master][INFO] 2012-12-31 16:15:16,176: publisherUpdate[/rosout] -> http://copter131:57339/
[rosmaster.master][INFO] 2012-12-31 16:15:16,181: +SERVICE [/network/set_logger_level] /network http://copter131:58587/
[rosmaster.master][INFO] 2012-12-31 16:15:16,194: +SERVICE [/safety/set_logger_level] /safety http://copter131:47162/
[rosmaster.master][INFO] 2012-12-31 16:15:16,228: +SERVICE [/hit_tracker/get_loggers] /hit_tracker http://copter131:52094/
[rosmaster.master][INFO] 2012-12-31 16:15:16,291: +SERVICE [/hit_tracker/set_logger_level] /hit_tracker http://copter131:52094/
[rosmaster.master][INFO] 2012-12-31 16:15:16,386: +SERVICE [/hit_tracker/reset] /hit_tracker http://copter131:52094/
[rosmaster.master][INFO] 2012-12-31 16:15:16,462: +PUB [/rosout] /autopilot http://copter131:46730/
[rosmaster.master][INFO] 2012-12-31 16:15:16,478: publisherUpdate[/rosout] -> http://copter131:57339/
[rosmaster.master][INFO] 2012-12-31 16:15:16,489: +PARAM [/subswarm_id] by /unnamed
[rosmaster.master][INFO] 2012-12-31 16:15:16,498: +SERVICE [/autopilot/get_loggers] /autopilot http://copter131:46730/
[rosmaster.master][INFO] 2012-12-31 16:15:16,504: +SERVICE [/autopilot/set_logger_level] /autopilot http://copter131:46730/
[rosmaster.master][INFO] 2012-12-31 16:15:16,526: +SUB [/network/recv_swarm_data] /hit_tracker http://copter131:52094/
[rosmaster.master][INFO] 2012-12-31 16:15:16,551: +PUB [/rosout] /task_runner http://copter131:35730/
[rosmaster.master][INFO] 2012-12-31 16:15:16,581: +PUB [/rosout] /red_tracker http://copter131:43491/
[rosmaster.master][INFO] 2012-12-31 16:15:16,581: publisherUpdate[/rosout] -> http://copter131:57339/
[rosmaster.master][INFO] 2012-12-31 16:15:16,588: publisherUpdate[/rosout] -> http://copter131:57339/
[rosmaster.master][INFO] 2012-12-31 16:15:16,636: +PUB [/rosout] /recv_pose_rate http://copter131:52351/
[rosmaster.master][INFO] 2012-12-31 16:15:16,682: publisherUpdate[/rosout] -> http://copter131:57339/
[rosmaster.master][INFO] 2012-12-31 16:15:16,702: +PUB [/autopilot/heartbeat_onboard] /safety http://copter131:47162/
[rosmaster.master][INFO] 2012-12-31 16:15:16,727: +SERVICE [/task_runner/get_loggers] /task_runner http://copter131:35730/
[rosmaster.master][INFO] 2012-12-31 16:15:16,790: +PUB [/rosout] /swarm_tracker http://copter131:37758/
[rosmaster.master][INFO] 2012-12-31 16:15:16,792: publisherUpdate[/rosout] -> http://copter131:57339/
[rosmaster.master][INFO] 2012-12-31 16:15:16,806: +SERVICE [/red_tracker/get_loggers] /red_tracker http://copter131:43491/
[rosmaster.master][INFO] 2012-12-31 16:15:16,811: +PUB [/safety/healthy] /safety http://copter131:47162/
[rosmaster.master][INFO] 2019-02-26 13:30:36,711: +SERVICE [/task_runner/set_logger_level] /task_runner http://copter131:35730/
[rosmaster.master][INFO] 2019-02-26 13:30:36,728: +SERVICE [/recv_pose_rate/get_loggers] /recv_pose_rate http://copter131:52351/
[rosmaster.master][INFO] 2019-02-26 13:30:36,764: +PUB [/autopilot/payload_waypoint] /safety http://copter131:47162/
[rosmaster.master][INFO] 2019-02-26 13:30:36,771: +SERVICE [/red_tracker/set_logger_level] /red_tracker http://copter131:43491/
[rosmaster.master][INFO] 2019-02-26 13:30:36,846: +SERVICE [/recv_pose_rate/set_logger_level] /recv_pose_rate http://copter131:52351/
[rosmaster.master][INFO] 2019-02-26 13:30:36,896: +SERVICE [/swarm_tracker/get_loggers] /swarm_tracker http://copter131:37758/
[rosmaster.master][INFO] 2019-02-26 13:30:36,901: +PUB [/autopilot/payload_rate] /safety http://copter131:47162/
[rosmaster.master][INFO] 2019-02-26 13:30:36,921: +SUB [/swarm_control/subswarm_id] /network http://copter131:58587/
[rosmaster.master][INFO] 2019-02-26 13:30:36,947: +SUB [/network/net_reset] /hit_tracker http://copter131:52094/
[rosmaster.master][INFO] 2019-02-26 13:30:36,986: +SERVICE [/swarm_tracker/set_logger_level] /swarm_tracker http://copter131:37758/
[rosmaster.master][INFO] 2019-02-26 13:30:36,997: +PUB [/autopilot/payload_attitude] /safety http://copter131:47162/
[rosmaster.master][INFO] 2019-02-26 13:30:37,042: +PUB [/hit_tracker/hit_uavs] /hit_tracker http://copter131:52094/
[rosmaster.master][INFO] 2019-02-26 13:30:37,207: +PUB [/rosout] /swarm_control http://copter131:47490/
[rosmaster.master][INFO] 2019-02-26 13:30:37,259: publisherUpdate[/rosout] -> http://copter131:57339/
[rosmaster.master][INFO] 2019-02-26 13:30:37,327: +PUB [/rosout] /independent_transit http://copter131:59430/
[rosmaster.master][INFO] 2019-02-26 13:30:37,341: +SUB [/autopilot/status] /task_runner http://copter131:35730/
[rosmaster.master][INFO] 2019-02-26 13:30:37,364: publisherUpdate[/rosout] -> http://copter131:57339/
[rosmaster.master][INFO] 2019-02-26 13:30:37,456: +SERVICE [/swarm_control/get_loggers] /swarm_control http://copter131:47490/
[rosmaster.master][INFO] 2019-02-26 13:30:37,532: +SUB [/network/recv_pose] /recv_pose_rate http://copter131:52351/
[rosmaster.master][INFO] 2019-02-26 13:30:37,577: +SERVICE [/swarm_control/set_logger_level] /swarm_control http://copter131:47490/
[rosmaster.master][INFO] 2019-02-26 13:30:37,591: +SERVICE [/independent_transit/get_loggers] /independent_transit http://copter131:59430/
[rosmaster.master][INFO] 2019-02-26 13:30:37,610: +SUB [/swarm_control/swarm_behavior] /network http://copter131:58587/
[rosmaster.master][INFO] 2019-02-26 13:30:37,619: +PUB [/logging/recv_pose_rate] /recv_pose_rate http://copter131:52351/
[rosmaster.master][INFO] 2019-02-26 13:30:37,641: +SUB [/autopilot/acs_pose] /swarm_tracker http://copter131:37758/
[rosmaster.master][INFO] 2019-02-26 13:30:37,644: +SERVICE [/swarm_control/register_behavior] /swarm_control http://copter131:47490/
[rosmaster.master][INFO] 2019-02-26 13:30:37,672: +SUB [/autopilot/arm] /autopilot http://copter131:46730/
[rosmaster.master][INFO] 2019-02-26 13:30:37,697: +SERVICE [/independent_transit/set_logger_level] /independent_transit http://copter131:59430/
[rosmaster.master][INFO] 2019-02-26 13:30:37,771: +SERVICE [/swarm_control/run_behavior] /swarm_control http://copter131:47490/
[rosmaster.master][INFO] 2019-02-26 13:30:37,825: +SERVICE [/swarm_control/pause_behavior] /swarm_control http://copter131:47490/
[rosmaster.master][INFO] 2019-02-26 13:30:37,969: +SERVICE [/swarm_control/set_subswarm] /swarm_control http://copter131:47490/
[rosmaster.master][INFO] 2019-02-26 13:30:38,022: +PUB [/rosout] /swarm_landing_sequencer http://copter131:43162/
[rosmaster.master][INFO] 2019-02-26 13:30:38,033: +SUB [/autopilot/heartbeat_ground] /safety http://copter131:47162/
[rosmaster.master][INFO] 2019-02-26 13:30:38,072: publisherUpdate[/rosout] -> http://copter131:57339/
[rosmaster.master][INFO] 2019-02-26 13:30:38,091: +SERVICE [/swarm_control/set_swarm_state] /swarm_control http://copter131:47490/
[rosmaster.master][INFO] 2019-02-26 13:30:38,144: +SERVICE [/swarm_landing_sequencer/get_loggers] /swarm_landing_sequencer http://copter131:43162/
[rosmaster.master][INFO] 2019-02-26 13:30:38,147: +SUB [/network/swarm_sub_behavior] /network http://copter131:58587/
[rosmaster.master][INFO] 2019-02-26 13:30:38,150: +SUB [/network/recv_pose] /swarm_tracker http://copter131:37758/
[rosmaster.master][INFO] 2019-02-26 13:30:38,172: +SUB [/autopilot/mode] /autopilot http://copter131:46730/
[rosmaster.master][INFO] 2019-02-26 13:30:38,226: +SERVICE [/swarm_landing_sequencer/set_logger_level] /swarm_landing_sequencer http://copter131:43162/
[rosmaster.master][INFO] 2019-02-26 13:30:38,291: +PUB [/rosout] /simple_ground_attack http://copter131:48101/
[rosmaster.master][INFO] 2019-02-26 13:30:38,293: +SUB [/autopilot/status] /independent_transit http://copter131:59430/
[rosmaster.master][INFO] 2019-02-26 13:30:38,296: publisherUpdate[/rosout] -> http://copter131:57339/
[rosmaster.master][INFO] 2019-02-26 13:30:38,322: +PUB [/rosout] /patrol_box http://copter131:56618/
[rosmaster.master][INFO] 2019-02-26 13:30:38,362: +PUB [/safety/payload_waypoint] /independent_transit http://copter131:59430/
[rosmaster.master][INFO] 2019-02-26 13:30:38,374: publisherUpdate[/rosout] -> http://copter131:57339/
[rosmaster.master][INFO] 2019-02-26 13:30:38,512: +PUB [/rosout] /smart_shooter http://copter131:36817/
[rosmaster.master][INFO] 2019-02-26 13:30:38,537: +SUB [/autopilot/acs_pose] /safety http://copter131:47162/
[rosmaster.master][INFO] 2019-02-26 13:30:38,579: publisherUpdate[/rosout] -> http://copter131:57339/
[rosmaster.master][INFO] 2019-02-26 13:30:38,589: +SERVICE [/patrol_box/get_loggers] /patrol_box http://copter131:56618/
[rosmaster.master][INFO] 2019-02-26 13:30:38,647: +SERVICE [/patrol_box/set_logger_level] /patrol_box http://copter131:56618/
[rosmaster.master][INFO] 2019-02-26 13:30:38,693: +SERVICE [/smart_shooter/get_loggers] /smart_shooter http://copter131:36817/
[rosmaster.master][INFO] 2019-02-26 13:30:38,699: +SUB [/swarm_control/behavior_summary] /network http://copter131:58587/
[rosmaster.master][INFO] 2019-02-26 13:30:38,703: +SUB [/autopilot/guided_goto] /autopilot http://copter131:46730/
[rosmaster.master][INFO] 2019-02-26 13:30:38,713: +SERVICE [/smart_shooter/set_logger_level] /smart_shooter http://copter131:36817/
[rosmaster.master][INFO] 2019-02-26 13:30:38,734: +SUB [/swarm_control/subswarm_id] /independent_transit http://copter131:59430/
[rosmaster.master][INFO] 2019-02-26 13:30:38,757: +SUB [/safety/payload_waypoint] /safety http://copter131:47162/
[rosmaster.master][INFO] 2019-02-26 13:30:38,760: +SUB [/autopilot/status] /swarm_landing_sequencer http://copter131:43162/
[rosmaster.master][INFO] 2019-02-26 13:30:38,775: +PUB [/safety/payload_waypoint] /swarm_landing_sequencer http://copter131:43162/
[rosmaster.master][INFO] 2019-02-26 13:30:38,782: publisherUpdate[/safety/payload_waypoint] -> http://copter131:47162/
[rosmaster.master][INFO] 2019-02-26 13:30:38,819: +SUB [/autopilot/status] /patrol_box http://copter131:56618/
[rosmaster.master][INFO] 2019-02-26 13:30:38,822: +SUB [/autopilot/status] /network http://copter131:58587/
[rosmaster.master][INFO] 2019-02-26 13:30:38,843: +PUB [/safety/payload_waypoint] /patrol_box http://copter131:56618/
[rosmaster.master][INFO] 2019-02-26 13:30:38,873: +SUB [/swarm_control/ap_intent] /independent_transit http://copter131:59430/
[rosmaster.master][INFO] 2019-02-26 13:30:38,886: +SUB [/safety/payload_rate] /safety http://copter131:47162/
[rosmaster.master][INFO] 2019-02-26 13:30:38,886: publisherUpdate[/safety/payload_waypoint] -> http://copter131:47162/
[rosmaster.master][INFO] 2019-02-26 13:30:38,897: +SUB [/network/recv_swarm_ctl_state] /swarm_tracker http://copter131:37758/
[rosmaster.master][INFO] 2019-02-26 13:30:38,900: +SUB [/autopilot/acs_pose] /red_tracker http://copter131:43491/
[rosmaster.master][INFO] 2019-02-26 13:30:38,907: +SUB [/swarm_control/subswarm_id] /swarm_landing_sequencer http://copter131:43162/
[rosmaster.master][INFO] 2019-02-26 13:30:38,920: +SUB [/autopilot/acs_pose] /network http://copter131:58587/
[rosmaster.master][INFO] 2019-02-26 13:30:38,939: +SUB [/swarm_control/subswarm_id] /patrol_box http://copter131:56618/
[rosmaster.master][INFO] 2019-02-26 13:30:38,948: +PUB [/rosout] /wingman http://copter131:41231/
[rosmaster.master][INFO] 2019-02-26 13:30:38,962: +SUB [/network/recv_swarm_data] /independent_transit http://copter131:59430/
[rosmaster.master][INFO] 2019-02-26 13:30:38,969: +SUB [/safety/payload_attitude] /safety http://copter131:47162/
[rosmaster.master][INFO] 2019-02-26 13:30:38,978: +PUB [/swarm_control/behavior_status] /independent_transit http://copter131:59430/
[rosmaster.master][INFO] 2019-02-26 13:30:38,983: +PUB [/rosout] /patrol_box_shooter http://copter131:51015/
[rosmaster.master][INFO] 2019-02-26 13:30:38,987: +SUB [/network/recv_red_pose] /red_tracker http://copter131:43491/
[rosmaster.master][INFO] 2019-02-26 13:30:38,989: +SUB [/swarm_control/ap_intent] /swarm_landing_sequencer http://copter131:43162/
[rosmaster.master][INFO] 2019-02-26 13:30:38,992: +PUB [/network/send_swarm_behavior_data] /independent_transit http://copter131:59430/
[rosmaster.master][INFO] 2019-02-26 13:30:38,992: publisherUpdate[/rosout] -> http://copter131:57339/
[rosmaster.master][INFO] 2019-02-26 13:30:38,998: publisherUpdate[/rosout] -> http://copter131:57339/
[rosmaster.master][INFO] 2019-02-26 13:30:39,006: +PUB [/red_tracker/red_uav_states] /red_tracker http://copter131:43491/
[rosmaster.master][INFO] 2019-02-26 13:30:39,009: +SERVICE [/independent_transit/set] /independent_transit http://copter131:59430/
[rosmaster.master][INFO] 2019-02-26 13:30:39,012: +SUB [/swarm_control/swarm_state] /network http://copter131:58587/
[rosmaster.master][INFO] 2019-02-26 13:30:39,014: +SERVICE [/patrol_box_shooter/get_loggers] /patrol_box_shooter http://copter131:51015/
[rosmaster.master][INFO] 2019-02-26 13:30:39,020: +SERVICE [/independent_transit/run] /independent_transit http://copter131:59430/
[rosmaster.master][INFO] 2019-02-26 13:30:39,023: +SERVICE [/patrol_box_shooter/set_logger_level] /patrol_box_shooter http://copter131:51015/
[rosmaster.master][INFO] 2019-02-26 13:30:39,025: +SUB [/swarm_control/ap_intent] /patrol_box http://copter131:56618/
[rosmaster.master][INFO] 2019-02-26 13:30:39,030: +SERVICE [/independent_transit/pause] /independent_transit http://copter131:59430/
[rosmaster.master][INFO] 2019-02-26 13:30:39,054: +SUB [/network/recv_swarm_data] /swarm_landing_sequencer http://copter131:43162/
[rosmaster.master][INFO] 2019-02-26 13:30:39,063: +PUB [/swarm_control/behavior_status] /swarm_landing_sequencer http://copter131:43162/
[rosmaster.master][INFO] 2019-02-26 13:30:39,066: +SUB [/network/send_swarm_behavior_data] /network http://copter131:58587/
[rosmaster.master][INFO] 2019-02-26 13:30:39,072: +PUB [/network/send_swarm_behavior_data] /swarm_landing_sequencer http://copter131:43162/
[rosmaster.master][INFO] 2019-02-26 13:30:39,076: +SUB [/network/recv_swarm_data] /patrol_box http://copter131:56618/
[rosmaster.master][INFO] 2019-02-26 13:30:39,080: +SERVICE [/swarm_landing_sequencer/set] /swarm_landing_sequencer http://copter131:43162/
[rosmaster.master][INFO] 2019-02-26 13:30:39,087: +PUB [/swarm_control/behavior_status] /patrol_box http://copter131:56618/
[rosmaster.master][INFO] 2019-02-26 13:30:39,093: +SERVICE [/swarm_landing_sequencer/run] /swarm_landing_sequencer http://copter131:43162/
[rosmaster.master][INFO] 2019-02-26 13:30:39,094: publisherUpdate[/network/send_swarm_behavior_data] -> http://copter131:58587/
[rosmaster.master][INFO] 2019-02-26 13:30:39,103: +PUB [/network/send_swarm_behavior_data] /patrol_box http://copter131:56618/
[rosmaster.master][INFO] 2019-02-26 13:30:39,105: publisherUpdate[/network/send_swarm_behavior_data] -> http://copter131:58587/
[rosmaster.master][INFO] 2019-02-26 13:30:39,108: +SUB [/autopilot/waypoint_goto] /autopilot http://copter131:46730/
[rosmaster.master][INFO] 2019-02-26 13:30:39,112: +SERVICE [/swarm_landing_sequencer/pause] /swarm_landing_sequencer http://copter131:43162/
[rosmaster.master][INFO] 2019-02-26 13:30:39,114: +SUB [/autopilot/status] /patrol_box_shooter http://copter131:51015/
[rosmaster.master][INFO] 2019-02-26 13:30:39,121: +PUB [/rosout] /evader http://copter131:36514/
[rosmaster.master][INFO] 2019-02-26 13:30:39,123: +SERVICE [/patrol_box/set] /patrol_box http://copter131:56618/
[rosmaster.master][INFO] 2019-02-26 13:30:39,125: +PUB [/safety/payload_waypoint] /greedy_shooter http://copter131:40096/
[rosmaster.master][INFO] 2019-02-26 13:30:39,130: +PUB [/safety/payload_waypoint] /patrol_box_shooter http://copter131:51015/
[rosmaster.master][INFO] 2019-02-26 13:30:39,135: +SERVICE [/patrol_box/run] /patrol_box http://copter131:56618/
[rosmaster.master][INFO] 2019-02-26 13:30:39,139: +SUB [/autopilot/status] /greedy_shooter http://copter131:40096/
[rosmaster.master][INFO] 2019-02-26 13:30:39,141: +SUB [/air_to_air/firing_reports] /network http://copter131:58587/
[rosmaster.master][INFO] 2019-02-26 13:30:39,146: +SERVICE [/patrol_box/pause] /patrol_box http://copter131:56618/
[rosmaster.master][INFO] 2019-02-26 13:30:39,148: +SERVICE [/evader/get_loggers] /evader http://copter131:36514/
[rosmaster.master][INFO] 2019-02-26 13:30:39,153: +PUB [/rosout] /linear_formation http://copter131:57227/
[rosmaster.master][INFO] 2019-02-26 13:30:39,159: +SERVICE [/evader/set_logger_level] /evader http://copter131:36514/
[rosmaster.master][INFO] 2019-02-26 13:30:39,175: +SERVICE [/linear_formation/get_loggers] /linear_formation http://copter131:57227/
[rosmaster.master][INFO] 2019-02-26 13:30:39,184: +SERVICE [/linear_formation/set_logger_level] /linear_formation http://copter131:57227/
[rosmaster.master][INFO] 2019-02-26 13:30:39,191: +SUB [/swarm_control/subswarm_id] /patrol_box_shooter http://copter131:51015/
[rosmaster.master][INFO] 2019-02-26 13:30:39,192: +SUB [/autopilot/heartbeat_onboard] /autopilot http://copter131:46730/
[rosmaster.master][INFO] 2019-02-26 13:30:39,199: +SUB [/network/payload_intent] /network http://copter131:58587/
[rosmaster.master][INFO] 2019-02-26 13:30:39,202: publisherUpdate[/rosout] -> http://copter131:57339/
[rosmaster.master][INFO] 2019-02-26 13:30:39,206: publisherUpdate[/safety/payload_waypoint] -> http://copter131:47162/
[rosmaster.master][INFO] 2019-02-26 13:30:39,207: publisherUpdate[/rosout] -> http://copter131:57339/
[rosmaster.master][INFO] 2019-02-26 13:30:39,210: +SUB [/autopilot/acs_pose] /patrol_box http://copter131:56618/
[rosmaster.master][INFO] 2019-02-26 13:30:39,218: publisherUpdate[/safety/payload_waypoint] -> http://copter131:47162/
[rosmaster.master][INFO] 2019-02-26 13:30:39,226: +PUB [/rosout] /greedy_shooter http://copter131:40096/
[rosmaster.master][INFO] 2019-02-26 13:30:39,237: +SUB [/autopilot/status] /evader http://copter131:36514/
[rosmaster.master][INFO] 2019-02-26 13:30:39,247: +PUB [/safety/payload_waypoint] /evader http://copter131:36514/
[rosmaster.master][INFO] 2019-02-26 13:30:39,251: +SERVICE [/greedy_shooter/get_loggers] /greedy_shooter http://copter131:40096/
[rosmaster.master][INFO] 2019-02-26 13:30:39,262: +SERVICE [/greedy_shooter/set_logger_level] /greedy_shooter http://copter131:40096/
[rosmaster.master][INFO] 2019-02-26 13:30:39,264: +SUB [/swarm_control/ap_intent] /patrol_box_shooter http://copter131:51015/
[rosmaster.master][INFO] 2019-02-26 13:30:39,267: +SUB [/autopilot/heartbeat_ground] /autopilot http://copter131:46730/
[rosmaster.master][INFO] 2019-02-26 13:30:39,283: +PUB [/network/recv_pose] /network http://copter131:58587/
[rosmaster.master][INFO] 2019-02-26 13:30:39,291: +SUB [/autopilot/status] /linear_formation http://copter131:57227/
[rosmaster.master][INFO] 2019-02-26 13:30:39,297: +PUB [/network/recv_swarm_ctl_state] /network http://copter131:58587/
[rosmaster.master][INFO] 2019-02-26 13:30:39,303: +SUB [/swarm_control/subswarm_id] /swarm_tracker http://copter131:37758/
[rosmaster.master][INFO] 2019-02-26 13:30:39,305: +PUB [/safety/payload_waypoint] /linear_formation http://copter131:57227/
[rosmaster.master][INFO] 2019-02-26 13:30:39,311: publisherUpdate[/rosout] -> http://copter131:57339/
[rosmaster.master][INFO] 2019-02-26 13:30:39,315: publisherUpdate[/safety/payload_waypoint] -> http://copter131:47162/
[rosmaster.master][INFO] 2019-02-26 13:30:39,317: publisherUpdate[/network/recv_pose] -> http://copter131:52351/
[rosmaster.master][INFO] 2019-02-26 13:30:39,323: +SUB [/swarm_control/subswarm_id] /evader http://copter131:36514/
[rosmaster.master][INFO] 2019-02-26 13:30:39,324: publisherUpdate[/safety/payload_waypoint] -> http://copter131:47162/
[rosmaster.master][INFO] 2019-02-26 13:30:39,324: publisherUpdate[/network/recv_pose] -> http://copter131:37758/
[rosmaster.master][INFO] 2019-02-26 13:30:39,335: publisherUpdate[/network/recv_swarm_ctl_state] -> http://copter131:37758/
[rosmaster.master][INFO] 2019-02-26 13:30:39,335: +SUB [/swarm_control/subswarm_id] /greedy_shooter http://copter131:40096/
[rosmaster.master][INFO] 2019-02-26 13:30:39,342: +SUB [/autopilot/mode_num] /autopilot http://copter131:46730/
[rosmaster.master][INFO] 2019-02-26 13:30:39,377: +SUB [/swarm_control/subswarm_id] /linear_formation http://copter131:57227/
[rosmaster.master][INFO] 2019-02-26 13:30:39,378: +SUB [/swarm_control/swarm_state] /swarm_tracker http://copter131:37758/
[rosmaster.master][INFO] 2019-02-26 13:30:39,390: +SUB [/swarm_control/ap_intent] /evader http://copter131:36514/
[rosmaster.master][INFO] 2019-02-26 13:30:39,395: +SUB [/swarm_control/ap_intent] /greedy_shooter http://copter131:40096/
[rosmaster.master][INFO] 2019-02-26 13:30:39,399: +SUB [/autopilot/set_landing] /autopilot http://copter131:46730/
[rosmaster.master][INFO] 2019-02-26 13:30:39,417: +SERVICE [/simple_ground_attack/get_loggers] /simple_ground_attack http://copter131:48101/
[rosmaster.master][INFO] 2019-02-26 13:30:39,427: +SUB [/swarm_control/ap_intent] /linear_formation http://copter131:57227/
[rosmaster.master][INFO] 2019-02-26 13:30:39,429: +SERVICE [/simple_ground_attack/set_logger_level] /simple_ground_attack http://copter131:48101/
[rosmaster.master][INFO] 2019-02-26 13:30:39,431: +SUB [/swarm_control/swarm_behavior] /swarm_tracker http://copter131:37758/
[rosmaster.master][INFO] 2019-02-26 13:30:39,445: +SUB [/network/recv_swarm_data] /evader http://copter131:36514/
[rosmaster.master][INFO] 2019-02-26 13:30:39,450: +PUB [/autopilot/waypoint_goto] /simple_ground_attack http://copter131:48101/
[rosmaster.master][INFO] 2019-02-26 13:30:39,453: +SUB [/network/recv_swarm_data] /greedy_shooter http://copter131:40096/
[rosmaster.master][INFO] 2019-02-26 13:30:39,456: +PUB [/swarm_control/behavior_status] /evader http://copter131:36514/
[rosmaster.master][INFO] 2019-02-26 13:30:39,458: +SUB [/autopilot/payload_waypoint] /autopilot http://copter131:46730/
[rosmaster.master][INFO] 2019-02-26 13:30:39,460: +PUB [/safety/payload_rate] /simple_ground_attack http://copter131:48101/
[rosmaster.master][INFO] 2019-02-26 13:30:39,464: +PUB [/swarm_control/behavior_status] /greedy_shooter http://copter131:40096/
[rosmaster.master][INFO] 2019-02-26 13:30:39,467: +PUB [/network/send_swarm_behavior_data] /evader http://copter131:36514/
[rosmaster.master][INFO] 2019-02-26 13:30:39,472: +PUB [/safety/payload_waypoint] /simple_ground_attack http://copter131:48101/
[rosmaster.master][INFO] 2019-02-26 13:30:39,475: +PUB [/network/send_swarm_behavior_data] /greedy_shooter http://copter131:40096/
[rosmaster.master][INFO] 2019-02-26 13:30:39,479: +SERVICE [/evader/set] /evader http://copter131:36514/
[rosmaster.master][INFO] 2019-02-26 13:30:39,487: +SERVICE [/greedy_shooter/set] /greedy_shooter http://copter131:40096/
[rosmaster.master][INFO] 2019-02-26 13:30:39,488: +SUB [/network/recv_swarm_data] /linear_formation http://copter131:57227/
[rosmaster.master][INFO] 2019-02-26 13:30:39,492: +SERVICE [/evader/run] /evader http://copter131:36514/
[rosmaster.master][INFO] 2019-02-26 13:30:39,496: +SUB [/autopilot/status] /swarm_tracker http://copter131:37758/
[rosmaster.master][INFO] 2019-02-26 13:30:39,497: +SERVICE [/greedy_shooter/run] /greedy_shooter http://copter131:40096/
[rosmaster.master][INFO] 2019-02-26 13:30:39,499: +PUB [/swarm_control/behavior_status] /linear_formation http://copter131:57227/
[rosmaster.master][INFO] 2019-02-26 13:30:39,503: +SERVICE [/evader/pause] /evader http://copter131:36514/
[rosmaster.master][INFO] 2019-02-26 13:30:39,506: +PUB [/swarm_tracker/swarm_uav_states] /swarm_tracker http://copter131:37758/
[rosmaster.master][INFO] 2019-02-26 13:30:39,509: +SERVICE [/greedy_shooter/pause] /greedy_shooter http://copter131:40096/
[rosmaster.master][INFO] 2019-02-26 13:30:39,510: +PUB [/network/send_swarm_behavior_data] /linear_formation http://copter131:57227/
[rosmaster.master][INFO] 2019-02-26 13:30:39,518: +SERVICE [/linear_formation/set] /linear_formation http://copter131:57227/
[rosmaster.master][INFO] 2019-02-26 13:30:39,520: +SUB [/autopilot/reboot] /autopilot http://copter131:46730/
[rosmaster.master][INFO] 2019-02-26 13:30:39,525: +SERVICE [/linear_formation/run] /linear_formation http://copter131:57227/
[rosmaster.master][INFO] 2019-02-26 13:30:39,526: publisherUpdate[/autopilot/waypoint_goto] -> http://copter131:46730/
[rosmaster.master][INFO] 2019-02-26 13:30:39,531: publisherUpdate[/safety/payload_rate] -> http://copter131:47162/
[rosmaster.master][INFO] 2019-02-26 13:30:39,532: +SUB [/autopilot/status] /simple_ground_attack http://copter131:48101/
[rosmaster.master][INFO] 2019-02-26 13:30:39,534: +SERVICE [/linear_formation/pause] /linear_formation http://copter131:57227/
[rosmaster.master][INFO] 2019-02-26 13:30:39,534: publisherUpdate[/network/send_swarm_behavior_data] -> http://copter131:58587/
[rosmaster.master][INFO] 2019-02-26 13:30:39,539: publisherUpdate[/safety/payload_waypoint] -> http://copter131:47162/
[rosmaster.master][INFO] 2019-02-26 13:30:39,545: publisherUpdate[/network/send_swarm_behavior_data] -> http://copter131:58587/
[rosmaster.master][INFO] 2019-02-26 13:30:39,553: publisherUpdate[/network/send_swarm_behavior_data] -> http://copter131:58587/
[rosmaster.master][INFO] 2019-02-26 13:30:39,559: +SUB [/autopilot/acs_pose] /evader http://copter131:36514/
[rosmaster.master][INFO] 2019-02-26 13:30:39,571: +SUB [/autopilot/weather_update] /autopilot http://copter131:46730/
[rosmaster.master][INFO] 2019-02-26 13:30:39,581: +SUB [/swarm_control/subswarm_id] /simple_ground_attack http://copter131:48101/
[rosmaster.master][INFO] 2019-02-26 13:30:39,597: +SUB [/hit_tracker/hit_uavs] /evader http://copter131:36514/
[rosmaster.master][INFO] 2019-02-26 13:30:39,608: +SUB [/autopilot/copter_takeoff] /autopilot http://copter131:46730/
[rosmaster.master][INFO] 2019-02-26 13:30:39,614: +SUB [/swarm_control/ap_intent] /simple_ground_attack http://copter131:48101/
[rosmaster.master][INFO] 2019-02-26 13:30:39,616: +SERVICE [/autopilot/cal_pressure] /autopilot http://copter131:46730/
[rosmaster.master][INFO] 2019-02-26 13:30:39,623: +SERVICE [/autopilot/cal_gyros] /autopilot http://copter131:46730/
[rosmaster.master][INFO] 2019-02-26 13:30:39,627: +SERVICE [/autopilot/demo_servos] /autopilot http://copter131:46730/
[rosmaster.master][INFO] 2019-02-26 13:30:39,631: +SERVICE [/autopilot/demo_motor] /autopilot http://copter131:46730/
[rosmaster.master][INFO] 2019-02-26 13:30:39,634: +SERVICE [/autopilot/version] /autopilot http://copter131:46730/
[rosmaster.master][INFO] 2019-02-26 13:30:39,639: +SUB [/network/recv_swarm_data] /simple_ground_attack http://copter131:48101/
[rosmaster.master][INFO] 2019-02-26 13:30:39,641: +SERVICE [/autopilot/load_param] /autopilot http://copter131:46730/
[rosmaster.master][INFO] 2019-02-26 13:30:39,642: +PUB [/swarm_control/behavior_status] /simple_ground_attack http://copter131:48101/
[rosmaster.master][INFO] 2019-02-26 13:30:39,644: +SERVICE [/autopilot/load_fence] /autopilot http://copter131:46730/
[rosmaster.master][INFO] 2019-02-26 13:30:39,645: +PUB [/network/send_swarm_behavior_data] /simple_ground_attack http://copter131:48101/
[rosmaster.master][INFO] 2019-02-26 13:30:39,646: publisherUpdate[/network/send_swarm_behavior_data] -> http://copter131:58587/
[rosmaster.master][INFO] 2019-02-26 13:30:39,649: +SERVICE [/autopilot/load_rally] /autopilot http://copter131:46730/
[rosmaster.master][INFO] 2019-02-26 13:30:39,651: +SERVICE [/simple_ground_attack/set] /simple_ground_attack http://copter131:48101/
[rosmaster.master][INFO] 2019-02-26 13:30:39,653: +SERVICE [/autopilot/load_wp] /autopilot http://copter131:46730/
[rosmaster.master][INFO] 2019-02-26 13:30:39,655: +SERVICE [/simple_ground_attack/run] /simple_ground_attack http://copter131:48101/
[rosmaster.master][INFO] 2019-02-26 13:30:39,659: +SERVICE [/simple_ground_attack/pause] /simple_ground_attack http://copter131:48101/
[rosmaster.master][INFO] 2019-02-26 13:30:39,663: +SERVICE [/autopilot/fpr_param_get] /autopilot http://copter131:46730/
[rosmaster.master][INFO] 2019-02-26 13:30:39,667: +SERVICE [/autopilot/fpr_param_getlist] /autopilot http://copter131:46730/
[rosmaster.master][INFO] 2019-02-26 13:30:39,670: +SUB [/network/recv_swarm_data] /patrol_box_shooter http://copter131:51015/
[rosmaster.master][INFO] 2019-02-26 13:30:39,674: +SERVICE [/autopilot/fpr_param_set] /autopilot http://copter131:46730/
[rosmaster.master][INFO] 2019-02-26 13:30:39,677: +PUB [/swarm_control/behavior_status] /patrol_box_shooter http://copter131:51015/
[rosmaster.master][INFO] 2019-02-26 13:30:39,681: +SERVICE [/autopilot/fpr_param_setlist] /autopilot http://copter131:46730/
[rosmaster.master][INFO] 2019-02-26 13:30:39,682: +PUB [/network/send_swarm_behavior_data] /patrol_box_shooter http://copter131:51015/
[rosmaster.master][INFO] 2019-02-26 13:30:39,684: +SERVICE [/autopilot/fpr_fence_getall] /autopilot http://copter131:46730/
[rosmaster.master][INFO] 2019-02-26 13:30:39,687: +SERVICE [/patrol_box_shooter/set] /patrol_box_shooter http://copter131:51015/
[rosmaster.master][INFO] 2019-02-26 13:30:39,689: +PUB [/rosout] /constrained_shooter http://copter131:51967/
[rosmaster.master][INFO] 2019-02-26 13:30:39,690: +SERVICE [/autopilot/fpr_fence_setall] /autopilot http://copter131:46730/
[rosmaster.master][INFO] 2019-02-26 13:30:39,692: +SERVICE [/patrol_box_shooter/run] /patrol_box_shooter http://copter131:51015/
[rosmaster.master][INFO] 2019-02-26 13:30:39,696: +SERVICE [/autopilot/fpr_rally_getall] /autopilot http://copter131:46730/
[rosmaster.master][INFO] 2019-02-26 13:30:39,698: +SERVICE [/patrol_box_shooter/pause] /patrol_box_shooter http://copter131:51015/
[rosmaster.master][INFO] 2019-02-26 13:30:39,700: +SERVICE [/constrained_shooter/get_loggers] /constrained_shooter http://copter131:51967/
[rosmaster.master][INFO] 2019-02-26 13:30:39,702: +SERVICE [/autopilot/fpr_rally_setall] /autopilot http://copter131:46730/
[rosmaster.master][INFO] 2019-02-26 13:30:39,709: +SERVICE [/constrained_shooter/set_logger_level] /constrained_shooter http://copter131:51967/
[rosmaster.master][INFO] 2019-02-26 13:30:39,713: +SERVICE [/autopilot/slave_setup] /autopilot http://copter131:46730/
[rosmaster.master][INFO] 2019-02-26 13:30:39,720: +SERVICE [/autopilot/wp_getall] /autopilot http://copter131:46730/
[rosmaster.master][INFO] 2019-02-26 13:30:39,727: +SERVICE [/autopilot/wp_getrange] /autopilot http://copter131:46730/
[rosmaster.master][INFO] 2019-02-26 13:30:39,731: +SERVICE [/autopilot/wp_getlast] /autopilot http://copter131:46730/
[rosmaster.master][INFO] 2019-02-26 13:30:39,735: +SERVICE [/autopilot/wp_setall] /autopilot http://copter131:46730/
[rosmaster.master][INFO] 2019-02-26 13:30:39,744: +SERVICE [/autopilot/ap_msg_queue_last_n] /autopilot http://copter131:46730/
[rosmaster.master][INFO] 2019-02-26 13:30:39,748: publisherUpdate[/network/send_swarm_behavior_data] -> http://copter131:58587/
[rosmaster.master][INFO] 2019-02-26 13:30:39,749: +SUB [/autopilot/status] /constrained_shooter http://copter131:51967/
[rosmaster.master][INFO] 2019-02-26 13:30:39,752: publisherUpdate[/rosout] -> http://copter131:57339/
[rosmaster.master][INFO] 2019-02-26 13:30:39,755: +PUB [/autopilot/waypoint_goto] /swarm_landing_sequencer http://copter131:43162/
[rosmaster.master][INFO] 2019-02-26 13:30:39,759: publisherUpdate[/autopilot/waypoint_goto] -> http://copter131:46730/
[rosmaster.master][INFO] 2019-02-26 13:30:39,760: +PUB [/safety/payload_waypoint] /constrained_shooter http://copter131:51967/
[rosmaster.master][INFO] 2019-02-26 13:30:39,763: publisherUpdate[/safety/payload_waypoint] -> http://copter131:47162/
[rosmaster.master][INFO] 2019-02-26 13:30:39,777: +PUB [/autopilot/acs_pose] /autopilot http://copter131:46730/
[rosmaster.master][INFO] 2019-02-26 13:30:39,787: +PUB [/autopilot/gps] /autopilot http://copter131:46730/
[rosmaster.master][INFO] 2019-02-26 13:30:39,793: +PUB [/rosout] /pn_interceptor http://copter131:60831/
[rosmaster.master][INFO] 2019-02-26 13:30:39,795: +PUB [/autopilot/gps_odom] /autopilot http://copter131:46730/
[rosmaster.master][INFO] 2019-02-26 13:30:39,802: +SUB [/swarm_control/subswarm_id] /constrained_shooter http://copter131:51967/
[rosmaster.master][INFO] 2019-02-26 13:30:39,805: +PUB [/autopilot/imu] /autopilot http://copter131:46730/
[rosmaster.master][INFO] 2019-02-26 13:30:39,807: +SUB [/swarm_tracker/swarm_uav_states] /swarm_control http://copter131:47490/
[rosmaster.master][INFO] 2019-02-26 13:30:39,809: +SERVICE [/pn_interceptor/get_loggers] /pn_interceptor http://copter131:60831/
[rosmaster.master][INFO] 2019-02-26 13:30:39,817: +SERVICE [/pn_interceptor/set_logger_level] /pn_interceptor http://copter131:60831/
[rosmaster.master][INFO] 2019-02-26 13:30:39,822: +SUB [/autopilot/status] /smart_shooter http://copter131:36817/
[rosmaster.master][INFO] 2019-02-26 13:30:39,832: +PUB [/safety/payload_waypoint] /smart_shooter http://copter131:36817/
[rosmaster.master][INFO] 2019-02-26 13:30:39,848: +SUB [/swarm_control/ap_intent] /constrained_shooter http://copter131:51967/
[rosmaster.master][INFO] 2019-02-26 13:30:39,861: publisherUpdate[/autopilot/acs_pose] -> http://copter131:37758/
[rosmaster.master][INFO] 2019-02-26 13:30:39,863: +SUB [/swarm_control/behavior_status] /swarm_control http://copter131:47490/
[rosmaster.master][INFO] 2019-02-26 13:30:39,866: publisherUpdate[/autopilot/acs_pose] -> http://copter131:47162/
[rosmaster.master][INFO] 2019-02-26 13:30:39,870: publisherUpdate[/autopilot/acs_pose] -> http://copter131:43491/
[rosmaster.master][INFO] 2019-02-26 13:30:39,871: publisherUpdate[/autopilot/acs_pose] -> http://copter131:58587/
[rosmaster.master][INFO] 2019-02-26 13:30:39,876: publisherUpdate[/autopilot/acs_pose] -> http://copter131:56618/
[rosmaster.master][INFO] 2019-02-26 13:30:39,883: publisherUpdate[/autopilot/acs_pose] -> http://copter131:36514/
[rosmaster.master][INFO] 2019-02-26 13:30:39,885: publisherUpdate[/rosout] -> http://copter131:57339/
[rosmaster.master][INFO] 2019-02-26 13:30:39,889: publisherUpdate[/safety/payload_waypoint] -> http://copter131:47162/
[rosmaster.master][INFO] 2019-02-26 13:30:39,894: +PUB [/autopilot/waypoint_goto] /linear_formation http://copter131:57227/
[rosmaster.master][INFO] 2019-02-26 13:30:39,897: publisherUpdate[/autopilot/waypoint_goto] -> http://copter131:46730/
[rosmaster.master][INFO] 2019-02-26 13:30:39,926: +SUB [/autopilot/acs_pose] /greedy_shooter http://copter131:40096/
[rosmaster.master][INFO] 2019-02-26 13:30:39,932: +SUB [/swarm_control/subswarm_id] /smart_shooter http://copter131:36817/
[rosmaster.master][INFO] 2019-02-26 13:30:39,934: +SUB [/autopilot/status] /pn_interceptor http://copter131:60831/
[rosmaster.master][INFO] 2019-02-26 13:30:39,952: +PUB [/safety/payload_waypoint] /pn_interceptor http://copter131:60831/
[rosmaster.master][INFO] 2019-02-26 13:30:39,958: +SUB [/network/recv_swarm_data] /constrained_shooter http://copter131:51967/
[rosmaster.master][INFO] 2019-02-26 13:30:39,971: +PUB [/swarm_control/behavior_status] /constrained_shooter http://copter131:51967/
[rosmaster.master][INFO] 2019-02-26 13:30:39,975: +SUB [/autopilot/status] /swarm_control http://copter131:47490/
[rosmaster.master][INFO] 2019-02-26 13:30:39,979: +SERVICE [/wingman/get_loggers] /wingman http://copter131:41231/
[rosmaster.master][INFO] 2019-02-26 13:30:39,983: +PUB [/network/send_swarm_behavior_data] /constrained_shooter http://copter131:51967/
[rosmaster.master][INFO] 2019-02-26 13:30:39,991: +SERVICE [/wingman/set_logger_level] /wingman http://copter131:41231/
[rosmaster.master][INFO] 2019-02-26 13:30:39,996: +SERVICE [/constrained_shooter/set] /constrained_shooter http://copter131:51967/
[rosmaster.master][INFO] 2019-02-26 13:30:40,003: publisherUpdate[/safety/payload_waypoint] -> http://copter131:47162/
[rosmaster.master][INFO] 2019-02-26 13:30:40,004: publisherUpdate[/swarm_control/behavior_status] -> http://copter131:47490/
[rosmaster.master][INFO] 2019-02-26 13:30:40,005: +SUB [/hit_tracker/hit_uavs] /greedy_shooter http://copter131:40096/
[rosmaster.master][INFO] 2019-02-26 13:30:40,009: +SERVICE [/constrained_shooter/run] /constrained_shooter http://copter131:51967/
[rosmaster.master][INFO] 2019-02-26 13:30:40,011: publisherUpdate[/network/send_swarm_behavior_data] -> http://copter131:58587/
[rosmaster.master][INFO] 2019-02-26 13:30:40,031: +SUB [/swarm_control/subswarm_id] /pn_interceptor http://copter131:60831/
[rosmaster.master][INFO] 2019-02-26 13:30:40,044: +SUB [/network/recv_swarm_data] /swarm_control http://copter131:47490/
[rosmaster.master][INFO] 2019-02-26 13:30:40,054: +SUB [/swarm_tracker/swarm_uav_states] /safety http://copter131:47162/
[rosmaster.master][INFO] 2019-02-26 13:30:40,064: +SERVICE [/safety/set_health_state] /safety http://copter131:47162/
[rosmaster.master][INFO] 2019-02-26 13:30:40,070: +SUB [/network/net_reset] /greedy_shooter http://copter131:40096/
[rosmaster.master][INFO] 2019-02-26 13:30:40,080: +PUB [/air_to_air/firing_reports] /greedy_shooter http://copter131:40096/
[rosmaster.master][INFO] 2019-02-26 13:30:40,085: +SUB [/swarm_control/ap_intent] /pn_interceptor http://copter131:60831/
[rosmaster.master][INFO] 2019-02-26 13:30:40,091: +PUB [/autopilot/waypoint_goto] /greedy_shooter http://copter131:40096/
[rosmaster.master][INFO] 2019-02-26 13:30:40,103: +SUB [/network/net_reset] /swarm_control http://copter131:47490/
[rosmaster.master][INFO] 2019-02-26 13:30:40,109: +SUB [/autopilot/status] /wingman http://copter131:41231/
[rosmaster.master][INFO] 2019-02-26 13:30:40,113: +PUB [/swarm_control/subswarm_id] /swarm_control http://copter131:47490/
[rosmaster.master][INFO] 2019-02-26 13:30:40,113: publisherUpdate[/air_to_air/firing_reports] -> http://copter131:58587/
[rosmaster.master][INFO] 2019-02-26 13:30:40,115: publisherUpdate[/autopilot/waypoint_goto] -> http://copter131:46730/
[rosmaster.master][INFO] 2019-02-26 13:30:40,119: publisherUpdate[/swarm_control/subswarm_id] -> http://copter131:58587/
[rosmaster.master][INFO] 2019-02-26 13:30:40,120: publisherUpdate[/swarm_control/subswarm_id] -> http://copter131:59430/
[rosmaster.master][INFO] 2019-02-26 13:30:40,124: publisherUpdate[/swarm_control/subswarm_id] -> http://copter131:43162/
[rosmaster.master][INFO] 2019-02-26 13:30:40,124: +PUB [/safety/payload_waypoint] /wingman http://copter131:41231/
[rosmaster.master][INFO] 2019-02-26 13:30:40,132: publisherUpdate[/swarm_control/subswarm_id] -> http://copter131:56618/
[rosmaster.master][INFO] 2019-02-26 13:30:40,133: +PUB [/swarm_control/swarm_state] /swarm_control http://copter131:47490/
[rosmaster.master][INFO] 2019-02-26 13:30:40,137: publisherUpdate[/swarm_control/subswarm_id] -> http://copter131:51015/
[rosmaster.master][INFO] 2019-02-26 13:30:40,137: publisherUpdate[/swarm_control/subswarm_id] -> http://copter131:37758/
[rosmaster.master][INFO] 2019-02-26 13:30:40,148: publisherUpdate[/swarm_control/subswarm_id] -> http://copter131:36514/
[rosmaster.master][INFO] 2019-02-26 13:30:40,152: publisherUpdate[/swarm_control/subswarm_id] -> http://copter131:40096/
[rosmaster.master][INFO] 2019-02-26 13:30:40,154: publisherUpdate[/swarm_control/subswarm_id] -> http://copter131:57227/
[rosmaster.master][INFO] 2019-02-26 13:30:40,158: +PUB [/swarm_control/swarm_behavior] /swarm_control http://copter131:47490/
[rosmaster.master][INFO] 2019-02-26 13:30:40,160: publisherUpdate[/swarm_control/subswarm_id] -> http://copter131:48101/
[rosmaster.master][INFO] 2019-02-26 13:30:40,160: publisherUpdate[/swarm_control/subswarm_id] -> http://copter131:51967/
[rosmaster.master][INFO] 2019-02-26 13:30:40,166: publisherUpdate[/swarm_control/subswarm_id] -> http://copter131:36817/
[rosmaster.master][INFO] 2019-02-26 13:30:40,168: publisherUpdate[/swarm_control/subswarm_id] -> http://copter131:60831/
[rosmaster.master][INFO] 2019-02-26 13:30:40,169: publisherUpdate[/safety/payload_waypoint] -> http://copter131:47162/
[rosmaster.master][INFO] 2019-02-26 13:30:40,176: publisherUpdate[/swarm_control/swarm_state] -> http://copter131:58587/
[rosmaster.master][INFO] 2019-02-26 13:30:40,177: +SUB [/network/recv_swarm_data] /pn_interceptor http://copter131:60831/
[rosmaster.master][INFO] 2019-02-26 13:30:40,180: publisherUpdate[/swarm_control/swarm_state] -> http://copter131:37758/
[rosmaster.master][INFO] 2019-02-26 13:30:40,191: +PUB [/swarm_control/ap_intent] /swarm_control http://copter131:47490/
[rosmaster.master][INFO] 2019-02-26 13:30:40,191: publisherUpdate[/swarm_control/swarm_behavior] -> http://copter131:58587/
[rosmaster.master][INFO] 2019-02-26 13:30:40,191: publisherUpdate[/swarm_control/swarm_behavior] -> http://copter131:37758/
[rosmaster.master][INFO] 2019-02-26 13:30:40,202: publisherUpdate[/swarm_control/ap_intent] -> http://copter131:43162/
[rosmaster.master][INFO] 2019-02-26 13:30:40,203: +PUB [/swarm_control/behavior_status] /pn_interceptor http://copter131:60831/
[rosmaster.master][INFO] 2019-02-26 13:30:40,201: publisherUpdate[/swarm_control/ap_intent] -> http://copter131:59430/
[rosmaster.master][INFO] 2019-02-26 13:30:40,212: publisherUpdate[/swarm_control/ap_intent] -> http://copter131:56618/
[rosmaster.master][INFO] 2019-02-26 13:30:40,215: publisherUpdate[/swarm_control/ap_intent] -> http://copter131:51015/
[rosmaster.master][INFO] 2019-02-26 13:30:40,218: +PUB [/autopilot/waypoint_goto] /swarm_control http://copter131:47490/
[rosmaster.master][INFO] 2019-02-26 13:30:40,219: publisherUpdate[/swarm_control/ap_intent] -> http://copter131:36514/
[rosmaster.master][INFO] 2019-02-26 13:30:40,224: publisherUpdate[/swarm_control/ap_intent] -> http://copter131:40096/
[rosmaster.master][INFO] 2019-02-26 13:30:40,228: publisherUpdate[/swarm_control/ap_intent] -> http://copter131:57227/
[rosmaster.master][INFO] 2019-02-26 13:30:40,233: publisherUpdate[/swarm_control/ap_intent] -> http://copter131:48101/
[rosmaster.master][INFO] 2019-02-26 13:30:40,234: publisherUpdate[/swarm_control/ap_intent] -> http://copter131:51967/
[rosmaster.master][INFO] 2019-02-26 13:30:40,236: +PUB [/network/send_swarm_behavior_data] /pn_interceptor http://copter131:60831/
[rosmaster.master][INFO] 2019-02-26 13:30:40,244: publisherUpdate[/swarm_control/ap_intent] -> http://copter131:60831/
[rosmaster.master][INFO] 2019-02-26 13:30:40,246: publisherUpdate[/swarm_control/behavior_status] -> http://copter131:47490/
[rosmaster.master][INFO] 2019-02-26 13:30:40,248: +PUB [/swarm_control/behavior_summary] /swarm_control http://copter131:47490/
[rosmaster.master][INFO] 2019-02-26 13:30:40,256: publisherUpdate[/autopilot/waypoint_goto] -> http://copter131:46730/
[rosmaster.master][INFO] 2019-02-26 13:30:40,261: publisherUpdate[/network/send_swarm_behavior_data] -> http://copter131:58587/
[rosmaster.master][INFO] 2019-02-26 13:30:40,268: publisherUpdate[/swarm_control/behavior_summary] -> http://copter131:58587/
[rosmaster.master][INFO] 2019-02-26 13:30:40,271: +SERVICE [/pn_interceptor/set] /pn_interceptor http://copter131:60831/
[rosmaster.master][INFO] 2019-02-26 13:30:40,284: +SUB [/swarm_control/ap_intent] /smart_shooter http://copter131:36817/
[rosmaster.master][INFO] 2019-02-26 13:30:40,291: +SERVICE [/pn_interceptor/run] /pn_interceptor http://copter131:60831/
[rosmaster.master][INFO] 2019-02-26 13:30:40,305: +SERVICE [/pn_interceptor/pause] /pn_interceptor http://copter131:60831/
[rosmaster.master][INFO] 2019-02-26 13:30:40,337: +SUB [/autopilot/acs_pose] /patrol_box_shooter http://copter131:51015/
[rosmaster.master][INFO] 2019-02-26 13:30:40,340: +SUB [/network/recv_swarm_data] /smart_shooter http://copter131:36817/
[rosmaster.master][INFO] 2019-02-26 13:30:40,343: +PUB [/swarm_control/behavior_status] /smart_shooter http://copter131:36817/
[rosmaster.master][INFO] 2019-02-26 13:30:40,348: +PUB [/network/send_swarm_behavior_data] /smart_shooter http://copter131:36817/
[rosmaster.master][INFO] 2019-02-26 13:30:40,353: +SERVICE [/smart_shooter/set] /smart_shooter http://copter131:36817/
[rosmaster.master][INFO] 2019-02-26 13:30:40,356: +SERVICE [/smart_shooter/run] /smart_shooter http://copter131:36817/
[rosmaster.master][INFO] 2019-02-26 13:30:40,358: +SUB [/hit_tracker/hit_uavs] /patrol_box_shooter http://copter131:51015/
[rosmaster.master][INFO] 2019-02-26 13:30:40,360: +SERVICE [/smart_shooter/pause] /smart_shooter http://copter131:36817/
[rosmaster.master][INFO] 2019-02-26 13:30:40,362: +PUB [/air_to_air/firing_reports] /patrol_box_shooter http://copter131:51015/
[rosmaster.master][INFO] 2019-02-26 13:30:40,365: +PUB [/patrol_box_shooter/send_swarm_behavior_data] /patrol_box_shooter http://copter131:51015/
[rosmaster.master][INFO] 2019-02-26 13:30:40,366: publisherUpdate[/swarm_control/behavior_status] -> http://copter131:47490/
[rosmaster.master][INFO] 2019-02-26 13:30:40,373: publisherUpdate[/network/send_swarm_behavior_data] -> http://copter131:58587/
[rosmaster.master][INFO] 2019-02-26 13:30:40,380: publisherUpdate[/air_to_air/firing_reports] -> http://copter131:58587/
[rosmaster.master][INFO] 2019-02-26 13:30:40,388: +SUB [/autopilot/acs_pose] /smart_shooter http://copter131:36817/
[rosmaster.master][INFO] 2019-02-26 13:30:40,414: +SUB [/hit_tracker/hit_uavs] /smart_shooter http://copter131:36817/
[rosmaster.master][INFO] 2019-02-26 13:30:40,420: +PUB [/air_to_air/firing_reports] /smart_shooter http://copter131:36817/
[rosmaster.master][INFO] 2019-02-26 13:30:40,474: publisherUpdate[/air_to_air/firing_reports] -> http://copter131:58587/
[rosmaster.master][INFO] 2019-02-26 13:30:40,532: +PUB [/autopilot/status] /autopilot http://copter131:46730/
[rosmaster.master][INFO] 2019-02-26 13:30:40,552: +PUB [/autopilot/mode_num] /swarm_control http://copter131:47490/
[rosmaster.master][INFO] 2019-02-26 13:30:40,559: +SUB [/swarm_control/subswarm_id] /wingman http://copter131:41231/
[rosmaster.master][INFO] 2019-02-26 13:30:40,579: publisherUpdate[/autopilot/status] -> http://copter131:35730/
[rosmaster.master][INFO] 2019-02-26 13:30:40,586: publisherUpdate[/autopilot/status] -> http://copter131:59430/
[rosmaster.master][INFO] 2019-02-26 13:30:40,589: publisherUpdate[/autopilot/status] -> http://copter131:43162/
[rosmaster.master][INFO] 2019-02-26 13:30:40,591: publisherUpdate[/autopilot/status] -> http://copter131:56618/
[rosmaster.master][INFO] 2019-02-26 13:30:40,593: publisherUpdate[/autopilot/status] -> http://copter131:58587/
[rosmaster.master][INFO] 2019-02-26 13:30:40,596: +SUB [/swarm_control/ap_intent] /wingman http://copter131:41231/
[rosmaster.master][INFO] 2019-02-26 13:30:40,599: publisherUpdate[/autopilot/status] -> http://copter131:51015/
[rosmaster.master][INFO] 2019-02-26 13:30:40,600: publisherUpdate[/autopilot/status] -> http://copter131:40096/
[rosmaster.master][INFO] 2019-02-26 13:30:40,602: +PARAM [/subswarm_id] by /swarm_tracker
[rosmaster.master][INFO] 2019-02-26 13:30:40,604: publisherUpdate[/autopilot/status] -> http://copter131:36514/
[rosmaster.master][INFO] 2019-02-26 13:30:40,607: +PUB [/safety/payload_waypoint] /tactic_interface http://copter131:49776/
[rosmaster.master][INFO] 2019-02-26 13:30:40,609: publisherUpdate[/autopilot/status] -> http://copter131:57227/
[rosmaster.master][INFO] 2019-02-26 13:30:40,612: publisherUpdate[/autopilot/status] -> http://copter131:37758/
[rosmaster.master][INFO] 2019-02-26 13:30:40,623: publisherUpdate[/autopilot/status] -> http://copter131:48101/
[rosmaster.master][INFO] 2019-02-26 13:30:40,624: publisherUpdate[/autopilot/status] -> http://copter131:51967/
[rosmaster.master][INFO] 2019-02-26 13:30:40,625: publisherUpdate[/autopilot/status] -> http://copter131:36817/
[rosmaster.master][INFO] 2019-02-26 13:30:40,630: publisherUpdate[/autopilot/status] -> http://copter131:60831/
[rosmaster.master][INFO] 2019-02-26 13:30:40,634: +SUB [/autopilot/status] /tactic_interface http://copter131:49776/
[rosmaster.master][INFO] 2019-02-26 13:30:40,636: publisherUpdate[/autopilot/status] -> http://copter131:47490/
[rosmaster.master][INFO] 2019-02-26 13:30:40,637: publisherUpdate[/autopilot/status] -> http://copter131:41231/
[rosmaster.master][INFO] 2019-02-26 13:30:40,639: publisherUpdate[/autopilot/mode_num] -> http://copter131:46730/
[rosmaster.master][INFO] 2019-02-26 13:30:40,642: publisherUpdate[/safety/payload_waypoint] -> http://copter131:47162/
[rosmaster.master][INFO] 2019-02-26 13:30:40,671: +SUB [/network/recv_swarm_data] /wingman http://copter131:41231/
[rosmaster.master][INFO] 2019-02-26 13:30:40,680: +PUB [/swarm_control/behavior_status] /wingman http://copter131:41231/
[rosmaster.master][INFO] 2019-02-26 13:30:40,683: +PUB [/network/send_swarm_behavior_data] /wingman http://copter131:41231/
[rosmaster.master][INFO] 2019-02-26 13:30:40,687: +SERVICE [/wingman/set] /wingman http://copter131:41231/
[rosmaster.master][INFO] 2019-02-26 13:30:40,692: +PUB [/rosout] /tactic_interface http://copter131:49776/
[rosmaster.master][INFO] 2019-02-26 13:30:40,695: +SERVICE [/wingman/run] /wingman http://copter131:41231/
[rosmaster.master][INFO] 2019-02-26 13:30:40,699: +SERVICE [/wingman/pause] /wingman http://copter131:41231/
[rosmaster.master][INFO] 2019-02-26 13:30:40,703: +SERVICE [/tactic_interface/get_loggers] /tactic_interface http://copter131:49776/
[rosmaster.master][INFO] 2019-02-26 13:30:40,707: +SERVICE [/tactic_interface/set_logger_level] /tactic_interface http://copter131:49776/
[rosmaster.master][INFO] 2019-02-26 13:30:40,732: +SUB [/autopilot/acs_pose] /wingman http://copter131:41231/
[rosmaster.master][INFO] 2019-02-26 13:30:40,737: +SUB [/swarm_control/subswarm_id] /tactic_interface http://copter131:49776/
[rosmaster.master][INFO] 2019-02-26 13:30:40,749: publisherUpdate[/swarm_control/behavior_status] -> http://copter131:47490/
[rosmaster.master][INFO] 2019-02-26 13:30:40,751: publisherUpdate[/network/send_swarm_behavior_data] -> http://copter131:58587/
[rosmaster.master][INFO] 2019-02-26 13:30:40,757: publisherUpdate[/rosout] -> http://copter131:57339/
[rosmaster.master][INFO] 2019-02-26 13:30:40,778: +SUB [/hit_tracker/hit_uavs] /wingman http://copter131:41231/
[rosmaster.master][INFO] 2019-02-26 13:30:40,779: +SUB [/swarm_control/ap_intent] /tactic_interface http://copter131:49776/
[rosmaster.master][INFO] 2019-02-26 13:30:40,782: +PUB [/autopilot/waypoint_goto] /wingman http://copter131:41231/
[rosmaster.master][INFO] 2019-02-26 13:30:40,789: +PUB [/air_to_air/firing_reports] /wingman http://copter131:41231/
[rosmaster.master][INFO] 2019-02-26 13:30:40,801: +SUB [/network/recv_swarm_data] /tactic_interface http://copter131:49776/
[rosmaster.master][INFO] 2019-02-26 13:30:40,805: +PUB [/swarm_control/behavior_status] /tactic_interface http://copter131:49776/
[rosmaster.master][INFO] 2019-02-26 13:30:40,809: +PUB [/network/send_swarm_behavior_data] /tactic_interface http://copter131:49776/
[rosmaster.master][INFO] 2019-02-26 13:30:40,812: +SERVICE [/tactic_interface/set] /tactic_interface http://copter131:49776/
[rosmaster.master][INFO] 2019-02-26 13:30:40,816: +SERVICE [/tactic_interface/run] /tactic_interface http://copter131:49776/
[rosmaster.master][INFO] 2019-02-26 13:30:40,819: +SERVICE [/tactic_interface/pause] /tactic_interface http://copter131:49776/
[rosmaster.master][INFO] 2019-02-26 13:30:40,837: +SUB [/autopilot/acs_pose] /tactic_interface http://copter131:49776/
[rosmaster.master][INFO] 2019-02-26 13:30:40,855: +SUB [/hit_tracker/hit_uavs] /tactic_interface http://copter131:49776/
[rosmaster.master][INFO] 2019-02-26 13:30:40,861: publisherUpdate[/autopilot/waypoint_goto] -> http://copter131:46730/
[rosmaster.master][INFO] 2019-02-26 13:30:40,867: publisherUpdate[/air_to_air/firing_reports] -> http://copter131:58587/
[rosmaster.master][INFO] 2019-02-26 13:30:40,869: publisherUpdate[/swarm_control/behavior_status] -> http://copter131:47490/
[rosmaster.master][INFO] 2019-02-26 13:30:40,874: publisherUpdate[/network/send_swarm_behavior_data] -> http://copter131:58587/
[rosmaster.master][INFO] 2019-02-26 13:30:40,879: +SUB [/network/net_reset] /tactic_interface http://copter131:49776/
[rosmaster.master][INFO] 2019-02-26 13:30:40,883: +PUB [/air_to_air/firing_reports] /tactic_interface http://copter131:49776/
[rosmaster.master][INFO] 2019-02-26 13:30:40,887: +PUB [/autopilot/waypoint_goto] /tactic_interface http://copter131:49776/
[rosmaster.master][INFO] 2019-02-26 13:30:40,890: +PUB [/network/swarm_sub_behavior] /tactic_interface http://copter131:49776/
[rosmaster.master][INFO] 2019-02-26 13:30:40,970: publisherUpdate[/air_to_air/firing_reports] -> http://copter131:58587/
[rosmaster.master][INFO] 2019-02-26 13:30:40,973: publisherUpdate[/autopilot/waypoint_goto] -> http://copter131:46730/
[rosmaster.master][INFO] 2019-02-26 13:30:40,976: publisherUpdate[/network/swarm_sub_behavior] -> http://copter131:58587/
[rosmaster.master][INFO] 2019-02-26 13:30:41,012: +SERVICE [/constrained_shooter/pause] /constrained_shooter http://copter131:51967/
[rosmaster.master][INFO] 2019-02-26 13:30:41,035: +SUB [/autopilot/acs_pose] /constrained_shooter http://copter131:51967/
[rosmaster.master][INFO] 2019-02-26 13:30:41,052: +SUB [/hit_tracker/hit_uavs] /constrained_shooter http://copter131:51967/
[rosmaster.master][INFO] 2019-02-26 13:30:41,055: +PUB [/air_to_air/firing_reports] /constrained_shooter http://copter131:51967/
[rosmaster.master][INFO] 2019-02-26 13:30:41,077: publisherUpdate[/air_to_air/firing_reports] -> http://copter131:58587/
[rosmaster.master][INFO] 2019-02-26 13:31:59,146: +PUB [/autopilot/heartbeat_ground] /network http://copter131:58587/
[rosmaster.master][INFO] 2019-02-26 13:31:59,160: publisherUpdate[/autopilot/heartbeat_ground] -> http://copter131:47162/
[rosmaster.master][INFO] 2019-02-26 13:31:59,161: publisherUpdate[/autopilot/heartbeat_ground] -> http://copter131:46730/
[rosmaster.master][INFO] 2019-02-26 13:32:18,184: +PARAM [/flight_ready] by /network
[rosmaster.master][INFO] 2019-02-26 13:32:37,284: +PUB [/autopilot/arm] /network http://copter131:58587/
[rosmaster.master][INFO] 2019-02-26 13:32:37,323: publisherUpdate[/autopilot/arm] -> http://copter131:46730/
[rosmaster.master][INFO] 2019-02-26 13:32:45,387: +PUB [/autopilot/mode_num] /network http://copter131:58587/
[rosmaster.master][INFO] 2019-02-26 13:32:45,447: publisherUpdate[/autopilot/mode_num] -> http://copter131:46730/
[rosmaster.master][INFO] 2019-02-26 13:32:55,699: +PARAM [/aircraft_type] by /swarm_control
[rosmaster.master][INFO] 2019-02-26 13:33:05,584: +PUB [/autopilot/copter_takeoff] /network http://copter131:58587/
[rosmaster.master][INFO] 2019-02-26 13:33:05,592: publisherUpdate[/autopilot/copter_takeoff] -> http://copter131:46730/
[rosmaster.master][INFO] 2019-02-26 13:33:14,630: +PARAM [/subswarm_id] by /swarm_tracker
[rosmaster.master][INFO] 2019-02-26 13:33:19,495: +PARAM [/subswarm_id] by /swarm_tracker
[rosmaster.master][INFO] 2019-02-26 13:33:24,813: +PARAM [/subswarm_id] by /swarm_tracker
[rosmaster.master][INFO] 2019-02-26 13:34:44,399: +PARAM [/last_mission_wp_id] by /swarm_control
[rosmaster.master][INFO] 2019-02-26 13:34:44,426: +SUB [/red_tracker/red_uav_states] /tactic_interface http://copter131:49776/
[rosmaster.master][INFO] 2019-02-26 13:34:44,954: +SUB [/swarm_tracker/swarm_uav_states] /tactic_interface http://copter131:49776/
[rosmaster.master][INFO] 2019-02-26 13:34:47,313: +PUB [/rosout] /radeyeNode_20324_1551216887162 http://copter131:37879/
[rosmaster.master][INFO] 2019-02-26 13:34:47,320: publisherUpdate[/rosout] -> http://copter131:57339/
[rosmaster.master][INFO] 2019-02-26 13:34:47,326: +SERVICE [/radeyeNode_20324_1551216887162/get_loggers] /radeyeNode_20324_1551216887162 http://copter131:37879/
[rosmaster.master][INFO] 2019-02-26 13:34:47,332: +SERVICE [/radeyeNode_20324_1551216887162/set_logger_level] /radeyeNode_20324_1551216887162 http://copter131:37879/
[rosmaster.master][INFO] 2019-02-26 13:34:47,361: +SUB [/autopilot/gps_odom] /radeyeNode_20324_1551216887162 http://copter131:37879/
[rosmaster.master][INFO] 2019-02-26 13:34:47,389: +SUB [/autopilot/gps] /radeyeNode_20324_1551216887162 http://copter131:37879/
[rosmaster.master][INFO] 2019-02-26 13:34:47,440: -SUB [/autopilot/gps_odom] /radeyeNode_20324_1551216887162 http://copter131:37879/
[rosmaster.master][INFO] 2019-02-26 13:34:47,440: -SUB [/autopilot/gps] /radeyeNode_20324_1551216887162 http://copter131:37879/
[rosmaster.master][INFO] 2019-02-26 13:34:47,440: -PUB [/rosout] /radeyeNode_20324_1551216887162 http://copter131:37879/
[rosmaster.master][INFO] 2019-02-26 13:34:47,441: -SERVICE [/radeyeNode_20324_1551216887162/set_logger_level] /radeyeNode_20324_1551216887162 rosrpc://copter131:59346
[rosmaster.master][INFO] 2019-02-26 13:34:47,441: -SERVICE [/radeyeNode_20324_1551216887162/get_loggers] /radeyeNode_20324_1551216887162 rosrpc://copter131:59346
[rosmaster.master][INFO] 2019-02-26 13:34:47,532: publisherUpdate[/rosout] -> http://copter131:57339/
[rosmaster.master][INFO] 2019-02-26 13:53:32,634: -SUB [/swarm_tracker/swarm_uav_states] /tactic_interface http://copter131:49776/
[rosmaster.master][INFO] 2019-02-26 13:53:32,638: -SUB [/red_tracker/red_uav_states] /tactic_interface http://copter131:49776/
[rosmaster.master][INFO] 2019-02-26 13:55:03,013: +SUB [/red_tracker/red_uav_states] /tactic_interface http://copter131:49776/
[rosmaster.master][INFO] 2019-02-26 13:55:03,541: +SUB [/swarm_tracker/swarm_uav_states] /tactic_interface http://copter131:49776/
[rosmaster.master][INFO] 2019-02-26 13:55:53,634: +SUB [/tactic_interface/altitude] /tactic_interface http://copter131:49776/
[rosmaster.master][INFO] 2019-02-26 13:55:55,457: +PUB [/rosout] /radeyeNode_27075_1551218155303 http://copter131:51321/
[rosmaster.master][INFO] 2019-02-26 13:55:55,472: +SERVICE [/radeyeNode_27075_1551218155303/get_loggers] /radeyeNode_27075_1551218155303 http://copter131:51321/
[rosmaster.master][INFO] 2019-02-26 13:55:55,477: +SERVICE [/radeyeNode_27075_1551218155303/set_logger_level] /radeyeNode_27075_1551218155303 http://copter131:51321/
[rosmaster.master][INFO] 2019-02-26 13:55:55,504: +SUB [/autopilot/gps_odom] /radeyeNode_27075_1551218155303 http://copter131:51321/
[rosmaster.master][INFO] 2019-02-26 13:55:55,505: publisherUpdate[/rosout] -> http://copter131:57339/
[rosmaster.master][INFO] 2019-02-26 13:55:55,540: +SUB [/autopilot/gps] /radeyeNode_27075_1551218155303 http://copter131:51321/
[rosmaster.master][INFO] 2019-02-26 13:55:55,622: -SUB [/autopilot/gps_odom] /radeyeNode_27075_1551218155303 http://copter131:51321/
[rosmaster.master][INFO] 2019-02-26 13:55:55,622: -SUB [/autopilot/gps] /radeyeNode_27075_1551218155303 http://copter131:51321/
[rosmaster.master][INFO] 2019-02-26 13:55:55,623: -PUB [/rosout] /radeyeNode_27075_1551218155303 http://copter131:51321/
[rosmaster.master][INFO] 2019-02-26 13:55:55,623: -SERVICE [/radeyeNode_27075_1551218155303/get_loggers] /radeyeNode_27075_1551218155303 rosrpc://copter131:37007
[rosmaster.master][INFO] 2019-02-26 13:55:55,623: -SERVICE [/radeyeNode_27075_1551218155303/set_logger_level] /radeyeNode_27075_1551218155303 rosrpc://copter131:37007
[rosmaster.master][INFO] 2019-02-26 13:55:55,656: publisherUpdate[/rosout] -> http://copter131:57339/
[rosmaster.master][INFO] 2019-02-26 14:00:00,014: +PUB [/rosout] /altitude_8751_1551218399862 http://copter131:60091/
[rosmaster.master][INFO] 2019-02-26 14:00:00,027: +SERVICE [/altitude_8751_1551218399862/get_loggers] /altitude_8751_1551218399862 http://copter131:60091/
[rosmaster.master][INFO] 2019-02-26 14:00:00,033: +SERVICE [/altitude_8751_1551218399862/set_logger_level] /altitude_8751_1551218399862 http://copter131:60091/
[rosmaster.master][INFO] 2019-02-26 14:00:00,041: +PUB [/tactic_interface/altitude] /altitude_8751_1551218399862 http://copter131:60091/
[rosmaster.master][INFO] 2019-02-26 14:00:00,063: publisherUpdate[/rosout] -> http://copter131:57339/
[rosmaster.master][INFO] 2019-02-26 14:00:00,074: publisherUpdate[/tactic_interface/altitude] -> http://copter131:49776/
[rosmaster.master][INFO] 2019-02-26 14:01:24,101: -PUB [/tactic_interface/altitude] /altitude_8751_1551218399862 http://copter131:60091/
[rosmaster.master][INFO] 2019-02-26 14:01:24,101: -PUB [/rosout] /altitude_8751_1551218399862 http://copter131:60091/
[rosmaster.master][INFO] 2019-02-26 14:01:24,101: -SERVICE [/altitude_8751_1551218399862/get_loggers] /altitude_8751_1551218399862 rosrpc://copter131:39725
[rosmaster.master][INFO] 2019-02-26 14:01:24,102: -SERVICE [/altitude_8751_1551218399862/set_logger_level] /altitude_8751_1551218399862 rosrpc://copter131:39725
[rosmaster.master][INFO] 2019-02-26 14:01:24,177: publisherUpdate[/tactic_interface/altitude] -> http://copter131:49776/
[rosmaster.master][INFO] 2019-02-26 14:01:24,182: publisherUpdate[/rosout] -> http://copter131:57339/
[rosmaster.master][INFO] 2019-02-26 14:01:45,433: -SUB [/swarm_tracker/swarm_uav_states] /tactic_interface http://copter131:49776/
[rosmaster.master][INFO] 2019-02-26 14:01:45,438: -SUB [/red_tracker/red_uav_states] /tactic_interface http://copter131:49776/
[rosmaster.master][INFO] 2019-02-26 14:01:45,463: +PARAM [/subswarm_id] by /swarm_tracker
[rosmaster.master][INFO] 2019-02-26 14:02:12,505: +PARAM [/flight_ready] by /network
[rosmaster.master][INFO] 2019-02-26 14:02:15,130: +PARAM [/flight_ready] by /network
[rosmaster.master][INFO] 2019-02-26 14:02:20,285: +PARAM [/flight_ready] by /network
[rosmaster.master][INFO] 2019-02-26 14:02:39,485: +PARAM [/flight_ready] by /network
[rosmaster.master][INFO] 2019-02-26 14:02:40,065: +PARAM [/flight_ready] by /network
[rosmaster.master][INFO] 2019-02-26 14:02:40,470: +PARAM [/flight_ready] by /network
[rosmaster.master][INFO] 2019-02-26 14:02:41,185: +PARAM [/flight_ready] by /network
