[rospy.client][INFO] 2019-02-26 13:30:38,864: init_node, name[/patrol_box_shooter], pid[3110]
[xmlrpc][INFO] 2019-02-26 13:30:38,865: XML-RPC server binding to 0.0.0.0:0
[xmlrpc][INFO] 2019-02-26 13:30:38,866: Started XML-RPC server [http://copter131:51015/]
[rospy.impl.masterslave][INFO] 2019-02-26 13:30:38,866: _ready: http://copter131:51015/
[rospy.init][INFO] 2019-02-26 13:30:38,867: ROS Slave URI: [http://copter131:51015/]
[xmlrpc][INFO] 2019-02-26 13:30:38,868: xml rpc node: starting XML-RPC server
[rospy.registration][INFO] 2019-02-26 13:30:38,870: Registering with master node http://localhost:11311
[rospy.init][INFO] 2019-02-26 13:30:38,967: registered with master
[rospy.rosout][INFO] 2019-02-26 13:30:38,968: initializing /rosout core topic
[rospy.rosout][INFO] 2019-02-26 13:30:38,986: connected to core topic /rosout
[rospy.simtime][INFO] 2019-02-26 13:30:39,001: /use_sim_time is not set, will not subscribe to simulated time [/clock] topic
[rospy.internal][INFO] 2019-02-26 13:30:39,211: topic[/rosout] adding connection to [/rosout], count 0
[rospy.internal][INFO] 2019-02-26 13:30:39,270: topic[/safety/payload_waypoint] adding connection to [/safety], count 0
[rospy.internal][INFO] 2019-02-26 13:30:39,779: topic[/network/send_swarm_behavior_data] adding connection to [/network], count 0
[rospy.internal][INFO] 2019-02-26 13:30:39,912: topic[/swarm_control/behavior_status] adding connection to [/swarm_control], count 0
[rospy.internal][INFO] 2019-02-26 13:30:40,153: topic[/swarm_control/subswarm_id] adding connection to [http://copter131:47490/], count 0
[rospy.internal][INFO] 2019-02-26 13:30:40,281: topic[/swarm_control/ap_intent] adding connection to [http://copter131:47490/], count 0
[rospy.internal][INFO] 2019-02-26 13:30:40,386: topic[/hit_tracker/hit_uavs] adding connection to [http://copter131:52094/], count 0
[rospy.internal][INFO] 2019-02-26 13:30:40,394: topic[/autopilot/acs_pose] adding connection to [http://copter131:46730/], count 0
[rospy.internal][INFO] 2019-02-26 13:30:40,410: topic[/air_to_air/firing_reports] adding connection to [/network], count 0
[rospy.internal][INFO] 2019-02-26 13:30:40,672: topic[/autopilot/status] adding connection to [http://copter131:46730/], count 0
[rosout][INFO] 2019-02-26 13:33:14,601: patrol_box_shooter activate request False returned False
[rosout][INFO] 2019-02-26 13:33:19,423: patrol_box_shooter activate request False returned False
[rosout][INFO] 2019-02-26 13:34:45,703: patrol_box_shooter activate request False returned False
[rosout][INFO] 2019-02-26 13:53:32,622: patrol_box_shooter activate request False returned False
[rosout][INFO] 2019-02-26 13:55:53,866: patrol_box_shooter activate request False returned False
[rosout][INFO] 2019-02-26 14:01:45,423: patrol_box_shooter activate request False returned False
