[rospy.client][INFO] 2019-02-26 13:30:38,684: init_node, name[/pn_interceptor], pid[3095]
[xmlrpc][INFO] 2019-02-26 13:30:38,685: XML-RPC server binding to 0.0.0.0:0
[rospy.init][INFO] 2019-02-26 13:30:38,687: ROS Slave URI: [http://copter131:60831/]
[xmlrpc][INFO] 2019-02-26 13:30:38,687: Started XML-RPC server [http://copter131:60831/]
[rospy.impl.masterslave][INFO] 2019-02-26 13:30:38,688: _ready: http://copter131:60831/
[xmlrpc][INFO] 2019-02-26 13:30:38,689: xml rpc node: starting XML-RPC server
[rospy.registration][INFO] 2019-02-26 13:30:38,690: Registering with master node http://localhost:11311
[rospy.init][INFO] 2019-02-26 13:30:38,788: registered with master
[rospy.rosout][INFO] 2019-02-26 13:30:38,789: initializing /rosout core topic
[rospy.rosout][INFO] 2019-02-26 13:30:39,794: connected to core topic /rosout
[rospy.simtime][INFO] 2019-02-26 13:30:39,802: /use_sim_time is not set, will not subscribe to simulated time [/clock] topic
[rospy.internal][INFO] 2019-02-26 13:30:40,051: topic[/safety/payload_waypoint] adding connection to [/safety], count 0
[rospy.internal][INFO] 2019-02-26 13:30:40,109: topic[/rosout] adding connection to [/rosout], count 0
[rospy.internal][INFO] 2019-02-26 13:30:40,243: topic[/swarm_control/subswarm_id] adding connection to [http://copter131:47490/], count 0
[rospy.internal][INFO] 2019-02-26 13:30:40,298: topic[/swarm_control/ap_intent] adding connection to [http://copter131:47490/], count 0
[rospy.internal][INFO] 2019-02-26 13:30:40,305: topic[/network/send_swarm_behavior_data] adding connection to [/network], count 0
[rospy.internal][INFO] 2019-02-26 13:30:40,323: topic[/swarm_control/behavior_status] adding connection to [/swarm_control], count 0
[rospy.internal][INFO] 2019-02-26 13:30:40,677: topic[/autopilot/status] adding connection to [http://copter131:46730/], count 0
[rosout][INFO] 2019-02-26 13:33:14,556: pn_interceptor activate request False returned False
[rosout][INFO] 2019-02-26 13:33:19,383: pn_interceptor activate request False returned False
[rosout][INFO] 2019-02-26 13:34:45,647: pn_interceptor activate request False returned False
[rosout][INFO] 2019-02-26 13:53:32,586: pn_interceptor activate request False returned False
[rosout][INFO] 2019-02-26 13:55:53,799: pn_interceptor activate request False returned False
[rosout][INFO] 2019-02-26 14:01:45,387: pn_interceptor activate request False returned False
