[rospy.client][INFO] 2012-12-31 16:15:15,887: init_node, name[/safety], pid[2822]
[xmlrpc][INFO] 2012-12-31 16:15:15,905: XML-RPC server binding to 0.0.0.0:0
[xmlrpc][INFO] 2012-12-31 16:15:15,906: Started XML-RPC server [http://copter131:47162/]
[rospy.init][INFO] 2012-12-31 16:15:15,906: ROS Slave URI: [http://copter131:47162/]
[rospy.impl.masterslave][INFO] 2012-12-31 16:15:15,907: _ready: http://copter131:47162/
[xmlrpc][INFO] 2012-12-31 16:15:15,920: xml rpc node: starting XML-RPC server
[rospy.registration][INFO] 2012-12-31 16:15:15,921: Registering with master node http://localhost:11311
[rospy.init][INFO] 2012-12-31 16:15:16,008: registered with master
[rospy.rosout][INFO] 2012-12-31 16:15:16,009: initializing /rosout core topic
[rospy.rosout][INFO] 2012-12-31 16:15:16,050: connected to core topic /rosout
[rospy.simtime][INFO] 2012-12-31 16:15:16,084: /use_sim_time is not set, will not subscribe to simulated time [/clock] topic
[rospy.internal][INFO] 2012-12-31 16:15:16,395: topic[/rosout] adding connection to [/rosout], count 0
[rospy.internal][INFO] 2019-02-26 13:30:38,803: topic[/safety/payload_waypoint] adding connection to [http://copter131:59430/], count 0
[rospy.internal][INFO] 2019-02-26 13:30:38,814: topic[/safety/payload_waypoint] adding connection to [http://copter131:43162/], count 1
[rospy.internal][INFO] 2019-02-26 13:30:38,933: topic[/safety/payload_waypoint] adding connection to [http://copter131:56618/], count 2
[rospy.internal][INFO] 2019-02-26 13:30:39,218: topic[/autopilot/heartbeat_onboard] adding connection to [/autopilot], count 0
[rospy.internal][INFO] 2019-02-26 13:30:39,265: topic[/safety/payload_waypoint] adding connection to [http://copter131:40096/], count 3
[rospy.internal][INFO] 2019-02-26 13:30:39,268: topic[/safety/payload_waypoint] adding connection to [http://copter131:51015/], count 4
[rospy.internal][INFO] 2019-02-26 13:30:39,343: topic[/safety/payload_waypoint] adding connection to [http://copter131:36514/], count 5
[rospy.internal][INFO] 2019-02-26 13:30:39,351: topic[/safety/payload_waypoint] adding connection to [http://copter131:36514/], count 6
[rospy.internal][INFO] 2019-02-26 13:30:39,351: topic[/safety/payload_waypoint] adding connection to [http://copter131:57227/], count 6
[rospy.internal][INFO] 2019-02-26 13:30:39,353: topic[/safety/payload_waypoint] removing connection to http://copter131:36514/
[rospy.internal][WARNING] 2019-02-26 13:30:39,357: Unknown error initiating TCP/IP socket to copter131:47958 (http://copter131:36514/): Traceback (most recent call last):
  File "/opt/ros/indigo/lib/python2.7/dist-packages/rospy/impl/tcpros_base.py", line 557, in connect
    self.read_header()
  File "/opt/ros/indigo/lib/python2.7/dist-packages/rospy/impl/tcpros_base.py", line 618, in read_header
    self._validate_header(read_ros_handshake_header(sock, self.read_buff, self.protocol.buff_size))
AttributeError: 'NoneType' object has no attribute 'buff_size'

[rospy.internal][INFO] 2019-02-26 13:30:39,485: topic[/autopilot/payload_waypoint] adding connection to [/autopilot], count 0
[rospy.internal][INFO] 2019-02-26 13:30:39,568: topic[/safety/payload_waypoint] adding connection to [http://copter131:48101/], count 7
[rospy.internal][INFO] 2019-02-26 13:30:39,574: topic[/safety/payload_rate] adding connection to [http://copter131:48101/], count 0
[rospy.internal][INFO] 2019-02-26 13:30:39,792: topic[/safety/payload_waypoint] adding connection to [http://copter131:51967/], count 8
[rospy.internal][INFO] 2019-02-26 13:30:39,925: topic[/safety/payload_waypoint] adding connection to [http://copter131:36817/], count 9
[rospy.internal][INFO] 2019-02-26 13:30:39,929: topic[/autopilot/acs_pose] adding connection to [http://copter131:46730/], count 0
[rosout][WARNING] 2019-02-26 13:30:39,987: establishing proxies for ROS /autopliot/ services
[rospy.internal][INFO] 2019-02-26 13:30:40,049: topic[/safety/payload_waypoint] adding connection to [http://copter131:60831/], count 10
[rospy.internal][INFO] 2019-02-26 13:30:40,064: topic[/swarm_tracker/swarm_uav_states] adding connection to [http://copter131:37758/], count 0
[rospy.internal][INFO] 2019-02-26 13:30:40,255: topic[/safety/payload_waypoint] adding connection to [http://copter131:41231/], count 11
[rospy.internal][INFO] 2019-02-26 13:30:40,683: topic[/safety/payload_waypoint] adding connection to [http://copter131:49776/], count 12
[rospy.internal][INFO] 2019-02-26 13:31:59,186: topic[/autopilot/heartbeat_ground] adding connection to [http://copter131:58587/], count 0
