[rospy.client][INFO] 2019-02-26 13:30:38,250: init_node, name[/smart_shooter], pid[3042]
[xmlrpc][INFO] 2019-02-26 13:30:38,276: XML-RPC server binding to 0.0.0.0:0
[xmlrpc][INFO] 2019-02-26 13:30:38,277: Started XML-RPC server [http://copter131:36817/]
[rospy.init][INFO] 2019-02-26 13:30:38,277: ROS Slave URI: [http://copter131:36817/]
[rospy.impl.masterslave][INFO] 2019-02-26 13:30:38,278: _ready: http://copter131:36817/
[xmlrpc][INFO] 2019-02-26 13:30:38,295: xml rpc node: starting XML-RPC server
[rospy.registration][INFO] 2019-02-26 13:30:38,297: Registering with master node http://localhost:11311
[rospy.init][INFO] 2019-02-26 13:30:38,379: registered with master
[rospy.rosout][INFO] 2019-02-26 13:30:38,380: initializing /rosout core topic
[rospy.rosout][INFO] 2019-02-26 13:30:38,518: connected to core topic /rosout
[rospy.simtime][INFO] 2019-02-26 13:30:38,632: /use_sim_time is not set, will not subscribe to simulated time [/clock] topic
[rospy.internal][INFO] 2019-02-26 13:30:38,736: topic[/rosout] adding connection to [/rosout], count 0
[rospy.internal][INFO] 2019-02-26 13:30:39,927: topic[/safety/payload_waypoint] adding connection to [/safety], count 0
[rospy.internal][INFO] 2019-02-26 13:30:40,246: topic[/swarm_control/subswarm_id] adding connection to [http://copter131:47490/], count 0
[rospy.internal][INFO] 2019-02-26 13:30:40,332: topic[/swarm_control/ap_intent] adding connection to [http://copter131:47490/], count 0
[rospy.internal][INFO] 2019-02-26 13:30:40,397: topic[/swarm_control/behavior_status] adding connection to [/swarm_control], count 0
[rospy.internal][INFO] 2019-02-26 13:30:40,407: topic[/network/send_swarm_behavior_data] adding connection to [/network], count 0
[rospy.internal][INFO] 2019-02-26 13:30:40,418: topic[/autopilot/acs_pose] adding connection to [http://copter131:46730/], count 0
[rospy.internal][INFO] 2019-02-26 13:30:40,424: topic[/hit_tracker/hit_uavs] adding connection to [http://copter131:52094/], count 0
[rospy.internal][INFO] 2019-02-26 13:30:40,531: topic[/air_to_air/firing_reports] adding connection to [/network], count 0
[rospy.internal][INFO] 2019-02-26 13:30:40,657: topic[/autopilot/status] adding connection to [http://copter131:46730/], count 0
[rosout][INFO] 2019-02-26 13:33:14,575: smart_shooter activate request False returned False
[rosout][INFO] 2019-02-26 13:33:19,397: smart_shooter activate request False returned False
[rosout][INFO] 2019-02-26 13:34:45,666: smart_shooter activate request False returned False
[rosout][INFO] 2019-02-26 13:53:32,597: smart_shooter activate request False returned False
[rosout][INFO] 2019-02-26 13:55:53,824: smart_shooter activate request False returned False
[rosout][INFO] 2019-02-26 14:01:45,398: smart_shooter activate request False returned False
