[rospy.client][INFO] 2019-02-26 13:30:37,804: init_node, name[/swarm_landing_sequencer], pid[3006]
[xmlrpc][INFO] 2019-02-26 13:30:37,808: XML-RPC server binding to 0.0.0.0:0
[rospy.init][INFO] 2019-02-26 13:30:37,810: ROS Slave URI: [http://copter131:43162/]
[xmlrpc][INFO] 2019-02-26 13:30:37,810: Started XML-RPC server [http://copter131:43162/]
[rospy.impl.masterslave][INFO] 2019-02-26 13:30:37,811: _ready: http://copter131:43162/
[xmlrpc][INFO] 2019-02-26 13:30:37,811: xml rpc node: starting XML-RPC server
[rospy.registration][INFO] 2019-02-26 13:30:37,814: Registering with master node http://localhost:11311
[rospy.init][INFO] 2019-02-26 13:30:37,911: registered with master
[rospy.rosout][INFO] 2019-02-26 13:30:37,911: initializing /rosout core topic
[rospy.rosout][INFO] 2019-02-26 13:30:38,025: connected to core topic /rosout
[rospy.simtime][INFO] 2019-02-26 13:30:38,128: /use_sim_time is not set, will not subscribe to simulated time [/clock] topic
[rospy.internal][INFO] 2019-02-26 13:30:38,296: topic[/rosout] adding connection to [/rosout], count 0
[rospy.internal][INFO] 2019-02-26 13:30:38,828: topic[/safety/payload_waypoint] adding connection to [/safety], count 0
[rospy.internal][INFO] 2019-02-26 13:30:39,127: topic[/network/send_swarm_behavior_data] adding connection to [/network], count 0
[rospy.internal][INFO] 2019-02-26 13:30:39,826: topic[/autopilot/waypoint_goto] adding connection to [/autopilot], count 0
[rospy.internal][INFO] 2019-02-26 13:30:39,891: topic[/swarm_control/behavior_status] adding connection to [/swarm_control], count 0
[rospy.internal][INFO] 2019-02-26 13:30:40,146: topic[/swarm_control/subswarm_id] adding connection to [http://copter131:47490/], count 0
[rospy.internal][INFO] 2019-02-26 13:30:40,269: topic[/swarm_control/ap_intent] adding connection to [http://copter131:47490/], count 0
[rospy.internal][INFO] 2019-02-26 13:30:40,625: topic[/autopilot/status] adding connection to [http://copter131:46730/], count 0
[rosout][INFO] 2019-02-26 13:33:14,541: swarm_landing_sequencer activate request False returned False
[rosout][INFO] 2019-02-26 13:33:19,371: swarm_landing_sequencer activate request False returned False
[rosout][INFO] 2019-02-26 13:34:45,625: swarm_landing_sequencer activate request False returned False
[rosout][INFO] 2019-02-26 13:53:32,574: swarm_landing_sequencer activate request False returned False
[rosout][INFO] 2019-02-26 13:55:53,782: swarm_landing_sequencer activate request False returned False
[rosout][INFO] 2019-02-26 14:01:45,372: swarm_landing_sequencer activate request False returned False
