[roslaunch][INFO] 2012-12-31 16:00:13,480: Checking log directory for disk usage. This may take awhile.
Press Ctrl-C to interrupt
[roslaunch][INFO] 2012-12-31 16:00:13,570: Done checking log file disk usage. Usage is <1GB.
[roslaunch][INFO] 2012-12-31 16:00:13,571: roslaunch starting with args ['/opt/ros/indigo/bin/roslaunch', '--pid=/home/odroid/autonomy-payload.pid', 'ap_master', 'master.launch', 'id:=131', 'name:=copter131']
[roslaunch][INFO] 2012-12-31 16:00:13,571: roslaunch env is {'LC_NUMERIC': 'en_US.UTF-8', 'ROS_DISTRO': 'indigo', 'NO_AT_BRIDGE': '1', 'SCRIMMAGE_TACTIC_INTERFACE_FILE': '/home/odroid/scrimmage/usma/plugins/autonomy/python/behaviors.xml', 'ROSLISP_PACKAGE_DIRECTORIES': '/home/odroid/acs_ros_ws/devel/share/common-lisp', 'CPATH': '/home/odroid/acs_ros_ws/devel/include:/opt/ros/indigo/include', 'LOGNAME': 'odroid', 'USER': 'odroid', 'ROS_PACKAGE_PATH': '/home/odroid/acs_ros_ws/src:/opt/ros/indigo/share:/opt/ros/indigo/stacks', 'LC_PAPER': 'en_US.UTF-8', 'PATH': '/home/odroid/acs_ros_ws/devel/bin:/opt/ros/indigo/bin:/usr/local/bin:/usr/bin:/bin:/usr/local/games:/usr/games:/home/odroid/scrimmage/usma/bin', 'CMAKE_PREFIX_PATH': '/home/odroid/acs_ros_ws/devel:/opt/ros/indigo', 'LD_LIBRARY_PATH': '/home/odroid/acs_ros_ws/devel/lib:/home/odroid/acs_ros_ws/devel/lib/arm-linux-gnueabihf:/opt/ros/indigo/lib/arm-linux-gnueabihf:/opt/ros/indigo/lib', 'LANG': 'C', 'TERM': 'linux', 'SHELL': '/bin/bash', 'LANGUAGE': 'C', 'LC_MONETARY': 'en_US.UTF-8', 'XDG_SESSION_ID': 'c1', 'ROS_LOG_FILENAME': '/home/odroid/.ros/log/3765e874-53a6-11e2-8d1a-001e06324787/roslaunch-copter131-2716.log', 'ROS_ETC_DIR': '/opt/ros/indigo/etc/ros', 'HOME': '/home/odroid', 'CEC_HDMI_PORT': '2', 'XDG_RUNTIME_DIR': '/run/user/1001', 'LC_IDENTIFICATION': 'en_US.UTF-8', 'LC_ADDRESS': 'en_US.UTF-8', 'PYTHONPATH': '/home/odroid/acs_ros_ws/devel/lib/python2.7/dist-packages:/opt/ros/indigo/lib/python2.7/dist-packages:/home/odroid/scrimmage/usma/plugins/autonomy/python', 'SHLVL': '1', 'ROS_ROOT': '/opt/ros/indigo/share/ros', 'PKG_CONFIG_PATH': '/home/odroid/acs_ros_ws/devel/lib/pkgconfig:/home/odroid/acs_ros_ws/devel/lib/arm-linux-gnueabihf/pkgconfig:/opt/ros/indigo/lib/arm-linux-gnueabihf/pkgconfig:/opt/ros/indigo/lib/pkgconfig', 'LC_ALL': 'C', 'ROS_TEST_RESULTS_DIR': '/home/odroid/acs_ros_ws/build/test_results', '_': '/opt/ros/indigo/bin/roslaunch', 'CATKIN_TEST_RESULTS_DIR': '/home/odroid/acs_ros_ws/build/test_results', 'LC_MESSAGES': 'POSIX', 'SCRIMMAGE_PLUGIN_PATH': ':/home/odroid/scrimmage/usma/plugin_libs:/home/odroid/scrimmage/usma/plugins', 'LC_TELEPHONE': 'en_US.UTF-8', 'LC_MEASUREMENT': 'en_US.UTF-8', 'PWD': '/home/odroid', 'ROS_MASTER_URI': 'http://localhost:11311', 'LC_NAME': 'en_US.UTF-8', 'MAIL': '/var/mail/odroid', 'LC_TIME': 'en_US.UTF-8', 'XDG_SEAT': 'seat0'}
[roslaunch][INFO] 2012-12-31 16:00:13,572: starting in server mode
[roslaunch.parent][INFO] 2012-12-31 16:00:13,572: starting roslaunch parent run
[roslaunch][INFO] 2012-12-31 16:00:13,573: loading roscore config file /opt/ros/indigo/etc/ros/roscore.xml
[roslaunch][INFO] 2012-12-31 16:00:13,808: Added core node of type [rosout/rosout] in namespace [/]
[roslaunch.config][INFO] 2012-12-31 16:00:13,809: loading config file /home/odroid/acs_ros_ws/src/autonomy-payload/ap_master/launch/master.launch
[roslaunch][INFO] 2012-12-31 16:00:13,826: Added node of type [autopilot_bridge/mavbridge.py] in namespace [/]
[roslaunch][INFO] 2012-12-31 16:00:13,828: Added node of type [ap_safety_monitor/safety.py] in namespace [/]
[roslaunch][INFO] 2012-12-31 16:00:13,830: Added node of type [ap_safety_monitor/altitude_eye_ROS.py] in namespace [/]
[roslaunch][INFO] 2012-12-31 16:00:13,832: Added node of type [ap_safety_monitor/rad_eye2_ROS.py] in namespace [/]
[roslaunch][INFO] 2012-12-31 16:00:13,837: Added node of type [ap_network_bridge/network.py] in namespace [/]
[roslaunch][INFO] 2012-12-31 16:00:13,839: Added node of type [ap_perception/swarm_tracker_node.py] in namespace [/]
[roslaunch][INFO] 2012-12-31 16:00:13,841: Added node of type [ap_perception/red_tracker.py] in namespace [/]
[roslaunch][INFO] 2012-12-31 16:00:13,843: Added node of type [ap_perception/hit_tracker.py] in namespace [/]
[roslaunch][INFO] 2012-12-31 16:00:13,845: Added node of type [ap_tasks/task_runner.py] in namespace [/]
[roslaunch][INFO] 2012-12-31 16:00:13,847: Added node of type [ap_logging/recv_pose_rate.py] in namespace [/]
[roslaunch][INFO] 2012-12-31 16:00:13,850: Added node of type [ap_mission_planning/swarm_control.py] in namespace [/]
[roslaunch][INFO] 2012-12-31 16:00:13,852: Added node of type [ap_path_planning/independent_transit.py] in namespace [/]
[roslaunch][INFO] 2012-12-31 16:00:13,854: Added node of type [ap_path_planning/patrol_box.py] in namespace [/]
[roslaunch][INFO] 2012-12-31 16:00:13,856: Added node of type [ap_path_planning/simple_ground_attack.py] in namespace [/]
[roslaunch][INFO] 2012-12-31 16:00:13,858: Added node of type [ap_path_planning/tactic_interface.py] in namespace [/]
[roslaunch][INFO] 2012-12-31 16:00:13,949: Added node of type [autonomy_itar/linear_formation.py] in namespace [/]
[roslaunch][INFO] 2012-12-31 16:00:13,950: Added node of type [autonomy_itar/swarm_landing_sequencer.py] in namespace [/]
[roslaunch][INFO] 2012-12-31 16:00:13,951: Added node of type [autonomy_itar/greedy_shooter.py] in namespace [/]
[roslaunch][INFO] 2012-12-31 16:00:13,952: Added node of type [autonomy_itar/smart_shooter.py] in namespace [/]
[roslaunch][INFO] 2012-12-31 16:00:13,953: Added node of type [autonomy_itar/constrained_shooter.py] in namespace [/]
[roslaunch][INFO] 2012-12-31 16:00:13,953: Added node of type [autonomy_itar/wingman.py] in namespace [/]
[roslaunch][INFO] 2012-12-31 16:00:13,954: Added node of type [autonomy_itar/pn_interceptor.py] in namespace [/]
[roslaunch][INFO] 2012-12-31 16:00:13,955: Added node of type [autonomy_itar/patrolbox_shooter.py] in namespace [/]
[roslaunch][INFO] 2012-12-31 16:00:13,955: Added node of type [autonomy_itar/evader.py] in namespace [/]
[roslaunch][INFO] 2012-12-31 16:00:13,956: ... selected machine [] for node of type [autopilot_bridge/mavbridge.py]
[roslaunch][INFO] 2012-12-31 16:00:13,956: ... selected machine [] for node of type [ap_safety_monitor/safety.py]
[roslaunch][INFO] 2012-12-31 16:00:13,956: ... selected machine [] for node of type [ap_safety_monitor/altitude_eye_ROS.py]
[roslaunch][INFO] 2012-12-31 16:00:13,956: ... selected machine [] for node of type [ap_safety_monitor/rad_eye2_ROS.py]
[roslaunch][INFO] 2012-12-31 16:00:13,957: ... selected machine [] for node of type [ap_network_bridge/network.py]
[roslaunch][INFO] 2012-12-31 16:00:13,957: ... selected machine [] for node of type [ap_perception/swarm_tracker_node.py]
[roslaunch][INFO] 2012-12-31 16:00:13,957: ... selected machine [] for node of type [ap_perception/red_tracker.py]
[roslaunch][INFO] 2012-12-31 16:00:13,957: ... selected machine [] for node of type [ap_perception/hit_tracker.py]
[roslaunch][INFO] 2012-12-31 16:00:13,957: ... selected machine [] for node of type [ap_tasks/task_runner.py]
[roslaunch][INFO] 2012-12-31 16:00:13,958: ... selected machine [] for node of type [ap_logging/recv_pose_rate.py]
[roslaunch][INFO] 2012-12-31 16:00:13,958: ... selected machine [] for node of type [ap_mission_planning/swarm_control.py]
[roslaunch][INFO] 2012-12-31 16:00:13,958: ... selected machine [] for node of type [ap_path_planning/independent_transit.py]
[roslaunch][INFO] 2012-12-31 16:00:13,958: ... selected machine [] for node of type [ap_path_planning/patrol_box.py]
[roslaunch][INFO] 2012-12-31 16:00:13,958: ... selected machine [] for node of type [ap_path_planning/simple_ground_attack.py]
[roslaunch][INFO] 2012-12-31 16:00:13,959: ... selected machine [] for node of type [ap_path_planning/tactic_interface.py]
[roslaunch][INFO] 2012-12-31 16:00:13,959: ... selected machine [] for node of type [autonomy_itar/linear_formation.py]
[roslaunch][INFO] 2012-12-31 16:00:13,959: ... selected machine [] for node of type [autonomy_itar/swarm_landing_sequencer.py]
[roslaunch][INFO] 2012-12-31 16:00:13,959: ... selected machine [] for node of type [autonomy_itar/greedy_shooter.py]
[roslaunch][INFO] 2012-12-31 16:00:13,959: ... selected machine [] for node of type [autonomy_itar/smart_shooter.py]
[roslaunch][INFO] 2012-12-31 16:00:13,960: ... selected machine [] for node of type [autonomy_itar/constrained_shooter.py]
[roslaunch][INFO] 2012-12-31 16:00:13,960: ... selected machine [] for node of type [autonomy_itar/wingman.py]
[roslaunch][INFO] 2012-12-31 16:00:13,960: ... selected machine [] for node of type [autonomy_itar/pn_interceptor.py]
[roslaunch][INFO] 2012-12-31 16:00:13,960: ... selected machine [] for node of type [autonomy_itar/patrolbox_shooter.py]
[roslaunch][INFO] 2012-12-31 16:00:13,961: ... selected machine [] for node of type [autonomy_itar/evader.py]
[roslaunch.pmon][INFO] 2012-12-31 16:00:13,966: start_process_monitor: creating ProcessMonitor
[roslaunch.pmon][INFO] 2012-12-31 16:00:13,967: created process monitor <ProcessMonitor(ProcessMonitor-1, initial daemon)>
[roslaunch.pmon][INFO] 2012-12-31 16:00:13,967: start_process_monitor: ProcessMonitor started
[roslaunch.parent][INFO] 2012-12-31 16:00:13,968: starting parent XML-RPC server
[roslaunch.server][INFO] 2012-12-31 16:00:13,968: starting roslaunch XML-RPC server
[roslaunch.server][INFO] 2012-12-31 16:00:13,968: waiting for roslaunch XML-RPC server to initialize
[xmlrpc][INFO] 2012-12-31 16:00:13,968: XML-RPC server binding to 0.0.0.0:0
[xmlrpc][INFO] 2012-12-31 16:00:13,969: Started XML-RPC server [http://copter131:49843/]
[xmlrpc][INFO] 2012-12-31 16:00:13,969: xml rpc node: starting XML-RPC server
[roslaunch][INFO] 2012-12-31 16:00:13,987: started roslaunch server http://copter131:49843/
[roslaunch.parent][INFO] 2012-12-31 16:00:13,988: ... parent XML-RPC server started
[roslaunch][INFO] 2012-12-31 16:00:13,991: master.is_running[http://localhost:11311]
[roslaunch][INFO] 2012-12-31 16:00:13,992: auto-starting new master
[roslaunch][INFO] 2012-12-31 16:00:13,992: create_master_process: rosmaster, /opt/ros/indigo/share/ros, 11311
[roslaunch][INFO] 2012-12-31 16:00:13,992: process[master]: launching with args [['rosmaster', '--core', '-p', '11311']]
[roslaunch.pmon][INFO] 2012-12-31 16:00:13,993: ProcessMonitor.register[master]
[roslaunch.pmon][INFO] 2012-12-31 16:00:13,993: ProcessMonitor.register[master] complete
[roslaunch][INFO] 2012-12-31 16:00:13,993: process[master]: starting os process
[roslaunch][INFO] 2012-12-31 16:00:13,993: process[master]: start w/ args [['rosmaster', '--core', '-p', '11311', '__log:=/home/odroid/.ros/log/3765e874-53a6-11e2-8d1a-001e06324787/master.log']]
[roslaunch][INFO] 2012-12-31 16:00:13,994: process[master]: cwd will be [/home/odroid/.ros]
[roslaunch][INFO] 2012-12-31 16:00:14,005: process[master]: started with pid [2771]
[roslaunch][INFO] 2012-12-31 16:00:14,006: master.is_running[http://localhost:11311]
[roslaunch][INFO] 2012-12-31 16:00:14,108: master.is_running[http://localhost:11311]
[roslaunch][INFO] 2012-12-31 16:00:14,209: master.is_running[http://localhost:11311]
[roslaunch][INFO] 2012-12-31 16:00:14,311: master.is_running[http://localhost:11311]
[roslaunch][INFO] 2012-12-31 16:00:14,412: master.is_running[http://localhost:11311]
[roslaunch][INFO] 2012-12-31 16:00:14,416: master.is_running[http://localhost:11311]
[roslaunch][INFO] 2012-12-31 16:00:14,418: ROS_MASTER_URI=http://localhost:11311
[roslaunch][INFO] 2012-12-31 16:00:14,421: setting /run_id to 3765e874-53a6-11e2-8d1a-001e06324787
[roslaunch][INFO] 2012-12-31 16:00:14,424: setting /roslaunch/uris/host_copter131__49843' to http://copter131:49843/
[roslaunch][INFO] 2012-12-31 16:00:14,429: ... preparing to launch node of type [rosout/rosout]
[roslaunch][INFO] 2012-12-31 16:00:14,429: create_node_process: package[rosout] type[rosout] machine[Machine(name[] env_loader[None] address[localhost] ssh_port[22] user[None] assignable[True] timeout[10.0])] master_uri[http://localhost:11311]
[roslaunch][INFO] 2012-12-31 16:00:14,429: process[rosout-1]: env[{'LC_NUMERIC': 'en_US.UTF-8', 'ROS_DISTRO': 'indigo', 'NO_AT_BRIDGE': '1', 'SCRIMMAGE_TACTIC_INTERFACE_FILE': '/home/odroid/scrimmage/usma/plugins/autonomy/python/behaviors.xml', 'ROSLISP_PACKAGE_DIRECTORIES': '/home/odroid/acs_ros_ws/devel/share/common-lisp', 'CPATH': '/home/odroid/acs_ros_ws/devel/include:/opt/ros/indigo/include', 'LOGNAME': 'odroid', 'USER': 'odroid', 'PATH': '/home/odroid/acs_ros_ws/devel/bin:/opt/ros/indigo/bin:/usr/local/bin:/usr/bin:/bin:/usr/local/games:/usr/games:/home/odroid/scrimmage/usma/bin', 'LC_PAPER': 'en_US.UTF-8', 'HOME': '/home/odroid', 'CMAKE_PREFIX_PATH': '/home/odroid/acs_ros_ws/devel:/opt/ros/indigo', 'ROS_LOG_FILENAME': '/home/odroid/.ros/log/3765e874-53a6-11e2-8d1a-001e06324787/roslaunch-copter131-2716.log', 'LANG': 'C', 'TERM': 'linux', 'SHELL': '/bin/bash', 'LANGUAGE': 'C', 'LC_MONETARY': 'en_US.UTF-8', 'ROS_TEST_RESULTS_DIR': '/home/odroid/acs_ros_ws/build/test_results', 'LD_LIBRARY_PATH': '/home/odroid/acs_ros_ws/devel/lib:/home/odroid/acs_ros_ws/devel/lib/arm-linux-gnueabihf:/opt/ros/indigo/lib/arm-linux-gnueabihf:/opt/ros/indigo/lib', 'ROS_MASTER_URI': 'http://localhost:11311', 'LC_ALL': 'C', 'CEC_HDMI_PORT': '2', 'XDG_RUNTIME_DIR': '/run/user/1001', 'CATKIN_TEST_RESULTS_DIR': '/home/odroid/acs_ros_ws/build/test_results', 'LC_ADDRESS': 'en_US.UTF-8', 'PYTHONPATH': '/home/odroid/acs_ros_ws/devel/lib/python2.7/dist-packages:/opt/ros/indigo/lib/python2.7/dist-packages:/home/odroid/scrimmage/usma/plugins/autonomy/python', 'ROS_ROOT': '/opt/ros/indigo/share/ros', 'PKG_CONFIG_PATH': '/home/odroid/acs_ros_ws/devel/lib/pkgconfig:/home/odroid/acs_ros_ws/devel/lib/arm-linux-gnueabihf/pkgconfig:/opt/ros/indigo/lib/arm-linux-gnueabihf/pkgconfig:/opt/ros/indigo/lib/pkgconfig', 'ROS_PACKAGE_PATH': '/home/odroid/acs_ros_ws/src:/opt/ros/indigo/share:/opt/ros/indigo/stacks', 'XDG_SESSION_ID': 'c1', '_': '/opt/ros/indigo/bin/roslaunch', 'LC_IDENTIFICATION': 'en_US.UTF-8', 'LC_MEASUREMENT': 'en_US.UTF-8', 'LC_MESSAGES': 'POSIX', 'SCRIMMAGE_PLUGIN_PATH': ':/home/odroid/scrimmage/usma/plugin_libs:/home/odroid/scrimmage/usma/plugins', 'LC_TELEPHONE': 'en_US.UTF-8', 'SHLVL': '1', 'PWD': '/home/odroid', 'ROS_ETC_DIR': '/opt/ros/indigo/etc/ros', 'LC_NAME': 'en_US.UTF-8', 'MAIL': '/var/mail/odroid', 'LC_TIME': 'en_US.UTF-8', 'XDG_SEAT': 'seat0'}]
[roslaunch][INFO] 2012-12-31 16:00:14,517: process[rosout-1]: args[[u'/opt/ros/indigo/lib/rosout/rosout', u'__name:=rosout']]
[roslaunch][INFO] 2012-12-31 16:00:14,517: ... created process [rosout-1]
[roslaunch.pmon][INFO] 2012-12-31 16:00:14,517: ProcessMonitor.register[rosout-1]
[roslaunch.pmon][INFO] 2012-12-31 16:00:14,517: ProcessMonitor.register[rosout-1] complete
[roslaunch][INFO] 2012-12-31 16:00:14,518: ... registered process [rosout-1]
[roslaunch][INFO] 2012-12-31 16:00:14,518: process[rosout-1]: starting os process
[roslaunch][INFO] 2012-12-31 16:00:14,518: process[rosout-1]: start w/ args [[u'/opt/ros/indigo/lib/rosout/rosout', u'__name:=rosout', u'__log:=/home/odroid/.ros/log/3765e874-53a6-11e2-8d1a-001e06324787/rosout-1.log']]
[roslaunch][INFO] 2012-12-31 16:00:14,518: process[rosout-1]: cwd will be [/home/odroid/.ros]
[roslaunch][INFO] 2012-12-31 16:00:14,531: process[rosout-1]: started with pid [2784]
[roslaunch][INFO] 2012-12-31 16:00:14,532: ... successfully launched [rosout-1]
[roslaunch][INFO] 2012-12-31 16:00:14,533: load_parameters starting ...
[roslaunch][INFO] 2012-12-31 16:00:14,554: ... load_parameters complete
[roslaunch][INFO] 2012-12-31 16:00:14,554: launch_nodes: launching local nodes ...
[roslaunch][INFO] 2012-12-31 16:00:14,557: ... preparing to launch node of type [autopilot_bridge/mavbridge.py]
[roslaunch][INFO] 2012-12-31 16:00:14,557: create_node_process: package[autopilot_bridge] type[mavbridge.py] machine[Machine(name[] env_loader[None] address[localhost] ssh_port[22] user[None] assignable[True] timeout[10.0])] master_uri[http://localhost:11311]
[roslaunch][INFO] 2012-12-31 16:00:14,558: process[autopilot-2]: env[{'LC_NUMERIC': 'en_US.UTF-8', 'ROS_DISTRO': 'indigo', 'NO_AT_BRIDGE': '1', 'SCRIMMAGE_TACTIC_INTERFACE_FILE': '/home/odroid/scrimmage/usma/plugins/autonomy/python/behaviors.xml', 'ROSLISP_PACKAGE_DIRECTORIES': '/home/odroid/acs_ros_ws/devel/share/common-lisp', 'CPATH': '/home/odroid/acs_ros_ws/devel/include:/opt/ros/indigo/include', 'LOGNAME': 'odroid', 'USER': 'odroid', 'PATH': '/home/odroid/acs_ros_ws/devel/bin:/opt/ros/indigo/bin:/usr/local/bin:/usr/bin:/bin:/usr/local/games:/usr/games:/home/odroid/scrimmage/usma/bin', 'LC_PAPER': 'en_US.UTF-8', 'HOME': '/home/odroid', 'CMAKE_PREFIX_PATH': '/home/odroid/acs_ros_ws/devel:/opt/ros/indigo', 'ROS_LOG_FILENAME': '/home/odroid/.ros/log/3765e874-53a6-11e2-8d1a-001e06324787/roslaunch-copter131-2716.log', 'LANG': 'C', 'TERM': 'linux', 'SHELL': '/bin/bash', 'LANGUAGE': 'C', 'LC_MONETARY': 'en_US.UTF-8', 'ROS_TEST_RESULTS_DIR': '/home/odroid/acs_ros_ws/build/test_results', 'LD_LIBRARY_PATH': '/home/odroid/acs_ros_ws/devel/lib:/home/odroid/acs_ros_ws/devel/lib/arm-linux-gnueabihf:/opt/ros/indigo/lib/arm-linux-gnueabihf:/opt/ros/indigo/lib', 'ROS_MASTER_URI': 'http://localhost:11311', 'LC_ALL': 'C', 'CEC_HDMI_PORT': '2', 'XDG_RUNTIME_DIR': '/run/user/1001', 'CATKIN_TEST_RESULTS_DIR': '/home/odroid/acs_ros_ws/build/test_results', 'LC_ADDRESS': 'en_US.UTF-8', 'PYTHONPATH': '/home/odroid/acs_ros_ws/devel/lib/python2.7/dist-packages:/opt/ros/indigo/lib/python2.7/dist-packages:/home/odroid/scrimmage/usma/plugins/autonomy/python', 'ROS_ROOT': '/opt/ros/indigo/share/ros', 'PKG_CONFIG_PATH': '/home/odroid/acs_ros_ws/devel/lib/pkgconfig:/home/odroid/acs_ros_ws/devel/lib/arm-linux-gnueabihf/pkgconfig:/opt/ros/indigo/lib/arm-linux-gnueabihf/pkgconfig:/opt/ros/indigo/lib/pkgconfig', 'ROS_PACKAGE_PATH': '/home/odroid/acs_ros_ws/src:/opt/ros/indigo/share:/opt/ros/indigo/stacks', 'XDG_SESSION_ID': 'c1', '_': '/opt/ros/indigo/bin/roslaunch', 'LC_IDENTIFICATION': 'en_US.UTF-8', 'LC_MEASUREMENT': 'en_US.UTF-8', 'LC_MESSAGES': 'POSIX', 'SCRIMMAGE_PLUGIN_PATH': ':/home/odroid/scrimmage/usma/plugin_libs:/home/odroid/scrimmage/usma/plugins', 'LC_TELEPHONE': 'en_US.UTF-8', 'SHLVL': '1', 'PWD': '/home/odroid', 'ROS_ETC_DIR': '/opt/ros/indigo/etc/ros', 'LC_NAME': 'en_US.UTF-8', 'MAIL': '/var/mail/odroid', 'LC_TIME': 'en_US.UTF-8', 'XDG_SEAT': 'seat0'}]
[roslaunch][INFO] 2012-12-31 16:00:14,662: process[autopilot-2]: args[[u'/home/odroid/acs_ros_ws/src/autopilot_bridge/src/mavbridge.py', '--device', '/dev/ttyACM*', '--baudrate', '115200', '--serial-relief', '1024', '-m', 'acs', '-m', 'file', '-m', 'fpr', '-m', 'slave', '-m', 'wp', '-m', 'ap_msg_queue', '--gps-time-hack', u'__name:=autopilot']]
[roslaunch][INFO] 2012-12-31 16:00:14,663: ... created process [autopilot-2]
[roslaunch.pmon][INFO] 2012-12-31 16:00:14,663: ProcessMonitor.register[autopilot-2]
[roslaunch.pmon][INFO] 2012-12-31 16:00:14,663: ProcessMonitor.register[autopilot-2] complete
[roslaunch][INFO] 2012-12-31 16:00:14,663: ... registered process [autopilot-2]
[roslaunch][INFO] 2012-12-31 16:00:14,664: process[autopilot-2]: starting os process
[roslaunch][INFO] 2012-12-31 16:00:14,664: process[autopilot-2]: start w/ args [[u'/home/odroid/acs_ros_ws/src/autopilot_bridge/src/mavbridge.py', '--device', '/dev/ttyACM*', '--baudrate', '115200', '--serial-relief', '1024', '-m', 'acs', '-m', 'file', '-m', 'fpr', '-m', 'slave', '-m', 'wp', '-m', 'ap_msg_queue', '--gps-time-hack', u'__name:=autopilot', u'__log:=/home/odroid/.ros/log/3765e874-53a6-11e2-8d1a-001e06324787/autopilot-2.log']]
[roslaunch][INFO] 2012-12-31 16:00:14,664: process[autopilot-2]: cwd will be [/home/odroid/.ros]
[roslaunch][INFO] 2012-12-31 16:00:14,676: process[autopilot-2]: started with pid [2801]
[roslaunch][INFO] 2012-12-31 16:00:14,677: ... successfully launched [autopilot-2]
[roslaunch][INFO] 2012-12-31 16:00:14,677: ... preparing to launch node of type [ap_safety_monitor/safety.py]
[roslaunch][INFO] 2012-12-31 16:00:14,678: create_node_process: package[ap_safety_monitor] type[safety.py] machine[Machine(name[] env_loader[None] address[localhost] ssh_port[22] user[None] assignable[True] timeout[10.0])] master_uri[http://localhost:11311]
[roslaunch][INFO] 2012-12-31 16:00:14,678: process[safety-3]: env[{'LC_NUMERIC': 'en_US.UTF-8', 'ROS_DISTRO': 'indigo', 'NO_AT_BRIDGE': '1', 'SCRIMMAGE_TACTIC_INTERFACE_FILE': '/home/odroid/scrimmage/usma/plugins/autonomy/python/behaviors.xml', 'ROSLISP_PACKAGE_DIRECTORIES': '/home/odroid/acs_ros_ws/devel/share/common-lisp', 'CPATH': '/home/odroid/acs_ros_ws/devel/include:/opt/ros/indigo/include', 'LOGNAME': 'odroid', 'USER': 'odroid', 'PATH': '/home/odroid/acs_ros_ws/devel/bin:/opt/ros/indigo/bin:/usr/local/bin:/usr/bin:/bin:/usr/local/games:/usr/games:/home/odroid/scrimmage/usma/bin', 'LC_PAPER': 'en_US.UTF-8', 'HOME': '/home/odroid', 'CMAKE_PREFIX_PATH': '/home/odroid/acs_ros_ws/devel:/opt/ros/indigo', 'ROS_LOG_FILENAME': '/home/odroid/.ros/log/3765e874-53a6-11e2-8d1a-001e06324787/roslaunch-copter131-2716.log', 'LANG': 'C', 'TERM': 'linux', 'SHELL': '/bin/bash', 'LANGUAGE': 'C', 'LC_MONETARY': 'en_US.UTF-8', 'ROS_TEST_RESULTS_DIR': '/home/odroid/acs_ros_ws/build/test_results', 'LD_LIBRARY_PATH': '/home/odroid/acs_ros_ws/devel/lib:/home/odroid/acs_ros_ws/devel/lib/arm-linux-gnueabihf:/opt/ros/indigo/lib/arm-linux-gnueabihf:/opt/ros/indigo/lib', 'ROS_MASTER_URI': 'http://localhost:11311', 'LC_ALL': 'C', 'CEC_HDMI_PORT': '2', 'XDG_RUNTIME_DIR': '/run/user/1001', 'CATKIN_TEST_RESULTS_DIR': '/home/odroid/acs_ros_ws/build/test_results', 'LC_ADDRESS': 'en_US.UTF-8', 'PYTHONPATH': '/home/odroid/acs_ros_ws/devel/lib/python2.7/dist-packages:/opt/ros/indigo/lib/python2.7/dist-packages:/home/odroid/scrimmage/usma/plugins/autonomy/python', 'ROS_ROOT': '/opt/ros/indigo/share/ros', 'PKG_CONFIG_PATH': '/home/odroid/acs_ros_ws/devel/lib/pkgconfig:/home/odroid/acs_ros_ws/devel/lib/arm-linux-gnueabihf/pkgconfig:/opt/ros/indigo/lib/arm-linux-gnueabihf/pkgconfig:/opt/ros/indigo/lib/pkgconfig', 'ROS_PACKAGE_PATH': '/home/odroid/acs_ros_ws/src:/opt/ros/indigo/share:/opt/ros/indigo/stacks', 'XDG_SESSION_ID': 'c1', '_': '/opt/ros/indigo/bin/roslaunch', 'LC_IDENTIFICATION': 'en_US.UTF-8', 'LC_MEASUREMENT': 'en_US.UTF-8', 'LC_MESSAGES': 'POSIX', 'SCRIMMAGE_PLUGIN_PATH': ':/home/odroid/scrimmage/usma/plugin_libs:/home/odroid/scrimmage/usma/plugins', 'LC_TELEPHONE': 'en_US.UTF-8', 'SHLVL': '1', 'PWD': '/home/odroid', 'ROS_ETC_DIR': '/opt/ros/indigo/etc/ros', 'LC_NAME': 'en_US.UTF-8', 'MAIL': '/var/mail/odroid', 'LC_TIME': 'en_US.UTF-8', 'XDG_SEAT': 'seat0'}]
[roslaunch][INFO] 2012-12-31 16:00:14,773: process[safety-3]: args[[u'/home/odroid/acs_ros_ws/src/autonomy-payload/ap_safety_monitor/src/safety.py', u'safety/heartbeat:=autopilot/heartbeat_onboard', u'safety/gnd_heartbeat:=autopilot/heartbeat_ground', u'safety/ap_pose:=autopilot/acs_pose', u'__name:=safety']]
[roslaunch][INFO] 2012-12-31 16:00:14,774: ... created process [safety-3]
[roslaunch.pmon][INFO] 2012-12-31 16:00:14,774: ProcessMonitor.register[safety-3]
[roslaunch.pmon][INFO] 2012-12-31 16:00:14,774: ProcessMonitor.register[safety-3] complete
[roslaunch][INFO] 2012-12-31 16:00:14,774: ... registered process [safety-3]
[roslaunch][INFO] 2012-12-31 16:00:14,775: process[safety-3]: starting os process
[roslaunch][INFO] 2012-12-31 16:00:14,775: process[safety-3]: start w/ args [[u'/home/odroid/acs_ros_ws/src/autonomy-payload/ap_safety_monitor/src/safety.py', u'safety/heartbeat:=autopilot/heartbeat_onboard', u'safety/gnd_heartbeat:=autopilot/heartbeat_ground', u'safety/ap_pose:=autopilot/acs_pose', u'__name:=safety', u'__log:=/home/odroid/.ros/log/3765e874-53a6-11e2-8d1a-001e06324787/safety-3.log']]
[roslaunch][INFO] 2012-12-31 16:00:14,775: process[safety-3]: cwd will be [/home/odroid/.ros]
[roslaunch][INFO] 2012-12-31 16:00:14,789: process[safety-3]: started with pid [2802]
[roslaunch][INFO] 2012-12-31 16:00:14,790: ... successfully launched [safety-3]
[roslaunch][INFO] 2012-12-31 16:00:14,790: ... preparing to launch node of type [ap_safety_monitor/altitude_eye_ROS.py]
[roslaunch][INFO] 2012-12-31 16:00:14,790: create_node_process: package[ap_safety_monitor] type[altitude_eye_ROS.py] machine[Machine(name[] env_loader[None] address[localhost] ssh_port[22] user[None] assignable[True] timeout[10.0])] master_uri[http://localhost:11311]
[roslaunch][INFO] 2012-12-31 16:00:14,791: process[altitude_sensor-4]: env[{'LC_NUMERIC': 'en_US.UTF-8', 'ROS_DISTRO': 'indigo', 'NO_AT_BRIDGE': '1', 'SCRIMMAGE_TACTIC_INTERFACE_FILE': '/home/odroid/scrimmage/usma/plugins/autonomy/python/behaviors.xml', 'ROSLISP_PACKAGE_DIRECTORIES': '/home/odroid/acs_ros_ws/devel/share/common-lisp', 'CPATH': '/home/odroid/acs_ros_ws/devel/include:/opt/ros/indigo/include', 'LOGNAME': 'odroid', 'USER': 'odroid', 'PATH': '/home/odroid/acs_ros_ws/devel/bin:/opt/ros/indigo/bin:/usr/local/bin:/usr/bin:/bin:/usr/local/games:/usr/games:/home/odroid/scrimmage/usma/bin', 'LC_PAPER': 'en_US.UTF-8', 'HOME': '/home/odroid', 'CMAKE_PREFIX_PATH': '/home/odroid/acs_ros_ws/devel:/opt/ros/indigo', 'ROS_LOG_FILENAME': '/home/odroid/.ros/log/3765e874-53a6-11e2-8d1a-001e06324787/roslaunch-copter131-2716.log', 'LANG': 'C', 'TERM': 'linux', 'SHELL': '/bin/bash', 'LANGUAGE': 'C', 'LC_MONETARY': 'en_US.UTF-8', 'ROS_TEST_RESULTS_DIR': '/home/odroid/acs_ros_ws/build/test_results', 'LD_LIBRARY_PATH': '/home/odroid/acs_ros_ws/devel/lib:/home/odroid/acs_ros_ws/devel/lib/arm-linux-gnueabihf:/opt/ros/indigo/lib/arm-linux-gnueabihf:/opt/ros/indigo/lib', 'ROS_MASTER_URI': 'http://localhost:11311', 'LC_ALL': 'C', 'CEC_HDMI_PORT': '2', 'XDG_RUNTIME_DIR': '/run/user/1001', 'CATKIN_TEST_RESULTS_DIR': '/home/odroid/acs_ros_ws/build/test_results', 'LC_ADDRESS': 'en_US.UTF-8', 'PYTHONPATH': '/home/odroid/acs_ros_ws/devel/lib/python2.7/dist-packages:/opt/ros/indigo/lib/python2.7/dist-packages:/home/odroid/scrimmage/usma/plugins/autonomy/python', 'ROS_ROOT': '/opt/ros/indigo/share/ros', 'PKG_CONFIG_PATH': '/home/odroid/acs_ros_ws/devel/lib/pkgconfig:/home/odroid/acs_ros_ws/devel/lib/arm-linux-gnueabihf/pkgconfig:/opt/ros/indigo/lib/arm-linux-gnueabihf/pkgconfig:/opt/ros/indigo/lib/pkgconfig', 'ROS_PACKAGE_PATH': '/home/odroid/acs_ros_ws/src:/opt/ros/indigo/share:/opt/ros/indigo/stacks', 'XDG_SESSION_ID': 'c1', '_': '/opt/ros/indigo/bin/roslaunch', 'LC_IDENTIFICATION': 'en_US.UTF-8', 'LC_MEASUREMENT': 'en_US.UTF-8', 'LC_MESSAGES': 'POSIX', 'SCRIMMAGE_PLUGIN_PATH': ':/home/odroid/scrimmage/usma/plugin_libs:/home/odroid/scrimmage/usma/plugins', 'LC_TELEPHONE': 'en_US.UTF-8', 'SHLVL': '1', 'PWD': '/home/odroid', 'ROS_ETC_DIR': '/opt/ros/indigo/etc/ros', 'LC_NAME': 'en_US.UTF-8', 'MAIL': '/var/mail/odroid', 'LC_TIME': 'en_US.UTF-8', 'XDG_SEAT': 'seat0'}]
[roslaunch][INFO] 2012-12-31 16:00:14,893: process[altitude_sensor-4]: args[[u'/home/odroid/acs_ros_ws/src/autonomy-payload/ap_safety_monitor/src/altitude_eye_ROS.py', u'__name:=altitude_sensor']]
[roslaunch][INFO] 2012-12-31 16:00:14,893: ... created process [altitude_sensor-4]
[roslaunch.pmon][INFO] 2012-12-31 16:00:14,893: ProcessMonitor.register[altitude_sensor-4]
[roslaunch.pmon][INFO] 2012-12-31 16:00:14,894: ProcessMonitor.register[altitude_sensor-4] complete
[roslaunch][INFO] 2012-12-31 16:00:14,894: ... registered process [altitude_sensor-4]
[roslaunch][INFO] 2012-12-31 16:00:14,894: process[altitude_sensor-4]: starting os process
[roslaunch][INFO] 2012-12-31 16:00:14,895: process[altitude_sensor-4]: start w/ args [[u'/home/odroid/acs_ros_ws/src/autonomy-payload/ap_safety_monitor/src/altitude_eye_ROS.py', u'__name:=altitude_sensor', u'__log:=/home/odroid/.ros/log/3765e874-53a6-11e2-8d1a-001e06324787/altitude_sensor-4.log']]
[roslaunch][INFO] 2012-12-31 16:00:14,895: process[altitude_sensor-4]: cwd will be [/home/odroid/.ros]
[roslaunch][INFO] 2012-12-31 16:00:14,910: process[altitude_sensor-4]: started with pid [2803]
[roslaunch][INFO] 2012-12-31 16:00:14,911: ... successfully launched [altitude_sensor-4]
[roslaunch][INFO] 2012-12-31 16:00:14,912: ... preparing to launch node of type [ap_safety_monitor/rad_eye2_ROS.py]
[roslaunch][INFO] 2012-12-31 16:00:14,912: create_node_process: package[ap_safety_monitor] type[rad_eye2_ROS.py] machine[Machine(name[] env_loader[None] address[localhost] ssh_port[22] user[None] assignable[True] timeout[10.0])] master_uri[http://localhost:11311]
[roslaunch][INFO] 2012-12-31 16:00:14,913: process[radiation_sensor-5]: env[{'LC_NUMERIC': 'en_US.UTF-8', 'ROS_DISTRO': 'indigo', 'NO_AT_BRIDGE': '1', 'SCRIMMAGE_TACTIC_INTERFACE_FILE': '/home/odroid/scrimmage/usma/plugins/autonomy/python/behaviors.xml', 'ROSLISP_PACKAGE_DIRECTORIES': '/home/odroid/acs_ros_ws/devel/share/common-lisp', 'CPATH': '/home/odroid/acs_ros_ws/devel/include:/opt/ros/indigo/include', 'LOGNAME': 'odroid', 'USER': 'odroid', 'PATH': '/home/odroid/acs_ros_ws/devel/bin:/opt/ros/indigo/bin:/usr/local/bin:/usr/bin:/bin:/usr/local/games:/usr/games:/home/odroid/scrimmage/usma/bin', 'LC_PAPER': 'en_US.UTF-8', 'HOME': '/home/odroid', 'CMAKE_PREFIX_PATH': '/home/odroid/acs_ros_ws/devel:/opt/ros/indigo', 'ROS_LOG_FILENAME': '/home/odroid/.ros/log/3765e874-53a6-11e2-8d1a-001e06324787/roslaunch-copter131-2716.log', 'LANG': 'C', 'TERM': 'linux', 'SHELL': '/bin/bash', 'LANGUAGE': 'C', 'LC_MONETARY': 'en_US.UTF-8', 'ROS_TEST_RESULTS_DIR': '/home/odroid/acs_ros_ws/build/test_results', 'LD_LIBRARY_PATH': '/home/odroid/acs_ros_ws/devel/lib:/home/odroid/acs_ros_ws/devel/lib/arm-linux-gnueabihf:/opt/ros/indigo/lib/arm-linux-gnueabihf:/opt/ros/indigo/lib', 'ROS_MASTER_URI': 'http://localhost:11311', 'LC_ALL': 'C', 'CEC_HDMI_PORT': '2', 'XDG_RUNTIME_DIR': '/run/user/1001', 'CATKIN_TEST_RESULTS_DIR': '/home/odroid/acs_ros_ws/build/test_results', 'LC_ADDRESS': 'en_US.UTF-8', 'PYTHONPATH': '/home/odroid/acs_ros_ws/devel/lib/python2.7/dist-packages:/opt/ros/indigo/lib/python2.7/dist-packages:/home/odroid/scrimmage/usma/plugins/autonomy/python', 'ROS_ROOT': '/opt/ros/indigo/share/ros', 'PKG_CONFIG_PATH': '/home/odroid/acs_ros_ws/devel/lib/pkgconfig:/home/odroid/acs_ros_ws/devel/lib/arm-linux-gnueabihf/pkgconfig:/opt/ros/indigo/lib/arm-linux-gnueabihf/pkgconfig:/opt/ros/indigo/lib/pkgconfig', 'ROS_PACKAGE_PATH': '/home/odroid/acs_ros_ws/src:/opt/ros/indigo/share:/opt/ros/indigo/stacks', 'XDG_SESSION_ID': 'c1', '_': '/opt/ros/indigo/bin/roslaunch', 'LC_IDENTIFICATION': 'en_US.UTF-8', 'LC_MEASUREMENT': 'en_US.UTF-8', 'LC_MESSAGES': 'POSIX', 'SCRIMMAGE_PLUGIN_PATH': ':/home/odroid/scrimmage/usma/plugin_libs:/home/odroid/scrimmage/usma/plugins', 'LC_TELEPHONE': 'en_US.UTF-8', 'SHLVL': '1', 'PWD': '/home/odroid', 'ROS_ETC_DIR': '/opt/ros/indigo/etc/ros', 'LC_NAME': 'en_US.UTF-8', 'MAIL': '/var/mail/odroid', 'LC_TIME': 'en_US.UTF-8', 'XDG_SEAT': 'seat0'}]
[roslaunch][INFO] 2012-12-31 16:00:15,020: process[radiation_sensor-5]: args[[u'/home/odroid/acs_ros_ws/src/autonomy-payload/ap_safety_monitor/src/rad_eye2_ROS.py', u'__name:=radiation_sensor']]
[roslaunch][INFO] 2012-12-31 16:00:15,020: ... created process [radiation_sensor-5]
[roslaunch.pmon][INFO] 2012-12-31 16:00:15,021: ProcessMonitor.register[radiation_sensor-5]
[roslaunch.pmon][INFO] 2012-12-31 16:00:15,021: ProcessMonitor.register[radiation_sensor-5] complete
[roslaunch][INFO] 2012-12-31 16:00:15,021: ... registered process [radiation_sensor-5]
[roslaunch][INFO] 2012-12-31 16:00:15,022: process[radiation_sensor-5]: starting os process
[roslaunch][INFO] 2012-12-31 16:00:15,022: process[radiation_sensor-5]: start w/ args [[u'/home/odroid/acs_ros_ws/src/autonomy-payload/ap_safety_monitor/src/rad_eye2_ROS.py', u'__name:=radiation_sensor', u'__log:=/home/odroid/.ros/log/3765e874-53a6-11e2-8d1a-001e06324787/radiation_sensor-5.log']]
[roslaunch][INFO] 2012-12-31 16:00:15,022: process[radiation_sensor-5]: cwd will be [/home/odroid/.ros]
[roslaunch][INFO] 2012-12-31 16:00:15,037: process[radiation_sensor-5]: started with pid [2804]
[roslaunch][INFO] 2012-12-31 16:00:15,038: ... successfully launched [radiation_sensor-5]
[roslaunch][INFO] 2012-12-31 16:00:15,039: ... preparing to launch node of type [ap_network_bridge/network.py]
[roslaunch][INFO] 2012-12-31 16:00:15,039: create_node_process: package[ap_network_bridge] type[network.py] machine[Machine(name[] env_loader[None] address[localhost] ssh_port[22] user[None] assignable[True] timeout[10.0])] master_uri[http://localhost:11311]
[roslaunch][INFO] 2012-12-31 16:00:15,040: process[network-6]: env[{'LC_NUMERIC': 'en_US.UTF-8', 'ROS_DISTRO': 'indigo', 'NO_AT_BRIDGE': '1', 'SCRIMMAGE_TACTIC_INTERFACE_FILE': '/home/odroid/scrimmage/usma/plugins/autonomy/python/behaviors.xml', 'ROSLISP_PACKAGE_DIRECTORIES': '/home/odroid/acs_ros_ws/devel/share/common-lisp', 'CPATH': '/home/odroid/acs_ros_ws/devel/include:/opt/ros/indigo/include', 'LOGNAME': 'odroid', 'USER': 'odroid', 'PATH': '/home/odroid/acs_ros_ws/devel/bin:/opt/ros/indigo/bin:/usr/local/bin:/usr/bin:/bin:/usr/local/games:/usr/games:/home/odroid/scrimmage/usma/bin', 'LC_PAPER': 'en_US.UTF-8', 'HOME': '/home/odroid', 'CMAKE_PREFIX_PATH': '/home/odroid/acs_ros_ws/devel:/opt/ros/indigo', 'ROS_LOG_FILENAME': '/home/odroid/.ros/log/3765e874-53a6-11e2-8d1a-001e06324787/roslaunch-copter131-2716.log', 'LANG': 'C', 'TERM': 'linux', 'SHELL': '/bin/bash', 'LANGUAGE': 'C', 'LC_MONETARY': 'en_US.UTF-8', 'ROS_TEST_RESULTS_DIR': '/home/odroid/acs_ros_ws/build/test_results', 'LD_LIBRARY_PATH': '/home/odroid/acs_ros_ws/devel/lib:/home/odroid/acs_ros_ws/devel/lib/arm-linux-gnueabihf:/opt/ros/indigo/lib/arm-linux-gnueabihf:/opt/ros/indigo/lib', 'ROS_MASTER_URI': 'http://localhost:11311', 'LC_ALL': 'C', 'CEC_HDMI_PORT': '2', 'XDG_RUNTIME_DIR': '/run/user/1001', 'CATKIN_TEST_RESULTS_DIR': '/home/odroid/acs_ros_ws/build/test_results', 'LC_ADDRESS': 'en_US.UTF-8', 'PYTHONPATH': '/home/odroid/acs_ros_ws/devel/lib/python2.7/dist-packages:/opt/ros/indigo/lib/python2.7/dist-packages:/home/odroid/scrimmage/usma/plugins/autonomy/python', 'ROS_ROOT': '/opt/ros/indigo/share/ros', 'PKG_CONFIG_PATH': '/home/odroid/acs_ros_ws/devel/lib/pkgconfig:/home/odroid/acs_ros_ws/devel/lib/arm-linux-gnueabihf/pkgconfig:/opt/ros/indigo/lib/arm-linux-gnueabihf/pkgconfig:/opt/ros/indigo/lib/pkgconfig', 'ROS_PACKAGE_PATH': '/home/odroid/acs_ros_ws/src:/opt/ros/indigo/share:/opt/ros/indigo/stacks', 'XDG_SESSION_ID': 'c1', '_': '/opt/ros/indigo/bin/roslaunch', 'LC_IDENTIFICATION': 'en_US.UTF-8', 'LC_MEASUREMENT': 'en_US.UTF-8', 'LC_MESSAGES': 'POSIX', 'SCRIMMAGE_PLUGIN_PATH': ':/home/odroid/scrimmage/usma/plugin_libs:/home/odroid/scrimmage/usma/plugins', 'LC_TELEPHONE': 'en_US.UTF-8', 'SHLVL': '1', 'PWD': '/home/odroid', 'ROS_ETC_DIR': '/opt/ros/indigo/etc/ros', 'LC_NAME': 'en_US.UTF-8', 'MAIL': '/var/mail/odroid', 'LC_TIME': 'en_US.UTF-8', 'XDG_SEAT': 'seat0'}]
[roslaunch][INFO] 2012-12-31 16:00:15,153: process[network-6]: args[[u'/home/odroid/acs_ros_ws/src/autonomy-payload/ap_network_bridge/src/network.py', '--device', 'wlan0', u'network/recv_heart_ground:=autopilot/heartbeat_ground', u'network/recv_arm:=autopilot/arm', u'network/recv_mode:=autopilot/mode_num', u'network/recv_land:=autopilot/land', u'network/recv_land_abort:=autopilot/land_abort', u'network/recv_guided_goto:=safety/payload_waypoint', u'network/recv_waypoint_goto:=autopilot/waypoint_goto', u'network/recv_ap_reboot:=autopilot/reboot', u'network/send_pose:=autopilot/acs_pose', u'network/update_flight_status:=autopilot/status', u'network/slave_setup:=autopilot/slave_setup', u'network/cal_pressure:=autopilot/cal_pressure', u'network/cal_gyros:=autopilot/cal_gyros', u'network/demo_servos:=autopilot/demo_servos', u'network/demo_motor:=autopilot/demo_motor', u'network/health_state:=safety/set_health_state', u'network/run_behavior:=swarm_control/run_behavior', u'network/pause_behavior:=swarm_control/pause_behavior', u'network/swarm_behavior:=swarm_control/swarm_behavior', u'network/set_swarm_state:=swarm_control/set_swarm_state', u'network/set_subswarm:=swarm_control/set_subswarm', u'network/subswarm_id:=swarm_control/subswarm_id', u'network/swarm_state:=swarm_control/swarm_state', u'network/behavior_summary:=swarm_control/behavior_summary', u'network/send_swarm_search_waypoint:=swarm_searcher/send_swarm_search_waypoint', u'network/param_setlist:=autopilot/fpr_param_setlist', u'network/load_param:=autopilot/load_param', u'network/load_fence:=autopilot/load_fence', u'network/load_rally:=autopilot/load_rally', u'network/load_wp:=autopilot/load_wp', u'network/recv_weather:=autopilot/weather_update', u'network/recv_takeoff:=autopilot/copter_takeoff', u'network/ap_msg_queue_last_n:=autopilot/ap_msg_queue_last_n', u'network/wp_getall:=autopilot/wp_getall', u'network/wp_getrange:=autopilot/wp_getrange', u'network/fpr_param_get:=autopilot/fpr_param_get', u'network/fpr_fence_getall:=autopilot/fpr_fence_getall', u'network/firing_reports:=air_to_air/firing_reports', u'__name:=network']]
[roslaunch][INFO] 2012-12-31 16:00:15,153: ... created process [network-6]
[roslaunch.pmon][INFO] 2012-12-31 16:00:15,154: ProcessMonitor.register[network-6]
[roslaunch.pmon][INFO] 2012-12-31 16:00:15,154: ProcessMonitor.register[network-6] complete
[roslaunch][INFO] 2012-12-31 16:00:15,154: ... registered process [network-6]
[roslaunch][INFO] 2012-12-31 16:00:15,154: process[network-6]: starting os process
[roslaunch][INFO] 2012-12-31 16:00:15,155: process[network-6]: start w/ args [[u'/home/odroid/acs_ros_ws/src/autonomy-payload/ap_network_bridge/src/network.py', '--device', 'wlan0', u'network/recv_heart_ground:=autopilot/heartbeat_ground', u'network/recv_arm:=autopilot/arm', u'network/recv_mode:=autopilot/mode_num', u'network/recv_land:=autopilot/land', u'network/recv_land_abort:=autopilot/land_abort', u'network/recv_guided_goto:=safety/payload_waypoint', u'network/recv_waypoint_goto:=autopilot/waypoint_goto', u'network/recv_ap_reboot:=autopilot/reboot', u'network/send_pose:=autopilot/acs_pose', u'network/update_flight_status:=autopilot/status', u'network/slave_setup:=autopilot/slave_setup', u'network/cal_pressure:=autopilot/cal_pressure', u'network/cal_gyros:=autopilot/cal_gyros', u'network/demo_servos:=autopilot/demo_servos', u'network/demo_motor:=autopilot/demo_motor', u'network/health_state:=safety/set_health_state', u'network/run_behavior:=swarm_control/run_behavior', u'network/pause_behavior:=swarm_control/pause_behavior', u'network/swarm_behavior:=swarm_control/swarm_behavior', u'network/set_swarm_state:=swarm_control/set_swarm_state', u'network/set_subswarm:=swarm_control/set_subswarm', u'network/subswarm_id:=swarm_control/subswarm_id', u'network/swarm_state:=swarm_control/swarm_state', u'network/behavior_summary:=swarm_control/behavior_summary', u'network/send_swarm_search_waypoint:=swarm_searcher/send_swarm_search_waypoint', u'network/param_setlist:=autopilot/fpr_param_setlist', u'network/load_param:=autopilot/load_param', u'network/load_fence:=autopilot/load_fence', u'network/load_rally:=autopilot/load_rally', u'network/load_wp:=autopilot/load_wp', u'network/recv_weather:=autopilot/weather_update', u'network/recv_takeoff:=autopilot/copter_takeoff', u'network/ap_msg_queue_last_n:=autopilot/ap_msg_queue_last_n', u'network/wp_getall:=autopilot/wp_getall', u'network/wp_getrange:=autopilot/wp_getrange', u'network/fpr_param_get:=autopilot/fpr_param_get', u'network/fpr_fence_getall:=autopilot/fpr_fence_getall', u'network/firing_reports:=air_to_air/firing_reports', u'__name:=network', u'__log:=/home/odroid/.ros/log/3765e874-53a6-11e2-8d1a-001e06324787/network-6.log']]
[roslaunch][INFO] 2012-12-31 16:00:15,155: process[network-6]: cwd will be [/home/odroid/.ros]
[roslaunch][INFO] 2012-12-31 16:00:15,190: process[network-6]: started with pid [2807]
[roslaunch][INFO] 2012-12-31 16:00:15,190: ... successfully launched [network-6]
[roslaunch][INFO] 2012-12-31 16:00:15,191: ... preparing to launch node of type [ap_perception/swarm_tracker_node.py]
[roslaunch][INFO] 2012-12-31 16:00:15,191: create_node_process: package[ap_perception] type[swarm_tracker_node.py] machine[Machine(name[] env_loader[None] address[localhost] ssh_port[22] user[None] assignable[True] timeout[10.0])] master_uri[http://localhost:11311]
[roslaunch][INFO] 2012-12-31 16:00:15,192: process[swarm_tracker-7]: env[{'LC_NUMERIC': 'en_US.UTF-8', 'ROS_DISTRO': 'indigo', 'NO_AT_BRIDGE': '1', 'SCRIMMAGE_TACTIC_INTERFACE_FILE': '/home/odroid/scrimmage/usma/plugins/autonomy/python/behaviors.xml', 'ROSLISP_PACKAGE_DIRECTORIES': '/home/odroid/acs_ros_ws/devel/share/common-lisp', 'CPATH': '/home/odroid/acs_ros_ws/devel/include:/opt/ros/indigo/include', 'LOGNAME': 'odroid', 'USER': 'odroid', 'PATH': '/home/odroid/acs_ros_ws/devel/bin:/opt/ros/indigo/bin:/usr/local/bin:/usr/bin:/bin:/usr/local/games:/usr/games:/home/odroid/scrimmage/usma/bin', 'LC_PAPER': 'en_US.UTF-8', 'HOME': '/home/odroid', 'CMAKE_PREFIX_PATH': '/home/odroid/acs_ros_ws/devel:/opt/ros/indigo', 'ROS_LOG_FILENAME': '/home/odroid/.ros/log/3765e874-53a6-11e2-8d1a-001e06324787/roslaunch-copter131-2716.log', 'LANG': 'C', 'TERM': 'linux', 'SHELL': '/bin/bash', 'LANGUAGE': 'C', 'LC_MONETARY': 'en_US.UTF-8', 'ROS_TEST_RESULTS_DIR': '/home/odroid/acs_ros_ws/build/test_results', 'LD_LIBRARY_PATH': '/home/odroid/acs_ros_ws/devel/lib:/home/odroid/acs_ros_ws/devel/lib/arm-linux-gnueabihf:/opt/ros/indigo/lib/arm-linux-gnueabihf:/opt/ros/indigo/lib', 'ROS_MASTER_URI': 'http://localhost:11311', 'LC_ALL': 'C', 'CEC_HDMI_PORT': '2', 'XDG_RUNTIME_DIR': '/run/user/1001', 'CATKIN_TEST_RESULTS_DIR': '/home/odroid/acs_ros_ws/build/test_results', 'LC_ADDRESS': 'en_US.UTF-8', 'PYTHONPATH': '/home/odroid/acs_ros_ws/devel/lib/python2.7/dist-packages:/opt/ros/indigo/lib/python2.7/dist-packages:/home/odroid/scrimmage/usma/plugins/autonomy/python', 'ROS_ROOT': '/opt/ros/indigo/share/ros', 'PKG_CONFIG_PATH': '/home/odroid/acs_ros_ws/devel/lib/pkgconfig:/home/odroid/acs_ros_ws/devel/lib/arm-linux-gnueabihf/pkgconfig:/opt/ros/indigo/lib/arm-linux-gnueabihf/pkgconfig:/opt/ros/indigo/lib/pkgconfig', 'ROS_PACKAGE_PATH': '/home/odroid/acs_ros_ws/src:/opt/ros/indigo/share:/opt/ros/indigo/stacks', 'XDG_SESSION_ID': 'c1', '_': '/opt/ros/indigo/bin/roslaunch', 'LC_IDENTIFICATION': 'en_US.UTF-8', 'LC_MEASUREMENT': 'en_US.UTF-8', 'LC_MESSAGES': 'POSIX', 'SCRIMMAGE_PLUGIN_PATH': ':/home/odroid/scrimmage/usma/plugin_libs:/home/odroid/scrimmage/usma/plugins', 'LC_TELEPHONE': 'en_US.UTF-8', 'SHLVL': '1', 'PWD': '/home/odroid', 'ROS_ETC_DIR': '/opt/ros/indigo/etc/ros', 'LC_NAME': 'en_US.UTF-8', 'MAIL': '/var/mail/odroid', 'LC_TIME': 'en_US.UTF-8', 'XDG_SEAT': 'seat0'}]
[roslaunch][INFO] 2012-12-31 16:00:15,337: process[swarm_tracker-7]: args[[u'/home/odroid/acs_ros_ws/src/autonomy-payload/ap_perception/src/swarm_tracker_node.py', u'swarm_tracker/acs_pose:=autopilot/acs_pose', u'swarm_tracker/recv_pose:=network/recv_pose', u'swarm_tracker/recv_swarm_ctl_state:=network/recv_swarm_ctl_state', u'swarm_tracker/swarm_state:=swarm_control/swarm_state', u'swarm_tracker/swarm_behavior:=swarm_control/swarm_behavior', u'swarm_tracker/subswarm_id:=swarm_control/subswarm_id', u'swarm_tracker/autopilot/status:=autopilot/status', u'__name:=swarm_tracker']]
[roslaunch][INFO] 2012-12-31 16:00:15,338: ... created process [swarm_tracker-7]
[roslaunch.pmon][INFO] 2012-12-31 16:00:15,338: ProcessMonitor.register[swarm_tracker-7]
[roslaunch.pmon][INFO] 2012-12-31 16:00:15,339: ProcessMonitor.register[swarm_tracker-7] complete
[roslaunch][INFO] 2012-12-31 16:00:15,339: ... registered process [swarm_tracker-7]
[roslaunch][INFO] 2012-12-31 16:00:15,339: process[swarm_tracker-7]: starting os process
[roslaunch][INFO] 2012-12-31 16:00:15,340: process[swarm_tracker-7]: start w/ args [[u'/home/odroid/acs_ros_ws/src/autonomy-payload/ap_perception/src/swarm_tracker_node.py', u'swarm_tracker/acs_pose:=autopilot/acs_pose', u'swarm_tracker/recv_pose:=network/recv_pose', u'swarm_tracker/recv_swarm_ctl_state:=network/recv_swarm_ctl_state', u'swarm_tracker/swarm_state:=swarm_control/swarm_state', u'swarm_tracker/swarm_behavior:=swarm_control/swarm_behavior', u'swarm_tracker/subswarm_id:=swarm_control/subswarm_id', u'swarm_tracker/autopilot/status:=autopilot/status', u'__name:=swarm_tracker', u'__log:=/home/odroid/.ros/log/3765e874-53a6-11e2-8d1a-001e06324787/swarm_tracker-7.log']]
[roslaunch][INFO] 2012-12-31 16:00:15,340: process[swarm_tracker-7]: cwd will be [/home/odroid/.ros]
[roslaunch][INFO] 2012-12-31 16:00:15,379: process[swarm_tracker-7]: started with pid [2811]
[roslaunch][INFO] 2012-12-31 16:00:15,380: ... successfully launched [swarm_tracker-7]
[roslaunch][INFO] 2012-12-31 16:00:15,380: ... preparing to launch node of type [ap_perception/red_tracker.py]
[roslaunch][INFO] 2012-12-31 16:00:15,381: create_node_process: package[ap_perception] type[red_tracker.py] machine[Machine(name[] env_loader[None] address[localhost] ssh_port[22] user[None] assignable[True] timeout[10.0])] master_uri[http://localhost:11311]
[roslaunch][INFO] 2012-12-31 16:00:15,381: process[red_tracker-8]: env[{'LC_NUMERIC': 'en_US.UTF-8', 'ROS_DISTRO': 'indigo', 'NO_AT_BRIDGE': '1', 'SCRIMMAGE_TACTIC_INTERFACE_FILE': '/home/odroid/scrimmage/usma/plugins/autonomy/python/behaviors.xml', 'ROSLISP_PACKAGE_DIRECTORIES': '/home/odroid/acs_ros_ws/devel/share/common-lisp', 'CPATH': '/home/odroid/acs_ros_ws/devel/include:/opt/ros/indigo/include', 'LOGNAME': 'odroid', 'USER': 'odroid', 'PATH': '/home/odroid/acs_ros_ws/devel/bin:/opt/ros/indigo/bin:/usr/local/bin:/usr/bin:/bin:/usr/local/games:/usr/games:/home/odroid/scrimmage/usma/bin', 'LC_PAPER': 'en_US.UTF-8', 'HOME': '/home/odroid', 'CMAKE_PREFIX_PATH': '/home/odroid/acs_ros_ws/devel:/opt/ros/indigo', 'ROS_LOG_FILENAME': '/home/odroid/.ros/log/3765e874-53a6-11e2-8d1a-001e06324787/roslaunch-copter131-2716.log', 'LANG': 'C', 'TERM': 'linux', 'SHELL': '/bin/bash', 'LANGUAGE': 'C', 'LC_MONETARY': 'en_US.UTF-8', 'ROS_TEST_RESULTS_DIR': '/home/odroid/acs_ros_ws/build/test_results', 'LD_LIBRARY_PATH': '/home/odroid/acs_ros_ws/devel/lib:/home/odroid/acs_ros_ws/devel/lib/arm-linux-gnueabihf:/opt/ros/indigo/lib/arm-linux-gnueabihf:/opt/ros/indigo/lib', 'ROS_MASTER_URI': 'http://localhost:11311', 'LC_ALL': 'C', 'CEC_HDMI_PORT': '2', 'XDG_RUNTIME_DIR': '/run/user/1001', 'CATKIN_TEST_RESULTS_DIR': '/home/odroid/acs_ros_ws/build/test_results', 'LC_ADDRESS': 'en_US.UTF-8', 'PYTHONPATH': '/home/odroid/acs_ros_ws/devel/lib/python2.7/dist-packages:/opt/ros/indigo/lib/python2.7/dist-packages:/home/odroid/scrimmage/usma/plugins/autonomy/python', 'ROS_ROOT': '/opt/ros/indigo/share/ros', 'PKG_CONFIG_PATH': '/home/odroid/acs_ros_ws/devel/lib/pkgconfig:/home/odroid/acs_ros_ws/devel/lib/arm-linux-gnueabihf/pkgconfig:/opt/ros/indigo/lib/arm-linux-gnueabihf/pkgconfig:/opt/ros/indigo/lib/pkgconfig', 'ROS_PACKAGE_PATH': '/home/odroid/acs_ros_ws/src:/opt/ros/indigo/share:/opt/ros/indigo/stacks', 'XDG_SESSION_ID': 'c1', '_': '/opt/ros/indigo/bin/roslaunch', 'LC_IDENTIFICATION': 'en_US.UTF-8', 'LC_MEASUREMENT': 'en_US.UTF-8', 'LC_MESSAGES': 'POSIX', 'SCRIMMAGE_PLUGIN_PATH': ':/home/odroid/scrimmage/usma/plugin_libs:/home/odroid/scrimmage/usma/plugins', 'LC_TELEPHONE': 'en_US.UTF-8', 'SHLVL': '1', 'PWD': '/home/odroid', 'ROS_ETC_DIR': '/opt/ros/indigo/etc/ros', 'LC_NAME': 'en_US.UTF-8', 'MAIL': '/var/mail/odroid', 'LC_TIME': 'en_US.UTF-8', 'XDG_SEAT': 'seat0'}]
[roslaunch][INFO] 2012-12-31 16:00:15,525: process[red_tracker-8]: args[[u'/home/odroid/acs_ros_ws/src/autonomy-payload/ap_perception/src/ap_perception/red_tracker.py', u'red_tracker/acs_pose:=autopilot/acs_pose', u'red_tracker/recv_red_pose:=network/recv_red_pose', u'__name:=red_tracker']]
[roslaunch][INFO] 2012-12-31 16:00:15,526: ... created process [red_tracker-8]
[roslaunch.pmon][INFO] 2012-12-31 16:00:15,526: ProcessMonitor.register[red_tracker-8]
[roslaunch.pmon][INFO] 2012-12-31 16:00:15,526: ProcessMonitor.register[red_tracker-8] complete
[roslaunch][INFO] 2012-12-31 16:00:15,527: ... registered process [red_tracker-8]
[roslaunch][INFO] 2012-12-31 16:00:15,527: process[red_tracker-8]: starting os process
[roslaunch][INFO] 2012-12-31 16:00:15,527: process[red_tracker-8]: start w/ args [[u'/home/odroid/acs_ros_ws/src/autonomy-payload/ap_perception/src/ap_perception/red_tracker.py', u'red_tracker/acs_pose:=autopilot/acs_pose', u'red_tracker/recv_red_pose:=network/recv_red_pose', u'__name:=red_tracker', u'__log:=/home/odroid/.ros/log/3765e874-53a6-11e2-8d1a-001e06324787/red_tracker-8.log']]
[roslaunch][INFO] 2012-12-31 16:00:15,527: process[red_tracker-8]: cwd will be [/home/odroid/.ros]
[roslaunch][INFO] 2012-12-31 16:00:15,549: process[red_tracker-8]: started with pid [2816]
[roslaunch][INFO] 2012-12-31 16:00:15,550: ... successfully launched [red_tracker-8]
[roslaunch][INFO] 2012-12-31 16:00:15,550: ... preparing to launch node of type [ap_perception/hit_tracker.py]
[roslaunch][INFO] 2012-12-31 16:00:15,550: create_node_process: package[ap_perception] type[hit_tracker.py] machine[Machine(name[] env_loader[None] address[localhost] ssh_port[22] user[None] assignable[True] timeout[10.0])] master_uri[http://localhost:11311]
[roslaunch][INFO] 2012-12-31 16:00:15,551: process[hit_tracker-9]: env[{'LC_NUMERIC': 'en_US.UTF-8', 'ROS_DISTRO': 'indigo', 'NO_AT_BRIDGE': '1', 'SCRIMMAGE_TACTIC_INTERFACE_FILE': '/home/odroid/scrimmage/usma/plugins/autonomy/python/behaviors.xml', 'ROSLISP_PACKAGE_DIRECTORIES': '/home/odroid/acs_ros_ws/devel/share/common-lisp', 'CPATH': '/home/odroid/acs_ros_ws/devel/include:/opt/ros/indigo/include', 'LOGNAME': 'odroid', 'USER': 'odroid', 'PATH': '/home/odroid/acs_ros_ws/devel/bin:/opt/ros/indigo/bin:/usr/local/bin:/usr/bin:/bin:/usr/local/games:/usr/games:/home/odroid/scrimmage/usma/bin', 'LC_PAPER': 'en_US.UTF-8', 'HOME': '/home/odroid', 'CMAKE_PREFIX_PATH': '/home/odroid/acs_ros_ws/devel:/opt/ros/indigo', 'ROS_LOG_FILENAME': '/home/odroid/.ros/log/3765e874-53a6-11e2-8d1a-001e06324787/roslaunch-copter131-2716.log', 'LANG': 'C', 'TERM': 'linux', 'SHELL': '/bin/bash', 'LANGUAGE': 'C', 'LC_MONETARY': 'en_US.UTF-8', 'ROS_TEST_RESULTS_DIR': '/home/odroid/acs_ros_ws/build/test_results', 'LD_LIBRARY_PATH': '/home/odroid/acs_ros_ws/devel/lib:/home/odroid/acs_ros_ws/devel/lib/arm-linux-gnueabihf:/opt/ros/indigo/lib/arm-linux-gnueabihf:/opt/ros/indigo/lib', 'ROS_MASTER_URI': 'http://localhost:11311', 'LC_ALL': 'C', 'CEC_HDMI_PORT': '2', 'XDG_RUNTIME_DIR': '/run/user/1001', 'CATKIN_TEST_RESULTS_DIR': '/home/odroid/acs_ros_ws/build/test_results', 'LC_ADDRESS': 'en_US.UTF-8', 'PYTHONPATH': '/home/odroid/acs_ros_ws/devel/lib/python2.7/dist-packages:/opt/ros/indigo/lib/python2.7/dist-packages:/home/odroid/scrimmage/usma/plugins/autonomy/python', 'ROS_ROOT': '/opt/ros/indigo/share/ros', 'PKG_CONFIG_PATH': '/home/odroid/acs_ros_ws/devel/lib/pkgconfig:/home/odroid/acs_ros_ws/devel/lib/arm-linux-gnueabihf/pkgconfig:/opt/ros/indigo/lib/arm-linux-gnueabihf/pkgconfig:/opt/ros/indigo/lib/pkgconfig', 'ROS_PACKAGE_PATH': '/home/odroid/acs_ros_ws/src:/opt/ros/indigo/share:/opt/ros/indigo/stacks', 'XDG_SESSION_ID': 'c1', '_': '/opt/ros/indigo/bin/roslaunch', 'LC_IDENTIFICATION': 'en_US.UTF-8', 'LC_MEASUREMENT': 'en_US.UTF-8', 'LC_MESSAGES': 'POSIX', 'SCRIMMAGE_PLUGIN_PATH': ':/home/odroid/scrimmage/usma/plugin_libs:/home/odroid/scrimmage/usma/plugins', 'LC_TELEPHONE': 'en_US.UTF-8', 'SHLVL': '1', 'PWD': '/home/odroid', 'ROS_ETC_DIR': '/opt/ros/indigo/etc/ros', 'LC_NAME': 'en_US.UTF-8', 'MAIL': '/var/mail/odroid', 'LC_TIME': 'en_US.UTF-8', 'XDG_SEAT': 'seat0'}]
[roslaunch][ERROR] 2012-12-31 16:00:15,683: [altitude_sensor-4] process has died [pid 2803, exit code 1, cmd /home/odroid/acs_ros_ws/src/autonomy-payload/ap_safety_monitor/src/altitude_eye_ROS.py __name:=altitude_sensor __log:=/home/odroid/.ros/log/3765e874-53a6-11e2-8d1a-001e06324787/altitude_sensor-4.log].
log file: /home/odroid/.ros/log/3765e874-53a6-11e2-8d1a-001e06324787/altitude_sensor-4*.log
[roslaunch][INFO] 2012-12-31 16:00:15,701: [altitude_sensor-4] restarting process
[roslaunch][INFO] 2012-12-31 16:00:15,703: process[altitude_sensor-4]: restarting os process
[roslaunch][INFO] 2012-12-31 16:00:15,710: process[altitude_sensor-4]: start w/ args [[u'/home/odroid/acs_ros_ws/src/autonomy-payload/ap_safety_monitor/src/altitude_eye_ROS.py', u'__name:=altitude_sensor', u'__log:=/home/odroid/.ros/log/3765e874-53a6-11e2-8d1a-001e06324787/altitude_sensor-4.log']]
[roslaunch][INFO] 2012-12-31 16:00:15,712: process[altitude_sensor-4]: cwd will be [/home/odroid/.ros]
[roslaunch][INFO] 2012-12-31 16:00:15,747: process[altitude_sensor-4]: started with pid [2830]
[roslaunch][INFO] 2012-12-31 16:00:15,770: process[hit_tracker-9]: args[[u'/home/odroid/acs_ros_ws/src/autonomy-payload/ap_perception/src/ap_perception/hit_tracker.py', u'hit_tracker/recv_swarm_data:=network/recv_swarm_data', u'hit_tracker/net_reset:=network/net_reset', u'__name:=hit_tracker']]
[roslaunch][INFO] 2012-12-31 16:00:15,771: ... created process [hit_tracker-9]
[roslaunch.pmon][INFO] 2012-12-31 16:00:15,771: ProcessMonitor.register[hit_tracker-9]
[roslaunch.pmon][INFO] 2012-12-31 16:00:15,771: ProcessMonitor.register[hit_tracker-9] complete
[roslaunch][INFO] 2012-12-31 16:00:15,771: ... registered process [hit_tracker-9]
[roslaunch][INFO] 2012-12-31 16:00:15,772: process[hit_tracker-9]: starting os process
[roslaunch][INFO] 2012-12-31 16:00:15,772: process[hit_tracker-9]: start w/ args [[u'/home/odroid/acs_ros_ws/src/autonomy-payload/ap_perception/src/ap_perception/hit_tracker.py', u'hit_tracker/recv_swarm_data:=network/recv_swarm_data', u'hit_tracker/net_reset:=network/net_reset', u'__name:=hit_tracker', u'__log:=/home/odroid/.ros/log/3765e874-53a6-11e2-8d1a-001e06324787/hit_tracker-9.log']]
[roslaunch][INFO] 2012-12-31 16:00:15,773: process[hit_tracker-9]: cwd will be [/home/odroid/.ros]
[roslaunch][INFO] 2012-12-31 16:00:15,821: process[hit_tracker-9]: started with pid [2832]
[roslaunch][INFO] 2012-12-31 16:00:15,822: ... successfully launched [hit_tracker-9]
[roslaunch][INFO] 2012-12-31 16:00:15,823: ... preparing to launch node of type [ap_tasks/task_runner.py]
[roslaunch][INFO] 2012-12-31 16:00:15,823: create_node_process: package[ap_tasks] type[task_runner.py] machine[Machine(name[] env_loader[None] address[localhost] ssh_port[22] user[None] assignable[True] timeout[10.0])] master_uri[http://localhost:11311]
[roslaunch][INFO] 2012-12-31 16:00:15,824: process[task_runner-10]: env[{'LC_NUMERIC': 'en_US.UTF-8', 'ROS_DISTRO': 'indigo', 'NO_AT_BRIDGE': '1', 'SCRIMMAGE_TACTIC_INTERFACE_FILE': '/home/odroid/scrimmage/usma/plugins/autonomy/python/behaviors.xml', 'ROSLISP_PACKAGE_DIRECTORIES': '/home/odroid/acs_ros_ws/devel/share/common-lisp', 'CPATH': '/home/odroid/acs_ros_ws/devel/include:/opt/ros/indigo/include', 'LOGNAME': 'odroid', 'USER': 'odroid', 'PATH': '/home/odroid/acs_ros_ws/devel/bin:/opt/ros/indigo/bin:/usr/local/bin:/usr/bin:/bin:/usr/local/games:/usr/games:/home/odroid/scrimmage/usma/bin', 'LC_PAPER': 'en_US.UTF-8', 'HOME': '/home/odroid', 'CMAKE_PREFIX_PATH': '/home/odroid/acs_ros_ws/devel:/opt/ros/indigo', 'ROS_LOG_FILENAME': '/home/odroid/.ros/log/3765e874-53a6-11e2-8d1a-001e06324787/roslaunch-copter131-2716.log', 'LANG': 'C', 'TERM': 'linux', 'SHELL': '/bin/bash', 'LANGUAGE': 'C', 'LC_MONETARY': 'en_US.UTF-8', 'ROS_TEST_RESULTS_DIR': '/home/odroid/acs_ros_ws/build/test_results', 'LD_LIBRARY_PATH': '/home/odroid/acs_ros_ws/devel/lib:/home/odroid/acs_ros_ws/devel/lib/arm-linux-gnueabihf:/opt/ros/indigo/lib/arm-linux-gnueabihf:/opt/ros/indigo/lib', 'ROS_MASTER_URI': 'http://localhost:11311', 'LC_ALL': 'C', 'CEC_HDMI_PORT': '2', 'XDG_RUNTIME_DIR': '/run/user/1001', 'CATKIN_TEST_RESULTS_DIR': '/home/odroid/acs_ros_ws/build/test_results', 'LC_ADDRESS': 'en_US.UTF-8', 'PYTHONPATH': '/home/odroid/acs_ros_ws/devel/lib/python2.7/dist-packages:/opt/ros/indigo/lib/python2.7/dist-packages:/home/odroid/scrimmage/usma/plugins/autonomy/python', 'ROS_ROOT': '/opt/ros/indigo/share/ros', 'PKG_CONFIG_PATH': '/home/odroid/acs_ros_ws/devel/lib/pkgconfig:/home/odroid/acs_ros_ws/devel/lib/arm-linux-gnueabihf/pkgconfig:/opt/ros/indigo/lib/arm-linux-gnueabihf/pkgconfig:/opt/ros/indigo/lib/pkgconfig', 'ROS_PACKAGE_PATH': '/home/odroid/acs_ros_ws/src:/opt/ros/indigo/share:/opt/ros/indigo/stacks', 'XDG_SESSION_ID': 'c1', '_': '/opt/ros/indigo/bin/roslaunch', 'LC_IDENTIFICATION': 'en_US.UTF-8', 'LC_MEASUREMENT': 'en_US.UTF-8', 'LC_MESSAGES': 'POSIX', 'SCRIMMAGE_PLUGIN_PATH': ':/home/odroid/scrimmage/usma/plugin_libs:/home/odroid/scrimmage/usma/plugins', 'LC_TELEPHONE': 'en_US.UTF-8', 'SHLVL': '1', 'PWD': '/home/odroid', 'ROS_ETC_DIR': '/opt/ros/indigo/etc/ros', 'LC_NAME': 'en_US.UTF-8', 'MAIL': '/var/mail/odroid', 'LC_TIME': 'en_US.UTF-8', 'XDG_SEAT': 'seat0'}]
[roslaunch][INFO] 2012-12-31 16:00:15,950: process[task_runner-10]: args[[u'/home/odroid/acs_ros_ws/src/autonomy-payload/ap_tasks/src/task_runner.py', u'__name:=task_runner']]
[roslaunch][INFO] 2012-12-31 16:00:15,951: ... created process [task_runner-10]
[roslaunch][ERROR] 2012-12-31 16:00:15,951: [radiation_sensor-5] process has died [pid 2804, exit code 1, cmd /home/odroid/acs_ros_ws/src/autonomy-payload/ap_safety_monitor/src/rad_eye2_ROS.py __name:=radiation_sensor __log:=/home/odroid/.ros/log/3765e874-53a6-11e2-8d1a-001e06324787/radiation_sensor-5.log].
log file: /home/odroid/.ros/log/3765e874-53a6-11e2-8d1a-001e06324787/radiation_sensor-5*.log
[roslaunch.pmon][INFO] 2012-12-31 16:00:15,951: ProcessMonitor.register[task_runner-10]
[roslaunch.pmon][INFO] 2012-12-31 16:00:15,953: ProcessMonitor.register[task_runner-10] complete
[roslaunch][INFO] 2012-12-31 16:00:15,953: [radiation_sensor-5] restarting process
[roslaunch][INFO] 2012-12-31 16:00:15,953: ... registered process [task_runner-10]
[roslaunch][INFO] 2012-12-31 16:00:15,954: process[radiation_sensor-5]: restarting os process
[roslaunch][INFO] 2012-12-31 16:00:15,955: process[task_runner-10]: starting os process
[roslaunch][INFO] 2012-12-31 16:00:15,956: process[task_runner-10]: start w/ args [[u'/home/odroid/acs_ros_ws/src/autonomy-payload/ap_tasks/src/task_runner.py', u'__name:=task_runner', u'__log:=/home/odroid/.ros/log/3765e874-53a6-11e2-8d1a-001e06324787/task_runner-10.log']]
[roslaunch][INFO] 2012-12-31 16:00:15,957: process[radiation_sensor-5]: start w/ args [[u'/home/odroid/acs_ros_ws/src/autonomy-payload/ap_safety_monitor/src/rad_eye2_ROS.py', u'__name:=radiation_sensor', u'__log:=/home/odroid/.ros/log/3765e874-53a6-11e2-8d1a-001e06324787/radiation_sensor-5.log']]
[roslaunch][INFO] 2012-12-31 16:00:15,957: process[task_runner-10]: cwd will be [/home/odroid/.ros]
[roslaunch][INFO] 2012-12-31 16:00:15,957: process[radiation_sensor-5]: cwd will be [/home/odroid/.ros]
[roslaunch][INFO] 2012-12-31 16:00:15,993: process[task_runner-10]: started with pid [2838]
[roslaunch][INFO] 2012-12-31 16:00:15,994: ... successfully launched [task_runner-10]
[roslaunch][INFO] 2012-12-31 16:00:15,995: process[radiation_sensor-5]: started with pid [2839]
[roslaunch][INFO] 2012-12-31 16:00:15,995: ... preparing to launch node of type [ap_logging/recv_pose_rate.py]
[roslaunch][INFO] 2012-12-31 16:00:15,997: create_node_process: package[ap_logging] type[recv_pose_rate.py] machine[Machine(name[] env_loader[None] address[localhost] ssh_port[22] user[None] assignable[True] timeout[10.0])] master_uri[http://localhost:11311]
[roslaunch][INFO] 2012-12-31 16:00:15,998: process[recv_pose_rate-11]: env[{'LC_NUMERIC': 'en_US.UTF-8', 'ROS_DISTRO': 'indigo', 'NO_AT_BRIDGE': '1', 'SCRIMMAGE_TACTIC_INTERFACE_FILE': '/home/odroid/scrimmage/usma/plugins/autonomy/python/behaviors.xml', 'ROSLISP_PACKAGE_DIRECTORIES': '/home/odroid/acs_ros_ws/devel/share/common-lisp', 'CPATH': '/home/odroid/acs_ros_ws/devel/include:/opt/ros/indigo/include', 'LOGNAME': 'odroid', 'USER': 'odroid', 'PATH': '/home/odroid/acs_ros_ws/devel/bin:/opt/ros/indigo/bin:/usr/local/bin:/usr/bin:/bin:/usr/local/games:/usr/games:/home/odroid/scrimmage/usma/bin', 'LC_PAPER': 'en_US.UTF-8', 'HOME': '/home/odroid', 'CMAKE_PREFIX_PATH': '/home/odroid/acs_ros_ws/devel:/opt/ros/indigo', 'ROS_LOG_FILENAME': '/home/odroid/.ros/log/3765e874-53a6-11e2-8d1a-001e06324787/roslaunch-copter131-2716.log', 'LANG': 'C', 'TERM': 'linux', 'SHELL': '/bin/bash', 'LANGUAGE': 'C', 'LC_MONETARY': 'en_US.UTF-8', 'ROS_TEST_RESULTS_DIR': '/home/odroid/acs_ros_ws/build/test_results', 'LD_LIBRARY_PATH': '/home/odroid/acs_ros_ws/devel/lib:/home/odroid/acs_ros_ws/devel/lib/arm-linux-gnueabihf:/opt/ros/indigo/lib/arm-linux-gnueabihf:/opt/ros/indigo/lib', 'ROS_MASTER_URI': 'http://localhost:11311', 'LC_ALL': 'C', 'CEC_HDMI_PORT': '2', 'XDG_RUNTIME_DIR': '/run/user/1001', 'CATKIN_TEST_RESULTS_DIR': '/home/odroid/acs_ros_ws/build/test_results', 'LC_ADDRESS': 'en_US.UTF-8', 'PYTHONPATH': '/home/odroid/acs_ros_ws/devel/lib/python2.7/dist-packages:/opt/ros/indigo/lib/python2.7/dist-packages:/home/odroid/scrimmage/usma/plugins/autonomy/python', 'ROS_ROOT': '/opt/ros/indigo/share/ros', 'PKG_CONFIG_PATH': '/home/odroid/acs_ros_ws/devel/lib/pkgconfig:/home/odroid/acs_ros_ws/devel/lib/arm-linux-gnueabihf/pkgconfig:/opt/ros/indigo/lib/arm-linux-gnueabihf/pkgconfig:/opt/ros/indigo/lib/pkgconfig', 'ROS_PACKAGE_PATH': '/home/odroid/acs_ros_ws/src:/opt/ros/indigo/share:/opt/ros/indigo/stacks', 'XDG_SESSION_ID': 'c1', '_': '/opt/ros/indigo/bin/roslaunch', 'LC_IDENTIFICATION': 'en_US.UTF-8', 'LC_MEASUREMENT': 'en_US.UTF-8', 'LC_MESSAGES': 'POSIX', 'SCRIMMAGE_PLUGIN_PATH': ':/home/odroid/scrimmage/usma/plugin_libs:/home/odroid/scrimmage/usma/plugins', 'LC_TELEPHONE': 'en_US.UTF-8', 'SHLVL': '1', 'PWD': '/home/odroid', 'ROS_ETC_DIR': '/opt/ros/indigo/etc/ros', 'LC_NAME': 'en_US.UTF-8', 'MAIL': '/var/mail/odroid', 'LC_TIME': 'en_US.UTF-8', 'XDG_SEAT': 'seat0'}]
[roslaunch][INFO] 2012-12-31 16:00:16,251: process[recv_pose_rate-11]: args[[u'/home/odroid/acs_ros_ws/src/autonomy-payload/ap_logging/src/recv_pose_rate.py', u'__name:=recv_pose_rate']]
[roslaunch][INFO] 2012-12-31 16:00:16,252: ... created process [recv_pose_rate-11]
[roslaunch.pmon][INFO] 2012-12-31 16:00:16,253: ProcessMonitor.register[recv_pose_rate-11]
[roslaunch.pmon][INFO] 2012-12-31 16:00:16,254: ProcessMonitor.register[recv_pose_rate-11] complete
[roslaunch][INFO] 2012-12-31 16:00:16,255: ... registered process [recv_pose_rate-11]
[roslaunch][INFO] 2012-12-31 16:00:16,256: process[recv_pose_rate-11]: starting os process
[roslaunch][INFO] 2012-12-31 16:00:16,257: process[recv_pose_rate-11]: start w/ args [[u'/home/odroid/acs_ros_ws/src/autonomy-payload/ap_logging/src/recv_pose_rate.py', u'__name:=recv_pose_rate', u'__log:=/home/odroid/.ros/log/3765e874-53a6-11e2-8d1a-001e06324787/recv_pose_rate-11.log']]
[roslaunch][INFO] 2012-12-31 16:00:16,258: process[recv_pose_rate-11]: cwd will be [/home/odroid/.ros]
[roslaunch][INFO] 2012-12-31 16:00:16,313: process[recv_pose_rate-11]: started with pid [2860]
[roslaunch][INFO] 2012-12-31 16:00:16,315: ... successfully launched [recv_pose_rate-11]
[roslaunch][INFO] 2012-12-31 16:00:16,316: ... preparing to launch node of type [ap_mission_planning/swarm_control.py]
[roslaunch][INFO] 2012-12-31 16:00:16,317: create_node_process: package[ap_mission_planning] type[swarm_control.py] machine[Machine(name[] env_loader[None] address[localhost] ssh_port[22] user[None] assignable[True] timeout[10.0])] master_uri[http://localhost:11311]
[roslaunch][INFO] 2012-12-31 16:00:16,318: process[swarm_control-12]: env[{'LC_NUMERIC': 'en_US.UTF-8', 'ROS_DISTRO': 'indigo', 'NO_AT_BRIDGE': '1', 'SCRIMMAGE_TACTIC_INTERFACE_FILE': '/home/odroid/scrimmage/usma/plugins/autonomy/python/behaviors.xml', 'ROSLISP_PACKAGE_DIRECTORIES': '/home/odroid/acs_ros_ws/devel/share/common-lisp', 'CPATH': '/home/odroid/acs_ros_ws/devel/include:/opt/ros/indigo/include', 'LOGNAME': 'odroid', 'USER': 'odroid', 'PATH': '/home/odroid/acs_ros_ws/devel/bin:/opt/ros/indigo/bin:/usr/local/bin:/usr/bin:/bin:/usr/local/games:/usr/games:/home/odroid/scrimmage/usma/bin', 'LC_PAPER': 'en_US.UTF-8', 'HOME': '/home/odroid', 'CMAKE_PREFIX_PATH': '/home/odroid/acs_ros_ws/devel:/opt/ros/indigo', 'ROS_LOG_FILENAME': '/home/odroid/.ros/log/3765e874-53a6-11e2-8d1a-001e06324787/roslaunch-copter131-2716.log', 'LANG': 'C', 'TERM': 'linux', 'SHELL': '/bin/bash', 'LANGUAGE': 'C', 'LC_MONETARY': 'en_US.UTF-8', 'ROS_TEST_RESULTS_DIR': '/home/odroid/acs_ros_ws/build/test_results', 'LD_LIBRARY_PATH': '/home/odroid/acs_ros_ws/devel/lib:/home/odroid/acs_ros_ws/devel/lib/arm-linux-gnueabihf:/opt/ros/indigo/lib/arm-linux-gnueabihf:/opt/ros/indigo/lib', 'ROS_MASTER_URI': 'http://localhost:11311', 'LC_ALL': 'C', 'CEC_HDMI_PORT': '2', 'XDG_RUNTIME_DIR': '/run/user/1001', 'CATKIN_TEST_RESULTS_DIR': '/home/odroid/acs_ros_ws/build/test_results', 'LC_ADDRESS': 'en_US.UTF-8', 'PYTHONPATH': '/home/odroid/acs_ros_ws/devel/lib/python2.7/dist-packages:/opt/ros/indigo/lib/python2.7/dist-packages:/home/odroid/scrimmage/usma/plugins/autonomy/python', 'ROS_ROOT': '/opt/ros/indigo/share/ros', 'PKG_CONFIG_PATH': '/home/odroid/acs_ros_ws/devel/lib/pkgconfig:/home/odroid/acs_ros_ws/devel/lib/arm-linux-gnueabihf/pkgconfig:/opt/ros/indigo/lib/arm-linux-gnueabihf/pkgconfig:/opt/ros/indigo/lib/pkgconfig', 'ROS_PACKAGE_PATH': '/home/odroid/acs_ros_ws/src:/opt/ros/indigo/share:/opt/ros/indigo/stacks', 'XDG_SESSION_ID': 'c1', '_': '/opt/ros/indigo/bin/roslaunch', 'LC_IDENTIFICATION': 'en_US.UTF-8', 'LC_MEASUREMENT': 'en_US.UTF-8', 'LC_MESSAGES': 'POSIX', 'SCRIMMAGE_PLUGIN_PATH': ':/home/odroid/scrimmage/usma/plugin_libs:/home/odroid/scrimmage/usma/plugins', 'LC_TELEPHONE': 'en_US.UTF-8', 'SHLVL': '1', 'PWD': '/home/odroid', 'ROS_ETC_DIR': '/opt/ros/indigo/etc/ros', 'LC_NAME': 'en_US.UTF-8', 'MAIL': '/var/mail/odroid', 'LC_TIME': 'en_US.UTF-8', 'XDG_SEAT': 'seat0'}]
[roslaunch][INFO] 2012-12-31 16:00:16,571: process[swarm_control-12]: args[[u'/home/odroid/acs_ros_ws/src/autonomy-payload/ap_mission_planning/src/ap_mission_planning/swarm_control.py', u'swarm_control/swarm_uav_states:=swarm_tracker/swarm_uav_states', u'swarm_control/wp_getlast:=autopilot/wp_getlast', u'swarm_control/wp_getrange:=autopilot/wp_getrange', u'swarm_control/status:=autopilot/status', u'swarm_control/waypoint_goto:=autopilot/waypoint_goto', u'swarm_control/mode_num:=autopilot/mode_num', u'swarm_control/recv_swarm_data:=network/recv_swarm_data', u'swarm_control/net_reset:=network/net_reset', u'__name:=swarm_control']]
[roslaunch][INFO] 2012-12-31 16:00:16,572: ... created process [swarm_control-12]
[roslaunch.pmon][INFO] 2012-12-31 16:00:16,573: ProcessMonitor.register[swarm_control-12]
[roslaunch.pmon][INFO] 2012-12-31 16:00:16,573: ProcessMonitor.register[swarm_control-12] complete
[roslaunch][INFO] 2012-12-31 16:00:16,574: ... registered process [swarm_control-12]
[roslaunch][INFO] 2012-12-31 16:00:16,574: process[swarm_control-12]: starting os process
[roslaunch][INFO] 2012-12-31 16:00:16,575: process[swarm_control-12]: start w/ args [[u'/home/odroid/acs_ros_ws/src/autonomy-payload/ap_mission_planning/src/ap_mission_planning/swarm_control.py', u'swarm_control/swarm_uav_states:=swarm_tracker/swarm_uav_states', u'swarm_control/wp_getlast:=autopilot/wp_getlast', u'swarm_control/wp_getrange:=autopilot/wp_getrange', u'swarm_control/status:=autopilot/status', u'swarm_control/waypoint_goto:=autopilot/waypoint_goto', u'swarm_control/mode_num:=autopilot/mode_num', u'swarm_control/recv_swarm_data:=network/recv_swarm_data', u'swarm_control/net_reset:=network/net_reset', u'__name:=swarm_control', u'__log:=/home/odroid/.ros/log/3765e874-53a6-11e2-8d1a-001e06324787/swarm_control-12.log']]
[roslaunch][INFO] 2012-12-31 16:00:16,576: process[swarm_control-12]: cwd will be [/home/odroid/.ros]
[roslaunch][ERROR] 2012-12-31 16:00:16,608: [altitude_sensor-4] process has died [pid 2830, exit code 1, cmd /home/odroid/acs_ros_ws/src/autonomy-payload/ap_safety_monitor/src/altitude_eye_ROS.py __name:=altitude_sensor __log:=/home/odroid/.ros/log/3765e874-53a6-11e2-8d1a-001e06324787/altitude_sensor-4.log].
log file: /home/odroid/.ros/log/3765e874-53a6-11e2-8d1a-001e06324787/altitude_sensor-4*.log
[roslaunch][INFO] 2012-12-31 16:00:16,612: [altitude_sensor-4] restarting process
[roslaunch][INFO] 2012-12-31 16:00:16,613: process[altitude_sensor-4]: restarting os process
[roslaunch][INFO] 2012-12-31 16:00:16,615: process[altitude_sensor-4]: start w/ args [[u'/home/odroid/acs_ros_ws/src/autonomy-payload/ap_safety_monitor/src/altitude_eye_ROS.py', u'__name:=altitude_sensor', u'__log:=/home/odroid/.ros/log/3765e874-53a6-11e2-8d1a-001e06324787/altitude_sensor-4.log']]
[roslaunch][INFO] 2012-12-31 16:00:16,616: process[altitude_sensor-4]: cwd will be [/home/odroid/.ros]
[roslaunch][INFO] 2012-12-31 16:00:16,622: process[swarm_control-12]: started with pid [2889]
[roslaunch][INFO] 2012-12-31 16:00:16,626: ... successfully launched [swarm_control-12]
[roslaunch][INFO] 2012-12-31 16:00:16,627: ... preparing to launch node of type [ap_path_planning/independent_transit.py]
[roslaunch][INFO] 2012-12-31 16:00:16,628: create_node_process: package[ap_path_planning] type[independent_transit.py] machine[Machine(name[] env_loader[None] address[localhost] ssh_port[22] user[None] assignable[True] timeout[10.0])] master_uri[http://localhost:11311]
[roslaunch][INFO] 2012-12-31 16:00:16,630: process[independent_transit-13]: env[{'LC_NUMERIC': 'en_US.UTF-8', 'ROS_DISTRO': 'indigo', 'NO_AT_BRIDGE': '1', 'SCRIMMAGE_TACTIC_INTERFACE_FILE': '/home/odroid/scrimmage/usma/plugins/autonomy/python/behaviors.xml', 'ROSLISP_PACKAGE_DIRECTORIES': '/home/odroid/acs_ros_ws/devel/share/common-lisp', 'CPATH': '/home/odroid/acs_ros_ws/devel/include:/opt/ros/indigo/include', 'LOGNAME': 'odroid', 'USER': 'odroid', 'PATH': '/home/odroid/acs_ros_ws/devel/bin:/opt/ros/indigo/bin:/usr/local/bin:/usr/bin:/bin:/usr/local/games:/usr/games:/home/odroid/scrimmage/usma/bin', 'LC_PAPER': 'en_US.UTF-8', 'HOME': '/home/odroid', 'CMAKE_PREFIX_PATH': '/home/odroid/acs_ros_ws/devel:/opt/ros/indigo', 'ROS_LOG_FILENAME': '/home/odroid/.ros/log/3765e874-53a6-11e2-8d1a-001e06324787/roslaunch-copter131-2716.log', 'LANG': 'C', 'TERM': 'linux', 'SHELL': '/bin/bash', 'LANGUAGE': 'C', 'LC_MONETARY': 'en_US.UTF-8', 'ROS_TEST_RESULTS_DIR': '/home/odroid/acs_ros_ws/build/test_results', 'LD_LIBRARY_PATH': '/home/odroid/acs_ros_ws/devel/lib:/home/odroid/acs_ros_ws/devel/lib/arm-linux-gnueabihf:/opt/ros/indigo/lib/arm-linux-gnueabihf:/opt/ros/indigo/lib', 'ROS_MASTER_URI': 'http://localhost:11311', 'LC_ALL': 'C', 'CEC_HDMI_PORT': '2', 'XDG_RUNTIME_DIR': '/run/user/1001', 'CATKIN_TEST_RESULTS_DIR': '/home/odroid/acs_ros_ws/build/test_results', 'LC_ADDRESS': 'en_US.UTF-8', 'PYTHONPATH': '/home/odroid/acs_ros_ws/devel/lib/python2.7/dist-packages:/opt/ros/indigo/lib/python2.7/dist-packages:/home/odroid/scrimmage/usma/plugins/autonomy/python', 'ROS_ROOT': '/opt/ros/indigo/share/ros', 'PKG_CONFIG_PATH': '/home/odroid/acs_ros_ws/devel/lib/pkgconfig:/home/odroid/acs_ros_ws/devel/lib/arm-linux-gnueabihf/pkgconfig:/opt/ros/indigo/lib/arm-linux-gnueabihf/pkgconfig:/opt/ros/indigo/lib/pkgconfig', 'ROS_PACKAGE_PATH': '/home/odroid/acs_ros_ws/src:/opt/ros/indigo/share:/opt/ros/indigo/stacks', 'XDG_SESSION_ID': 'c1', '_': '/opt/ros/indigo/bin/roslaunch', 'LC_IDENTIFICATION': 'en_US.UTF-8', 'LC_MEASUREMENT': 'en_US.UTF-8', 'LC_MESSAGES': 'POSIX', 'SCRIMMAGE_PLUGIN_PATH': ':/home/odroid/scrimmage/usma/plugin_libs:/home/odroid/scrimmage/usma/plugins', 'LC_TELEPHONE': 'en_US.UTF-8', 'SHLVL': '1', 'PWD': '/home/odroid', 'ROS_ETC_DIR': '/opt/ros/indigo/etc/ros', 'LC_NAME': 'en_US.UTF-8', 'MAIL': '/var/mail/odroid', 'LC_TIME': 'en_US.UTF-8', 'XDG_SEAT': 'seat0'}]
[roslaunch][INFO] 2012-12-31 16:00:16,634: process[altitude_sensor-4]: started with pid [2893]
[roslaunch][INFO] 2012-12-31 16:00:16,838: process[independent_transit-13]: args[[u'/home/odroid/acs_ros_ws/src/autonomy-payload/ap_path_planning/src/ap_path_planning/independent_transit.py', u'__name:=independent_transit']]
[roslaunch][INFO] 2012-12-31 16:00:16,839: ... created process [independent_transit-13]
[roslaunch.pmon][INFO] 2012-12-31 16:00:16,839: ProcessMonitor.register[independent_transit-13]
[roslaunch.pmon][INFO] 2012-12-31 16:00:16,839: ProcessMonitor.register[independent_transit-13] complete
[roslaunch][INFO] 2012-12-31 16:00:16,839: ... registered process [independent_transit-13]
[roslaunch][INFO] 2012-12-31 16:00:16,840: process[independent_transit-13]: starting os process
[roslaunch][INFO] 2012-12-31 16:00:16,840: process[independent_transit-13]: start w/ args [[u'/home/odroid/acs_ros_ws/src/autonomy-payload/ap_path_planning/src/ap_path_planning/independent_transit.py', u'__name:=independent_transit', u'__log:=/home/odroid/.ros/log/3765e874-53a6-11e2-8d1a-001e06324787/independent_transit-13.log']]
[roslaunch][INFO] 2012-12-31 16:00:16,840: process[independent_transit-13]: cwd will be [/home/odroid/.ros]
[roslaunch][INFO] 2012-12-31 16:00:16,880: process[independent_transit-13]: started with pid [2916]
[roslaunch][INFO] 2012-12-31 16:00:16,881: ... successfully launched [independent_transit-13]
[roslaunch][INFO] 2012-12-31 16:00:16,882: ... preparing to launch node of type [ap_path_planning/patrol_box.py]
[roslaunch][INFO] 2012-12-31 16:00:16,882: create_node_process: package[ap_path_planning] type[patrol_box.py] machine[Machine(name[] env_loader[None] address[localhost] ssh_port[22] user[None] assignable[True] timeout[10.0])] master_uri[http://localhost:11311]
[roslaunch][INFO] 2012-12-31 16:00:16,883: process[patrol_box-14]: env[{'LC_NUMERIC': 'en_US.UTF-8', 'ROS_DISTRO': 'indigo', 'NO_AT_BRIDGE': '1', 'SCRIMMAGE_TACTIC_INTERFACE_FILE': '/home/odroid/scrimmage/usma/plugins/autonomy/python/behaviors.xml', 'ROSLISP_PACKAGE_DIRECTORIES': '/home/odroid/acs_ros_ws/devel/share/common-lisp', 'CPATH': '/home/odroid/acs_ros_ws/devel/include:/opt/ros/indigo/include', 'LOGNAME': 'odroid', 'USER': 'odroid', 'PATH': '/home/odroid/acs_ros_ws/devel/bin:/opt/ros/indigo/bin:/usr/local/bin:/usr/bin:/bin:/usr/local/games:/usr/games:/home/odroid/scrimmage/usma/bin', 'LC_PAPER': 'en_US.UTF-8', 'HOME': '/home/odroid', 'CMAKE_PREFIX_PATH': '/home/odroid/acs_ros_ws/devel:/opt/ros/indigo', 'ROS_LOG_FILENAME': '/home/odroid/.ros/log/3765e874-53a6-11e2-8d1a-001e06324787/roslaunch-copter131-2716.log', 'LANG': 'C', 'TERM': 'linux', 'SHELL': '/bin/bash', 'LANGUAGE': 'C', 'LC_MONETARY': 'en_US.UTF-8', 'ROS_TEST_RESULTS_DIR': '/home/odroid/acs_ros_ws/build/test_results', 'LD_LIBRARY_PATH': '/home/odroid/acs_ros_ws/devel/lib:/home/odroid/acs_ros_ws/devel/lib/arm-linux-gnueabihf:/opt/ros/indigo/lib/arm-linux-gnueabihf:/opt/ros/indigo/lib', 'ROS_MASTER_URI': 'http://localhost:11311', 'LC_ALL': 'C', 'CEC_HDMI_PORT': '2', 'XDG_RUNTIME_DIR': '/run/user/1001', 'CATKIN_TEST_RESULTS_DIR': '/home/odroid/acs_ros_ws/build/test_results', 'LC_ADDRESS': 'en_US.UTF-8', 'PYTHONPATH': '/home/odroid/acs_ros_ws/devel/lib/python2.7/dist-packages:/opt/ros/indigo/lib/python2.7/dist-packages:/home/odroid/scrimmage/usma/plugins/autonomy/python', 'ROS_ROOT': '/opt/ros/indigo/share/ros', 'PKG_CONFIG_PATH': '/home/odroid/acs_ros_ws/devel/lib/pkgconfig:/home/odroid/acs_ros_ws/devel/lib/arm-linux-gnueabihf/pkgconfig:/opt/ros/indigo/lib/arm-linux-gnueabihf/pkgconfig:/opt/ros/indigo/lib/pkgconfig', 'ROS_PACKAGE_PATH': '/home/odroid/acs_ros_ws/src:/opt/ros/indigo/share:/opt/ros/indigo/stacks', 'XDG_SESSION_ID': 'c1', '_': '/opt/ros/indigo/bin/roslaunch', 'LC_IDENTIFICATION': 'en_US.UTF-8', 'LC_MEASUREMENT': 'en_US.UTF-8', 'LC_MESSAGES': 'POSIX', 'SCRIMMAGE_PLUGIN_PATH': ':/home/odroid/scrimmage/usma/plugin_libs:/home/odroid/scrimmage/usma/plugins', 'LC_TELEPHONE': 'en_US.UTF-8', 'SHLVL': '1', 'PWD': '/home/odroid', 'ROS_ETC_DIR': '/opt/ros/indigo/etc/ros', 'LC_NAME': 'en_US.UTF-8', 'MAIL': '/var/mail/odroid', 'LC_TIME': 'en_US.UTF-8', 'XDG_SEAT': 'seat0'}]
[roslaunch][INFO] 2012-12-31 16:00:17,023: process[patrol_box-14]: args[[u'/home/odroid/acs_ros_ws/src/autonomy-payload/ap_path_planning/src/ap_path_planning/patrol_box.py', u'patrol_box/acs_pose:=autopilot/acs_pose', u'__name:=patrol_box']]
[roslaunch][INFO] 2012-12-31 16:00:17,023: ... created process [patrol_box-14]
[roslaunch.pmon][INFO] 2012-12-31 16:00:17,023: ProcessMonitor.register[patrol_box-14]
[roslaunch.pmon][INFO] 2012-12-31 16:00:17,024: ProcessMonitor.register[patrol_box-14] complete
[roslaunch][INFO] 2012-12-31 16:00:17,024: ... registered process [patrol_box-14]
[roslaunch][INFO] 2012-12-31 16:00:17,024: process[patrol_box-14]: starting os process
[roslaunch][INFO] 2012-12-31 16:00:17,025: process[patrol_box-14]: start w/ args [[u'/home/odroid/acs_ros_ws/src/autonomy-payload/ap_path_planning/src/ap_path_planning/patrol_box.py', u'patrol_box/acs_pose:=autopilot/acs_pose', u'__name:=patrol_box', u'__log:=/home/odroid/.ros/log/3765e874-53a6-11e2-8d1a-001e06324787/patrol_box-14.log']]
[roslaunch][INFO] 2012-12-31 16:00:17,025: process[patrol_box-14]: cwd will be [/home/odroid/.ros]
[roslaunch][INFO] 2012-12-31 16:00:17,052: process[patrol_box-14]: started with pid [2944]
[roslaunch][INFO] 2012-12-31 16:00:17,053: ... successfully launched [patrol_box-14]
[roslaunch][INFO] 2012-12-31 16:00:17,054: ... preparing to launch node of type [ap_path_planning/simple_ground_attack.py]
[roslaunch][INFO] 2012-12-31 16:00:17,054: create_node_process: package[ap_path_planning] type[simple_ground_attack.py] machine[Machine(name[] env_loader[None] address[localhost] ssh_port[22] user[None] assignable[True] timeout[10.0])] master_uri[http://localhost:11311]
[roslaunch][INFO] 2012-12-31 16:00:17,055: process[simple_ground_attack-15]: env[{'LC_NUMERIC': 'en_US.UTF-8', 'ROS_DISTRO': 'indigo', 'NO_AT_BRIDGE': '1', 'SCRIMMAGE_TACTIC_INTERFACE_FILE': '/home/odroid/scrimmage/usma/plugins/autonomy/python/behaviors.xml', 'ROSLISP_PACKAGE_DIRECTORIES': '/home/odroid/acs_ros_ws/devel/share/common-lisp', 'CPATH': '/home/odroid/acs_ros_ws/devel/include:/opt/ros/indigo/include', 'LOGNAME': 'odroid', 'USER': 'odroid', 'PATH': '/home/odroid/acs_ros_ws/devel/bin:/opt/ros/indigo/bin:/usr/local/bin:/usr/bin:/bin:/usr/local/games:/usr/games:/home/odroid/scrimmage/usma/bin', 'LC_PAPER': 'en_US.UTF-8', 'HOME': '/home/odroid', 'CMAKE_PREFIX_PATH': '/home/odroid/acs_ros_ws/devel:/opt/ros/indigo', 'ROS_LOG_FILENAME': '/home/odroid/.ros/log/3765e874-53a6-11e2-8d1a-001e06324787/roslaunch-copter131-2716.log', 'LANG': 'C', 'TERM': 'linux', 'SHELL': '/bin/bash', 'LANGUAGE': 'C', 'LC_MONETARY': 'en_US.UTF-8', 'ROS_TEST_RESULTS_DIR': '/home/odroid/acs_ros_ws/build/test_results', 'LD_LIBRARY_PATH': '/home/odroid/acs_ros_ws/devel/lib:/home/odroid/acs_ros_ws/devel/lib/arm-linux-gnueabihf:/opt/ros/indigo/lib/arm-linux-gnueabihf:/opt/ros/indigo/lib', 'ROS_MASTER_URI': 'http://localhost:11311', 'LC_ALL': 'C', 'CEC_HDMI_PORT': '2', 'XDG_RUNTIME_DIR': '/run/user/1001', 'CATKIN_TEST_RESULTS_DIR': '/home/odroid/acs_ros_ws/build/test_results', 'LC_ADDRESS': 'en_US.UTF-8', 'PYTHONPATH': '/home/odroid/acs_ros_ws/devel/lib/python2.7/dist-packages:/opt/ros/indigo/lib/python2.7/dist-packages:/home/odroid/scrimmage/usma/plugins/autonomy/python', 'ROS_ROOT': '/opt/ros/indigo/share/ros', 'PKG_CONFIG_PATH': '/home/odroid/acs_ros_ws/devel/lib/pkgconfig:/home/odroid/acs_ros_ws/devel/lib/arm-linux-gnueabihf/pkgconfig:/opt/ros/indigo/lib/arm-linux-gnueabihf/pkgconfig:/opt/ros/indigo/lib/pkgconfig', 'ROS_PACKAGE_PATH': '/home/odroid/acs_ros_ws/src:/opt/ros/indigo/share:/opt/ros/indigo/stacks', 'XDG_SESSION_ID': 'c1', '_': '/opt/ros/indigo/bin/roslaunch', 'LC_IDENTIFICATION': 'en_US.UTF-8', 'LC_MEASUREMENT': 'en_US.UTF-8', 'LC_MESSAGES': 'POSIX', 'SCRIMMAGE_PLUGIN_PATH': ':/home/odroid/scrimmage/usma/plugin_libs:/home/odroid/scrimmage/usma/plugins', 'LC_TELEPHONE': 'en_US.UTF-8', 'SHLVL': '1', 'PWD': '/home/odroid', 'ROS_ETC_DIR': '/opt/ros/indigo/etc/ros', 'LC_NAME': 'en_US.UTF-8', 'MAIL': '/var/mail/odroid', 'LC_TIME': 'en_US.UTF-8', 'XDG_SEAT': 'seat0'}]
[roslaunch][INFO] 2012-12-31 16:00:17,179: process[simple_ground_attack-15]: args[[u'/home/odroid/acs_ros_ws/src/autonomy-payload/ap_path_planning/src/ap_path_planning/simple_ground_attack.py', u'__name:=simple_ground_attack']]
[roslaunch][INFO] 2012-12-31 16:00:17,180: ... created process [simple_ground_attack-15]
[roslaunch.pmon][INFO] 2012-12-31 16:00:17,180: ProcessMonitor.register[simple_ground_attack-15]
[roslaunch.pmon][INFO] 2012-12-31 16:00:17,181: ProcessMonitor.register[simple_ground_attack-15] complete
[roslaunch][INFO] 2012-12-31 16:00:17,182: ... registered process [simple_ground_attack-15]
[roslaunch][INFO] 2012-12-31 16:00:17,182: process[simple_ground_attack-15]: starting os process
[roslaunch][INFO] 2012-12-31 16:00:17,182: process[simple_ground_attack-15]: start w/ args [[u'/home/odroid/acs_ros_ws/src/autonomy-payload/ap_path_planning/src/ap_path_planning/simple_ground_attack.py', u'__name:=simple_ground_attack', u'__log:=/home/odroid/.ros/log/3765e874-53a6-11e2-8d1a-001e06324787/simple_ground_attack-15.log']]
[roslaunch][INFO] 2012-12-31 16:00:17,183: process[simple_ground_attack-15]: cwd will be [/home/odroid/.ros]
[roslaunch][INFO] 2012-12-31 16:00:17,203: process[simple_ground_attack-15]: started with pid [2964]
[roslaunch][INFO] 2012-12-31 16:00:17,205: ... successfully launched [simple_ground_attack-15]
[roslaunch][INFO] 2012-12-31 16:00:17,205: ... preparing to launch node of type [ap_path_planning/tactic_interface.py]
[roslaunch][INFO] 2012-12-31 16:00:17,205: create_node_process: package[ap_path_planning] type[tactic_interface.py] machine[Machine(name[] env_loader[None] address[localhost] ssh_port[22] user[None] assignable[True] timeout[10.0])] master_uri[http://localhost:11311]
[roslaunch][INFO] 2012-12-31 16:00:17,206: process[tactic_interface-16]: env[{'LC_NUMERIC': 'en_US.UTF-8', 'ROS_DISTRO': 'indigo', 'NO_AT_BRIDGE': '1', 'SCRIMMAGE_TACTIC_INTERFACE_FILE': '/home/odroid/scrimmage/usma/plugins/autonomy/python/behaviors.xml', 'ROSLISP_PACKAGE_DIRECTORIES': '/home/odroid/acs_ros_ws/devel/share/common-lisp', 'CPATH': '/home/odroid/acs_ros_ws/devel/include:/opt/ros/indigo/include', 'LOGNAME': 'odroid', 'USER': 'odroid', 'PATH': '/home/odroid/acs_ros_ws/devel/bin:/opt/ros/indigo/bin:/usr/local/bin:/usr/bin:/bin:/usr/local/games:/usr/games:/home/odroid/scrimmage/usma/bin', 'LC_PAPER': 'en_US.UTF-8', 'HOME': '/home/odroid', 'CMAKE_PREFIX_PATH': '/home/odroid/acs_ros_ws/devel:/opt/ros/indigo', 'ROS_LOG_FILENAME': '/home/odroid/.ros/log/3765e874-53a6-11e2-8d1a-001e06324787/roslaunch-copter131-2716.log', 'LANG': 'C', 'TERM': 'linux', 'SHELL': '/bin/bash', 'LANGUAGE': 'C', 'LC_MONETARY': 'en_US.UTF-8', 'ROS_TEST_RESULTS_DIR': '/home/odroid/acs_ros_ws/build/test_results', 'LD_LIBRARY_PATH': '/home/odroid/acs_ros_ws/devel/lib:/home/odroid/acs_ros_ws/devel/lib/arm-linux-gnueabihf:/opt/ros/indigo/lib/arm-linux-gnueabihf:/opt/ros/indigo/lib', 'ROS_MASTER_URI': 'http://localhost:11311', 'LC_ALL': 'C', 'CEC_HDMI_PORT': '2', 'XDG_RUNTIME_DIR': '/run/user/1001', 'CATKIN_TEST_RESULTS_DIR': '/home/odroid/acs_ros_ws/build/test_results', 'LC_ADDRESS': 'en_US.UTF-8', 'PYTHONPATH': '/home/odroid/acs_ros_ws/devel/lib/python2.7/dist-packages:/opt/ros/indigo/lib/python2.7/dist-packages:/home/odroid/scrimmage/usma/plugins/autonomy/python', 'ROS_ROOT': '/opt/ros/indigo/share/ros', 'PKG_CONFIG_PATH': '/home/odroid/acs_ros_ws/devel/lib/pkgconfig:/home/odroid/acs_ros_ws/devel/lib/arm-linux-gnueabihf/pkgconfig:/opt/ros/indigo/lib/arm-linux-gnueabihf/pkgconfig:/opt/ros/indigo/lib/pkgconfig', 'ROS_PACKAGE_PATH': '/home/odroid/acs_ros_ws/src:/opt/ros/indigo/share:/opt/ros/indigo/stacks', 'XDG_SESSION_ID': 'c1', '_': '/opt/ros/indigo/bin/roslaunch', 'LC_IDENTIFICATION': 'en_US.UTF-8', 'LC_MEASUREMENT': 'en_US.UTF-8', 'LC_MESSAGES': 'POSIX', 'SCRIMMAGE_PLUGIN_PATH': ':/home/odroid/scrimmage/usma/plugin_libs:/home/odroid/scrimmage/usma/plugins', 'LC_TELEPHONE': 'en_US.UTF-8', 'SHLVL': '1', 'PWD': '/home/odroid', 'ROS_ETC_DIR': '/opt/ros/indigo/etc/ros', 'LC_NAME': 'en_US.UTF-8', 'MAIL': '/var/mail/odroid', 'LC_TIME': 'en_US.UTF-8', 'XDG_SEAT': 'seat0'}]
[roslaunch][INFO] 2012-12-31 16:00:17,348: process[tactic_interface-16]: args[[u'/home/odroid/acs_ros_ws/src/autonomy-payload/ap_path_planning/src/ap_path_planning/tactic_interface.py', u'tactic_interface/send_swarm_behavior_data:=network/send_swarm_behavior_data', u'tactic_interface/net_reset:=network/net_reset', u'tactic_interface/swarm_sub_behavior:=network/swarm_sub_behavior', u'tactic_interface/acs_pose:=autopilot/acs_pose', u'tactic_interface/wp_getlast:=autopilot/wp_getlast', u'tactic_interface/hit_uavs:=hit_tracker/hit_uavs', u'tactic_interface/waypoint_goto:=autopilot/waypoint_goto', u'tactic_interface/firing_reports:=air_to_air/firing_reports', u'__name:=tactic_interface']]
[roslaunch][INFO] 2012-12-31 16:00:17,349: ... created process [tactic_interface-16]
[roslaunch.pmon][INFO] 2012-12-31 16:00:17,351: ProcessMonitor.register[tactic_interface-16]
[roslaunch.pmon][INFO] 2012-12-31 16:00:17,351: ProcessMonitor.register[tactic_interface-16] complete
[roslaunch][INFO] 2012-12-31 16:00:17,352: ... registered process [tactic_interface-16]
[roslaunch][INFO] 2012-12-31 16:00:17,352: process[tactic_interface-16]: starting os process
[roslaunch][INFO] 2012-12-31 16:00:17,352: process[tactic_interface-16]: start w/ args [[u'/home/odroid/acs_ros_ws/src/autonomy-payload/ap_path_planning/src/ap_path_planning/tactic_interface.py', u'tactic_interface/send_swarm_behavior_data:=network/send_swarm_behavior_data', u'tactic_interface/net_reset:=network/net_reset', u'tactic_interface/swarm_sub_behavior:=network/swarm_sub_behavior', u'tactic_interface/acs_pose:=autopilot/acs_pose', u'tactic_interface/wp_getlast:=autopilot/wp_getlast', u'tactic_interface/hit_uavs:=hit_tracker/hit_uavs', u'tactic_interface/waypoint_goto:=autopilot/waypoint_goto', u'tactic_interface/firing_reports:=air_to_air/firing_reports', u'__name:=tactic_interface', u'__log:=/home/odroid/.ros/log/3765e874-53a6-11e2-8d1a-001e06324787/tactic_interface-16.log']]
[roslaunch][INFO] 2012-12-31 16:00:17,353: process[tactic_interface-16]: cwd will be [/home/odroid/.ros]
[roslaunch][INFO] 2012-12-31 16:00:17,380: process[tactic_interface-16]: started with pid [2983]
[roslaunch][INFO] 2012-12-31 16:00:17,381: ... successfully launched [tactic_interface-16]
[roslaunch][INFO] 2012-12-31 16:00:17,381: ... preparing to launch node of type [autonomy_itar/linear_formation.py]
[roslaunch][INFO] 2012-12-31 16:00:17,382: create_node_process: package[autonomy_itar] type[linear_formation.py] machine[Machine(name[] env_loader[None] address[localhost] ssh_port[22] user[None] assignable[True] timeout[10.0])] master_uri[http://localhost:11311]
[roslaunch][INFO] 2012-12-31 16:00:17,382: process[linear_formation-17]: env[{'LC_NUMERIC': 'en_US.UTF-8', 'ROS_DISTRO': 'indigo', 'NO_AT_BRIDGE': '1', 'SCRIMMAGE_TACTIC_INTERFACE_FILE': '/home/odroid/scrimmage/usma/plugins/autonomy/python/behaviors.xml', 'ROSLISP_PACKAGE_DIRECTORIES': '/home/odroid/acs_ros_ws/devel/share/common-lisp', 'CPATH': '/home/odroid/acs_ros_ws/devel/include:/opt/ros/indigo/include', 'LOGNAME': 'odroid', 'USER': 'odroid', 'PATH': '/home/odroid/acs_ros_ws/devel/bin:/opt/ros/indigo/bin:/usr/local/bin:/usr/bin:/bin:/usr/local/games:/usr/games:/home/odroid/scrimmage/usma/bin', 'LC_PAPER': 'en_US.UTF-8', 'HOME': '/home/odroid', 'CMAKE_PREFIX_PATH': '/home/odroid/acs_ros_ws/devel:/opt/ros/indigo', 'ROS_LOG_FILENAME': '/home/odroid/.ros/log/3765e874-53a6-11e2-8d1a-001e06324787/roslaunch-copter131-2716.log', 'LANG': 'C', 'TERM': 'linux', 'SHELL': '/bin/bash', 'LANGUAGE': 'C', 'LC_MONETARY': 'en_US.UTF-8', 'ROS_TEST_RESULTS_DIR': '/home/odroid/acs_ros_ws/build/test_results', 'LD_LIBRARY_PATH': '/home/odroid/acs_ros_ws/devel/lib:/home/odroid/acs_ros_ws/devel/lib/arm-linux-gnueabihf:/opt/ros/indigo/lib/arm-linux-gnueabihf:/opt/ros/indigo/lib', 'ROS_MASTER_URI': 'http://localhost:11311', 'LC_ALL': 'C', 'CEC_HDMI_PORT': '2', 'XDG_RUNTIME_DIR': '/run/user/1001', 'CATKIN_TEST_RESULTS_DIR': '/home/odroid/acs_ros_ws/build/test_results', 'LC_ADDRESS': 'en_US.UTF-8', 'PYTHONPATH': '/home/odroid/acs_ros_ws/devel/lib/python2.7/dist-packages:/opt/ros/indigo/lib/python2.7/dist-packages:/home/odroid/scrimmage/usma/plugins/autonomy/python', 'ROS_ROOT': '/opt/ros/indigo/share/ros', 'PKG_CONFIG_PATH': '/home/odroid/acs_ros_ws/devel/lib/pkgconfig:/home/odroid/acs_ros_ws/devel/lib/arm-linux-gnueabihf/pkgconfig:/opt/ros/indigo/lib/arm-linux-gnueabihf/pkgconfig:/opt/ros/indigo/lib/pkgconfig', 'ROS_PACKAGE_PATH': '/home/odroid/acs_ros_ws/src:/opt/ros/indigo/share:/opt/ros/indigo/stacks', 'XDG_SESSION_ID': 'c1', '_': '/opt/ros/indigo/bin/roslaunch', 'LC_IDENTIFICATION': 'en_US.UTF-8', 'LC_MEASUREMENT': 'en_US.UTF-8', 'LC_MESSAGES': 'POSIX', 'SCRIMMAGE_PLUGIN_PATH': ':/home/odroid/scrimmage/usma/plugin_libs:/home/odroid/scrimmage/usma/plugins', 'LC_TELEPHONE': 'en_US.UTF-8', 'SHLVL': '1', 'PWD': '/home/odroid', 'ROS_ETC_DIR': '/opt/ros/indigo/etc/ros', 'LC_NAME': 'en_US.UTF-8', 'MAIL': '/var/mail/odroid', 'LC_TIME': 'en_US.UTF-8', 'XDG_SEAT': 'seat0'}]
[roslaunch][INFO] 2012-12-31 16:00:17,538: process[linear_formation-17]: args[[u'/home/odroid/acs_ros_ws/src/autonomy_itar/src/autonomy_itar/linear_formation.py', u'linear_formation/waypoint_goto:=autopilot/waypoint_goto', u'linear_formation/wp_getlast:=autopilot/wp_getlast', u'__name:=linear_formation']]
[roslaunch][INFO] 2012-12-31 16:00:17,539: ... created process [linear_formation-17]
[roslaunch.pmon][INFO] 2012-12-31 16:00:17,539: ProcessMonitor.register[linear_formation-17]
[roslaunch.pmon][INFO] 2012-12-31 16:00:17,540: ProcessMonitor.register[linear_formation-17] complete
[roslaunch][INFO] 2012-12-31 16:00:17,540: ... registered process [linear_formation-17]
[roslaunch][INFO] 2012-12-31 16:00:17,541: process[linear_formation-17]: starting os process
[roslaunch][INFO] 2012-12-31 16:00:17,541: process[linear_formation-17]: start w/ args [[u'/home/odroid/acs_ros_ws/src/autonomy_itar/src/autonomy_itar/linear_formation.py', u'linear_formation/waypoint_goto:=autopilot/waypoint_goto', u'linear_formation/wp_getlast:=autopilot/wp_getlast', u'__name:=linear_formation', u'__log:=/home/odroid/.ros/log/3765e874-53a6-11e2-8d1a-001e06324787/linear_formation-17.log']]
[roslaunch][INFO] 2012-12-31 16:00:17,542: process[linear_formation-17]: cwd will be [/home/odroid/.ros]
[roslaunch][ERROR] 2012-12-31 16:00:17,574: [altitude_sensor-4] process has died [pid 2893, exit code 1, cmd /home/odroid/acs_ros_ws/src/autonomy-payload/ap_safety_monitor/src/altitude_eye_ROS.py __name:=altitude_sensor __log:=/home/odroid/.ros/log/3765e874-53a6-11e2-8d1a-001e06324787/altitude_sensor-4.log].
log file: /home/odroid/.ros/log/3765e874-53a6-11e2-8d1a-001e06324787/altitude_sensor-4*.log
[roslaunch][INFO] 2012-12-31 16:00:17,577: [altitude_sensor-4] restarting process
[roslaunch][INFO] 2012-12-31 16:00:17,578: process[altitude_sensor-4]: restarting os process
[roslaunch][INFO] 2012-12-31 16:00:17,580: process[altitude_sensor-4]: start w/ args [[u'/home/odroid/acs_ros_ws/src/autonomy-payload/ap_safety_monitor/src/altitude_eye_ROS.py', u'__name:=altitude_sensor', u'__log:=/home/odroid/.ros/log/3765e874-53a6-11e2-8d1a-001e06324787/altitude_sensor-4.log']]
[roslaunch][INFO] 2012-12-31 16:00:17,580: process[altitude_sensor-4]: cwd will be [/home/odroid/.ros]
[roslaunch][INFO] 2012-12-31 16:00:17,592: process[linear_formation-17]: started with pid [3001]
[roslaunch][INFO] 2012-12-31 16:00:17,595: ... successfully launched [linear_formation-17]
[roslaunch][INFO] 2012-12-31 16:00:17,596: ... preparing to launch node of type [autonomy_itar/swarm_landing_sequencer.py]
[roslaunch][INFO] 2012-12-31 16:00:17,597: create_node_process: package[autonomy_itar] type[swarm_landing_sequencer.py] machine[Machine(name[] env_loader[None] address[localhost] ssh_port[22] user[None] assignable[True] timeout[10.0])] master_uri[http://localhost:11311]
[roslaunch][INFO] 2012-12-31 16:00:17,600: process[swarm_landing_sequencer-18]: env[{'LC_NUMERIC': 'en_US.UTF-8', 'ROS_DISTRO': 'indigo', 'NO_AT_BRIDGE': '1', 'SCRIMMAGE_TACTIC_INTERFACE_FILE': '/home/odroid/scrimmage/usma/plugins/autonomy/python/behaviors.xml', 'ROSLISP_PACKAGE_DIRECTORIES': '/home/odroid/acs_ros_ws/devel/share/common-lisp', 'CPATH': '/home/odroid/acs_ros_ws/devel/include:/opt/ros/indigo/include', 'LOGNAME': 'odroid', 'USER': 'odroid', 'PATH': '/home/odroid/acs_ros_ws/devel/bin:/opt/ros/indigo/bin:/usr/local/bin:/usr/bin:/bin:/usr/local/games:/usr/games:/home/odroid/scrimmage/usma/bin', 'LC_PAPER': 'en_US.UTF-8', 'HOME': '/home/odroid', 'CMAKE_PREFIX_PATH': '/home/odroid/acs_ros_ws/devel:/opt/ros/indigo', 'ROS_LOG_FILENAME': '/home/odroid/.ros/log/3765e874-53a6-11e2-8d1a-001e06324787/roslaunch-copter131-2716.log', 'LANG': 'C', 'TERM': 'linux', 'SHELL': '/bin/bash', 'LANGUAGE': 'C', 'LC_MONETARY': 'en_US.UTF-8', 'ROS_TEST_RESULTS_DIR': '/home/odroid/acs_ros_ws/build/test_results', 'LD_LIBRARY_PATH': '/home/odroid/acs_ros_ws/devel/lib:/home/odroid/acs_ros_ws/devel/lib/arm-linux-gnueabihf:/opt/ros/indigo/lib/arm-linux-gnueabihf:/opt/ros/indigo/lib', 'ROS_MASTER_URI': 'http://localhost:11311', 'LC_ALL': 'C', 'CEC_HDMI_PORT': '2', 'XDG_RUNTIME_DIR': '/run/user/1001', 'CATKIN_TEST_RESULTS_DIR': '/home/odroid/acs_ros_ws/build/test_results', 'LC_ADDRESS': 'en_US.UTF-8', 'PYTHONPATH': '/home/odroid/acs_ros_ws/devel/lib/python2.7/dist-packages:/opt/ros/indigo/lib/python2.7/dist-packages:/home/odroid/scrimmage/usma/plugins/autonomy/python', 'ROS_ROOT': '/opt/ros/indigo/share/ros', 'PKG_CONFIG_PATH': '/home/odroid/acs_ros_ws/devel/lib/pkgconfig:/home/odroid/acs_ros_ws/devel/lib/arm-linux-gnueabihf/pkgconfig:/opt/ros/indigo/lib/arm-linux-gnueabihf/pkgconfig:/opt/ros/indigo/lib/pkgconfig', 'ROS_PACKAGE_PATH': '/home/odroid/acs_ros_ws/src:/opt/ros/indigo/share:/opt/ros/indigo/stacks', 'XDG_SESSION_ID': 'c1', '_': '/opt/ros/indigo/bin/roslaunch', 'LC_IDENTIFICATION': 'en_US.UTF-8', 'LC_MEASUREMENT': 'en_US.UTF-8', 'LC_MESSAGES': 'POSIX', 'SCRIMMAGE_PLUGIN_PATH': ':/home/odroid/scrimmage/usma/plugin_libs:/home/odroid/scrimmage/usma/plugins', 'LC_TELEPHONE': 'en_US.UTF-8', 'SHLVL': '1', 'PWD': '/home/odroid', 'ROS_ETC_DIR': '/opt/ros/indigo/etc/ros', 'LC_NAME': 'en_US.UTF-8', 'MAIL': '/var/mail/odroid', 'LC_TIME': 'en_US.UTF-8', 'XDG_SEAT': 'seat0'}]
[roslaunch][INFO] 2012-12-31 16:00:17,619: process[altitude_sensor-4]: started with pid [3006]
                                           