[rospy.client][INFO] 2012-12-31 16:22:22,339: init_node, name[/autopilot], pid[2835]
[xmlrpc][INFO] 2012-12-31 16:22:22,360: XML-RPC server binding to 0.0.0.0:0
[xmlrpc][INFO] 2012-12-31 16:22:22,366: Started XML-RPC server [http://copter131:50405/]
[rospy.init][INFO] 2012-12-31 16:22:22,366: ROS Slave URI: [http://copter131:50405/]
[rospy.impl.masterslave][INFO] 2012-12-31 16:22:22,367: _ready: http://copter131:50405/
[xmlrpc][INFO] 2012-12-31 16:22:22,373: xml rpc node: starting XML-RPC server
[rospy.registration][INFO] 2012-12-31 16:22:22,383: Registering with master node http://localhost:11311
[rospy.init][INFO] 2012-12-31 16:22:22,468: registered with master
[rospy.rosout][INFO] 2012-12-31 16:22:22,469: initializing /rosout core topic
[rospy.rosout][INFO] 2012-12-31 16:22:22,533: connected to core topic /rosout
[rospy.simtime][INFO] 2012-12-31 16:22:22,599: /use_sim_time is not set, will not subscribe to simulated time [/clock] topic
[rosout][INFO] 2012-12-31 16:22:22,780: MAVLinkBridge: Connecting to /dev/ttyACM99 ...
[rospy.internal][INFO] 2012-12-31 16:22:22,782: topic[/rosout] adding connection to [/rosout], count 0
[rosout][INFO] 2012-12-31 16:22:22,794: MAVLinkBridge: Waiting for autopilot heartbeat ...
[rosout][INFO] 2012-12-31 16:22:23,318: MAVLinkBridge: Waiting for usable SYSTEM_TIME ...
[rosout][INFO] 2019-03-05 07:35:08,490: Successfully synced local clock.
[rosout][INFO] 2019-03-05 07:35:08,493: MAVLinkBridge initialized.
[rospy.internal][INFO] 2019-03-05 07:35:10,847: topic[/autopilot/heartbeat_onboard] adding connection to [http://copter131:37141/], count 0
[rospy.internal][INFO] 2019-03-05 07:35:10,926: topic[/autopilot/payload_waypoint] adding connection to [http://copter131:37141/], count 0
[rospy.internal][INFO] 2019-03-05 07:35:11,136: topic[/autopilot/acs_pose] adding connection to [/swarm_tracker], count 0
[rospy.internal][INFO] 2019-03-05 07:35:11,142: topic[/autopilot/acs_pose] adding connection to [/safety], count 1
[rospy.internal][INFO] 2019-03-05 07:35:11,160: topic[/autopilot/acs_pose] adding connection to [/network], count 2
[rospy.internal][INFO] 2019-03-05 07:35:11,163: topic[/autopilot/acs_pose] adding connection to [/patrol_box], count 3
[rospy.internal][INFO] 2019-03-05 07:35:11,164: topic[/autopilot/acs_pose] adding connection to [/red_tracker], count 4
[rospy.internal][INFO] 2019-03-05 07:35:11,176: topic[/autopilot/acs_pose] adding connection to [/evader], count 5
[rospy.internal][INFO] 2019-03-05 07:35:11,252: topic[/autopilot/waypoint_goto] adding connection to [http://copter131:36136/], count 0
[rospy.internal][INFO] 2019-03-05 07:35:11,258: topic[/autopilot/waypoint_goto] adding connection to [http://copter131:54045/], count 1
[rospy.internal][INFO] 2019-03-05 07:35:11,276: topic[/autopilot/acs_pose] adding connection to [/constrained_shooter], count 6
[rospy.internal][INFO] 2019-03-05 07:35:11,286: topic[/autopilot/status] adding connection to [/constrained_shooter], count 0
[rospy.internal][INFO] 2019-03-05 07:35:11,288: topic[/autopilot/status] adding connection to [/network], count 1
[rospy.internal][INFO] 2019-03-05 07:35:11,302: topic[/autopilot/status] adding connection to [/independent_transit], count 2
[rospy.internal][INFO] 2019-03-05 07:35:11,320: topic[/autopilot/status] adding connection to [/task_runner], count 3
[rospy.internal][INFO] 2019-03-05 07:35:11,329: topic[/autopilot/status] adding connection to [/pn_interceptor], count 4
[rospy.internal][INFO] 2019-03-05 07:35:11,333: topic[/autopilot/status] adding connection to [/wingman], count 5
[rospy.internal][INFO] 2019-03-05 07:35:11,337: topic[/autopilot/status] adding connection to [/swarm_landing_sequencer], count 6
[rospy.internal][INFO] 2019-03-05 07:35:11,341: topic[/autopilot/status] adding connection to [/patrol_box], count 7
[rospy.internal][INFO] 2019-03-05 07:35:11,348: topic[/autopilot/status] adding connection to [/tactic_interface], count 8
[rospy.internal][INFO] 2019-03-05 07:35:11,353: topic[/autopilot/status] adding connection to [/linear_formation], count 9
[rospy.internal][INFO] 2019-03-05 07:35:11,358: topic[/autopilot/status] adding connection to [/evader], count 10
[rospy.internal][INFO] 2019-03-05 07:35:11,364: topic[/autopilot/status] adding connection to [/smart_shooter], count 11
[rospy.internal][INFO] 2019-03-05 07:35:11,367: topic[/autopilot/status] adding connection to [/swarm_tracker], count 12
[rospy.internal][INFO] 2019-03-05 07:35:11,372: topic[/autopilot/status] adding connection to [/patrol_box_shooter], count 13
[rospy.internal][INFO] 2019-03-05 07:35:11,378: topic[/autopilot/status] adding connection to [/greedy_shooter], count 14
[rospy.internal][INFO] 2019-03-05 07:35:11,441: topic[/autopilot/acs_pose] adding connection to [/smart_shooter], count 7
[rospy.internal][INFO] 2019-03-05 07:35:11,464: topic[/autopilot/acs_pose] adding connection to [/greedy_shooter], count 8
[rospy.internal][INFO] 2019-03-05 07:35:11,474: topic[/autopilot/acs_pose] adding connection to [/tactic_interface], count 9
[rospy.internal][INFO] 2019-03-05 07:35:11,574: topic[/autopilot/waypoint_goto] adding connection to [http://copter131:42304/], count 2
[rospy.internal][INFO] 2019-03-05 07:35:11,577: topic[/autopilot/waypoint_goto] adding connection to [http://copter131:57979/], count 2
[rospy.internal][INFO] 2019-03-05 07:35:11,666: topic[/autopilot/waypoint_goto] adding connection to [http://copter131:36651/], count 4
[rospy.internal][INFO] 2019-03-05 07:35:11,670: topic[/autopilot/acs_pose] adding connection to [/wingman], count 10
[rosout][INFO] 2019-03-05 07:35:11,677: ROS srv recvd: fpr_param_set
[rospy.internal][INFO] 2019-03-05 07:35:11,732: topic[/autopilot/acs_pose] adding connection to [/patrol_box_shooter], count 11
[rospy.internal][INFO] 2019-03-05 07:35:11,736: topic[/autopilot/waypoint_goto] adding connection to [http://copter131:34816/], count 5
[rospy.internal][INFO] 2019-03-05 07:35:11,771: topic[/autopilot/status] adding connection to [/simple_ground_attack], count 15
[rospy.internal][INFO] 2019-03-05 07:35:12,396: topic[/autopilot/status] adding connection to [/swarm_control], count 16
[rospy.internal][INFO] 2019-03-05 07:35:12,605: topic[/autopilot/mode_num] adding connection to [http://copter131:46762/], count 0
[rospy.internal][INFO] 2019-03-05 07:35:12,620: topic[/autopilot/waypoint_goto] adding connection to [http://copter131:46762/], count 6
[rosout][INFO] 2019-03-05 07:35:33,654: MAVLink STATUSTEXT: EKF2 IMU0 is using GPS
[rosout][INFO] 2019-03-05 07:35:33,659: MAVLink STATUSTEXT: EKF2 IMU1 is using GPS
