[rospy.client][INFO] 2019-03-05 07:35:09,541: init_node, name[/constrained_shooter], pid[3101]
[xmlrpc][INFO] 2019-03-05 07:35:09,542: XML-RPC server binding to 0.0.0.0:0
[rospy.init][INFO] 2019-03-05 07:35:09,545: ROS Slave URI: [http://copter131:33566/]
[xmlrpc][INFO] 2019-03-05 07:35:09,545: Started XML-RPC server [http://copter131:33566/]
[rospy.impl.masterslave][INFO] 2019-03-05 07:35:09,545: _ready: http://copter131:33566/
[xmlrpc][INFO] 2019-03-05 07:35:09,547: xml rpc node: starting XML-RPC server
[rospy.registration][INFO] 2019-03-05 07:35:09,549: Registering with master node http://localhost:11311
[rospy.init][INFO] 2019-03-05 07:35:09,645: registered with master
[rospy.rosout][INFO] 2019-03-05 07:35:09,646: initializing /rosout core topic
[rospy.rosout][INFO] 2019-03-05 07:35:09,770: connected to core topic /rosout
[rospy.simtime][INFO] 2019-03-05 07:35:09,797: /use_sim_time is not set, will not subscribe to simulated time [/clock] topic
[rospy.internal][INFO] 2019-03-05 07:35:10,032: topic[/rosout] adding connection to [/rosout], count 0
[rospy.internal][INFO] 2019-03-05 07:35:10,083: topic[/safety/payload_waypoint] adding connection to [/safety], count 0
[rospy.internal][INFO] 2019-03-05 07:35:10,268: topic[/network/send_swarm_behavior_data] adding connection to [/network], count 0
[rospy.internal][INFO] 2019-03-05 07:35:11,244: topic[/autopilot/acs_pose] adding connection to [http://copter131:50405/], count 0
[rospy.internal][INFO] 2019-03-05 07:35:11,267: topic[/autopilot/status] adding connection to [http://copter131:50405/], count 0
[rospy.internal][INFO] 2019-03-05 07:35:11,312: topic[/swarm_control/behavior_status] adding connection to [/swarm_control], count 0
[rospy.internal][INFO] 2019-03-05 07:35:11,381: topic[/hit_tracker/hit_uavs] adding connection to [http://copter131:35430/], count 0
[rospy.internal][INFO] 2019-03-05 07:35:11,445: topic[/air_to_air/firing_reports] adding connection to [/network], count 0
[rospy.internal][INFO] 2019-03-05 07:35:12,501: topic[/swarm_control/subswarm_id] adding connection to [http://copter131:46762/], count 0
[rospy.internal][INFO] 2019-03-05 07:35:12,530: topic[/swarm_control/ap_intent] adding connection to [http://copter131:46762/], count 0
