[rospy.client][INFO] 2019-03-05 07:35:10,830: init_node, name[/greedy_shooter], pid[3063]
[xmlrpc][INFO] 2019-03-05 07:35:10,832: XML-RPC server binding to 0.0.0.0:0
[xmlrpc][INFO] 2019-03-05 07:35:10,833: Started XML-RPC server [http://copter131:57979/]
[rospy.init][INFO] 2019-03-05 07:35:10,833: ROS Slave URI: [http://copter131:57979/]
[rospy.impl.masterslave][INFO] 2019-03-05 07:35:10,833: _ready: http://copter131:57979/
[rospy.registration][INFO] 2019-03-05 07:35:10,835: Registering with master node http://localhost:11311
[xmlrpc][INFO] 2019-03-05 07:35:10,836: xml rpc node: starting XML-RPC server
[rospy.registration][INFO] 2019-03-05 07:35:10,836: Registering publisher topic [/safety/payload_waypoint] type [autopilot_bridge/LLA] with master
[rospy.registration][INFO] 2019-03-05 07:35:10,843: registering subscriber topic [/autopilot/status] type [autopilot_bridge/Status] with master
[rospy.internal][INFO] 2019-03-05 07:35:10,914: topic[/safety/payload_waypoint] adding connection to [/safety], count 0
[rospy.init][INFO] 2019-03-05 07:35:10,934: registered with master
[rospy.rosout][INFO] 2019-03-05 07:35:10,934: initializing /rosout core topic
[rospy.rosout][INFO] 2019-03-05 07:35:10,939: connected to core topic /rosout
[rospy.simtime][INFO] 2019-03-05 07:35:10,942: /use_sim_time is not set, will not subscribe to simulated time [/clock] topic
[rospy.internal][INFO] 2019-03-05 07:35:11,157: topic[/network/send_swarm_behavior_data] adding connection to [/network], count 0
[rospy.internal][INFO] 2019-03-05 07:35:11,213: topic[/rosout] adding connection to [/rosout], count 0
[rospy.internal][INFO] 2019-03-05 07:35:11,360: topic[/swarm_control/behavior_status] adding connection to [/swarm_control], count 0
[rospy.internal][INFO] 2019-03-05 07:35:11,361: topic[/autopilot/status] adding connection to [http://copter131:50405/], count 0
[rospy.internal][INFO] 2019-03-05 07:35:11,461: topic[/autopilot/acs_pose] adding connection to [http://copter131:50405/], count 0
[rospy.internal][INFO] 2019-03-05 07:35:11,483: topic[/hit_tracker/hit_uavs] adding connection to [http://copter131:35430/], count 0
[rospy.internal][INFO] 2019-03-05 07:35:11,573: topic[/air_to_air/firing_reports] adding connection to [/network], count 0
[rospy.internal][INFO] 2019-03-05 07:35:11,577: topic[/autopilot/waypoint_goto] adding connection to [/autopilot], count 0
[rospy.internal][INFO] 2019-03-05 07:35:12,545: topic[/swarm_control/subswarm_id] adding connection to [http://copter131:46762/], count 0
[rospy.internal][INFO] 2019-03-05 07:35:13,553: topic[/swarm_control/ap_intent] adding connection to [http://copter131:46762/], count 0
