[rospy.client][INFO] 2019-03-05 07:35:09,961: init_node, name[/patrol_box_shooter], pid[3151]
[xmlrpc][INFO] 2019-03-05 07:35:09,963: XML-RPC server binding to 0.0.0.0:0
[xmlrpc][INFO] 2019-03-05 07:35:09,966: Started XML-RPC server [http://copter131:37763/]
[rospy.init][INFO] 2019-03-05 07:35:09,966: ROS Slave URI: [http://copter131:37763/]
[rospy.impl.masterslave][INFO] 2019-03-05 07:35:09,967: _ready: http://copter131:37763/
[xmlrpc][INFO] 2019-03-05 07:35:09,971: xml rpc node: starting XML-RPC server
[rospy.registration][INFO] 2019-03-05 07:35:09,972: Registering with master node http://localhost:11311
[rospy.init][INFO] 2019-03-05 07:35:10,068: registered with master
[rospy.rosout][INFO] 2019-03-05 07:35:10,068: initializing /rosout core topic
[rospy.rosout][INFO] 2019-03-05 07:35:11,075: connected to core topic /rosout
[rospy.simtime][INFO] 2019-03-05 07:35:11,079: /use_sim_time is not set, will not subscribe to simulated time [/clock] topic
[rospy.internal][INFO] 2019-03-05 07:35:11,265: topic[/safety/payload_waypoint] adding connection to [/safety], count 0
[rospy.internal][INFO] 2019-03-05 07:35:11,317: topic[/rosout] adding connection to [/rosout], count 0
[rospy.internal][INFO] 2019-03-05 07:35:11,354: topic[/autopilot/status] adding connection to [http://copter131:50405/], count 0
[rospy.internal][INFO] 2019-03-05 07:35:11,657: topic[/network/send_swarm_behavior_data] adding connection to [/network], count 0
[rospy.internal][INFO] 2019-03-05 07:35:11,680: topic[/swarm_control/behavior_status] adding connection to [/swarm_control], count 0
[rospy.internal][INFO] 2019-03-05 07:35:11,730: topic[/autopilot/acs_pose] adding connection to [http://copter131:50405/], count 0
[rospy.internal][INFO] 2019-03-05 07:35:11,731: topic[/hit_tracker/hit_uavs] adding connection to [http://copter131:35430/], count 0
[rospy.internal][INFO] 2019-03-05 07:35:11,790: topic[/air_to_air/firing_reports] adding connection to [/network], count 0
[rospy.internal][INFO] 2019-03-05 07:35:13,541: topic[/swarm_control/subswarm_id] adding connection to [http://copter131:46762/], count 0
[rospy.internal][INFO] 2019-03-05 07:35:13,558: topic[/swarm_control/ap_intent] adding connection to [http://copter131:46762/], count 0
