[rospy.client][INFO] 2019-03-05 07:35:09,721: init_node, name[/smart_shooter], pid[3088]
[xmlrpc][INFO] 2019-03-05 07:35:09,722: XML-RPC server binding to 0.0.0.0:0
[rospy.init][INFO] 2019-03-05 07:35:09,724: ROS Slave URI: [http://copter131:59214/]
[xmlrpc][INFO] 2019-03-05 07:35:09,725: Started XML-RPC server [http://copter131:59214/]
[rospy.impl.masterslave][INFO] 2019-03-05 07:35:09,725: _ready: http://copter131:59214/
[xmlrpc][INFO] 2019-03-05 07:35:09,726: xml rpc node: starting XML-RPC server
[rospy.registration][INFO] 2019-03-05 07:35:09,727: Registering with master node http://localhost:11311
[rospy.init][INFO] 2019-03-05 07:35:09,825: registered with master
[rospy.rosout][INFO] 2019-03-05 07:35:09,825: initializing /rosout core topic
[rospy.rosout][INFO] 2019-03-05 07:35:09,846: connected to core topic /rosout
[rospy.simtime][INFO] 2019-03-05 07:35:09,861: /use_sim_time is not set, will not subscribe to simulated time [/clock] topic
[rospy.internal][INFO] 2019-03-05 07:35:10,083: topic[/safety/payload_waypoint] adding connection to [/safety], count 0
[rospy.internal][INFO] 2019-03-05 07:35:10,138: topic[/rosout] adding connection to [/rosout], count 0
[rospy.internal][INFO] 2019-03-05 07:35:10,726: topic[/network/send_swarm_behavior_data] adding connection to [/network], count 0
[rospy.internal][INFO] 2019-03-05 07:35:11,327: topic[/autopilot/status] adding connection to [http://copter131:50405/], count 0
[rospy.internal][INFO] 2019-03-05 07:35:11,332: topic[/swarm_control/behavior_status] adding connection to [/swarm_control], count 0
[rospy.internal][INFO] 2019-03-05 07:35:11,437: topic[/autopilot/acs_pose] adding connection to [http://copter131:50405/], count 0
[rospy.internal][INFO] 2019-03-05 07:35:11,471: topic[/hit_tracker/hit_uavs] adding connection to [http://copter131:35430/], count 0
[rospy.internal][INFO] 2019-03-05 07:35:11,570: topic[/air_to_air/firing_reports] adding connection to [/network], count 0
[rospy.internal][INFO] 2019-03-05 07:35:12,483: topic[/swarm_control/subswarm_id] adding connection to [http://copter131:46762/], count 0
[rospy.internal][INFO] 2019-03-05 07:35:12,575: topic[/swarm_control/ap_intent] adding connection to [http://copter131:46762/], count 0
