[rospy.client][INFO] 2019-03-05 07:35:09,764: init_node, name[/wingman], pid[3116]
[xmlrpc][INFO] 2019-03-05 07:35:09,768: XML-RPC server binding to 0.0.0.0:0
[rospy.init][INFO] 2019-03-05 07:35:09,771: ROS Slave URI: [http://copter131:36651/]
[xmlrpc][INFO] 2019-03-05 07:35:09,771: Started XML-RPC server [http://copter131:36651/]
[rospy.impl.masterslave][INFO] 2019-03-05 07:35:09,772: _ready: http://copter131:36651/
[xmlrpc][INFO] 2019-03-05 07:35:09,774: xml rpc node: starting XML-RPC server
[rospy.registration][INFO] 2019-03-05 07:35:09,775: Registering with master node http://localhost:11311
[rospy.init][INFO] 2019-03-05 07:35:09,872: registered with master
[rospy.rosout][INFO] 2019-03-05 07:35:09,872: initializing /rosout core topic
[rospy.rosout][INFO] 2019-03-05 07:35:09,892: connected to core topic /rosout
[rospy.simtime][INFO] 2019-03-05 07:35:09,908: /use_sim_time is not set, will not subscribe to simulated time [/clock] topic
[rospy.internal][INFO] 2019-03-05 07:35:10,142: topic[/rosout] adding connection to [/rosout], count 0
[rospy.internal][INFO] 2019-03-05 07:35:10,180: topic[/safety/payload_waypoint] adding connection to [/safety], count 0
[rospy.internal][INFO] 2019-03-05 07:35:10,412: topic[/network/send_swarm_behavior_data] adding connection to [/network], count 0
[rospy.internal][INFO] 2019-03-05 07:35:11,281: topic[/autopilot/status] adding connection to [http://copter131:50405/], count 0
[rospy.internal][INFO] 2019-03-05 07:35:11,310: topic[/swarm_control/behavior_status] adding connection to [/swarm_control], count 0
[rospy.internal][INFO] 2019-03-05 07:35:11,643: topic[/hit_tracker/hit_uavs] adding connection to [http://copter131:35430/], count 0
[rospy.internal][INFO] 2019-03-05 07:35:11,653: topic[/autopilot/acs_pose] adding connection to [http://copter131:50405/], count 0
[rospy.internal][INFO] 2019-03-05 07:35:11,672: topic[/autopilot/waypoint_goto] adding connection to [/autopilot], count 0
[rospy.internal][INFO] 2019-03-05 07:35:11,678: topic[/air_to_air/firing_reports] adding connection to [/network], count 0
[rospy.internal][INFO] 2019-03-05 07:35:12,520: topic[/swarm_control/subswarm_id] adding connection to [http://copter131:46762/], count 0
[rospy.internal][INFO] 2019-03-05 07:35:12,563: topic[/swarm_control/ap_intent] adding connection to [http://copter131:46762/], count 0
