[rospy.client][INFO] 2012-12-31 16:00:16,460: init_node, name[/network], pid[2809]
[xmlrpc][INFO] 2012-12-31 16:00:16,462: XML-RPC server binding to 0.0.0.0:0
[rospy.init][INFO] 2012-12-31 16:00:16,464: ROS Slave URI: [http://copter131:43946/]
[xmlrpc][INFO] 2012-12-31 16:00:16,464: Started XML-RPC server [http://copter131:43946/]
[rospy.impl.masterslave][INFO] 2012-12-31 16:00:16,465: _ready: http://copter131:43946/
[xmlrpc][INFO] 2012-12-31 16:00:16,466: xml rpc node: starting XML-RPC server
[rospy.registration][INFO] 2012-12-31 16:00:16,467: Registering with master node http://localhost:11311
[rospy.init][INFO] 2012-12-31 16:00:16,565: registered with master
[rospy.rosout][INFO] 2012-12-31 16:00:16,566: initializing /rosout core topic
[rospy.rosout][INFO] 2012-12-31 16:00:16,612: connected to core topic /rosout
[rospy.simtime][INFO] 2012-12-31 16:00:16,619: /use_sim_time is not set, will not subscribe to simulated time [/clock] topic
[rospy.internal][INFO] 2012-12-31 16:00:16,910: topic[/rosout] adding connection to [/rosout], count 0
[rospy.internal][INFO] 2012-12-31 16:00:20,885: topic[/network/send_swarm_behavior_data] adding connection to [http://copter131:49396/], count 0
[rospy.internal][INFO] 2012-12-31 16:00:20,890: topic[/network/send_swarm_behavior_data] adding connection to [http://copter131:44633/], count 1
[rospy.internal][INFO] 2012-12-31 16:00:20,892: topic[/network/send_swarm_behavior_data] adding connection to [http://copter131:38893/], count 1
[rospy.internal][INFO] 2012-12-31 16:00:20,892: topic[/network/send_swarm_behavior_data] adding connection to [http://copter131:51256/], count 1
[rospy.internal][INFO] 2012-12-31 16:00:20,897: topic[/network/send_swarm_behavior_data] adding connection to [http://copter131:57956/], count 4
[rospy.internal][INFO] 2012-12-31 16:00:20,911: topic[/network/send_swarm_behavior_data] adding connection to [http://copter131:46015/], count 5
[rospy.internal][INFO] 2012-12-31 16:00:20,915: topic[/network/send_swarm_behavior_data] adding connection to [http://copter131:41011/], count 6
[rospy.internal][INFO] 2012-12-31 16:00:20,923: topic[/network/send_swarm_behavior_data] adding connection to [http://copter131:40199/], count 7
[rospy.internal][INFO] 2012-12-31 16:00:20,927: topic[/network/send_swarm_behavior_data] adding connection to [http://copter131:47189/], count 8
[rospy.internal][INFO] 2012-12-31 16:00:20,934: topic[/network/send_swarm_behavior_data] adding connection to [http://copter131:39376/], count 9
[rospy.internal][INFO] 2012-12-31 16:00:20,936: topic[/network/send_swarm_behavior_data] adding connection to [http://copter131:56177/], count 9
[rospy.internal][INFO] 2012-12-31 16:00:20,938: topic[/network/send_swarm_behavior_data] adding connection to [http://copter131:47610/], count 11
[rospy.internal][INFO] 2012-12-31 16:00:20,964: topic[/network/send_swarm_behavior_data] adding connection to [http://copter131:34826/], count 12
[rospy.internal][INFO] 2019-02-28 06:24:30,424: topic[/air_to_air/firing_reports] adding connection to [http://copter131:47189/], count 0
[rospy.internal][INFO] 2019-02-28 06:24:30,428: topic[/autopilot/acs_pose] adding connection to [http://copter131:60754/], count 0
[rospy.internal][INFO] 2019-02-28 06:24:30,649: topic[/air_to_air/firing_reports] adding connection to [http://copter131:40199/], count 1
[rospy.internal][INFO] 2019-02-28 06:24:30,862: topic[/swarm_control/subswarm_id] adding connection to [http://copter131:33762/], count 0
[rospy.internal][INFO] 2019-02-28 06:24:30,913: topic[/air_to_air/firing_reports] adding connection to [http://copter131:47610/], count 2
[rospy.internal][INFO] 2019-02-28 06:24:30,927: topic[/air_to_air/firing_reports] adding connection to [http://copter131:47610/], count 3
[rospy.internal][INFO] 2019-02-28 06:24:30,929: topic[/air_to_air/firing_reports] removing connection to http://copter131:47610/
[rospy.internal][INFO] 2019-02-28 06:24:30,930: topic[/air_to_air/firing_reports] adding connection to [http://copter131:56177/], count 3
[rospy.internal][WARNING] 2019-02-28 06:24:30,936: Unknown error initiating TCP/IP socket to copter131:47613 (http://copter131:47610/): Traceback (most recent call last):
  File "/opt/ros/indigo/lib/python2.7/dist-packages/rospy/impl/tcpros_base.py", line 557, in connect
    self.read_header()
  File "/opt/ros/indigo/lib/python2.7/dist-packages/rospy/impl/tcpros_base.py", line 618, in read_header
    self._validate_header(read_ros_handshake_header(sock, self.read_buff, self.protocol.buff_size))
AttributeError: 'NoneType' object has no attribute 'buff_size'

[rospy.internal][INFO] 2019-02-28 06:24:30,957: topic[/air_to_air/firing_reports] adding connection to [http://copter131:46015/], count 4
[rospy.internal][INFO] 2019-02-28 06:24:30,973: topic[/network/swarm_sub_behavior] adding connection to [http://copter131:47610/], count 0
[rospy.internal][INFO] 2019-02-28 06:24:30,993: topic[/swarm_control/swarm_state] adding connection to [http://copter131:33762/], count 0
[rospy.internal][INFO] 2019-02-28 06:24:31,003: topic[/swarm_control/swarm_behavior] adding connection to [http://copter131:33762/], count 0
[rospy.internal][INFO] 2019-02-28 06:24:31,102: topic[/air_to_air/firing_reports] adding connection to [http://copter131:39376/], count 5
[rospy.internal][INFO] 2019-02-28 06:24:31,218: topic[/autopilot/status] adding connection to [http://copter131:60754/], count 0
[rospy.internal][INFO] 2019-02-28 06:24:31,284: topic[/swarm_control/behavior_summary] adding connection to [http://copter131:33762/], count 0
[rospy.internal][INFO] 2019-02-28 06:26:22,789: topic[/network/recv_swarm_ctl_state] adding connection to [/swarm_tracker], count 0
[rospy.internal][INFO] 2019-02-28 06:26:23,501: topic[/network/recv_pose] adding connection to [/recv_pose_rate], count 0
[rospy.internal][INFO] 2019-02-28 06:26:23,506: topic[/network/recv_pose] adding connection to [/swarm_tracker], count 1
[rospy.internal][INFO] 2019-02-28 06:29:02,962: topic[/autopilot/heartbeat_ground] adding connection to [/safety], count 0
[rospy.internal][INFO] 2019-02-28 06:29:03,000: topic[/autopilot/heartbeat_ground] adding connection to [/autopilot], count 1
[rosout][INFO] 2019-02-28 06:29:30,732: NET FlightReady
[rosout][INFO] 2019-02-28 06:29:54,210: NET SlaveSetup
[rosout][INFO] 2019-02-28 06:30:11,221: NET SwarmState
[rosout][INFO] 2019-02-28 06:30:15,748: NET SwarmState
[rosout][INFO] 2019-02-28 06:30:20,961: NET SwarmState
