[rospy.client][INFO] 2012-12-31 16:00:16,411: init_node, name[/safety], pid[2806]
[xmlrpc][INFO] 2012-12-31 16:00:16,435: XML-RPC server binding to 0.0.0.0:0
[xmlrpc][INFO] 2012-12-31 16:00:16,436: Started XML-RPC server [http://copter131:53425/]
[rospy.init][INFO] 2012-12-31 16:00:16,436: ROS Slave URI: [http://copter131:53425/]
[rospy.impl.masterslave][INFO] 2012-12-31 16:00:16,437: _ready: http://copter131:53425/
[xmlrpc][INFO] 2012-12-31 16:00:16,445: xml rpc node: starting XML-RPC server
[rospy.registration][INFO] 2012-12-31 16:00:16,460: Registering with master node http://localhost:11311
[rospy.init][INFO] 2012-12-31 16:00:16,538: registered with master
[rospy.rosout][INFO] 2012-12-31 16:00:16,539: initializing /rosout core topic
[rospy.rosout][INFO] 2012-12-31 16:00:16,563: connected to core topic /rosout
[rospy.simtime][INFO] 2012-12-31 16:00:16,606: /use_sim_time is not set, will not subscribe to simulated time [/clock] topic
[rospy.internal][INFO] 2012-12-31 16:00:16,805: topic[/rosout] adding connection to [/rosout], count 0
[rospy.internal][INFO] 2012-12-31 16:00:21,260: topic[/safety/payload_waypoint] adding connection to [http://copter131:40199/], count 0
[rospy.internal][INFO] 2012-12-31 16:00:21,262: topic[/safety/payload_waypoint] adding connection to [http://copter131:49396/], count 0
[rospy.internal][INFO] 2012-12-31 16:00:21,264: topic[/safety/payload_waypoint] adding connection to [http://copter131:44633/], count 0
[rospy.internal][INFO] 2012-12-31 16:00:21,276: topic[/safety/payload_waypoint] adding connection to [http://copter131:34826/], count 3
[rospy.internal][INFO] 2012-12-31 16:00:21,277: topic[/safety/payload_waypoint] adding connection to [http://copter131:51256/], count 4
[rospy.internal][INFO] 2012-12-31 16:00:21,282: topic[/safety/payload_waypoint] adding connection to [http://copter131:38893/], count 5
[rospy.internal][INFO] 2012-12-31 16:00:21,293: topic[/safety/payload_waypoint] adding connection to [http://copter131:57956/], count 6
[rospy.internal][INFO] 2012-12-31 16:00:21,295: topic[/safety/payload_waypoint] adding connection to [http://copter131:46015/], count 6
[rospy.internal][INFO] 2012-12-31 16:00:21,303: topic[/safety/payload_waypoint] adding connection to [http://copter131:41011/], count 7
[rospy.internal][INFO] 2012-12-31 16:00:21,305: topic[/safety/payload_waypoint] adding connection to [http://copter131:39376/], count 9
[rospy.internal][INFO] 2012-12-31 16:00:21,313: topic[/safety/payload_waypoint] adding connection to [http://copter131:47189/], count 10
[rospy.internal][INFO] 2012-12-31 16:00:21,318: topic[/safety/payload_waypoint] adding connection to [http://copter131:47610/], count 11
[rospy.internal][INFO] 2012-12-31 16:00:21,321: topic[/safety/payload_waypoint] adding connection to [http://copter131:56177/], count 12
[rospy.internal][INFO] 2012-12-31 16:00:21,326: topic[/safety/payload_rate] adding connection to [http://copter131:34826/], count 0
[rospy.internal][INFO] 2019-02-28 06:24:30,163: topic[/autopilot/heartbeat_onboard] adding connection to [/autopilot], count 0
[rospy.internal][INFO] 2019-02-28 06:24:30,216: topic[/autopilot/payload_waypoint] adding connection to [/autopilot], count 0
[rospy.internal][INFO] 2019-02-28 06:24:30,416: topic[/autopilot/acs_pose] adding connection to [http://copter131:60754/], count 0
[rosout][WARNING] 2019-02-28 06:24:30,677: establishing proxies for ROS /autopliot/ services
[rospy.internal][INFO] 2019-02-28 06:24:30,784: topic[/swarm_tracker/swarm_uav_states] adding connection to [http://copter131:39985/], count 0
[rospy.internal][INFO] 2019-02-28 06:29:02,960: topic[/autopilot/heartbeat_ground] adding connection to [http://copter131:43946/], count 0
