[rospy.client][INFO] 2012-12-31 16:00:17,164: init_node, name[/task_runner], pid[2833]
[xmlrpc][INFO] 2012-12-31 16:00:17,165: XML-RPC server binding to 0.0.0.0:0
[rospy.init][INFO] 2012-12-31 16:00:17,167: ROS Slave URI: [http://copter131:33883/]
[xmlrpc][INFO] 2012-12-31 16:00:17,167: Started XML-RPC server [http://copter131:33883/]
[rospy.impl.masterslave][INFO] 2012-12-31 16:00:17,168: _ready: http://copter131:33883/
[xmlrpc][INFO] 2012-12-31 16:00:17,168: xml rpc node: starting XML-RPC server
[rospy.registration][INFO] 2012-12-31 16:00:17,170: Registering with master node http://localhost:11311
[rospy.init][INFO] 2012-12-31 16:00:17,268: registered with master
[rospy.rosout][INFO] 2012-12-31 16:00:17,268: initializing /rosout core topic
[rospy.rosout][INFO] 2012-12-31 16:00:17,330: connected to core topic /rosout
[rospy.simtime][INFO] 2012-12-31 16:00:17,347: /use_sim_time is not set, will not subscribe to simulated time [/clock] topic
[rospy.internal][INFO] 2012-12-31 16:00:17,626: topic[/rosout] adding connection to [/rosout], count 0
[rosout][INFO] 2012-12-31 16:00:20,567: Task Runner: Starting Event 'on_start'
[rosout][INFO] 2012-12-31 16:00:20,636: Task Runner: Event 'on_start' Task 'Tx Power' Time 0.1s: Succeeded
[rosout][INFO] 2012-12-31 16:00:20,637: Task Runner: Completed Event 'on_start'
[rospy.internal][INFO] 2019-02-28 06:24:31,199: topic[/autopilot/status] adding connection to [http://copter131:60754/], count 0
[rosout][INFO] 2019-02-28 06:24:31,542: Task Runner: Starting Event 'on_status'
[rosout][INFO] 2019-02-28 06:24:31,753: Task Runner: Event 'on_status' Task 'AP Set ID' Time 0.2s: Succeeded
[rosout][INFO] 2019-02-28 06:24:31,753: Task Runner: Completed Event 'on_status'
[rosout][INFO] 2019-02-28 06:29:31,380: Task Runner: Starting Event 'on_ready'
[rosout][INFO] 2019-02-28 06:29:31,382: Task Runner: Completed Event 'on_ready'
