[rospy.client][INFO] 2012-12-31 16:00:17,574: init_node, name[/independent_transit], pid[2903]
[xmlrpc][INFO] 2012-12-31 16:00:17,578: XML-RPC server binding to 0.0.0.0:0
[rospy.init][INFO] 2012-12-31 16:00:17,579: ROS Slave URI: [http://copter131:53874/]
[xmlrpc][INFO] 2012-12-31 16:00:17,580: Started XML-RPC server [http://copter131:53874/]
[rospy.impl.masterslave][INFO] 2012-12-31 16:00:17,581: _ready: http://copter131:53874/
[xmlrpc][INFO] 2012-12-31 16:00:17,583: xml rpc node: starting XML-RPC server
[rospy.registration][INFO] 2012-12-31 16:00:17,584: Registering with master node http://localhost:11311
[rospy.init][INFO] 2012-12-31 16:00:17,683: registered with master
[rospy.rosout][INFO] 2012-12-31 16:00:17,683: initializing /rosout core topic
[rospy.rosout][INFO] 2012-12-31 16:00:17,772: connected to core topic /rosout
[rospy.simtime][INFO] 2012-12-31 16:00:17,883: /use_sim_time is not set, will not subscribe to simulated time [/clock] topic
[rospy.internal][INFO] 2012-12-31 16:00:18,140: topic[/rosout] adding connection to [/rosout], count 0
[rospy.internal][INFO] 2019-02-28 06:31:15,299: topic[/safety/payload_waypoint] adding connection to [/safety], count 0
[rospy.internal][INFO] 2019-02-28 06:31:15,337: topic[/network/send_swarm_behavior_data] adding connection to [/network], count 0
[rospy.internal][INFO] 2019-02-28 06:31:16,674: topic[/swarm_control/behavior_status] adding connection to [/swarm_control], count 0
[rospy.internal][INFO] 2019-02-28 06:31:16,959: topic[/swarm_control/subswarm_id] adding connection to [http://copter131:33015/], count 0
[rospy.internal][INFO] 2019-02-28 06:31:17,024: topic[/swarm_control/ap_intent] adding connection to [http://copter131:33015/], count 0
[rospy.internal][INFO] 2019-02-28 06:31:17,127: topic[/autopilot/status] adding connection to [http://copter131:47502/], count 0
[rosout][INFO] 2019-02-28 06:32:08,360: independent_transit activate request False returned False
[rosout][INFO] 2019-02-28 06:34:42,520: independent_transit activate request False returned False
[rosout][INFO] 2019-02-28 06:36:40,029: independent_transit activate request False returned False
