[rospy.client][INFO] 2019-02-28 06:31:13,236: init_node, name[/linear_formation], pid[2982]
[xmlrpc][INFO] 2019-02-28 06:31:13,238: XML-RPC server binding to 0.0.0.0:0
[rospy.init][INFO] 2019-02-28 06:31:13,240: ROS Slave URI: [http://copter131:45952/]
[xmlrpc][INFO] 2019-02-28 06:31:13,240: Started XML-RPC server [http://copter131:45952/]
[rospy.impl.masterslave][INFO] 2019-02-28 06:31:13,241: _ready: http://copter131:45952/
[xmlrpc][INFO] 2019-02-28 06:31:13,245: xml rpc node: starting XML-RPC server
[rospy.registration][INFO] 2019-02-28 06:31:13,247: Registering with master node http://localhost:11311
[rospy.init][INFO] 2019-02-28 06:31:13,341: registered with master
[rospy.rosout][INFO] 2019-02-28 06:31:13,341: initializing /rosout core topic
[rospy.rosout][INFO] 2019-02-28 06:31:13,861: connected to core topic /rosout
[rospy.simtime][INFO] 2019-02-28 06:31:13,944: /use_sim_time is not set, will not subscribe to simulated time [/clock] topic
[rospy.internal][INFO] 2019-02-28 06:31:14,082: topic[/rosout] adding connection to [/rosout], count 0
[rospy.internal][INFO] 2019-02-28 06:31:14,413: topic[/safety/payload_waypoint] adding connection to [/safety], count 0
[rospy.internal][INFO] 2019-02-28 06:31:14,615: topic[/network/send_swarm_behavior_data] adding connection to [/network], count 0
[rospy.internal][INFO] 2019-02-28 06:31:16,511: topic[/autopilot/waypoint_goto] adding connection to [/autopilot], count 0
[rospy.internal][INFO] 2019-02-28 06:31:16,629: topic[/swarm_control/behavior_status] adding connection to [/swarm_control], count 0
[rospy.internal][INFO] 2019-02-28 06:31:16,901: topic[/swarm_control/subswarm_id] adding connection to [http://copter131:33015/], count 0
[rospy.internal][INFO] 2019-02-28 06:31:16,981: topic[/swarm_control/ap_intent] adding connection to [http://copter131:33015/], count 0
[rospy.internal][INFO] 2019-02-28 06:31:17,082: topic[/autopilot/status] adding connection to [http://copter131:47502/], count 0
[rosout][INFO] 2019-02-28 06:32:08,334: linear_formation activate request False returned False
[rosout][INFO] 2019-02-28 06:34:42,481: linear_formation activate request False returned False
[rosout][INFO] 2019-02-28 06:36:39,988: linear_formation activate request False returned False
