[rospy.client][INFO] 2019-02-28 06:31:14,314: init_node, name[/pn_interceptor], pid[3101]
[xmlrpc][INFO] 2019-02-28 06:31:14,321: XML-RPC server binding to 0.0.0.0:0
[rospy.init][INFO] 2019-02-28 06:31:14,323: ROS Slave URI: [http://copter131:41376/]
[xmlrpc][INFO] 2019-02-28 06:31:14,323: Started XML-RPC server [http://copter131:41376/]
[rospy.impl.masterslave][INFO] 2019-02-28 06:31:14,323: _ready: http://copter131:41376/
[xmlrpc][INFO] 2019-02-28 06:31:14,326: xml rpc node: starting XML-RPC server
[rospy.registration][INFO] 2019-02-28 06:31:14,327: Registering with master node http://localhost:11311
[rospy.init][INFO] 2019-02-28 06:31:14,423: registered with master
[rospy.rosout][INFO] 2019-02-28 06:31:14,424: initializing /rosout core topic
[rospy.rosout][INFO] 2019-02-28 06:31:14,440: connected to core topic /rosout
[rospy.internal][INFO] 2019-02-28 06:31:14,588: topic[/rosout] adding connection to [/rosout], count 0
[rospy.simtime][INFO] 2019-02-28 06:31:14,679: /use_sim_time is not set, will not subscribe to simulated time [/clock] topic
[rospy.internal][INFO] 2019-02-28 06:31:14,842: topic[/safety/payload_waypoint] adding connection to [/safety], count 0
[rospy.internal][INFO] 2019-02-28 06:31:14,941: topic[/network/send_swarm_behavior_data] adding connection to [/network], count 0
[rospy.internal][INFO] 2019-02-28 06:31:16,649: topic[/swarm_control/behavior_status] adding connection to [/swarm_control], count 0
[rospy.internal][INFO] 2019-02-28 06:31:16,915: topic[/swarm_control/subswarm_id] adding connection to [http://copter131:33015/], count 0
[rospy.internal][INFO] 2019-02-28 06:31:17,015: topic[/swarm_control/ap_intent] adding connection to [http://copter131:33015/], count 0
[rospy.internal][INFO] 2019-02-28 06:31:17,089: topic[/autopilot/status] adding connection to [http://copter131:47502/], count 0
[rosout][INFO] 2019-02-28 06:32:08,352: pn_interceptor activate request False returned False
[rosout][INFO] 2019-02-28 06:34:42,510: pn_interceptor activate request False returned False
[rosout][INFO] 2019-02-28 06:36:40,020: pn_interceptor activate request False returned False
