[rospy.client][INFO] 2019-02-28 06:31:13,646: init_node, name[/smart_shooter], pid[3033]
[xmlrpc][INFO] 2019-02-28 06:31:13,650: XML-RPC server binding to 0.0.0.0:0
[rospy.init][INFO] 2019-02-28 06:31:13,652: ROS Slave URI: [http://copter131:33801/]
[xmlrpc][INFO] 2019-02-28 06:31:13,652: Started XML-RPC server [http://copter131:33801/]
[rospy.impl.masterslave][INFO] 2019-02-28 06:31:13,652: _ready: http://copter131:33801/
[xmlrpc][INFO] 2019-02-28 06:31:13,653: xml rpc node: starting XML-RPC server
[rospy.registration][INFO] 2019-02-28 06:31:13,654: Registering with master node http://localhost:11311
[rospy.init][INFO] 2019-02-28 06:31:13,752: registered with master
[rospy.rosout][INFO] 2019-02-28 06:31:13,753: initializing /rosout core topic
[rospy.rosout][INFO] 2019-02-28 06:31:14,458: connected to core topic /rosout
[rospy.simtime][INFO] 2019-02-28 06:31:14,472: /use_sim_time is not set, will not subscribe to simulated time [/clock] topic
[rospy.internal][INFO] 2019-02-28 06:31:14,641: topic[/safety/payload_waypoint] adding connection to [/safety], count 0
[rospy.internal][INFO] 2019-02-28 06:31:14,703: topic[/rosout] adding connection to [/rosout], count 0
[rospy.internal][INFO] 2019-02-28 06:31:14,763: topic[/network/send_swarm_behavior_data] adding connection to [/network], count 0
[rospy.internal][INFO] 2019-02-28 06:31:16,645: topic[/swarm_control/behavior_status] adding connection to [/swarm_control], count 0
[rospy.internal][INFO] 2019-02-28 06:31:16,704: topic[/autopilot/acs_pose] adding connection to [http://copter131:47502/], count 0
[rospy.internal][INFO] 2019-02-28 06:31:16,769: topic[/hit_tracker/hit_uavs] adding connection to [http://copter131:42356/], count 0
[rospy.internal][INFO] 2019-02-28 06:31:16,826: topic[/air_to_air/firing_reports] adding connection to [/network], count 0
[rospy.internal][INFO] 2019-02-28 06:31:16,888: topic[/swarm_control/subswarm_id] adding connection to [http://copter131:33015/], count 0
[rospy.internal][INFO] 2019-02-28 06:31:16,973: topic[/swarm_control/ap_intent] adding connection to [http://copter131:33015/], count 0
[rospy.internal][INFO] 2019-02-28 06:31:17,122: topic[/autopilot/status] adding connection to [http://copter131:47502/], count 0
[rosout][INFO] 2019-02-28 06:32:08,366: smart_shooter activate request False returned False
[rosout][INFO] 2019-02-28 06:34:42,531: smart_shooter activate request False returned False
[rosout][INFO] 2019-02-28 06:36:40,037: smart_shooter activate request False returned False
