[rospy.client][INFO] 2012-12-31 16:00:17,980: init_node, name[/swarm_control], pid[2884]
[xmlrpc][INFO] 2012-12-31 16:00:17,981: XML-RPC server binding to 0.0.0.0:0
[rospy.init][INFO] 2012-12-31 16:00:17,983: ROS Slave URI: [http://copter131:33015/]
[xmlrpc][INFO] 2012-12-31 16:00:17,983: Started XML-RPC server [http://copter131:33015/]
[rospy.impl.masterslave][INFO] 2012-12-31 16:00:17,984: _ready: http://copter131:33015/
[xmlrpc][INFO] 2012-12-31 16:00:17,987: xml rpc node: starting XML-RPC server
[rospy.registration][INFO] 2012-12-31 16:00:17,988: Registering with master node http://localhost:11311
[rospy.init][INFO] 2012-12-31 16:00:18,084: registered with master
[rospy.rosout][INFO] 2012-12-31 16:00:18,085: initializing /rosout core topic
[rospy.rosout][INFO] 2019-02-28 06:31:13,390: connected to core topic /rosout
[rospy.simtime][INFO] 2019-02-28 06:31:13,514: /use_sim_time is not set, will not subscribe to simulated time [/clock] topic
[rospy.internal][INFO] 2019-02-28 06:31:13,581: topic[/rosout] adding connection to [/rosout], count 0
[rosout][INFO] 2019-02-28 06:31:14,974: Behavior pn_interceptor successfully registered with ID 5
[rosout][INFO] 2019-02-28 06:31:15,014: Behavior evader successfully registered with ID 15
[rosout][INFO] 2019-02-28 06:31:15,026: Behavior simple_ground_attack successfully registered with ID 16
[rosout][INFO] 2019-02-28 06:31:15,295: Behavior independent_transit successfully registered with ID 8
[rosout][INFO] 2019-02-28 06:31:15,369: Behavior patrol_box successfully registered with ID 12
[rosout][INFO] 2019-02-28 06:31:16,498: Behavior linear_formation successfully registered with ID 1
[rospy.internal][INFO] 2019-02-28 06:31:16,575: topic[/swarm_tracker/swarm_uav_states] adding connection to [http://copter131:51412/], count 0
[rosout][INFO] 2019-02-28 06:31:16,578: Behavior patrol_box_shooter successfully registered with ID 13
[rosout][INFO] 2019-02-28 06:31:16,605: Behavior swarm_landing_sequencer successfully registered with ID 98
[rospy.internal][INFO] 2019-02-28 06:31:16,615: topic[/swarm_control/behavior_status] adding connection to [http://copter131:57766/], count 0
[rospy.internal][INFO] 2019-02-28 06:31:16,619: topic[/swarm_control/behavior_status] adding connection to [http://copter131:45952/], count 1
[rospy.internal][INFO] 2019-02-28 06:31:16,635: topic[/swarm_control/behavior_status] adding connection to [http://copter131:33801/], count 2
[rospy.internal][INFO] 2019-02-28 06:31:16,637: topic[/swarm_control/behavior_status] adding connection to [http://copter131:37168/], count 2
[rospy.internal][INFO] 2019-02-28 06:31:16,643: topic[/swarm_control/behavior_status] adding connection to [http://copter131:59100/], count 3
[rospy.internal][INFO] 2019-02-28 06:31:16,645: topic[/swarm_control/behavior_status] adding connection to [http://copter131:41376/], count 4
[rospy.internal][INFO] 2019-02-28 06:31:16,650: topic[/swarm_control/behavior_status] adding connection to [http://copter131:38243/], count 6
[rospy.internal][INFO] 2019-02-28 06:31:16,656: topic[/swarm_control/behavior_status] adding connection to [http://copter131:45924/], count 7
[rospy.internal][INFO] 2019-02-28 06:31:16,669: topic[/swarm_control/behavior_status] adding connection to [http://copter131:53874/], count 8
[rospy.internal][INFO] 2019-02-28 06:31:16,670: topic[/swarm_control/behavior_status] adding connection to [http://copter131:45614/], count 8
[rospy.internal][INFO] 2019-02-28 06:31:16,671: topic[/swarm_control/behavior_status] adding connection to [http://copter131:44644/], count 8
[rospy.internal][INFO] 2019-02-28 06:31:16,671: topic[/swarm_control/behavior_status] adding connection to [http://copter131:34294/], count 8
[rospy.internal][INFO] 2019-02-28 06:31:16,679: topic[/swarm_control/behavior_status] adding connection to [http://copter131:40163/], count 12
[rosout][INFO] 2019-02-28 06:31:16,784: Behavior smart_shooter successfully registered with ID 9
[rosout][INFO] 2019-02-28 06:31:16,816: Behavior constrained_shooter successfully registered with ID 10
[rospy.internal][INFO] 2019-02-28 06:31:16,860: topic[/swarm_control/subswarm_id] adding connection to [/network], count 0
[rosout][INFO] 2019-02-28 06:31:16,869: Subswarm updated to 0
[rosout][INFO] 2019-02-28 06:31:16,871: Swarm state updated to Preflight
[rosout][INFO] 2019-02-28 06:31:16,875: Active swarm behavior updated to standby
[rosout][INFO] 2019-02-28 06:31:16,876: Behavior greedy_shooter successfully registered with ID 4
[rospy.internal][INFO] 2019-02-28 06:31:16,887: topic[/swarm_control/subswarm_id] adding connection to [/tactic_interface], count 1
[rospy.internal][INFO] 2019-02-28 06:31:16,894: topic[/swarm_control/subswarm_id] adding connection to [/smart_shooter], count 2
[rospy.internal][INFO] 2019-02-28 06:31:16,908: topic[/swarm_control/subswarm_id] adding connection to [/linear_formation], count 3
[rospy.internal][INFO] 2019-02-28 06:31:16,914: topic[/swarm_control/subswarm_id] adding connection to [/swarm_tracker], count 4
[rospy.internal][INFO] 2019-02-28 06:31:16,916: topic[/swarm_control/subswarm_id] adding connection to [/evader], count 5
[rospy.internal][INFO] 2019-02-28 06:31:16,920: topic[/swarm_control/subswarm_id] adding connection to [/pn_interceptor], count 6
[rospy.internal][INFO] 2019-02-28 06:31:16,931: topic[/swarm_control/subswarm_id] adding connection to [/patrol_box], count 7
[rospy.internal][INFO] 2019-02-28 06:31:16,934: topic[/swarm_control/subswarm_id] adding connection to [/swarm_landing_sequencer], count 8
[rospy.internal][INFO] 2019-02-28 06:31:16,940: topic[/swarm_control/subswarm_id] adding connection to [/simple_ground_attack], count 9
[rospy.internal][INFO] 2019-02-28 06:31:16,948: topic[/swarm_control/subswarm_id] adding connection to [/wingman], count 10
[rospy.internal][INFO] 2019-02-28 06:31:16,955: topic[/swarm_control/swarm_state] adding connection to [/swarm_tracker], count 0
[rosout][INFO] 2019-02-28 06:31:16,962: Behavior wingman successfully registered with ID 11
[rospy.internal][INFO] 2019-02-28 06:31:16,973: topic[/swarm_control/swarm_behavior] adding connection to [/swarm_tracker], count 0
[rospy.internal][INFO] 2019-02-28 06:31:16,982: topic[/swarm_control/subswarm_id] adding connection to [/independent_transit], count 11
[rospy.internal][INFO] 2019-02-28 06:31:16,984: topic[/swarm_control/subswarm_id] adding connection to [/constrained_shooter], count 12
[rospy.internal][INFO] 2019-02-28 06:31:16,992: topic[/swarm_control/ap_intent] adding connection to [/smart_shooter], count 0
[rospy.internal][INFO] 2019-02-28 06:31:16,997: topic[/swarm_control/subswarm_id] adding connection to [/greedy_shooter], count 13
[rospy.internal][INFO] 2019-02-28 06:31:17,016: topic[/swarm_control/ap_intent] adding connection to [/linear_formation], count 1
[rospy.internal][INFO] 2019-02-28 06:31:17,024: topic[/swarm_control/ap_intent] adding connection to [/constrained_shooter], count 2
[rospy.internal][INFO] 2019-02-28 06:31:17,035: topic[/swarm_control/swarm_behavior] adding connection to [/network], count 1
[rospy.internal][INFO] 2019-02-28 06:31:17,040: topic[/swarm_control/subswarm_id] adding connection to [/patrol_box_shooter], count 14
[rospy.internal][INFO] 2019-02-28 06:31:17,045: topic[/swarm_control/swarm_state] adding connection to [/network], count 1
[rospy.internal][INFO] 2019-02-28 06:31:17,050: topic[/swarm_control/ap_intent] adding connection to [/pn_interceptor], count 3
[rospy.internal][INFO] 2019-02-28 06:31:17,057: topic[/swarm_control/ap_intent] adding connection to [/greedy_shooter], count 4
[rospy.internal][INFO] 2019-02-28 06:31:17,059: topic[/swarm_control/ap_intent] adding connection to [/evader], count 5
[rospy.internal][INFO] 2019-02-28 06:31:17,062: topic[/swarm_control/ap_intent] adding connection to [/swarm_landing_sequencer], count 6
[rospy.internal][INFO] 2019-02-28 06:31:17,066: topic[/swarm_control/ap_intent] adding connection to [/tactic_interface], count 7
[rospy.internal][INFO] 2019-02-28 06:31:17,073: topic[/swarm_control/behavior_summary] adding connection to [/network], count 0
[rospy.internal][INFO] 2019-02-28 06:31:17,076: topic[/autopilot/waypoint_goto] adding connection to [/autopilot], count 0
[rospy.internal][INFO] 2019-02-28 06:31:17,081: topic[/autopilot/waypoint_goto] adding connection to [/autopilot], count 1
[rospy.internal][INFO] 2019-02-28 06:31:17,081: topic[/autopilot/waypoint_goto] removing connection to /autopilot
[rospy.internal][INFO] 2019-02-28 06:31:17,087: topic[/autopilot/mode_num] adding connection to [/autopilot], count 0
[rospy.internal][INFO] 2019-02-28 06:31:17,123: topic[/autopilot/status] adding connection to [http://copter131:47502/], count 0
[rosout][INFO] 2019-02-28 06:31:17,128: Behavior tactic_interface successfully registered with ID 14
[rospy.internal][INFO] 2019-02-28 06:31:17,296: topic[/swarm_control/ap_intent] adding connection to [/patrol_box_shooter], count 8
[rospy.internal][INFO] 2019-02-28 06:31:17,298: topic[/swarm_control/ap_intent] adding connection to [/simple_ground_attack], count 9
[rospy.internal][INFO] 2019-02-28 06:31:17,306: topic[/swarm_control/ap_intent] adding connection to [/independent_transit], count 10
[rospy.internal][INFO] 2019-02-28 06:31:17,997: topic[/swarm_control/ap_intent] adding connection to [/wingman], count 11
[rospy.internal][INFO] 2019-02-28 06:31:18,000: topic[/swarm_control/ap_intent] adding connection to [/patrol_box], count 12
[rosout][WARNING] 2019-02-28 06:31:18,084: Inbound TCP/IP connection failed: connection from sender terminated before handshake header received. 0 bytes were received. Please check sender for additional details.
[rospy.internal][ERROR] 2019-02-28 06:31:18,086: Inbound TCP/IP connection failed:
Traceback (most recent call last):
  File "/opt/ros/indigo/lib/python2.7/dist-packages/rospy/impl/tcpros_base.py", line 321, in _tcp_server_callback
    header = read_ros_handshake_header(sock, StringIO(), buff_size)
  File "/opt/ros/indigo/lib/python2.7/dist-packages/rosgraph/network.py", line 362, in read_ros_handshake_header
    raise ROSHandshakeException("connection from sender terminated before handshake header received. %s bytes were received. Please check sender for additional details."%b.tell())
ROSHandshakeException: connection from sender terminated before handshake header received. 0 bytes were received. Please check sender for additional details.

[rosout][WARNING] 2019-02-28 06:31:20,091: Inbound TCP/IP connection failed: connection from sender terminated before handshake header received. 0 bytes were received. Please check sender for additional details.
[rospy.internal][ERROR] 2019-02-28 06:31:20,092: Inbound TCP/IP connection failed:
Traceback (most recent call last):
  File "/opt/ros/indigo/lib/python2.7/dist-packages/rospy/impl/tcpros_base.py", line 321, in _tcp_server_callback
    header = read_ros_handshake_header(sock, StringIO(), buff_size)
  File "/opt/ros/indigo/lib/python2.7/dist-packages/rosgraph/network.py", line 362, in read_ros_handshake_header
    raise ROSHandshakeException("connection from sender terminated before handshake header received. %s bytes were received. Please check sender for additional details."%b.tell())
ROSHandshakeException: connection from sender terminated before handshake header received. 0 bytes were received. Please check sender for additional details.

[rosout][INFO] 2019-02-28 06:31:23,881: Swarm state updated to Flight Ready
[rosout][WARNING] 2019-02-28 06:31:24,102: Inbound TCP/IP connection failed: connection from sender terminated before handshake header received. 0 bytes were received. Please check sender for additional details.
[rospy.internal][ERROR] 2019-02-28 06:31:24,103: Inbound TCP/IP connection failed:
Traceback (most recent call last):
  File "/opt/ros/indigo/lib/python2.7/dist-packages/rospy/impl/tcpros_base.py", line 321, in _tcp_server_callback
    header = read_ros_handshake_header(sock, StringIO(), buff_size)
  File "/opt/ros/indigo/lib/python2.7/dist-packages/rosgraph/network.py", line 362, in read_ros_handshake_header
    raise ROSHandshakeException("connection from sender terminated before handshake header received. %s bytes were received. Please check sender for additional details."%b.tell())
ROSHandshakeException: connection from sender terminated before handshake header received. 0 bytes were received. Please check sender for additional details.

[rosout][WARNING] 2019-02-28 06:31:32,115: Inbound TCP/IP connection failed: connection from sender terminated before handshake header received. 0 bytes were received. Please check sender for additional details.
[rospy.internal][ERROR] 2019-02-28 06:31:32,118: Inbound TCP/IP connection failed:
Traceback (most recent call last):
  File "/opt/ros/indigo/lib/python2.7/dist-packages/rospy/impl/tcpros_base.py", line 321, in _tcp_server_callback
    header = read_ros_handshake_header(sock, StringIO(), buff_size)
  File "/opt/ros/indigo/lib/python2.7/dist-packages/rosgraph/network.py", line 362, in read_ros_handshake_header
    raise ROSHandshakeException("connection from sender terminated before handshake header received. %s bytes were received. Please check sender for additional details."%b.tell())
ROSHandshakeException: connection from sender terminated before handshake header received. 0 bytes were received. Please check sender for additional details.

[rosout][WARNING] 2019-02-28 06:31:48,144: Inbound TCP/IP connection failed: connection from sender terminated before handshake header received. 0 bytes were received. Please check sender for additional details.
[rospy.internal][ERROR] 2019-02-28 06:31:48,146: Inbound TCP/IP connection failed:
Traceback (most recent call last):
  File "/opt/ros/indigo/lib/python2.7/dist-packages/rospy/impl/tcpros_base.py", line 321, in _tcp_server_callback
    header = read_ros_handshake_header(sock, StringIO(), buff_size)
  File "/opt/ros/indigo/lib/python2.7/dist-packages/rosgraph/network.py", line 362, in read_ros_handshake_header
    raise ROSHandshakeException("connection from sender terminated before handshake header received. %s bytes were received. Please check sender for additional details."%b.tell())
ROSHandshakeException: connection from sender terminated before handshake header received. 0 bytes were received. Please check sender for additional details.

[rosout][WARNING] 2019-02-28 06:32:08,327: Manual reset to new swarm state: Swarm Ready
[rosout][INFO] 2019-02-28 06:32:08,328: Swarm state updated to Swarm Ready
[rosout][INFO] 2019-02-28 06:32:08,412: Active swarm behavior updated to standby
[rosout][INFO] 2019-02-28 06:32:08,413: Subswarm updated to 0
[rosout][INFO] 2019-02-28 06:32:14,189: Subswarm updated to 1
[rosout][WARNING] 2019-02-28 06:32:20,187: Inbound TCP/IP connection failed: connection from sender terminated before handshake header received. 0 bytes were received. Please check sender for additional details.
[rospy.internal][ERROR] 2019-02-28 06:32:20,189: Inbound TCP/IP connection failed:
Traceback (most recent call last):
  File "/opt/ros/indigo/lib/python2.7/dist-packages/rospy/impl/tcpros_base.py", line 321, in _tcp_server_callback
    header = read_ros_handshake_header(sock, StringIO(), buff_size)
  File "/opt/ros/indigo/lib/python2.7/dist-packages/rosgraph/network.py", line 362, in read_ros_handshake_header
    raise ROSHandshakeException("connection from sender terminated before handshake header received. %s bytes were received. Please check sender for additional details."%b.tell())
ROSHandshakeException: connection from sender terminated before handshake header received. 0 bytes were received. Please check sender for additional details.

[rosout][WARNING] 2019-02-28 06:33:24,274: Inbound TCP/IP connection failed: connection from sender terminated before handshake header received. 0 bytes were received. Please check sender for additional details.
[rospy.internal][ERROR] 2019-02-28 06:33:24,276: Inbound TCP/IP connection failed:
Traceback (most recent call last):
  File "/opt/ros/indigo/lib/python2.7/dist-packages/rospy/impl/tcpros_base.py", line 321, in _tcp_server_callback
    header = read_ros_handshake_header(sock, StringIO(), buff_size)
  File "/opt/ros/indigo/lib/python2.7/dist-packages/rosgraph/network.py", line 362, in read_ros_handshake_header
    raise ROSHandshakeException("connection from sender terminated before handshake header received. %s bytes were received. Please check sender for additional details."%b.tell())
ROSHandshakeException: connection from sender terminated before handshake header received. 0 bytes were received. Please check sender for additional details.

[rosout][INFO] 2019-02-28 06:34:42,598: Active swarm behavior updated to standby
[rosout][INFO] 2019-02-28 06:34:43,618: Active swarm behavior updated to tactic_interface
[rosout][INFO] 2019-02-28 06:34:43,621: tactic_interface behavior successfully activated
[rosout][WARNING] 2019-02-28 06:35:32,390: Inbound TCP/IP connection failed: connection from sender terminated before handshake header received. 0 bytes were received. Please check sender for additional details.
[rospy.internal][ERROR] 2019-02-28 06:35:32,392: Inbound TCP/IP connection failed:
Traceback (most recent call last):
  File "/opt/ros/indigo/lib/python2.7/dist-packages/rospy/impl/tcpros_base.py", line 321, in _tcp_server_callback
    header = read_ros_handshake_header(sock, StringIO(), buff_size)
  File "/opt/ros/indigo/lib/python2.7/dist-packages/rosgraph/network.py", line 362, in read_ros_handshake_header
    raise ROSHandshakeException("connection from sender terminated before handshake header received. %s bytes were received. Please check sender for additional details."%b.tell())
ROSHandshakeException: connection from sender terminated before handshake header received. 0 bytes were received. Please check sender for additional details.

[rosout][INFO] 2019-02-28 06:36:39,976: Swarm state updated to State Error
[rosout][INFO] 2019-02-28 06:36:40,113: Active swarm behavior updated to standby
[rosout][INFO] 2019-02-28 06:36:40,116: Subswarm updated to 0
[rosout][WARNING] 2019-02-28 06:36:40,117: Autopilot not in AUTO: disabling swarming
[rosout][WARNING] 2019-02-28 06:39:48,511: Inbound TCP/IP connection failed: connection from sender terminated before handshake header received. 0 bytes were received. Please check sender for additional details.
[rospy.internal][ERROR] 2019-02-28 06:39:48,513: Inbound TCP/IP connection failed:
Traceback (most recent call last):
  File "/opt/ros/indigo/lib/python2.7/dist-packages/rospy/impl/tcpros_base.py", line 321, in _tcp_server_callback
    header = read_ros_handshake_header(sock, StringIO(), buff_size)
  File "/opt/ros/indigo/lib/python2.7/dist-packages/rosgraph/network.py", line 362, in read_ros_handshake_header
    raise ROSHandshakeException("connection from sender terminated before handshake header received. %s bytes were received. Please check sender for additional details."%b.tell())
ROSHandshakeException: connection from sender terminated before handshake header received. 0 bytes were received. Please check sender for additional details.

[rosout][WARNING] 2019-02-28 06:48:20,632: Inbound TCP/IP connection failed: connection from sender terminated before handshake header received. 0 bytes were received. Please check sender for additional details.
[rospy.internal][ERROR] 2019-02-28 06:48:20,634: Inbound TCP/IP connection failed:
Traceback (most recent call last):
  File "/opt/ros/indigo/lib/python2.7/dist-packages/rospy/impl/tcpros_base.py", line 321, in _tcp_server_callback
    header = read_ros_handshake_header(sock, StringIO(), buff_size)
  File "/opt/ros/indigo/lib/python2.7/dist-packages/rosgraph/network.py", line 362, in read_ros_handshake_header
    raise ROSHandshakeException("connection from sender terminated before handshake header received. %s bytes were received. Please check sender for additional details."%b.tell())
ROSHandshakeException: connection from sender terminated before handshake header received. 0 bytes were received. Please check sender for additional details.

[rosout][WARNING] 2019-02-28 07:05:24,747: Inbound TCP/IP connection failed: connection from sender terminated before handshake header received. 0 bytes were received. Please check sender for additional details.
[rospy.internal][ERROR] 2019-02-28 07:05:24,749: Inbound TCP/IP connection failed:
Traceback (most recent call last):
  File "/opt/ros/indigo/lib/python2.7/dist-packages/rospy/impl/tcpros_base.py", line 321, in _tcp_server_callback
    header = read_ros_handshake_header(sock, StringIO(), buff_size)
  File "/opt/ros/indigo/lib/python2.7/dist-packages/rosgraph/network.py", line 362, in read_ros_handshake_header
    raise ROSHandshakeException("connection from sender terminated before handshake header received. %s bytes were received. Please check sender for additional details."%b.tell())
ROSHandshakeException: connection from sender terminated before handshake header received. 0 bytes were received. Please check sender for additional details.

[rosout][WARNING] 2019-02-28 07:39:32,859: Inbound TCP/IP connection failed: connection from sender terminated before handshake header received. 0 bytes were received. Please check sender for additional details.
[rospy.internal][ERROR] 2019-02-28 07:39:32,862: Inbound TCP/IP connection failed:
Traceback (most recent call last):
  File "/opt/ros/indigo/lib/python2.7/dist-packages/rospy/impl/tcpros_base.py", line 321, in _tcp_server_callback
    header = read_ros_handshake_header(sock, StringIO(), buff_size)
  File "/opt/ros/indigo/lib/python2.7/dist-packages/rosgraph/network.py", line 362, in read_ros_handshake_header
    raise ROSHandshakeException("connection from sender terminated before handshake header received. %s bytes were received. Please check sender for additional details."%b.tell())
ROSHandshakeException: connection from sender terminated before handshake header received. 0 bytes were received. Please check sender for additional details.

