[rospy.client][INFO] 2019-02-28 06:31:14,162: init_node, name[/wingman], pid[3086]
[xmlrpc][INFO] 2019-02-28 06:31:14,166: XML-RPC server binding to 0.0.0.0:0
[rospy.init][INFO] 2019-02-28 06:31:14,169: ROS Slave URI: [http://copter131:34294/]
[xmlrpc][INFO] 2019-02-28 06:31:14,169: Started XML-RPC server [http://copter131:34294/]
[rospy.impl.masterslave][INFO] 2019-02-28 06:31:14,169: _ready: http://copter131:34294/
[xmlrpc][INFO] 2019-02-28 06:31:14,170: xml rpc node: starting XML-RPC server
[rospy.registration][INFO] 2019-02-28 06:31:14,172: Registering with master node http://localhost:11311
[rospy.init][INFO] 2019-02-28 06:31:14,269: registered with master
[rospy.rosout][INFO] 2019-02-28 06:31:14,270: initializing /rosout core topic
[rospy.rosout][INFO] 2019-02-28 06:31:14,315: connected to core topic /rosout
[rospy.simtime][INFO] 2019-02-28 06:31:14,332: /use_sim_time is not set, will not subscribe to simulated time [/clock] topic
[rospy.internal][INFO] 2019-02-28 06:31:14,590: topic[/rosout] adding connection to [/rosout], count 0
[rospy.internal][INFO] 2019-02-28 06:31:15,518: topic[/safety/payload_waypoint] adding connection to [/safety], count 0
[rospy.internal][INFO] 2019-02-28 06:31:15,624: topic[/network/send_swarm_behavior_data] adding connection to [/network], count 0
[rospy.internal][INFO] 2019-02-28 06:31:16,676: topic[/swarm_control/behavior_status] adding connection to [/swarm_control], count 0
[rospy.internal][INFO] 2019-02-28 06:31:16,858: topic[/autopilot/acs_pose] adding connection to [http://copter131:47502/], count 0
[rospy.internal][INFO] 2019-02-28 06:31:16,891: topic[/hit_tracker/hit_uavs] adding connection to [http://copter131:42356/], count 0
[rospy.internal][INFO] 2019-02-28 06:31:16,946: topic[/swarm_control/subswarm_id] adding connection to [http://copter131:33015/], count 0
[rospy.internal][INFO] 2019-02-28 06:31:17,100: topic[/air_to_air/firing_reports] adding connection to [/network], count 0
[rospy.internal][INFO] 2019-02-28 06:31:17,104: topic[/autopilot/waypoint_goto] adding connection to [/autopilot], count 0
[rospy.internal][INFO] 2019-02-28 06:31:17,132: topic[/autopilot/status] adding connection to [http://copter131:47502/], count 0
[rospy.internal][INFO] 2019-02-28 06:31:17,994: topic[/swarm_control/ap_intent] adding connection to [http://copter131:33015/], count 0
[rosout][INFO] 2019-02-28 06:32:08,379: wingman activate request False returned False
[rosout][INFO] 2019-02-28 06:34:42,550: wingman activate request False returned False
[rosout][INFO] 2019-02-28 06:36:40,056: wingman activate request False returned False
