[rospy.client][INFO] 2019-03-07 07:52:51,412: init_node, name[/constrained_shooter], pid[3117]
[xmlrpc][INFO] 2019-03-07 07:52:51,422: XML-RPC server binding to 0.0.0.0:0
[rospy.init][INFO] 2019-03-07 07:52:51,424: ROS Slave URI: [http://copter131:56634/]
[xmlrpc][INFO] 2019-03-07 07:52:51,424: Started XML-RPC server [http://copter131:56634/]
[rospy.impl.masterslave][INFO] 2019-03-07 07:52:51,425: _ready: http://copter131:56634/
[xmlrpc][INFO] 2019-03-07 07:52:51,431: xml rpc node: starting XML-RPC server
[rospy.registration][INFO] 2019-03-07 07:52:51,433: Registering with master node http://localhost:11311
[rospy.init][INFO] 2019-03-07 07:52:51,525: registered with master
[rospy.rosout][INFO] 2019-03-07 07:52:51,526: initializing /rosout core topic
[rospy.rosout][INFO] 2019-03-07 07:52:52,547: connected to core topic /rosout
[rospy.simtime][INFO] 2019-03-07 07:52:52,553: /use_sim_time is not set, will not subscribe to simulated time [/clock] topic
[rospy.internal][INFO] 2019-03-07 07:52:52,690: topic[/rosout] adding connection to [/rosout], count 0
[rospy.internal][INFO] 2019-03-07 07:52:52,735: topic[/safety/payload_waypoint] adding connection to [/safety], count 0
[rospy.internal][INFO] 2019-03-07 07:52:52,821: topic[/network/send_swarm_behavior_data] adding connection to [/network], count 0
[rospy.internal][INFO] 2019-03-07 07:52:53,793: topic[/autopilot/acs_pose] adding connection to [http://copter131:55588/], count 0
[rospy.internal][INFO] 2019-03-07 07:52:53,856: topic[/hit_tracker/hit_uavs] adding connection to [http://copter131:39107/], count 0
[rospy.internal][INFO] 2019-03-07 07:52:53,890: topic[/air_to_air/firing_reports] adding connection to [/network], count 0
[rospy.internal][INFO] 2019-03-07 07:52:54,052: topic[/autopilot/status] adding connection to [http://copter131:55588/], count 0
[rospy.internal][INFO] 2019-03-07 07:52:54,267: topic[/swarm_control/behavior_status] adding connection to [/swarm_control], count 0
[rospy.internal][INFO] 2019-03-07 07:52:54,717: topic[/swarm_control/subswarm_id] adding connection to [http://copter131:36689/], count 0
[rospy.internal][INFO] 2019-03-07 07:52:55,567: topic[/swarm_control/ap_intent] adding connection to [http://copter131:36689/], count 0
