[rospy.client][INFO] 2019-03-07 07:52:51,827: init_node, name[/patrol_box_shooter], pid[3181]
[xmlrpc][INFO] 2019-03-07 07:52:51,828: XML-RPC server binding to 0.0.0.0:0
[rospy.init][INFO] 2019-03-07 07:52:51,831: ROS Slave URI: [http://copter131:42570/]
[xmlrpc][INFO] 2019-03-07 07:52:51,831: Started XML-RPC server [http://copter131:42570/]
[rospy.impl.masterslave][INFO] 2019-03-07 07:52:51,832: _ready: http://copter131:42570/
[xmlrpc][INFO] 2019-03-07 07:52:51,833: xml rpc node: starting XML-RPC server
[rospy.registration][INFO] 2019-03-07 07:52:51,834: Registering with master node http://localhost:11311
[rospy.init][INFO] 2019-03-07 07:52:51,932: registered with master
[rospy.rosout][INFO] 2019-03-07 07:52:51,933: initializing /rosout core topic
[rospy.rosout][INFO] 2019-03-07 07:52:51,948: connected to core topic /rosout
[rospy.simtime][INFO] 2019-03-07 07:52:51,970: /use_sim_time is not set, will not subscribe to simulated time [/clock] topic
[rospy.internal][INFO] 2019-03-07 07:52:52,168: topic[/rosout] adding connection to [/rosout], count 0
[rospy.internal][INFO] 2019-03-07 07:52:52,198: topic[/safety/payload_waypoint] adding connection to [/safety], count 0
[rospy.internal][INFO] 2019-03-07 07:52:52,532: topic[/network/send_swarm_behavior_data] adding connection to [/network], count 0
[rospy.internal][INFO] 2019-03-07 07:52:53,507: topic[/hit_tracker/hit_uavs] adding connection to [http://copter131:39107/], count 0
[rospy.internal][INFO] 2019-03-07 07:52:53,510: topic[/autopilot/acs_pose] adding connection to [http://copter131:55588/], count 0
[rospy.internal][INFO] 2019-03-07 07:52:53,543: topic[/air_to_air/firing_reports] adding connection to [/network], count 0
[rospy.internal][INFO] 2019-03-07 07:52:54,022: topic[/autopilot/status] adding connection to [http://copter131:55588/], count 0
[rospy.internal][INFO] 2019-03-07 07:52:54,257: topic[/swarm_control/behavior_status] adding connection to [/swarm_control], count 0
[rospy.internal][INFO] 2019-03-07 07:52:54,529: topic[/swarm_control/subswarm_id] adding connection to [http://copter131:36689/], count 0
[rospy.internal][INFO] 2019-03-07 07:52:54,578: topic[/swarm_control/ap_intent] adding connection to [http://copter131:36689/], count 0
