[rospy.client][INFO] 2019-03-07 07:52:51,353: init_node, name[/smart_shooter], pid[3101]
[xmlrpc][INFO] 2019-03-07 07:52:51,369: XML-RPC server binding to 0.0.0.0:0
[xmlrpc][INFO] 2019-03-07 07:52:51,380: Started XML-RPC server [http://copter131:44502/]
[rospy.init][INFO] 2019-03-07 07:52:51,380: ROS Slave URI: [http://copter131:44502/]
[rospy.impl.masterslave][INFO] 2019-03-07 07:52:51,381: _ready: http://copter131:44502/
[xmlrpc][INFO] 2019-03-07 07:52:51,385: xml rpc node: starting XML-RPC server
[rospy.registration][INFO] 2019-03-07 07:52:51,387: Registering with master node http://localhost:11311
[rospy.init][INFO] 2019-03-07 07:52:51,482: registered with master
[rospy.rosout][INFO] 2019-03-07 07:52:51,483: initializing /rosout core topic
[rospy.rosout][INFO] 2019-03-07 07:52:52,491: connected to core topic /rosout
[rospy.simtime][INFO] 2019-03-07 07:52:52,496: /use_sim_time is not set, will not subscribe to simulated time [/clock] topic
[rospy.internal][INFO] 2019-03-07 07:52:52,651: topic[/safety/payload_waypoint] adding connection to [/safety], count 0
[rospy.internal][INFO] 2019-03-07 07:52:52,689: topic[/rosout] adding connection to [/rosout], count 0
[rospy.internal][INFO] 2019-03-07 07:52:52,738: topic[/network/send_swarm_behavior_data] adding connection to [/network], count 0
[rospy.internal][INFO] 2019-03-07 07:52:53,679: topic[/autopilot/acs_pose] adding connection to [http://copter131:55588/], count 0
[rospy.internal][INFO] 2019-03-07 07:52:53,744: topic[/hit_tracker/hit_uavs] adding connection to [http://copter131:39107/], count 0
[rospy.internal][INFO] 2019-03-07 07:52:53,770: topic[/air_to_air/firing_reports] adding connection to [/network], count 0
[rospy.internal][INFO] 2019-03-07 07:52:54,036: topic[/autopilot/status] adding connection to [http://copter131:55588/], count 0
[rospy.internal][INFO] 2019-03-07 07:52:54,264: topic[/swarm_control/behavior_status] adding connection to [/swarm_control], count 0
[rospy.internal][INFO] 2019-03-07 07:52:54,534: topic[/swarm_control/subswarm_id] adding connection to [http://copter131:36689/], count 0
[rospy.internal][INFO] 2019-03-07 07:52:54,574: topic[/swarm_control/ap_intent] adding connection to [http://copter131:36689/], count 0
