[rospy.client][INFO] 2019-03-07 07:52:51,076: init_node, name[/tactic_interface], pid[2998]
[xmlrpc][INFO] 2019-03-07 07:52:51,099: XML-RPC server binding to 0.0.0.0:0
[xmlrpc][INFO] 2019-03-07 07:52:51,100: Started XML-RPC server [http://copter131:44618/]
[rospy.init][INFO] 2019-03-07 07:52:51,101: ROS Slave URI: [http://copter131:44618/]
[rospy.impl.masterslave][INFO] 2019-03-07 07:52:51,101: _ready: http://copter131:44618/
[xmlrpc][INFO] 2019-03-07 07:52:51,115: xml rpc node: starting XML-RPC server
[rospy.registration][INFO] 2019-03-07 07:52:51,115: Registering with master node http://localhost:11311
[rospy.registration][INFO] 2019-03-07 07:52:51,116: Registering publisher topic [/safety/payload_waypoint] type [autopilot_bridge/LLA] with master
[rospy.registration][INFO] 2019-03-07 07:52:51,206: registering subscriber topic [/autopilot/status] type [autopilot_bridge/Status] with master
[rospy.internal][INFO] 2019-03-07 07:52:51,339: topic[/safety/payload_waypoint] adding connection to [/safety], count 0
[rospy.init][INFO] 2019-03-07 07:52:51,407: registered with master
[rospy.rosout][INFO] 2019-03-07 07:52:51,408: initializing /rosout core topic
[rospy.rosout][INFO] 2019-03-07 07:52:51,447: connected to core topic /rosout
[rospy.simtime][INFO] 2019-03-07 07:52:51,527: /use_sim_time is not set, will not subscribe to simulated time [/clock] topic
[rospy.internal][INFO] 2019-03-07 07:52:51,754: topic[/rosout] adding connection to [/rosout], count 0
[rospy.internal][INFO] 2019-03-07 07:52:52,521: topic[/network/send_swarm_behavior_data] adding connection to [/network], count 0
[rospy.internal][INFO] 2019-03-07 07:52:53,683: topic[/hit_tracker/hit_uavs] adding connection to [http://copter131:39107/], count 0
[rospy.internal][INFO] 2019-03-07 07:52:53,686: topic[/autopilot/acs_pose] adding connection to [http://copter131:55588/], count 0
[rospy.internal][INFO] 2019-03-07 07:52:53,889: topic[/air_to_air/firing_reports] adding connection to [/network], count 0
[rospy.internal][INFO] 2019-03-07 07:52:53,893: topic[/network/swarm_sub_behavior] adding connection to [/network], count 0
[rospy.internal][INFO] 2019-03-07 07:52:53,908: topic[/autopilot/waypoint_goto] adding connection to [/autopilot], count 0
[rospy.internal][INFO] 2019-03-07 07:52:54,048: topic[/autopilot/status] adding connection to [http://copter131:55588/], count 0
[rospy.internal][INFO] 2019-03-07 07:52:54,222: topic[/swarm_control/behavior_status] adding connection to [/swarm_control], count 0
[rospy.internal][INFO] 2019-03-07 07:52:54,550: topic[/swarm_control/subswarm_id] adding connection to [http://copter131:36689/], count 0
[rospy.internal][INFO] 2019-03-07 07:52:55,535: topic[/swarm_control/ap_intent] adding connection to [http://copter131:36689/], count 0
