[rospy.client][INFO] 2019-03-07 07:52:51,376: init_node, name[/wingman], pid[3132]
[xmlrpc][INFO] 2019-03-07 07:52:51,377: XML-RPC server binding to 0.0.0.0:0
[rospy.init][INFO] 2019-03-07 07:52:51,380: ROS Slave URI: [http://copter131:37637/]
[xmlrpc][INFO] 2019-03-07 07:52:51,380: Started XML-RPC server [http://copter131:37637/]
[rospy.impl.masterslave][INFO] 2019-03-07 07:52:51,380: _ready: http://copter131:37637/
[xmlrpc][INFO] 2019-03-07 07:52:51,383: xml rpc node: starting XML-RPC server
[rospy.registration][INFO] 2019-03-07 07:52:51,385: Registering with master node http://localhost:11311
[rospy.init][INFO] 2019-03-07 07:52:51,480: registered with master
[rospy.rosout][INFO] 2019-03-07 07:52:51,481: initializing /rosout core topic
[rospy.rosout][INFO] 2019-03-07 07:52:51,602: connected to core topic /rosout
[rospy.simtime][INFO] 2019-03-07 07:52:51,619: /use_sim_time is not set, will not subscribe to simulated time [/clock] topic
[rospy.internal][INFO] 2019-03-07 07:52:51,857: topic[/rosout] adding connection to [/rosout], count 0
[rospy.internal][INFO] 2019-03-07 07:52:52,026: topic[/safety/payload_waypoint] adding connection to [/safety], count 0
[rospy.internal][INFO] 2019-03-07 07:52:52,528: topic[/network/send_swarm_behavior_data] adding connection to [/network], count 0
[rospy.internal][INFO] 2019-03-07 07:52:53,845: topic[/hit_tracker/hit_uavs] adding connection to [http://copter131:39107/], count 0
[rospy.internal][INFO] 2019-03-07 07:52:53,847: topic[/autopilot/acs_pose] adding connection to [http://copter131:55588/], count 0
[rospy.internal][INFO] 2019-03-07 07:52:53,908: topic[/autopilot/waypoint_goto] adding connection to [/autopilot], count 0
[rospy.internal][INFO] 2019-03-07 07:52:54,030: topic[/autopilot/status] adding connection to [http://copter131:55588/], count 0
[rospy.internal][INFO] 2019-03-07 07:52:54,031: topic[/air_to_air/firing_reports] adding connection to [/network], count 0
[rospy.internal][INFO] 2019-03-07 07:52:54,227: topic[/swarm_control/behavior_status] adding connection to [/swarm_control], count 0
[rospy.internal][INFO] 2019-03-07 07:52:55,498: topic[/swarm_control/subswarm_id] adding connection to [http://copter131:36689/], count 0
[rospy.internal][INFO] 2019-03-07 07:52:55,550: topic[/swarm_control/ap_intent] adding connection to [http://copter131:36689/], count 0
