[rospy.client][INFO] 2012-12-31 16:00:19,025: init_node, name[/constrained_shooter], pid[3074]
[xmlrpc][INFO] 2012-12-31 16:00:19,027: XML-RPC server binding to 0.0.0.0:0
[rospy.init][INFO] 2012-12-31 16:00:19,029: ROS Slave URI: [http://copter131:58736/]
[xmlrpc][INFO] 2012-12-31 16:00:19,028: Started XML-RPC server [http://copter131:58736/]
[rospy.impl.masterslave][INFO] 2012-12-31 16:00:19,029: _ready: http://copter131:58736/
[xmlrpc][INFO] 2012-12-31 16:00:19,034: xml rpc node: starting XML-RPC server
[rospy.registration][INFO] 2012-12-31 16:00:19,035: Registering with master node http://localhost:11311
[rospy.init][INFO] 2012-12-31 16:00:19,129: registered with master
[rospy.rosout][INFO] 2012-12-31 16:00:19,130: initializing /rosout core topic
[rospy.rosout][INFO] 2012-12-31 16:00:19,625: connected to core topic /rosout
[rospy.simtime][INFO] 2012-12-31 16:00:19,640: /use_sim_time is not set, will not subscribe to simulated time [/clock] topic
[rospy.internal][INFO] 2012-12-31 16:00:19,893: topic[/rosout] adding connection to [/rosout], count 0
[rospy.internal][INFO] 2012-12-31 16:00:20,857: topic[/network/send_swarm_behavior_data] adding connection to [/network], count 0
[rospy.internal][INFO] 2012-12-31 16:00:20,919: topic[/safety/payload_waypoint] adding connection to [/safety], count 0
[rospy.internal][INFO] 2019-03-27 16:03:54,650: topic[/autopilot/acs_pose] adding connection to [http://copter131:60124/], count 0
[rospy.internal][INFO] 2019-03-27 16:03:54,694: topic[/hit_tracker/hit_uavs] adding connection to [http://copter131:50196/], count 0
[rospy.internal][INFO] 2019-03-27 16:03:54,786: topic[/air_to_air/firing_reports] adding connection to [/network], count 0
[rospy.internal][INFO] 2019-03-27 16:03:55,078: topic[/swarm_control/behavior_status] adding connection to [/swarm_control], count 0
[rospy.internal][INFO] 2019-03-27 16:03:55,218: topic[/autopilot/status] adding connection to [http://copter131:60124/], count 0
[rospy.internal][INFO] 2019-03-27 16:03:55,335: topic[/swarm_control/subswarm_id] adding connection to [http://copter131:33119/], count 0
[rospy.internal][INFO] 2019-03-27 16:03:56,391: topic[/swarm_control/ap_intent] adding connection to [http://copter131:33119/], count 0
[rosout][INFO] 2019-03-27 16:07:18,082: constrained_shooter activate request False returned False
[rosout][INFO] 2019-03-27 16:07:27,799: constrained_shooter activate request False returned False
[rosout][INFO] 2019-03-27 16:08:11,029: constrained_shooter activate request False returned False
