[rospy.client][INFO] 2012-12-31 16:00:19,778: init_node, name[/evader], pid[3151]
[xmlrpc][INFO] 2012-12-31 16:00:19,779: XML-RPC server binding to 0.0.0.0:0
[xmlrpc][INFO] 2012-12-31 16:00:19,781: Started XML-RPC server [http://copter131:38032/]
[rospy.init][INFO] 2012-12-31 16:00:19,781: ROS Slave URI: [http://copter131:38032/]
[rospy.impl.masterslave][INFO] 2012-12-31 16:00:19,783: _ready: http://copter131:38032/
[xmlrpc][INFO] 2012-12-31 16:00:19,786: xml rpc node: starting XML-RPC server
[rospy.registration][INFO] 2012-12-31 16:00:19,787: Registering with master node http://localhost:11311
[rospy.init][INFO] 2012-12-31 16:00:19,883: registered with master
[rospy.rosout][INFO] 2012-12-31 16:00:19,884: initializing /rosout core topic
[rospy.rosout][INFO] 2012-12-31 16:00:19,910: connected to core topic /rosout
[rospy.simtime][INFO] 2012-12-31 16:00:19,921: /use_sim_time is not set, will not subscribe to simulated time [/clock] topic
[rospy.internal][INFO] 2012-12-31 16:00:20,145: topic[/rosout] adding connection to [/rosout], count 0
[rospy.internal][INFO] 2012-12-31 16:00:20,922: topic[/safety/payload_waypoint] adding connection to [/safety], count 0
[rospy.internal][INFO] 2012-12-31 16:00:20,999: topic[/network/send_swarm_behavior_data] adding connection to [/network], count 0
[rospy.internal][INFO] 2012-12-31 16:00:21,012: topic[/hit_tracker/hit_uavs] adding connection to [http://copter131:50196/], count 0
[rospy.internal][INFO] 2019-03-27 16:03:54,710: topic[/autopilot/acs_pose] adding connection to [http://copter131:60124/], count 0
[rospy.internal][INFO] 2019-03-27 16:03:55,094: topic[/swarm_control/behavior_status] adding connection to [/swarm_control], count 0
[rospy.internal][INFO] 2019-03-27 16:03:55,381: topic[/swarm_control/subswarm_id] adding connection to [http://copter131:33119/], count 0
[rospy.internal][INFO] 2019-03-27 16:03:55,425: topic[/swarm_control/ap_intent] adding connection to [http://copter131:33119/], count 0
[rospy.internal][INFO] 2019-03-27 16:03:56,177: topic[/autopilot/status] adding connection to [http://copter131:60124/], count 0
[rosout][INFO] 2019-03-27 16:07:18,113: evader activate request False returned False
[rosout][INFO] 2019-03-27 16:07:27,853: evader activate request False returned False
[rosout][INFO] 2019-03-27 16:08:11,076: evader activate request False returned False
