[rospy.client][INFO] 2012-12-31 16:00:16,316: init_node, name[/network], pid[2808]
[xmlrpc][INFO] 2012-12-31 16:00:16,318: XML-RPC server binding to 0.0.0.0:0
[rospy.init][INFO] 2012-12-31 16:00:16,320: ROS Slave URI: [http://copter131:39816/]
[xmlrpc][INFO] 2012-12-31 16:00:16,321: Started XML-RPC server [http://copter131:39816/]
[rospy.impl.masterslave][INFO] 2012-12-31 16:00:16,321: _ready: http://copter131:39816/
[xmlrpc][INFO] 2012-12-31 16:00:16,322: xml rpc node: starting XML-RPC server
[rospy.registration][INFO] 2012-12-31 16:00:16,323: Registering with master node http://localhost:11311
[rospy.init][INFO] 2012-12-31 16:00:16,421: registered with master
[rospy.rosout][INFO] 2012-12-31 16:00:16,422: initializing /rosout core topic
[rospy.rosout][INFO] 2012-12-31 16:00:16,463: connected to core topic /rosout
[rospy.simtime][INFO] 2012-12-31 16:00:16,492: /use_sim_time is not set, will not subscribe to simulated time [/clock] topic
[rospy.internal][INFO] 2012-12-31 16:00:16,754: topic[/rosout] adding connection to [/rosout], count 0
[rospy.internal][INFO] 2012-12-31 16:00:20,535: topic[/network/send_swarm_behavior_data] adding connection to [http://copter131:51402/], count 0
[rospy.internal][INFO] 2012-12-31 16:00:20,537: topic[/network/send_swarm_behavior_data] adding connection to [http://copter131:59600/], count 0
[rospy.internal][INFO] 2012-12-31 16:00:20,539: topic[/network/send_swarm_behavior_data] adding connection to [http://copter131:36206/], count 0
[rospy.internal][INFO] 2012-12-31 16:00:20,547: topic[/network/send_swarm_behavior_data] adding connection to [http://copter131:48040/], count 3
[rospy.internal][INFO] 2012-12-31 16:00:20,550: topic[/network/send_swarm_behavior_data] adding connection to [http://copter131:35247/], count 4
[rospy.internal][INFO] 2012-12-31 16:00:20,551: topic[/network/send_swarm_behavior_data] adding connection to [http://copter131:48338/], count 5
[rospy.internal][INFO] 2012-12-31 16:00:20,643: topic[/network/send_swarm_behavior_data] adding connection to [http://copter131:52463/], count 6
[rospy.internal][INFO] 2012-12-31 16:00:20,760: topic[/network/send_swarm_behavior_data] adding connection to [http://copter131:46377/], count 7
[rospy.internal][INFO] 2012-12-31 16:00:20,854: topic[/network/send_swarm_behavior_data] adding connection to [http://copter131:58736/], count 8
[rospy.internal][INFO] 2012-12-31 16:00:20,996: topic[/network/send_swarm_behavior_data] adding connection to [http://copter131:38032/], count 9
[rospy.internal][INFO] 2012-12-31 16:00:21,035: topic[/network/send_swarm_behavior_data] adding connection to [http://copter131:59552/], count 10
[rospy.internal][INFO] 2012-12-31 16:00:21,254: topic[/network/send_swarm_behavior_data] adding connection to [http://copter131:47753/], count 11
[rospy.internal][INFO] 2012-12-31 16:00:21,758: topic[/network/send_swarm_behavior_data] adding connection to [http://copter131:51217/], count 12
[rospy.internal][INFO] 2019-03-27 16:03:54,662: topic[/autopilot/acs_pose] adding connection to [http://copter131:60124/], count 0
[rospy.internal][INFO] 2019-03-27 16:03:54,778: topic[/air_to_air/firing_reports] adding connection to [http://copter131:58736/], count 0
[rospy.internal][INFO] 2019-03-27 16:03:54,787: topic[/air_to_air/firing_reports] adding connection to [http://copter131:35247/], count 1
[rospy.internal][INFO] 2019-03-27 16:03:54,905: topic[/air_to_air/firing_reports] adding connection to [http://copter131:47753/], count 2
[rospy.internal][INFO] 2019-03-27 16:03:54,911: topic[/air_to_air/firing_reports] adding connection to [http://copter131:52463/], count 3
[rospy.internal][INFO] 2019-03-27 16:03:54,913: topic[/network/swarm_sub_behavior] adding connection to [http://copter131:52463/], count 0
[rospy.internal][INFO] 2019-03-27 16:03:55,168: topic[/air_to_air/firing_reports] adding connection to [http://copter131:48338/], count 4
[rospy.internal][INFO] 2019-03-27 16:03:55,241: topic[/air_to_air/firing_reports] adding connection to [http://copter131:59552/], count 5
[rospy.internal][INFO] 2019-03-27 16:03:55,271: topic[/swarm_control/subswarm_id] adding connection to [http://copter131:33119/], count 0
[rospy.internal][INFO] 2019-03-27 16:03:55,366: topic[/swarm_control/swarm_state] adding connection to [http://copter131:33119/], count 0
[rospy.internal][INFO] 2019-03-27 16:03:55,373: topic[/swarm_control/swarm_behavior] adding connection to [http://copter131:33119/], count 0
[rospy.internal][INFO] 2019-03-27 16:03:55,427: topic[/swarm_control/behavior_summary] adding connection to [http://copter131:33119/], count 0
[rospy.internal][INFO] 2019-03-27 16:03:55,496: topic[/autopilot/status] adding connection to [http://copter131:60124/], count 0
[rospy.internal][INFO] 2019-03-27 16:06:17,547: topic[/autopilot/heartbeat_ground] adding connection to [/safety], count 0
[rospy.internal][INFO] 2019-03-27 16:06:17,556: topic[/autopilot/heartbeat_ground] adding connection to [/autopilot], count 1
[rosout][INFO] 2019-03-27 16:06:52,234: NET FlightReady
[rosout][INFO] 2019-03-27 16:06:55,970: NET MissionConfig
[rosout][INFO] 2019-03-27 16:06:57,379: NET SlaveSetup
[rosout][INFO] 2019-03-27 16:07:02,294: NET Mode
[rospy.internal][INFO] 2019-03-27 16:07:02,396: topic[/autopilot/mode_num] adding connection to [/autopilot], count 0
[rosout][INFO] 2019-03-27 16:07:05,228: NET Mode
[rosout][INFO] 2019-03-27 16:07:06,015: NET Arm
[rospy.internal][INFO] 2019-03-27 16:07:06,115: topic[/autopilot/arm] adding connection to [/autopilot], count 0
[rospy.internal][INFO] 2019-03-27 16:07:07,986: topic[/autopilot/waypoint_goto] adding connection to [/autopilot], count 0
[rosout][INFO] 2019-03-27 16:07:09,210: NET Mode
[rosout][INFO] 2019-03-27 16:07:09,710: NET Mode
[rosout][INFO] 2019-03-27 16:07:10,210: NET Mode
[rosout][INFO] 2019-03-27 16:07:10,710: NET Mode
[rosout][INFO] 2019-03-27 16:07:11,219: NET Takeoff
[rospy.internal][INFO] 2019-03-27 16:07:11,251: topic[/autopilot/copter_takeoff] adding connection to [/autopilot], count 0
[rosout][INFO] 2019-03-27 16:07:16,210: NET Mode
[rosout][INFO] 2019-03-27 16:07:18,124: NET SwarmState
[rosout][INFO] 2019-03-27 16:07:21,539: NET SetSubswarm
[rosout][INFO] 2019-03-27 16:07:28,879: NET SwarmBehavior
[rosout][INFO] 2019-03-27 16:08:10,128: NET Mode
[rosout][INFO] 2019-03-27 16:08:12,549: NET Arm
