[rospy.client][INFO] 2012-12-31 16:00:17,753: init_node, name[/patrol_box], pid[2932]
[xmlrpc][INFO] 2012-12-31 16:00:17,766: XML-RPC server binding to 0.0.0.0:0
[xmlrpc][INFO] 2012-12-31 16:00:17,771: Started XML-RPC server [http://copter131:59600/]
[rospy.init][INFO] 2012-12-31 16:00:17,771: ROS Slave URI: [http://copter131:59600/]
[rospy.impl.masterslave][INFO] 2012-12-31 16:00:17,772: _ready: http://copter131:59600/
[rospy.registration][INFO] 2012-12-31 16:00:17,780: Registering with master node http://localhost:11311
[xmlrpc][INFO] 2012-12-31 16:00:17,781: xml rpc node: starting XML-RPC server
[rospy.init][INFO] 2012-12-31 16:00:17,873: registered with master
[rospy.rosout][INFO] 2012-12-31 16:00:17,873: initializing /rosout core topic
[rospy.rosout][INFO] 2012-12-31 16:00:17,967: connected to core topic /rosout
[rospy.simtime][INFO] 2012-12-31 16:00:18,042: /use_sim_time is not set, will not subscribe to simulated time [/clock] topic
[rospy.internal][INFO] 2012-12-31 16:00:18,189: topic[/rosout] adding connection to [/rosout], count 0
[rospy.internal][INFO] 2012-12-31 16:00:20,542: topic[/network/send_swarm_behavior_data] adding connection to [/network], count 0
[rospy.internal][INFO] 2012-12-31 16:00:20,902: topic[/safety/payload_waypoint] adding connection to [/safety], count 0
[rospy.internal][INFO] 2019-03-27 16:03:54,670: topic[/autopilot/acs_pose] adding connection to [http://copter131:60124/], count 0
[rospy.internal][INFO] 2019-03-27 16:03:55,056: topic[/swarm_control/behavior_status] adding connection to [/swarm_control], count 0
[rospy.internal][INFO] 2019-03-27 16:03:55,188: topic[/autopilot/status] adding connection to [http://copter131:60124/], count 0
[rospy.internal][INFO] 2019-03-27 16:03:55,303: topic[/swarm_control/subswarm_id] adding connection to [http://copter131:33119/], count 0
[rospy.internal][INFO] 2019-03-27 16:03:55,394: topic[/swarm_control/ap_intent] adding connection to [http://copter131:33119/], count 0
[rosout][INFO] 2019-03-27 16:07:18,094: patrol_box activate request False returned False
[rosout][INFO] 2019-03-27 16:07:27,819: patrol_box activate request False returned False
[rosout][INFO] 2019-03-27 16:08:11,046: patrol_box activate request False returned False
