[rospy.client][INFO] 2012-12-31 16:00:19,700: init_node, name[/patrol_box_shooter], pid[3137]
[xmlrpc][INFO] 2012-12-31 16:00:19,701: XML-RPC server binding to 0.0.0.0:0
[xmlrpc][INFO] 2012-12-31 16:00:19,703: Started XML-RPC server [http://copter131:35247/]
[rospy.init][INFO] 2012-12-31 16:00:19,703: ROS Slave URI: [http://copter131:35247/]
[rospy.impl.masterslave][INFO] 2012-12-31 16:00:19,703: _ready: http://copter131:35247/
[xmlrpc][INFO] 2012-12-31 16:00:19,705: xml rpc node: starting XML-RPC server
[rospy.registration][INFO] 2012-12-31 16:00:19,707: Registering with master node http://localhost:11311
[rospy.init][INFO] 2012-12-31 16:00:19,805: registered with master
[rospy.rosout][INFO] 2012-12-31 16:00:19,805: initializing /rosout core topic
[rospy.rosout][INFO] 2012-12-31 16:00:19,821: connected to core topic /rosout
[rospy.simtime][INFO] 2012-12-31 16:00:19,833: /use_sim_time is not set, will not subscribe to simulated time [/clock] topic
[rospy.internal][INFO] 2012-12-31 16:00:20,145: topic[/rosout] adding connection to [/rosout], count 0
[rospy.internal][INFO] 2012-12-31 16:00:20,553: topic[/network/send_swarm_behavior_data] adding connection to [/network], count 0
[rospy.internal][INFO] 2012-12-31 16:00:20,909: topic[/safety/payload_waypoint] adding connection to [/safety], count 0
[rospy.internal][INFO] 2019-03-27 16:03:54,665: topic[/autopilot/acs_pose] adding connection to [http://copter131:60124/], count 0
[rospy.internal][INFO] 2019-03-27 16:03:54,704: topic[/hit_tracker/hit_uavs] adding connection to [http://copter131:50196/], count 0
[rospy.internal][INFO] 2019-03-27 16:03:54,791: topic[/air_to_air/firing_reports] adding connection to [/network], count 0
[rospy.internal][INFO] 2019-03-27 16:03:55,085: topic[/swarm_control/behavior_status] adding connection to [/swarm_control], count 0
[rospy.internal][INFO] 2019-03-27 16:03:55,295: topic[/swarm_control/subswarm_id] adding connection to [http://copter131:33119/], count 0
[rospy.internal][INFO] 2019-03-27 16:03:56,183: topic[/autopilot/status] adding connection to [http://copter131:60124/], count 0
[rospy.internal][INFO] 2019-03-27 16:03:56,406: topic[/swarm_control/ap_intent] adding connection to [http://copter131:33119/], count 0
[rosout][INFO] 2019-03-27 16:07:18,101: patrol_box_shooter activate request False returned False
[rosout][INFO] 2019-03-27 16:07:27,834: patrol_box_shooter activate request False returned False
[rosout][INFO] 2019-03-27 16:08:11,056: patrol_box_shooter activate request False returned False
