[rospy.client][INFO] 2012-12-31 16:00:19,603: init_node, name[/pn_interceptor], pid[3124]
[xmlrpc][INFO] 2012-12-31 16:00:19,611: XML-RPC server binding to 0.0.0.0:0
[rospy.init][INFO] 2012-12-31 16:00:19,613: ROS Slave URI: [http://copter131:48040/]
[xmlrpc][INFO] 2012-12-31 16:00:19,613: Started XML-RPC server [http://copter131:48040/]
[rospy.impl.masterslave][INFO] 2012-12-31 16:00:19,614: _ready: http://copter131:48040/
[xmlrpc][INFO] 2012-12-31 16:00:19,617: xml rpc node: starting XML-RPC server
[rospy.registration][INFO] 2012-12-31 16:00:19,618: Registering with master node http://localhost:11311
[rospy.init][INFO] 2012-12-31 16:00:19,714: registered with master
[rospy.rosout][INFO] 2012-12-31 16:00:19,714: initializing /rosout core topic
[rospy.rosout][INFO] 2012-12-31 16:00:19,730: connected to core topic /rosout
[rospy.simtime][INFO] 2012-12-31 16:00:19,744: /use_sim_time is not set, will not subscribe to simulated time [/clock] topic
[rospy.internal][INFO] 2012-12-31 16:00:19,891: topic[/rosout] adding connection to [/rosout], count 0
[rospy.internal][INFO] 2012-12-31 16:00:20,552: topic[/network/send_swarm_behavior_data] adding connection to [/network], count 0
[rospy.internal][INFO] 2012-12-31 16:00:20,911: topic[/safety/payload_waypoint] adding connection to [/safety], count 0
[rospy.internal][INFO] 2019-03-27 16:03:55,081: topic[/swarm_control/behavior_status] adding connection to [/swarm_control], count 0
[rospy.internal][INFO] 2019-03-27 16:03:55,189: topic[/autopilot/status] adding connection to [http://copter131:60124/], count 0
[rospy.internal][INFO] 2019-03-27 16:03:55,335: topic[/swarm_control/subswarm_id] adding connection to [http://copter131:33119/], count 0
[rospy.internal][INFO] 2019-03-27 16:03:55,411: topic[/swarm_control/ap_intent] adding connection to [http://copter131:33119/], count 0
[rosout][INFO] 2019-03-27 16:07:18,063: pn_interceptor activate request False returned False
[rosout][INFO] 2019-03-27 16:07:27,767: pn_interceptor activate request False returned False
[rosout][INFO] 2019-03-27 16:08:10,997: pn_interceptor activate request False returned False
