[rospy.client][INFO] 2012-12-31 16:00:16,061: init_node, name[/safety], pid[2804]
[xmlrpc][INFO] 2012-12-31 16:00:16,069: XML-RPC server binding to 0.0.0.0:0
[xmlrpc][INFO] 2012-12-31 16:00:16,070: Started XML-RPC server [http://copter131:56354/]
[rospy.init][INFO] 2012-12-31 16:00:16,071: ROS Slave URI: [http://copter131:56354/]
[rospy.impl.masterslave][INFO] 2012-12-31 16:00:16,071: _ready: http://copter131:56354/
[xmlrpc][INFO] 2012-12-31 16:00:16,089: xml rpc node: starting XML-RPC server
[rospy.registration][INFO] 2012-12-31 16:00:16,090: Registering with master node http://localhost:11311
[rospy.init][INFO] 2012-12-31 16:00:16,172: registered with master
[rospy.rosout][INFO] 2012-12-31 16:00:16,173: initializing /rosout core topic
[rospy.rosout][INFO] 2012-12-31 16:00:16,208: connected to core topic /rosout
[rospy.simtime][INFO] 2012-12-31 16:00:16,234: /use_sim_time is not set, will not subscribe to simulated time [/clock] topic
[rospy.internal][INFO] 2012-12-31 16:00:16,454: topic[/rosout] adding connection to [/rosout], count 0
[rospy.internal][INFO] 2012-12-31 16:00:20,877: topic[/safety/payload_waypoint] adding connection to [http://copter131:59600/], count 0
[rospy.internal][INFO] 2012-12-31 16:00:20,880: topic[/safety/payload_waypoint] adding connection to [http://copter131:51402/], count 1
[rospy.internal][INFO] 2012-12-31 16:00:20,880: topic[/safety/payload_waypoint] adding connection to [http://copter131:36206/], count 0
[rospy.internal][INFO] 2012-12-31 16:00:20,883: topic[/safety/payload_waypoint] adding connection to [http://copter131:46377/], count 3
[rospy.internal][INFO] 2012-12-31 16:00:20,886: topic[/safety/payload_waypoint] adding connection to [http://copter131:58736/], count 4
[rospy.internal][INFO] 2012-12-31 16:00:20,899: topic[/safety/payload_waypoint] adding connection to [http://copter131:35247/], count 5
[rospy.internal][INFO] 2012-12-31 16:00:20,900: topic[/safety/payload_waypoint] adding connection to [http://copter131:48040/], count 5
[rospy.internal][INFO] 2012-12-31 16:00:20,916: topic[/safety/payload_waypoint] adding connection to [http://copter131:38032/], count 7
[rospy.internal][INFO] 2012-12-31 16:00:20,917: topic[/safety/payload_waypoint] adding connection to [http://copter131:52463/], count 7
[rospy.internal][INFO] 2012-12-31 16:00:20,922: topic[/safety/payload_waypoint] adding connection to [http://copter131:48338/], count 9
[rospy.internal][INFO] 2012-12-31 16:00:20,932: topic[/safety/payload_rate] adding connection to [http://copter131:46377/], count 0
[rospy.internal][INFO] 2012-12-31 16:00:20,956: topic[/safety/payload_waypoint] adding connection to [http://copter131:59552/], count 10
[rospy.internal][INFO] 2012-12-31 16:00:21,181: topic[/safety/payload_waypoint] adding connection to [http://copter131:47753/], count 11
[rospy.internal][INFO] 2012-12-31 16:00:21,650: topic[/safety/payload_waypoint] adding connection to [http://copter131:51217/], count 12
[rospy.internal][INFO] 2019-03-27 16:03:54,406: topic[/autopilot/heartbeat_onboard] adding connection to [/autopilot], count 0
[rospy.internal][INFO] 2019-03-27 16:03:54,469: topic[/autopilot/payload_waypoint] adding connection to [/autopilot], count 0
[rospy.internal][INFO] 2019-03-27 16:03:54,674: topic[/autopilot/acs_pose] adding connection to [http://copter131:60124/], count 0
[rosout][WARNING] 2019-03-27 16:03:54,862: establishing proxies for ROS /autopliot/ services
[rospy.internal][INFO] 2019-03-27 16:03:54,991: topic[/swarm_tracker/swarm_uav_states] adding connection to [http://copter131:46561/], count 0
[rospy.internal][INFO] 2019-03-27 16:06:17,545: topic[/autopilot/heartbeat_ground] adding connection to [http://copter131:39816/], count 0
