[rospy.client][INFO] 2012-12-31 16:00:19,098: init_node, name[/smart_shooter], pid[3051]
[xmlrpc][INFO] 2012-12-31 16:00:19,102: XML-RPC server binding to 0.0.0.0:0
[rospy.init][INFO] 2012-12-31 16:00:19,104: ROS Slave URI: [http://copter131:47753/]
[xmlrpc][INFO] 2012-12-31 16:00:19,104: Started XML-RPC server [http://copter131:47753/]
[rospy.impl.masterslave][INFO] 2012-12-31 16:00:19,105: _ready: http://copter131:47753/
[xmlrpc][INFO] 2012-12-31 16:00:19,106: xml rpc node: starting XML-RPC server
[rospy.registration][INFO] 2012-12-31 16:00:19,107: Registering with master node http://localhost:11311
[rospy.init][INFO] 2012-12-31 16:00:19,205: registered with master
[rospy.rosout][INFO] 2012-12-31 16:00:19,205: initializing /rosout core topic
[rospy.rosout][INFO] 2012-12-31 16:00:19,338: connected to core topic /rosout
[rospy.simtime][INFO] 2012-12-31 16:00:19,457: /use_sim_time is not set, will not subscribe to simulated time [/clock] topic
[rospy.internal][INFO] 2012-12-31 16:00:19,524: topic[/rosout] adding connection to [/rosout], count 0
[rospy.internal][INFO] 2012-12-31 16:00:21,185: topic[/safety/payload_waypoint] adding connection to [/safety], count 0
[rospy.internal][INFO] 2012-12-31 16:00:21,256: topic[/network/send_swarm_behavior_data] adding connection to [/network], count 0
[rospy.internal][INFO] 2019-03-27 16:03:54,749: topic[/autopilot/acs_pose] adding connection to [http://copter131:60124/], count 0
[rospy.internal][INFO] 2019-03-27 16:03:54,799: topic[/hit_tracker/hit_uavs] adding connection to [http://copter131:50196/], count 0
[rospy.internal][INFO] 2019-03-27 16:03:54,914: topic[/air_to_air/firing_reports] adding connection to [/network], count 0
[rospy.internal][INFO] 2019-03-27 16:03:55,128: topic[/swarm_control/behavior_status] adding connection to [/swarm_control], count 0
[rospy.internal][INFO] 2019-03-27 16:03:55,213: topic[/autopilot/status] adding connection to [http://copter131:60124/], count 0
[rospy.internal][INFO] 2019-03-27 16:03:55,362: topic[/swarm_control/subswarm_id] adding connection to [http://copter131:33119/], count 0
[rospy.internal][INFO] 2019-03-27 16:03:55,418: topic[/swarm_control/ap_intent] adding connection to [http://copter131:33119/], count 0
[rosout][INFO] 2019-03-27 16:07:18,076: smart_shooter activate request False returned False
[rosout][INFO] 2019-03-27 16:07:27,790: smart_shooter activate request False returned False
[rosout][INFO] 2019-03-27 16:08:11,020: smart_shooter activate request False returned False
