[rospy.client][INFO] 2012-12-31 16:00:19,311: init_node, name[/tactic_interface], pid[2980]
[xmlrpc][INFO] 2012-12-31 16:00:19,334: XML-RPC server binding to 0.0.0.0:0
[xmlrpc][INFO] 2012-12-31 16:00:19,335: Started XML-RPC server [http://copter131:52463/]
[rospy.init][INFO] 2012-12-31 16:00:19,336: ROS Slave URI: [http://copter131:52463/]
[rospy.impl.masterslave][INFO] 2012-12-31 16:00:19,336: _ready: http://copter131:52463/
[xmlrpc][INFO] 2012-12-31 16:00:19,350: xml rpc node: starting XML-RPC server
[rospy.registration][INFO] 2012-12-31 16:00:19,349: Registering with master node http://localhost:11311
[rospy.registration][INFO] 2012-12-31 16:00:19,351: Registering publisher topic [/safety/payload_waypoint] type [autopilot_bridge/LLA] with master
[rospy.registration][INFO] 2012-12-31 16:00:20,353: registering subscriber topic [/autopilot/status] type [autopilot_bridge/Status] with master
[rospy.init][INFO] 2012-12-31 16:00:20,440: registered with master
[rospy.rosout][INFO] 2012-12-31 16:00:20,440: initializing /rosout core topic
[rospy.rosout][INFO] 2012-12-31 16:00:20,445: connected to core topic /rosout
[rospy.simtime][INFO] 2012-12-31 16:00:20,448: /use_sim_time is not set, will not subscribe to simulated time [/clock] topic
[rospy.internal][INFO] 2012-12-31 16:00:20,612: topic[/rosout] adding connection to [/rosout], count 0
[rospy.internal][INFO] 2012-12-31 16:00:20,646: topic[/network/send_swarm_behavior_data] adding connection to [/network], count 0
[rospy.internal][INFO] 2012-12-31 16:00:20,928: topic[/safety/payload_waypoint] adding connection to [/safety], count 0
[rospy.internal][INFO] 2019-03-27 16:03:54,793: topic[/hit_tracker/hit_uavs] adding connection to [http://copter131:50196/], count 0
[rospy.internal][INFO] 2019-03-27 16:03:54,801: topic[/autopilot/acs_pose] adding connection to [http://copter131:60124/], count 0
[rospy.internal][INFO] 2019-03-27 16:03:54,921: topic[/air_to_air/firing_reports] adding connection to [/network], count 0
[rospy.internal][INFO] 2019-03-27 16:03:54,924: topic[/network/swarm_sub_behavior] adding connection to [/network], count 0
[rospy.internal][INFO] 2019-03-27 16:03:54,944: topic[/autopilot/waypoint_goto] adding connection to [/autopilot], count 0
[rospy.internal][INFO] 2019-03-27 16:03:54,947: topic[/autopilot/waypoint_goto] adding connection to [/autopilot], count 1
[rospy.internal][INFO] 2019-03-27 16:03:54,948: topic[/autopilot/waypoint_goto] removing connection to /autopilot
[rospy.internal][INFO] 2019-03-27 16:03:55,098: topic[/swarm_control/behavior_status] adding connection to [/swarm_control], count 0
[rospy.internal][INFO] 2019-03-27 16:03:55,160: topic[/autopilot/status] adding connection to [http://copter131:60124/], count 0
[rospy.internal][INFO] 2019-03-27 16:03:55,389: topic[/swarm_control/subswarm_id] adding connection to [http://copter131:33119/], count 0
[rospy.internal][INFO] 2019-03-27 16:03:55,402: topic[/swarm_control/ap_intent] adding connection to [http://copter131:33119/], count 0
[rosout][WARNING] 2019-03-27 16:03:55,945: Inbound TCP/IP connection failed: connection from sender terminated before handshake header received. 0 bytes were received. Please check sender for additional details.
[rospy.internal][ERROR] 2019-03-27 16:03:55,948: Inbound TCP/IP connection failed:
Traceback (most recent call last):
  File "/opt/ros/indigo/lib/python2.7/dist-packages/rospy/impl/tcpros_base.py", line 321, in _tcp_server_callback
    header = read_ros_handshake_header(sock, StringIO(), buff_size)
  File "/opt/ros/indigo/lib/python2.7/dist-packages/rosgraph/network.py", line 362, in read_ros_handshake_header
    raise ROSHandshakeException("connection from sender terminated before handshake header received. %s bytes were received. Please check sender for additional details."%b.tell())
ROSHandshakeException: connection from sender terminated before handshake header received. 0 bytes were received. Please check sender for additional details.

[rosout][WARNING] 2019-03-27 16:03:57,954: Inbound TCP/IP connection failed: connection from sender terminated before handshake header received. 0 bytes were received. Please check sender for additional details.
[rospy.internal][ERROR] 2019-03-27 16:03:57,955: Inbound TCP/IP connection failed:
Traceback (most recent call last):
  File "/opt/ros/indigo/lib/python2.7/dist-packages/rospy/impl/tcpros_base.py", line 321, in _tcp_server_callback
    header = read_ros_handshake_header(sock, StringIO(), buff_size)
  File "/opt/ros/indigo/lib/python2.7/dist-packages/rosgraph/network.py", line 362, in read_ros_handshake_header
    raise ROSHandshakeException("connection from sender terminated before handshake header received. %s bytes were received. Please check sender for additional details."%b.tell())
ROSHandshakeException: connection from sender terminated before handshake header received. 0 bytes were received. Please check sender for additional details.

[rosout][WARNING] 2019-03-27 16:04:01,962: Inbound TCP/IP connection failed: connection from sender terminated before handshake header received. 0 bytes were received. Please check sender for additional details.
[rospy.internal][ERROR] 2019-03-27 16:04:01,963: Inbound TCP/IP connection failed:
Traceback (most recent call last):
  File "/opt/ros/indigo/lib/python2.7/dist-packages/rospy/impl/tcpros_base.py", line 321, in _tcp_server_callback
    header = read_ros_handshake_header(sock, StringIO(), buff_size)
  File "/opt/ros/indigo/lib/python2.7/dist-packages/rosgraph/network.py", line 362, in read_ros_handshake_header
    raise ROSHandshakeException("connection from sender terminated before handshake header received. %s bytes were received. Please check sender for additional details."%b.tell())
ROSHandshakeException: connection from sender terminated before handshake header received. 0 bytes were received. Please check sender for additional details.

[rosout][WARNING] 2019-03-27 16:04:09,981: Inbound TCP/IP connection failed: connection from sender terminated before handshake header received. 0 bytes were received. Please check sender for additional details.
[rospy.internal][ERROR] 2019-03-27 16:04:09,983: Inbound TCP/IP connection failed:
Traceback (most recent call last):
  File "/opt/ros/indigo/lib/python2.7/dist-packages/rospy/impl/tcpros_base.py", line 321, in _tcp_server_callback
    header = read_ros_handshake_header(sock, StringIO(), buff_size)
  File "/opt/ros/indigo/lib/python2.7/dist-packages/rosgraph/network.py", line 362, in read_ros_handshake_header
    raise ROSHandshakeException("connection from sender terminated before handshake header received. %s bytes were received. Please check sender for additional details."%b.tell())
ROSHandshakeException: connection from sender terminated before handshake header received. 0 bytes were received. Please check sender for additional details.

[rosout][WARNING] 2019-03-27 16:04:26,012: Inbound TCP/IP connection failed: connection from sender terminated before handshake header received. 0 bytes were received. Please check sender for additional details.
[rospy.internal][ERROR] 2019-03-27 16:04:26,014: Inbound TCP/IP connection failed:
Traceback (most recent call last):
  File "/opt/ros/indigo/lib/python2.7/dist-packages/rospy/impl/tcpros_base.py", line 321, in _tcp_server_callback
    header = read_ros_handshake_header(sock, StringIO(), buff_size)
  File "/opt/ros/indigo/lib/python2.7/dist-packages/rosgraph/network.py", line 362, in read_ros_handshake_header
    raise ROSHandshakeException("connection from sender terminated before handshake header received. %s bytes were received. Please check sender for additional details."%b.tell())
ROSHandshakeException: connection from sender terminated before handshake header received. 0 bytes were received. Please check sender for additional details.

[rosout][WARNING] 2019-03-27 16:04:58,057: Inbound TCP/IP connection failed: connection from sender terminated before handshake header received. 0 bytes were received. Please check sender for additional details.
[rospy.internal][ERROR] 2019-03-27 16:04:58,059: Inbound TCP/IP connection failed:
Traceback (most recent call last):
  File "/opt/ros/indigo/lib/python2.7/dist-packages/rospy/impl/tcpros_base.py", line 321, in _tcp_server_callback
    header = read_ros_handshake_header(sock, StringIO(), buff_size)
  File "/opt/ros/indigo/lib/python2.7/dist-packages/rosgraph/network.py", line 362, in read_ros_handshake_header
    raise ROSHandshakeException("connection from sender terminated before handshake header received. %s bytes were received. Please check sender for additional details."%b.tell())
ROSHandshakeException: connection from sender terminated before handshake header received. 0 bytes were received. Please check sender for additional details.

[rosout][WARNING] 2019-03-27 16:06:02,131: Inbound TCP/IP connection failed: connection from sender terminated before handshake header received. 0 bytes were received. Please check sender for additional details.
[rospy.internal][ERROR] 2019-03-27 16:06:02,133: Inbound TCP/IP connection failed:
Traceback (most recent call last):
  File "/opt/ros/indigo/lib/python2.7/dist-packages/rospy/impl/tcpros_base.py", line 321, in _tcp_server_callback
    header = read_ros_handshake_header(sock, StringIO(), buff_size)
  File "/opt/ros/indigo/lib/python2.7/dist-packages/rosgraph/network.py", line 362, in read_ros_handshake_header
    raise ROSHandshakeException("connection from sender terminated before handshake header received. %s bytes were received. Please check sender for additional details."%b.tell())
ROSHandshakeException: connection from sender terminated before handshake header received. 0 bytes were received. Please check sender for additional details.

[rosout][INFO] 2019-03-27 16:07:18,107: tactic_interface activate request False returned False
[rospy.internal][INFO] 2019-03-27 16:07:26,601: topic[/red_tracker/red_uav_states] adding connection to [http://copter131:32802/], count 0
[rospy.internal][INFO] 2019-03-27 16:07:27,101: topic[/swarm_tracker/swarm_uav_states] adding connection to [http://copter131:46561/], count 0
[rosout][INFO] 2019-03-27 16:07:27,725: tactic_interface ready state set to 'True'
[rosout][INFO] 2019-03-27 16:07:27,727: tactic_interface set request returned True
[rosout][INFO] 2019-03-27 16:07:27,844: tactic_interface activate request False returned False
[rosout][INFO] 2019-03-27 16:07:28,872: activating behavior tactic_interface
[rosout][INFO] 2019-03-27 16:07:28,873: tactic_interface activate request True returned True
[rosout][WARNING] 2019-03-27 16:07:28,951: tactic_interface, Timed Loop Error: [Errno 111] Connection refused
[rosout][WARNING] 2019-03-27 16:07:29,035: tactic_interface, Timed Loop Error: 131 is not in list
[rosout][WARNING] 2019-03-27 16:07:29,134: tactic_interface, Timed Loop Error: 131 is not in list
[rosout][WARNING] 2019-03-27 16:07:29,235: tactic_interface, Timed Loop Error: 131 is not in list
[rosout][WARNING] 2019-03-27 16:07:29,334: tactic_interface, Timed Loop Error: 131 is not in list
[rosout][WARNING] 2019-03-27 16:07:29,434: tactic_interface, Timed Loop Error: 131 is not in list
[rosout][WARNING] 2019-03-27 16:07:29,535: tactic_interface, Timed Loop Error: 131 is not in list
[rosout][WARNING] 2019-03-27 16:07:29,635: tactic_interface, Timed Loop Error: 131 is not in list
[rosout][WARNING] 2019-03-27 16:07:29,734: tactic_interface, Timed Loop Error: 131 is not in list
[rosout][WARNING] 2019-03-27 16:07:29,834: tactic_interface, Timed Loop Error: 131 is not in list
[rosout][WARNING] 2019-03-27 16:07:29,935: tactic_interface, Timed Loop Error: 131 is not in list
[rosout][WARNING] 2019-03-27 16:07:30,034: tactic_interface, Timed Loop Error: 131 is not in list
[rosout][WARNING] 2019-03-27 16:07:30,134: tactic_interface, Timed Loop Error: 131 is not in list
[rosout][WARNING] 2019-03-27 16:07:30,234: tactic_interface, Timed Loop Error: 131 is not in list
[rosout][WARNING] 2019-03-27 16:07:30,335: tactic_interface, Timed Loop Error: 131 is not in list
[rosout][WARNING] 2019-03-27 16:07:30,434: tactic_interface, Timed Loop Error: 131 is not in list
[rosout][WARNING] 2019-03-27 16:07:30,534: tactic_interface, Timed Loop Error: 131 is not in list
[rosout][WARNING] 2019-03-27 16:07:30,634: tactic_interface, Timed Loop Error: 131 is not in list
[rosout][WARNING] 2019-03-27 16:07:30,734: tactic_interface, Timed Loop Error: 131 is not in list
[rosout][WARNING] 2019-03-27 16:07:30,835: tactic_interface, Timed Loop Error: 131 is not in list
[rosout][WARNING] 2019-03-27 16:07:30,934: tactic_interface, Timed Loop Error: 131 is not in list
[rosout][WARNING] 2019-03-27 16:07:31,035: tactic_interface, Timed Loop Error: 131 is not in list
[rosout][WARNING] 2019-03-27 16:07:31,134: tactic_interface, Timed Loop Error: 131 is not in list
[rosout][WARNING] 2019-03-27 16:07:31,235: tactic_interface, Timed Loop Error: 131 is not in list
[rosout][WARNING] 2019-03-27 16:07:31,336: tactic_interface, Timed Loop Error: 131 is not in list
[rosout][WARNING] 2019-03-27 16:07:31,434: tactic_interface, Timed Loop Error: 131 is not in list
[rosout][WARNING] 2019-03-27 16:07:31,534: tactic_interface, Timed Loop Error: 131 is not in list
[rosout][WARNING] 2019-03-27 16:07:31,635: tactic_interface, Timed Loop Error: 131 is not in list
[rosout][WARNING] 2019-03-27 16:07:31,734: tactic_interface, Timed Loop Error: 131 is not in list
[rosout][WARNING] 2019-03-27 16:07:31,834: tactic_interface, Timed Loop Error: 131 is not in list
[rosout][WARNING] 2019-03-27 16:07:31,934: tactic_interface, Timed Loop Error: 131 is not in list
[rosout][WARNING] 2019-03-27 16:07:32,034: tactic_interface, Timed Loop Error: 131 is not in list
[rosout][WARNING] 2019-03-27 16:07:32,135: tactic_interface, Timed Loop Error: 131 is not in list
[rosout][WARNING] 2019-03-27 16:07:32,234: tactic_interface, Timed Loop Error: 131 is not in list
[rosout][WARNING] 2019-03-27 16:07:32,335: tactic_interface, Timed Loop Error: 131 is not in list
[rosout][WARNING] 2019-03-27 16:07:32,434: tactic_interface, Timed Loop Error: 131 is not in list
[rosout][WARNING] 2019-03-27 16:07:32,534: tactic_interface, Timed Loop Error: 131 is not in list
[rosout][WARNING] 2019-03-27 16:07:32,635: tactic_interface, Timed Loop Error: 131 is not in list
[rosout][WARNING] 2019-03-27 16:07:32,734: tactic_interface, Timed Loop Error: 131 is not in list
[rosout][WARNING] 2019-03-27 16:07:32,834: tactic_interface, Timed Loop Error: 131 is not in list
[rosout][WARNING] 2019-03-27 16:07:32,934: tactic_interface, Timed Loop Error: 131 is not in list
[rosout][WARNING] 2019-03-27 16:07:33,034: tactic_interface, Timed Loop Error: 131 is not in list
[rosout][WARNING] 2019-03-27 16:07:33,135: tactic_interface, Timed Loop Error: 131 is not in list
[rosout][WARNING] 2019-03-27 16:07:33,234: tactic_interface, Timed Loop Error: 131 is not in list
[rosout][WARNING] 2019-03-27 16:07:33,334: tactic_interface, Timed Loop Error: 131 is not in list
[rosout][WARNING] 2019-03-27 16:07:33,434: tactic_interface, Timed Loop Error: 131 is not in list
[rosout][WARNING] 2019-03-27 16:07:33,534: tactic_interface, Timed Loop Error: 131 is not in list
[rosout][WARNING] 2019-03-27 16:07:33,634: tactic_interface, Timed Loop Error: 131 is not in list
[rosout][WARNING] 2019-03-27 16:07:33,734: tactic_interface, Timed Loop Error: 131 is not in list
[rosout][WARNING] 2019-03-27 16:07:33,834: tactic_interface, Timed Loop Error: 131 is not in list
[rosout][WARNING] 2019-03-27 16:07:33,934: tactic_interface, Timed Loop Error: 131 is not in list
[rosout][WARNING] 2019-03-27 16:07:34,034: tactic_interface, Timed Loop Error: 131 is not in list
[rosout][WARNING] 2019-03-27 16:07:34,134: tactic_interface, Timed Loop Error: 131 is not in list
[rosout][WARNING] 2019-03-27 16:07:34,235: tactic_interface, Timed Loop Error: 131 is not in list
[rosout][WARNING] 2019-03-27 16:07:34,334: tactic_interface, Timed Loop Error: 131 is not in list
[rosout][WARNING] 2019-03-27 16:07:34,434: tactic_interface, Timed Loop Error: 131 is not in list
[rosout][WARNING] 2019-03-27 16:07:34,534: tactic_interface, Timed Loop Error: 131 is not in list
[rosout][WARNING] 2019-03-27 16:07:34,634: tactic_interface, Timed Loop Error: 131 is not in list
[rosout][WARNING] 2019-03-27 16:07:34,734: tactic_interface, Timed Loop Error: 131 is not in list
[rosout][WARNING] 2019-03-27 16:07:34,835: tactic_interface, Timed Loop Error: 131 is not in list
[rosout][WARNING] 2019-03-27 16:07:34,934: tactic_interface, Timed Loop Error: 131 is not in list
[rosout][WARNING] 2019-03-27 16:07:35,034: tactic_interface, Timed Loop Error: 131 is not in list
[rosout][WARNING] 2019-03-27 16:07:35,134: tactic_interface, Timed Loop Error: 131 is not in list
[rosout][WARNING] 2019-03-27 16:07:35,234: tactic_interface, Timed Loop Error: 131 is not in list
[rosout][WARNING] 2019-03-27 16:07:35,335: tactic_interface, Timed Loop Error: 131 is not in list
[rosout][WARNING] 2019-03-27 16:07:35,434: tactic_interface, Timed Loop Error: 131 is not in list
[rosout][WARNING] 2019-03-27 16:07:35,534: tactic_interface, Timed Loop Error: 131 is not in list
[rosout][WARNING] 2019-03-27 16:07:35,634: tactic_interface, Timed Loop Error: 131 is not in list
[rosout][WARNING] 2019-03-27 16:07:35,734: tactic_interface, Timed Loop Error: 131 is not in list
[rosout][WARNING] 2019-03-27 16:07:35,835: tactic_interface, Timed Loop Error: 131 is not in list
[rosout][WARNING] 2019-03-27 16:07:35,934: tactic_interface, Timed Loop Error: 131 is not in list
[rosout][WARNING] 2019-03-27 16:07:36,035: tactic_interface, Timed Loop Error: 131 is not in list
[rosout][WARNING] 2019-03-27 16:07:36,135: tactic_interface, Timed Loop Error: 131 is not in list
[rosout][WARNING] 2019-03-27 16:07:36,234: tactic_interface, Timed Loop Error: 131 is not in list
[rosout][WARNING] 2019-03-27 16:07:36,335: tactic_interface, Timed Loop Error: 131 is not in list
[rosout][WARNING] 2019-03-27 16:07:36,434: tactic_interface, Timed Loop Error: 131 is not in list
[rosout][WARNING] 2019-03-27 16:07:36,534: tactic_interface, Timed Loop Error: 131 is not in list
[rosout][WARNING] 2019-03-27 16:07:36,634: tactic_interface, Timed Loop Error: 131 is not in list
[rosout][WARNING] 2019-03-27 16:07:36,734: tactic_interface, Timed Loop Error: 131 is not in list
[rosout][WARNING] 2019-03-27 16:07:36,835: tactic_interface, Timed Loop Error: 131 is not in list
[rosout][WARNING] 2019-03-27 16:07:36,934: tactic_interface, Timed Loop Error: 131 is not in list
[rosout][WARNING] 2019-03-27 16:07:37,034: tactic_interface, Timed Loop Error: 131 is not in list
[rosout][WARNING] 2019-03-27 16:07:37,134: tactic_interface, Timed Loop Error: 131 is not in list
[rosout][WARNING] 2019-03-27 16:07:37,234: tactic_interface, Timed Loop Error: 131 is not in list
[rosout][WARNING] 2019-03-27 16:07:37,335: tactic_interface, Timed Loop Error: 131 is not in list
[rosout][WARNING] 2019-03-27 16:07:37,434: tactic_interface, Timed Loop Error: 131 is not in list
[rosout][WARNING] 2019-03-27 16:07:37,534: tactic_interface, Timed Loop Error: 131 is not in list
[rosout][WARNING] 2019-03-27 16:07:37,634: tactic_interface, Timed Loop Error: 131 is not in list
[rosout][WARNING] 2019-03-27 16:07:37,734: tactic_interface, Timed Loop Error: 131 is not in list
[rosout][WARNING] 2019-03-27 16:07:37,834: tactic_interface, Timed Loop Error: 131 is not in list
[rosout][WARNING] 2019-03-27 16:07:37,934: tactic_interface, Timed Loop Error: 131 is not in list
[rosout][WARNING] 2019-03-27 16:07:38,034: tactic_interface, Timed Loop Error: 131 is not in list
[rosout][WARNING] 2019-03-27 16:07:38,134: tactic_interface, Timed Loop Error: 131 is not in list
[rosout][WARNING] 2019-03-27 16:07:38,234: tactic_interface, Timed Loop Error: 131 is not in list
[rosout][WARNING] 2019-03-27 16:07:38,335: tactic_interface, Timed Loop Error: 131 is not in list
[rosout][WARNING] 2019-03-27 16:07:38,435: tactic_interface, Timed Loop Error: 131 is not in list
[rosout][WARNING] 2019-03-27 16:07:38,534: tactic_interface, Timed Loop Error: 131 is not in list
[rosout][WARNING] 2019-03-27 16:07:38,634: tactic_interface, Timed Loop Error: 131 is not in list
[rosout][WARNING] 2019-03-27 16:07:38,734: tactic_interface, Timed Loop Error: 131 is not in list
[rosout][WARNING] 2019-03-27 16:07:38,834: tactic_interface, Timed Loop Error: 131 is not in list
[rosout][WARNING] 2019-03-27 16:07:38,934: tactic_interface, Timed Loop Error: 131 is not in list
[rosout][WARNING] 2019-03-27 16:07:39,034: tactic_interface, Timed Loop Error: 131 is not in list
[rosout][WARNING] 2019-03-27 16:07:39,134: tactic_interface, Timed Loop Error: 131 is not in list
[rosout][WARNING] 2019-03-27 16:07:39,234: tactic_interface, Timed Loop Error: 131 is not in list
[rosout][WARNING] 2019-03-27 16:07:39,334: tactic_interface, Timed Loop Error: 131 is not in list
[rosout][WARNING] 2019-03-27 16:07:39,434: tactic_interface, Timed Loop Error: 131 is not in list
[rosout][WARNING] 2019-03-27 16:07:39,535: tactic_interface, Timed Loop Error: 131 is not in list
[rosout][WARNING] 2019-03-27 16:07:39,634: tactic_interface, Timed Loop Error: 131 is not in list
[rosout][WARNING] 2019-03-27 16:07:39,734: tactic_interface, Timed Loop Error: 131 is not in list
[rosout][WARNING] 2019-03-27 16:07:39,835: tactic_interface, Timed Loop Error: 131 is not in list
[rosout][WARNING] 2019-03-27 16:07:39,934: tactic_interface, Timed Loop Error: 131 is not in list
[rosout][WARNING] 2019-03-27 16:07:40,034: tactic_interface, Timed Loop Error: 131 is not in list
[rosout][WARNING] 2019-03-27 16:07:40,134: tactic_interface, Timed Loop Error: 131 is not in list
[rosout][WARNING] 2019-03-27 16:07:40,234: tactic_interface, Timed Loop Error: 131 is not in list
[rosout][WARNING] 2019-03-27 16:07:40,334: tactic_interface, Timed Loop Error: 131 is not in list
[rosout][WARNING] 2019-03-27 16:07:40,434: tactic_interface, Timed Loop Error: 131 is not in list
[rosout][WARNING] 2019-03-27 16:07:40,534: tactic_interface, Timed Loop Error: 131 is not in list
[rosout][WARNING] 2019-03-27 16:07:40,635: tactic_interface, Timed Loop Error: 131 is not in list
[rosout][WARNING] 2019-03-27 16:07:40,734: tactic_interface, Timed Loop Error: 131 is not in list
[rosout][WARNING] 2019-03-27 16:07:40,834: tactic_interface, Timed Loop Error: 131 is not in list
[rosout][WARNING] 2019-03-27 16:07:40,934: tactic_interface, Timed Loop Error: 131 is not in list
[rosout][WARNING] 2019-03-27 16:07:41,034: tactic_interface, Timed Loop Error: 131 is not in list
[rosout][WARNING] 2019-03-27 16:07:41,134: tactic_interface, Timed Loop Error: 131 is not in list
[rosout][WARNING] 2019-03-27 16:07:41,234: tactic_interface, Timed Loop Error: 131 is not in list
[rosout][WARNING] 2019-03-27 16:07:41,334: tactic_interface, Timed Loop Error: 131 is not in list
[rosout][WARNING] 2019-03-27 16:07:41,434: tactic_interface, Timed Loop Error: 131 is not in list
[rosout][WARNING] 2019-03-27 16:07:41,534: tactic_interface, Timed Loop Error: 131 is not in list
[rosout][WARNING] 2019-03-27 16:07:41,634: tactic_interface, Timed Loop Error: 131 is not in list
[rosout][WARNING] 2019-03-27 16:07:41,735: tactic_interface, Timed Loop Error: 131 is not in list
[rosout][WARNING] 2019-03-27 16:07:41,834: tactic_interface, Timed Loop Error: 131 is not in list
[rosout][WARNING] 2019-03-27 16:07:41,934: tactic_interface, Timed Loop Error: 131 is not in list
[rosout][WARNING] 2019-03-27 16:07:42,034: tactic_interface, Timed Loop Error: 131 is not in list
[rosout][WARNING] 2019-03-27 16:07:42,134: tactic_interface, Timed Loop Error: 131 is not in list
[rosout][WARNING] 2019-03-27 16:07:42,234: tactic_interface, Timed Loop Error: 131 is not in list
[rosout][WARNING] 2019-03-27 16:07:42,334: tactic_interface, Timed Loop Error: 131 is not in list
[rosout][WARNING] 2019-03-27 16:07:42,434: tactic_interface, Timed Loop Error: 131 is not in list
[rosout][WARNING] 2019-03-27 16:07:42,534: tactic_interface, Timed Loop Error: 131 is not in list
[rosout][WARNING] 2019-03-27 16:07:42,634: tactic_interface, Timed Loop Error: 131 is not in list
[rosout][WARNING] 2019-03-27 16:07:42,734: tactic_interface, Timed Loop Error: 131 is not in list
[rosout][WARNING] 2019-03-27 16:07:42,835: tactic_interface, Timed Loop Error: 131 is not in list
[rosout][WARNING] 2019-03-27 16:07:42,935: tactic_interface, Timed Loop Error: 131 is not in list
[rosout][WARNING] 2019-03-27 16:07:43,034: tactic_interface, Timed Loop Error: 131 is not in list
[rosout][WARNING] 2019-03-27 16:07:43,134: tactic_interface, Timed Loop Error: 131 is not in list
[rosout][WARNING] 2019-03-27 16:07:43,234: tactic_interface, Timed Loop Error: 131 is not in list
[rosout][WARNING] 2019-03-27 16:07:43,335: tactic_interface, Timed Loop Error: 131 is not in list
[rosout][WARNING] 2019-03-27 16:07:43,435: tactic_interface, Timed Loop Error: 131 is not in list
[rosout][WARNING] 2019-03-27 16:07:43,534: tactic_interface, Timed Loop Error: 131 is not in list
[rosout][WARNING] 2019-03-27 16:07:43,634: tactic_interface, Timed Loop Error: 131 is not in list
[rosout][WARNING] 2019-03-27 16:07:43,734: tactic_interface, Timed Loop Error: 131 is not in list
[rosout][WARNING] 2019-03-27 16:07:43,834: tactic_interface, Timed Loop Error: 131 is not in list
[rosout][WARNING] 2019-03-27 16:07:43,935: tactic_interface, Timed Loop Error: 131 is not in list
[rosout][WARNING] 2019-03-27 16:07:44,034: tactic_interface, Timed Loop Error: 131 is not in list
[rosout][WARNING] 2019-03-27 16:07:44,134: tactic_interface, Timed Loop Error: 131 is not in list
[rosout][WARNING] 2019-03-27 16:07:44,235: tactic_interface, Timed Loop Error: 131 is not in list
[rosout][WARNING] 2019-03-27 16:07:44,334: tactic_interface, Timed Loop Error: 131 is not in list
[rosout][WARNING] 2019-03-27 16:07:44,434: tactic_interface, Timed Loop Error: 131 is not in list
[rosout][WARNING] 2019-03-27 16:07:44,534: tactic_interface, Timed Loop Error: 131 is not in list
[rosout][WARNING] 2019-03-27 16:07:44,634: tactic_interface, Timed Loop Error: 131 is not in list
[rosout][WARNING] 2019-03-27 16:07:44,735: tactic_interface, Timed Loop Error: 131 is not in list
[rosout][WARNING] 2019-03-27 16:07:44,834: tactic_interface, Timed Loop Error: 131 is not in list
[rosout][WARNING] 2019-03-27 16:07:44,934: tactic_interface, Timed Loop Error: 131 is not in list
[rosout][WARNING] 2019-03-27 16:07:45,034: tactic_interface, Timed Loop Error: 131 is not in list
[rosout][WARNING] 2019-03-27 16:07:45,134: tactic_interface, Timed Loop Error: 131 is not in list
[rosout][WARNING] 2019-03-27 16:07:45,234: tactic_interface, Timed Loop Error: 131 is not in list
[rosout][WARNING] 2019-03-27 16:07:45,334: tactic_interface, Timed Loop Error: 131 is not in list
[rosout][WARNING] 2019-03-27 16:07:45,434: tactic_interface, Timed Loop Error: 131 is not in list
[rosout][WARNING] 2019-03-27 16:07:45,534: tactic_interface, Timed Loop Error: 131 is not in list
[rosout][WARNING] 2019-03-27 16:07:45,635: tactic_interface, Timed Loop Error: 131 is not in list
[rosout][WARNING] 2019-03-27 16:07:45,734: tactic_interface, Timed Loop Error: 131 is not in list
[rosout][WARNING] 2019-03-27 16:07:45,834: tactic_interface, Timed Loop Error: 131 is not in list
[rosout][WARNING] 2019-03-27 16:07:45,934: tactic_interface, Timed Loop Error: 131 is not in list
[rosout][WARNING] 2019-03-27 16:07:46,034: tactic_interface, Timed Loop Error: 131 is not in list
[rosout][WARNING] 2019-03-27 16:07:46,135: tactic_interface, Timed Loop Error: 131 is not in list
[rosout][WARNING] 2019-03-27 16:07:46,234: tactic_interface, Timed Loop Error: 131 is not in list
[rosout][WARNING] 2019-03-27 16:07:46,334: tactic_interface, Timed Loop Error: 131 is not in list
[rosout][WARNING] 2019-03-27 16:07:46,434: tactic_interface, Timed Loop Error: 131 is not in list
[rosout][WARNING] 2019-03-27 16:07:46,534: tactic_interface, Timed Loop Error: 131 is not in list
[rosout][WARNING] 2019-03-27 16:07:46,634: tactic_interface, Timed Loop Error: 131 is not in list
[rosout][WARNING] 2019-03-27 16:07:46,734: tactic_interface, Timed Loop Error: 131 is not in list
[rosout][WARNING] 2019-03-27 16:07:46,834: tactic_interface, Timed Loop Error: 131 is not in list
[rosout][WARNING] 2019-03-27 16:07:46,934: tactic_interface, Timed Loop Error: 131 is not in list
[rosout][WARNING] 2019-03-27 16:07:47,034: tactic_interface, Timed Loop Error: 131 is not in list
[rosout][WARNING] 2019-03-27 16:07:47,134: tactic_interface, Timed Loop Error: 131 is not in list
[rosout][WARNING] 2019-03-27 16:07:47,235: tactic_interface, Timed Loop Error: 131 is not in list
[rosout][WARNING] 2019-03-27 16:07:47,335: tactic_interface, Timed Loop Error: 131 is not in list
[rosout][WARNING] 2019-03-27 16:07:47,434: tactic_interface, Timed Loop Error: 131 is not in list
[rosout][WARNING] 2019-03-27 16:07:47,534: tactic_interface, Timed Loop Error: 131 is not in list
[rosout][WARNING] 2019-03-27 16:07:47,634: tactic_interface, Timed Loop Error: 131 is not in list
[rosout][WARNING] 2019-03-27 16:07:47,734: tactic_interface, Timed Loop Error: 131 is not in list
[rosout][WARNING] 2019-03-27 16:07:47,835: tactic_interface, Timed Loop Error: 131 is not in list
[rosout][WARNING] 2019-03-27 16:07:47,934: tactic_interface, Timed Loop Error: 131 is not in list
[rosout][WARNING] 2019-03-27 16:07:48,035: tactic_interface, Timed Loop Error: 131 is not in list
[rosout][WARNING] 2019-03-27 16:07:48,134: tactic_interface, Timed Loop Error: 131 is not in list
[rosout][WARNING] 2019-03-27 16:07:48,234: tactic_interface, Timed Loop Error: 131 is not in list
[rosout][WARNING] 2019-03-27 16:07:48,335: tactic_interface, Timed Loop Error: 131 is not in list
[rosout][WARNING] 2019-03-27 16:07:48,434: tactic_interface, Timed Loop Error: 131 is not in list
[rosout][WARNING] 2019-03-27 16:07:48,535: tactic_interface, Timed Loop Error: 131 is not in list
[rosout][WARNING] 2019-03-27 16:07:48,634: tactic_interface, Timed Loop Error: 131 is not in list
[rosout][WARNING] 2019-03-27 16:07:48,735: tactic_interface, Timed Loop Error: 131 is not in list
[rosout][WARNING] 2019-03-27 16:07:48,835: tactic_interface, Timed Loop Error: 131 is not in list
[rosout][WARNING] 2019-03-27 16:07:48,935: tactic_interface, Timed Loop Error: 131 is not in list
[rosout][WARNING] 2019-03-27 16:07:49,034: tactic_interface, Timed Loop Error: 131 is not in list
[rosout][WARNING] 2019-03-27 16:07:49,134: tactic_interface, Timed Loop Error: 131 is not in list
[rosout][WARNING] 2019-03-27 16:07:49,234: tactic_interface, Timed Loop Error: 131 is not in list
[rosout][WARNING] 2019-03-27 16:07:49,334: tactic_interface, Timed Loop Error: 131 is not in list
[rosout][WARNING] 2019-03-27 16:07:49,435: tactic_interface, Timed Loop Error: 131 is not in list
[rosout][WARNING] 2019-03-27 16:07:49,535: tactic_interface, Timed Loop Error: 131 is not in list
[rosout][WARNING] 2019-03-27 16:07:49,635: tactic_interface, Timed Loop Error: 131 is not in list
[rosout][WARNING] 2019-03-27 16:07:49,734: tactic_interface, Timed Loop Error: 131 is not in list
[rosout][WARNING] 2019-03-27 16:07:49,834: tactic_interface, Timed Loop Error: 131 is not in list
[rosout][WARNING] 2019-03-27 16:07:49,935: tactic_interface, Timed Loop Error: 131 is not in list
[rosout][WARNING] 2019-03-27 16:07:50,034: tactic_interface, Timed Loop Error: 131 is not in list
[rosout][WARNING] 2019-03-27 16:07:50,134: tactic_interface, Timed Loop Error: 131 is not in list
[rosout][WARNING] 2019-03-27 16:07:50,235: tactic_interface, Timed Loop Error: 131 is not in list
[rosout][WARNING] 2019-03-27 16:07:50,335: tactic_interface, Timed Loop Error: 131 is not in list
[rosout][WARNING] 2019-03-27 16:07:50,434: tactic_interface, Timed Loop Error: 131 is not in list
[rosout][WARNING] 2019-03-27 16:07:50,535: tactic_interface, Timed Loop Error: 131 is not in list
[rosout][WARNING] 2019-03-27 16:07:50,634: tactic_interface, Timed Loop Error: 131 is not in list
[rosout][WARNING] 2019-03-27 16:07:50,734: tactic_interface, Timed Loop Error: 131 is not in list
[rosout][WARNING] 2019-03-27 16:07:50,834: tactic_interface, Timed Loop Error: 131 is not in list
[rosout][WARNING] 2019-03-27 16:07:50,934: tactic_interface, Timed Loop Error: 131 is not in list
[rosout][WARNING] 2019-03-27 16:07:51,034: tactic_interface, Timed Loop Error: 131 is not in list
[rosout][WARNING] 2019-03-27 16:07:51,134: tactic_interface, Timed Loop Error: 131 is not in list
[rosout][WARNING] 2019-03-27 16:07:51,234: tactic_interface, Timed Loop Error: 131 is not in list
[rosout][WARNING] 2019-03-27 16:07:51,335: tactic_interface, Timed Loop Error: 131 is not in list
[rosout][WARNING] 2019-03-27 16:07:51,434: tactic_interface, Timed Loop Error: 131 is not in list
[rosout][WARNING] 2019-03-27 16:07:51,534: tactic_interface, Timed Loop Error: 131 is not in list
[rosout][WARNING] 2019-03-27 16:07:51,635: tactic_interface, Timed Loop Error: 131 is not in list
[rosout][WARNING] 2019-03-27 16:07:51,734: tactic_interface, Timed Loop Error: 131 is not in list
[rosout][WARNING] 2019-03-27 16:07:51,834: tactic_interface, Timed Loop Error: 131 is not in list
[rosout][WARNING] 2019-03-27 16:07:51,934: tactic_interface, Timed Loop Error: 131 is not in list
[rosout][WARNING] 2019-03-27 16:07:52,034: tactic_interface, Timed Loop Error: 131 is not in list
[rosout][WARNING] 2019-03-27 16:07:52,134: tactic_interface, Timed Loop Error: 131 is not in list
[rosout][WARNING] 2019-03-27 16:07:52,234: tactic_interface, Timed Loop Error: 131 is not in list
[rosout][WARNING] 2019-03-27 16:07:52,334: tactic_interface, Timed Loop Error: 131 is not in list
[rosout][WARNING] 2019-03-27 16:07:52,434: tactic_interface, Timed Loop Error: 131 is not in list
[rosout][WARNING] 2019-03-27 16:07:52,534: tactic_interface, Timed Loop Error: 131 is not in list
[rosout][WARNING] 2019-03-27 16:07:52,634: tactic_interface, Timed Loop Error: 131 is not in list
[rosout][WARNING] 2019-03-27 16:07:52,735: tactic_interface, Timed Loop Error: 131 is not in list
[rosout][WARNING] 2019-03-27 16:07:52,834: tactic_interface, Timed Loop Error: 131 is not in list
[rosout][WARNING] 2019-03-27 16:07:52,934: tactic_interface, Timed Loop Error: 131 is not in list
[rosout][WARNING] 2019-03-27 16:07:53,034: tactic_interface, Timed Loop Error: 131 is not in list
[rosout][WARNING] 2019-03-27 16:07:53,134: tactic_interface, Timed Loop Error: 131 is not in list
[rosout][WARNING] 2019-03-27 16:07:53,234: tactic_interface, Timed Loop Error: 131 is not in list
[rosout][WARNING] 2019-03-27 16:07:53,334: tactic_interface, Timed Loop Error: 131 is not in list
[rosout][WARNING] 2019-03-27 16:07:53,435: tactic_interface, Timed Loop Error: 131 is not in list
[rosout][WARNING] 2019-03-27 16:07:53,534: tactic_interface, Timed Loop Error: 131 is not in list
[rosout][WARNING] 2019-03-27 16:07:53,634: tactic_interface, Timed Loop Error: 131 is not in list
[rosout][WARNING] 2019-03-27 16:07:53,734: tactic_interface, Timed Loop Error: 131 is not in list
[rosout][WARNING] 2019-03-27 16:07:53,835: tactic_interface, Timed Loop Error: 131 is not in list
[rosout][WARNING] 2019-03-27 16:07:53,934: tactic_interface, Timed Loop Error: 131 is not in list
[rosout][WARNING] 2019-03-27 16:07:54,035: tactic_interface, Timed Loop Error: 131 is not in list
[rosout][WARNING] 2019-03-27 16:07:54,134: tactic_interface, Timed Loop Error: 131 is not in list
[rosout][WARNING] 2019-03-27 16:07:54,235: tactic_interface, Timed Loop Error: 131 is not in list
[rosout][WARNING] 2019-03-27 16:07:54,334: tactic_interface, Timed Loop Error: 131 is not in list
[rosout][WARNING] 2019-03-27 16:07:54,434: tactic_interface, Timed Loop Error: 131 is not in list
[rosout][WARNING] 2019-03-27 16:07:54,534: tactic_interface, Timed Loop Error: 131 is not in list
[rosout][WARNING] 2019-03-27 16:07:54,634: tactic_interface, Timed Loop Error: 131 is not in list
[rosout][WARNING] 2019-03-27 16:07:54,734: tactic_interface, Timed Loop Error: 131 is not in list
[rosout][WARNING] 2019-03-27 16:07:54,834: tactic_interface, Timed Loop Error: 131 is not in list
[rosout][WARNING] 2019-03-27 16:07:54,935: tactic_interface, Timed Loop Error: 131 is not in list
[rosout][WARNING] 2019-03-27 16:07:55,034: tactic_interface, Timed Loop Error: 131 is not in list
[rosout][WARNING] 2019-03-27 16:07:55,134: tactic_interface, Timed Loop Error: 131 is not in list
[rosout][WARNING] 2019-03-27 16:07:55,234: tactic_interface, Timed Loop Error: 131 is not in list
[rosout][WARNING] 2019-03-27 16:07:55,334: tactic_interface, Timed Loop Error: 131 is not in list
[rosout][WARNING] 2019-03-27 16:07:55,434: tactic_interface, Timed Loop Error: 131 is not in list
[rosout][WARNING] 2019-03-27 16:07:55,534: tactic_interface, Timed Loop Error: 131 is not in list
[rosout][WARNING] 2019-03-27 16:07:55,634: tactic_interface, Timed Loop Error: 131 is not in list
[rosout][WARNING] 2019-03-27 16:07:55,734: tactic_interface, Timed Loop Error: 131 is not in list
[rosout][WARNING] 2019-03-27 16:07:55,835: tactic_interface, Timed Loop Error: 131 is not in list
[rosout][WARNING] 2019-03-27 16:07:55,934: tactic_interface, Timed Loop Error: 131 is not in list
[rosout][WARNING] 2019-03-27 16:07:56,035: tactic_interface, Timed Loop Error: 131 is not in list
[rosout][WARNING] 2019-03-27 16:07:56,134: tactic_interface, Timed Loop Error: 131 is not in list
[rosout][WARNING] 2019-03-27 16:07:56,234: tactic_interface, Timed Loop Error: 131 is not in list
[rosout][WARNING] 2019-03-27 16:07:56,335: tactic_interface, Timed Loop Error: 131 is not in list
[rosout][WARNING] 2019-03-27 16:07:56,434: tactic_interface, Timed Loop Error: 131 is not in list
[rosout][WARNING] 2019-03-27 16:07:56,534: tactic_interface, Timed Loop Error: 131 is not in list
[rosout][WARNING] 2019-03-27 16:07:56,634: tactic_interface, Timed Loop Error: 131 is not in list
[rosout][WARNING] 2019-03-27 16:07:56,734: tactic_interface, Timed Loop Error: 131 is not in list
[rosout][WARNING] 2019-03-27 16:07:56,834: tactic_interface, Timed Loop Error: 131 is not in list
[rosout][WARNING] 2019-03-27 16:07:56,934: tactic_interface, Timed Loop Error: 131 is not in list
[rosout][WARNING] 2019-03-27 16:07:57,034: tactic_interface, Timed Loop Error: 131 is not in list
[rosout][WARNING] 2019-03-27 16:07:57,135: tactic_interface, Timed Loop Error: 131 is not in list
[rosout][WARNING] 2019-03-27 16:07:57,234: tactic_interface, Timed Loop Error: 131 is not in list
[rosout][WARNING] 2019-03-27 16:07:57,334: tactic_interface, Timed Loop Error: 131 is not in list
[rosout][WARNING] 2019-03-27 16:07:57,434: tactic_interface, Timed Loop Error: 131 is not in list
[rosout][WARNING] 2019-03-27 16:07:57,535: tactic_interface, Timed Loop Error: 131 is not in list
[rosout][WARNING] 2019-03-27 16:07:57,634: tactic_interface, Timed Loop Error: 131 is not in list
[rosout][WARNING] 2019-03-27 16:07:57,734: tactic_interface, Timed Loop Error: 131 is not in list
[rosout][WARNING] 2019-03-27 16:07:57,835: tactic_interface, Timed Loop Error: 131 is not in list
[rosout][WARNING] 2019-03-27 16:07:57,934: tactic_interface, Timed Loop Error: 131 is not in list
[rosout][WARNING] 2019-03-27 16:07:58,034: tactic_interface, Timed Loop Error: 131 is not in list
[rosout][WARNING] 2019-03-27 16:07:58,134: tactic_interface, Timed Loop Error: 131 is not in list
[rosout][WARNING] 2019-03-27 16:07:58,235: tactic_interface, Timed Loop Error: 131 is not in list
[rosout][WARNING] 2019-03-27 16:07:58,334: tactic_interface, Timed Loop Error: 131 is not in list
[rosout][WARNING] 2019-03-27 16:07:58,434: tactic_interface, Timed Loop Error: 131 is not in list
[rosout][WARNING] 2019-03-27 16:07:58,534: tactic_interface, Timed Loop Error: 131 is not in list
[rosout][WARNING] 2019-03-27 16:07:58,635: tactic_interface, Timed Loop Error: 131 is not in list
[rosout][WARNING] 2019-03-27 16:07:58,734: tactic_interface, Timed Loop Error: 131 is not in list
[rosout][WARNING] 2019-03-27 16:07:58,835: tactic_interface, Timed Loop Error: 131 is not in list
[rosout][WARNING] 2019-03-27 16:07:58,934: tactic_interface, Timed Loop Error: 131 is not in list
[rosout][WARNING] 2019-03-27 16:07:59,034: tactic_interface, Timed Loop Error: 131 is not in list
[rosout][WARNING] 2019-03-27 16:07:59,134: tactic_interface, Timed Loop Error: 131 is not in list
[rosout][WARNING] 2019-03-27 16:07:59,234: tactic_interface, Timed Loop Error: 131 is not in list
[rosout][WARNING] 2019-03-27 16:07:59,334: tactic_interface, Timed Loop Error: 131 is not in list
[rosout][WARNING] 2019-03-27 16:07:59,434: tactic_interface, Timed Loop Error: 131 is not in list
[rosout][WARNING] 2019-03-27 16:07:59,535: tactic_interface, Timed Loop Error: 131 is not in list
[rosout][WARNING] 2019-03-27 16:07:59,634: tactic_interface, Timed Loop Error: 131 is not in list
[rosout][WARNING] 2019-03-27 16:07:59,734: tactic_interface, Timed Loop Error: 131 is not in list
[rosout][WARNING] 2019-03-27 16:07:59,834: tactic_interface, Timed Loop Error: 131 is not in list
[rosout][WARNING] 2019-03-27 16:07:59,935: tactic_interface, Timed Loop Error: 131 is not in list
[rosout][WARNING] 2019-03-27 16:08:00,035: tactic_interface, Timed Loop Error: 131 is not in list
[rosout][WARNING] 2019-03-27 16:08:00,134: tactic_interface, Timed Loop Error: 131 is not in list
[rosout][WARNING] 2019-03-27 16:08:00,234: tactic_interface, Timed Loop Error: 131 is not in list
[rosout][WARNING] 2019-03-27 16:08:00,334: tactic_interface, Timed Loop Error: 131 is not in list
[rosout][WARNING] 2019-03-27 16:08:00,435: tactic_interface, Timed Loop Error: 131 is not in list
[rosout][WARNING] 2019-03-27 16:08:00,535: tactic_interface, Timed Loop Error: 131 is not in list
[rosout][WARNING] 2019-03-27 16:08:00,635: tactic_interface, Timed Loop Error: 131 is not in list
[rosout][WARNING] 2019-03-27 16:08:00,735: tactic_interface, Timed Loop Error: 131 is not in list
[rosout][WARNING] 2019-03-27 16:08:00,834: tactic_interface, Timed Loop Error: 131 is not in list
[rosout][WARNING] 2019-03-27 16:08:00,935: tactic_interface, Timed Loop Error: 131 is not in list
[rosout][WARNING] 2019-03-27 16:08:01,034: tactic_interface, Timed Loop Error: 131 is not in list
[rosout][WARNING] 2019-03-27 16:08:01,134: tactic_interface, Timed Loop Error: 131 is not in list
[rosout][WARNING] 2019-03-27 16:08:01,234: tactic_interface, Timed Loop Error: 131 is not in list
[rosout][WARNING] 2019-03-27 16:08:01,334: tactic_interface, Timed Loop Error: 131 is not in list
[rosout][WARNING] 2019-03-27 16:08:01,434: tactic_interface, Timed Loop Error: 131 is not in list
[rosout][WARNING] 2019-03-27 16:08:01,535: tactic_interface, Timed Loop Error: 131 is not in list
[rosout][WARNING] 2019-03-27 16:08:01,634: tactic_interface, Timed Loop Error: 131 is not in list
[rosout][WARNING] 2019-03-27 16:08:01,734: tactic_interface, Timed Loop Error: 131 is not in list
[rosout][WARNING] 2019-03-27 16:08:01,834: tactic_interface, Timed Loop Error: 131 is not in list
[rosout][WARNING] 2019-03-27 16:08:01,934: tactic_interface, Timed Loop Error: 131 is not in list
[rosout][WARNING] 2019-03-27 16:08:02,034: tactic_interface, Timed Loop Error: 131 is not in list
[rosout][WARNING] 2019-03-27 16:08:02,134: tactic_interface, Timed Loop Error: 131 is not in list
[rosout][WARNING] 2019-03-27 16:08:02,234: tactic_interface, Timed Loop Error: 131 is not in list
[rosout][WARNING] 2019-03-27 16:08:02,334: tactic_interface, Timed Loop Error: 131 is not in list
[rosout][WARNING] 2019-03-27 16:08:02,435: tactic_interface, Timed Loop Error: 131 is not in list
[rosout][WARNING] 2019-03-27 16:08:02,535: tactic_interface, Timed Loop Error: 131 is not in list
[rosout][WARNING] 2019-03-27 16:08:02,635: tactic_interface, Timed Loop Error: 131 is not in list
[rosout][WARNING] 2019-03-27 16:08:02,734: tactic_interface, Timed Loop Error: 131 is not in list
[rosout][WARNING] 2019-03-27 16:08:02,834: tactic_interface, Timed Loop Error: 131 is not in list
[rosout][WARNING] 2019-03-27 16:08:02,935: tactic_interface, Timed Loop Error: 131 is not in list
[rosout][WARNING] 2019-03-27 16:08:03,034: tactic_interface, Timed Loop Error: 131 is not in list
[rosout][WARNING] 2019-03-27 16:08:03,134: tactic_interface, Timed Loop Error: 131 is not in list
[rosout][WARNING] 2019-03-27 16:08:03,234: tactic_interface, Timed Loop Error: 131 is not in list
[rosout][WARNING] 2019-03-27 16:08:03,335: tactic_interface, Timed Loop Error: 131 is not in list
[rosout][WARNING] 2019-03-27 16:08:03,434: tactic_interface, Timed Loop Error: 131 is not in list
[rosout][WARNING] 2019-03-27 16:08:03,534: tactic_interface, Timed Loop Error: 131 is not in list
[rosout][WARNING] 2019-03-27 16:08:03,634: tactic_interface, Timed Loop Error: 131 is not in list
[rosout][WARNING] 2019-03-27 16:08:03,735: tactic_interface, Timed Loop Error: 131 is not in list
[rosout][WARNING] 2019-03-27 16:08:03,834: tactic_interface, Timed Loop Error: 131 is not in list
[rosout][WARNING] 2019-03-27 16:08:03,934: tactic_interface, Timed Loop Error: 131 is not in list
[rosout][WARNING] 2019-03-27 16:08:04,034: tactic_interface, Timed Loop Error: 131 is not in list
[rosout][WARNING] 2019-03-27 16:08:04,134: tactic_interface, Timed Loop Error: 131 is not in list
[rosout][WARNING] 2019-03-27 16:08:04,234: tactic_interface, Timed Loop Error: 131 is not in list
[rosout][WARNING] 2019-03-27 16:08:04,335: tactic_interface, Timed Loop Error: 131 is not in list
[rosout][WARNING] 2019-03-27 16:08:04,434: tactic_interface, Timed Loop Error: 131 is not in list
[rosout][WARNING] 2019-03-27 16:08:04,534: tactic_interface, Timed Loop Error: 131 is not in list
[rosout][WARNING] 2019-03-27 16:08:04,634: tactic_interface, Timed Loop Error: 131 is not in list
[rosout][WARNING] 2019-03-27 16:08:04,734: tactic_interface, Timed Loop Error: 131 is not in list
[rosout][WARNING] 2019-03-27 16:08:04,835: tactic_interface, Timed Loop Error: 131 is not in list
[rosout][WARNING] 2019-03-27 16:08:04,934: tactic_interface, Timed Loop Error: 131 is not in list
[rosout][WARNING] 2019-03-27 16:08:05,035: tactic_interface, Timed Loop Error: 131 is not in list
[rosout][WARNING] 2019-03-27 16:08:05,134: tactic_interface, Timed Loop Error: 131 is not in list
[rosout][WARNING] 2019-03-27 16:08:05,234: tactic_interface, Timed Loop Error: 131 is not in list
[rosout][WARNING] 2019-03-27 16:08:05,334: tactic_interface, Timed Loop Error: 131 is not in list
[rosout][WARNING] 2019-03-27 16:08:05,434: tactic_interface, Timed Loop Error: 131 is not in list
[rosout][WARNING] 2019-03-27 16:08:05,534: tactic_interface, Timed Loop Error: 131 is not in list
[rosout][WARNING] 2019-03-27 16:08:05,634: tactic_interface, Timed Loop Error: 131 is not in list
[rosout][WARNING] 2019-03-27 16:08:05,734: tactic_interface, Timed Loop Error: 131 is not in list
[rosout][WARNING] 2019-03-27 16:08:05,834: tactic_interface, Timed Loop Error: 131 is not in list
[rosout][WARNING] 2019-03-27 16:08:05,935: tactic_interface, Timed Loop Error: 131 is not in list
[rosout][WARNING] 2019-03-27 16:08:06,034: tactic_interface, Timed Loop Error: 131 is not in list
[rosout][WARNING] 2019-03-27 16:08:06,134: tactic_interface, Timed Loop Error: 131 is not in list
[rosout][WARNING] 2019-03-27 16:08:06,234: tactic_interface, Timed Loop Error: 131 is not in list
[rosout][WARNING] 2019-03-27 16:08:06,334: tactic_interface, Timed Loop Error: 131 is not in list
[rosout][WARNING] 2019-03-27 16:08:06,435: tactic_interface, Timed Loop Error: 131 is not in list
[rosout][WARNING] 2019-03-27 16:08:06,534: tactic_interface, Timed Loop Error: 131 is not in list
[rosout][WARNING] 2019-03-27 16:08:06,634: tactic_interface, Timed Loop Error: 131 is not in list
[rosout][WARNING] 2019-03-27 16:08:06,734: tactic_interface, Timed Loop Error: 131 is not in list
[rosout][WARNING] 2019-03-27 16:08:06,834: tactic_interface, Timed Loop Error: 131 is not in list
[rosout][WARNING] 2019-03-27 16:08:06,934: tactic_interface, Timed Loop Error: 131 is not in list
[rosout][WARNING] 2019-03-27 16:08:07,035: tactic_interface, Timed Loop Error: 131 is not in list
[rosout][WARNING] 2019-03-27 16:08:07,134: tactic_interface, Timed Loop Error: 131 is not in list
[rosout][WARNING] 2019-03-27 16:08:07,234: tactic_interface, Timed Loop Error: 131 is not in list
[rosout][WARNING] 2019-03-27 16:08:07,334: tactic_interface, Timed Loop Error: 131 is not in list
[rosout][WARNING] 2019-03-27 16:08:07,434: tactic_interface, Timed Loop Error: 131 is not in list
[rosout][WARNING] 2019-03-27 16:08:07,534: tactic_interface, Timed Loop Error: 131 is not in list
[rosout][WARNING] 2019-03-27 16:08:07,634: tactic_interface, Timed Loop Error: 131 is not in list
[rosout][WARNING] 2019-03-27 16:08:07,734: tactic_interface, Timed Loop Error: 131 is not in list
[rosout][WARNING] 2019-03-27 16:08:07,834: tactic_interface, Timed Loop Error: 131 is not in list
[rosout][WARNING] 2019-03-27 16:08:07,934: tactic_interface, Timed Loop Error: 131 is not in list
[rosout][WARNING] 2019-03-27 16:08:08,035: tactic_interface, Timed Loop Error: 131 is not in list
[rosout][WARNING] 2019-03-27 16:08:08,135: tactic_interface, Timed Loop Error: 131 is not in list
[rosout][WARNING] 2019-03-27 16:08:08,234: tactic_interface, Timed Loop Error: 131 is not in list
[rosout][WARNING] 2019-03-27 16:08:08,334: tactic_interface, Timed Loop Error: 131 is not in list
[rosout][WARNING] 2019-03-27 16:08:08,434: tactic_interface, Timed Loop Error: 131 is not in list
[rosout][WARNING] 2019-03-27 16:08:08,534: tactic_interface, Timed Loop Error: 131 is not in list
[rosout][WARNING] 2019-03-27 16:08:08,634: tactic_interface, Timed Loop Error: 131 is not in list
[rosout][WARNING] 2019-03-27 16:08:08,734: tactic_interface, Timed Loop Error: 131 is not in list
[rosout][WARNING] 2019-03-27 16:08:08,835: tactic_interface, Timed Loop Error: 131 is not in list
[rosout][WARNING] 2019-03-27 16:08:08,934: tactic_interface, Timed Loop Error: 131 is not in list
[rosout][WARNING] 2019-03-27 16:08:09,034: tactic_interface, Timed Loop Error: 131 is not in list
[rosout][WARNING] 2019-03-27 16:08:09,134: tactic_interface, Timed Loop Error: 131 is not in list
[rosout][WARNING] 2019-03-27 16:08:09,235: tactic_interface, Timed Loop Error: 131 is not in list
[rosout][WARNING] 2019-03-27 16:08:09,335: tactic_interface, Timed Loop Error: 131 is not in list
[rosout][WARNING] 2019-03-27 16:08:09,434: tactic_interface, Timed Loop Error: 131 is not in list
[rosout][WARNING] 2019-03-27 16:08:09,535: tactic_interface, Timed Loop Error: 131 is not in list
[rosout][WARNING] 2019-03-27 16:08:09,634: tactic_interface, Timed Loop Error: 131 is not in list
[rosout][WARNING] 2019-03-27 16:08:09,734: tactic_interface, Timed Loop Error: 131 is not in list
[rosout][WARNING] 2019-03-27 16:08:09,834: tactic_interface, Timed Loop Error: 131 is not in list
[rosout][WARNING] 2019-03-27 16:08:09,934: tactic_interface, Timed Loop Error: 131 is not in list
[rosout][WARNING] 2019-03-27 16:08:10,035: tactic_interface, Timed Loop Error: 131 is not in list
[rosout][WARNING] 2019-03-27 16:08:10,134: tactic_interface, Timed Loop Error: 131 is not in list
[rosout][WARNING] 2019-03-27 16:08:10,235: tactic_interface, Timed Loop Error: 131 is not in list
[rosout][WARNING] 2019-03-27 16:08:10,246: Inbound TCP/IP connection failed: connection from sender terminated before handshake header received. 0 bytes were received. Please check sender for additional details.
[rospy.internal][ERROR] 2019-03-27 16:08:10,248: Inbound TCP/IP connection failed:
Traceback (most recent call last):
  File "/opt/ros/indigo/lib/python2.7/dist-packages/rospy/impl/tcpros_base.py", line 321, in _tcp_server_callback
    header = read_ros_handshake_header(sock, StringIO(), buff_size)
  File "/opt/ros/indigo/lib/python2.7/dist-packages/rosgraph/network.py", line 362, in read_ros_handshake_header
    raise ROSHandshakeException("connection from sender terminated before handshake header received. %s bytes were received. Please check sender for additional details."%b.tell())
ROSHandshakeException: connection from sender terminated before handshake header received. 0 bytes were received. Please check sender for additional details.

[rosout][WARNING] 2019-03-27 16:08:10,334: tactic_interface, Timed Loop Error: 131 is not in list
[rosout][WARNING] 2019-03-27 16:08:10,434: tactic_interface, Timed Loop Error: 131 is not in list
[rosout][WARNING] 2019-03-27 16:08:10,534: tactic_interface, Timed Loop Error: 131 is not in list
[rosout][WARNING] 2019-03-27 16:08:10,634: tactic_interface, Timed Loop Error: 131 is not in list
[rosout][WARNING] 2019-03-27 16:08:10,734: tactic_interface, Timed Loop Error: 131 is not in list
[rosout][WARNING] 2019-03-27 16:08:10,834: tactic_interface, Timed Loop Error: 131 is not in list
[rosout][WARNING] 2019-03-27 16:08:10,934: tactic_interface, Timed Loop Error: 131 is not in list
[rosout][WARNING] 2019-03-27 16:08:10,940: Autopilot not in AUTO:  deactivating tactic_interface
[rosout][INFO] 2019-03-27 16:08:10,942: deactivating behavior tactic_interface
[rospy.internal][INFO] 2019-03-27 16:08:10,944: topic impl's ref count is zero, deleting topic /swarm_tracker/swarm_uav_states...
[rospy.internal][INFO] 2019-03-27 16:08:10,949: topic[/swarm_tracker/swarm_uav_states] removing connection to http://copter131:46561/
[rospy.internal][WARNING] 2019-03-27 16:08:10,951: Unknown error initiating TCP/IP socket to copter131:52552 (http://copter131:46561/): Traceback (most recent call last):
  File "/opt/ros/indigo/lib/python2.7/dist-packages/rospy/impl/tcpros_base.py", line 558, in connect
    self.local_endpoint = self.socket.getsockname()
AttributeError: 'NoneType' object has no attribute 'getsockname'

[rospy.internal][INFO] 2019-03-27 16:08:10,961: topic impl's ref count is zero, deleting topic /red_tracker/red_uav_states...
[rospy.internal][INFO] 2019-03-27 16:08:10,965: topic[/red_tracker/red_uav_states] removing connection to http://copter131:32802/
[rospy.internal][WARNING] 2019-03-27 16:08:10,967: Unknown error initiating TCP/IP socket to copter131:58617 (http://copter131:32802/): Traceback (most recent call last):
  File "/opt/ros/indigo/lib/python2.7/dist-packages/rospy/impl/tcpros_base.py", line 558, in connect
    self.local_endpoint = self.socket.getsockname()
AttributeError: 'NoneType' object has no attribute 'getsockname'

[rosout][INFO] 2019-03-27 16:08:10,976: tactic_interface ready state and active state set to 'False'
[rosout][INFO] 2019-03-27 16:08:11,065: tactic_interface activate request False returned False
