[rospy.client][INFO] 2012-12-31 16:00:17,040: init_node, name[/task_runner], pid[2840]
[xmlrpc][INFO] 2012-12-31 16:00:17,042: XML-RPC server binding to 0.0.0.0:0
[rospy.init][INFO] 2012-12-31 16:00:17,046: ROS Slave URI: [http://copter131:55346/]
[xmlrpc][INFO] 2012-12-31 16:00:17,046: Started XML-RPC server [http://copter131:55346/]
[rospy.impl.masterslave][INFO] 2012-12-31 16:00:17,047: _ready: http://copter131:55346/
[xmlrpc][INFO] 2012-12-31 16:00:17,047: xml rpc node: starting XML-RPC server
[rospy.registration][INFO] 2012-12-31 16:00:17,049: Registering with master node http://localhost:11311
[rospy.init][INFO] 2012-12-31 16:00:17,147: registered with master
[rospy.rosout][INFO] 2012-12-31 16:00:17,147: initializing /rosout core topic
[rospy.rosout][INFO] 2012-12-31 16:00:17,179: connected to core topic /rosout
[rospy.simtime][INFO] 2012-12-31 16:00:17,222: /use_sim_time is not set, will not subscribe to simulated time [/clock] topic
[rospy.internal][INFO] 2012-12-31 16:00:17,460: topic[/rosout] adding connection to [/rosout], count 0
[rosout][INFO] 2012-12-31 16:00:19,710: Task Runner: Starting Event 'on_start'
[rosout][INFO] 2012-12-31 16:00:19,785: Task Runner: Event 'on_start' Task 'Tx Power' Time 0.1s: Succeeded
[rosout][INFO] 2012-12-31 16:00:19,787: Task Runner: Completed Event 'on_start'
[rospy.internal][INFO] 2019-03-27 16:03:55,126: topic[/autopilot/status] adding connection to [http://copter131:60124/], count 0
[rosout][INFO] 2019-03-27 16:03:55,477: Task Runner: Starting Event 'on_status'
[rosout][INFO] 2019-03-27 16:03:55,699: Task Runner: Event 'on_status' Task 'AP Set ID' Time 0.2s: Succeeded
[rosout][INFO] 2019-03-27 16:03:55,699: Task Runner: Completed Event 'on_status'
[rosout][INFO] 2019-03-27 16:06:52,898: Task Runner: Starting Event 'on_ready'
[rosout][INFO] 2019-03-27 16:06:52,899: Task Runner: Completed Event 'on_ready'
[rosout][INFO] 2019-03-27 16:07:07,142: Task Runner: Starting Event 'on_arm'
[rosout][INFO] 2019-03-27 16:07:07,199: Task Runner: Event 'on_arm' Task 'Tx Power' Time 0.1s: Succeeded
[rosout][INFO] 2019-03-27 16:07:07,201: Task Runner: Completed Event 'on_arm'
[rosout][INFO] 2019-03-27 16:08:12,925: Task Runner: Starting Event 'on_disarm'
[rosout][INFO] 2019-03-27 16:08:12,927: Task Runner: Completed Event 'on_disarm'
