[rospy.client][INFO] 2012-12-31 16:00:19,383: init_node, name[/wingman], pid[3096]
[xmlrpc][INFO] 2012-12-31 16:00:19,394: XML-RPC server binding to 0.0.0.0:0
[xmlrpc][INFO] 2012-12-31 16:00:19,395: Started XML-RPC server [http://copter131:59552/]
[rospy.init][INFO] 2012-12-31 16:00:19,396: ROS Slave URI: [http://copter131:59552/]
[rospy.impl.masterslave][INFO] 2012-12-31 16:00:19,396: _ready: http://copter131:59552/
[xmlrpc][INFO] 2012-12-31 16:00:19,398: xml rpc node: starting XML-RPC server
[rospy.registration][INFO] 2012-12-31 16:00:19,400: Registering with master node http://localhost:11311
[rospy.init][INFO] 2012-12-31 16:00:19,497: registered with master
[rospy.rosout][INFO] 2012-12-31 16:00:19,497: initializing /rosout core topic
[rospy.rosout][INFO] 2012-12-31 16:00:19,599: connected to core topic /rosout
[rospy.simtime][INFO] 2012-12-31 16:00:19,629: /use_sim_time is not set, will not subscribe to simulated time [/clock] topic
[rospy.internal][INFO] 2012-12-31 16:00:19,893: topic[/rosout] adding connection to [/rosout], count 0
[rospy.internal][INFO] 2012-12-31 16:00:20,958: topic[/safety/payload_waypoint] adding connection to [/safety], count 0
[rospy.internal][INFO] 2012-12-31 16:00:21,037: topic[/network/send_swarm_behavior_data] adding connection to [/network], count 0
[rospy.internal][INFO] 2019-03-27 16:03:55,059: topic[/autopilot/acs_pose] adding connection to [http://copter131:60124/], count 0
[rospy.internal][INFO] 2019-03-27 16:03:55,095: topic[/swarm_control/behavior_status] adding connection to [/swarm_control], count 0
[rospy.internal][INFO] 2019-03-27 16:03:55,172: topic[/hit_tracker/hit_uavs] adding connection to [http://copter131:50196/], count 0
[rospy.internal][INFO] 2019-03-27 16:03:55,245: topic[/air_to_air/firing_reports] adding connection to [/network], count 0
[rospy.internal][INFO] 2019-03-27 16:03:55,249: topic[/autopilot/waypoint_goto] adding connection to [/autopilot], count 0
[rospy.internal][INFO] 2019-03-27 16:03:55,375: topic[/swarm_control/subswarm_id] adding connection to [http://copter131:33119/], count 0
[rospy.internal][INFO] 2019-03-27 16:03:55,421: topic[/swarm_control/ap_intent] adding connection to [http://copter131:33119/], count 0
[rospy.internal][INFO] 2019-03-27 16:03:56,166: topic[/autopilot/status] adding connection to [http://copter131:60124/], count 0
[rosout][INFO] 2019-03-27 16:07:18,088: wingman activate request False returned False
[rosout][INFO] 2019-03-27 16:07:27,809: wingman activate request False returned False
[rosout][INFO] 2019-03-27 16:08:11,038: wingman activate request False returned False
