0.000540159387081
0.000571161246569
0.000584662016772
0.000612436920157
0.000615961237144
0.000620645057723
0.000633542693592
0.000612754736595
0.000656469132864
0.000651442509132
0.000666058868843
0.000658540209455
0.000683783488719
0.000690575813558
0.000725183686197
0.00076373799254
0.000765060168728
0.000776676333323
0.000769841317075
0.000761613080559
0.000760617444577
0.000759395754794
0.000764972467604
0.000783956092846
0.000802654270144
0.000801139612475
0.000819206554504
0.000849787199506
0.000850467944601
0.000899378864235
0.000904961161952
0.000913626584379
0.00094540237414
0.000952569714331
0.000962806022269
0.000958798758672
0.000962513740815
0.000956966776275
0.000948049344237
0.000961897738811
0.000961109178623
0.00096993316486
0.000968299710956
0.0010239699152
0.000987398405833
0.00099163914269
0.00098923732736
0.000997572389862
0.000988563796662
0.000997045195464
0.000994243063217
0.00100491237969
0.000991412730911
0.00100757490097
0.00103681045244
0.00102975667001
0.00104685806717
0.0010338585171
0.00103995346492
0.00104577172624
0.00106344562821
0.0010953609177
0.00110310623731
0.00112348730741
0.00111933158014
0.00117090096674
0.0011671170895
0.00115149015656
0.00113056396445
0.00113740124635
0.00116489622683
0.00118407354705
0.00118292327074
0.00119749121536
0.00119543182097
0.00120125458285
0.00118998571497
0.00115714100596
0.00115500164078
0.00112732001155
0.00109727509591
0.00111634664642
0.00108110931982
0.00110245304142
0.00107413349192
0.00106559670111
0.00103947733558
0.00104301380627
0.00106434926897
0.00107008342378
0.00107380048139
0.00107400572672
0.00107332722009
0.00107545157582
0.00109248169708
0.00111212146167
0.00110721369103
0.00112601185257
0.0011052189576
0.00111967766177
0.00110103698318
0.00109295957799
0.00108796690371
0.00108606611853
0.00108354189876
0.00107585087375
0.00106880925071
0.00106705834615
0.00105553264879
0.00104506419014
0.00106565152809
0.00105514902448
0.00104151451374
0.00104365628698
0.00103985886027
0.00104802399847
0.00105011398308
0.00106360370208
0.00107068637629
0.00110129674352
0.00111619763386
0.00111267330237
0.00112415486072
0.00115413160956
0.00114330901196
0.00108291565543
0.00106476696339
0.00102006223268
0.00097326867972
0.0009589568135
0.000963253426948
0.000959820784936
0.000975128628897
0.00100168453467
0.00101855831349
0.00103105210474
0.00102592720287
0.00101181945361
0.00104181398226
0.00102926260817
0.000976398084171
0.000846293209094
0.000794851101156
0.000768493329516
0.00077551834297
0.000793033222452
0.000802542846472
0.000803113975279
0.00074278373572
0.000656141078879
0.000582490516253
0.000545750252742
0.000540292293034
0.000503612303422
0.000516938777377
0.000554791723023
0.000511553679086
0.000507978594871
0.000467084841051
0.000461513130797
0.00048552127375
0.00051903918946
0.000529876219671
0.000588504833071
0.000643097760539
0.000667254325978
0.000666369799833
0.000669472946222
0.000693133123351
0.000793850166235
0.000794811355991
0.000826334433679
0.000924180053852
0.000937976401932
0.000925291466679
0.000938461884994
0.000949918557962
0.000971635700481
0.000976538049073
0.000912853650687
0.000869413658434
0.00088874886853
0.000891370824438
0.000882506776414
0.00089477684842
0.0008903428355
0.00090028227846
0.000939648651125
0.000901875661357
0.000884801680364
0.000860023343767
0.000860320940874
0.000865091040585
0.000847304323584
0.000731892740489
0.000733191963367
0.000745718661936
0.000777539932496
0.000835454707681
0.000878356986677
0.000974532967995
0.00119090997916
0.0012370347853
0.00126353356149
0.00129424970871
0.00130383268791
0.00128486175622
0.00127163276366
0.00123376788647
0.00102125515719
0.00102874063802
0.00104953421356
0.00108797199497
0.00113238215894
0.00116674622711
0.0011828537162
0.00119364811351
0.00118887858691
0.00118871819512
0.00118281507774
0.00118080668332
0.00120016816529
0.00125526376875
0.00127835666819
0.00131956966011
0.00137770274253
0.00141981465449
0.00144507958598
0.00147197817415
0.00130952816289
0.00127148205198
0.00123939550344
0.00126196594962
0.00126336241625
0.00129703305572
0.00142349741052
0.0014607765478
0.00150062441049
0.00155561017454
0.0016285929431
0.00169285351118
0.00169977926577
0.00170350565183
0.00170625503195
0.00166139416505
0.00165459556935
0.00163568364805
0.00162676150719
0.00164584902934
0.0016349504788
0.00159443929587
0.0015777935685
0.0015469771857
0.00153612374257
0.00154195500933
0.00152413062878
0.00153314108907
0.00160940785684
0.0016518302483
0.00168477675948
0.0017255248034
0.00173755246741
0.00180786884774
0.00187769674278
0.00189673969116
0.00204865686726
0.00204402460865
0.00202308368414
0.00198200897779
0.0019799006909
0.00196394574834
0.00201640651709
0.00203911079295
0.00204113468468
0.00207151912526
0.00209795951786
0.00210969489214
0.00204500405839
0.00202664254069
0.00200757115053
0.00199500985408
0.00199046494666
0.00194981230592
0.00194115322993
0.00189466205868
0.00172925263314
0.0016688707503
0.001633866916
0.00160680046936
0.00154228986281
0.0014764914039
0.00142038452798
0.00136468515296
0.00139605491852
0.00143185212274
0.00148506904432
0.00155693741902
0.00159413819518
0.00162088502778
0.00167065153164
0.00157632948832
0.00153359717679
0.00148245975553
0.00142211981366
0.00137965121455
0.00135048600758
0.00132037502142
0.00130503961486
0.00135294623243
0.00137409941814
0.00140909954808
0.00144184932887
0.00146315438587
0.00148246162268
0.00147738195152
0.00141368768837
0.00139885521765
0.00139697974452
0.00136607103269
0.0013373836856
0.00130748474585
0.00127393442545
0.0012197069411
0.00129240724941
0.00135810422422
0.00142835250207
0.00149448632565
0.00153770600303
0.00159708450709
0.00175067163971
0.00176751906984
0.00175488959068
0.00172013062152
0.00174229785701
0.00175470484283
0.00179655706134
0.00194270309494
0.0020011829724
0.00205628307314
0.00210005300224
0.00212053311256
0.0021180865415
0.00214903913081
0.00216106792608
0.00195779891796
0.00185872113056
0.00177373555838
0.00168946599426
0.00164027942111
0.00157855071084
0.00155143992229
0.00146762667241
0.00145228131374
0.00146121510579
0.00144323431117
0.00146764979523
0.00144984830763
0.00145329330951
0.00143478106441
0.00148401251385
0.00156086775944
0.00158727341579
0.00162231866809
0.00162912373828
0.00168890076455
0.00169250067112
0.00169465151895
0.00164718760879
0.00163166697318
0.00166323971222
0.00165211971663
0.00163592768903
0.0015990151858
0.00157624083949
0.0015418768974
0.00145265365662
0.00145137728973
0.00142418140716
0.0014090163513
0.00135503215009
0.00130693004205
0.00130267824987
0.00129180597517
0.00129022199175
0.00123396279891
0.0011911233725
0.00113324055993
0.00109582095558
0.00105878784141
0.00101106981032
0.00098601326076
0.000604406259661
0.000515486681197
0.000386160749112
0.00028896246483
0.000201782288473
0.000117512479296
0.000110063522865
0.000210183499209
0.000258538794235
0.000308945589288
0.000435313475453
0.000557492035844
0.000654841190326
0.000765025532895
0.000879648306716
0.00101658044789
0.0009779827677
0.0009123341276
0.000852489466198
0.0007706897003
0.000697280039302
0.000659965133263
0.000620546697408
0.000735150932081
0.000793350520965
0.000837628467776
0.000878177964066
0.000959461088144
0.00101562355865
0.000985687923883
0.000956574998051
0.00089165170903
0.000815313822812
0.000778867011433
0.000771469177408
0.000778069979697
0.000757060012577
0.000747070277352
0.000782597900253
0.0008232583255
0.000772782706442
0.000732905651586
0.000684359028786
0.00050638597333
0.000447891967037
0.000419695145252
0.000412729133621
0.000390871639653
0.00039232055096
0.000396764734173
0.000449947086609
0.000421413224374
0.000364229632486
0.000328793510752
0.000329163200334
0.000299852580136
0.00031918314888
0.000349358237447
0.000324732234986
0.000311805505292
0.000325638803366
0.000372002625583
0.000397333331627
0.000459899107473
0.000536777748763
0.000633110101698
0.000716009763817
0.000692849683679
0.000717595343099
0.000676572867864
0.000650918382692
0.000656896708033
0.000708775651679
0.000718354655418
0.000698849946989
0.00071112277659
0.000707039314402
0.000664735001251
0.00061454831953
0.000576118000347
0.000507930553639
0.00041494951569
0.000364725409626
0.000365326302674
0.000362031706705
0.000453027102351
0.000573229097668
0.000574062943355
0.000543092258921
0.000597675103956
0.000583743672746
0.000554897746581
0.000556869364349
0.000550628801552
0.000534243765462
0.000293963255545
0.000210565850395
0.000193218521264
0.000172818706694
9.07740883327e-05
0.000161655591653
0.000133799791793
8.15162821258e-05
0.000109122459048
9.87324809448e-05
6.40504849644e-05
0.000110946150548
4.56100224938e-05
3.94903926563e-05
0.000128437701206
0.000205217391108
0.000308462196712
0.000360018059765
0.000434141867165
0.000490062458226
0.000499008031113
0.000506143083611
0.000347218302041
0.000165025678644
0.000127733609541
7.07148248521e-05
5.54405188732e-05
0.000125451128733
0.00019734329024
0.000304556653412
0.000281937072706
0.000240613297934
0.000164891355479
0.000173905457431
8.86785581181e-05
8.93931876108e-05
6.64042483953e-05
8.18951164695e-05
8.82344017339e-05
7.45977668907e-05
8.63357673803e-05
5.73743714657e-05
6.18873109305e-06
-0.000152079797081
-0.000157481595055
-0.000106599244035
-7.08001185364e-05
-2.83478824702e-05
8.61603801281e-05
0.000202613921273
0.000304167930619
0.000487374500222
0.000506010893291
0.000459554612448
0.00045150002947
0.0004862151254
0.000501799111553
0.000465650018931
0.000475764516731
0.000507834057892
0.000496084803262
0.00048398977701
0.000523095578623
0.000543820451798
0.000570405219616
0.000618560197227
0.000642915491553
0.000654867450948
0.000641599981657
0.000689828001954
0.000708006436771
0.000750210877046
0.00084425051389
0.000932820303053
0.00113507466405
0.00117705741996
0.00121768822885
0.00126763188919
0.00130221900133
0.00131787104378
0.00134496924184
0.00135680503877
0.00125936928999
0.0011289071587
0.00111899727789
0.00108423162097
0.00109763003898
0.00108989147851
0.00108982097443
0.00112152893892
0.00111901278465
0.00110972380872
0.00108892084942
0.00109498384431
0.00108939207101
0.00109984737116
0.00113264794843
0.000700005354165
0.000479270377897
0.000285988224123
6.79183269065e-06
-0.000300054016649
-0.000531605871874
-0.00115389270965
-0.00136036434158
-0.00147415169227
-0.00149461218963
-0.00149449384706
-0.001483050154
-0.00141170214034
-0.00132005186363
-0.000991321814426
-0.000860833677596
-0.000724982309776
-0.000560457993637
-0.000393803478862
-0.000230171084958
-3.0098461819e-05
0.0001367178328
0.00100532995494
0.00118816771743
0.0013967892469
0.00160619819037
0.00178570117977
0.00194658429002
0.00211510201265
0.00211827005401
0.00210743065683
0.00216106571371
0.00225673728639
0.00237120062806
0.00249277487101
0.00262052588894
0.00310201000744
0.00324829881046
0.00336535062201
0.00349213449654
0.00360894850517
0.00370389136225
0.00375672432514
0.00381649501922
0.00393464616942
0.00397409745327
0.00401347642737
0.004005778416
0.00399229263008
0.00398642853643
0.00397196388825
0.00398522517784
0.00392549553933
0.00393572262073
0.00395277580578
0.00397062215815
0.00395789457642
0.00399077345872
0.00402184720901
0.00408151445793
0.00408541545478
0.00410558113979
0.00412308520742
0.00414712279389
0.00414832514875
0.00411784167983
0.00412954257796
0.00414892687731
0.00414624831721
0.00411747797172
0.00410559942173
0.00410904932202
0.00407921164435
0.00403375472064
0.00385973077377
0.00376575752254
0.00366469754214
0.00353768572487
0.00341589954207
0.00330351041621
0.00319319893616
0.00313399549247
0.00297361461269
0.00282592444588
0.00301438807024
0.00293265278952
0.00286545679653
0.00300075405209
0.00278942453082
0.00284155380154
0.00279330174125
0.00273632796431
0.00270383843796
0.00279291088528
0.00278779248409
0.00271816115705
0.00274069849384
0.00271843405752
0.00261584158715
0.00252220509702
0.00243807058292
0.00232165890814
0.0022675277622
0.00225741779176
0.00223479229224
0.00225628242122
0.00222199592128
0.00220631411302
0.00219201128851
0.00219689840116
0.0022070063929
0.0021917464127
0.00215658416583
0.00211937276734
0.0020732592632
0.00205590251525
0.00204768886916
0.00202641008562
0.00200827690885
0.00194437556896
0.00173267950409
0.00167795704401
0.00168089478767
0.00164736358836
0.00160872270494
0.00161226567291
0.00160988509066
0.0014761772522
0.00141165548315
0.00137281172188
0.00131614363951
0.00121929769609
0.00119067521364
0.00119346328667
0.00116404893249
0.00121077158668
0.00117146128217
0.00114446582531
0.0011013822655
0.0010530185268
0.000995795296314
0.000945495350967
0.000850423194184
0.000519462756629
0.000502201710703
0.000434085655728
0.00037382770119
0.000295318078706
0.000221368899234
0.000129842980644
4.16881139736e-05
-0.000184515609294
-0.000252495682068
-0.000356245139497
-0.000404044034561
-0.000475131622683
-0.000512397079172
-0.000506507681916
-0.000422518703092
-0.000429595069782
-0.000424960221324
-0.000438971785647
-0.000422712919168
-0.000406252395564
-0.000374998516064
-0.000360644584513
-0.00036017102421
-0.0003537243966
-0.000325179841268
-0.000337859967936
-0.000359548838595
-0.000382334620603
-0.000452047317231
-0.000889224068831
-0.00097397825032
-0.00100518122219
-0.000984504085558
-0.000993165286498
-0.00100806673158
-0.00100507326894
-0.00104122804201
-0.00101699782216
-0.00100694304005
-0.000951823254894
-0.000945142738913
-0.000943262013731
-0.000977760941661
-0.00098786478561
-0.000897910563962
-0.000826783544409
-0.000750963879059
-0.000685651328585
-0.000631682125122
-0.000573295161884
-0.00057330484327
-0.000565870315414
-0.000630522624519
-0.000663106491819
-0.000634756476198
-0.000605331691078
-0.000601675850357
-0.000567649201199
-0.000525846512125
-0.000430447611527
-0.000415842598363
-0.000405566023496
-0.000433964393003
-0.00042875853546
-0.000391498829877
-0.000354069610522
-0.000295741106731
-6.29100558508e-05
-5.46480484698e-05
-5.54475486562e-05
-3.31455913459e-05
-2.82224396004e-05
-2.45289558552e-05
-8.77863489068e-05
-0.000114996926695
-0.000162203301779
-0.000186970738089
-0.000223648326042
-0.00024667220965
-0.000247337699278
-0.000214921572238
-0.000144512915209
-0.000143557904496
-0.000134837434983
-0.000104408531285
-2.54252559933e-05
4.01008999378e-05
0.000174190969481
0.000401046824708
0.00037836364283
0.000420194759634
0.000422268981906
0.000381152995807
0.000396400066185
0.00043342768982
0.000336776075087
0.000343912555586
0.000341004518336
0.000310408902853
0.000312001369306
0.000322233735825
0.000283529907091
0.000318324841136
0.000489998976157
0.000603865817316
0.000661570098197
0.000692165368642
0.00070690310805
0.000618357132205
0.000541043363071
0.000521974978793
0.000412034810962
0.000408026808191
0.000405446235172
0.000367249653143
0.000360939130618
0.000326605425984
0.000313945157227
0.000263548899581
0.000274376707131
0.000259188181824
0.000294128959507
0.000323049782243
0.000292469753083
0.000324357790281
0.000276542090773
0.00027011591648
0.000264361844378
0.000274402656756
0.000213288672321
0.000167106301099
0.000170650560262
0.00016773236774
0.000151806925216
-5.93580647444e-05
-0.000129773818751
-0.000196642317143
-0.000228690653694
-0.000240117724301
-0.00023260993717
-0.000114031764075
-9.87019957261e-05
-0.000108942918779
-0.000143119704638
-0.000157459089575
-0.000169995082313
-0.000162449318946
-0.000135161513437
-0.000108377477554
-9.68130008771e-05
-9.29487152159e-05
-0.000102722269962
-7.18037896175e-05
-3.46965203034e-05
-7.40582128276e-05
-4.55446521622e-05
2.32539740546e-05
0.000115909372462
0.000199263061871
0.000293602199111
0.000374723877942
0.000445687505526
0.000448003974387
0.000457989462609
0.000479625448386
0.000536049298809
0.000614132391821
0.000660209606609
0.000740464792249
0.000818729875058
0.000895575040335
0.0008998927895
0.000928800683888
0.000957478909456
0.000935375200769
0.0008993762886
0.000886236280856
0.000799990924291
0.000740370873522
0.000710635694864
0.000693156971748
0.000637360276255
0.000649149249277
0.00064837185758
0.000700877951299
0.000706432487198
0.000736007204761
0.000774178553689
0.000787442874338
0.000819010083639
0.000933692382581
0.000994941974739
0.00103293094918
0.00104725963624
0.00107357538692
0.00111643631858
0.00111840252373
0.00115295472364
0.00123647122304
0.00123578558076
0.00121309631638
0.00122052676607
0.00124048969882
0.00124997709687
0.00125522961766
0.00123642959916
0.00120880555258
0.0012289816381
0.00127418292484
0.00131543249827
0.00136919108698
0.00142549745731
0.00148122489743
0.00164524142493
0.0016847907055
0.00168896428564
0.00170411289897
0.001713566496
0.00169315218775
0.00167757091511
0.0016468163143
0.00151007561313
0.00144965099319
0.00142130484867
0.00136914383284
0.00133903675289
0.00130330144929
0.00124643567516
0.001180846836
0.00108521418652
0.00111335761027
0.00108399281793
0.00108087956254
0.00108700514602
0.0011187746547
0.00117415850593
0.0012535864277
0.00127887767598
0.00130563373605
0.00133719771071
0.00136896222376
0.00140080468723
0.00141790396293
0.00141678384968
0.00140775365652
0.00135797871071
0.00130606395151
0.00122606914515
0.00116135647555
0.00110522536408
0.00109090023139
0.00106787714477
0.00103703549078
0.00103714370162
0.00103293236987
0.00101215826365
0.000982526298807
0.000954491373445
0.000895937554876
0.000887991302924
0.000863650069604
0.000840709759502
0.000820507038529
0.000820909901798
0.000804040137925
0.000945752031737
0.00100260441664
0.00107539048009
0.00110660051911
0.00111587283462
0.00115993542129
0.00117344183776
0.00120784016907
0.00129184378372
0.00127494000003
0.00119281015124
0.00113198055725
0.00108141429107
0.000943768021704
0.00103041837072
0.00103230506191
0.000931427974979
0.00103624087381
0.0011549300473
0.00102613256633
0.00103732992524
0.00102725695956
0.00102726746864
0.000929870583201
0.000878657254856
0.000791481966312
0.000756085083686
0.000653269892948
0.000643692493633
0.000559695400288
0.000562991346568
0.000521202159432
0.00054744016444
0.000520374748844
0.000523040260654
0.000501409025431
0.000533664908768
0.0005656122076
0.000569342106696
0.000554291123035
0.000525662533369
0.000490483828226
0.000410732438853
0.000303631232673
0.000230644503874
0.000138546334685
0.000127593140026
0.000146851666875
0.000133673583273
0.000145357206117
7.23587303141e-05
1.42341813888e-05
-6.06492935195e-05
-0.000116190149152
-0.000115746838528
-0.000132531359817
-0.00014564124497
-4.7402938408e-05
-3.11448450077e-05
6.24425288439e-05
0.00025492475832
0.000332152365554
0.000402924671153
0.000426653263197
0.000465707641831
0.000532116273967
0.000529517164206
0.000570744007628
0.000689433295714
0.000778287896134
0.000836360208447
0.000833646404666
0.000905679015103
0.00100537127878
0.00103133252744
0.00116784116599
0.00124755446875
0.00130535441281
0.00132508892128
0.00131584210645
0.00131872308175
0.0012633505109
0.0011698055617
0.000956846155056
0.000968676496213
0.000993611469237
0.000951227968692
0.000971501149325
0.00106439158561
0.00103218943196
0.00113362727002
0.0012638239511
0.00123723043324
0.0011084821635
0.00101987131376
0.000888755496555
0.000905750232448
0.000820033513857
0.000769772191126
0.000684957623067
0.000692940065911
0.000675412966621
0.000582878248392
0.000583040251405
0.000603369188273
0.000576234459232
0.00054477286784
0.000575161874609
0.000434957064821
0.000340375281456
0.000327402764423
0.00019567146816
0.000115826755293
3.13234820389e-05
6.98900959094e-05
-5.88560077199e-05
-5.5097283884e-05
-8.17662769458e-05
-6.93760122159e-05
-5.03739729897e-05
-8.17299481458e-05
-4.1813095203e-05
-7.13208232161e-05
-7.98929802306e-05
-0.000113281860915
-0.00016003476638
-0.000115893121671
-8.95939606494e-05
-7.77655317054e-05
-3.61300972002e-05
-3.97439923352e-05
-1.75973594063e-05
-5.6025097655e-06
1.95914825336e-05
4.51831112286e-05
0.000129510417054
7.82460129044e-05
0.000106282567881
9.72011053976e-05
1.77944324066e-05
-7.1946151597e-05
-0.000122982817261
-0.000160136002759
-0.000152750416412
-0.000113655054301
-0.00011530164354
-9.21012954284e-05
-5.02870753993e-05
1.82250434782e-05
9.49001828177e-05
9.51536256756e-05
0.000104794497797
0.000127986396148
0.00010678225118
0.000229638265236
0.000302857876735
0.000522711943425
0.00060111383703
0.000621003589718
0.000634395348147
0.000606990960352
0.00065538095978
0.000554329698197
0.000624008837228
0.000610285611918
0.00067846353596
0.000636956863817
0.000617902897408
0.000634844621139
0.000573925316532
0.000666870575958
0.000624807641263
0.000655076504497
0.000705891047388
0.000725099702347
0.000793343386009
0.000729710949171
0.000713432997103
0.000543754272847
0.000549234966201
0.000488703498606
0.000453976757733
0.000403025044375
0.000360812382314
0.000215208823475
0.000216090812636
0.000252913762181
0.000330937339087
0.00039358447521
0.000475815302844
0.000485723633813
0.000625097563349
0.000645520778919
0.000678527686173
0.000717156918762
0.000747678191983
0.000775833983676
0.000775056263691
0.000789023412187
0.000788299267108
0.000785532074197
0.000738031725164
0.000672825044385
0.000661680137619
0.00063777010307
0.000609092216079
0.000630973208789
0.000617735774416
0.000593224040713
0.000581057755456
0.000525193993679
0.000436240429309
0.000390366852581
0.000332939775368
0.000288441025972
0.000147733722963
0.000114365577321
0.000116173607677
0.000100557104871
0.000113205188803
0.000139240987833
0.00016432348226
0.000118330440107
0.000170403261356
0.000213314091585
0.000244902333986
0.000279283389264
0.000350076993563
0.000421207681494
0.000763301060632
0.00082262900194
0.000831576744871
0.000804654483055
0.000787092754246
0.000772418264511
0.000819110156439
0.000872450008675
0.000877763183299
0.000898034782969
0.000907189114519
0.00092168905912
0.000999880206006
0.00112235352477
0.00117949064042
0.00123152444089
0.00126753453986
0.0012886749395
0.00127859251123
0.0013095599267
0.00128388428742
0.00131205534862
0.00145318781713
0.00141208376806
0.00163423739099
0.00159117672461
0.00160200738131
0.00177003502187
0.00159550135298
0.00148429566519
0.00154837336166
0.00146783200867
0.00141131782032
0.00142305559683
0.001407825494
0.00144970599901
0.00158106463918
0.00161364867429
0.00168079256201
0.00170705060653
0.00174819272492
0.0017801583162
0.00178914844791
0.00173524907674
0.00158514888878
0.00156824243348
0.00152927958694
0.00158224044587
0.00162464991027
0.00168088975547
0.00159322115631
0.00158201982626
0.00154362275394
0.00151662698533
0.00148097572484
0.00143423716156
0.00144361009937
0.00135272220575
0.0013220063749
0.00130710516477
0.00130942582953
0.00130621222421
0.00133864927686
0.00141657721854
0.00161239773791
0.00164760049827
0.00165613096129
0.00165512210365
0.00164543629582
0.00162951945938
0.00161940141737
0.0015637045495
0.00164512478352
0.00169082337434
0.00174940268299
0.00177442781331
0.00175462287596
0.00173909166659
0.00171078819157
0.00168546246721
0.00166932006938
0.00163131365007
0.00160691379604
0.00160486469283
0.00166400329627
0.00185916146975
0.00192731151843
0.00182810767844
0.0017549733022
0.00166988260058
0.0016214478189
0.00156791066909
0.00145315201821
0.00142065925352
0.00133804776223
0.00124620075831
0.00116587845365
0.00108800665149
0.00101139584878
0.000864973571661
0.000774002093434
0.000722078853588
0.00069059437468
0.000637425334304
0.000596707910917
0.000558508664117
0.000463488233874
0.000419253389368
0.000387269136782
0.000339592024831
0.000317106059703
0.000281426771024
0.000273421827938
0.000249519798366
0.000230362373327
0.000241086944678
0.000266748962471
0.00028587481104
0.000349949576317
0.000415523131591
0.000475868824376
0.00054192205114
0.000598516406863
0.00063458133263
0.000687352932196
0.000729681933089
0.000754127257247
0.000776783853802
0.000783549686965
0.000793207471695
0.000872612540044
0.000869676076102
0.000874991797857
0.000892851906406
0.000930165932457
0.000943445163281
0.00099875701402
0.0011592417682
0.00117824452349
0.0011656955997
0.00115858606031
0.00116945076502
0.00115640486624
0.00108255515706
0.000884200806042
0.000858228162873
0.000859766947557
0.000876835827201
0.000911671244709
0.000972191987708
0.00100478928001
0.000953754073625
0.000990604706823
0.00105800328561
0.00111094513274
0.00117194750594
0.00124779333471
0.00129614583291
0.00133292687372
0.00134949833275
0.00135561578151
0.00141206581451
0.00142285442942
0.00146468080224
0.00159026785746
0.00166182082458
0.0016926627329
0.00168722934641
0.00168926736744
0.00172578728337
0.00170858365612
0.0017040086493
0.00173346799256
0.00179008490431
0.00183747646195
0.00185497174763
0.00186144826369
0.00188542099
0.00189250644923
0.0018642106011
0.00154463891573
0.00146098129145
0.00140251270798
0.00138766671011
0.00142532300797
0.00144407011803
0.00145177265589
0.00138197299177
0.00135645685622
0.00133544689963
0.00128499974639
0.00123169553956
0.00115543472524
0.00112866831959
0.00111858740234
0.00115820339906
0.00111971084687
0.00107955886308
0.0010557007111
0.00100790859673
0.000965932983998
0.00093757043604
0.000755847702586
0.000685123542253
0.000608628417007
0.000509638895167
0.000440567642287
0.000392037206482
0.000377998810318
0.000163949393827
0.000115356270585
7.50389627736e-05
5.93713531374e-06
-7.00294115797e-05
-0.000136117900058
-0.000210012069439
-0.000339196033529
-0.00030532876639
-0.00029387585547
-0.000306187270319
-0.000264034933677
-0.000213759125675
-0.000188544559604
-0.000199582084111
-0.000218558961387
-0.000217669242493
-0.00024253892514
-0.000262471167325
-0.000314102244475
-0.000320556947056
-0.000361647457189
-0.000373013599185
-0.000373167106589
-0.000363279371068
-0.000389497581398
-0.000425864243773
-0.000446852493338
-0.000574137561998
-0.000604724930541
-0.000630258469116
-0.000648223366908
-0.000662032919795
-0.000702164306289
-0.000695869043738
-0.0006950610618
-0.000689711106444
-0.000676743308464
-0.000696663311988
-0.000711371333103
-0.000741429867001
-0.000722915622927
-0.000722770909123
-0.000734902432025
-0.00070690138891
-0.000649347338553
-0.000639889011341
-0.00061756659279
-0.000565807280641
-0.000528998135794
-0.000501995936977
-0.00038906663576
-0.000367100322817
-0.00031471494301
-0.000258363463152
-0.000253919153957
-0.000183331024554
-0.000175295868937
-0.00016069646151
-0.000147703953034
-0.000120636341266
-8.10738343481e-05
-3.74738103043e-05
-1.46768922142e-05
-4.37217393032e-05
-6.61762236543e-05
-8.72201386318e-05
-7.72693739749e-05
-0.000107171836726
-0.000128617462563
-0.000155815538958
-0.000171614563679
-0.000188504249415
-0.000160870934366
-0.000134892839407
-7.85560891583e-05
-6.31321653113e-05
-5.07170698241e-05
-3.61468477995e-05
5.84650021769e-06
8.62496414135e-05
0.000143806818987
0.000148690659029
0.00011606061329
0.000106977029182
7.56651805028e-05
3.02576331003e-05
3.52722393022e-05
3.49492241998e-05
9.08031116444e-05
0.000122836991049
0.000140309667552
0.000158715187874
0.000118023175236
0.000110569993041
0.00015533722973
0.000108758141339
7.84274291848e-05
6.61126362882e-05
5.98645025923e-05
7.69163795312e-05
9.42091943465e-05
0.00013177788231
0.000270386723001
0.000270027870603
0.000277168874988
0.000243586235135
0.000236032113715
0.000267048580186
0.000555884620312
0.000591526946105
0.000633851959642
0.000726067270569
0.000751686910657
0.000807249454767
0.00073442049916
0.000707404733797
0.000653084054389
0.000574385305762
0.000553467307084
0.000558054207959
0.000562002014658
0.00061979691377
0.000792067392546
0.00081414623882
0.000836881582055
0.000818526978962
0.000811747406771
0.000841530563194
0.000847954016103
0.000844513853287
0.000905448467719
0.000942492197019
0.000934278017969
0.000940499535021
0.000926807493205
0.000932023578041
0.000926415848547
0.00101820225792
0.00104676323066
0.00111896809377
0.0011918869456
0.00125461733718
0.00136794665295
0.00144494251524
0.0015314273032
0.00173328847505
0.00182299679297
0.00190064662769
0.00197323298693
0.00203443123222
0.00217765198588
0.00229678341217
0.00240932520169
0.00273019982327
0.00276799765121
0.00280319728553
0.00280087028189
0.00277702720354
0.00275490170007
0.00267639066123
0.00261402757316
0.00242618197668
0.00216897610398
0.00207505088832
0.00202220373503
0.0019445380461
0.0018875644998
0.00182719317093
0.00151870732229
0.00137563727922
0.00123530376281
0.00109986871964
0.000982423214314
0.000893257864534
0.000790909008366
0.000690292391209
0.000526289660747
0.00045962750849
0.000369055458831
0.000260375861646
0.000104566481468
-4.78779356035e-05
-0.000186116766105
-0.000747279266771
-0.000800260416073
-0.000873836768208
-0.00089332948387
-0.000913728419263
-0.000942532978655
-0.00100022654492
-0.00120664162904
-0.00123491855766
-0.0012840783059
-0.00130923304686
-0.00137971719677
-0.00148220349559
-0.00184159179558
-0.00195470924228
-0.00