[rospy.client][INFO] 2019-03-21 06:58:35,950: init_node, name[/constrained_shooter], pid[3228]
[xmlrpc][INFO] 2019-03-21 06:58:35,959: XML-RPC server binding to 0.0.0.0:0
[rospy.init][INFO] 2019-03-21 06:58:35,962: ROS Slave URI: [http://copter131:33714/]
[xmlrpc][INFO] 2019-03-21 06:58:35,961: Started XML-RPC server [http://copter131:33714/]
[rospy.impl.masterslave][INFO] 2019-03-21 06:58:35,962: _ready: http://copter131:33714/
[xmlrpc][INFO] 2019-03-21 06:58:35,975: xml rpc node: starting XML-RPC server
[rospy.registration][INFO] 2019-03-21 06:58:35,976: Registering with master node http://localhost:11311
[rospy.init][INFO] 2019-03-21 06:58:36,062: registered with master
[rospy.rosout][INFO] 2019-03-21 06:58:36,063: initializing /rosout core topic
[rospy.rosout][INFO] 2019-03-21 06:58:37,075: connected to core topic /rosout
[rospy.simtime][INFO] 2019-03-21 06:58:37,086: /use_sim_time is not set, will not subscribe to simulated time [/clock] topic
[rospy.internal][INFO] 2019-03-21 06:58:37,300: topic[/rosout] adding connection to [/rosout], count 0
[rospy.internal][INFO] 2019-03-21 06:58:37,323: topic[/safety/payload_waypoint] adding connection to [/safety], count 0
[rospy.internal][INFO] 2019-03-21 06:58:37,961: topic[/network/send_swarm_behavior_data] adding connection to [/network], count 0
[rospy.internal][INFO] 2019-03-21 06:58:38,119: topic[/autopilot/acs_pose] adding connection to [http://copter131:41662/], count 0
[rospy.internal][INFO] 2019-03-21 06:58:38,745: topic[/autopilot/status] adding connection to [http://copter131:41662/], count 0
[rospy.internal][INFO] 2019-03-21 06:58:39,210: topic[/hit_tracker/hit_uavs] adding connection to [http://copter131:56750/], count 0
[rospy.internal][INFO] 2019-03-21 06:58:39,295: topic[/air_to_air/firing_reports] adding connection to [/network], count 0
[rospy.internal][INFO] 2019-03-21 06:58:39,311: topic[/swarm_control/behavior_status] adding connection to [/swarm_control], count 0
[rospy.internal][INFO] 2019-03-21 06:58:39,476: topic[/swarm_control/subswarm_id] adding connection to [http://copter131:57879/], count 0
[rospy.internal][INFO] 2019-03-21 06:58:40,525: topic[/swarm_control/ap_intent] adding connection to [http://copter131:57879/], count 0
