[rospy.client][INFO] 2019-03-21 06:58:36,841: init_node, name[/greedy_shooter], pid[3176]
[xmlrpc][INFO] 2019-03-21 06:58:36,843: XML-RPC server binding to 0.0.0.0:0
[xmlrpc][INFO] 2019-03-21 06:58:36,844: Started XML-RPC server [http://copter131:33565/]
[rospy.init][INFO] 2019-03-21 06:58:36,845: ROS Slave URI: [http://copter131:33565/]
[rospy.impl.masterslave][INFO] 2019-03-21 06:58:36,845: _ready: http://copter131:33565/
[xmlrpc][INFO] 2019-03-21 06:58:36,848: xml rpc node: starting XML-RPC server
[rospy.registration][INFO] 2019-03-21 06:58:36,848: Registering with master node http://localhost:11311
[rospy.registration][INFO] 2019-03-21 06:58:36,849: Registering publisher topic [/safety/payload_waypoint] type [autopilot_bridge/LLA] with master
[rospy.registration][INFO] 2019-03-21 06:58:36,864: registering subscriber topic [/autopilot/status] type [autopilot_bridge/Status] with master
[rospy.internal][INFO] 2019-03-21 06:58:36,927: topic[/safety/payload_waypoint] adding connection to [/safety], count 0
[rospy.init][INFO] 2019-03-21 06:58:36,946: registered with master
[rospy.rosout][INFO] 2019-03-21 06:58:36,946: initializing /rosout core topic
[rospy.rosout][INFO] 2019-03-21 06:58:36,965: connected to core topic /rosout
[rospy.simtime][INFO] 2019-03-21 06:58:36,975: /use_sim_time is not set, will not subscribe to simulated time [/clock] topic
[rospy.internal][INFO] 2019-03-21 06:58:37,198: topic[/rosout] adding connection to [/rosout], count 0
[rospy.internal][INFO] 2019-03-21 06:58:37,970: topic[/network/send_swarm_behavior_data] adding connection to [/network], count 0
[rospy.internal][INFO] 2019-03-21 06:58:38,027: topic[/autopilot/acs_pose] adding connection to [http://copter131:41662/], count 0
[rospy.internal][INFO] 2019-03-21 06:58:38,142: topic[/hit_tracker/hit_uavs] adding connection to [http://copter131:56750/], count 0
[rospy.internal][INFO] 2019-03-21 06:58:38,400: topic[/autopilot/waypoint_goto] adding connection to [/autopilot], count 0
[rospy.internal][INFO] 2019-03-21 06:58:38,411: topic[/air_to_air/firing_reports] adding connection to [/network], count 0
[rospy.internal][INFO] 2019-03-21 06:58:38,739: topic[/autopilot/status] adding connection to [http://copter131:41662/], count 0
[rospy.internal][INFO] 2019-03-21 06:58:39,322: topic[/swarm_control/behavior_status] adding connection to [/swarm_control], count 0
[rospy.internal][INFO] 2019-03-21 06:58:40,514: topic[/swarm_control/subswarm_id] adding connection to [http://copter131:57879/], count 0
[rospy.internal][INFO] 2019-03-21 06:58:40,522: topic[/swarm_control/ap_intent] adding connection to [http://copter131:57879/], count 0
