[rospy.client][INFO] 2012-12-31 16:00:16,264: init_node, name[/network], pid[2816]
[xmlrpc][INFO] 2012-12-31 16:00:16,277: XML-RPC server binding to 0.0.0.0:0
[xmlrpc][INFO] 2012-12-31 16:00:16,280: Started XML-RPC server [http://copter131:53711/]
[rospy.impl.masterslave][INFO] 2012-12-31 16:00:16,286: _ready: http://copter131:53711/
[rospy.init][INFO] 2012-12-31 16:00:16,281: ROS Slave URI: [http://copter131:53711/]
[xmlrpc][INFO] 2012-12-31 16:00:16,293: xml rpc node: starting XML-RPC server
[rospy.registration][INFO] 2012-12-31 16:00:16,306: Registering with master node http://localhost:11311
[rospy.init][INFO] 2012-12-31 16:00:16,391: registered with master
[rospy.rosout][INFO] 2012-12-31 16:00:16,393: initializing /rosout core topic
[rospy.rosout][INFO] 2012-12-31 16:00:16,429: connected to core topic /rosout
[rospy.simtime][INFO] 2012-12-31 16:00:16,492: /use_sim_time is not set, will not subscribe to simulated time [/clock] topic
[rospy.internal][INFO] 2012-12-31 16:00:16,590: topic[/rosout] adding connection to [/rosout], count 0
[rospy.internal][INFO] 2019-03-21 06:58:37,909: topic[/network/send_swarm_behavior_data] adding connection to [http://copter131:56527/], count 0
[rospy.internal][INFO] 2019-03-21 06:58:37,918: topic[/network/send_swarm_behavior_data] adding connection to [http://copter131:51069/], count 1
[rospy.internal][INFO] 2019-03-21 06:58:37,923: topic[/network/send_swarm_behavior_data] adding connection to [http://copter131:44160/], count 2
[rospy.internal][INFO] 2019-03-21 06:58:37,936: topic[/network/send_swarm_behavior_data] adding connection to [http://copter131:33565/], count 3
[rospy.internal][INFO] 2019-03-21 06:58:37,945: topic[/network/send_swarm_behavior_data] adding connection to [http://copter131:57650/], count 4
[rospy.internal][INFO] 2019-03-21 06:58:37,945: topic[/network/send_swarm_behavior_data] adding connection to [http://copter131:50973/], count 4
[rospy.internal][INFO] 2019-03-21 06:58:37,948: topic[/network/send_swarm_behavior_data] adding connection to [http://copter131:33714/], count 6
[rospy.internal][INFO] 2019-03-21 06:58:37,950: topic[/network/send_swarm_behavior_data] adding connection to [http://copter131:50956/], count 7
[rospy.internal][INFO] 2019-03-21 06:58:37,950: topic[/network/send_swarm_behavior_data] adding connection to [http://copter131:40262/], count 7
[rospy.internal][INFO] 2019-03-21 06:58:37,954: topic[/network/send_swarm_behavior_data] adding connection to [http://copter131:56239/], count 8
[rospy.internal][INFO] 2019-03-21 06:58:37,957: topic[/network/send_swarm_behavior_data] adding connection to [http://copter131:42427/], count 10
[rospy.internal][INFO] 2019-03-21 06:58:37,964: topic[/network/send_swarm_behavior_data] adding connection to [http://copter131:49997/], count 11
[rospy.internal][INFO] 2019-03-21 06:58:38,074: topic[/autopilot/acs_pose] adding connection to [http://copter131:41662/], count 0
[rospy.internal][INFO] 2019-03-21 06:58:38,286: topic[/network/swarm_sub_behavior] adding connection to [http://copter131:56239/], count 0
[rospy.internal][INFO] 2019-03-21 06:58:38,291: topic[/air_to_air/firing_reports] adding connection to [http://copter131:44160/], count 0
[rospy.internal][INFO] 2019-03-21 06:58:38,292: topic[/air_to_air/firing_reports] adding connection to [http://copter131:42427/], count 0
[rospy.internal][INFO] 2019-03-21 06:58:38,293: topic[/air_to_air/firing_reports] adding connection to [http://copter131:56239/], count 0
[rospy.internal][INFO] 2019-03-21 06:58:38,409: topic[/air_to_air/firing_reports] adding connection to [http://copter131:33565/], count 3
[rospy.internal][INFO] 2019-03-21 06:58:38,741: topic[/autopilot/status] adding connection to [http://copter131:41662/], count 0
[rospy.internal][INFO] 2019-03-21 06:58:39,154: topic[/network/send_swarm_behavior_data] adding connection to [http://copter131:46995/], count 12
[rospy.internal][INFO] 2019-03-21 06:58:39,282: topic[/air_to_air/firing_reports] adding connection to [http://copter131:46995/], count 4
[rospy.internal][INFO] 2019-03-21 06:58:39,293: topic[/air_to_air/firing_reports] adding connection to [http://copter131:33714/], count 5
[rospy.internal][INFO] 2019-03-21 06:58:39,443: topic[/swarm_control/subswarm_id] adding connection to [http://copter131:57879/], count 0
[rospy.internal][INFO] 2019-03-21 06:58:39,499: topic[/swarm_control/swarm_behavior] adding connection to [http://copter131:57879/], count 0
[rospy.internal][INFO] 2019-03-21 06:58:39,512: topic[/swarm_control/swarm_state] adding connection to [http://copter131:57879/], count 0
[rospy.internal][INFO] 2019-03-21 06:58:39,553: topic[/swarm_control/behavior_summary] adding connection to [http://copter131:57879/], count 0
