

1356998414.815483292  Node Startup
1356998417.050496101 INFO [MAVLinkBridge.py:292(_initialize) [topics: /rosout] MAVLinkBridge: Waiting for autopilot heartbeat ...
1356998417.815296888 INFO [MAVLinkBridge.py:332(_init_time) [topics: /rosout] MAVLinkBridge: Waiting for usable SYSTEM_TIME ...
1553176714.916511058 INFO [MAVLinkBridge.py:364(_init_time) [topics: /rosout] Successfully synced local clock.
1553176714.918540000 INFO [MAVLinkBridge.py:305(_initialize) [topics: /rosout] MAVLinkBridge initialized.
1553176716.295461893 INFO [task_runner.py:126(_do_event) [topics: /autopilot/status, /rosout] Task Runner: Starting Event 'on_start'
1553176716.379657983 INFO [task_runner.py:119(_log) [topics: /autopilot/status, /rosout] Task Runner: Event 'on_start' Task 'Tx Power' Time 0.1s: Succeeded
1553176716.380851984 INFO [task_runner.py:137(_do_event) [topics: /autopilot/status, /rosout] Task Runner: Completed Event 'on_start'
1553176717.002696037 INFO [nodeable.py:215(log_info) [topics: /rosout] Behavior simple_ground_attack successfully registered with ID 16
1553176717.186731100 INFO [nodeable.py:215(log_info) [topics: /rosout] Behavior pn_interceptor successfully registered with ID 5
1553176717.216689109 INFO [nodeable.py:215(log_info) [topics: /rosout] Behavior independent_transit successfully registered with ID 8
1553176717.285888910 INFO [nodeable.py:215(log_info) [topics: /rosout] Behavior patrol_box successfully registered with ID 12
1553176717.421994924 INFO [nodeable.py:215(log_info) [topics: /rosout] Behavior evader successfully registered with ID 15
1553176718.189814090 WARN [safety.py:151(__init__) [topics: /safety/healthy, /autopilot/payload_attitude, /autopilot/payload_rate, /rosout, /safety/payload_rate, /autopilot/payload_waypoint, /autopilot/heartbeat_onboard, /autopilot/acs_pose, /safety/payload_waypoint, /autopilot/heartbeat_ground, /safety/payload_attitude] establishing proxies for ROS /autopliot/ services
1553176718.186729907 INFO [nodeable.py:215(log_info) [topics: /rosout] Behavior swarm_landing_sequencer successfully registered with ID 98
1553176718.197580099 INFO [nodeable.py:215(log_info) [topics: /rosout] Behavior smart_shooter successfully registered with ID 9
1553176718.201653003 INFO [nodeable.py:215(log_info) [topics: /rosout] Behavior wingman successfully registered with ID 11
1553176718.208000898 INFO [nodeable.py:215(log_info) [topics: /rosout] Behavior linear_formation successfully registered with ID 1
1553176718.247946977 INFO [nodeable.py:215(log_info) [topics: /rosout] Behavior tactic_interface successfully registered with ID 14
1553176718.393058061 INFO [nodeable.py:215(log_info) [topics: /rosout] Behavior greedy_shooter successfully registered with ID 4
1553176719.048703908 INFO [task_runner.py:126(_do_event) [topics: /autopilot/status, /rosout] Task Runner: Starting Event 'on_status'
1553176719.072468996 INFO [MAVLinkBridge.py:206(callback_wrapper) [topics: /autopilot/waypoint_goto, /autopilot/weather_update, /autopilot/copter_takeoff, /autopilot/guided_goto, /autopilot/payload_waypoint, /rosout, /autopilot/heartbeat_onboard, /autopilot/gps_odom, /autopilot/mode, /autopilot/mode_num, /autopilot/gps, /autopilot/reboot, /autopilot/heartbeat_ground, /autopilot/status, /autopilot/acs_pose, /autopilot/imu, /autopilot/arm, /autopilot/set_landing] ROS srv recvd: fpr_param_set
1553176719.182087898 INFO [nodeable.py:215(log_info) [topics: /rosout] Behavior patrol_box_shooter successfully registered with ID 13
1553176719.225564002 INFO [nodeable.py:215(log_info) [topics: /swarm_tracker/swarm_uav_states, /rosout] Behavior constrained_shooter successfully registered with ID 10
1553176719.275652885 INFO [task_runner.py:119(_log) [topics: /autopilot/status, /rosout] Task Runner: Event 'on_status' Task 'AP Set ID' Time 0.2s: Succeeded
1553176719.277046918 INFO [task_runner.py:137(_do_event) [topics: /autopilot/status, /rosout] Task Runner: Completed Event 'on_status'
1553176719.392720937 INFO [nodeable.py:215(log_info) [topics: /autopilot/waypoint_goto, /swarm_control/swarm_state, /swarm_control/behavior_summary, /rosout, /network/recv_swarm_data, /autopilot/mode_num, /swarm_tracker/swarm_uav_states, /swarm_control/behavior_status, /network/net_reset, /swarm_control/swarm_behavior, /autopilot/status, /swarm_control/subswarm_id, /swarm_control/ap_intent] Subswarm updated to 0
1553176719.393397092 INFO [nodeable.py:215(log_info) [topics: /autopilot/waypoint_goto, /swarm_control/swarm_state, /swarm_control/behavior_summary, /rosout, /network/recv_swarm_data, /autopilot/mode_num, /swarm_tracker/swarm_uav_states, /swarm_control/behavior_status, /network/net_reset, /swarm_control/swarm_behavior, /autopilot/status, /swarm_control/subswarm_id, /swarm_control/ap_intent] Swarm state updated to Preflight
1553176719.393908977 INFO [nodeable.py:215(log_info) [topics: /autopilot/waypoint_goto, /swarm_control/swarm_state, /swarm_control/behavior_summary, /rosout, /network/recv_swarm_data, /autopilot/mode_num, /swarm_tracker/swarm_uav_states, /swarm_control/behavior_status, /network/net_reset, /swarm_control/swarm_behavior, /autopilot/status, /swarm_control/subswarm_id, /swarm_control/ap_intent] Active swarm behavior updated to standby
1553176731.470860958 INFO [MAVLinkBridge.py:377(_handle_statustext) [topics: /autopilot/waypoint_goto, /autopilot/weather_update, /autopilot/copter_takeoff, /autopilot/guided_goto, /autopilot/payload_waypoint, /rosout, /autopilot/heartbeat_onboard, /autopilot/gps_odom, /autopilot/mode, /autopilot/mode_num, /autopilot/gps, /autopilot/reboot, /autopilot/heartbeat_ground, /autopilot/status, /autopilot/acs_pose, /autopilot/imu, /autopilot/arm, /autopilot/set_landing] MAVLink STATUSTEXT: EKF2 IMU1 is using GPS
1553176733.478245973 INFO [MAVLinkBridge.py:377(_handle_statustext) [topics: /autopilot/waypoint_goto, /autopilot/weather_update, /autopilot/copter_takeoff, /autopilot/guided_goto, /autopilot/payload_waypoint, /rosout, /autopilot/heartbeat_onboard, /autopilot/gps_odom, /autopilot/mode, /autopilot/mode_num, /autopilot/gps, /autopilot/reboot, /autopilot/heartbeat_ground, /autopilot/status, /autopilot/acs_pose, /autopilot/imu, /autopilot/arm, /autopilot/set_landing] MAVLink STATUSTEXT: EKF2 IMU0 is using GPS
