[rospy.client][INFO] 2012-12-31 16:00:16,080: init_node, name[/safety], pid[2811]
[xmlrpc][INFO] 2012-12-31 16:00:16,081: XML-RPC server binding to 0.0.0.0:0
[rospy.init][INFO] 2012-12-31 16:00:16,084: ROS Slave URI: [http://copter131:40064/]
[xmlrpc][INFO] 2012-12-31 16:00:16,084: Started XML-RPC server [http://copter131:40064/]
[rospy.impl.masterslave][INFO] 2012-12-31 16:00:16,084: _ready: http://copter131:40064/
[xmlrpc][INFO] 2012-12-31 16:00:16,085: xml rpc node: starting XML-RPC server
[rospy.registration][INFO] 2012-12-31 16:00:16,086: Registering with master node http://localhost:11311
[rospy.init][INFO] 2012-12-31 16:00:16,184: registered with master
[rospy.rosout][INFO] 2012-12-31 16:00:16,185: initializing /rosout core topic
[rospy.rosout][INFO] 2012-12-31 16:00:16,218: connected to core topic /rosout
[rospy.simtime][INFO] 2012-12-31 16:00:16,238: /use_sim_time is not set, will not subscribe to simulated time [/clock] topic
[rospy.internal][INFO] 2012-12-31 16:00:16,455: topic[/rosout] adding connection to [/rosout], count 0
[rospy.internal][INFO] 2019-03-21 06:58:36,406: topic[/safety/payload_waypoint] adding connection to [http://copter131:56527/], count 0
[rospy.internal][INFO] 2019-03-21 06:58:36,412: topic[/safety/payload_rate] adding connection to [http://copter131:56527/], count 0
[rospy.internal][INFO] 2019-03-21 06:58:36,667: topic[/safety/payload_waypoint] adding connection to [http://copter131:51069/], count 1
[rospy.internal][INFO] 2019-03-21 06:58:36,691: topic[/safety/payload_waypoint] adding connection to [http://copter131:44160/], count 2
[rospy.internal][INFO] 2019-03-21 06:58:36,697: topic[/safety/payload_waypoint] adding connection to [http://copter131:50956/], count 3
[rospy.internal][INFO] 2019-03-21 06:58:36,698: topic[/safety/payload_waypoint] adding connection to [http://copter131:44160/], count 3
[rospy.internal][INFO] 2019-03-21 06:58:36,699: topic[/safety/payload_waypoint] removing connection to http://copter131:44160/
[rospy.internal][INFO] 2019-03-21 06:58:36,921: topic[/safety/payload_waypoint] adding connection to [http://copter131:40262/], count 4
[rospy.internal][INFO] 2019-03-21 06:58:36,924: topic[/safety/payload_waypoint] adding connection to [http://copter131:57650/], count 5
[rospy.internal][INFO] 2019-03-21 06:58:36,924: topic[/safety/payload_waypoint] adding connection to [http://copter131:33565/], count 5
[rospy.internal][INFO] 2019-03-21 06:58:37,143: topic[/safety/payload_waypoint] adding connection to [http://copter131:50973/], count 7
[rospy.internal][INFO] 2019-03-21 06:58:37,315: topic[/safety/payload_waypoint] adding connection to [http://copter131:33714/], count 8
[rospy.internal][INFO] 2019-03-21 06:58:37,318: topic[/safety/payload_waypoint] adding connection to [http://copter131:56239/], count 8
[rospy.internal][INFO] 2019-03-21 06:58:37,489: topic[/safety/payload_waypoint] adding connection to [http://copter131:42427/], count 10
[rospy.internal][INFO] 2019-03-21 06:58:37,494: topic[/safety/payload_waypoint] adding connection to [http://copter131:49997/], count 11
[rospy.internal][INFO] 2019-03-21 06:58:37,598: topic[/autopilot/heartbeat_onboard] adding connection to [/autopilot], count 0
[rospy.internal][INFO] 2019-03-21 06:58:37,671: topic[/autopilot/payload_waypoint] adding connection to [/autopilot], count 0
[rospy.internal][INFO] 2019-03-21 06:58:38,059: topic[/autopilot/acs_pose] adding connection to [http://copter131:41662/], count 0
[rosout][WARNING] 2019-03-21 06:58:38,189: establishing proxies for ROS /autopliot/ services
[rospy.internal][INFO] 2019-03-21 06:58:38,484: topic[/swarm_tracker/swarm_uav_states] adding connection to [http://copter131:40602/], count 0
[rospy.internal][INFO] 2019-03-21 06:58:39,039: topic[/safety/payload_waypoint] adding connection to [http://copter131:46995/], count 12
