[rospy.client][INFO] 2019-03-21 06:58:35,912: init_node, name[/smart_shooter], pid[3208]
[xmlrpc][INFO] 2019-03-21 06:58:35,916: XML-RPC server binding to 0.0.0.0:0
[xmlrpc][INFO] 2019-03-21 06:58:35,918: Started XML-RPC server [http://copter131:44160/]
[rospy.impl.masterslave][INFO] 2019-03-21 06:58:35,918: _ready: http://copter131:44160/
[rospy.init][INFO] 2019-03-21 06:58:35,919: ROS Slave URI: [http://copter131:44160/]
[xmlrpc][INFO] 2019-03-21 06:58:35,921: xml rpc node: starting XML-RPC server
[rospy.registration][INFO] 2019-03-21 06:58:35,923: Registering with master node http://localhost:11311
[rospy.init][INFO] 2019-03-21 06:58:36,019: registered with master
[rospy.rosout][INFO] 2019-03-21 06:58:36,020: initializing /rosout core topic
[rospy.rosout][INFO] 2019-03-21 06:58:36,109: connected to core topic /rosout
[rospy.simtime][INFO] 2019-03-21 06:58:36,228: /use_sim_time is not set, will not subscribe to simulated time [/clock] topic
[rospy.internal][INFO] 2019-03-21 06:58:36,362: topic[/rosout] adding connection to [/rosout], count 0
[rospy.internal][INFO] 2019-03-21 06:58:36,695: topic[/safety/payload_waypoint] adding connection to [/safety], count 0
[rospy.internal][INFO] 2019-03-21 06:58:36,701: topic[/safety/payload_waypoint] adding connection to [/safety], count 1
[rospy.internal][INFO] 2019-03-21 06:58:36,702: topic[/safety/payload_waypoint] removing connection to /safety
[rospy.internal][INFO] 2019-03-21 06:58:37,964: topic[/network/send_swarm_behavior_data] adding connection to [/network], count 0
[rospy.internal][INFO] 2019-03-21 06:58:38,125: topic[/autopilot/acs_pose] adding connection to [http://copter131:41662/], count 0
[rospy.internal][INFO] 2019-03-21 06:58:38,192: topic[/hit_tracker/hit_uavs] adding connection to [http://copter131:56750/], count 0
[rospy.internal][INFO] 2019-03-21 06:58:38,296: topic[/air_to_air/firing_reports] adding connection to [/network], count 0
[rospy.internal][INFO] 2019-03-21 06:58:38,689: topic[/autopilot/status] adding connection to [http://copter131:41662/], count 0
[rospy.internal][INFO] 2019-03-21 06:58:39,291: topic[/swarm_control/behavior_status] adding connection to [/swarm_control], count 0
[rospy.internal][INFO] 2019-03-21 06:58:39,456: topic[/swarm_control/subswarm_id] adding connection to [http://copter131:57879/], count 0
[rospy.internal][INFO] 2019-03-21 06:58:40,495: topic[/swarm_control/ap_intent] adding connection to [http://copter131:57879/], count 0
