[rospy.client][INFO] 2012-12-31 16:00:17,359: init_node, name[/swarm_control], pid[2884]
[xmlrpc][INFO] 2012-12-31 16:00:17,361: XML-RPC server binding to 0.0.0.0:0
[rospy.init][INFO] 2012-12-31 16:00:17,363: ROS Slave URI: [http://copter131:57879/]
[xmlrpc][INFO] 2012-12-31 16:00:17,362: Started XML-RPC server [http://copter131:57879/]
[rospy.impl.masterslave][INFO] 2012-12-31 16:00:17,363: _ready: http://copter131:57879/
[xmlrpc][INFO] 2012-12-31 16:00:17,364: xml rpc node: starting XML-RPC server
[rospy.registration][INFO] 2012-12-31 16:00:17,365: Registering with master node http://localhost:11311
[rospy.init][INFO] 2012-12-31 16:00:17,463: registered with master
[rospy.rosout][INFO] 2012-12-31 16:00:17,464: initializing /rosout core topic
[rospy.rosout][INFO] 2012-12-31 16:00:17,808: connected to core topic /rosout
[rospy.simtime][INFO] 2012-12-31 16:00:17,940: /use_sim_time is not set, will not subscribe to simulated time [/clock] topic
[rospy.internal][INFO] 2012-12-31 16:00:17,964: topic[/rosout] adding connection to [/rosout], count 0
[rosout][INFO] 2019-03-21 06:58:37,000: Behavior simple_ground_attack successfully registered with ID 16
[rosout][INFO] 2019-03-21 06:58:37,186: Behavior pn_interceptor successfully registered with ID 5
[rosout][INFO] 2019-03-21 06:58:37,216: Behavior independent_transit successfully registered with ID 8
[rosout][INFO] 2019-03-21 06:58:37,285: Behavior patrol_box successfully registered with ID 12
[rosout][INFO] 2019-03-21 06:58:37,421: Behavior evader successfully registered with ID 15
[rosout][INFO] 2019-03-21 06:58:38,186: Behavior swarm_landing_sequencer successfully registered with ID 98
[rosout][INFO] 2019-03-21 06:58:38,196: Behavior smart_shooter successfully registered with ID 9
[rosout][INFO] 2019-03-21 06:58:38,201: Behavior wingman successfully registered with ID 11
[rosout][INFO] 2019-03-21 06:58:38,207: Behavior linear_formation successfully registered with ID 1
[rosout][INFO] 2019-03-21 06:58:38,247: Behavior tactic_interface successfully registered with ID 14
[rosout][INFO] 2019-03-21 06:58:38,392: Behavior greedy_shooter successfully registered with ID 4
[rosout][INFO] 2019-03-21 06:58:39,181: Behavior patrol_box_shooter successfully registered with ID 13
[rosout][INFO] 2019-03-21 06:58:39,224: Behavior constrained_shooter successfully registered with ID 10
[rospy.internal][INFO] 2019-03-21 06:58:39,260: topic[/swarm_control/behavior_status] adding connection to [http://copter131:51069/], count 0
[rospy.internal][INFO] 2019-03-21 06:58:39,266: topic[/swarm_control/behavior_status] adding connection to [http://copter131:44160/], count 1
[rospy.internal][INFO] 2019-03-21 06:58:39,275: topic[/swarm_control/behavior_status] adding connection to [http://copter131:56527/], count 2
[rospy.internal][INFO] 2019-03-21 06:58:39,279: topic[/swarm_control/behavior_status] adding connection to [http://copter131:40262/], count 3
[rospy.internal][INFO] 2019-03-21 06:58:39,284: topic[/swarm_control/behavior_status] adding connection to [http://copter131:57650/], count 4
[rospy.internal][INFO] 2019-03-21 06:58:39,286: topic[/swarm_control/behavior_status] adding connection to [http://copter131:50956/], count 5
[rospy.internal][INFO] 2019-03-21 06:58:39,297: topic[/swarm_control/behavior_status] adding connection to [http://copter131:50973/], count 6
[rospy.internal][INFO] 2019-03-21 06:58:39,306: topic[/swarm_control/behavior_status] adding connection to [http://copter131:33714/], count 7
[rospy.internal][INFO] 2019-03-21 06:58:39,317: topic[/swarm_control/behavior_status] adding connection to [http://copter131:56239/], count 8
[rospy.internal][INFO] 2019-03-21 06:58:39,321: topic[/swarm_control/behavior_status] adding connection to [http://copter131:33565/], count 9
[rospy.internal][INFO] 2019-03-21 06:58:39,329: topic[/swarm_control/behavior_status] adding connection to [http://copter131:42427/], count 10
[rospy.internal][INFO] 2019-03-21 06:58:39,334: topic[/swarm_control/behavior_status] adding connection to [http://copter131:49997/], count 11
[rospy.internal][INFO] 2019-03-21 06:58:39,334: topic[/swarm_control/behavior_status] adding connection to [http://copter131:46995/], count 11
[rospy.internal][INFO] 2019-03-21 06:58:39,345: topic[/swarm_tracker/swarm_uav_states] adding connection to [http://copter131:40602/], count 0
[rospy.internal][INFO] 2019-03-21 06:58:39,352: topic[/autopilot/status] adding connection to [http://copter131:41662/], count 0
[rosout][INFO] 2019-03-21 06:58:39,392: Subswarm updated to 0
[rosout][INFO] 2019-03-21 06:58:39,393: Swarm state updated to Preflight
[rosout][INFO] 2019-03-21 06:58:39,393: Active swarm behavior updated to standby
[rospy.internal][INFO] 2019-03-21 06:58:39,445: topic[/swarm_control/subswarm_id] adding connection to [/network], count 0
[rospy.internal][INFO] 2019-03-21 06:58:39,461: topic[/swarm_control/subswarm_id] adding connection to [/smart_shooter], count 1
[rospy.internal][INFO] 2019-03-21 06:58:39,475: topic[/swarm_control/subswarm_id] adding connection to [/swarm_landing_sequencer], count 2
[rospy.internal][INFO] 2019-03-21 06:58:39,486: topic[/swarm_control/subswarm_id] adding connection to [/evader], count 3
[rospy.internal][INFO] 2019-03-21 06:58:39,498: topic[/swarm_control/subswarm_id] adding connection to [/simple_ground_attack], count 4
[rospy.internal][INFO] 2019-03-21 06:58:39,509: topic[/swarm_control/subswarm_id] adding connection to [/constrained_shooter], count 5
[rospy.internal][INFO] 2019-03-21 06:58:39,517: topic[/swarm_control/subswarm_id] adding connection to [/pn_interceptor], count 6
[rospy.internal][INFO] 2019-03-21 06:58:39,530: topic[/swarm_control/subswarm_id] adding connection to [/patrol_box], count 7
[rospy.internal][INFO] 2019-03-21 06:58:39,537: topic[/swarm_control/ap_intent] adding connection to [/swarm_landing_sequencer], count 0
[rospy.internal][INFO] 2019-03-21 06:58:39,542: topic[/swarm_control/swarm_behavior] adding connection to [/network], count 0
[rospy.internal][INFO] 2019-03-21 06:58:39,548: topic[/swarm_control/swarm_state] adding connection to [/network], count 0
[rospy.internal][INFO] 2019-03-21 06:58:39,553: topic[/swarm_control/subswarm_id] adding connection to [/wingman], count 8
[rospy.internal][INFO] 2019-03-21 06:58:39,555: topic[/swarm_control/ap_intent] adding connection to [/simple_ground_attack], count 1
[rospy.internal][INFO] 2019-03-21 06:58:39,557: topic[/swarm_control/subswarm_id] adding connection to [/independent_transit], count 9
[rospy.internal][INFO] 2019-03-21 06:58:39,559: topic[/swarm_control/subswarm_id] adding connection to [/linear_formation], count 10
[rospy.internal][INFO] 2019-03-21 06:58:39,563: topic[/swarm_control/ap_intent] adding connection to [/wingman], count 2
[rospy.internal][INFO] 2019-03-21 06:58:39,565: topic[/swarm_control/swarm_state] adding connection to [/swarm_tracker], count 1
[rospy.internal][INFO] 2019-03-21 06:58:39,566: topic[/swarm_control/ap_intent] adding connection to [/linear_formation], count 3
[rospy.internal][INFO] 2019-03-21 06:58:39,570: topic[/swarm_control/behavior_summary] adding connection to [/network], count 0
[rospy.internal][INFO] 2019-03-21 06:58:39,571: topic[/autopilot/mode_num] adding connection to [/autopilot], count 0
[rospy.internal][INFO] 2019-03-21 06:58:39,572: topic[/autopilot/waypoint_goto] adding connection to [/autopilot], count 0
[rospy.internal][INFO] 2019-03-21 06:58:39,709: topic[/swarm_control/subswarm_id] adding connection to [/patrol_box_shooter], count 11
[rospy.internal][INFO] 2019-03-21 06:58:39,714: topic[/swarm_control/ap_intent] adding connection to [/pn_interceptor], count 4
[rospy.internal][INFO] 2019-03-21 06:58:39,760: topic[/swarm_control/subswarm_id] adding connection to [/tactic_interface], count 12
[rospy.internal][INFO] 2019-03-21 06:58:39,775: topic[/swarm_control/ap_intent] adding connection to [/patrol_box_shooter], count 5
[rospy.internal][INFO] 2019-03-21 06:58:40,494: topic[/swarm_control/ap_intent] adding connection to [/independent_transit], count 6
[rospy.internal][INFO] 2019-03-21 06:58:40,499: topic[/swarm_control/ap_intent] adding connection to [/smart_shooter], count 7
[rospy.internal][INFO] 2019-03-21 06:58:40,507: topic[/swarm_control/ap_intent] adding connection to [/patrol_box], count 8
[rospy.internal][INFO] 2019-03-21 06:58:40,513: topic[/swarm_control/swarm_behavior] adding connection to [/swarm_tracker], count 1
[rospy.internal][INFO] 2019-03-21 06:58:40,524: topic[/swarm_control/ap_intent] adding connection to [/evader], count 9
[rospy.internal][INFO] 2019-03-21 06:58:40,526: topic[/swarm_control/subswarm_id] adding connection to [/swarm_tracker], count 13
[rospy.internal][INFO] 2019-03-21 06:58:40,528: topic[/swarm_control/subswarm_id] adding connection to [/greedy_shooter], count 14
[rospy.internal][INFO] 2019-03-21 06:58:40,531: topic[/swarm_control/ap_intent] adding connection to [/tactic_interface], count 10
[rospy.internal][INFO] 2019-03-21 06:58:40,532: topic[/swarm_control/ap_intent] adding connection to [/greedy_shooter], count 11
[rospy.internal][INFO] 2019-03-21 06:58:40,536: topic[/swarm_control/ap_intent] adding connection to [/constrained_shooter], count 12
