[rospy.client][INFO] 2019-03-21 06:58:36,018: init_node, name[/tactic_interface], pid[3092]
[xmlrpc][INFO] 2019-03-21 06:58:36,041: XML-RPC server binding to 0.0.0.0:0
[xmlrpc][INFO] 2019-03-21 06:58:36,042: Started XML-RPC server [http://copter131:56239/]
[rospy.impl.masterslave][INFO] 2019-03-21 06:58:36,043: _ready: http://copter131:56239/
[rospy.init][INFO] 2019-03-21 06:58:36,053: ROS Slave URI: [http://copter131:56239/]
[rospy.registration][INFO] 2019-03-21 06:58:36,055: Registering with master node http://localhost:11311
[xmlrpc][INFO] 2019-03-21 06:58:36,055: xml rpc node: starting XML-RPC server
[rospy.registration][INFO] 2019-03-21 06:58:36,056: Registering publisher topic [/safety/payload_waypoint] type [autopilot_bridge/LLA] with master
[rospy.registration][INFO] 2019-03-21 06:58:37,248: registering subscriber topic [/autopilot/status] type [autopilot_bridge/Status] with master
[rospy.internal][INFO] 2019-03-21 06:58:37,320: topic[/safety/payload_waypoint] adding connection to [/safety], count 0
[rospy.init][INFO] 2019-03-21 06:58:37,356: registered with master
[rospy.rosout][INFO] 2019-03-21 06:58:37,356: initializing /rosout core topic
[rospy.rosout][INFO] 2019-03-21 06:58:37,364: connected to core topic /rosout
[rospy.simtime][INFO] 2019-03-21 06:58:37,377: /use_sim_time is not set, will not subscribe to simulated time [/clock] topic
[rospy.internal][INFO] 2019-03-21 06:58:37,633: topic[/rosout] adding connection to [/rosout], count 0
[rospy.internal][INFO] 2019-03-21 06:58:37,967: topic[/network/send_swarm_behavior_data] adding connection to [/network], count 0
[rospy.internal][INFO] 2019-03-21 06:58:38,068: topic[/autopilot/acs_pose] adding connection to [http://copter131:41662/], count 0
[rospy.internal][INFO] 2019-03-21 06:58:38,186: topic[/hit_tracker/hit_uavs] adding connection to [http://copter131:56750/], count 0
[rospy.internal][INFO] 2019-03-21 06:58:38,281: topic[/autopilot/waypoint_goto] adding connection to [/autopilot], count 0
[rospy.internal][INFO] 2019-03-21 06:58:38,294: topic[/network/swarm_sub_behavior] adding connection to [/network], count 0
[rospy.internal][INFO] 2019-03-21 06:58:38,297: topic[/air_to_air/firing_reports] adding connection to [/network], count 0
[rospy.internal][INFO] 2019-03-21 06:58:38,729: topic[/autopilot/status] adding connection to [http://copter131:41662/], count 0
[rospy.internal][INFO] 2019-03-21 06:58:39,318: topic[/swarm_control/behavior_status] adding connection to [/swarm_control], count 0
[rospy.internal][INFO] 2019-03-21 06:58:39,537: topic[/swarm_control/subswarm_id] adding connection to [http://copter131:57879/], count 0
[rospy.internal][INFO] 2019-03-21 06:58:40,518: topic[/swarm_control/ap_intent] adding connection to [http://copter131:57879/], count 0
