[rospy.client][INFO] 2012-12-31 16:00:16,140: init_node, name[/network], pid[2816]
[xmlrpc][INFO] 2012-12-31 16:00:16,160: XML-RPC server binding to 0.0.0.0:0
[xmlrpc][INFO] 2012-12-31 16:00:16,161: Started XML-RPC server [http://copter131:38300/]
[rospy.init][INFO] 2012-12-31 16:00:16,161: ROS Slave URI: [http://copter131:38300/]
[rospy.impl.masterslave][INFO] 2012-12-31 16:00:16,162: _ready: http://copter131:38300/
[xmlrpc][INFO] 2012-12-31 16:00:16,177: xml rpc node: starting XML-RPC server
[rospy.registration][INFO] 2012-12-31 16:00:16,180: Registering with master node http://localhost:11311
[rospy.init][INFO] 2012-12-31 16:00:16,262: registered with master
[rospy.rosout][INFO] 2012-12-31 16:00:16,263: initializing /rosout core topic
[rospy.rosout][INFO] 2012-12-31 16:00:16,291: connected to core topic /rosout
[rospy.simtime][INFO] 2012-12-31 16:00:16,324: /use_sim_time is not set, will not subscribe to simulated time [/clock] topic
[rospy.internal][INFO] 2012-12-31 16:00:16,530: topic[/rosout] adding connection to [/rosout], count 0
[rospy.internal][INFO] 2019-03-07 07:11:59,962: topic[/network/send_swarm_behavior_data] adding connection to [http://copter131:59569/], count 0
[rospy.internal][INFO] 2019-03-07 07:11:59,964: topic[/network/send_swarm_behavior_data] adding connection to [http://copter131:59569/], count 1
[rospy.internal][INFO] 2019-03-07 07:11:59,964: topic[/network/send_swarm_behavior_data] removing connection to http://copter131:59569/
[rospy.internal][INFO] 2019-03-07 07:11:59,975: topic[/network/send_swarm_behavior_data] adding connection to [http://copter131:51051/], count 1
[rospy.internal][INFO] 2019-03-07 07:12:00,117: topic[/network/recv_pose] adding connection to [/recv_pose_rate], count 0
[rospy.internal][INFO] 2019-03-07 07:12:00,136: topic[/network/recv_swarm_ctl_state] adding connection to [/swarm_tracker], count 0
[rospy.internal][INFO] 2019-03-07 07:12:00,138: topic[/network/recv_pose] adding connection to [/swarm_tracker], count 1
[rospy.internal][INFO] 2019-03-07 07:12:00,189: topic[/network/send_swarm_behavior_data] adding connection to [http://copter131:50286/], count 2
[rospy.internal][INFO] 2019-03-07 07:12:00,409: topic[/network/send_swarm_behavior_data] adding connection to [http://copter131:40048/], count 3
[rospy.internal][INFO] 2019-03-07 07:12:00,529: topic[/network/send_swarm_behavior_data] adding connection to [http://copter131:56211/], count 4
[rospy.internal][INFO] 2019-03-07 07:12:00,533: topic[/network/send_swarm_behavior_data] adding connection to [http://copter131:34519/], count 5
[rospy.internal][INFO] 2019-03-07 07:12:00,551: topic[/network/send_swarm_behavior_data] adding connection to [http://copter131:53287/], count 6
[rospy.internal][INFO] 2019-03-07 07:12:00,800: topic[/network/send_swarm_behavior_data] adding connection to [http://copter131:60944/], count 7
[rospy.internal][INFO] 2019-03-07 07:12:00,816: topic[/network/send_swarm_behavior_data] adding connection to [http://copter131:39867/], count 8
[rospy.internal][INFO] 2019-03-07 07:12:00,891: topic[/network/send_swarm_behavior_data] adding connection to [http://copter131:50956/], count 9
[rospy.internal][INFO] 2019-03-07 07:12:00,914: topic[/network/send_swarm_behavior_data] adding connection to [http://copter131:41080/], count 10
[rospy.internal][WARNING] 2019-03-07 07:12:00,977: Unknown error initiating TCP/IP socket to copter131:38827 (http://copter131:59569/): Traceback (most recent call last):
  File "/opt/ros/indigo/lib/python2.7/dist-packages/rospy/impl/tcpros_base.py", line 557, in connect
    self.read_header()
  File "/opt/ros/indigo/lib/python2.7/dist-packages/rospy/impl/tcpros_base.py", line 618, in read_header
    self._validate_header(read_ros_handshake_header(sock, self.read_buff, self.protocol.buff_size))
AttributeError: 'NoneType' object has no attribute 'buff_size'

[rospy.internal][ERROR] 2019-03-07 07:12:00,977: unable to create subscriber transport: 'NoneType' object has no attribute 'buff_size'.  Will try again in 0.5s
[rospy.internal][INFO] 2019-03-07 07:12:01,042: topic[/network/send_swarm_behavior_data] adding connection to [http://copter131:56047/], count 11
[rospy.internal][INFO] 2019-03-07 07:12:01,217: topic[/network/send_swarm_behavior_data] adding connection to [http://copter131:52632/], count 12
[rospy.internal][INFO] 2019-03-07 07:12:01,231: topic[/autopilot/acs_pose] adding connection to [http://copter131:47350/], count 0
[rospy.internal][INFO] 2019-03-07 07:12:01,340: topic[/air_to_air/firing_reports] adding connection to [http://copter131:53287/], count 0
[rospy.internal][INFO] 2019-03-07 07:12:01,561: topic[/air_to_air/firing_reports] adding connection to [http://copter131:51051/], count 1
[rospy.internal][INFO] 2019-03-07 07:12:01,680: topic[/air_to_air/firing_reports] adding connection to [http://copter131:52632/], count 2
[rospy.internal][INFO] 2019-03-07 07:12:01,684: topic[/network/swarm_sub_behavior] adding connection to [http://copter131:56047/], count 0
[rospy.internal][INFO] 2019-03-07 07:12:01,686: topic[/air_to_air/firing_reports] adding connection to [http://copter131:56047/], count 3
[rospy.internal][INFO] 2019-03-07 07:12:01,812: topic[/swarm_control/subswarm_id] adding connection to [http://copter131:38744/], count 0
[rospy.internal][INFO] 2019-03-07 07:12:01,868: topic[/air_to_air/firing_reports] adding connection to [http://copter131:56211/], count 4
[rospy.internal][INFO] 2019-03-07 07:12:01,875: topic[/swarm_control/swarm_state] adding connection to [http://copter131:38744/], count 0
[rospy.internal][INFO] 2019-03-07 07:12:01,885: topic[/swarm_control/swarm_behavior] adding connection to [http://copter131:38744/], count 0
[rospy.internal][ERROR] 2019-03-07 07:12:01,983: Traceback (most recent call last):
  File "/opt/ros/indigo/lib/python2.7/dist-packages/rospy/impl/tcpros_base.py", line 694, in receive_once
    if b.tell() >= 4:
AttributeError: 'NoneType' object has no attribute 'tell'

[rospy.internal][WARNING] 2019-03-07 07:12:01,984: Unknown error initiating TCP/IP socket to copter131:38827 (http://copter131:59569/): Traceback (most recent call last):
  File "/opt/ros/indigo/lib/python2.7/dist-packages/rospy/impl/tcpros_base.py", line 557, in connect
    self.read_header()
  File "/opt/ros/indigo/lib/python2.7/dist-packages/rospy/impl/tcpros_base.py", line 618, in read_header
    self._validate_header(read_ros_handshake_header(sock, self.read_buff, self.protocol.buff_size))
AttributeError: 'NoneType' object has no attribute 'buff_size'

[rospy.internal][INFO] 2019-03-07 07:12:01,985: topic[/network/send_swarm_behavior_data] removing connection to http://copter131:59569/
[rospy.internal][INFO] 2019-03-07 07:12:02,123: topic[/autopilot/status] adding connection to [http://copter131:47350/], count 0
[rospy.internal][INFO] 2019-03-07 07:12:02,563: topic[/air_to_air/firing_reports] adding connection to [http://copter131:40048/], count 5
[rospy.internal][INFO] 2019-03-07 07:12:02,874: topic[/swarm_control/behavior_summary] adding connection to [http://copter131:38744/], count 0
