[rospy.client][INFO] 2012-12-31 16:00:16,010: init_node, name[/safety], pid[2809]
[xmlrpc][INFO] 2012-12-31 16:00:16,011: XML-RPC server binding to 0.0.0.0:0
[rospy.init][INFO] 2012-12-31 16:00:16,013: ROS Slave URI: [http://copter131:51406/]
[xmlrpc][INFO] 2012-12-31 16:00:16,013: Started XML-RPC server [http://copter131:51406/]
[rospy.impl.masterslave][INFO] 2012-12-31 16:00:16,014: _ready: http://copter131:51406/
[xmlrpc][INFO] 2012-12-31 16:00:16,015: xml rpc node: starting XML-RPC server
[rospy.registration][INFO] 2012-12-31 16:00:16,016: Registering with master node http://localhost:11311
[rospy.init][INFO] 2012-12-31 16:00:16,114: registered with master
[rospy.rosout][INFO] 2012-12-31 16:00:16,114: initializing /rosout core topic
[rospy.rosout][INFO] 2012-12-31 16:00:16,138: connected to core topic /rosout
[rospy.simtime][INFO] 2012-12-31 16:00:16,162: /use_sim_time is not set, will not subscribe to simulated time [/clock] topic
[rospy.internal][INFO] 2012-12-31 16:00:16,418: topic[/rosout] adding connection to [/rosout], count 0
[rospy.internal][INFO] 2019-03-07 07:11:59,560: topic[/safety/payload_waypoint] adding connection to [http://copter131:60944/], count 0
[rospy.internal][INFO] 2019-03-07 07:11:59,563: topic[/safety/payload_waypoint] adding connection to [http://copter131:56047/], count 1
[rospy.internal][INFO] 2019-03-07 07:11:59,570: topic[/safety/payload_waypoint] adding connection to [http://copter131:59569/], count 2
[rospy.internal][INFO] 2019-03-07 07:11:59,657: topic[/safety/payload_waypoint] adding connection to [http://copter131:51051/], count 3
[rospy.internal][INFO] 2019-03-07 07:11:59,886: topic[/safety/payload_waypoint] adding connection to [http://copter131:50286/], count 4
[rospy.internal][INFO] 2019-03-07 07:12:00,081: topic[/safety/payload_waypoint] adding connection to [http://copter131:56211/], count 5
[rospy.internal][INFO] 2019-03-07 07:12:00,090: topic[/safety/payload_waypoint] adding connection to [http://copter131:40048/], count 6
[rospy.internal][INFO] 2019-03-07 07:12:00,116: topic[/safety/payload_waypoint] adding connection to [http://copter131:34519/], count 7
[rospy.internal][INFO] 2019-03-07 07:12:00,131: topic[/safety/payload_rate] adding connection to [http://copter131:34519/], count 0
[rospy.internal][INFO] 2019-03-07 07:12:00,326: topic[/safety/payload_waypoint] adding connection to [http://copter131:53287/], count 8
[rospy.internal][INFO] 2019-03-07 07:12:00,649: topic[/safety/payload_waypoint] adding connection to [http://copter131:39867/], count 9
[rospy.internal][INFO] 2019-03-07 07:12:00,669: topic[/safety/payload_waypoint] adding connection to [http://copter131:41080/], count 10
[rospy.internal][INFO] 2019-03-07 07:12:00,678: topic[/safety/payload_waypoint] adding connection to [http://copter131:50956/], count 11
[rospy.internal][INFO] 2019-03-07 07:12:00,752: topic[/autopilot/heartbeat_onboard] adding connection to [/autopilot], count 0
[rospy.internal][INFO] 2019-03-07 07:12:00,998: topic[/autopilot/payload_waypoint] adding connection to [/autopilot], count 0
[rospy.internal][INFO] 2019-03-07 07:12:01,148: topic[/safety/payload_waypoint] adding connection to [http://copter131:52632/], count 12
[rospy.internal][INFO] 2019-03-07 07:12:01,221: topic[/autopilot/acs_pose] adding connection to [http://copter131:47350/], count 0
[rosout][WARNING] 2019-03-07 07:12:01,291: establishing proxies for ROS /autopliot/ services
[rospy.internal][INFO] 2019-03-07 07:12:01,391: topic[/swarm_tracker/swarm_uav_states] adding connection to [http://copter131:39642/], count 0
