[rospy.client][INFO] 2019-03-07 07:11:58,763: init_node, name[/smart_shooter], pid[3081]
[xmlrpc][INFO] 2019-03-07 07:11:58,776: XML-RPC server binding to 0.0.0.0:0
[xmlrpc][INFO] 2019-03-07 07:11:58,784: Started XML-RPC server [http://copter131:51051/]
[rospy.init][INFO] 2019-03-07 07:11:58,785: ROS Slave URI: [http://copter131:51051/]
[rospy.impl.masterslave][INFO] 2019-03-07 07:11:58,786: _ready: http://copter131:51051/
[xmlrpc][INFO] 2019-03-07 07:11:58,793: xml rpc node: starting XML-RPC server
[rospy.registration][INFO] 2019-03-07 07:11:58,794: Registering with master node http://localhost:11311
[rospy.init][INFO] 2019-03-07 07:11:58,887: registered with master
[rospy.rosout][INFO] 2019-03-07 07:11:58,889: initializing /rosout core topic
[rospy.rosout][INFO] 2019-03-07 07:11:59,020: connected to core topic /rosout
[rospy.simtime][INFO] 2019-03-07 07:11:59,118: /use_sim_time is not set, will not subscribe to simulated time [/clock] topic
[rospy.internal][INFO] 2019-03-07 07:11:59,304: topic[/rosout] adding connection to [/rosout], count 0
[rospy.internal][INFO] 2019-03-07 07:11:59,659: topic[/safety/payload_waypoint] adding connection to [/safety], count 0
[rospy.internal][INFO] 2019-03-07 07:12:00,970: topic[/network/send_swarm_behavior_data] adding connection to [/network], count 0
[rospy.internal][INFO] 2019-03-07 07:12:01,373: topic[/autopilot/acs_pose] adding connection to [http://copter131:47350/], count 0
[rospy.internal][INFO] 2019-03-07 07:12:01,428: topic[/swarm_control/behavior_status] adding connection to [/swarm_control], count 0
[rospy.internal][INFO] 2019-03-07 07:12:01,489: topic[/hit_tracker/hit_uavs] adding connection to [http://copter131:55286/], count 0
[rospy.internal][INFO] 2019-03-07 07:12:01,565: topic[/air_to_air/firing_reports] adding connection to [/network], count 0
[rospy.internal][INFO] 2019-03-07 07:12:01,824: topic[/swarm_control/subswarm_id] adding connection to [http://copter131:38744/], count 0
[rospy.internal][INFO] 2019-03-07 07:12:02,151: topic[/autopilot/status] adding connection to [http://copter131:47350/], count 0
[rospy.internal][INFO] 2019-03-07 07:12:02,839: topic[/swarm_control/ap_intent] adding connection to [http://copter131:38744/], count 0
