[rospy.client][INFO] 2019-03-07 07:11:58,209: init_node, name[/swarm_landing_sequencer], pid[3054]
[xmlrpc][INFO] 2019-03-07 07:11:58,218: XML-RPC server binding to 0.0.0.0:0
[rospy.init][INFO] 2019-03-07 07:11:58,220: ROS Slave URI: [http://copter131:59569/]
[xmlrpc][INFO] 2019-03-07 07:11:58,220: Started XML-RPC server [http://copter131:59569/]
[rospy.impl.masterslave][INFO] 2019-03-07 07:11:58,221: _ready: http://copter131:59569/
[xmlrpc][INFO] 2019-03-07 07:11:58,222: xml rpc node: starting XML-RPC server
[rospy.registration][INFO] 2019-03-07 07:11:58,223: Registering with master node http://localhost:11311
[rospy.init][INFO] 2019-03-07 07:11:58,321: registered with master
[rospy.rosout][INFO] 2019-03-07 07:11:58,321: initializing /rosout core topic
[rospy.rosout][INFO] 2019-03-07 07:11:58,434: connected to core topic /rosout
[rospy.simtime][INFO] 2019-03-07 07:11:58,532: /use_sim_time is not set, will not subscribe to simulated time [/clock] topic
[rospy.internal][INFO] 2019-03-07 07:11:58,621: topic[/rosout] adding connection to [/rosout], count 0
[rospy.internal][INFO] 2019-03-07 07:11:59,579: topic[/safety/payload_waypoint] adding connection to [/safety], count 0
[rospy.internal][INFO] 2019-03-07 07:12:01,818: topic[/swarm_control/subswarm_id] adding connection to [http://copter131:38744/], count 0
[rosout][WARNING] 2019-03-07 07:12:01,984: Inbound TCP/IP connection failed: connection from sender terminated before handshake header received. 0 bytes were received. Please check sender for additional details.
[rospy.internal][ERROR] 2019-03-07 07:12:01,988: Inbound TCP/IP connection failed:
Traceback (most recent call last):
  File "/opt/ros/indigo/lib/python2.7/dist-packages/rospy/impl/tcpros_base.py", line 321, in _tcp_server_callback
    header = read_ros_handshake_header(sock, StringIO(), buff_size)
  File "/opt/ros/indigo/lib/python2.7/dist-packages/rosgraph/network.py", line 362, in read_ros_handshake_header
    raise ROSHandshakeException("connection from sender terminated before handshake header received. %s bytes were received. Please check sender for additional details."%b.tell())
ROSHandshakeException: connection from sender terminated before handshake header received. 0 bytes were received. Please check sender for additional details.

[rospy.internal][INFO] 2019-03-07 07:12:01,991: topic[/network/send_swarm_behavior_data] adding connection to [/network], count 0
[rospy.internal][INFO] 2019-03-07 07:12:01,993: topic[/swarm_control/behavior_status] adding connection to [/swarm_control], count 0
[rospy.internal][INFO] 2019-03-07 07:12:02,001: topic[/autopilot/waypoint_goto] adding connection to [/autopilot], count 0
[rosout][WARNING] 2019-03-07 07:12:02,001: Inbound TCP/IP connection failed: connection from sender terminated before handshake header received. 0 bytes were received. Please check sender for additional details.
[rospy.internal][ERROR] 2019-03-07 07:12:02,002: Inbound TCP/IP connection failed:
Traceback (most recent call last):
  File "/opt/ros/indigo/lib/python2.7/dist-packages/rospy/impl/tcpros_base.py", line 321, in _tcp_server_callback
    header = read_ros_handshake_header(sock, StringIO(), buff_size)
  File "/opt/ros/indigo/lib/python2.7/dist-packages/rosgraph/network.py", line 362, in read_ros_handshake_header
    raise ROSHandshakeException("connection from sender terminated before handshake header received. %s bytes were received. Please check sender for additional details."%b.tell())
ROSHandshakeException: connection from sender terminated before handshake header received. 0 bytes were received. Please check sender for additional details.

[rospy.internal][INFO] 2019-03-07 07:12:02,059: topic[/swarm_control/ap_intent] adding connection to [http://copter131:38744/], count 0
[rospy.internal][INFO] 2019-03-07 07:12:02,140: topic[/autopilot/status] adding connection to [http://copter131:47350/], count 0
