[rospy.client][INFO] 2019-03-07 07:11:58,670: init_node, name[/swarm_control], pid[2899]
[xmlrpc][INFO] 2019-03-07 07:11:58,671: XML-RPC server binding to 0.0.0.0:0
[rospy.init][INFO] 2019-03-07 07:11:58,673: ROS Slave URI: [http://copter131:38744/]
[xmlrpc][INFO] 2019-03-07 07:11:58,673: Started XML-RPC server [http://copter131:38744/]
[rospy.impl.masterslave][INFO] 2019-03-07 07:11:58,674: _ready: http://copter131:38744/
[xmlrpc][INFO] 2019-03-07 07:11:58,674: xml rpc node: starting XML-RPC server
[rospy.registration][INFO] 2019-03-07 07:11:58,675: Registering with master node http://localhost:11311
[rospy.init][INFO] 2019-03-07 07:11:58,774: registered with master
[rospy.rosout][INFO] 2019-03-07 07:11:58,775: initializing /rosout core topic
[rospy.rosout][INFO] 2019-03-07 07:11:59,791: connected to core topic /rosout
[rospy.simtime][INFO] 2019-03-07 07:11:59,806: /use_sim_time is not set, will not subscribe to simulated time [/clock] topic
[rospy.internal][INFO] 2019-03-07 07:12:00,045: topic[/rosout] adding connection to [/rosout], count 0
[rosout][INFO] 2019-03-07 07:12:00,359: Behavior evader successfully registered with ID 15
[rosout][INFO] 2019-03-07 07:12:00,501: Behavior simple_ground_attack successfully registered with ID 16
[rosout][INFO] 2019-03-07 07:12:00,892: Behavior pn_interceptor successfully registered with ID 5
[rosout][INFO] 2019-03-07 07:12:00,894: Behavior independent_transit successfully registered with ID 8
[rosout][INFO] 2019-03-07 07:12:00,923: Behavior patrol_box successfully registered with ID 12
[rosout][INFO] 2019-03-07 07:12:01,284: Behavior patrol_box_shooter successfully registered with ID 13
[rospy.internal][INFO] 2019-03-07 07:12:01,350: topic[/swarm_tracker/swarm_uav_states] adding connection to [http://copter131:39642/], count 0
[rospy.internal][INFO] 2019-03-07 07:12:01,418: topic[/swarm_control/behavior_status] adding connection to [http://copter131:59569/], count 0
[rospy.internal][INFO] 2019-03-07 07:12:01,420: topic[/swarm_control/behavior_status] adding connection to [http://copter131:51051/], count 1
[rospy.internal][INFO] 2019-03-07 07:12:01,427: topic[/swarm_control/behavior_status] adding connection to [http://copter131:50286/], count 2
[rospy.internal][INFO] 2019-03-07 07:12:01,430: topic[/swarm_control/behavior_status] adding connection to [http://copter131:40048/], count 3
[rospy.internal][INFO] 2019-03-07 07:12:01,433: topic[/swarm_control/behavior_status] adding connection to [http://copter131:56211/], count 4
[rospy.internal][INFO] 2019-03-07 07:12:01,443: topic[/swarm_control/behavior_status] adding connection to [http://copter131:53287/], count 5
[rospy.internal][INFO] 2019-03-07 07:12:01,457: topic[/swarm_control/behavior_status] adding connection to [http://copter131:52632/], count 6
[rospy.internal][INFO] 2019-03-07 07:12:01,460: topic[/swarm_control/behavior_status] adding connection to [http://copter131:56047/], count 7
[rospy.internal][INFO] 2019-03-07 07:12:01,460: topic[/swarm_control/behavior_status] adding connection to [http://copter131:60944/], count 8
[rospy.internal][INFO] 2019-03-07 07:12:01,461: topic[/swarm_control/behavior_status] adding connection to [http://copter131:39867/], count 9
[rospy.internal][INFO] 2019-03-07 07:12:01,467: topic[/swarm_control/behavior_status] adding connection to [http://copter131:50956/], count 10
[rospy.internal][INFO] 2019-03-07 07:12:01,468: topic[/swarm_control/behavior_status] adding connection to [http://copter131:41080/], count 11
[rospy.internal][INFO] 2019-03-07 07:12:01,471: topic[/swarm_control/behavior_status] adding connection to [http://copter131:34519/], count 12
[rosout][INFO] 2019-03-07 07:12:01,523: Behavior smart_shooter successfully registered with ID 9
[rosout][INFO] 2019-03-07 07:12:01,563: Behavior swarm_landing_sequencer successfully registered with ID 98
[rosout][INFO] 2019-03-07 07:12:01,603: Behavior tactic_interface successfully registered with ID 14
[rosout][INFO] 2019-03-07 07:12:01,632: Behavior constrained_shooter successfully registered with ID 10
[rosout][INFO] 2019-03-07 07:12:01,748: Behavior greedy_shooter successfully registered with ID 4
[rospy.internal][INFO] 2019-03-07 07:12:01,762: topic[/swarm_control/subswarm_id] adding connection to [/swarm_tracker], count 0
[rospy.internal][INFO] 2019-03-07 07:12:01,776: topic[/swarm_control/subswarm_id] adding connection to [/linear_formation], count 1
[rosout][INFO] 2019-03-07 07:12:01,787: Subswarm updated to 0
[rosout][INFO] 2019-03-07 07:12:01,790: Swarm state updated to Preflight
[rosout][INFO] 2019-03-07 07:12:01,791: Active swarm behavior updated to standby
[rospy.internal][INFO] 2019-03-07 07:12:01,798: topic[/swarm_control/subswarm_id] adding connection to [/evader], count 2
[rospy.internal][INFO] 2019-03-07 07:12:01,815: topic[/swarm_control/subswarm_id] adding connection to [/patrol_box_shooter], count 3
[rospy.internal][INFO] 2019-03-07 07:12:01,823: topic[/swarm_control/subswarm_id] adding connection to [/network], count 4
[rospy.internal][INFO] 2019-03-07 07:12:01,844: topic[/swarm_control/subswarm_id] adding connection to [/greedy_shooter], count 5
[rospy.internal][INFO] 2019-03-07 07:12:01,854: topic[/swarm_control/subswarm_id] adding connection to [/swarm_landing_sequencer], count 6
[rospy.internal][INFO] 2019-03-07 07:12:01,861: topic[/swarm_control/subswarm_id] adding connection to [/smart_shooter], count 7
[rospy.internal][INFO] 2019-03-07 07:12:01,868: topic[/swarm_control/subswarm_id] adding connection to [/wingman], count 8
[rospy.internal][INFO] 2019-03-07 07:12:01,877: topic[/swarm_control/subswarm_id] adding connection to [/tactic_interface], count 9
[rospy.internal][INFO] 2019-03-07 07:12:01,883: topic[/swarm_control/subswarm_id] adding connection to [/pn_interceptor], count 10
[rospy.internal][INFO] 2019-03-07 07:12:01,891: topic[/swarm_control/subswarm_id] adding connection to [/independent_transit], count 11
[rospy.internal][INFO] 2019-03-07 07:12:01,894: topic[/swarm_control/swarm_state] adding connection to [/swarm_tracker], count 0
[rospy.internal][INFO] 2019-03-07 07:12:01,903: topic[/swarm_control/subswarm_id] adding connection to [/patrol_box], count 12
[rospy.internal][INFO] 2019-03-07 07:12:01,908: topic[/swarm_control/swarm_behavior] adding connection to [/swarm_tracker], count 0
[rospy.internal][INFO] 2019-03-07 07:12:01,914: topic[/swarm_control/swarm_state] adding connection to [/network], count 1
[rospy.internal][INFO] 2019-03-07 07:12:01,921: topic[/swarm_control/ap_intent] adding connection to [/tactic_interface], count 0
[rospy.internal][INFO] 2019-03-07 07:12:01,927: topic[/swarm_control/swarm_behavior] adding connection to [/network], count 1
[rospy.internal][INFO] 2019-03-07 07:12:01,932: topic[/swarm_control/ap_intent] adding connection to [/greedy_shooter], count 1
[rospy.internal][INFO] 2019-03-07 07:12:01,933: topic[/swarm_control/ap_intent] adding connection to [/simple_ground_attack], count 2
[rospy.internal][INFO] 2019-03-07 07:12:01,935: topic[/swarm_control/ap_intent] adding connection to [/wingman], count 3
[rospy.internal][INFO] 2019-03-07 07:12:01,936: topic[/swarm_control/ap_intent] adding connection to [/linear_formation], count 4
[rospy.internal][INFO] 2019-03-07 07:12:01,938: topic[/swarm_control/ap_intent] adding connection to [/pn_interceptor], count 5
[rospy.internal][INFO] 2019-03-07 07:12:01,939: topic[/swarm_control/ap_intent] adding connection to [/independent_transit], count 6
[rospy.internal][INFO] 2019-03-07 07:12:02,059: topic[/swarm_control/subswarm_id] adding connection to [/constrained_shooter], count 13
[rospy.internal][INFO] 2019-03-07 07:12:02,062: topic[/swarm_control/ap_intent] adding connection to [/swarm_landing_sequencer], count 7
[rospy.internal][INFO] 2019-03-07 07:12:02,098: topic[/swarm_control/subswarm_id] adding connection to [/simple_ground_attack], count 14
[rospy.internal][INFO] 2019-03-07 07:12:02,107: topic[/swarm_control/ap_intent] adding connection to [/evader], count 8
[rospy.internal][INFO] 2019-03-07 07:12:02,171: topic[/autopilot/status] adding connection to [http://copter131:47350/], count 0
[rosout][INFO] 2019-03-07 07:12:02,423: Behavior linear_formation successfully registered with ID 1
[rospy.internal][INFO] 2019-03-07 07:12:02,484: topic[/autopilot/waypoint_goto] adding connection to [/autopilot], count 0
[rosout][INFO] 2019-03-07 07:12:02,521: Behavior wingman successfully registered with ID 11
[rospy.internal][INFO] 2019-03-07 07:12:02,840: topic[/swarm_control/ap_intent] adding connection to [/smart_shooter], count 9
[rospy.internal][INFO] 2019-03-07 07:12:02,877: topic[/swarm_control/behavior_summary] adding connection to [/network], count 0
[rospy.internal][INFO] 2019-03-07 07:12:02,892: topic[/autopilot/waypoint_goto] adding connection to [/autopilot], count 1
[rospy.internal][INFO] 2019-03-07 07:12:02,894: topic[/autopilot/waypoint_goto] removing connection to /autopilot
[rospy.internal][INFO] 2019-03-07 07:12:02,896: topic[/swarm_control/ap_intent] adding connection to [/patrol_box_shooter], count 10
[rospy.internal][INFO] 2019-03-07 07:12:02,901: topic[/autopilot/mode_num] adding connection to [/autopilot], count 0
[rospy.internal][INFO] 2019-03-07 07:12:02,905: topic[/swarm_control/ap_intent] adding connection to [/patrol_box], count 11
[rospy.internal][INFO] 2019-03-07 07:12:02,927: topic[/swarm_control/ap_intent] adding connection to [/constrained_shooter], count 12
