[rospy.client][INFO] 2012-12-31 16:00:16,966: init_node, name[/swarm_tracker], pid[2819]
[xmlrpc][INFO] 2012-12-31 16:00:16,968: XML-RPC server binding to 0.0.0.0:0
[xmlrpc][INFO] 2012-12-31 16:00:16,969: Started XML-RPC server [http://copter131:39642/]
[rospy.impl.masterslave][INFO] 2012-12-31 16:00:16,970: _ready: http://copter131:39642/
[rospy.init][INFO] 2012-12-31 16:00:16,970: ROS Slave URI: [http://copter131:39642/]
[xmlrpc][INFO] 2012-12-31 16:00:16,973: xml rpc node: starting XML-RPC server
[rospy.registration][INFO] 2012-12-31 16:00:16,974: Registering with master node http://localhost:11311
[rospy.init][INFO] 2012-12-31 16:00:17,071: registered with master
[rospy.rosout][INFO] 2012-12-31 16:00:17,072: initializing /rosout core topic
[rospy.rosout][INFO] 2012-12-31 16:00:17,129: connected to core topic /rosout
[rospy.simtime][INFO] 2012-12-31 16:00:17,175: /use_sim_time is not set, will not subscribe to simulated time [/clock] topic
[rospy.internal][INFO] 2012-12-31 16:00:17,366: topic[/rosout] adding connection to [/rosout], count 0
[rospy.internal][INFO] 2019-03-07 07:12:00,119: topic[/network/recv_swarm_ctl_state] adding connection to [http://copter131:38300/], count 0
[rospy.internal][INFO] 2019-03-07 07:12:00,126: topic[/network/recv_pose] adding connection to [http://copter131:38300/], count 0
[rospy.internal][INFO] 2019-03-07 07:12:01,258: topic[/autopilot/acs_pose] adding connection to [http://copter131:47350/], count 0
[rospy.internal][INFO] 2019-03-07 07:12:01,360: topic[/swarm_tracker/swarm_uav_states] adding connection to [/swarm_control], count 0
[rospy.internal][INFO] 2019-03-07 07:12:01,393: topic[/swarm_tracker/swarm_uav_states] adding connection to [/safety], count 1
[rospy.internal][INFO] 2019-03-07 07:12:01,757: topic[/swarm_control/subswarm_id] adding connection to [http://copter131:38744/], count 0
[rospy.internal][INFO] 2019-03-07 07:12:01,852: topic[/swarm_control/swarm_state] adding connection to [http://copter131:38744/], count 0
[rospy.internal][INFO] 2019-03-07 07:12:01,865: topic[/swarm_control/swarm_behavior] adding connection to [http://copter131:38744/], count 0
[rospy.internal][INFO] 2019-03-07 07:12:02,114: topic[/autopilot/status] adding connection to [http://copter131:47350/], count 0
[rosout][WARNING] 2019-03-07 07:13:02,645: UAV 19 possible crash: no updates for 6.000000 secs
