[rospy.client][INFO] 2019-03-07 07:11:59,470: init_node, name[/tactic_interface], pid[3000]
[xmlrpc][INFO] 2019-03-07 07:11:59,474: XML-RPC server binding to 0.0.0.0:0
[rospy.init][INFO] 2019-03-07 07:11:59,476: ROS Slave URI: [http://copter131:56047/]
[xmlrpc][INFO] 2019-03-07 07:11:59,476: Started XML-RPC server [http://copter131:56047/]
[rospy.impl.masterslave][INFO] 2019-03-07 07:11:59,477: _ready: http://copter131:56047/
[xmlrpc][INFO] 2019-03-07 07:11:59,477: xml rpc node: starting XML-RPC server
[rospy.registration][INFO] 2019-03-07 07:11:59,478: Registering with master node http://localhost:11311
[rospy.registration][INFO] 2019-03-07 07:11:59,478: Registering publisher topic [/safety/payload_waypoint] type [autopilot_bridge/LLA] with master
[rospy.registration][INFO] 2019-03-07 07:11:59,495: registering subscriber topic [/autopilot/status] type [autopilot_bridge/Status] with master
[rospy.init][INFO] 2019-03-07 07:11:59,578: registered with master
[rospy.rosout][INFO] 2019-03-07 07:11:59,579: initializing /rosout core topic
[rospy.internal][INFO] 2019-03-07 07:11:59,580: topic[/safety/payload_waypoint] adding connection to [/safety], count 0
[rospy.rosout][INFO] 2019-03-07 07:11:59,595: connected to core topic /rosout
[rospy.simtime][INFO] 2019-03-07 07:11:59,624: /use_sim_time is not set, will not subscribe to simulated time [/clock] topic
[rospy.internal][INFO] 2019-03-07 07:11:59,834: topic[/rosout] adding connection to [/rosout], count 0
[rospy.internal][INFO] 2019-03-07 07:12:01,046: topic[/network/send_swarm_behavior_data] adding connection to [/network], count 0
[rospy.internal][INFO] 2019-03-07 07:12:01,345: topic[/autopilot/acs_pose] adding connection to [http://copter131:47350/], count 0
[rospy.internal][INFO] 2019-03-07 07:12:01,467: topic[/swarm_control/behavior_status] adding connection to [/swarm_control], count 0
[rospy.internal][INFO] 2019-03-07 07:12:01,526: topic[/hit_tracker/hit_uavs] adding connection to [http://copter131:55286/], count 0
[rospy.internal][INFO] 2019-03-07 07:12:01,663: topic[/autopilot/waypoint_goto] adding connection to [/autopilot], count 0
[rospy.internal][INFO] 2019-03-07 07:12:01,687: topic[/network/swarm_sub_behavior] adding connection to [/network], count 0
[rospy.internal][INFO] 2019-03-07 07:12:01,689: topic[/air_to_air/firing_reports] adding connection to [/network], count 0
[rospy.internal][INFO] 2019-03-07 07:12:01,838: topic[/swarm_control/subswarm_id] adding connection to [http://copter131:38744/], count 0
[rospy.internal][INFO] 2019-03-07 07:12:01,879: topic[/swarm_control/ap_intent] adding connection to [http://copter131:38744/], count 0
[rospy.internal][INFO] 2019-03-07 07:12:02,145: topic[/autopilot/status] adding connection to [http://copter131:47350/], count 0
