[rospy.client][INFO] 2019-03-07 07:11:59,100: init_node, name[/wingman], pid[3199]
[xmlrpc][INFO] 2019-03-07 07:11:59,105: XML-RPC server binding to 0.0.0.0:0
[xmlrpc][INFO] 2019-03-07 07:11:59,107: Started XML-RPC server [http://copter131:40048/]
[rospy.init][INFO] 2019-03-07 07:11:59,108: ROS Slave URI: [http://copter131:40048/]
[rospy.impl.masterslave][INFO] 2019-03-07 07:11:59,108: _ready: http://copter131:40048/
[xmlrpc][INFO] 2019-03-07 07:11:59,121: xml rpc node: starting XML-RPC server
[rospy.registration][INFO] 2019-03-07 07:11:59,123: Registering with master node http://localhost:11311
[rospy.init][INFO] 2019-03-07 07:11:59,209: registered with master
[rospy.rosout][INFO] 2019-03-07 07:11:59,209: initializing /rosout core topic
[rospy.rosout][INFO] 2019-03-07 07:11:59,329: connected to core topic /rosout
[rospy.simtime][INFO] 2019-03-07 07:11:59,418: /use_sim_time is not set, will not subscribe to simulated time [/clock] topic
[rospy.internal][INFO] 2019-03-07 07:11:59,612: topic[/rosout] adding connection to [/rosout], count 0
[rospy.internal][INFO] 2019-03-07 07:12:00,098: topic[/safety/payload_waypoint] adding connection to [/safety], count 0
[rospy.internal][INFO] 2019-03-07 07:12:00,975: topic[/network/send_swarm_behavior_data] adding connection to [/network], count 0
[rospy.internal][INFO] 2019-03-07 07:12:01,432: topic[/swarm_control/behavior_status] adding connection to [/swarm_control], count 0
[rospy.internal][INFO] 2019-03-07 07:12:01,829: topic[/swarm_control/subswarm_id] adding connection to [http://copter131:38744/], count 0
[rospy.internal][INFO] 2019-03-07 07:12:01,904: topic[/swarm_control/ap_intent] adding connection to [http://copter131:38744/], count 0
[rospy.internal][INFO] 2019-03-07 07:12:02,101: topic[/autopilot/status] adding connection to [http://copter131:47350/], count 0
[rospy.internal][INFO] 2019-03-07 07:12:02,480: topic[/autopilot/acs_pose] adding connection to [http://copter131:47350/], count 0
[rospy.internal][INFO] 2019-03-07 07:12:02,515: topic[/hit_tracker/hit_uavs] adding connection to [http://copter131:55286/], count 0
[rospy.internal][INFO] 2019-03-07 07:12:02,536: topic[/autopilot/waypoint_goto] adding connection to [/autopilot], count 0
[rospy.internal][INFO] 2019-03-07 07:12:02,564: topic[/air_to_air/firing_reports] adding connection to [/network], count 0
