[rospy.client][INFO] 2019-03-07 07:48:18,647: init_node, name[/constrained_shooter], pid[3103]
[xmlrpc][INFO] 2019-03-07 07:48:18,651: XML-RPC server binding to 0.0.0.0:0
[xmlrpc][INFO] 2019-03-07 07:48:18,652: Started XML-RPC server [http://copter131:39943/]
[rospy.impl.masterslave][INFO] 2019-03-07 07:48:18,652: _ready: http://copter131:39943/
[rospy.init][INFO] 2019-03-07 07:48:18,659: ROS Slave URI: [http://copter131:39943/]
[xmlrpc][INFO] 2019-03-07 07:48:18,669: xml rpc node: starting XML-RPC server
[rospy.registration][INFO] 2019-03-07 07:48:18,671: Registering with master node http://localhost:11311
[rospy.init][INFO] 2019-03-07 07:48:18,760: registered with master
[rospy.rosout][INFO] 2019-03-07 07:48:18,760: initializing /rosout core topic
[rospy.rosout][INFO] 2019-03-07 07:48:19,771: connected to core topic /rosout
[rospy.simtime][INFO] 2019-03-07 07:48:19,782: /use_sim_time is not set, will not subscribe to simulated time [/clock] topic
[rospy.internal][INFO] 2019-03-07 07:48:19,966: topic[/safety/payload_waypoint] adding connection to [/safety], count 0
[rospy.internal][INFO] 2019-03-07 07:48:20,041: topic[/rosout] adding connection to [/rosout], count 0
[rospy.internal][INFO] 2019-03-07 07:48:20,228: topic[/network/send_swarm_behavior_data] adding connection to [/network], count 0
[rospy.internal][INFO] 2019-03-07 07:48:20,699: topic[/autopilot/status] adding connection to [http://copter131:44225/], count 0
[rospy.internal][INFO] 2019-03-07 07:48:20,703: topic[/swarm_control/behavior_status] adding connection to [/swarm_control], count 0
[rospy.internal][INFO] 2019-03-07 07:48:20,878: topic[/autopilot/acs_pose] adding connection to [http://copter131:44225/], count 0
[rospy.internal][INFO] 2019-03-07 07:48:20,880: topic[/hit_tracker/hit_uavs] adding connection to [http://copter131:60333/], count 0
[rospy.internal][INFO] 2019-03-07 07:48:20,913: topic[/air_to_air/firing_reports] adding connection to [/network], count 0
[rospy.internal][INFO] 2019-03-07 07:48:21,806: topic[/swarm_control/subswarm_id] adding connection to [http://copter131:46603/], count 0
[rospy.internal][INFO] 2019-03-07 07:48:21,877: topic[/swarm_control/ap_intent] adding connection to [http://copter131:46603/], count 0
