[rospy.client][INFO] 2019-03-07 07:48:18,825: init_node, name[/greedy_shooter], pid[3045]
[xmlrpc][INFO] 2019-03-07 07:48:18,829: XML-RPC server binding to 0.0.0.0:0
[xmlrpc][INFO] 2019-03-07 07:48:18,832: Started XML-RPC server [http://copter131:48223/]
[rospy.impl.masterslave][INFO] 2019-03-07 07:48:18,833: _ready: http://copter131:48223/
[rospy.init][INFO] 2019-03-07 07:48:18,834: ROS Slave URI: [http://copter131:48223/]
[xmlrpc][INFO] 2019-03-07 07:48:18,859: xml rpc node: starting XML-RPC server
[rospy.registration][INFO] 2019-03-07 07:48:18,859: Registering with master node http://localhost:11311
[rospy.registration][INFO] 2019-03-07 07:48:18,860: Registering publisher topic [/safety/payload_waypoint] type [autopilot_bridge/LLA] with master
[rospy.registration][INFO] 2019-03-07 07:48:18,878: registering subscriber topic [/autopilot/status] type [autopilot_bridge/Status] with master
[rospy.init][INFO] 2019-03-07 07:48:19,034: registered with master
[rospy.rosout][INFO] 2019-03-07 07:48:19,035: initializing /rosout core topic
[rospy.internal][INFO] 2019-03-07 07:48:19,063: topic[/safety/payload_waypoint] adding connection to [/safety], count 0
[rospy.rosout][INFO] 2019-03-07 07:48:19,075: connected to core topic /rosout
[rospy.simtime][INFO] 2019-03-07 07:48:19,097: /use_sim_time is not set, will not subscribe to simulated time [/clock] topic
[rospy.internal][INFO] 2019-03-07 07:48:19,321: topic[/rosout] adding connection to [/rosout], count 0
[rospy.internal][INFO] 2019-03-07 07:48:20,435: topic[/network/send_swarm_behavior_data] adding connection to [/network], count 0
[rospy.internal][INFO] 2019-03-07 07:48:20,604: topic[/autopilot/status] adding connection to [http://copter131:44225/], count 0
[rospy.internal][INFO] 2019-03-07 07:48:20,705: topic[/swarm_control/behavior_status] adding connection to [/swarm_control], count 0
[rospy.internal][INFO] 2019-03-07 07:48:20,979: topic[/autopilot/acs_pose] adding connection to [http://copter131:44225/], count 0
[rospy.internal][INFO] 2019-03-07 07:48:20,987: topic[/hit_tracker/hit_uavs] adding connection to [http://copter131:60333/], count 0
[rospy.internal][INFO] 2019-03-07 07:48:21,141: topic[/autopilot/waypoint_goto] adding connection to [/autopilot], count 0
[rospy.internal][INFO] 2019-03-07 07:48:21,176: topic[/air_to_air/firing_reports] adding connection to [/network], count 0
[rospy.internal][INFO] 2019-03-07 07:48:21,786: topic[/swarm_control/subswarm_id] adding connection to [http://copter131:46603/], count 0
[rospy.internal][INFO] 2019-03-07 07:48:21,894: topic[/swarm_control/ap_intent] adding connection to [http://copter131:46603/], count 0
