[rospy.client][INFO] 2019-03-07 07:48:19,225: init_node, name[/patrol_box_shooter], pid[3172]
[xmlrpc][INFO] 2019-03-07 07:48:19,229: XML-RPC server binding to 0.0.0.0:0
[rospy.init][INFO] 2019-03-07 07:48:19,233: ROS Slave URI: [http://copter131:46207/]
[xmlrpc][INFO] 2019-03-07 07:48:19,233: Started XML-RPC server [http://copter131:46207/]
[rospy.impl.masterslave][INFO] 2019-03-07 07:48:19,234: _ready: http://copter131:46207/
[xmlrpc][INFO] 2019-03-07 07:48:19,249: xml rpc node: starting XML-RPC server
[rospy.registration][INFO] 2019-03-07 07:48:19,255: Registering with master node http://localhost:11311
[rospy.init][INFO] 2019-03-07 07:48:19,334: registered with master
[rospy.rosout][INFO] 2019-03-07 07:48:19,334: initializing /rosout core topic
[rospy.rosout][INFO] 2019-03-07 07:48:20,336: connected to core topic /rosout
[rospy.simtime][INFO] 2019-03-07 07:48:20,340: /use_sim_time is not set, will not subscribe to simulated time [/clock] topic
[rospy.internal][INFO] 2019-03-07 07:48:20,544: topic[/safety/payload_waypoint] adding connection to [/safety], count 0
[rospy.internal][INFO] 2019-03-07 07:48:20,567: topic[/rosout] adding connection to [/rosout], count 0
[rospy.internal][INFO] 2019-03-07 07:48:20,697: topic[/autopilot/status] adding connection to [http://copter131:44225/], count 0
[rospy.internal][INFO] 2019-03-07 07:48:20,722: topic[/swarm_control/behavior_status] adding connection to [/swarm_control], count 0
[rospy.internal][INFO] 2019-03-07 07:48:20,793: topic[/network/send_swarm_behavior_data] adding connection to [/network], count 0
[rospy.internal][INFO] 2019-03-07 07:48:20,854: topic[/autopilot/acs_pose] adding connection to [http://copter131:44225/], count 0
[rospy.internal][INFO] 2019-03-07 07:48:20,925: topic[/hit_tracker/hit_uavs] adding connection to [http://copter131:60333/], count 0
[rospy.internal][INFO] 2019-03-07 07:48:21,030: topic[/air_to_air/firing_reports] adding connection to [/network], count 0
[rospy.internal][INFO] 2019-03-07 07:48:21,805: topic[/swarm_control/subswarm_id] adding connection to [http://copter131:46603/], count 0
[rospy.internal][INFO] 2019-03-07 07:48:21,907: topic[/swarm_control/ap_intent] adding connection to [http://copter131:46603/], count 0
