[rospy.client][INFO] 2012-12-31 16:00:16,347: init_node, name[/safety], pid[2806]
[xmlrpc][INFO] 2012-12-31 16:00:16,365: XML-RPC server binding to 0.0.0.0:0
[xmlrpc][INFO] 2012-12-31 16:00:16,366: Started XML-RPC server [http://copter131:57539/]
[rospy.init][INFO] 2012-12-31 16:00:16,366: ROS Slave URI: [http://copter131:57539/]
[rospy.impl.masterslave][INFO] 2012-12-31 16:00:16,367: _ready: http://copter131:57539/
[xmlrpc][INFO] 2012-12-31 16:00:16,381: xml rpc node: starting XML-RPC server
[rospy.registration][INFO] 2012-12-31 16:00:16,384: Registering with master node http://localhost:11311
[rospy.init][INFO] 2012-12-31 16:00:16,468: registered with master
[rospy.rosout][INFO] 2012-12-31 16:00:16,469: initializing /rosout core topic
[rospy.rosout][INFO] 2012-12-31 16:00:16,491: connected to core topic /rosout
[rospy.simtime][INFO] 2012-12-31 16:00:16,517: /use_sim_time is not set, will not subscribe to simulated time [/clock] topic
[rospy.internal][INFO] 2012-12-31 16:00:16,745: topic[/rosout] adding connection to [/rosout], count 0
[rospy.internal][INFO] 2019-03-07 07:48:18,954: topic[/safety/payload_waypoint] adding connection to [http://copter131:48223/], count 0
[rospy.internal][INFO] 2019-03-07 07:48:19,255: topic[/safety/payload_waypoint] adding connection to [http://copter131:35363/], count 1
[rospy.internal][INFO] 2019-03-07 07:48:19,375: topic[/safety/payload_waypoint] adding connection to [http://copter131:35896/], count 2
[rospy.internal][INFO] 2019-03-07 07:48:19,389: topic[/safety/payload_waypoint] adding connection to [http://copter131:38729/], count 3
[rospy.internal][INFO] 2019-03-07 07:48:19,393: topic[/safety/payload_waypoint] adding connection to [http://copter131:44342/], count 4
[rospy.internal][INFO] 2019-03-07 07:48:19,395: topic[/safety/payload_rate] adding connection to [http://copter131:35896/], count 0
[rospy.internal][INFO] 2019-03-07 07:48:19,470: topic[/safety/payload_waypoint] adding connection to [http://copter131:50488/], count 5
[rospy.internal][INFO] 2019-03-07 07:48:19,473: topic[/safety/payload_waypoint] adding connection to [http://copter131:42573/], count 6
[rospy.internal][INFO] 2019-03-07 07:48:19,795: topic[/safety/payload_waypoint] adding connection to [http://copter131:54839/], count 7
[rospy.internal][INFO] 2019-03-07 07:48:19,796: topic[/safety/payload_waypoint] adding connection to [http://copter131:43744/], count 8
[rospy.internal][INFO] 2019-03-07 07:48:19,963: topic[/safety/payload_waypoint] adding connection to [http://copter131:39943/], count 9
[rospy.internal][INFO] 2019-03-07 07:48:19,963: topic[/safety/payload_waypoint] adding connection to [http://copter131:44736/], count 9
[rospy.internal][INFO] 2019-03-07 07:48:20,350: topic[/autopilot/heartbeat_onboard] adding connection to [/autopilot], count 0
[rospy.internal][INFO] 2019-03-07 07:48:20,354: topic[/autopilot/payload_waypoint] adding connection to [/autopilot], count 0
[rospy.internal][INFO] 2019-03-07 07:48:20,499: topic[/autopilot/acs_pose] adding connection to [http://copter131:44225/], count 0
[rospy.internal][INFO] 2019-03-07 07:48:20,538: topic[/safety/payload_waypoint] adding connection to [http://copter131:46207/], count 11
[rosout][WARNING] 2019-03-07 07:48:20,615: establishing proxies for ROS /autopliot/ services
[rospy.internal][INFO] 2019-03-07 07:48:20,924: topic[/swarm_tracker/swarm_uav_states] adding connection to [http://copter131:35710/], count 0
[rospy.internal][INFO] 2019-03-07 07:48:20,926: topic[/safety/payload_waypoint] adding connection to [http://copter131:45105/], count 12
