[rospy.client][INFO] 2019-03-07 07:48:18,533: init_node, name[/smart_shooter], pid[3081]
[xmlrpc][INFO] 2019-03-07 07:48:18,534: XML-RPC server binding to 0.0.0.0:0
[rospy.init][INFO] 2019-03-07 07:48:18,537: ROS Slave URI: [http://copter131:54839/]
[xmlrpc][INFO] 2019-03-07 07:48:18,537: Started XML-RPC server [http://copter131:54839/]
[rospy.impl.masterslave][INFO] 2019-03-07 07:48:18,538: _ready: http://copter131:54839/
[xmlrpc][INFO] 2019-03-07 07:48:18,538: xml rpc node: starting XML-RPC server
[rospy.registration][INFO] 2019-03-07 07:48:18,540: Registering with master node http://localhost:11311
[rospy.init][INFO] 2019-03-07 07:48:18,638: registered with master
[rospy.rosout][INFO] 2019-03-07 07:48:18,638: initializing /rosout core topic
[rospy.rosout][INFO] 2019-03-07 07:48:19,651: connected to core topic /rosout
[rospy.simtime][INFO] 2019-03-07 07:48:19,666: /use_sim_time is not set, will not subscribe to simulated time [/clock] topic
[rospy.internal][INFO] 2019-03-07 07:48:19,797: topic[/safety/payload_waypoint] adding connection to [/safety], count 0
[rospy.internal][INFO] 2019-03-07 07:48:19,832: topic[/rosout] adding connection to [/rosout], count 0
[rospy.internal][INFO] 2019-03-07 07:48:20,219: topic[/network/send_swarm_behavior_data] adding connection to [/network], count 0
[rospy.internal][INFO] 2019-03-07 07:48:20,668: topic[/autopilot/status] adding connection to [http://copter131:44225/], count 0
[rospy.internal][INFO] 2019-03-07 07:48:20,685: topic[/swarm_control/behavior_status] adding connection to [/swarm_control], count 0
[rospy.internal][INFO] 2019-03-07 07:48:20,772: topic[/autopilot/acs_pose] adding connection to [http://copter131:44225/], count 0
[rospy.internal][INFO] 2019-03-07 07:48:20,840: topic[/hit_tracker/hit_uavs] adding connection to [http://copter131:60333/], count 0
[rospy.internal][INFO] 2019-03-07 07:48:20,909: topic[/air_to_air/firing_reports] adding connection to [/network], count 0
[rospy.internal][INFO] 2019-03-07 07:48:21,843: topic[/swarm_control/subswarm_id] adding connection to [http://copter131:46603/], count 0
[rospy.internal][INFO] 2019-03-07 07:48:22,852: topic[/swarm_control/ap_intent] adding connection to [http://copter131:46603/], count 0
