[rospy.client][INFO] 2012-12-31 16:00:17,146: init_node, name[/swarm_tracker], pid[2814]
[xmlrpc][INFO] 2012-12-31 16:00:17,148: XML-RPC server binding to 0.0.0.0:0
[rospy.init][INFO] 2012-12-31 16:00:17,150: ROS Slave URI: [http://copter131:35710/]
[xmlrpc][INFO] 2012-12-31 16:00:17,150: Started XML-RPC server [http://copter131:35710/]
[rospy.impl.masterslave][INFO] 2012-12-31 16:00:17,150: _ready: http://copter131:35710/
[xmlrpc][INFO] 2012-12-31 16:00:17,151: xml rpc node: starting XML-RPC server
[rospy.registration][INFO] 2012-12-31 16:00:17,152: Registering with master node http://localhost:11311
[rospy.init][INFO] 2012-12-31 16:00:17,250: registered with master
[rospy.rosout][INFO] 2012-12-31 16:00:17,251: initializing /rosout core topic
[rospy.rosout][INFO] 2012-12-31 16:00:17,327: connected to core topic /rosout
[rospy.simtime][INFO] 2012-12-31 16:00:17,413: /use_sim_time is not set, will not subscribe to simulated time [/clock] topic
[rospy.internal][INFO] 2012-12-31 16:00:17,530: topic[/rosout] adding connection to [/rosout], count 0
[rospy.internal][INFO] 2019-03-07 07:48:20,535: topic[/autopilot/acs_pose] adding connection to [http://copter131:44225/], count 0
[rospy.internal][INFO] 2019-03-07 07:48:20,549: topic[/swarm_tracker/swarm_uav_states] adding connection to [/swarm_control], count 0
[rospy.internal][INFO] 2019-03-07 07:48:20,664: topic[/autopilot/status] adding connection to [http://copter131:44225/], count 0
[rospy.internal][INFO] 2019-03-07 07:48:20,927: topic[/swarm_tracker/swarm_uav_states] adding connection to [/safety], count 1
[rosout][WARNING] 2019-03-07 07:48:20,996: UAV 131 possible crash: no updates for 6.000000 secs
[rosout][INFO] 2019-03-07 07:48:21,009: Received update to own UAV 131
[rospy.internal][INFO] 2019-03-07 07:48:21,780: topic[/swarm_control/subswarm_id] adding connection to [http://copter131:46603/], count 0
[rospy.internal][INFO] 2019-03-07 07:48:21,819: topic[/swarm_control/swarm_state] adding connection to [http://copter131:46603/], count 0
[rospy.internal][INFO] 2019-03-07 07:48:22,042: topic[/swarm_control/swarm_behavior] adding connection to [http://copter131:46603/], count 0
