[rospy.client][INFO] 2012-12-31 16:00:17,378: init_node, name[/task_runner], pid[2852]
[xmlrpc][INFO] 2012-12-31 16:00:17,393: XML-RPC server binding to 0.0.0.0:0
[xmlrpc][INFO] 2012-12-31 16:00:17,405: Started XML-RPC server [http://copter131:50040/]
[rospy.impl.masterslave][INFO] 2012-12-31 16:00:17,406: _ready: http://copter131:50040/
[rospy.init][INFO] 2012-12-31 16:00:17,412: ROS Slave URI: [http://copter131:50040/]
[rospy.registration][INFO] 2012-12-31 16:00:17,416: Registering with master node http://localhost:11311
[xmlrpc][INFO] 2012-12-31 16:00:17,417: xml rpc node: starting XML-RPC server
[rospy.init][INFO] 2012-12-31 16:00:17,513: registered with master
[rospy.rosout][INFO] 2012-12-31 16:00:17,514: initializing /rosout core topic
[rospy.rosout][INFO] 2012-12-31 16:00:17,580: connected to core topic /rosout
[rospy.simtime][INFO] 2019-03-07 07:48:16,695: /use_sim_time is not set, will not subscribe to simulated time [/clock] topic
[rospy.internal][INFO] 2019-03-07 07:48:16,949: topic[/rosout] adding connection to [/rosout], count 0
[rosout][INFO] 2019-03-07 07:48:18,506: Task Runner: Starting Event 'on_start'
[rosout][INFO] 2019-03-07 07:48:18,692: Task Runner: Event 'on_start' Task 'Tx Power' Time 0.2s: Succeeded
[rosout][INFO] 2019-03-07 07:48:18,694: Task Runner: Completed Event 'on_start'
[rospy.internal][INFO] 2019-03-07 07:48:20,599: topic[/autopilot/status] adding connection to [http://copter131:44225/], count 0
[rosout][INFO] 2019-03-07 07:48:20,955: Task Runner: Starting Event 'on_status'
[rosout][INFO] 2019-03-07 07:48:21,194: Task Runner: Event 'on_status' Task 'AP Set ID' Time 0.2s: Succeeded
[rosout][INFO] 2019-03-07 07:48:21,195: Task Runner: Completed Event 'on_status'
[rosout][INFO] 2019-03-07 07:50:31,977: Task Runner: Starting Event 'on_arm'
[rosout][INFO] 2019-03-07 07:50:31,979: Task Runner: Completed Event 'on_arm'
