[rospy.client][INFO] 2019-03-07 07:48:18,748: init_node, name[/wingman], pid[3122]
[xmlrpc][INFO] 2019-03-07 07:48:18,750: XML-RPC server binding to 0.0.0.0:0
[rospy.init][INFO] 2019-03-07 07:48:18,752: ROS Slave URI: [http://copter131:38729/]
[xmlrpc][INFO] 2019-03-07 07:48:18,751: Started XML-RPC server [http://copter131:38729/]
[rospy.impl.masterslave][INFO] 2019-03-07 07:48:18,752: _ready: http://copter131:38729/
[xmlrpc][INFO] 2019-03-07 07:48:18,755: xml rpc node: starting XML-RPC server
[rospy.registration][INFO] 2019-03-07 07:48:18,757: Registering with master node http://localhost:11311
[rospy.init][INFO] 2019-03-07 07:48:18,852: registered with master
[rospy.rosout][INFO] 2019-03-07 07:48:18,853: initializing /rosout core topic
[rospy.rosout][INFO] 2019-03-07 07:48:18,875: connected to core topic /rosout
[rospy.simtime][INFO] 2019-03-07 07:48:18,957: /use_sim_time is not set, will not subscribe to simulated time [/clock] topic
[rospy.internal][INFO] 2019-03-07 07:48:19,091: topic[/rosout] adding connection to [/rosout], count 0
[rospy.internal][INFO] 2019-03-07 07:48:19,392: topic[/safety/payload_waypoint] adding connection to [/safety], count 0
[rospy.internal][INFO] 2019-03-07 07:48:20,191: topic[/network/send_swarm_behavior_data] adding connection to [/network], count 0
[rospy.internal][INFO] 2019-03-07 07:48:20,631: topic[/autopilot/status] adding connection to [http://copter131:44225/], count 0
[rospy.internal][INFO] 2019-03-07 07:48:20,650: topic[/swarm_control/behavior_status] adding connection to [/swarm_control], count 0
[rospy.internal][INFO] 2019-03-07 07:48:20,790: topic[/autopilot/acs_pose] adding connection to [http://copter131:44225/], count 0
[rospy.internal][INFO] 2019-03-07 07:48:20,863: topic[/hit_tracker/hit_uavs] adding connection to [http://copter131:60333/], count 0
[rospy.internal][INFO] 2019-03-07 07:48:20,918: topic[/air_to_air/firing_reports] adding connection to [/network], count 0
[rospy.internal][INFO] 2019-03-07 07:48:20,925: topic[/autopilot/waypoint_goto] adding connection to [/autopilot], count 0
[rospy.internal][INFO] 2019-03-07 07:48:21,792: topic[/swarm_control/subswarm_id] adding connection to [http://copter131:46603/], count 0
[rospy.internal][INFO] 2019-03-07 07:48:22,842: topic[/swarm_control/ap_intent] adding connection to [http://copter131:46603/], count 0
