[rospy.client][INFO] 2019-03-28 07:19:25,010: init_node, name[/greedy_shooter], pid[3054]
[xmlrpc][INFO] 2019-03-28 07:19:25,011: XML-RPC server binding to 0.0.0.0:0
[xmlrpc][INFO] 2019-03-28 07:19:25,012: Started XML-RPC server [http://copter131:41106/]
[rospy.init][INFO] 2019-03-28 07:19:25,012: ROS Slave URI: [http://copter131:41106/]
[rospy.impl.masterslave][INFO] 2019-03-28 07:19:25,012: _ready: http://copter131:41106/
[rospy.registration][INFO] 2019-03-28 07:19:25,013: Registering with master node http://localhost:11311
[xmlrpc][INFO] 2019-03-28 07:19:25,014: xml rpc node: starting XML-RPC server
[rospy.registration][INFO] 2019-03-28 07:19:25,014: Registering publisher topic [/safety/payload_waypoint] type [autopilot_bridge/LLA] with master
[rospy.registration][INFO] 2019-03-28 07:19:25,023: registering subscriber topic [/autopilot/status] type [autopilot_bridge/Status] with master
[rospy.internal][INFO] 2019-03-28 07:19:25,111: topic[/safety/payload_waypoint] adding connection to [/safety], count 0
[rospy.init][INFO] 2019-03-28 07:19:25,113: registered with master
[rospy.rosout][INFO] 2019-03-28 07:19:25,113: initializing /rosout core topic
[rospy.rosout][INFO] 2019-03-28 07:19:25,119: connected to core topic /rosout
[rospy.simtime][INFO] 2019-03-28 07:19:25,122: /use_sim_time is not set, will not subscribe to simulated time [/clock] topic
[rospy.internal][INFO] 2019-03-28 07:19:25,323: topic[/network/send_swarm_behavior_data] adding connection to [/network], count 0
[rospy.internal][INFO] 2019-03-28 07:19:25,377: topic[/rosout] adding connection to [/rosout], count 0
[rospy.internal][INFO] 2019-03-28 07:19:26,186: topic[/autopilot/acs_pose] adding connection to [http://copter131:47807/], count 0
[rospy.internal][INFO] 2019-03-28 07:19:26,187: topic[/hit_tracker/hit_uavs] adding connection to [http://copter131:41924/], count 0
[rospy.internal][INFO] 2019-03-28 07:19:26,257: topic[/swarm_control/behavior_status] adding connection to [/swarm_control], count 0
[rospy.internal][INFO] 2019-03-28 07:19:26,356: topic[/air_to_air/firing_reports] adding connection to [/network], count 0
[rospy.internal][INFO] 2019-03-28 07:19:26,371: topic[/autopilot/waypoint_goto] adding connection to [/autopilot], count 0
[rospy.internal][INFO] 2019-03-28 07:19:26,726: topic[/swarm_control/ap_intent] adding connection to [http://copter131:46378/], count 0
[rospy.internal][INFO] 2019-03-28 07:19:26,748: topic[/swarm_control/subswarm_id] adding connection to [http://copter131:46378/], count 0
[rospy.internal][INFO] 2019-03-28 07:19:27,024: topic[/autopilot/status] adding connection to [http://copter131:47807/], count 0
