[rospy.client][INFO] 2012-12-31 16:00:19,227: init_node, name[/independent_transit], pid[2912]
[xmlrpc][INFO] 2012-12-31 16:00:19,232: XML-RPC server binding to 0.0.0.0:0
[rospy.init][INFO] 2012-12-31 16:00:19,236: ROS Slave URI: [http://copter131:41852/]
[xmlrpc][INFO] 2012-12-31 16:00:19,236: Started XML-RPC server [http://copter131:41852/]
[rospy.impl.masterslave][INFO] 2012-12-31 16:00:19,237: _ready: http://copter131:41852/
[xmlrpc][INFO] 2012-12-31 16:00:19,239: xml rpc node: starting XML-RPC server
[rospy.registration][INFO] 2012-12-31 16:00:19,242: Registering with master node http://localhost:11311
[rospy.init][INFO] 2012-12-31 16:00:19,337: registered with master
[rospy.rosout][INFO] 2012-12-31 16:00:19,338: initializing /rosout core topic
[rospy.rosout][INFO] 2019-03-28 07:19:22,859: connected to core topic /rosout
[rospy.simtime][INFO] 2019-03-28 07:19:22,966: /use_sim_time is not set, will not subscribe to simulated time [/clock] topic
[rospy.internal][INFO] 2019-03-28 07:19:23,007: topic[/rosout] adding connection to [/rosout], count 0
[rospy.internal][INFO] 2019-03-28 07:19:24,346: topic[/safety/payload_waypoint] adding connection to [/safety], count 0
[rosout][WARNING] 2019-03-28 07:19:25,356: Inbound TCP/IP connection failed: connection from sender terminated before handshake header received. 0 bytes were received. Please check sender for additional details.
[rospy.internal][ERROR] 2019-03-28 07:19:25,359: Inbound TCP/IP connection failed:
Traceback (most recent call last):
  File "/opt/ros/indigo/lib/python2.7/dist-packages/rospy/impl/tcpros_base.py", line 321, in _tcp_server_callback
    header = read_ros_handshake_header(sock, StringIO(), buff_size)
  File "/opt/ros/indigo/lib/python2.7/dist-packages/rosgraph/network.py", line 362, in read_ros_handshake_header
    raise ROSHandshakeException("connection from sender terminated before handshake header received. %s bytes were received. Please check sender for additional details."%b.tell())
ROSHandshakeException: connection from sender terminated before handshake header received. 0 bytes were received. Please check sender for additional details.

[rospy.internal][INFO] 2019-03-28 07:19:25,361: topic[/network/send_swarm_behavior_data] adding connection to [/network], count 0
[rosout][WARNING] 2019-03-28 07:19:25,361: Inbound TCP/IP connection failed: connection from sender terminated before handshake header received. 0 bytes were received. Please check sender for additional details.
[rospy.internal][ERROR] 2019-03-28 07:19:25,362: Inbound TCP/IP connection failed:
Traceback (most recent call last):
  File "/opt/ros/indigo/lib/python2.7/dist-packages/rospy/impl/tcpros_base.py", line 321, in _tcp_server_callback
    header = read_ros_handshake_header(sock, StringIO(), buff_size)
  File "/opt/ros/indigo/lib/python2.7/dist-packages/rosgraph/network.py", line 362, in read_ros_handshake_header
    raise ROSHandshakeException("connection from sender terminated before handshake header received. %s bytes were received. Please check sender for additional details."%b.tell())
ROSHandshakeException: connection from sender terminated before handshake header received. 0 bytes were received. Please check sender for additional details.

[rospy.internal][INFO] 2019-03-28 07:19:26,240: topic[/swarm_control/behavior_status] adding connection to [/swarm_control], count 0
[rospy.internal][INFO] 2019-03-28 07:19:26,485: topic[/swarm_control/subswarm_id] adding connection to [http://copter131:46378/], count 0
[rospy.internal][INFO] 2019-03-28 07:19:26,645: topic[/swarm_control/ap_intent] adding connection to [http://copter131:46378/], count 0
[rospy.internal][INFO] 2019-03-28 07:19:26,689: topic[/autopilot/status] adding connection to [http://copter131:47807/], count 0
