[rospy.client][INFO] 2019-03-28 07:19:23,699: init_node, name[/smart_shooter], pid[3078]
[xmlrpc][INFO] 2019-03-28 07:19:23,727: XML-RPC server binding to 0.0.0.0:0
[rospy.init][INFO] 2019-03-28 07:19:23,729: ROS Slave URI: [http://copter131:45678/]
[xmlrpc][INFO] 2019-03-28 07:19:23,729: Started XML-RPC server [http://copter131:45678/]
[rospy.impl.masterslave][INFO] 2019-03-28 07:19:23,730: _ready: http://copter131:45678/
[xmlrpc][INFO] 2019-03-28 07:19:23,735: xml rpc node: starting XML-RPC server
[rospy.registration][INFO] 2019-03-28 07:19:23,737: Registering with master node http://localhost:11311
[rospy.init][INFO] 2019-03-28 07:19:23,830: registered with master
[rospy.rosout][INFO] 2019-03-28 07:19:23,830: initializing /rosout core topic
[rospy.rosout][INFO] 2019-03-28 07:19:23,943: connected to core topic /rosout
[rospy.simtime][INFO] 2019-03-28 07:19:24,057: /use_sim_time is not set, will not subscribe to simulated time [/clock] topic
[rospy.internal][INFO] 2019-03-28 07:19:24,211: topic[/rosout] adding connection to [/rosout], count 0
[rospy.internal][INFO] 2019-03-28 07:19:24,464: topic[/safety/payload_waypoint] adding connection to [/safety], count 0
[rospy.internal][INFO] 2019-03-28 07:19:24,896: topic[/network/send_swarm_behavior_data] adding connection to [/network], count 0
[rospy.internal][INFO] 2019-03-28 07:19:26,243: topic[/swarm_control/behavior_status] adding connection to [/swarm_control], count 0
[rospy.internal][INFO] 2019-03-28 07:19:26,366: topic[/autopilot/acs_pose] adding connection to [http://copter131:47807/], count 0
[rospy.internal][INFO] 2019-03-28 07:19:26,384: topic[/hit_tracker/hit_uavs] adding connection to [http://copter131:41924/], count 0
[rospy.internal][INFO] 2019-03-28 07:19:26,478: topic[/air_to_air/firing_reports] adding connection to [/network], count 0
[rospy.internal][INFO] 2019-03-28 07:19:26,520: topic[/swarm_control/subswarm_id] adding connection to [http://copter131:46378/], count 0
[rospy.internal][INFO] 2019-03-28 07:19:26,703: topic[/autopilot/status] adding connection to [http://copter131:47807/], count 0
[rospy.internal][INFO] 2019-03-28 07:19:26,707: topic[/swarm_control/ap_intent] adding connection to [http://copter131:46378/], count 0
