[rospy.client][INFO] 2019-03-28 07:19:24,116: init_node, name[/wingman], pid[3112]
[xmlrpc][INFO] 2019-03-28 07:19:24,117: XML-RPC server binding to 0.0.0.0:0
[rospy.init][INFO] 2019-03-28 07:19:24,119: ROS Slave URI: [http://copter131:52089/]
[xmlrpc][INFO] 2019-03-28 07:19:24,119: Started XML-RPC server [http://copter131:52089/]
[rospy.impl.masterslave][INFO] 2019-03-28 07:19:24,120: _ready: http://copter131:52089/
[xmlrpc][INFO] 2019-03-28 07:19:24,121: xml rpc node: starting XML-RPC server
[rospy.registration][INFO] 2019-03-28 07:19:24,122: Registering with master node http://localhost:11311
[rospy.init][INFO] 2019-03-28 07:19:24,220: registered with master
[rospy.rosout][INFO] 2019-03-28 07:19:24,221: initializing /rosout core topic
[rospy.rosout][INFO] 2019-03-28 07:19:24,240: connected to core topic /rosout
[rospy.simtime][INFO] 2019-03-28 07:19:24,251: /use_sim_time is not set, will not subscribe to simulated time [/clock] topic
[rospy.internal][INFO] 2019-03-28 07:19:24,421: topic[/rosout] adding connection to [/rosout], count 0
[rospy.internal][INFO] 2019-03-28 07:19:25,431: topic[/safety/payload_waypoint] adding connection to [/safety], count 0
[rospy.internal][INFO] 2019-03-28 07:19:25,502: topic[/network/send_swarm_behavior_data] adding connection to [/network], count 0
[rospy.internal][INFO] 2019-03-28 07:19:26,261: topic[/swarm_control/behavior_status] adding connection to [/swarm_control], count 0
[rospy.internal][INFO] 2019-03-28 07:19:26,451: topic[/autopilot/acs_pose] adding connection to [http://copter131:47807/], count 0
[rospy.internal][INFO] 2019-03-28 07:19:26,561: topic[/swarm_control/subswarm_id] adding connection to [http://copter131:46378/], count 0
[rospy.internal][INFO] 2019-03-28 07:19:26,729: topic[/swarm_control/ap_intent] adding connection to [http://copter131:46378/], count 0
[rospy.internal][INFO] 2019-03-28 07:19:26,790: topic[/hit_tracker/hit_uavs] adding connection to [http://copter131:41924/], count 0
[rospy.internal][INFO] 2019-03-28 07:19:26,853: topic[/air_to_air/firing_reports] adding connection to [/network], count 0
[rospy.internal][INFO] 2019-03-28 07:19:26,868: topic[/autopilot/waypoint_goto] adding connection to [/autopilot], count 0
[rospy.internal][INFO] 2019-03-28 07:19:27,718: topic[/autopilot/status] adding connection to [http://copter131:47807/], count 0
