[rospy.client][INFO] 2019-03-05 08:17:37,560: init_node, name[/patrol_box_shooter], pid[3167]
[xmlrpc][INFO] 2019-03-05 08:17:37,562: XML-RPC server binding to 0.0.0.0:0
[xmlrpc][INFO] 2019-03-05 08:17:37,563: Started XML-RPC server [http://copter131:50526/]
[rospy.init][INFO] 2019-03-05 08:17:37,563: ROS Slave URI: [http://copter131:50526/]
[rospy.impl.masterslave][INFO] 2019-03-05 08:17:37,565: _ready: http://copter131:50526/
[xmlrpc][INFO] 2019-03-05 08:17:37,567: xml rpc node: starting XML-RPC server
[rospy.registration][INFO] 2019-03-05 08:17:37,569: Registering with master node http://localhost:11311
[rospy.init][INFO] 2019-03-05 08:17:37,665: registered with master
[rospy.rosout][INFO] 2019-03-05 08:17:37,666: initializing /rosout core topic
[rospy.rosout][INFO] 2019-03-05 08:17:37,680: connected to core topic /rosout
[rospy.simtime][INFO] 2019-03-05 08:17:37,690: /use_sim_time is not set, will not subscribe to simulated time [/clock] topic
[rospy.internal][INFO] 2019-03-05 08:17:37,843: topic[/rosout] adding connection to [/rosout], count 0
[rospy.internal][INFO] 2019-03-05 08:17:38,076: topic[/safety/payload_waypoint] adding connection to [/safety], count 0
[rospy.internal][INFO] 2019-03-05 08:17:38,197: topic[/network/send_swarm_behavior_data] adding connection to [/network], count 0
[rospy.internal][INFO] 2019-03-05 08:17:38,503: topic[/autopilot/acs_pose] adding connection to [http://copter131:60703/], count 0
[rospy.internal][INFO] 2019-03-05 08:17:38,568: topic[/hit_tracker/hit_uavs] adding connection to [http://copter131:44833/], count 0
[rospy.internal][INFO] 2019-03-05 08:17:38,662: topic[/air_to_air/firing_reports] adding connection to [/network], count 0
[rospy.internal][INFO] 2019-03-05 08:17:39,436: topic[/swarm_control/behavior_status] adding connection to [/swarm_control], count 0
[rospy.internal][INFO] 2019-03-05 08:17:39,571: topic[/swarm_control/subswarm_id] adding connection to [http://copter131:50251/], count 0
[rospy.internal][INFO] 2019-03-05 08:17:39,661: topic[/swarm_control/ap_intent] adding connection to [http://copter131:50251/], count 0
[rospy.internal][INFO] 2019-03-05 08:17:40,051: topic[/autopilot/status] adding connection to [http://copter131:60703/], count 0
