[rospy.client][INFO] 2012-12-31 16:00:19,882: init_node, name[/safety], pid[2833]
[xmlrpc][INFO] 2012-12-31 16:00:19,895: XML-RPC server binding to 0.0.0.0:0
[xmlrpc][INFO] 2012-12-31 16:00:19,896: Started XML-RPC server [http://copter131:41580/]
[rospy.init][INFO] 2012-12-31 16:00:19,896: ROS Slave URI: [http://copter131:41580/]
[rospy.impl.masterslave][INFO] 2012-12-31 16:00:19,903: _ready: http://copter131:41580/
[rospy.registration][INFO] 2012-12-31 16:00:19,912: Registering with master node http://localhost:11311
[xmlrpc][INFO] 2012-12-31 16:00:19,913: xml rpc node: starting XML-RPC server
[rospy.init][INFO] 2012-12-31 16:00:20,004: registered with master
[rospy.rosout][INFO] 2012-12-31 16:00:20,005: initializing /rosout core topic
[rospy.rosout][INFO] 2012-12-31 16:00:20,033: connected to core topic /rosout
[rospy.simtime][INFO] 2012-12-31 16:00:20,063: /use_sim_time is not set, will not subscribe to simulated time [/clock] topic
[rospy.internal][INFO] 2012-12-31 16:00:20,270: topic[/rosout] adding connection to [/rosout], count 0
[rospy.internal][INFO] 2019-03-05 08:17:37,061: topic[/safety/payload_waypoint] adding connection to [http://copter131:59529/], count 0
[rospy.internal][INFO] 2019-03-05 08:17:37,241: topic[/safety/payload_waypoint] adding connection to [http://copter131:41739/], count 1
[rospy.internal][INFO] 2019-03-05 08:17:37,456: topic[/safety/payload_waypoint] adding connection to [http://copter131:36353/], count 2
[rospy.internal][INFO] 2019-03-05 08:17:37,457: topic[/safety/payload_waypoint] adding connection to [http://copter131:60309/], count 3
[rospy.internal][INFO] 2019-03-05 08:17:37,573: topic[/autopilot/heartbeat_onboard] adding connection to [/autopilot], count 0
[rospy.internal][INFO] 2019-03-05 08:17:37,587: topic[/safety/payload_waypoint] adding connection to [http://copter131:46403/], count 4
[rospy.internal][INFO] 2019-03-05 08:17:37,758: topic[/safety/payload_waypoint] adding connection to [http://copter131:47960/], count 5
[rospy.internal][INFO] 2019-03-05 08:17:37,857: topic[/autopilot/payload_waypoint] adding connection to [/autopilot], count 0
[rospy.internal][INFO] 2019-03-05 08:17:37,877: topic[/safety/payload_waypoint] adding connection to [http://copter131:50526/], count 6
[rospy.internal][INFO] 2019-03-05 08:17:37,878: topic[/safety/payload_waypoint] adding connection to [http://copter131:59482/], count 7
[rospy.internal][INFO] 2019-03-05 08:17:37,999: topic[/safety/payload_waypoint] adding connection to [http://copter131:56390/], count 8
[rospy.internal][INFO] 2019-03-05 08:17:38,001: topic[/safety/payload_waypoint] adding connection to [http://copter131:35783/], count 9
[rospy.internal][INFO] 2019-03-05 08:17:38,184: topic[/safety/payload_waypoint] adding connection to [http://copter131:34832/], count 10
[rospy.internal][INFO] 2019-03-05 08:17:38,264: topic[/safety/payload_rate] adding connection to [http://copter131:59529/], count 0
[rospy.internal][INFO] 2019-03-05 08:17:38,284: topic[/safety/payload_waypoint] adding connection to [http://copter131:56520/], count 11
[rospy.internal][INFO] 2019-03-05 08:17:38,297: topic[/safety/payload_waypoint] adding connection to [http://copter131:37350/], count 12
[rosout][WARNING] 2019-03-05 08:17:38,370: establishing proxies for ROS /autopliot/ services
[rospy.internal][INFO] 2019-03-05 08:17:38,380: topic[/autopilot/acs_pose] adding connection to [http://copter131:60703/], count 0
[rospy.internal][INFO] 2019-03-05 08:17:38,499: topic[/autopilot/heartbeat_ground] adding connection to [http://copter131:56070/], count 0
[rospy.internal][INFO] 2019-03-05 08:17:39,467: topic[/swarm_tracker/swarm_uav_states] adding connection to [http://copter131:36138/], count 0
