[rospy.client][INFO] 2012-12-31 16:00:20,973: init_node, name[/swarm_tracker], pid[2845]
[xmlrpc][INFO] 2012-12-31 16:00:20,990: XML-RPC server binding to 0.0.0.0:0
[xmlrpc][INFO] 2012-12-31 16:00:20,991: Started XML-RPC server [http://copter131:36138/]
[rospy.impl.masterslave][INFO] 2012-12-31 16:00:20,991: _ready: http://copter131:36138/
[rospy.init][INFO] 2012-12-31 16:00:20,992: ROS Slave URI: [http://copter131:36138/]
[rospy.registration][INFO] 2012-12-31 16:00:21,010: Registering with master node http://localhost:11311
[xmlrpc][INFO] 2012-12-31 16:00:21,010: xml rpc node: starting XML-RPC server
[rospy.init][INFO] 2012-12-31 16:00:21,095: registered with master
[rospy.rosout][INFO] 2012-12-31 16:00:21,096: initializing /rosout core topic
[rospy.rosout][INFO] 2012-12-31 16:00:21,188: connected to core topic /rosout
[rospy.simtime][INFO] 2012-12-31 16:00:21,301: /use_sim_time is not set, will not subscribe to simulated time [/clock] topic
[rospy.internal][INFO] 2012-12-31 16:00:21,500: topic[/rosout] adding connection to [/rosout], count 0
[rospy.internal][INFO] 2019-03-05 08:17:39,219: topic[/autopilot/acs_pose] adding connection to [http://copter131:60703/], count 0
[rospy.internal][INFO] 2019-03-05 08:17:39,235: topic[/network/recv_pose] adding connection to [http://copter131:56070/], count 0
[rospy.internal][INFO] 2019-03-05 08:17:39,251: topic[/network/recv_swarm_ctl_state] adding connection to [http://copter131:56070/], count 0
[rospy.internal][INFO] 2019-03-05 08:17:39,471: topic[/swarm_tracker/swarm_uav_states] adding connection to [/safety], count 0
[rospy.internal][INFO] 2019-03-05 08:17:39,476: topic[/swarm_tracker/swarm_uav_states] adding connection to [/swarm_control], count 1
[rospy.internal][INFO] 2019-03-05 08:17:39,654: topic[/swarm_control/swarm_behavior] adding connection to [http://copter131:50251/], count 0
[rospy.internal][INFO] 2019-03-05 08:17:40,103: topic[/autopilot/status] adding connection to [http://copter131:60703/], count 0
[rospy.internal][INFO] 2019-03-05 08:17:40,619: topic[/swarm_control/swarm_state] adding connection to [http://copter131:50251/], count 0
[rospy.internal][INFO] 2019-03-05 08:17:40,630: topic[/swarm_control/subswarm_id] adding connection to [http://copter131:50251/], count 0
