[rospy.client][INFO] 2019-03-28 07:51:25,897: init_node, name[/evader], pid[3369]
[xmlrpc][INFO] 2019-03-28 07:51:25,898: XML-RPC server binding to 0.0.0.0:0
[xmlrpc][INFO] 2019-03-28 07:51:25,899: Started XML-RPC server [http://copter131:53417/]
[rospy.init][INFO] 2019-03-28 07:51:25,899: ROS Slave URI: [http://copter131:53417/]
[rospy.impl.masterslave][INFO] 2019-03-28 07:51:25,900: _ready: http://copter131:53417/
[xmlrpc][INFO] 2019-03-28 07:51:25,901: xml rpc node: starting XML-RPC server
[rospy.registration][INFO] 2019-03-28 07:51:25,902: Registering with master node http://localhost:11311
[rospy.init][INFO] 2019-03-28 07:51:26,000: registered with master
[rospy.rosout][INFO] 2019-03-28 07:51:26,001: initializing /rosout core topic
[rospy.rosout][INFO] 2019-03-28 07:51:26,016: connected to core topic /rosout
[rospy.simtime][INFO] 2019-03-28 07:51:26,024: /use_sim_time is not set, will not subscribe to simulated time [/clock] topic
[rospy.internal][INFO] 2019-03-28 07:51:26,214: topic[/safety/payload_waypoint] adding connection to [/safety], count 0
[rospy.internal][INFO] 2019-03-28 07:51:26,265: topic[/rosout] adding connection to [/rosout], count 0
[rospy.internal][INFO] 2019-03-28 07:51:26,448: topic[/hit_tracker/hit_uavs] adding connection to [http://copter131:56543/], count 0
[rospy.internal][INFO] 2019-03-28 07:51:26,748: topic[/network/send_swarm_behavior_data] adding connection to [/network], count 0
[rospy.internal][INFO] 2019-03-28 07:51:27,028: topic[/swarm_control/behavior_status] adding connection to [/swarm_control], count 0
[rospy.internal][INFO] 2019-03-28 07:51:27,070: topic[/autopilot/acs_pose] adding connection to [http://copter131:56996/], count 0
[rospy.internal][INFO] 2019-03-28 07:51:27,338: topic[/swarm_control/subswarm_id] adding connection to [http://copter131:60346/], count 0
[rospy.internal][INFO] 2019-03-28 07:51:27,679: topic[/autopilot/status] adding connection to [http://copter131:56996/], count 0
[rospy.internal][INFO] 2019-03-28 07:51:28,399: topic[/swarm_control/ap_intent] adding connection to [http://copter131:60346/], count 0
[rosout][INFO] 2019-03-28 07:56:35,660: evader activate request False returned False
