[rospy.client][INFO] 2012-12-31 16:00:18,183: init_node, name[/network], pid[2819]
[xmlrpc][INFO] 2012-12-31 16:00:18,185: XML-RPC server binding to 0.0.0.0:0
[rospy.init][INFO] 2012-12-31 16:00:18,187: ROS Slave URI: [http://copter131:51078/]
[xmlrpc][INFO] 2012-12-31 16:00:18,187: Started XML-RPC server [http://copter131:51078/]
[rospy.impl.masterslave][INFO] 2012-12-31 16:00:18,188: _ready: http://copter131:51078/
[xmlrpc][INFO] 2012-12-31 16:00:18,188: xml rpc node: starting XML-RPC server
[rospy.registration][INFO] 2012-12-31 16:00:18,190: Registering with master node http://localhost:11311
[rospy.init][INFO] 2012-12-31 16:00:18,288: registered with master
[rospy.rosout][INFO] 2012-12-31 16:00:18,288: initializing /rosout core topic
[rospy.rosout][INFO] 2012-12-31 16:00:18,318: connected to core topic /rosout
[rospy.simtime][INFO] 2012-12-31 16:00:18,345: /use_sim_time is not set, will not subscribe to simulated time [/clock] topic
[rospy.internal][INFO] 2012-12-31 16:00:18,575: topic[/rosout] adding connection to [/rosout], count 0
[rospy.internal][INFO] 2019-03-28 07:51:26,715: topic[/network/send_swarm_behavior_data] adding connection to [http://copter131:45585/], count 0
[rospy.internal][INFO] 2019-03-28 07:51:26,717: topic[/network/send_swarm_behavior_data] adding connection to [http://copter131:47997/], count 0
[rospy.internal][INFO] 2019-03-28 07:51:26,726: topic[/network/send_swarm_behavior_data] adding connection to [http://copter131:47498/], count 2
[rospy.internal][INFO] 2019-03-28 07:51:26,728: topic[/network/send_swarm_behavior_data] adding connection to [http://copter131:54643/], count 2
[rospy.internal][INFO] 2019-03-28 07:51:26,731: topic[/network/send_swarm_behavior_data] adding connection to [http://copter131:33245/], count 4
[rospy.internal][INFO] 2019-03-28 07:51:26,736: topic[/network/send_swarm_behavior_data] adding connection to [http://copter131:53264/], count 5
[rospy.internal][INFO] 2019-03-28 07:51:26,742: topic[/network/send_swarm_behavior_data] adding connection to [http://copter131:53417/], count 6
[rospy.internal][INFO] 2019-03-28 07:51:26,749: topic[/network/send_swarm_behavior_data] adding connection to [http://copter131:51753/], count 7
[rospy.internal][INFO] 2019-03-28 07:51:26,757: topic[/network/send_swarm_behavior_data] adding connection to [http://copter131:52031/], count 8
[rospy.internal][INFO] 2019-03-28 07:51:26,761: topic[/network/send_swarm_behavior_data] adding connection to [http://copter131:49218/], count 8
[rospy.internal][INFO] 2019-03-28 07:51:26,763: topic[/network/send_swarm_behavior_data] adding connection to [http://copter131:51848/], count 10
[rospy.internal][INFO] 2019-03-28 07:51:26,924: topic[/network/send_swarm_behavior_data] adding connection to [http://copter131:51765/], count 11
[rospy.internal][INFO] 2019-03-28 07:51:27,047: topic[/air_to_air/firing_reports] adding connection to [http://copter131:33245/], count 0
[rospy.internal][INFO] 2019-03-28 07:51:27,056: topic[/autopilot/acs_pose] adding connection to [http://copter131:56996/], count 0
[rospy.internal][INFO] 2019-03-28 07:51:27,270: topic[/air_to_air/firing_reports] adding connection to [http://copter131:51848/], count 1
[rospy.internal][INFO] 2019-03-28 07:51:27,271: topic[/air_to_air/firing_reports] adding connection to [http://copter131:53264/], count 2
[rospy.internal][INFO] 2019-03-28 07:51:27,283: topic[/swarm_control/subswarm_id] adding connection to [http://copter131:60346/], count 0
[rospy.internal][INFO] 2019-03-28 07:51:27,359: topic[/swarm_control/swarm_state] adding connection to [http://copter131:60346/], count 0
[rospy.internal][INFO] 2019-03-28 07:51:27,377: topic[/swarm_control/swarm_behavior] adding connection to [http://copter131:60346/], count 0
[rospy.internal][INFO] 2019-03-28 07:51:27,377: topic[/network/swarm_sub_behavior] adding connection to [http://copter131:53264/], count 0
[rospy.internal][INFO] 2019-03-28 07:51:27,415: topic[/air_to_air/firing_reports] adding connection to [http://copter131:52031/], count 3
[rospy.internal][INFO] 2019-03-28 07:51:27,534: topic[/air_to_air/firing_reports] adding connection to [http://copter131:47498/], count 4
[rospy.internal][INFO] 2019-03-28 07:51:27,535: topic[/air_to_air/firing_reports] adding connection to [http://copter131:49218/], count 4
[rospy.internal][INFO] 2019-03-28 07:51:27,544: topic[/network/send_swarm_behavior_data] adding connection to [http://copter131:46250/], count 12
[rospy.internal][INFO] 2019-03-28 07:51:27,716: topic[/swarm_control/behavior_summary] adding connection to [http://copter131:60346/], count 0
[rospy.internal][INFO] 2019-03-28 07:51:27,721: topic[/autopilot/status] adding connection to [http://copter131:56996/], count 0
[rosout][INFO] 2019-03-28 07:52:23,263: NET FlightReady
[rosout][INFO] 2019-03-28 07:52:25,859: NET MissionConfig
[rosout][INFO] 2019-03-28 07:52:33,327: NET SlaveSetup
[rosout][INFO] 2019-03-28 07:52:34,990: NET SlaveSetup
[rospy.internal][INFO] 2019-03-28 07:52:37,966: topic[/autopilot/waypoint_goto] adding connection to [/autopilot], count 0
