[rospy.client][INFO] 2012-12-31 16:00:17,855: init_node, name[/safety], pid[2814]
[xmlrpc][INFO] 2012-12-31 16:00:17,858: XML-RPC server binding to 0.0.0.0:0
[rospy.init][INFO] 2012-12-31 16:00:17,861: ROS Slave URI: [http://copter131:35877/]
[xmlrpc][INFO] 2012-12-31 16:00:17,861: Started XML-RPC server [http://copter131:35877/]
[rospy.impl.masterslave][INFO] 2012-12-31 16:00:17,861: _ready: http://copter131:35877/
[xmlrpc][INFO] 2012-12-31 16:00:17,862: xml rpc node: starting XML-RPC server
[rospy.registration][INFO] 2012-12-31 16:00:17,865: Registering with master node http://localhost:11311
[rospy.init][INFO] 2012-12-31 16:00:17,961: registered with master
[rospy.rosout][INFO] 2012-12-31 16:00:17,962: initializing /rosout core topic
[rospy.rosout][INFO] 2012-12-31 16:00:17,993: connected to core topic /rosout
[rospy.simtime][INFO] 2012-12-31 16:00:18,001: /use_sim_time is not set, will not subscribe to simulated time [/clock] topic
[rospy.internal][INFO] 2012-12-31 16:00:18,277: topic[/rosout] adding connection to [/rosout], count 0
[rospy.internal][INFO] 2019-03-28 07:51:24,875: topic[/safety/payload_rate] adding connection to [http://copter131:51753/], count 0
[rospy.internal][INFO] 2019-03-28 07:51:24,900: topic[/safety/payload_waypoint] adding connection to [http://copter131:47997/], count 0
[rospy.internal][INFO] 2019-03-28 07:51:24,954: topic[/safety/payload_waypoint] adding connection to [http://copter131:51753/], count 1
[rospy.internal][INFO] 2019-03-28 07:51:25,717: topic[/safety/payload_waypoint] adding connection to [http://copter131:45585/], count 2
[rospy.internal][INFO] 2019-03-28 07:51:25,744: topic[/safety/payload_waypoint] adding connection to [http://copter131:54643/], count 3
[rospy.internal][INFO] 2019-03-28 07:51:25,789: topic[/safety/payload_waypoint] adding connection to [http://copter131:47498/], count 4
[rospy.internal][INFO] 2019-03-28 07:51:25,875: topic[/safety/payload_waypoint] adding connection to [http://copter131:49218/], count 5
[rospy.internal][INFO] 2019-03-28 07:51:26,060: topic[/autopilot/heartbeat_onboard] adding connection to [/autopilot], count 0
[rospy.internal][INFO] 2019-03-28 07:51:26,087: topic[/safety/payload_waypoint] adding connection to [http://copter131:53264/], count 6
[rospy.internal][INFO] 2019-03-28 07:51:26,090: topic[/safety/payload_waypoint] adding connection to [http://copter131:33245/], count 7
[rospy.internal][INFO] 2019-03-28 07:51:26,208: topic[/safety/payload_waypoint] adding connection to [http://copter131:53417/], count 8
[rospy.internal][INFO] 2019-03-28 07:51:26,280: topic[/safety/payload_waypoint] adding connection to [http://copter131:52031/], count 9
[rospy.internal][INFO] 2019-03-28 07:51:26,312: topic[/autopilot/payload_waypoint] adding connection to [/autopilot], count 0
[rospy.internal][INFO] 2019-03-28 07:51:26,600: topic[/safety/payload_waypoint] adding connection to [http://copter131:51848/], count 10
[rospy.internal][INFO] 2019-03-28 07:51:26,819: topic[/safety/payload_waypoint] adding connection to [http://copter131:51765/], count 11
[rospy.internal][INFO] 2019-03-28 07:51:27,039: topic[/autopilot/acs_pose] adding connection to [http://copter131:56996/], count 0
[rospy.internal][INFO] 2019-03-28 07:51:27,164: topic[/safety/payload_waypoint] adding connection to [http://copter131:46250/], count 12
[rosout][WARNING] 2019-03-28 07:51:27,619: establishing proxies for ROS /autopliot/ services
[rospy.internal][INFO] 2019-03-28 07:51:27,698: topic[/swarm_tracker/swarm_uav_states] adding connection to [http://copter131:37882/], count 0
