[rospy.client][INFO] 2019-03-28 07:51:24,406: init_node, name[/swarm_landing_sequencer], pid[3118]
[xmlrpc][INFO] 2019-03-28 07:51:24,408: XML-RPC server binding to 0.0.0.0:0
[rospy.init][INFO] 2019-03-28 07:51:24,429: ROS Slave URI: [http://copter131:45585/]
[xmlrpc][INFO] 2019-03-28 07:51:24,429: Started XML-RPC server [http://copter131:45585/]
[rospy.impl.masterslave][INFO] 2019-03-28 07:51:24,430: _ready: http://copter131:45585/
[xmlrpc][INFO] 2019-03-28 07:51:24,440: xml rpc node: starting XML-RPC server
[rospy.registration][INFO] 2019-03-28 07:51:24,448: Registering with master node http://localhost:11311
[rospy.init][INFO] 2019-03-28 07:51:24,530: registered with master
[rospy.rosout][INFO] 2019-03-28 07:51:24,530: initializing /rosout core topic
[rospy.rosout][INFO] 2019-03-28 07:51:24,622: connected to core topic /rosout
[rospy.simtime][INFO] 2019-03-28 07:51:24,711: /use_sim_time is not set, will not subscribe to simulated time [/clock] topic
[rospy.internal][INFO] 2019-03-28 07:51:24,825: topic[/rosout] adding connection to [/rosout], count 0
[rospy.internal][INFO] 2019-03-28 07:51:25,720: topic[/safety/payload_waypoint] adding connection to [/safety], count 0
[rospy.internal][INFO] 2019-03-28 07:51:26,742: topic[/network/send_swarm_behavior_data] adding connection to [/network], count 0
[rospy.internal][INFO] 2019-03-28 07:51:26,993: topic[/swarm_control/behavior_status] adding connection to [/swarm_control], count 0
[rospy.internal][INFO] 2019-03-28 07:51:27,090: topic[/autopilot/waypoint_goto] adding connection to [/autopilot], count 0
[rospy.internal][INFO] 2019-03-28 07:51:27,279: topic[/swarm_control/subswarm_id] adding connection to [http://copter131:60346/], count 0
[rospy.internal][INFO] 2019-03-28 07:51:27,669: topic[/swarm_control/ap_intent] adding connection to [http://copter131:60346/], count 0
[rospy.internal][INFO] 2019-03-28 07:51:27,673: topic[/autopilot/status] adding connection to [http://copter131:56996/], count 0
[rosout][INFO] 2019-03-28 07:56:35,560: swarm_landing_sequencer activate request False returned False
