[rospy.client][INFO] 2012-12-31 16:00:19,062: init_node, name[/swarm_tracker], pid[2824]
[xmlrpc][INFO] 2012-12-31 16:00:19,080: XML-RPC server binding to 0.0.0.0:0
[xmlrpc][INFO] 2012-12-31 16:00:19,081: Started XML-RPC server [http://copter131:37882/]
[rospy.init][INFO] 2012-12-31 16:00:19,081: ROS Slave URI: [http://copter131:37882/]
[rospy.impl.masterslave][INFO] 2012-12-31 16:00:19,081: _ready: http://copter131:37882/
[rospy.registration][INFO] 2012-12-31 16:00:19,090: Registering with master node http://localhost:11311
[xmlrpc][INFO] 2012-12-31 16:00:19,091: xml rpc node: starting XML-RPC server
[rospy.init][INFO] 2012-12-31 16:00:19,182: registered with master
[rospy.rosout][INFO] 2012-12-31 16:00:19,182: initializing /rosout core topic
[rospy.rosout][INFO] 2012-12-31 16:00:19,309: connected to core topic /rosout
[rospy.simtime][INFO] 2012-12-31 16:00:19,408: /use_sim_time is not set, will not subscribe to simulated time [/clock] topic
[rospy.internal][INFO] 2012-12-31 16:00:19,626: topic[/rosout] adding connection to [/rosout], count 0
[rospy.internal][INFO] 2019-03-28 07:51:26,936: topic[/swarm_tracker/swarm_uav_states] adding connection to [/swarm_control], count 0
[rospy.internal][INFO] 2019-03-28 07:51:27,049: topic[/autopilot/acs_pose] adding connection to [http://copter131:56996/], count 0
[rospy.internal][INFO] 2019-03-28 07:51:27,304: topic[/swarm_control/subswarm_id] adding connection to [http://copter131:60346/], count 0
[rospy.internal][INFO] 2019-03-28 07:51:27,348: topic[/swarm_control/swarm_state] adding connection to [http://copter131:60346/], count 0
[rospy.internal][INFO] 2019-03-28 07:51:27,376: topic[/swarm_control/swarm_behavior] adding connection to [http://copter131:60346/], count 0
[rospy.internal][INFO] 2019-03-28 07:51:27,701: topic[/swarm_tracker/swarm_uav_states] adding connection to [/safety], count 1
[rospy.internal][INFO] 2019-03-28 07:51:27,724: topic[/autopilot/status] adding connection to [http://copter131:56996/], count 0
[rosout][WARNING] 2019-03-28 07:52:32,155: UAV 131 possible crash: no updates for 6.000000 secs
[rosout][INFO] 2019-03-28 07:52:42,450: Received update to own UAV 131
[rosout][WARNING] 2019-03-28 07:52:42,455: UAV 131 possible crash: no updates for 6.000000 secs
[rosout][INFO] 2019-03-28 07:52:42,518: Received update to own UAV 131
