[rospy.client][INFO] 2019-03-28 07:51:25,956: init_node, name[/tactic_interface], pid[3078]
[xmlrpc][INFO] 2019-03-28 07:51:25,957: XML-RPC server binding to 0.0.0.0:0
[xmlrpc][INFO] 2019-03-28 07:51:25,958: Started XML-RPC server [http://copter131:53264/]
[rospy.impl.masterslave][INFO] 2019-03-28 07:51:25,958: _ready: http://copter131:53264/
[rospy.init][INFO] 2019-03-28 07:51:25,958: ROS Slave URI: [http://copter131:53264/]
[xmlrpc][INFO] 2019-03-28 07:51:25,960: xml rpc node: starting XML-RPC server
[rospy.registration][INFO] 2019-03-28 07:51:25,960: Registering with master node http://localhost:11311
[rospy.registration][INFO] 2019-03-28 07:51:25,962: Registering publisher topic [/safety/payload_waypoint] type [autopilot_bridge/LLA] with master
[rospy.registration][INFO] 2019-03-28 07:51:25,979: registering subscriber topic [/autopilot/status] type [autopilot_bridge/Status] with master
[rospy.init][INFO] 2019-03-28 07:51:26,062: registered with master
[rospy.rosout][INFO] 2019-03-28 07:51:26,062: initializing /rosout core topic
[rospy.rosout][INFO] 2019-03-28 07:51:26,070: connected to core topic /rosout
[rospy.simtime][INFO] 2019-03-28 07:51:26,080: /use_sim_time is not set, will not subscribe to simulated time [/clock] topic
[rospy.internal][INFO] 2019-03-28 07:51:26,091: topic[/safety/payload_waypoint] adding connection to [/safety], count 0
[rospy.internal][INFO] 2019-03-28 07:51:26,368: topic[/rosout] adding connection to [/rosout], count 0
[rospy.internal][INFO] 2019-03-28 07:51:26,744: topic[/network/send_swarm_behavior_data] adding connection to [/network], count 0
[rospy.internal][INFO] 2019-03-28 07:51:27,017: topic[/swarm_control/behavior_status] adding connection to [/swarm_control], count 0
[rospy.internal][INFO] 2019-03-28 07:51:27,123: topic[/autopilot/acs_pose] adding connection to [http://copter131:56996/], count 0
[rospy.internal][INFO] 2019-03-28 07:51:27,158: topic[/hit_tracker/hit_uavs] adding connection to [http://copter131:56543/], count 0
[rospy.internal][INFO] 2019-03-28 07:51:27,279: topic[/air_to_air/firing_reports] adding connection to [/network], count 0
[rospy.internal][INFO] 2019-03-28 07:51:27,323: topic[/swarm_control/subswarm_id] adding connection to [http://copter131:60346/], count 0
[rospy.internal][INFO] 2019-03-28 07:51:27,387: topic[/network/swarm_sub_behavior] adding connection to [/network], count 0
[rospy.internal][INFO] 2019-03-28 07:51:27,396: topic[/autopilot/waypoint_goto] adding connection to [/autopilot], count 0
[rospy.internal][INFO] 2019-03-28 07:51:27,411: topic[/swarm_control/ap_intent] adding connection to [http://copter131:60346/], count 0
[rospy.internal][INFO] 2019-03-28 07:51:27,702: topic[/autopilot/status] adding connection to [http://copter131:56996/], count 0
[rosout][INFO] 2019-03-28 07:56:35,651: tactic_interface activate request False returned False
