[rospy.client][INFO] 2012-12-31 16:00:18,765: init_node, name[/task_runner], pid[2858]
[xmlrpc][INFO] 2012-12-31 16:00:18,766: XML-RPC server binding to 0.0.0.0:0
[rospy.init][INFO] 2012-12-31 16:00:18,768: ROS Slave URI: [http://copter131:40159/]
[xmlrpc][INFO] 2012-12-31 16:00:18,768: Started XML-RPC server [http://copter131:40159/]
[rospy.impl.masterslave][INFO] 2012-12-31 16:00:18,769: _ready: http://copter131:40159/
[xmlrpc][INFO] 2012-12-31 16:00:18,769: xml rpc node: starting XML-RPC server
[rospy.registration][INFO] 2012-12-31 16:00:18,771: Registering with master node http://localhost:11311
[rospy.init][INFO] 2012-12-31 16:00:18,869: registered with master
[rospy.rosout][INFO] 2012-12-31 16:00:18,870: initializing /rosout core topic
[rospy.rosout][INFO] 2012-12-31 16:00:18,969: connected to core topic /rosout
[rospy.simtime][INFO] 2012-12-31 16:00:19,063: /use_sim_time is not set, will not subscribe to simulated time [/clock] topic
[rospy.internal][INFO] 2012-12-31 16:00:19,138: topic[/rosout] adding connection to [/rosout], count 0
[rosout][INFO] 2019-03-28 07:51:25,665: Task Runner: Starting Event 'on_start'
[rosout][INFO] 2019-03-28 07:51:25,745: Task Runner: Event 'on_start' Task 'Tx Power' Time 0.1s: Succeeded
[rosout][INFO] 2019-03-28 07:51:25,748: Task Runner: Completed Event 'on_start'
[rospy.internal][INFO] 2019-03-28 07:51:27,622: topic[/autopilot/status] adding connection to [http://copter131:56996/], count 0
[rosout][INFO] 2019-03-28 07:51:28,017: Task Runner: Starting Event 'on_status'
[rosout][INFO] 2019-03-28 07:51:28,229: Task Runner: Event 'on_status' Task 'AP Set ID' Time 0.2s: Succeeded
[rosout][INFO] 2019-03-28 07:51:28,230: Task Runner: Completed Event 'on_status'
[rosout][INFO] 2019-03-28 07:51:28,230: Task Runner: Starting Event 'on_arm'
[rosout][INFO] 2019-03-28 07:51:28,230: Task Runner: Completed Event 'on_arm'
[rosout][INFO] 2019-03-28 07:51:35,024: Task Runner: Starting Event 'on_disarm'
[rosout][INFO] 2019-03-28 07:51:35,024: Task Runner: Completed Event 'on_disarm'
[rosout][INFO] 2019-03-28 07:52:23,758: Task Runner: Starting Event 'on_ready'
[rosout][INFO] 2019-03-28 07:52:23,760: Task Runner: Completed Event 'on_ready'
[rosout][INFO] 2019-03-28 07:55:59,504: Task Runner: Starting Event 'on_arm'
[rosout][INFO] 2019-03-28 07:55:59,561: Task Runner: Event 'on_arm' Task 'Tx Power' Time 0.1s: Succeeded
[rosout][INFO] 2019-03-28 07:55:59,563: Task Runner: Completed Event 'on_arm'
[rosout][INFO] 2019-03-28 07:58:18,987: Task Runner: Starting Event 'on_disarm'
[rosout][INFO] 2019-03-28 07:58:18,989: Task Runner: Completed Event 'on_disarm'
