[rospy.client][INFO] 2019-03-28 07:51:25,404: init_node, name[/wingman], pid[3268]
[xmlrpc][INFO] 2019-03-28 07:51:25,424: XML-RPC server binding to 0.0.0.0:0
[xmlrpc][INFO] 2019-03-28 07:51:25,425: Started XML-RPC server [http://copter131:51848/]
[rospy.init][INFO] 2019-03-28 07:51:25,426: ROS Slave URI: [http://copter131:51848/]
[rospy.impl.masterslave][INFO] 2019-03-28 07:51:25,426: _ready: http://copter131:51848/
[xmlrpc][INFO] 2019-03-28 07:51:25,429: xml rpc node: starting XML-RPC server
[rospy.registration][INFO] 2019-03-28 07:51:25,431: Registering with master node http://localhost:11311
[rospy.init][INFO] 2019-03-28 07:51:25,527: registered with master
[rospy.rosout][INFO] 2019-03-28 07:51:25,527: initializing /rosout core topic
[rospy.rosout][INFO] 2019-03-28 07:51:26,531: connected to core topic /rosout
[rospy.simtime][INFO] 2019-03-28 07:51:26,534: /use_sim_time is not set, will not subscribe to simulated time [/clock] topic
[rospy.internal][INFO] 2019-03-28 07:51:26,602: topic[/safety/payload_waypoint] adding connection to [/safety], count 0
[rospy.internal][INFO] 2019-03-28 07:51:26,683: topic[/rosout] adding connection to [/rosout], count 0
[rospy.internal][INFO] 2019-03-28 07:51:26,769: topic[/network/send_swarm_behavior_data] adding connection to [/network], count 0
[rospy.internal][INFO] 2019-03-28 07:51:27,053: topic[/swarm_control/behavior_status] adding connection to [/swarm_control], count 0
[rospy.internal][INFO] 2019-03-28 07:51:27,133: topic[/autopilot/acs_pose] adding connection to [http://copter131:56996/], count 0
[rospy.internal][INFO] 2019-03-28 07:51:27,197: topic[/hit_tracker/hit_uavs] adding connection to [http://copter131:56543/], count 0
[rospy.internal][INFO] 2019-03-28 07:51:27,256: topic[/autopilot/waypoint_goto] adding connection to [/autopilot], count 0
[rospy.internal][INFO] 2019-03-28 07:51:27,275: topic[/air_to_air/firing_reports] adding connection to [/network], count 0
[rospy.internal][INFO] 2019-03-28 07:51:27,386: topic[/swarm_control/subswarm_id] adding connection to [http://copter131:60346/], count 0
[rospy.internal][INFO] 2019-03-28 07:51:27,727: topic[/autopilot/status] adding connection to [http://copter131:56996/], count 0
[rospy.internal][INFO] 2019-03-28 07:51:28,397: topic[/swarm_control/ap_intent] adding connection to [http://copter131:60346/], count 0
[rosout][INFO] 2019-03-28 07:56:35,624: wingman activate request False returned False
