

1356998418.833836792  Node Startup
1356998421.131108045 INFO [MAVLinkBridge.py:277(_initialize) [topics: /rosout] MAVLinkBridge: Connecting to /dev/ttyACM99 ...
1356998421.146719932 INFO [MAVLinkBridge.py:292(_initialize) [topics: /rosout] MAVLinkBridge: Waiting for autopilot heartbeat ...
1356998422.210078954 INFO [MAVLinkBridge.py:332(_init_time) [topics: /rosout] MAVLinkBridge: Waiting for usable SYSTEM_TIME ...
1356998424.043550014 INFO [task_runner.py:126(_do_event) [topics: /autopilot/status, /rosout] Task Runner: Starting Event 'on_start'
1356998424.126353025 INFO [task_runner.py:119(_log) [topics: /autopilot/status, /rosout] Task Runner: Event 'on_start' Task 'Tx Power' Time 0.1s: Succeeded
1356998424.127240896 INFO [task_runner.py:137(_do_event) [topics: /autopilot/status, /rosout] Task Runner: Completed Event 'on_start'
1356998424.741961002 INFO [nodeable.py:215(log_info) [topics: /rosout] Behavior pn_interceptor successfully registered with ID 5
1356998425.103615045 INFO [nodeable.py:215(log_info) [topics: /rosout] Behavior evader successfully registered with ID 15
1356998425.122119903 INFO [nodeable.py:215(log_info) [topics: /rosout] Behavior independent_transit successfully registered with ID 8
1356998425.280244112 INFO [nodeable.py:215(log_info) [topics: /rosout] Behavior simple_ground_attack successfully registered with ID 16
1356998425.352655887 INFO [nodeable.py:215(log_info) [topics: /rosout] Behavior patrol_box successfully registered with ID 12
1551798798.022288084 INFO [MAVLinkBridge.py:364(_init_time) [topics: /rosout] Successfully synced local clock.
1551798798.027441024 INFO [MAVLinkBridge.py:305(_initialize) [topics: /rosout] MAVLinkBridge initialized.
1551798798.494694948 INFO [nodeable.py:215(log_info) [topics: /rosout] Behavior swarm_landing_sequencer successfully registered with ID 98
1551798798.563401937 WARN [safety.py:151(__init__) [topics: /safety/healthy, /autopilot/payload_attitude, /autopilot/payload_rate, /rosout, /safety/payload_rate, /autopilot/payload_waypoint, /autopilot/heartbeat_onboard, /autopilot/acs_pose, /safety/payload_waypoint, /autopilot/heartbeat_ground, /safety/payload_attitude] establishing proxies for ROS /autopliot/ services
1551798798.667171955 WARN [nodeable.py:223(log_warn) [topics: /swarm_control/swarm_state, /network/recv_swarm_ctl_state, /rosout, /autopilot/acs_pose, /autopilot/status, /swarm_tracker/swarm_uav_states, /swarm_control/swarm_behavior, /network/recv_pose, /swarm_control/subswarm_id] UAV 131 possible crash: no updates for 6.000000 secs
1551798798.678900957 INFO [nodeable.py:215(log_info) [topics: /swarm_tracker/swarm_uav_states, /rosout] Behavior wingman successfully registered with ID 11
1551798798.774491071 INFO [nodeable.py:215(log_info) [topics: /swarm_control/swarm_state, /network/recv_swarm_ctl_state, /rosout, /autopilot/acs_pose, /autopilot/status, /swarm_tracker/swarm_uav_states, /swarm_control/swarm_behavior, /network/recv_pose, /swarm_control/subswarm_id] Received update to own UAV 131
1551798798.821988105 INFO [nodeable.py:215(log_info) [topics: /autopilot/status, /swarm_tracker/swarm_uav_states, /swarm_control/behavior_status, /rosout] Behavior patrol_box_shooter successfully registered with ID 13
1551798798.929533004 INFO [nodeable.py:215(log_info) [topics: /autopilot/status, /swarm_tracker/swarm_uav_states, /swarm_control/behavior_status, /rosout, /network/recv_swarm_data] Behavior constrained_shooter successfully registered with ID 10
1551798798.957489013 INFO [nodeable.py:215(log_info) [topics: /rosout, /network/recv_swarm_data, /swarm_tracker/swarm_uav_states, /swarm_control/behavior_status, /network/net_reset, /autopilot/status, /swarm_control/subswarm_id] Behavior tactic_interface successfully registered with ID 14
1551798799.099905014 INFO [nodeable.py:215(log_info) [topics: /autopilot/waypoint_goto, /swarm_control/swarm_state, /swarm_control/behavior_summary, /rosout, /network/recv_swarm_data, /autopilot/mode_num, /swarm_tracker/swarm_uav_states, /swarm_control/behavior_status, /network/net_reset, /swarm_control/swarm_behavior, /autopilot/status, /swarm_control/subswarm_id, /swarm_control/ap_intent] Subswarm updated to 0
1551798799.100637912 INFO [nodeable.py:215(log_info) [topics: /autopilot/waypoint_goto, /swarm_control/swarm_state, /swarm_control/behavior_summary, /rosout, /network/recv_swarm_data, /autopilot/mode_num, /swarm_tracker/swarm_uav_states, /swarm_control/behavior_status, /network/net_reset, /swarm_control/swarm_behavior, /autopilot/status, /swarm_control/subswarm_id, /swarm_control/ap_intent] Swarm state updated to Preflight
1551798799.101335048 INFO [nodeable.py:215(log_info) [topics: /autopilot/waypoint_goto, /swarm_control/swarm_state, /swarm_control/behavior_summary, /rosout, /network/recv_swarm_data, /autopilot/mode_num, /swarm_tracker/swarm_uav_states, /swarm_control/behavior_status, /network/net_reset, /swarm_control/swarm_behavior, /autopilot/status, /swarm_control/subswarm_id, /swarm_control/ap_intent] Active swarm behavior updated to standby
1551798799.687570095 INFO [nodeable.py:215(log_info) [topics: /autopilot/waypoint_goto, /swarm_control/swarm_state, /swarm_control/behavior_summary, /rosout, /network/recv_swarm_data, /autopilot/mode_num, /swarm_tracker/swarm_uav_states, /swarm_control/behavior_status, /network/net_reset, /swarm_control/swarm_behavior, /autopilot/status, /swarm_control/subswarm_id, /swarm_control/ap_intent] Behavior linear_formation successfully registered with ID 1
1551798799.690469026 INFO [MAVLinkBridge.py:206(callback_wrapper) [topics: /autopilot/waypoint_goto, /autopilot/weather_update, /autopilot/copter_takeoff, /autopilot/guided_goto, /autopilot/payload_waypoint, /rosout, /autopilot/heartbeat_onboard, /autopilot/gps_odom, /autopilot/mode, /autopilot/mode_num, /autopilot/gps, /autopilot/reboot, /autopilot/heartbeat_ground, /autopilot/status, /autopilot/acs_pose, /autopilot/imu, /autopilot/arm, /autopilot/set_landing] ROS srv recvd: fpr_param_set
1551798799.669776916 INFO [task_runner.py:126(_do_event) [topics: /autopilot/status, /rosout] Task Runner: Starting Event 'on_status'
1551798799.730671882 INFO [nodeable.py:215(log_info) [topics: /autopilot/waypoint_goto, /swarm_control/swarm_state, /swarm_control/behavior_summary, /rosout, /network/recv_swarm_data, /autopilot/mode_num, /swarm_tracker/swarm_uav_states, /swarm_control/behavior_status, /network/net_reset, /swarm_control/swarm_behavior, /autopilot/status, /swarm_control/subswarm_id, /swarm_control/ap_intent] Behavior greedy_shooter successfully registered with ID 4
1551798799.757880926 INFO [nodeable.py:215(log_info) [topics: /autopilot/waypoint_goto, /swarm_control/swarm_state, /swarm_control/behavior_summary, /rosout, /network/recv_swarm_data, /autopilot/mode_num, /swarm_tracker/swarm_uav_states, /swarm_control/behavior_status, /network/net_reset, /swarm_control/swarm_behavior, /autopilot/status, /swarm_control/subswarm_id, /swarm_control/ap_intent] Behavior smart_shooter successfully registered with ID 9
1551798799.893677949 INFO [task_runner.py:119(_log) [topics: /autopilot/status, /rosout] Task Runner: Event 'on_status' Task 'AP Set ID' Time 0.2s: Succeeded
1551798799.894439935 INFO [task_runner.py:137(_do_event) [topics: /autopilot/status, /rosout] Task Runner: Completed Event 'on_status'
1551798800.923634052 INFO [MAVLinkBridge.py:377(_handle_statustext) [topics: /autopilot/waypoint_goto, /autopilot/weather_update, /autopilot/copter_takeoff, /autopilot/guided_goto, /autopilot/payload_waypoint, /rosout, /autopilot/heartbeat_onboard, /autopilot/gps_odom, /autopilot/mode, /autopilot/mode_num, /autopilot/gps, /autopilot/reboot, /autopilot/heartbeat_ground, /autopilot/status, /autopilot/acs_pose, /autopilot/imu, /autopilot/arm, /autopilot/set_landing] MAVLink STATUSTEXT: u-blox 0 HW: 00040007 SW: 7.03 (45970)
1551798846.067920923 WARN [nodeable.py:223(log_warn) [topics: /swarm_control/swarm_state, /network/recv_swarm_ctl_state, /rosout, /autopilot/acs_pose, /autopilot/status, /swarm_tracker/swarm_uav_states, /swarm_control/swarm_behavior, /network/recv_pose, /swarm_control/subswarm_id] UAV 114 possible crash: no updates for 6.000000 secs
1551798849.530972003 INFO [MAVLinkBridge.py:377(_handle_statustext) [topics: /autopilot/waypoint_goto, /autopilot/weather_update, /autopilot/copter_takeoff, /autopilot/guided_goto, /autopilot/payload_waypoint, /rosout, /autopilot/heartbeat_onboard, /autopilot/gps_odom, /autopilot/mode, /autopilot/mode_num, /autopilot/gps, /autopilot/reboot, /autopilot/heartbeat_ground, /autopilot/status, /autopilot/acs_pose, /autopilot/imu, /autopilot/arm, /autopilot/set_landing] MAVLink STATUSTEXT: Failsafe: Terrain data missing
1551798850.138195037 INFO [MAVLinkBridge.py:206(callback_wrapper) [topics: /autopilot/waypoint_goto, /autopilot/weather_update, /autopilot/copter_takeoff, /autopilot/guided_goto, /autopilot/payload_waypoint, /rosout, /autopilot/heartbeat_onboard, /autopilot/gps_odom, /autopilot/mode, /autopilot/mode_num, /autopilot/gps, /autopilot/reboot, /autopilot/heartbeat_ground, /autopilot/status, /autopilot/acs_pose, /autopilot/imu, /autopilot/arm, /autopilot/set_landing] ROS srv recvd: wp_getrange
1551798876.151899099 INFO [nodeable.py:215(log_info) [topics: /swarm_control/swarm_state, /network/recv_swarm_ctl_state, /rosout, /autopilot/acs_pose, /autopilot/status, /swarm_tracker/swarm_uav_states, /swarm_control/swarm_behavior, /network/recv_pose, /swarm_control/subswarm_id] Received update to possibly crashed UAV 114
1551798899.012257099 INFO [MAVLinkBridge.py:377(_handle_statustext) [topics: /autopilot/waypoint_goto, /autopilot/weather_update, /autopilot/copter_takeoff, /autopilot/guided_goto, /autopilot/payload_waypoint, /rosout, /autopilot/heartbeat_onboard, /autopilot/gps_odom, /autopilot/mode, /autopilot/mode_num, /autopilot/gps, /autopilot/reboot, /autopilot/heartbeat_ground, /autopilot/status, /autopilot/acs_pose, /autopilot/imu, /autopilot/arm, /autopilot/set_landing] MAVLink STATUSTEXT: EKF2 IMU0 Origin set to GPS
1551798899.016124010 INFO [MAVLinkBridge.py:377(_handle_statustext) [topics: /autopilot/waypoint_goto, /autopilot/weather_update, /autopilot/copter_takeoff, /autopilot/guided_goto, /autopilot/payload_waypoint, /rosout, /autopilot/heartbeat_onboard, /autopilot/gps_odom, /autopilot/mode, /autopilot/mode_num, /autopilot/gps, /autopilot/reboot, /autopilot/heartbeat_ground, /autopilot/status, /autopilot/acs_pose, /autopilot/imu, /autopilot/arm, /autopilot/set_landing] MAVLink STATUSTEXT: EKF2 IMU1 Origin set to GPS
1551798899.811928033 INFO [MAVLinkBridge.py:377(_handle_statustext) [topics: /autopilot/waypoint_goto, /autopilot/weather_update, /autopilot/copter_takeoff, /autopilot/guided_goto, /autopilot/payload_waypoint, /rosout, /autopilot/heartbeat_onboard, /autopilot/gps_odom, /autopilot/mode, /autopilot/mode_num, /autopilot/gps, /autopilot/reboot, /autopilot/heartbeat_ground, /autopilot/status, /autopilot/acs_pose, /autopilot/imu, /autopilot/arm, /autopilot/set_landing] MAVLink STATUSTEXT: EKF2 IMU1 is using GPS
1551798899.815690040 INFO [MAVLinkBridge.py:377(_handle_statustext) [topics: /autopilot/waypoint_goto, /autopilot/weather_update, /autopilot/copter_takeoff, /autopilot/guided_goto, /autopilot/payload_waypoint, /rosout, /autopilot/heartbeat_onboard, /autopilot/gps_odom, /autopilot/mode, /autopilot/mode_num, /autopilot/gps, /autopilot/reboot, /autopilot/heartbeat_ground, /autopilot/status, /autopilot/acs_pose, /autopilot/imu, /autopilot/arm, /autopilot/set_landing] MAVLink STATUSTEXT: EKF2 IMU0 is using GPS
1551799514.867810964 WARN [nodeable.py:223(log_warn) [topics: /swarm_control/swarm_state, /network/recv_swarm_ctl_state, /rosout, /autopilot/acs_pose, /autopilot/status, /swarm_tracker/swarm_uav_states, /swarm_control/swarm_behavior, /network/recv_pose, /swarm_control/subswarm_id] UAV 110 possible crash: no updates for 36.132043 secs
1551799763.975406885 INFO [nodeable.py:215(log_info) [topics: /swarm_control/swarm_state, /network/recv_swarm_ctl_state, /rosout, /autopilot/acs_pose, /autopilot/status, /swarm_tracker/swarm_uav_states, /swarm_control/swarm_behavior, /network/recv_pose, /swarm_control/subswarm_id] Received update to possibly crashed UAV 110
