[rospy.client][INFO] 2012-12-31 16:00:23,398: init_node, name[/smart_shooter], pid[3091]
[xmlrpc][INFO] 2012-12-31 16:00:23,407: XML-RPC server binding to 0.0.0.0:0
[xmlrpc][INFO] 2012-12-31 16:00:23,408: Started XML-RPC server [http://copter131:52467/]
[rospy.impl.masterslave][INFO] 2012-12-31 16:00:23,408: _ready: http://copter131:52467/
[rospy.init][INFO] 2012-12-31 16:00:23,409: ROS Slave URI: [http://copter131:52467/]
[xmlrpc][INFO] 2012-12-31 16:00:23,421: xml rpc node: starting XML-RPC server
[rospy.registration][INFO] 2012-12-31 16:00:23,422: Registering with master node http://localhost:11311
[rospy.init][INFO] 2012-12-31 16:00:23,510: registered with master
[rospy.rosout][INFO] 2012-12-31 16:00:23,510: initializing /rosout core topic
[rospy.rosout][INFO] 2012-12-31 16:00:23,648: connected to core topic /rosout
[rospy.simtime][INFO] 2012-12-31 16:00:23,685: /use_sim_time is not set, will not subscribe to simulated time [/clock] topic
[rospy.internal][INFO] 2012-12-31 16:00:23,792: topic[/rosout] adding connection to [/rosout], count 0
[rospy.internal][INFO] 2012-12-31 16:00:24,263: topic[/safety/payload_waypoint] adding connection to [/safety], count 0
[rospy.internal][INFO] 2012-12-31 16:00:26,128: topic[/network/send_swarm_behavior_data] adding connection to [/network], count 0
[rospy.internal][INFO] 2019-03-05 07:13:18,710: topic[/autopilot/acs_pose] adding connection to [http://copter131:34594/], count 0
[rospy.internal][INFO] 2019-03-05 07:13:19,047: topic[/swarm_control/subswarm_id] adding connection to [http://copter131:36745/], count 0
[rospy.internal][INFO] 2019-03-05 07:13:19,194: topic[/swarm_control/ap_intent] adding connection to [http://copter131:36745/], count 0
[rospy.internal][INFO] 2019-03-05 07:13:19,340: topic[/autopilot/status] adding connection to [http://copter131:34594/], count 0
[rospy.internal][INFO] 2019-03-05 07:13:19,625: topic[/swarm_control/behavior_status] adding connection to [/swarm_control], count 0
[rospy.internal][INFO] 2019-03-05 07:13:19,785: topic[/hit_tracker/hit_uavs] adding connection to [http://copter131:45940/], count 0
[rospy.internal][INFO] 2019-03-05 07:13:19,798: topic[/air_to_air/firing_reports] adding connection to [/network], count 0
