[rospy.client][INFO] 2012-12-31 16:00:21,257: init_node, name[/swarm_tracker], pid[2812]
[xmlrpc][INFO] 2012-12-31 16:00:21,271: XML-RPC server binding to 0.0.0.0:0
[xmlrpc][INFO] 2012-12-31 16:00:21,272: Started XML-RPC server [http://copter131:54884/]
[rospy.impl.masterslave][INFO] 2012-12-31 16:00:21,272: _ready: http://copter131:54884/
[rospy.init][INFO] 2012-12-31 16:00:21,273: ROS Slave URI: [http://copter131:54884/]
[xmlrpc][INFO] 2012-12-31 16:00:21,279: xml rpc node: starting XML-RPC server
[rospy.registration][INFO] 2012-12-31 16:00:21,280: Registering with master node http://localhost:11311
[rospy.init][INFO] 2012-12-31 16:00:21,374: registered with master
[rospy.rosout][INFO] 2012-12-31 16:00:21,375: initializing /rosout core topic
[rospy.rosout][INFO] 2012-12-31 16:00:21,544: connected to core topic /rosout
[rospy.simtime][INFO] 2012-12-31 16:00:21,633: /use_sim_time is not set, will not subscribe to simulated time [/clock] topic
[rospy.internal][INFO] 2012-12-31 16:00:21,760: topic[/rosout] adding connection to [/rosout], count 0
[rospy.internal][INFO] 2012-12-31 16:00:26,126: topic[/network/recv_swarm_ctl_state] adding connection to [http://copter131:39413/], count 0
[rospy.internal][INFO] 2012-12-31 16:00:26,130: topic[/network/recv_pose] adding connection to [http://copter131:39413/], count 0
[rospy.internal][INFO] 2019-03-05 07:13:18,569: topic[/autopilot/acs_pose] adding connection to [http://copter131:34594/], count 0
[rosout][WARNING] 2019-03-05 07:13:18,666: UAV 131 possible crash: no updates for 6.000000 secs
[rosout][INFO] 2019-03-05 07:13:18,774: Received update to own UAV 131
[rospy.internal][INFO] 2019-03-05 07:13:18,920: topic[/swarm_tracker/swarm_uav_states] adding connection to [/safety], count 0
[rospy.internal][INFO] 2019-03-05 07:13:19,030: topic[/swarm_control/subswarm_id] adding connection to [http://copter131:36745/], count 0
[rospy.internal][INFO] 2019-03-05 07:13:19,315: topic[/autopilot/status] adding connection to [http://copter131:34594/], count 0
[rospy.internal][INFO] 2019-03-05 07:13:19,339: topic[/swarm_control/swarm_behavior] adding connection to [http://copter131:36745/], count 0
[rospy.internal][INFO] 2019-03-05 07:13:19,613: topic[/swarm_tracker/swarm_uav_states] adding connection to [/swarm_control], count 1
[rospy.internal][INFO] 2019-03-05 07:13:20,082: topic[/swarm_control/swarm_state] adding connection to [http://copter131:36745/], count 0
[rosout][WARNING] 2019-03-05 07:14:06,067: UAV 114 possible crash: no updates for 6.000000 secs
[rosout][INFO] 2019-03-05 07:14:36,151: Received update to possibly crashed UAV 114
[rosout][WARNING] 2019-03-05 07:25:14,867: UAV 110 possible crash: no updates for 36.132043 secs
[rosout][INFO] 2019-03-05 07:29:23,974: Received update to possibly crashed UAV 110
