[rospy.client][INFO] 2012-12-31 16:00:23,660: init_node, name[/wingman], pid[3131]
[xmlrpc][INFO] 2012-12-31 16:00:23,664: XML-RPC server binding to 0.0.0.0:0
[rospy.init][INFO] 2012-12-31 16:00:23,667: ROS Slave URI: [http://copter131:36837/]
[xmlrpc][INFO] 2012-12-31 16:00:23,667: Started XML-RPC server [http://copter131:36837/]
[rospy.impl.masterslave][INFO] 2012-12-31 16:00:23,668: _ready: http://copter131:36837/
[xmlrpc][INFO] 2012-12-31 16:00:23,669: xml rpc node: starting XML-RPC server
[rospy.registration][INFO] 2012-12-31 16:00:23,670: Registering with master node http://localhost:11311
[rospy.init][INFO] 2012-12-31 16:00:23,768: registered with master
[rospy.rosout][INFO] 2012-12-31 16:00:23,769: initializing /rosout core topic
[rospy.rosout][INFO] 2012-12-31 16:00:24,775: connected to core topic /rosout
[rospy.simtime][INFO] 2012-12-31 16:00:24,785: /use_sim_time is not set, will not subscribe to simulated time [/clock] topic
[rospy.internal][INFO] 2012-12-31 16:00:25,042: topic[/rosout] adding connection to [/rosout], count 0
[rospy.internal][INFO] 2012-12-31 16:00:25,307: topic[/safety/payload_waypoint] adding connection to [/safety], count 0
[rospy.internal][INFO] 2012-12-31 16:00:25,387: topic[/network/send_swarm_behavior_data] adding connection to [/network], count 0
[rospy.internal][INFO] 2019-03-05 07:13:18,509: topic[/autopilot/acs_pose] adding connection to [http://copter131:34594/], count 0
[rospy.internal][INFO] 2019-03-05 07:13:18,621: topic[/hit_tracker/hit_uavs] adding connection to [http://copter131:45940/], count 0
[rospy.internal][INFO] 2019-03-05 07:13:18,658: topic[/autopilot/waypoint_goto] adding connection to [/autopilot], count 0
[rospy.internal][INFO] 2019-03-05 07:13:18,732: topic[/air_to_air/firing_reports] adding connection to [/network], count 0
[rospy.internal][INFO] 2019-03-05 07:13:19,382: topic[/autopilot/status] adding connection to [http://copter131:34594/], count 0
[rospy.internal][INFO] 2019-03-05 07:13:19,622: topic[/swarm_control/behavior_status] adding connection to [/swarm_control], count 0
[rospy.internal][INFO] 2019-03-05 07:13:20,094: topic[/swarm_control/subswarm_id] adding connection to [http://copter131:36745/], count 0
[rospy.internal][INFO] 2019-03-05 07:13:20,162: topic[/swarm_control/ap_intent] adding connection to [http://copter131:36745/], count 0
