[rospy.client][INFO] 2019-02-27 11:55:57,426: init_node, name[/radeyeNode_22764_1551297357381], pid[22764]
[xmlrpc][INFO] 2019-02-27 11:55:57,427: XML-RPC server binding to 0.0.0.0:0
[xmlrpc][INFO] 2019-02-27 11:55:57,427: Started XML-RPC server [http://copter131:57801/]
[rospy.init][INFO] 2019-02-27 11:55:57,428: ROS Slave URI: [http://copter131:57801/]
[rospy.impl.masterslave][INFO] 2019-02-27 11:55:57,428: _ready: http://copter131:57801/
[xmlrpc][INFO] 2019-02-27 11:55:57,429: xml rpc node: starting XML-RPC server
[rospy.registration][INFO] 2019-02-27 11:55:57,430: Registering with master node http://localhost:11311
[rospy.init][INFO] 2019-02-27 11:55:57,528: registered with master
[rospy.rosout][INFO] 2019-02-27 11:55:57,529: initializing /rosout core topic
[rospy.rosout][INFO] 2019-02-27 11:55:57,536: connected to core topic /rosout
[rospy.simtime][INFO] 2019-02-27 11:55:57,542: /use_sim_time is not set, will not subscribe to simulated time [/clock] topic
[rospy.internal][INFO] 2019-02-27 11:55:57,604: topic[/autopilot/gps_odom] adding connection to [http://copter131:36919/], count 0
[rospy.internal][INFO] 2019-02-27 11:55:57,637: topic[/autopilot/gps] adding connection to [http://copter131:36919/], count 0
[rospy.internal][INFO] 2019-02-27 11:55:57,801: topic[/rosout] adding connection to [/rosout], count 0
[rospy.core][INFO] 2019-02-27 11:57:06,191: signal_shutdown [atexit]
[rospy.internal][INFO] 2019-02-27 11:57:06,210: topic[/rosout] removing connection to /rosout
[rospy.internal][INFO] 2019-02-27 11:57:06,211: topic[/autopilot/gps_odom] removing connection to http://copter131:36919/
[rospy.internal][INFO] 2019-02-27 11:57:06,214: topic[/autopilot/gps] removing connection to http://copter131:36919/
[rospy.internal][WARNING] 2019-02-27 11:57:06,216: Unknown error initiating TCP/IP socket to copter131:59488 (http://copter131:36919/): Traceback (most recent call last):
  File "/opt/ros/indigo/lib/python2.7/dist-packages/rospy/impl/tcpros_base.py", line 558, in connect
    self.local_endpoint = self.socket.getsockname()
AttributeError: 'NoneType' object has no attribute 'getsockname'

[rospy.impl.masterslave][INFO] 2019-02-27 11:57:06,218: atexit
