[rospy.client][INFO] 2019-02-27 12:46:02,410: init_node, name[/radeyeNode_22468_1551300362366], pid[22468]
[xmlrpc][INFO] 2019-02-27 12:46:02,411: XML-RPC server binding to 0.0.0.0:0
[xmlrpc][INFO] 2019-02-27 12:46:02,411: Started XML-RPC server [http://copter131:40627/]
[rospy.init][INFO] 2019-02-27 12:46:02,412: ROS Slave URI: [http://copter131:40627/]
[rospy.impl.masterslave][INFO] 2019-02-27 12:46:02,412: _ready: http://copter131:40627/
[xmlrpc][INFO] 2019-02-27 12:46:02,413: xml rpc node: starting XML-RPC server
[rospy.registration][INFO] 2019-02-27 12:46:02,414: Registering with master node http://localhost:11311
[rospy.init][INFO] 2019-02-27 12:46:02,512: registered with master
[rospy.rosout][INFO] 2019-02-27 12:46:02,513: initializing /rosout core topic
[rospy.rosout][INFO] 2019-02-27 12:46:02,521: connected to core topic /rosout
[rospy.simtime][INFO] 2019-02-27 12:46:02,527: /use_sim_time is not set, will not subscribe to simulated time [/clock] topic
[rospy.internal][INFO] 2019-02-27 12:46:02,589: topic[/autopilot/gps_odom] adding connection to [http://copter131:48134/], count 0
[rospy.internal][INFO] 2019-02-27 12:46:02,625: topic[/autopilot/gps] adding connection to [http://copter131:48134/], count 0
[rospy.internal][INFO] 2019-02-27 12:46:02,758: topic[/rosout] adding connection to [/rosout], count 0
[rospy.core][INFO] 2019-02-27 12:46:04,676: signal_shutdown [atexit]
[rospy.internal][INFO] 2019-02-27 12:46:04,691: topic[/rosout] removing connection to /rosout
[rospy.internal][INFO] 2019-02-27 12:46:04,692: topic[/autopilot/gps_odom] removing connection to http://copter131:48134/
[rospy.internal][INFO] 2019-02-27 12:46:04,696: topic[/autopilot/gps] removing connection to http://copter131:48134/
[rospy.impl.masterslave][INFO] 2019-02-27 12:46:04,697: atexit
[rospy.internal][WARNING] 2019-02-27 12:46:04,704: Unknown error initiating TCP/IP socket to copter131:56379 (http://copter131:48134/): Traceback (most recent call last):
  File "/opt/ros/indigo/lib/python2.7/dist-packages/rospy/impl/tcpros_base.py", line 558, in connect
    self.local_endpoint = self.socket.getsockname()
AttributeError: 'NoneType' object has no attribute 'getsockname'

