[rospy.client][INFO] 2019-02-28 06:34:44,013: init_node, name[/radeyeNode_17756_1551364483969], pid[17756]
[xmlrpc][INFO] 2019-02-28 06:34:44,014: XML-RPC server binding to 0.0.0.0:0
[xmlrpc][INFO] 2019-02-28 06:34:44,015: Started XML-RPC server [http://copter131:41201/]
[rospy.init][INFO] 2019-02-28 06:34:44,016: ROS Slave URI: [http://copter131:41201/]
[rospy.impl.masterslave][INFO] 2019-02-28 06:34:44,016: _ready: http://copter131:41201/
[xmlrpc][INFO] 2019-02-28 06:34:44,017: xml rpc node: starting XML-RPC server
[rospy.registration][INFO] 2019-02-28 06:34:44,018: Registering with master node http://localhost:11311
[rospy.init][INFO] 2019-02-28 06:34:44,116: registered with master
[rospy.rosout][INFO] 2019-02-28 06:34:44,117: initializing /rosout core topic
[rospy.rosout][INFO] 2019-02-28 06:34:44,124: connected to core topic /rosout
[rospy.simtime][INFO] 2019-02-28 06:34:44,131: /use_sim_time is not set, will not subscribe to simulated time [/clock] topic
[rospy.internal][INFO] 2019-02-28 06:34:44,198: topic[/autopilot/gps_odom] adding connection to [http://copter131:47502/], count 0
[rospy.internal][INFO] 2019-02-28 06:34:44,232: topic[/autopilot/gps] adding connection to [http://copter131:47502/], count 0
[rospy.internal][INFO] 2019-02-28 06:34:44,358: topic[/rosout] adding connection to [/rosout], count 0
[rospy.core][INFO] 2019-02-28 06:35:04,722: signal_shutdown [atexit]
[rospy.internal][INFO] 2019-02-28 06:35:04,735: topic[/rosout] removing connection to /rosout
[rospy.internal][INFO] 2019-02-28 06:35:04,736: topic[/autopilot/gps_odom] removing connection to http://copter131:47502/
[rospy.internal][INFO] 2019-02-28 06:35:04,737: topic[/autopilot/gps] removing connection to http://copter131:47502/
[rospy.impl.masterslave][INFO] 2019-02-28 06:35:04,739: atexit
[rospy.internal][WARNING] 2019-02-28 06:35:04,742: Unknown error initiating TCP/IP socket to copter131:36653 (http://copter131:47502/): Traceback (most recent call last):
  File "/opt/ros/indigo/lib/python2.7/dist-packages/rospy/impl/tcpros_base.py", line 557, in connect
    self.read_header()
  File "/opt/ros/indigo/lib/python2.7/dist-packages/rospy/impl/tcpros_base.py", line 618, in read_header
    self._validate_header(read_ros_handshake_header(sock, self.read_buff, self.protocol.buff_size))
AttributeError: 'NoneType' object has no attribute 'buff_size'

