[rospy.client][INFO] 2019-02-26 13:55:55,348: init_node, name[/radeyeNode_27075_1551218155303], pid[27075]
[xmlrpc][INFO] 2019-02-26 13:55:55,349: XML-RPC server binding to 0.0.0.0:0
[xmlrpc][INFO] 2019-02-26 13:55:55,350: Started XML-RPC server [http://copter131:51321/]
[rospy.init][INFO] 2019-02-26 13:55:55,350: ROS Slave URI: [http://copter131:51321/]
[rospy.impl.masterslave][INFO] 2019-02-26 13:55:55,351: _ready: http://copter131:51321/
[xmlrpc][INFO] 2019-02-26 13:55:55,352: xml rpc node: starting XML-RPC server
[rospy.registration][INFO] 2019-02-26 13:55:55,353: Registering with master node http://localhost:11311
[rospy.init][INFO] 2019-02-26 13:55:55,451: registered with master
[rospy.rosout][INFO] 2019-02-26 13:55:55,452: initializing /rosout core topic
[rospy.rosout][INFO] 2019-02-26 13:55:55,460: connected to core topic /rosout
[rospy.simtime][INFO] 2019-02-26 13:55:55,466: /use_sim_time is not set, will not subscribe to simulated time [/clock] topic
[rospy.internal][INFO] 2019-02-26 13:55:55,526: topic[/autopilot/gps_odom] adding connection to [http://copter131:46730/], count 0
[rospy.internal][INFO] 2019-02-26 13:55:55,560: topic[/autopilot/gps] adding connection to [http://copter131:46730/], count 0
[rospy.core][INFO] 2019-02-26 13:55:55,616: signal_shutdown [atexit]
[rospy.internal][INFO] 2019-02-26 13:55:55,629: topic[/autopilot/gps_odom] removing connection to http://copter131:46730/
[rospy.internal][INFO] 2019-02-26 13:55:55,631: topic[/autopilot/gps] removing connection to http://copter131:46730/
[rospy.internal][WARNING] 2019-02-26 13:55:55,634: Unknown error initiating TCP/IP socket to copter131:37002 (http://copter131:46730/): Traceback (most recent call last):
  File "/opt/ros/indigo/lib/python2.7/dist-packages/rospy/impl/tcpros_base.py", line 558, in connect
    self.local_endpoint = self.socket.getsockname()
AttributeError: 'NoneType' object has no attribute 'getsockname'

[rospy.impl.masterslave][INFO] 2019-02-26 13:55:55,636: atexit
