[rospy.client][INFO] 2019-02-27 14:22:30,628: init_node, name[/radeyeNode_15179_1551306150583], pid[15179]
[xmlrpc][INFO] 2019-02-27 14:22:30,629: XML-RPC server binding to 0.0.0.0:0
[xmlrpc][INFO] 2019-02-27 14:22:30,630: Started XML-RPC server [http://copter131:39259/]
[rospy.init][INFO] 2019-02-27 14:22:30,630: ROS Slave URI: [http://copter131:39259/]
[rospy.impl.masterslave][INFO] 2019-02-27 14:22:30,630: _ready: http://copter131:39259/
[xmlrpc][INFO] 2019-02-27 14:22:30,631: xml rpc node: starting XML-RPC server
[rospy.registration][INFO] 2019-02-27 14:22:30,632: Registering with master node http://localhost:11311
[rospy.init][INFO] 2019-02-27 14:22:30,731: registered with master
[rospy.rosout][INFO] 2019-02-27 14:22:30,731: initializing /rosout core topic
[rospy.rosout][INFO] 2019-02-27 14:22:30,739: connected to core topic /rosout
[rospy.simtime][INFO] 2019-02-27 14:22:30,745: /use_sim_time is not set, will not subscribe to simulated time [/clock] topic
[rospy.internal][INFO] 2019-02-27 14:22:30,811: topic[/autopilot/gps_odom] adding connection to [http://copter131:60918/], count 0
[rospy.internal][INFO] 2019-02-27 14:22:30,873: topic[/autopilot/gps] adding connection to [http://copter131:60918/], count 0
[rospy.internal][INFO] 2019-02-27 14:22:31,038: topic[/rosout] adding connection to [/rosout], count 0
[rospy.core][INFO] 2019-02-27 14:22:36,575: signal_shutdown [atexit]
[rospy.internal][INFO] 2019-02-27 14:22:36,587: topic[/rosout] removing connection to /rosout
[rospy.internal][INFO] 2019-02-27 14:22:36,588: topic[/autopilot/gps_odom] removing connection to http://copter131:60918/
[rospy.internal][INFO] 2019-02-27 14:22:36,592: topic[/autopilot/gps] removing connection to http://copter131:60918/
[rospy.internal][WARNING] 2019-02-27 14:22:36,595: Unknown error initiating TCP/IP socket to copter131:46392 (http://copter131:60918/): Traceback (most recent call last):
  File "/opt/ros/indigo/lib/python2.7/dist-packages/rospy/impl/tcpros_base.py", line 558, in connect
    self.local_endpoint = self.socket.getsockname()
AttributeError: 'NoneType' object has no attribute 'getsockname'

[rospy.impl.masterslave][INFO] 2019-02-27 14:22:36,593: atexit
