[rospy.client][INFO] 2019-02-27 14:15:36,192: init_node, name[/radeyeNode_21242_1551305736148], pid[21242]
[xmlrpc][INFO] 2019-02-27 14:15:36,193: XML-RPC server binding to 0.0.0.0:0
[xmlrpc][INFO] 2019-02-27 14:15:36,194: Started XML-RPC server [http://copter131:45314/]
[rospy.init][INFO] 2019-02-27 14:15:36,194: ROS Slave URI: [http://copter131:45314/]
[rospy.impl.masterslave][INFO] 2019-02-27 14:15:36,194: _ready: http://copter131:45314/
[xmlrpc][INFO] 2019-02-27 14:15:36,196: xml rpc node: starting XML-RPC server
[rospy.registration][INFO] 2019-02-27 14:15:36,197: Registering with master node http://localhost:11311
[rospy.init][INFO] 2019-02-27 14:15:36,295: registered with master
[rospy.rosout][INFO] 2019-02-27 14:15:36,295: initializing /rosout core topic
[rospy.rosout][INFO] 2019-02-27 14:15:36,302: connected to core topic /rosout
[rospy.simtime][INFO] 2019-02-27 14:15:36,307: /use_sim_time is not set, will not subscribe to simulated time [/clock] topic
[rospy.internal][INFO] 2019-02-27 14:15:36,417: topic[/tactical_interface/radiation] adding connection to [/tactic_interface], count 0
[rospy.internal][INFO] 2019-02-27 14:15:36,595: topic[/rosout] adding connection to [/rosout], count 0
[rospy.internal][INFO] 2019-02-27 14:16:19,835: topic[/tactical_interface/radiation] adding connection to [/rostopic_23935_1551305779558], count 1
[rospy.internal][INFO] 2019-02-27 14:16:28,370: topic[/tactical_interface/radiation] removing connection to /rostopic_23935_1551305779558
[rospy.core][INFO] 2019-02-27 14:16:35,885: signal_shutdown [signal-2]
[rospy.internal][INFO] 2019-02-27 14:16:35,897: topic[/tactical_interface/radiation] removing connection to /tactic_interface
[rospy.internal][INFO] 2019-02-27 14:16:35,900: topic[/rosout] removing connection to /rosout
[rospy.impl.masterslave][INFO] 2019-02-27 14:16:35,902: signal-2
[rospy.core][INFO] 2019-02-27 14:16:36,518: signal_shutdown [atexit]
