[rospy.client][INFO] 2019-03-21 06:42:10,484: init_node, name[/rostopic_31617_1553175730440], pid[31617]
[xmlrpc][INFO] 2019-03-21 06:42:10,485: XML-RPC server binding to 0.0.0.0:0
[xmlrpc][INFO] 2019-03-21 06:42:10,486: Started XML-RPC server [http://copter131:53919/]
[rospy.init][INFO] 2019-03-21 06:42:10,486: ROS Slave URI: [http://copter131:53919/]
[rospy.impl.masterslave][INFO] 2019-03-21 06:42:10,487: _ready: http://copter131:53919/
[xmlrpc][INFO] 2019-03-21 06:42:10,488: xml rpc node: starting XML-RPC server
[rospy.registration][INFO] 2019-03-21 06:42:10,488: Registering with master node http://localhost:11311
[rospy.init][INFO] 2019-03-21 06:42:10,587: registered with master
[rospy.rosout][INFO] 2019-03-21 06:42:10,588: initializing /rosout core topic
[rospy.rosout][INFO] 2019-03-21 06:42:10,593: connected to core topic /rosout
[rospy.simtime][INFO] 2019-03-21 06:42:10,603: /use_sim_time is not set, will not subscribe to simulated time [/clock] topic
[rospy.internal][INFO] 2019-03-21 06:42:10,717: topic[/tactic_interface/altitude] adding connection to [http://copter131:39555/], count 0
[rospy.core][INFO] 2019-03-21 06:42:15,068: signal_shutdown [signal-2]
[rospy.internal][INFO] 2019-03-21 06:42:15,081: topic[/tactic_interface/altitude] removing connection to http://copter131:39555/
[rospy.impl.masterslave][INFO] 2019-03-21 06:42:15,083: signal-2
[rospy.internal][ERROR] 2019-03-21 06:42:15,084: Traceback (most recent call last):
  File "/opt/ros/indigo/lib/python2.7/dist-packages/rospy/impl/tcpros_base.py", line 697, in receive_once
    self.stat_bytes += recv_buff(sock, b, p.buff_size)
  File "/opt/ros/indigo/lib/python2.7/dist-packages/rospy/impl/tcpros_base.py", line 103, in recv_buff
    d = sock.recv(buff_size)
error: [Errno 104] Connection reset by peer

[rospy.core][INFO] 2019-03-21 06:42:15,700: signal_shutdown [atexit]
