[rospy.client][INFO] 2019-03-07 08:14:57,722: init_node, name[/greedy_shooter], pid[3077]
[xmlrpc][INFO] 2019-03-07 08:14:57,742: XML-RPC server binding to 0.0.0.0:0
[xmlrpc][INFO] 2019-03-07 08:14:57,744: Started XML-RPC server [http://copter131:33178/]
[rospy.impl.masterslave][INFO] 2019-03-07 08:14:57,744: _ready: http://copter131:33178/
[rospy.init][INFO] 2019-03-07 08:14:57,744: ROS Slave URI: [http://copter131:33178/]
[rospy.registration][INFO] 2019-03-07 08:14:57,763: Registering with master node http://localhost:11311
[xmlrpc][INFO] 2019-03-07 08:14:57,763: xml rpc node: starting XML-RPC server
[rospy.registration][INFO] 2019-03-07 08:14:57,763: Registering publisher topic [/safety/payload_waypoint] type [autopilot_bridge/LLA] with master
[rospy.registration][INFO] 2019-03-07 08:14:57,841: registering subscriber topic [/autopilot/status] type [autopilot_bridge/Status] with master
[rospy.init][INFO] 2019-03-07 08:14:57,946: registered with master
[rospy.rosout][INFO] 2019-03-07 08:14:57,947: initializing /rosout core topic
[rospy.internal][INFO] 2019-03-07 08:14:57,970: topic[/safety/payload_waypoint] adding connection to [/safety], count 0
[rospy.rosout][INFO] 2019-03-07 08:14:58,000: connected to core topic /rosout
[rospy.simtime][INFO] 2019-03-07 08:14:58,014: /use_sim_time is not set, will not subscribe to simulated time [/clock] topic
[rospy.internal][INFO] 2019-03-07 08:14:58,190: topic[/rosout] adding connection to [/rosout], count 0
[rospy.internal][INFO] 2019-03-07 08:14:58,781: topic[/network/send_swarm_behavior_data] adding connection to [/network], count 0
[rospy.internal][INFO] 2019-03-07 08:14:59,898: topic[/autopilot/status] adding connection to [http://copter131:43590/], count 0
[rospy.internal][INFO] 2019-03-07 08:14:59,939: topic[/autopilot/acs_pose] adding connection to [http://copter131:43590/], count 0
[rospy.internal][INFO] 2019-03-07 08:15:00,061: topic[/hit_tracker/hit_uavs] adding connection to [http://copter131:47557/], count 0
[rospy.internal][INFO] 2019-03-07 08:15:00,085: topic[/swarm_control/behavior_status] adding connection to [/swarm_control], count 0
[rospy.internal][INFO] 2019-03-07 08:15:00,227: topic[/air_to_air/firing_reports] adding connection to [/network], count 0
[rospy.internal][INFO] 2019-03-07 08:15:00,258: topic[/autopilot/waypoint_goto] adding connection to [/autopilot], count 0
[rospy.internal][INFO] 2019-03-07 08:15:00,273: topic[/autopilot/waypoint_goto] adding connection to [/autopilot], count 1
[rospy.internal][INFO] 2019-03-07 08:15:00,275: topic[/autopilot/waypoint_goto] removing connection to /autopilot
[rospy.internal][INFO] 2019-03-07 08:15:01,160: topic[/swarm_control/subswarm_id] adding connection to [http://copter131:40252/], count 0
[rospy.internal][INFO] 2019-03-07 08:15:02,229: topic[/swarm_control/ap_intent] adding connection to [http://copter131:40252/], count 0
