[rospy.client][INFO] 2019-03-07 08:14:56,061: init_node, name[/swarm_control], pid[2899]
[xmlrpc][INFO] 2019-03-07 08:14:56,064: XML-RPC server binding to 0.0.0.0:0
[rospy.init][INFO] 2019-03-07 08:14:56,066: ROS Slave URI: [http://copter131:40252/]
[xmlrpc][INFO] 2019-03-07 08:14:56,066: Started XML-RPC server [http://copter131:40252/]
[rospy.impl.masterslave][INFO] 2019-03-07 08:14:56,067: _ready: http://copter131:40252/
[xmlrpc][INFO] 2019-03-07 08:14:56,067: xml rpc node: starting XML-RPC server
[rospy.registration][INFO] 2019-03-07 08:14:56,068: Registering with master node http://localhost:11311
[rospy.init][INFO] 2019-03-07 08:14:56,167: registered with master
[rospy.rosout][INFO] 2019-03-07 08:14:56,167: initializing /rosout core topic
[rospy.rosout][INFO] 2019-03-07 08:14:56,244: connected to core topic /rosout
[rospy.simtime][INFO] 2019-03-07 08:14:56,341: /use_sim_time is not set, will not subscribe to simulated time [/clock] topic
[rospy.internal][INFO] 2019-03-07 08:14:56,470: topic[/rosout] adding connection to [/rosout], count 0
[rosout][INFO] 2019-03-07 08:14:58,591: Behavior patrol_box successfully registered with ID 12
[rosout][INFO] 2019-03-07 08:14:58,739: Behavior pn_interceptor successfully registered with ID 5
[rosout][INFO] 2019-03-07 08:14:58,928: Behavior simple_ground_attack successfully registered with ID 16
[rosout][INFO] 2019-03-07 08:14:58,956: Behavior evader successfully registered with ID 15
[rosout][INFO] 2019-03-07 08:14:59,247: Behavior independent_transit successfully registered with ID 8
[rosout][INFO] 2019-03-07 08:14:59,868: Behavior swarm_landing_sequencer successfully registered with ID 98
[rospy.internal][INFO] 2019-03-07 08:15:00,063: topic[/swarm_control/behavior_status] adding connection to [http://copter131:49603/], count 0
[rospy.internal][INFO] 2019-03-07 08:15:00,065: topic[/swarm_control/behavior_status] adding connection to [http://copter131:33178/], count 1
[rospy.internal][INFO] 2019-03-07 08:15:00,065: topic[/swarm_control/behavior_status] adding connection to [http://copter131:55951/], count 2
[rospy.internal][INFO] 2019-03-07 08:15:00,069: topic[/swarm_control/behavior_status] adding connection to [http://copter131:41331/], count 3
[rospy.internal][INFO] 2019-03-07 08:15:00,072: topic[/swarm_control/behavior_status] adding connection to [http://copter131:38419/], count 4
[rospy.internal][INFO] 2019-03-07 08:15:00,076: topic[/swarm_control/behavior_status] adding connection to [http://copter131:52723/], count 5
[rospy.internal][INFO] 2019-03-07 08:15:00,083: topic[/swarm_control/behavior_status] adding connection to [http://copter131:32820/], count 6
[rospy.internal][INFO] 2019-03-07 08:15:00,095: topic[/swarm_control/behavior_status] adding connection to [http://copter131:35913/], count 7
[rospy.internal][INFO] 2019-03-07 08:15:00,099: topic[/swarm_control/behavior_status] adding connection to [http://copter131:59171/], count 7
[rospy.internal][INFO] 2019-03-07 08:15:00,100: topic[/swarm_control/behavior_status] adding connection to [http://copter131:49178/], count 8
[rospy.internal][INFO] 2019-03-07 08:15:00,103: topic[/swarm_control/behavior_status] adding connection to [http://copter131:42662/], count 9
[rosout][INFO] 2019-03-07 08:15:00,122: Behavior patrol_box_shooter successfully registered with ID 13
[rosout][INFO] 2019-03-07 08:15:00,176: Behavior greedy_shooter successfully registered with ID 4
[rosout][INFO] 2019-03-07 08:15:00,202: Behavior tactic_interface successfully registered with ID 14
[rosout][INFO] 2019-03-07 08:15:00,356: Behavior linear_formation successfully registered with ID 1
[rospy.internal][INFO] 2019-03-07 08:15:00,378: topic[/swarm_control/behavior_status] adding connection to [http://copter131:49571/], count 11
[rospy.internal][INFO] 2019-03-07 08:15:00,544: topic[/swarm_tracker/swarm_uav_states] adding connection to [http://copter131:57915/], count 0
[rosout][INFO] 2019-03-07 08:15:00,633: Behavior smart_shooter successfully registered with ID 9
[rospy.internal][INFO] 2019-03-07 08:15:00,666: topic[/swarm_control/behavior_status] adding connection to [http://copter131:40507/], count 12
[rosout][INFO] 2019-03-07 08:15:00,910: Behavior constrained_shooter successfully registered with ID 10
[rosout][INFO] 2019-03-07 08:15:00,919: Behavior wingman successfully registered with ID 11
[rosout][INFO] 2019-03-07 08:15:01,077: Subswarm updated to 0
[rosout][INFO] 2019-03-07 08:15:01,079: Swarm state updated to Preflight
[rosout][INFO] 2019-03-07 08:15:01,080: Active swarm behavior updated to standby
[rospy.internal][INFO] 2019-03-07 08:15:01,083: topic[/autopilot/status] adding connection to [http://copter131:43590/], count 0
[rospy.internal][INFO] 2019-03-07 08:15:01,164: topic[/swarm_control/subswarm_id] adding connection to [/greedy_shooter], count 0
[rospy.internal][INFO] 2019-03-07 08:15:01,167: topic[/swarm_control/subswarm_id] adding connection to [/independent_transit], count 1
[rospy.internal][INFO] 2019-03-07 08:15:01,185: topic[/swarm_control/subswarm_id] adding connection to [/simple_ground_attack], count 2
[rospy.internal][INFO] 2019-03-07 08:15:01,200: topic[/swarm_control/subswarm_id] adding connection to [/network], count 3
[rospy.internal][INFO] 2019-03-07 08:15:01,210: topic[/swarm_control/subswarm_id] adding connection to [/swarm_landing_sequencer], count 4
[rospy.internal][INFO] 2019-03-07 08:15:01,221: topic[/swarm_control/subswarm_id] adding connection to [/tactic_interface], count 5
[rospy.internal][INFO] 2019-03-07 08:15:01,225: topic[/swarm_control/subswarm_id] adding connection to [/constrained_shooter], count 6
[rospy.internal][INFO] 2019-03-07 08:15:01,240: topic[/swarm_control/subswarm_id] adding connection to [/evader], count 7
[rospy.internal][INFO] 2019-03-07 08:15:01,247: topic[/swarm_control/subswarm_id] adding connection to [/wingman], count 8
[rospy.internal][INFO] 2019-03-07 08:15:01,252: topic[/swarm_control/subswarm_id] adding connection to [/patrol_box_shooter], count 9
[rospy.internal][INFO] 2019-03-07 08:15:01,254: topic[/swarm_control/swarm_state] adding connection to [/network], count 0
[rospy.internal][INFO] 2019-03-07 08:15:01,256: topic[/swarm_control/subswarm_id] adding connection to [/patrol_box], count 10
[rospy.internal][INFO] 2019-03-07 08:15:01,263: topic[/swarm_control/subswarm_id] adding connection to [/linear_formation], count 11
[rospy.internal][INFO] 2019-03-07 08:15:01,269: topic[/swarm_control/subswarm_id] adding connection to [/pn_interceptor], count 12
[rospy.internal][INFO] 2019-03-07 08:15:01,272: topic[/swarm_control/swarm_behavior] adding connection to [/network], count 0
[rospy.internal][INFO] 2019-03-07 08:15:01,273: topic[/swarm_control/subswarm_id] adding connection to [/smart_shooter], count 13
[rospy.internal][INFO] 2019-03-07 08:15:01,275: topic[/swarm_control/ap_intent] adding connection to [/constrained_shooter], count 0
[rospy.internal][INFO] 2019-03-07 08:15:01,296: topic[/swarm_control/ap_intent] adding connection to [/patrol_box], count 1
[rospy.internal][INFO] 2019-03-07 08:15:01,299: topic[/swarm_control/ap_intent] adding connection to [/simple_ground_attack], count 2
[rospy.internal][INFO] 2019-03-07 08:15:01,312: topic[/swarm_control/ap_intent] adding connection to [/independent_transit], count 3
[rospy.internal][INFO] 2019-03-07 08:15:01,314: topic[/swarm_control/ap_intent] adding connection to [/patrol_box_shooter], count 4
[rospy.internal][INFO] 2019-03-07 08:15:01,315: topic[/autopilot/waypoint_goto] adding connection to [/autopilot], count 0
[rospy.internal][INFO] 2019-03-07 08:15:01,317: topic[/swarm_control/behavior_summary] adding connection to [/network], count 0
[rospy.internal][INFO] 2019-03-07 08:15:01,319: topic[/swarm_control/ap_intent] adding connection to [/linear_formation], count 5
[rospy.internal][INFO] 2019-03-07 08:15:01,324: topic[/autopilot/mode_num] adding connection to [/autopilot], count 0
[rospy.internal][INFO] 2019-03-07 08:15:01,452: topic[/swarm_control/swarm_state] adding connection to [/swarm_tracker], count 1
[rospy.internal][INFO] 2019-03-07 08:15:01,454: topic[/swarm_control/swarm_behavior] adding connection to [/swarm_tracker], count 1
[rospy.internal][INFO] 2019-03-07 08:15:02,228: topic[/swarm_control/subswarm_id] adding connection to [/swarm_tracker], count 14
[rospy.internal][INFO] 2019-03-07 08:15:02,232: topic[/swarm_control/ap_intent] adding connection to [/greedy_shooter], count 6
[rospy.internal][INFO] 2019-03-07 08:15:02,246: topic[/swarm_control/ap_intent] adding connection to [/wingman], count 7
[rospy.internal][INFO] 2019-03-07 08:15:02,256: topic[/swarm_control/ap_intent] adding connection to [/swarm_landing_sequencer], count 8
[rospy.internal][INFO] 2019-03-07 08:15:02,259: topic[/swarm_control/ap_intent] adding connection to [/smart_shooter], count 9
[rospy.internal][INFO] 2019-03-07 08:15:02,264: topic[/swarm_control/ap_intent] adding connection to [/evader], count 10
[rospy.internal][INFO] 2019-03-07 08:15:02,272: topic[/swarm_control/ap_intent] adding connection to [/tactic_interface], count 11
[rospy.internal][INFO] 2019-03-07 08:15:02,276: topic[/swarm_control/ap_intent] adding connection to [/pn_interceptor], count 12
