[rospy.client][INFO] 2012-12-31 16:00:17,238: init_node, name[/independent_transit], pid[2867]
[xmlrpc][INFO] 2012-12-31 16:00:17,243: XML-RPC server binding to 0.0.0.0:0
[rospy.init][INFO] 2012-12-31 16:00:17,245: ROS Slave URI: [http://copter131:33831/]
[xmlrpc][INFO] 2012-12-31 16:00:17,245: Started XML-RPC server [http://copter131:33831/]
[rospy.impl.masterslave][INFO] 2012-12-31 16:00:17,246: _ready: http://copter131:33831/
[xmlrpc][INFO] 2012-12-31 16:00:17,247: xml rpc node: starting XML-RPC server
[rospy.registration][INFO] 2012-12-31 16:00:17,248: Registering with master node http://localhost:11311
[rospy.init][INFO] 2012-12-31 16:00:17,346: registered with master
[rospy.rosout][INFO] 2012-12-31 16:00:17,347: initializing /rosout core topic
[rospy.rosout][INFO] 2012-12-31 16:00:17,492: connected to core topic /rosout
[rospy.simtime][INFO] 2012-12-31 16:00:17,593: /use_sim_time is not set, will not subscribe to simulated time [/clock] topic
[rospy.internal][INFO] 2012-12-31 16:00:17,794: topic[/rosout] adding connection to [/rosout], count 0
[rospy.internal][INFO] 2019-02-27 12:15:52,093: topic[/safety/payload_waypoint] adding connection to [/safety], count 0
[rospy.internal][INFO] 2019-02-27 12:15:52,388: topic[/network/send_swarm_behavior_data] adding connection to [/network], count 0
[rospy.internal][INFO] 2019-02-27 12:15:53,693: topic[/swarm_control/behavior_status] adding connection to [/swarm_control], count 0
[rospy.internal][INFO] 2019-02-27 12:15:53,967: topic[/swarm_control/subswarm_id] adding connection to [http://copter131:37532/], count 0
[rospy.internal][INFO] 2019-02-27 12:15:53,984: topic[/swarm_control/ap_intent] adding connection to [http://copter131:37532/], count 0
[rospy.internal][INFO] 2019-02-27 12:15:54,097: topic[/autopilot/status] adding connection to [http://copter131:51261/], count 0
[rosout][INFO] 2019-02-27 12:17:51,540: independent_transit activate request False returned False
[rosout][INFO] 2019-02-27 12:18:28,240: independent_transit activate request False returned False
[rosout][INFO] 2019-02-27 12:18:56,947: independent_transit activate request False returned False
[rosout][INFO] 2019-02-27 12:19:13,330: independent_transit activate request False returned False
[rosout][INFO] 2019-02-27 12:19:30,849: independent_transit activate request False returned False
[rosout][INFO] 2019-02-27 12:26:08,484: independent_transit activate request False returned False
[rosout][INFO] 2019-02-27 12:32:52,256: independent_transit activate request False returned False
[rosout][INFO] 2019-02-27 12:33:51,611: independent_transit activate request False returned False
[rosout][INFO] 2019-02-27 12:34:06,690: independent_transit activate request False returned False
[rosout][INFO] 2019-02-27 12:38:18,627: independent_transit activate request False returned False
