[rospy.client][INFO] 2012-12-31 16:00:17,945: init_node, name[/linear_formation], pid[2938]
[xmlrpc][INFO] 2012-12-31 16:00:17,969: XML-RPC server binding to 0.0.0.0:0
[xmlrpc][INFO] 2012-12-31 16:00:17,970: Started XML-RPC server [http://copter131:43902/]
[rospy.init][INFO] 2012-12-31 16:00:17,971: ROS Slave URI: [http://copter131:43902/]
[rospy.impl.masterslave][INFO] 2012-12-31 16:00:17,971: _ready: http://copter131:43902/
[rospy.registration][INFO] 2012-12-31 16:00:17,981: Registering with master node http://localhost:11311
[xmlrpc][INFO] 2012-12-31 16:00:17,981: xml rpc node: starting XML-RPC server
[rospy.init][INFO] 2012-12-31 16:00:18,072: registered with master
[rospy.rosout][INFO] 2012-12-31 16:00:18,073: initializing /rosout core topic
[rospy.rosout][INFO] 2012-12-31 16:00:18,115: connected to core topic /rosout
[rospy.simtime][INFO] 2012-12-31 16:00:18,201: /use_sim_time is not set, will not subscribe to simulated time [/clock] topic
[rospy.internal][INFO] 2012-12-31 16:00:18,320: topic[/rosout] adding connection to [/rosout], count 0
[rospy.internal][INFO] 2019-02-27 12:15:52,093: topic[/safety/payload_waypoint] adding connection to [/safety], count 0
[rospy.internal][INFO] 2019-02-27 12:15:52,389: topic[/network/send_swarm_behavior_data] adding connection to [/network], count 0
[rospy.internal][INFO] 2019-02-27 12:15:53,570: topic[/autopilot/waypoint_goto] adding connection to [/autopilot], count 0
[rospy.internal][INFO] 2019-02-27 12:15:53,699: topic[/swarm_control/behavior_status] adding connection to [/swarm_control], count 0
[rospy.internal][INFO] 2019-02-27 12:15:53,925: topic[/swarm_control/subswarm_id] adding connection to [http://copter131:37532/], count 0
[rospy.internal][INFO] 2019-02-27 12:15:54,004: topic[/swarm_control/ap_intent] adding connection to [http://copter131:37532/], count 0
[rospy.internal][INFO] 2019-02-27 12:15:54,116: topic[/autopilot/status] adding connection to [http://copter131:51261/], count 0
[rosout][INFO] 2019-02-27 12:17:51,515: linear_formation activate request False returned False
[rosout][INFO] 2019-02-27 12:18:28,199: linear_formation activate request False returned False
[rosout][INFO] 2019-02-27 12:18:56,922: linear_formation activate request False returned False
[rosout][INFO] 2019-02-27 12:19:13,287: linear_formation activate request False returned False
[rosout][INFO] 2019-02-27 12:19:30,824: linear_formation activate request False returned False
[rosout][INFO] 2019-02-27 12:26:08,443: linear_formation activate request False returned False
[rosout][INFO] 2019-02-27 12:32:52,200: linear_formation activate request False returned False
[rosout][INFO] 2019-02-27 12:33:51,589: linear_formation activate request False returned False
[rosout][INFO] 2019-02-27 12:34:06,649: linear_formation activate request False returned False
[rosout][INFO] 2019-02-27 12:38:18,603: linear_formation activate request False returned False
