[rosmaster.main][INFO] 2012-12-31 16:00:14,537: initialization complete, waiting for shutdown
[rosmaster.main][INFO] 2012-12-31 16:00:14,537: Starting ROS Master Node
[xmlrpc][INFO] 2012-12-31 16:00:14,539: XML-RPC server binding to 0.0.0.0:11311
[xmlrpc][INFO] 2012-12-31 16:00:14,540: Started XML-RPC server [http://copter131:11311/]
[rosmaster.master][INFO] 2012-12-31 16:00:14,540: Master initialized: port[11311], uri[http://copter131:11311/]
[xmlrpc][INFO] 2012-12-31 16:00:14,540: xml rpc node: starting XML-RPC server
[rosmaster.master][INFO] 2012-12-31 16:00:14,627: +PARAM [/run_id] by /roslaunch
[rosmaster.master][INFO] 2012-12-31 16:00:14,630: +PARAM [/roslaunch/uris/host_copter131__33565] by /roslaunch
[rosmaster.master][INFO] 2012-12-31 16:00:14,749: +PARAM [/swarm_team] by /roslaunch
[rosmaster.master][INFO] 2012-12-31 16:00:14,749: +PARAM [/rosdistro] by /roslaunch
[rosmaster.master][INFO] 2012-12-31 16:00:14,750: +PARAM [/aircraft_name] by /roslaunch
[rosmaster.master][INFO] 2012-12-31 16:00:14,750: +PARAM [/fetch_enable] by /roslaunch
[rosmaster.master][INFO] 2012-12-31 16:00:14,750: +PARAM [/dis_between_land_points] by /roslaunch
[rosmaster.master][INFO] 2012-12-31 16:00:14,750: +PARAM [/network_port] by /roslaunch
[rosmaster.master][INFO] 2012-12-31 16:00:14,751: +PARAM [/aircraft_id] by /roslaunch
[rosmaster.master][INFO] 2012-12-31 16:00:14,751: +PARAM [/do_deconflict_land] by /roslaunch
[rosmaster.master][INFO] 2012-12-31 16:00:14,751: +PARAM [/subswarm_id] by /roslaunch
[rosmaster.master][INFO] 2012-12-31 16:00:14,751: +PARAM [/aircraft_type] by /roslaunch
[rosmaster.master][INFO] 2012-12-31 16:00:14,752: +PARAM [/sensor_range] by /roslaunch
[rosmaster.master][INFO] 2012-12-31 16:00:14,752: +PARAM [/rosversion] by /roslaunch
[rosmaster.master][INFO] 2012-12-31 16:00:14,752: +PARAM [/runway_pt2_lat] by /roslaunch
[rosmaster.master][INFO] 2012-12-31 16:00:14,752: +PARAM [/runway_pt2_lon] by /roslaunch
[rosmaster.master][INFO] 2012-12-31 16:00:14,753: +PARAM [/flight_ready] by /roslaunch
[rosmaster.master][INFO] 2012-12-31 16:00:14,753: +PARAM [/runway_pt1_lat] by /roslaunch
[rosmaster.master][INFO] 2012-12-31 16:00:14,753: +PARAM [/network_device] by /roslaunch
[rosmaster.master][INFO] 2012-12-31 16:00:14,753: +PARAM [/verify_enable] by /roslaunch
[rosmaster.master][INFO] 2012-12-31 16:00:14,753: +PARAM [/rosbag_enable] by /roslaunch
[rosmaster.master][INFO] 2012-12-31 16:00:14,754: +PARAM [/runway_pt1_lon] by /roslaunch
[rosmaster.master][INFO] 2012-12-31 16:00:14,852: +SERVICE [/rosout/get_loggers] /rosout http://copter131:54578/
[rosmaster.master][INFO] 2012-12-31 16:00:14,854: +SERVICE [/rosout/set_logger_level] /rosout http://copter131:54578/
[rosmaster.master][INFO] 2012-12-31 16:00:14,858: +PUB [/rosout_agg] /rosout http://copter131:54578/
[rosmaster.master][INFO] 2012-12-31 16:00:14,867: +SUB [/rosout] /rosout http://copter131:54578/
[rosmaster.master][INFO] 2012-12-31 16:00:15,686: +PUB [/rosout] /altitude_sensor http://copter131:60224/
[rosmaster.master][INFO] 2012-12-31 16:00:15,730: +SERVICE [/altitude_sensor/get_loggers] /altitude_sensor http://copter131:60224/
[rosmaster.master][INFO] 2012-12-31 16:00:15,738: +SERVICE [/altitude_sensor/set_logger_level] /altitude_sensor http://copter131:60224/
[rosmaster.master][INFO] 2012-12-31 16:00:15,741: publisherUpdate[/rosout] -> http://copter131:54578/
[rosmaster.master][INFO] 2012-12-31 16:00:15,757: +PUB [/tactic_interface/altitude] /altitude_sensor http://copter131:60224/
[rosmaster.master][INFO] 2012-12-31 16:00:16,315: +PUB [/rosout] /network http://copter131:38774/
[rosmaster.master][INFO] 2012-12-31 16:00:16,327: +PUB [/rosout] /safety http://copter131:50576/
[rosmaster.master][INFO] 2012-12-31 16:00:16,345: publisherUpdate[/rosout] -> http://copter131:54578/
[rosmaster.master][INFO] 2012-12-31 16:00:16,352: publisherUpdate[/rosout] -> http://copter131:54578/
[rosmaster.master][INFO] 2012-12-31 16:00:16,369: +PUB [/rosout] /hit_tracker http://copter131:59045/
[rosmaster.master][INFO] 2012-12-31 16:00:16,390: +SERVICE [/network/get_loggers] /network http://copter131:38774/
[rosmaster.master][INFO] 2012-12-31 16:00:16,399: +SERVICE [/safety/get_loggers] /safety http://copter131:50576/
[rosmaster.master][INFO] 2012-12-31 16:00:16,440: +SERVICE [/network/set_logger_level] /network http://copter131:38774/
[rosmaster.master][INFO] 2012-12-31 16:00:16,446: publisherUpdate[/rosout] -> http://copter131:54578/
[rosmaster.master][INFO] 2012-12-31 16:00:16,464: +SERVICE [/safety/set_logger_level] /safety http://copter131:50576/
[rosmaster.master][INFO] 2012-12-31 16:00:16,480: +SERVICE [/hit_tracker/get_loggers] /hit_tracker http://copter131:59045/
[rosmaster.master][INFO] 2012-12-31 16:00:16,522: +SERVICE [/hit_tracker/set_logger_level] /hit_tracker http://copter131:59045/
[rosmaster.master][INFO] 2012-12-31 16:00:16,585: +SERVICE [/hit_tracker/reset] /hit_tracker http://copter131:59045/
[rosmaster.master][INFO] 2012-12-31 16:00:17,030: +PUB [/rosout] /autopilot http://copter131:51261/
[rosmaster.master][INFO] 2012-12-31 16:00:17,050: +SUB [/network/recv_swarm_data] /hit_tracker http://copter131:59045/
[rosmaster.master][INFO] 2012-12-31 16:00:17,052: publisherUpdate[/rosout] -> http://copter131:54578/
[rosmaster.master][INFO] 2012-12-31 16:00:17,070: +PUB [/rosout] /red_tracker http://copter131:49640/
[rosmaster.master][INFO] 2012-12-31 16:00:17,091: +PUB [/rosout] /task_runner http://copter131:36001/
[rosmaster.master][INFO] 2012-12-31 16:00:17,104: +PARAM [/subswarm_id] by /unnamed
[rosmaster.master][INFO] 2012-12-31 16:00:17,165: publisherUpdate[/rosout] -> http://copter131:54578/
[rosmaster.master][INFO] 2012-12-31 16:00:17,170: publisherUpdate[/rosout] -> http://copter131:54578/
[rosmaster.master][INFO] 2012-12-31 16:00:17,240: +PUB [/rosout] /recv_pose_rate http://copter131:47037/
[rosmaster.master][INFO] 2012-12-31 16:00:17,255: +SERVICE [/autopilot/get_loggers] /autopilot http://copter131:51261/
[rosmaster.master][INFO] 2012-12-31 16:00:17,267: publisherUpdate[/rosout] -> http://copter131:54578/
[rosmaster.master][INFO] 2012-12-31 16:00:17,280: +SERVICE [/red_tracker/get_loggers] /red_tracker http://copter131:49640/
[rosmaster.master][INFO] 2012-12-31 16:00:17,340: +SERVICE [/task_runner/get_loggers] /task_runner http://copter131:36001/
[rosmaster.master][INFO] 2012-12-31 16:00:17,405: +SERVICE [/autopilot/set_logger_level] /autopilot http://copter131:51261/
[rosmaster.master][INFO] 2012-12-31 16:00:17,455: +SERVICE [/red_tracker/set_logger_level] /red_tracker http://copter131:49640/
[rosmaster.master][INFO] 2012-12-31 16:00:17,474: +SERVICE [/task_runner/set_logger_level] /task_runner http://copter131:36001/
[rosmaster.master][INFO] 2012-12-31 16:00:17,490: +PUB [/rosout] /independent_transit http://copter131:33831/
[rosmaster.master][INFO] 2012-12-31 16:00:17,520: +SERVICE [/recv_pose_rate/get_loggers] /recv_pose_rate http://copter131:47037/
[rosmaster.master][INFO] 2012-12-31 16:00:17,565: +PUB [/autopilot/heartbeat_onboard] /safety http://copter131:50576/
[rosmaster.master][INFO] 2012-12-31 16:00:17,569: publisherUpdate[/rosout] -> http://copter131:54578/
[rosmaster.master][INFO] 2012-12-31 16:00:17,612: +SERVICE [/recv_pose_rate/set_logger_level] /recv_pose_rate http://copter131:47037/
[rosmaster.master][INFO] 2012-12-31 16:00:17,640: +SUB [/swarm_control/subswarm_id] /network http://copter131:38774/
[rosmaster.master][INFO] 2012-12-31 16:00:17,685: +PUB [/safety/healthy] /safety http://copter131:50576/
[rosmaster.master][INFO] 2012-12-31 16:00:17,715: +SERVICE [/independent_transit/get_loggers] /independent_transit http://copter131:33831/
[rosmaster.master][INFO] 2012-12-31 16:00:17,761: +SUB [/network/net_reset] /hit_tracker http://copter131:59045/
[rosmaster.master][INFO] 2012-12-31 16:00:17,769: +PUB [/autopilot/payload_waypoint] /safety http://copter131:50576/
[rosmaster.master][INFO] 2012-12-31 16:00:17,829: +SERVICE [/independent_transit/set_logger_level] /independent_transit http://copter131:33831/
[rosmaster.master][INFO] 2012-12-31 16:00:17,845: +PUB [/rosout] /swarm_control http://copter131:37532/
[rosmaster.master][INFO] 2012-12-31 16:00:17,870: +PUB [/rosout] /simple_ground_attack http://copter131:56411/
[rosmaster.master][INFO] 2012-12-31 16:00:17,873: publisherUpdate[/rosout] -> http://copter131:54578/
[rosmaster.master][INFO] 2012-12-31 16:00:17,879: publisherUpdate[/rosout] -> http://copter131:54578/
[rosmaster.master][INFO] 2012-12-31 16:00:17,895: +PUB [/autopilot/payload_rate] /safety http://copter131:50576/
[rosmaster.master][INFO] 2012-12-31 16:00:17,944: +PUB [/rosout] /swarm_tracker http://copter131:44368/
[rosmaster.master][INFO] 2012-12-31 16:00:17,977: publisherUpdate[/rosout] -> http://copter131:54578/
[rosmaster.master][INFO] 2012-12-31 16:00:18,040: +PUB [/autopilot/payload_attitude] /safety http://copter131:50576/
[rosmaster.master][INFO] 2012-12-31 16:00:18,094: +SERVICE [/swarm_control/get_loggers] /swarm_control http://copter131:37532/
[rosmaster.master][INFO] 2012-12-31 16:00:18,096: +SERVICE [/simple_ground_attack/get_loggers] /simple_ground_attack http://copter131:56411/
[rosmaster.master][INFO] 2012-12-31 16:00:18,109: +SUB [/autopilot/acs_pose] /red_tracker http://copter131:49640/
[rosmaster.master][INFO] 2012-12-31 16:00:18,112: +PUB [/rosout] /linear_formation http://copter131:43902/
[rosmaster.master][INFO] 2012-12-31 16:00:18,117: +SERVICE [/swarm_control/set_logger_level] /swarm_control http://copter131:37532/
[rosmaster.master][INFO] 2012-12-31 16:00:18,140: +SERVICE [/simple_ground_attack/set_logger_level] /simple_ground_attack http://copter131:56411/
[rosmaster.master][INFO] 2012-12-31 16:00:18,180: publisherUpdate[/rosout] -> http://copter131:54578/
[rosmaster.master][INFO] 2012-12-31 16:00:18,201: +SERVICE [/swarm_control/register_behavior] /swarm_control http://copter131:37532/
[rosmaster.master][INFO] 2012-12-31 16:00:18,300: +SERVICE [/linear_formation/get_loggers] /linear_formation http://copter131:43902/
[rosmaster.master][INFO] 2012-12-31 16:00:18,321: +SERVICE [/swarm_control/run_behavior] /swarm_control http://copter131:37532/
[rosmaster.master][INFO] 2012-12-31 16:00:18,345: +PUB [/autopilot/waypoint_goto] /simple_ground_attack http://copter131:56411/
[rosmaster.master][INFO] 2019-02-27 12:15:51,324: +SERVICE [/linear_formation/set_logger_level] /linear_formation http://copter131:43902/
[rosmaster.master][INFO] 2019-02-27 12:15:51,349: +SERVICE [/swarm_control/pause_behavior] /swarm_control http://copter131:37532/
[rosmaster.master][INFO] 2019-02-27 12:15:51,363: +SUB [/autopilot/status] /task_runner http://copter131:36001/
[rosmaster.master][INFO] 2019-02-27 12:15:51,383: +PUB [/safety/payload_rate] /simple_ground_attack http://copter131:56411/
[rosmaster.master][INFO] 2019-02-27 12:15:51,434: +SUB [/autopilot/status] /independent_transit http://copter131:33831/
[rosmaster.master][INFO] 2019-02-27 12:15:51,468: +SERVICE [/swarm_control/set_subswarm] /swarm_control http://copter131:37532/
[rosmaster.master][INFO] 2019-02-27 12:15:51,504: +SUB [/autopilot/heartbeat_ground] /safety http://copter131:50576/
[rosmaster.master][INFO] 2019-02-27 12:15:51,512: +PUB [/safety/payload_waypoint] /independent_transit http://copter131:33831/
[rosmaster.master][INFO] 2019-02-27 12:15:51,529: +SERVICE [/swarm_control/set_swarm_state] /swarm_control http://copter131:37532/
[rosmaster.master][INFO] 2019-02-27 12:15:51,617: +SUB [/network/recv_red_pose] /red_tracker http://copter131:49640/
[rosmaster.master][INFO] 2019-02-27 12:15:51,671: +PUB [/red_tracker/red_uav_states] /red_tracker http://copter131:49640/
[rosmaster.master][INFO] 2019-02-27 12:15:51,712: +PUB [/rosout] /swarm_landing_sequencer http://copter131:50742/
[rosmaster.master][INFO] 2019-02-27 12:15:51,779: +PUB [/rosout] /constrained_shooter http://copter131:42396/
[rosmaster.master][INFO] 2019-02-27 12:15:51,801: publisherUpdate[/rosout] -> http://copter131:54578/
[rosmaster.master][INFO] 2019-02-27 12:15:51,808: publisherUpdate[/rosout] -> http://copter131:54578/
[rosmaster.master][INFO] 2019-02-27 12:15:51,905: +SERVICE [/swarm_landing_sequencer/get_loggers] /swarm_landing_sequencer http://copter131:50742/
[rosmaster.master][INFO] 2019-02-27 12:15:51,909: +SUB [/autopilot/arm] /autopilot http://copter131:51261/
[rosmaster.master][INFO] 2019-02-27 12:15:51,924: +SERVICE [/constrained_shooter/get_loggers] /constrained_shooter http://copter131:42396/
[rosmaster.master][INFO] 2019-02-27 12:15:51,929: +SERVICE [/swarm_landing_sequencer/set_logger_level] /swarm_landing_sequencer http://copter131:50742/
[rosmaster.master][INFO] 2019-02-27 12:15:51,935: +SUB [/autopilot/acs_pose] /safety http://copter131:50576/
[rosmaster.master][INFO] 2019-02-27 12:15:51,937: +SUB [/swarm_control/subswarm_id] /independent_transit http://copter131:33831/
[rosmaster.master][INFO] 2019-02-27 12:15:51,944: +SERVICE [/constrained_shooter/set_logger_level] /constrained_shooter http://copter131:42396/
[rosmaster.master][INFO] 2019-02-27 12:15:51,952: +SUB [/autopilot/status] /linear_formation http://copter131:43902/
[rosmaster.master][INFO] 2019-02-27 12:15:51,967: +PUB [/safety/payload_waypoint] /linear_formation http://copter131:43902/
[rosmaster.master][INFO] 2019-02-27 12:15:52,011: +SUB [/autopilot/mode] /autopilot http://copter131:51261/
[rosmaster.master][INFO] 2019-02-27 12:15:52,017: +PUB [/rosout] /wingman http://copter131:46086/
[rosmaster.master][INFO] 2019-02-27 12:15:52,018: publisherUpdate[/rosout] -> http://copter131:54578/
[rosmaster.master][INFO] 2019-02-27 12:15:52,046: +SUB [/safety/payload_waypoint] /safety http://copter131:50576/
[rosmaster.master][INFO] 2019-02-27 12:15:52,049: +SUB [/swarm_control/ap_intent] /independent_transit http://copter131:33831/
[rosmaster.master][INFO] 2019-02-27 12:15:52,052: +PUB [/hit_tracker/hit_uavs] /hit_tracker http://copter131:59045/
[rosmaster.master][INFO] 2019-02-27 12:15:52,055: +SUB [/swarm_control/swarm_behavior] /network http://copter131:38774/
[rosmaster.master][INFO] 2019-02-27 12:15:52,070: +SERVICE [/wingman/get_loggers] /wingman http://copter131:46086/
[rosmaster.master][INFO] 2019-02-27 12:15:52,087: +SUB [/network/recv_pose] /recv_pose_rate http://copter131:47037/
[rosmaster.master][INFO] 2019-02-27 12:15:52,097: +SUB [/swarm_control/subswarm_id] /linear_formation http://copter131:43902/
[rosmaster.master][INFO] 2019-02-27 12:15:52,111: +PUB [/logging/recv_pose_rate] /recv_pose_rate http://copter131:47037/
[rosmaster.master][INFO] 2019-02-27 12:15:52,122: +PUB [/rosout] /pn_interceptor http://copter131:58374/
[rosmaster.master][INFO] 2019-02-27 12:15:52,130: publisherUpdate[/rosout] -> http://copter131:54578/
[rosmaster.master][INFO] 2019-02-27 12:15:52,146: +SERVICE [/pn_interceptor/get_loggers] /pn_interceptor http://copter131:58374/
[rosmaster.master][INFO] 2019-02-27 12:15:52,149: +SUB [/safety/payload_rate] /safety http://copter131:50576/
[rosmaster.master][INFO] 2019-02-27 12:15:52,154: +SUB [/network/recv_swarm_data] /independent_transit http://copter131:33831/
[rosmaster.master][INFO] 2019-02-27 12:15:52,158: +SUB [/network/swarm_sub_behavior] /network http://copter131:38774/
[rosmaster.master][INFO] 2019-02-27 12:15:52,160: +SERVICE [/pn_interceptor/set_logger_level] /pn_interceptor http://copter131:58374/
[rosmaster.master][INFO] 2019-02-27 12:15:52,165: +PUB [/swarm_control/behavior_status] /independent_transit http://copter131:33831/
[rosmaster.master][INFO] 2019-02-27 12:15:52,171: +SUB [/swarm_control/ap_intent] /linear_formation http://copter131:43902/
[rosmaster.master][INFO] 2019-02-27 12:15:52,177: +PUB [/network/send_swarm_behavior_data] /independent_transit http://copter131:33831/
[rosmaster.master][INFO] 2019-02-27 12:15:52,189: +SERVICE [/independent_transit/set] /independent_transit http://copter131:33831/
[rosmaster.master][INFO] 2019-02-27 12:15:52,199: +SERVICE [/independent_transit/run] /independent_transit http://copter131:33831/
[rosmaster.master][INFO] 2019-02-27 12:15:52,218: +SERVICE [/independent_transit/pause] /independent_transit http://copter131:33831/
[rosmaster.master][INFO] 2019-02-27 12:15:52,223: +SUB [/safety/payload_attitude] /safety http://copter131:50576/
[rosmaster.master][INFO] 2019-02-27 12:15:52,226: +SUB [/swarm_control/behavior_summary] /network http://copter131:38774/
[rosmaster.master][INFO] 2019-02-27 12:15:52,238: +SUB [/autopilot/status] /pn_interceptor http://copter131:58374/
[rosmaster.master][INFO] 2019-02-27 12:15:52,244: +SUB [/network/recv_swarm_data] /linear_formation http://copter131:43902/
[rosmaster.master][INFO] 2019-02-27 12:15:52,250: +PUB [/safety/payload_waypoint] /pn_interceptor http://copter131:58374/
[rosmaster.master][INFO] 2019-02-27 12:15:52,252: +PUB [/swarm_control/behavior_status] /linear_formation http://copter131:43902/
[rosmaster.master][INFO] 2019-02-27 12:15:52,262: +PUB [/network/send_swarm_behavior_data] /linear_formation http://copter131:43902/
[rosmaster.master][INFO] 2019-02-27 12:15:52,268: +SERVICE [/linear_formation/set] /linear_formation http://copter131:43902/
[rosmaster.master][INFO] 2019-02-27 12:15:52,271: +SUB [/autopilot/status] /network http://copter131:38774/
[rosmaster.master][INFO] 2019-02-27 12:15:52,276: +SERVICE [/linear_formation/run] /linear_formation http://copter131:43902/
[rosmaster.master][INFO] 2019-02-27 12:15:52,285: +SERVICE [/linear_formation/pause] /linear_formation http://copter131:43902/
[rosmaster.master][INFO] 2019-02-27 12:15:52,287: +SUB [/swarm_control/subswarm_id] /pn_interceptor http://copter131:58374/
[rosmaster.master][INFO] 2019-02-27 12:15:52,300: +SUB [/autopilot/acs_pose] /network http://copter131:38774/
[rosmaster.master][INFO] 2019-02-27 12:15:52,303: publisherUpdate[/safety/payload_waypoint] -> http://copter131:50576/
[rosmaster.master][INFO] 2019-02-27 12:15:52,314: +SUB [/swarm_control/ap_intent] /pn_interceptor http://copter131:58374/
[rosmaster.master][INFO] 2019-02-27 12:15:52,324: +PUB [/rosout] /patrol_box_shooter http://copter131:54446/
[rosmaster.master][INFO] 2019-02-27 12:15:52,326: +SUB [/swarm_control/swarm_state] /network http://copter131:38774/
[rosmaster.master][INFO] 2019-02-27 12:15:52,336: +SERVICE [/patrol_box_shooter/get_loggers] /patrol_box_shooter http://copter131:54446/
[rosmaster.master][INFO] 2019-02-27 12:15:52,340: publisherUpdate[/rosout] -> http://copter131:54578/
[rosmaster.master][INFO] 2019-02-27 12:15:52,344: +SERVICE [/patrol_box_shooter/set_logger_level] /patrol_box_shooter http://copter131:54446/
[rosmaster.master][INFO] 2019-02-27 12:15:52,347: +SUB [/network/recv_swarm_data] /pn_interceptor http://copter131:58374/
[rosmaster.master][INFO] 2019-02-27 12:15:52,351: +PUB [/swarm_control/behavior_status] /pn_interceptor http://copter131:58374/
[rosmaster.master][INFO] 2019-02-27 12:15:52,356: +PUB [/network/send_swarm_behavior_data] /pn_interceptor http://copter131:58374/
[rosmaster.master][INFO] 2019-02-27 12:15:52,358: +SUB [/network/send_swarm_behavior_data] /network http://copter131:38774/
[rosmaster.master][INFO] 2019-02-27 12:15:52,364: +SERVICE [/pn_interceptor/set] /pn_interceptor http://copter131:58374/
[rosmaster.master][INFO] 2019-02-27 12:15:52,371: +SERVICE [/pn_interceptor/run] /pn_interceptor http://copter131:58374/
[rosmaster.master][INFO] 2019-02-27 12:15:52,377: +SERVICE [/pn_interceptor/pause] /pn_interceptor http://copter131:58374/
[rosmaster.master][INFO] 2019-02-27 12:15:52,393: +PUB [/safety/payload_waypoint] /simple_ground_attack http://copter131:56411/
[rosmaster.master][INFO] 2019-02-27 12:15:52,408: publisherUpdate[/safety/payload_waypoint] -> http://copter131:50576/
[rosmaster.master][INFO] 2019-02-27 12:15:52,410: +SUB [/autopilot/status] /patrol_box_shooter http://copter131:54446/
[rosmaster.master][INFO] 2019-02-27 12:15:52,415: +PUB [/rosout] /evader http://copter131:39610/
[rosmaster.master][INFO] 2019-02-27 12:15:52,419: +SUB [/air_to_air/firing_reports] /network http://copter131:38774/
[rosmaster.master][INFO] 2019-02-27 12:15:52,421: +PUB [/safety/payload_waypoint] /patrol_box_shooter http://copter131:54446/
[rosmaster.master][INFO] 2019-02-27 12:15:52,437: +SERVICE [/evader/get_loggers] /evader http://copter131:39610/
[rosmaster.master][INFO] 2019-02-27 12:15:52,444: +SERVICE [/evader/set_logger_level] /evader http://copter131:39610/
[rosmaster.master][INFO] 2019-02-27 12:15:52,446: publisherUpdate[/rosout] -> http://copter131:54578/
[rosmaster.master][INFO] 2019-02-27 12:15:52,455: +SUB [/autopilot/status] /simple_ground_attack http://copter131:56411/
[rosmaster.master][INFO] 2019-02-27 12:15:52,456: publisherUpdate[/safety/payload_waypoint] -> http://copter131:50576/
[rosmaster.master][INFO] 2019-02-27 12:15:52,461: +SERVICE [/swarm_tracker/get_loggers] /swarm_tracker http://copter131:44368/
[rosmaster.master][INFO] 2019-02-27 12:15:52,468: +PUB [/safety/payload_waypoint] /greedy_shooter http://copter131:53761/
[rosmaster.master][INFO] 2019-02-27 12:15:52,477: +SERVICE [/swarm_tracker/set_logger_level] /swarm_tracker http://copter131:44368/
[rosmaster.master][INFO] 2019-02-27 12:15:52,480: +SUB [/autopilot/status] /constrained_shooter http://copter131:42396/
[rosmaster.master][INFO] 2019-02-27 12:15:52,482: +SUB [/autopilot/status] /greedy_shooter http://copter131:53761/
[rosmaster.master][INFO] 2019-02-27 12:15:52,485: +SUB [/network/payload_intent] /network http://copter131:38774/
[rosmaster.master][INFO] 2019-02-27 12:15:52,492: +SUB [/swarm_control/subswarm_id] /patrol_box_shooter http://copter131:54446/
[rosmaster.master][INFO] 2019-02-27 12:15:52,494: +PUB [/safety/payload_waypoint] /constrained_shooter http://copter131:42396/
[rosmaster.master][INFO] 2019-02-27 12:15:52,512: publisherUpdate[/safety/payload_waypoint] -> http://copter131:50576/
[rosmaster.master][INFO] 2019-02-27 12:15:52,519: publisherUpdate[/safety/payload_waypoint] -> http://copter131:50576/
[rosmaster.master][INFO] 2019-02-27 12:15:52,527: +SUB [/swarm_control/subswarm_id] /simple_ground_attack http://copter131:56411/
[rosmaster.master][INFO] 2019-02-27 12:15:52,531: +SUB [/autopilot/status] /evader http://copter131:39610/
[rosmaster.master][INFO] 2019-02-27 12:15:52,541: +SUB [/autopilot/acs_pose] /swarm_tracker http://copter131:44368/
[rosmaster.master][INFO] 2019-02-27 12:15:52,543: +PUB [/safety/payload_waypoint] /evader http://copter131:39610/
[rosmaster.master][INFO] 2019-02-27 12:15:52,559: +SUB [/swarm_control/ap_intent] /patrol_box_shooter http://copter131:54446/
[rosmaster.master][INFO] 2019-02-27 12:15:52,561: +SUB [/swarm_control/subswarm_id] /constrained_shooter http://copter131:42396/
[rosmaster.master][INFO] 2019-02-27 12:15:52,563: publisherUpdate[/safety/payload_waypoint] -> http://copter131:50576/
[rosmaster.master][INFO] 2019-02-27 12:15:52,563: +PUB [/autopilot/heartbeat_ground] /network http://copter131:38774/
[rosmaster.master][INFO] 2019-02-27 12:15:52,570: publisherUpdate[/autopilot/heartbeat_ground] -> http://copter131:50576/
[rosmaster.master][INFO] 2019-02-27 12:15:52,571: +PUB [/rosout] /greedy_shooter http://copter131:53761/
[rosmaster.master][INFO] 2019-02-27 12:15:52,577: publisherUpdate[/rosout] -> http://copter131:54578/
[rosmaster.master][INFO] 2019-02-27 12:15:52,587: +PUB [/rosout] /smart_shooter http://copter131:51743/
[rosmaster.master][INFO] 2019-02-27 12:15:52,598: +SERVICE [/greedy_shooter/get_loggers] /greedy_shooter http://copter131:53761/
[rosmaster.master][INFO] 2019-02-27 12:15:52,603: +SUB [/swarm_control/ap_intent] /simple_ground_attack http://copter131:56411/
[rosmaster.master][INFO] 2019-02-27 12:15:52,608: +SERVICE [/smart_shooter/get_loggers] /smart_shooter http://copter131:51743/
[rosmaster.master][INFO] 2019-02-27 12:15:52,610: +SERVICE [/greedy_shooter/set_logger_level] /greedy_shooter http://copter131:53761/
[rosmaster.master][INFO] 2019-02-27 12:15:52,615: +SUB [/network/recv_pose] /swarm_tracker http://copter131:44368/
[rosmaster.master][INFO] 2019-02-27 12:15:52,615: publisherUpdate[/rosout] -> http://copter131:54578/
[rosmaster.master][INFO] 2019-02-27 12:15:52,620: +SERVICE [/smart_shooter/set_logger_level] /smart_shooter http://copter131:51743/
[rosmaster.master][INFO] 2019-02-27 12:15:52,627: +SUB [/network/recv_swarm_data] /patrol_box_shooter http://copter131:54446/
[rosmaster.master][INFO] 2019-02-27 12:15:52,634: +SUB [/swarm_control/ap_intent] /constrained_shooter http://copter131:42396/
[rosmaster.master][INFO] 2019-02-27 12:15:52,637: +PUB [/swarm_control/behavior_status] /patrol_box_shooter http://copter131:54446/
[rosmaster.master][INFO] 2019-02-27 12:15:52,647: +PUB [/network/send_swarm_behavior_data] /patrol_box_shooter http://copter131:54446/
[rosmaster.master][INFO] 2019-02-27 12:15:52,657: +SERVICE [/patrol_box_shooter/set] /patrol_box_shooter http://copter131:54446/
[rosmaster.master][INFO] 2019-02-27 12:15:52,663: +SUB [/network/recv_swarm_data] /simple_ground_attack http://copter131:56411/
[rosmaster.master][INFO] 2019-02-27 12:15:52,667: +SERVICE [/patrol_box_shooter/run] /patrol_box_shooter http://copter131:54446/
[rosmaster.master][INFO] 2019-02-27 12:15:52,670: +SUB [/swarm_control/subswarm_id] /greedy_shooter http://copter131:53761/
[rosmaster.master][INFO] 2019-02-27 12:15:52,674: +SUB [/network/recv_swarm_ctl_state] /swarm_tracker http://copter131:44368/
[rosmaster.master][INFO] 2019-02-27 12:15:52,677: +PUB [/swarm_control/behavior_status] /simple_ground_attack http://copter131:56411/
[rosmaster.master][INFO] 2019-02-27 12:15:52,680: +SERVICE [/patrol_box_shooter/pause] /patrol_box_shooter http://copter131:54446/
[rosmaster.master][INFO] 2019-02-27 12:15:52,686: +PUB [/network/send_swarm_behavior_data] /simple_ground_attack http://copter131:56411/
[rosmaster.master][INFO] 2019-02-27 12:15:52,686: publisherUpdate[/network/send_swarm_behavior_data] -> http://copter131:38774/
[rosmaster.master][INFO] 2019-02-27 12:15:52,689: +SUB [/autopilot/status] /smart_shooter http://copter131:51743/
[rosmaster.master][INFO] 2019-02-27 12:15:52,692: publisherUpdate[/network/send_swarm_behavior_data] -> http://copter131:38774/
[rosmaster.master][INFO] 2019-02-27 12:15:52,696: +SUB [/network/recv_swarm_data] /constrained_shooter http://copter131:42396/
[rosmaster.master][INFO] 2019-02-27 12:15:52,701: +SERVICE [/simple_ground_attack/set] /simple_ground_attack http://copter131:56411/
[rosmaster.master][INFO] 2019-02-27 12:15:52,702: +PUB [/safety/payload_waypoint] /smart_shooter http://copter131:51743/
[rosmaster.master][INFO] 2019-02-27 12:15:52,706: +PUB [/swarm_control/behavior_status] /constrained_shooter http://copter131:42396/
[rosmaster.master][INFO] 2019-02-27 12:15:52,709: +SERVICE [/simple_ground_attack/run] /simple_ground_attack http://copter131:56411/
[rosmaster.master][INFO] 2019-02-27 12:15:52,714: +PUB [/network/send_swarm_behavior_data] /constrained_shooter http://copter131:42396/
[rosmaster.master][INFO] 2019-02-27 12:15:52,718: +SERVICE [/simple_ground_attack/pause] /simple_ground_attack http://copter131:56411/
[rosmaster.master][INFO] 2019-02-27 12:15:52,723: +SERVICE [/constrained_shooter/set] /constrained_shooter http://copter131:42396/
[rosmaster.master][INFO] 2019-02-27 12:15:52,724: publisherUpdate[/safety/payload_waypoint] -> http://copter131:50576/
[rosmaster.master][INFO] 2019-02-27 12:15:52,725: publisherUpdate[/network/send_swarm_behavior_data] -> http://copter131:38774/
[rosmaster.master][INFO] 2019-02-27 12:15:52,735: +SUB [/swarm_control/ap_intent] /greedy_shooter http://copter131:53761/
[rosmaster.master][INFO] 2019-02-27 12:15:52,740: +SERVICE [/constrained_shooter/run] /constrained_shooter http://copter131:42396/
[rosmaster.master][INFO] 2019-02-27 12:15:52,742: +SUB [/swarm_control/subswarm_id] /swarm_tracker http://copter131:44368/
[rosmaster.master][INFO] 2019-02-27 12:15:52,749: +SERVICE [/constrained_shooter/pause] /constrained_shooter http://copter131:42396/
[rosmaster.master][INFO] 2019-02-27 12:15:52,767: +SUB [/swarm_control/subswarm_id] /smart_shooter http://copter131:51743/
[rosmaster.master][INFO] 2019-02-27 12:15:52,779: +SUB [/network/recv_swarm_data] /greedy_shooter http://copter131:53761/
[rosmaster.master][INFO] 2019-02-27 12:15:52,785: +PUB [/swarm_control/behavior_status] /greedy_shooter http://copter131:53761/
[rosmaster.master][INFO] 2019-02-27 12:15:52,786: +SUB [/swarm_control/swarm_state] /swarm_tracker http://copter131:44368/
[rosmaster.master][INFO] 2019-02-27 12:15:52,790: +PUB [/network/send_swarm_behavior_data] /greedy_shooter http://copter131:53761/
[rosmaster.master][INFO] 2019-02-27 12:15:52,796: +SERVICE [/greedy_shooter/set] /greedy_shooter http://copter131:53761/
[rosmaster.master][INFO] 2019-02-27 12:15:52,798: publisherUpdate[/network/send_swarm_behavior_data] -> http://copter131:38774/
[rosmaster.master][INFO] 2019-02-27 12:15:52,800: +SUB [/swarm_control/ap_intent] /smart_shooter http://copter131:51743/
[rosmaster.master][INFO] 2019-02-27 12:15:52,803: +SERVICE [/greedy_shooter/run] /greedy_shooter http://copter131:53761/
[rosmaster.master][INFO] 2019-02-27 12:15:52,808: +SERVICE [/greedy_shooter/pause] /greedy_shooter http://copter131:53761/
[rosmaster.master][INFO] 2019-02-27 12:15:52,817: +SUB [/swarm_control/swarm_behavior] /swarm_tracker http://copter131:44368/
[rosmaster.master][INFO] 2019-02-27 12:15:52,825: +SUB [/network/recv_swarm_data] /smart_shooter http://copter131:51743/
[rosmaster.master][INFO] 2019-02-27 12:15:52,829: +PUB [/swarm_control/behavior_status] /smart_shooter http://copter131:51743/
[rosmaster.master][INFO] 2019-02-27 12:15:52,834: +PUB [/network/send_swarm_behavior_data] /smart_shooter http://copter131:51743/
[rosmaster.master][INFO] 2019-02-27 12:15:52,835: publisherUpdate[/network/send_swarm_behavior_data] -> http://copter131:38774/
[rosmaster.master][INFO] 2019-02-27 12:15:52,838: +SERVICE [/smart_shooter/set] /smart_shooter http://copter131:51743/
[rosmaster.master][INFO] 2019-02-27 12:15:52,841: +SUB [/autopilot/status] /swarm_tracker http://copter131:44368/
[rosmaster.master][INFO] 2019-02-27 12:15:52,843: +SERVICE [/smart_shooter/run] /smart_shooter http://copter131:51743/
[rosmaster.master][INFO] 2019-02-27 12:15:52,845: +PUB [/swarm_tracker/swarm_uav_states] /swarm_tracker http://copter131:44368/
[rosmaster.master][INFO] 2019-02-27 12:15:52,847: +SERVICE [/smart_shooter/pause] /smart_shooter http://copter131:51743/
[rosmaster.master][INFO] 2019-02-27 12:15:52,933: +SUB [/swarm_control/subswarm_id] /evader http://copter131:39610/
[rosmaster.master][INFO] 2019-02-27 12:15:52,950: +SUB [/swarm_control/ap_intent] /evader http://copter131:39610/
[rosmaster.master][INFO] 2019-02-27 12:15:52,952: +SUB [/autopilot/status] /swarm_landing_sequencer http://copter131:50742/
[rosmaster.master][INFO] 2019-02-27 12:15:52,955: +PUB [/safety/payload_waypoint] /swarm_landing_sequencer http://copter131:50742/
[rosmaster.master][INFO] 2019-02-27 12:15:52,967: +SUB [/network/recv_swarm_data] /evader http://copter131:39610/
[rosmaster.master][INFO] 2019-02-27 12:15:52,970: +PUB [/swarm_control/behavior_status] /evader http://copter131:39610/
[rosmaster.master][INFO] 2019-02-27 12:15:52,972: +SUB [/swarm_control/subswarm_id] /swarm_landing_sequencer http://copter131:50742/
[rosmaster.master][INFO] 2019-02-27 12:15:52,974: +PUB [/network/send_swarm_behavior_data] /evader http://copter131:39610/
[rosmaster.master][INFO] 2019-02-27 12:15:52,977: +SERVICE [/evader/set] /evader http://copter131:39610/
[rosmaster.master][INFO] 2019-02-27 12:15:52,980: +SERVICE [/evader/run] /evader http://copter131:39610/
[rosmaster.master][INFO] 2019-02-27 12:15:52,983: +SERVICE [/evader/pause] /evader http://copter131:39610/
[rosmaster.master][INFO] 2019-02-27 12:15:52,991: +SUB [/swarm_control/ap_intent] /swarm_landing_sequencer http://copter131:50742/
[rosmaster.master][INFO] 2019-02-27 12:15:53,003: publisherUpdate[/safety/payload_waypoint] -> http://copter131:50576/
[rosmaster.master][INFO] 2019-02-27 12:15:53,009: publisherUpdate[/network/send_swarm_behavior_data] -> http://copter131:38774/
[rosmaster.master][INFO] 2019-02-27 12:15:53,012: +SUB [/autopilot/acs_pose] /evader http://copter131:39610/
[rosmaster.master][INFO] 2019-02-27 12:15:53,025: +SUB [/network/recv_swarm_data] /swarm_landing_sequencer http://copter131:50742/
[rosmaster.master][INFO] 2019-02-27 12:15:53,030: +PUB [/swarm_control/behavior_status] /swarm_landing_sequencer http://copter131:50742/
[rosmaster.master][INFO] 2019-02-27 12:15:53,034: +PUB [/network/send_swarm_behavior_data] /swarm_landing_sequencer http://copter131:50742/
[rosmaster.master][INFO] 2019-02-27 12:15:53,035: publisherUpdate[/network/send_swarm_behavior_data] -> http://copter131:38774/
[rosmaster.master][INFO] 2019-02-27 12:15:53,041: +SERVICE [/swarm_landing_sequencer/set] /swarm_landing_sequencer http://copter131:50742/
[rosmaster.master][INFO] 2019-02-27 12:15:53,046: +SERVICE [/swarm_landing_sequencer/run] /swarm_landing_sequencer http://copter131:50742/
[rosmaster.master][INFO] 2019-02-27 12:15:53,049: +SUB [/hit_tracker/hit_uavs] /evader http://copter131:39610/
[rosmaster.master][INFO] 2019-02-27 12:15:53,052: +SERVICE [/swarm_landing_sequencer/pause] /swarm_landing_sequencer http://copter131:50742/
[rosmaster.master][INFO] 2019-02-27 12:15:53,059: +SUB [/autopilot/guided_goto] /autopilot http://copter131:51261/
[rosmaster.master][INFO] 2019-02-27 12:15:53,077: +SERVICE [/wingman/set_logger_level] /wingman http://copter131:46086/
[rosmaster.master][INFO] 2019-02-27 12:15:53,087: +SUB [/autopilot/waypoint_goto] /autopilot http://copter131:51261/
[rosmaster.master][INFO] 2019-02-27 12:15:53,111: +SUB [/autopilot/status] /wingman http://copter131:46086/
[rosmaster.master][INFO] 2019-02-27 12:15:53,114: +PUB [/safety/payload_waypoint] /wingman http://copter131:46086/
[rosmaster.master][INFO] 2019-02-27 12:15:53,119: publisherUpdate[/safety/payload_waypoint] -> http://copter131:50576/
[rosmaster.master][INFO] 2019-02-27 12:15:53,135: +SUB [/autopilot/heartbeat_onboard] /autopilot http://copter131:51261/
[rosmaster.master][INFO] 2019-02-27 12:15:53,140: +SUB [/swarm_control/subswarm_id] /wingman http://copter131:46086/
[rosmaster.master][INFO] 2019-02-27 12:15:53,162: +SUB [/autopilot/heartbeat_ground] /autopilot http://copter131:51261/
[rosmaster.master][INFO] 2019-02-27 12:15:53,166: +SUB [/swarm_control/ap_intent] /wingman http://copter131:46086/
[rosmaster.master][INFO] 2019-02-27 12:15:53,183: +SUB [/autopilot/mode_num] /autopilot http://copter131:51261/
[rosmaster.master][INFO] 2019-02-27 12:15:53,188: +SUB [/network/recv_swarm_data] /wingman http://copter131:46086/
[rosmaster.master][INFO] 2019-02-27 12:15:53,192: +PUB [/swarm_control/behavior_status] /wingman http://copter131:46086/
[rosmaster.master][INFO] 2019-02-27 12:15:53,196: +PUB [/network/send_swarm_behavior_data] /wingman http://copter131:46086/
[rosmaster.master][INFO] 2019-02-27 12:15:53,199: +SERVICE [/wingman/set] /wingman http://copter131:46086/
[rosmaster.master][INFO] 2019-02-27 12:15:53,203: +SERVICE [/wingman/run] /wingman http://copter131:46086/
[rosmaster.master][INFO] 2019-02-27 12:15:53,204: +SUB [/autopilot/set_landing] /autopilot http://copter131:51261/
[rosmaster.master][INFO] 2019-02-27 12:15:53,206: +SERVICE [/wingman/pause] /wingman http://copter131:46086/
[rosmaster.master][INFO] 2019-02-27 12:15:53,225: +SUB [/autopilot/payload_waypoint] /autopilot http://copter131:51261/
[rosmaster.master][INFO] 2019-02-27 12:15:53,226: publisherUpdate[/network/send_swarm_behavior_data] -> http://copter131:38774/
[rosmaster.master][INFO] 2019-02-27 12:15:53,243: +SUB [/autopilot/reboot] /autopilot http://copter131:51261/
[rosmaster.master][INFO] 2019-02-27 12:15:53,257: +SUB [/autopilot/weather_update] /autopilot http://copter131:51261/
[rosmaster.master][INFO] 2019-02-27 12:15:53,270: +SUB [/autopilot/copter_takeoff] /autopilot http://copter131:51261/
[rosmaster.master][INFO] 2019-02-27 12:15:53,273: +SERVICE [/autopilot/cal_pressure] /autopilot http://copter131:51261/
[rosmaster.master][INFO] 2019-02-27 12:15:53,276: +SERVICE [/autopilot/cal_gyros] /autopilot http://copter131:51261/
[rosmaster.master][INFO] 2019-02-27 12:15:53,278: +SERVICE [/autopilot/demo_servos] /autopilot http://copter131:51261/
[rosmaster.master][INFO] 2019-02-27 12:15:53,281: +SERVICE [/autopilot/demo_motor] /autopilot http://copter131:51261/
[rosmaster.master][INFO] 2019-02-27 12:15:53,284: +SERVICE [/autopilot/version] /autopilot http://copter131:51261/
[rosmaster.master][INFO] 2019-02-27 12:15:53,289: +SERVICE [/autopilot/load_param] /autopilot http://copter131:51261/
[rosmaster.master][INFO] 2019-02-27 12:15:53,292: +SERVICE [/autopilot/load_fence] /autopilot http://copter131:51261/
[rosmaster.master][INFO] 2019-02-27 12:15:53,295: +SERVICE [/autopilot/load_rally] /autopilot http://copter131:51261/
[rosmaster.master][INFO] 2019-02-27 12:15:53,298: +SERVICE [/autopilot/load_wp] /autopilot http://copter131:51261/
[rosmaster.master][INFO] 2019-02-27 12:15:53,304: +SERVICE [/autopilot/fpr_param_get] /autopilot http://copter131:51261/
[rosmaster.master][INFO] 2019-02-27 12:15:53,307: +SERVICE [/autopilot/fpr_param_getlist] /autopilot http://copter131:51261/
[rosmaster.master][INFO] 2019-02-27 12:15:53,310: +SERVICE [/autopilot/fpr_param_set] /autopilot http://copter131:51261/
[rosmaster.master][INFO] 2019-02-27 12:15:53,313: +SERVICE [/autopilot/fpr_param_setlist] /autopilot http://copter131:51261/
[rosmaster.master][INFO] 2019-02-27 12:15:53,315: +SERVICE [/autopilot/fpr_fence_getall] /autopilot http://copter131:51261/
[rosmaster.master][INFO] 2019-02-27 12:15:53,318: +SERVICE [/autopilot/fpr_fence_setall] /autopilot http://copter131:51261/
[rosmaster.master][INFO] 2019-02-27 12:15:53,321: +SERVICE [/autopilot/fpr_rally_getall] /autopilot http://copter131:51261/
[rosmaster.master][INFO] 2019-02-27 12:15:53,323: +SERVICE [/autopilot/fpr_rally_setall] /autopilot http://copter131:51261/
[rosmaster.master][INFO] 2019-02-27 12:15:53,329: +SERVICE [/autopilot/slave_setup] /autopilot http://copter131:51261/
[rosmaster.master][INFO] 2019-02-27 12:15:53,334: +SERVICE [/autopilot/wp_getall] /autopilot http://copter131:51261/
[rosmaster.master][INFO] 2019-02-27 12:15:53,336: +SERVICE [/autopilot/wp_getrange] /autopilot http://copter131:51261/
[rosmaster.master][INFO] 2019-02-27 12:15:53,339: +SERVICE [/autopilot/wp_getlast] /autopilot http://copter131:51261/
[rosmaster.master][INFO] 2019-02-27 12:15:53,342: +SERVICE [/autopilot/wp_setall] /autopilot http://copter131:51261/
[rosmaster.master][INFO] 2019-02-27 12:15:53,347: +SERVICE [/autopilot/ap_msg_queue_last_n] /autopilot http://copter131:51261/
[rosmaster.master][INFO] 2019-02-27 12:15:53,360: +PUB [/autopilot/acs_pose] /autopilot http://copter131:51261/
[rosmaster.master][INFO] 2019-02-27 12:15:53,366: +PUB [/autopilot/gps] /autopilot http://copter131:51261/
[rosmaster.master][INFO] 2019-02-27 12:15:53,369: +PUB [/autopilot/gps_odom] /autopilot http://copter131:51261/
[rosmaster.master][INFO] 2019-02-27 12:15:53,371: +PUB [/autopilot/waypoint_goto] /swarm_landing_sequencer http://copter131:50742/
[rosmaster.master][INFO] 2019-02-27 12:15:53,377: +PUB [/autopilot/imu] /autopilot http://copter131:51261/
[rosmaster.master][INFO] 2019-02-27 12:15:53,394: +SUB [/autopilot/acs_pose] /constrained_shooter http://copter131:42396/
[rosmaster.master][INFO] 2019-02-27 12:15:53,407: +SUB [/hit_tracker/hit_uavs] /constrained_shooter http://copter131:42396/
[rosmaster.master][INFO] 2019-02-27 12:15:53,410: +PUB [/air_to_air/firing_reports] /constrained_shooter http://copter131:42396/
[rosmaster.master][INFO] 2019-02-27 12:15:53,430: publisherUpdate[/autopilot/acs_pose] -> http://copter131:49640/
[rosmaster.master][INFO] 2019-02-27 12:15:53,435: publisherUpdate[/autopilot/acs_pose] -> http://copter131:50576/
[rosmaster.master][INFO] 2019-02-27 12:15:53,439: publisherUpdate[/autopilot/acs_pose] -> http://copter131:38774/
[rosmaster.master][INFO] 2019-02-27 12:15:53,441: +SUB [/autopilot/acs_pose] /greedy_shooter http://copter131:53761/
[rosmaster.master][INFO] 2019-02-27 12:15:53,442: publisherUpdate[/autopilot/acs_pose] -> http://copter131:44368/
[rosmaster.master][INFO] 2019-02-27 12:15:53,442: publisherUpdate[/autopilot/acs_pose] -> http://copter131:39610/
[rosmaster.master][INFO] 2019-02-27 12:15:53,444: publisherUpdate[/autopilot/waypoint_goto] -> http://copter131:51261/
[rosmaster.master][INFO] 2019-02-27 12:15:53,451: publisherUpdate[/air_to_air/firing_reports] -> http://copter131:38774/
[rosmaster.master][INFO] 2019-02-27 12:15:53,489: +SUB [/hit_tracker/hit_uavs] /greedy_shooter http://copter131:53761/
[rosmaster.master][INFO] 2019-02-27 12:15:53,528: +SUB [/autopilot/acs_pose] /smart_shooter http://copter131:51743/
[rosmaster.master][INFO] 2019-02-27 12:15:53,535: +PUB [/autopilot/waypoint_goto] /linear_formation http://copter131:43902/
[rosmaster.master][INFO] 2019-02-27 12:15:53,551: publisherUpdate[/autopilot/waypoint_goto] -> http://copter131:51261/
[rosmaster.master][INFO] 2019-02-27 12:15:53,554: +SUB [/network/net_reset] /greedy_shooter http://copter131:53761/
[rosmaster.master][INFO] 2019-02-27 12:15:53,568: +PUB [/air_to_air/firing_reports] /greedy_shooter http://copter131:53761/
[rosmaster.master][INFO] 2019-02-27 12:15:53,578: +SUB [/swarm_tracker/swarm_uav_states] /swarm_control http://copter131:37532/
[rosmaster.master][INFO] 2019-02-27 12:15:53,582: +PUB [/autopilot/waypoint_goto] /greedy_shooter http://copter131:53761/
[rosmaster.master][INFO] 2019-02-27 12:15:53,594: +SUB [/swarm_tracker/swarm_uav_states] /safety http://copter131:50576/
[rosmaster.master][INFO] 2019-02-27 12:15:53,596: +SUB [/autopilot/acs_pose] /wingman http://copter131:46086/
[rosmaster.master][INFO] 2019-02-27 12:15:53,598: +SUB [/hit_tracker/hit_uavs] /smart_shooter http://copter131:51743/
[rosmaster.master][INFO] 2019-02-27 12:15:53,601: +PUB [/rosout] /patrol_box http://copter131:40178/
[rosmaster.master][INFO] 2019-02-27 12:15:53,604: +SERVICE [/safety/set_health_state] /safety http://copter131:50576/
[rosmaster.master][INFO] 2019-02-27 12:15:53,609: +PUB [/air_to_air/firing_reports] /smart_shooter http://copter131:51743/
[rosmaster.master][INFO] 2019-02-27 12:15:53,631: +SERVICE [/patrol_box/get_loggers] /patrol_box http://copter131:40178/
[rosmaster.master][INFO] 2019-02-27 12:15:53,647: +SERVICE [/patrol_box/set_logger_level] /patrol_box http://copter131:40178/
[rosmaster.master][INFO] 2019-02-27 12:15:53,652: +SUB [/swarm_control/behavior_status] /swarm_control http://copter131:37532/
[rosmaster.master][INFO] 2019-02-27 12:15:53,659: publisherUpdate[/air_to_air/firing_reports] -> http://copter131:38774/
[rosmaster.master][INFO] 2019-02-27 12:15:53,661: publisherUpdate[/autopilot/waypoint_goto] -> http://copter131:51261/
[rosmaster.master][INFO] 2019-02-27 12:15:53,661: publisherUpdate[/rosout] -> http://copter131:54578/
[rosmaster.master][INFO] 2019-02-27 12:15:53,665: publisherUpdate[/air_to_air/firing_reports] -> http://copter131:38774/
[rosmaster.master][INFO] 2019-02-27 12:15:53,684: +SUB [/hit_tracker/hit_uavs] /wingman http://copter131:46086/
[rosmaster.master][INFO] 2019-02-27 12:15:53,706: +PUB [/autopilot/waypoint_goto] /wingman http://copter131:46086/
[rosmaster.master][INFO] 2019-02-27 12:15:53,710: +SUB [/autopilot/acs_pose] /patrol_box_shooter http://copter131:54446/
[rosmaster.master][INFO] 2019-02-27 12:15:53,720: +PUB [/air_to_air/firing_reports] /wingman http://copter131:46086/
[rosmaster.master][INFO] 2019-02-27 12:15:53,749: +SUB [/autopilot/status] /patrol_box http://copter131:40178/
[rosmaster.master][INFO] 2019-02-27 12:15:53,758: +SUB [/autopilot/status] /swarm_control http://copter131:37532/
[rosmaster.master][INFO] 2019-02-27 12:15:53,768: +PUB [/safety/payload_waypoint] /patrol_box http://copter131:40178/
[rosmaster.master][INFO] 2019-02-27 12:15:53,768: publisherUpdate[/autopilot/waypoint_goto] -> http://copter131:51261/
[rosmaster.master][INFO] 2019-02-27 12:15:53,772: publisherUpdate[/air_to_air/firing_reports] -> http://copter131:38774/
[rosmaster.master][INFO] 2019-02-27 12:15:53,775: publisherUpdate[/safety/payload_waypoint] -> http://copter131:50576/
[rosmaster.master][INFO] 2019-02-27 12:15:53,791: +SUB [/hit_tracker/hit_uavs] /patrol_box_shooter http://copter131:54446/
[rosmaster.master][INFO] 2019-02-27 12:15:53,798: +PUB [/safety/payload_waypoint] /tactic_interface http://copter131:43579/
[rosmaster.master][INFO] 2019-02-27 12:15:53,800: +PUB [/air_to_air/firing_reports] /patrol_box_shooter http://copter131:54446/
[rosmaster.master][INFO] 2019-02-27 12:15:53,808: +SUB [/autopilot/status] /tactic_interface http://copter131:43579/
[rosmaster.master][INFO] 2019-02-27 12:15:53,812: +PUB [/patrol_box_shooter/send_swarm_behavior_data] /patrol_box_shooter http://copter131:54446/
[rosmaster.master][INFO] 2019-02-27 12:15:53,826: +SUB [/network/recv_swarm_data] /swarm_control http://copter131:37532/
[rosmaster.master][INFO] 2019-02-27 12:15:53,830: +SUB [/swarm_control/subswarm_id] /patrol_box http://copter131:40178/
[rosmaster.master][INFO] 2019-02-27 12:15:53,848: +SUB [/network/net_reset] /swarm_control http://copter131:37532/
[rosmaster.master][INFO] 2019-02-27 12:15:53,849: +SUB [/swarm_control/ap_intent] /patrol_box http://copter131:40178/
[rosmaster.master][INFO] 2019-02-27 12:15:53,851: +PUB [/swarm_control/subswarm_id] /swarm_control http://copter131:37532/
[rosmaster.master][INFO] 2019-02-27 12:15:53,856: +PUB [/swarm_control/swarm_state] /swarm_control http://copter131:37532/
[rosmaster.master][INFO] 2019-02-27 12:15:53,859: +PUB [/swarm_control/swarm_behavior] /swarm_control http://copter131:37532/
[rosmaster.master][INFO] 2019-02-27 12:15:53,864: +PUB [/swarm_control/ap_intent] /swarm_control http://copter131:37532/
[rosmaster.master][INFO] 2019-02-27 12:15:53,868: +PUB [/autopilot/waypoint_goto] /swarm_control http://copter131:37532/
[rosmaster.master][INFO] 2019-02-27 12:15:53,870: +SUB [/network/recv_swarm_data] /patrol_box http://copter131:40178/
[rosmaster.master][INFO] 2019-02-27 12:15:53,874: +PUB [/swarm_control/behavior_status] /patrol_box http://copter131:40178/
[rosmaster.master][INFO] 2019-02-27 12:15:53,877: +PUB [/swarm_control/behavior_summary] /swarm_control http://copter131:37532/
[rosmaster.master][INFO] 2019-02-27 12:15:53,879: +PUB [/network/send_swarm_behavior_data] /patrol_box http://copter131:40178/
[rosmaster.master][INFO] 2019-02-27 12:15:53,883: +PUB [/autopilot/mode_num] /swarm_control http://copter131:37532/
[rosmaster.master][INFO] 2019-02-27 12:15:53,883: publisherUpdate[/safety/payload_waypoint] -> http://copter131:50576/
[rosmaster.master][INFO] 2019-02-27 12:15:53,886: +SERVICE [/patrol_box/set] /patrol_box http://copter131:40178/
[rosmaster.master][INFO] 2019-02-27 12:15:53,887: publisherUpdate[/air_to_air/firing_reports] -> http://copter131:38774/
[rosmaster.master][INFO] 2019-02-27 12:15:53,888: publisherUpdate[/swarm_control/subswarm_id] -> http://copter131:33831/
[rosmaster.master][INFO] 2019-02-27 12:15:53,892: publisherUpdate[/swarm_control/subswarm_id] -> http://copter131:38774/
[rosmaster.master][INFO] 2019-02-27 12:15:53,896: publisherUpdate[/swarm_control/subswarm_id] -> http://copter131:43902/
[rosmaster.master][INFO] 2019-02-27 12:15:53,897: publisherUpdate[/swarm_control/subswarm_id] -> http://copter131:58374/
[rosmaster.master][INFO] 2019-02-27 12:15:53,902: +SERVICE [/patrol_box/run] /patrol_box http://copter131:40178/
[rosmaster.master][INFO] 2019-02-27 12:15:53,903: publisherUpdate[/swarm_control/subswarm_id] -> http://copter131:54446/
[rosmaster.master][INFO] 2019-02-27 12:15:53,904: publisherUpdate[/swarm_control/subswarm_id] -> http://copter131:56411/
[rosmaster.master][INFO] 2019-02-27 12:15:53,904: publisherUpdate[/swarm_control/subswarm_id] -> http://copter131:42396/
[rosmaster.master][INFO] 2019-02-27 12:15:53,907: +PUB [/rosout] /tactic_interface http://copter131:43579/
[rosmaster.master][INFO] 2019-02-27 12:15:53,913: publisherUpdate[/swarm_control/subswarm_id] -> http://copter131:53761/
[rosmaster.master][INFO] 2019-02-27 12:15:53,916: publisherUpdate[/swarm_control/subswarm_id] -> http://copter131:51743/
[rosmaster.master][INFO] 2019-02-27 12:15:53,916: publisherUpdate[/swarm_control/subswarm_id] -> http://copter131:44368/
[rosmaster.master][INFO] 2019-02-27 12:15:53,920: +SERVICE [/patrol_box/pause] /patrol_box http://copter131:40178/
[rosmaster.master][INFO] 2019-02-27 12:15:53,927: publisherUpdate[/swarm_control/subswarm_id] -> http://copter131:39610/
[rosmaster.master][INFO] 2019-02-27 12:15:53,939: publisherUpdate[/swarm_control/subswarm_id] -> http://copter131:50742/
[rosmaster.master][INFO] 2019-02-27 12:15:53,941: +SERVICE [/tactic_interface/get_loggers] /tactic_interface http://copter131:43579/
[rosmaster.master][INFO] 2019-02-27 12:15:53,941: publisherUpdate[/swarm_control/subswarm_id] -> http://copter131:46086/
[rosmaster.master][INFO] 2019-02-27 12:15:53,941: publisherUpdate[/swarm_control/subswarm_id] -> http://copter131:40178/
[rosmaster.master][INFO] 2019-02-27 12:15:53,947: publisherUpdate[/swarm_control/swarm_state] -> http://copter131:38774/
[rosmaster.master][INFO] 2019-02-27 12:15:53,953: +SERVICE [/tactic_interface/set_logger_level] /tactic_interface http://copter131:43579/
[rosmaster.master][INFO] 2019-02-27 12:15:53,955: publisherUpdate[/swarm_control/swarm_state] -> http://copter131:44368/
[rosmaster.master][INFO] 2019-02-27 12:15:53,958: publisherUpdate[/swarm_control/swarm_behavior] -> http://copter131:38774/
[rosmaster.master][INFO] 2019-02-27 12:15:53,960: publisherUpdate[/swarm_control/ap_intent] -> http://copter131:33831/
[rosmaster.master][INFO] 2019-02-27 12:15:53,966: publisherUpdate[/swarm_control/swarm_behavior] -> http://copter131:44368/
[rosmaster.master][INFO] 2019-02-27 12:15:53,969: publisherUpdate[/swarm_control/ap_intent] -> http://copter131:43902/
[rosmaster.master][INFO] 2019-02-27 12:15:53,969: publisherUpdate[/swarm_control/ap_intent] -> http://copter131:58374/
[rosmaster.master][INFO] 2019-02-27 12:15:53,974: publisherUpdate[/swarm_control/ap_intent] -> http://copter131:54446/
[rosmaster.master][INFO] 2019-02-27 12:15:53,977: publisherUpdate[/swarm_control/ap_intent] -> http://copter131:56411/
[rosmaster.master][INFO] 2019-02-27 12:15:53,980: publisherUpdate[/swarm_control/ap_intent] -> http://copter131:42396/
[rosmaster.master][INFO] 2019-02-27 12:15:53,983: publisherUpdate[/swarm_control/ap_intent] -> http://copter131:53761/
[rosmaster.master][INFO] 2019-02-27 12:15:53,991: publisherUpdate[/swarm_control/ap_intent] -> http://copter131:51743/
[rosmaster.master][INFO] 2019-02-27 12:15:53,993: publisherUpdate[/swarm_control/ap_intent] -> http://copter131:39610/
[rosmaster.master][INFO] 2019-02-27 12:15:53,995: publisherUpdate[/swarm_control/ap_intent] -> http://copter131:50742/
[rosmaster.master][INFO] 2019-02-27 12:15:54,006: publisherUpdate[/swarm_control/ap_intent] -> http://copter131:46086/
[rosmaster.master][INFO] 2019-02-27 12:15:54,007: publisherUpdate[/swarm_control/ap_intent] -> http://copter131:40178/
[rosmaster.master][INFO] 2019-02-27 12:15:54,008: publisherUpdate[/autopilot/waypoint_goto] -> http://copter131:51261/
[rosmaster.master][INFO] 2019-02-27 12:15:54,014: publisherUpdate[/swarm_control/behavior_status] -> http://copter131:37532/
[rosmaster.master][INFO] 2019-02-27 12:15:54,016: publisherUpdate[/swarm_control/behavior_summary] -> http://copter131:38774/
[rosmaster.master][INFO] 2019-02-27 12:15:54,022: publisherUpdate[/autopilot/mode_num] -> http://copter131:51261/
[rosmaster.master][INFO] 2019-02-27 12:15:54,023: publisherUpdate[/network/send_swarm_behavior_data] -> http://copter131:38774/
[rosmaster.master][INFO] 2019-02-27 12:15:54,031: +SUB [/autopilot/acs_pose] /patrol_box http://copter131:40178/
[rosmaster.master][INFO] 2019-02-27 12:15:54,035: publisherUpdate[/rosout] -> http://copter131:54578/
[rosmaster.master][INFO] 2019-02-27 12:15:54,038: +PARAM [/subswarm_id] by /swarm_tracker
[rosmaster.master][INFO] 2019-02-27 12:15:54,051: publisherUpdate[/autopilot/status] -> http://copter131:36001/
[rosmaster.master][INFO] 2019-02-27 12:15:54,053: +PUB [/autopilot/status] /autopilot http://copter131:51261/
[rosmaster.master][INFO] 2019-02-27 12:15:54,060: publisherUpdate[/autopilot/status] -> http://copter131:33831/
[rosmaster.master][INFO] 2019-02-27 12:15:54,068: publisherUpdate[/autopilot/status] -> http://copter131:43902/
[rosmaster.master][INFO] 2019-02-27 12:15:54,071: publisherUpdate[/autopilot/status] -> http://copter131:58374/
[rosmaster.master][INFO] 2019-02-27 12:15:54,075: +SUB [/swarm_control/subswarm_id] /tactic_interface http://copter131:43579/
[rosmaster.master][INFO] 2019-02-27 12:15:54,077: publisherUpdate[/autopilot/status] -> http://copter131:38774/
[rosmaster.master][INFO] 2019-02-27 12:15:54,082: publisherUpdate[/autopilot/status] -> http://copter131:54446/
[rosmaster.master][INFO] 2019-02-27 12:15:54,084: publisherUpdate[/autopilot/status] -> http://copter131:56411/
[rosmaster.master][INFO] 2019-02-27 12:15:54,091: publisherUpdate[/autopilot/status] -> http://copter131:42396/
[rosmaster.master][INFO] 2019-02-27 12:15:54,095: publisherUpdate[/autopilot/status] -> http://copter131:53761/
[rosmaster.master][INFO] 2019-02-27 12:15:54,104: publisherUpdate[/autopilot/status] -> http://copter131:51743/
[rosmaster.master][INFO] 2019-02-27 12:15:54,103: publisherUpdate[/autopilot/status] -> http://copter131:39610/
[rosmaster.master][INFO] 2019-02-27 12:15:54,114: publisherUpdate[/autopilot/status] -> http://copter131:44368/
[rosmaster.master][INFO] 2019-02-27 12:15:54,117: publisherUpdate[/autopilot/status] -> http://copter131:50742/
[rosmaster.master][INFO] 2019-02-27 12:15:54,122: publisherUpdate[/autopilot/status] -> http://copter131:46086/
[rosmaster.master][INFO] 2019-02-27 12:15:54,125: publisherUpdate[/autopilot/status] -> http://copter131:40178/
[rosmaster.master][INFO] 2019-02-27 12:15:54,131: publisherUpdate[/autopilot/status] -> http://copter131:37532/
[rosmaster.master][INFO] 2019-02-27 12:15:54,133: publisherUpdate[/autopilot/status] -> http://copter131:43579/
[rosmaster.master][INFO] 2019-02-27 12:15:54,152: +SUB [/swarm_control/ap_intent] /tactic_interface http://copter131:43579/
[rosmaster.master][INFO] 2019-02-27 12:15:54,184: +SUB [/network/recv_swarm_data] /tactic_interface http://copter131:43579/
[rosmaster.master][INFO] 2019-02-27 12:15:54,188: +PUB [/swarm_control/behavior_status] /tactic_interface http://copter131:43579/
[rosmaster.master][INFO] 2019-02-27 12:15:54,191: +PUB [/network/send_swarm_behavior_data] /tactic_interface http://copter131:43579/
[rosmaster.master][INFO] 2019-02-27 12:15:54,195: +SERVICE [/tactic_interface/set] /tactic_interface http://copter131:43579/
[rosmaster.master][INFO] 2019-02-27 12:15:54,198: +SERVICE [/tactic_interface/run] /tactic_interface http://copter131:43579/
[rosmaster.master][INFO] 2019-02-27 12:15:54,201: +SERVICE [/tactic_interface/pause] /tactic_interface http://copter131:43579/
[rosmaster.master][INFO] 2019-02-27 12:15:54,218: +SUB [/autopilot/acs_pose] /tactic_interface http://copter131:43579/
[rosmaster.master][INFO] 2019-02-27 12:15:54,237: +SUB [/hit_tracker/hit_uavs] /tactic_interface http://copter131:43579/
[rosmaster.master][INFO] 2019-02-27 12:15:54,238: publisherUpdate[/swarm_control/behavior_status] -> http://copter131:37532/
[rosmaster.master][INFO] 2019-02-27 12:15:54,241: publisherUpdate[/network/send_swarm_behavior_data] -> http://copter131:38774/
[rosmaster.master][INFO] 2019-02-27 12:15:54,262: +SUB [/network/net_reset] /tactic_interface http://copter131:43579/
[rosmaster.master][INFO] 2019-02-27 12:15:54,265: +PUB [/air_to_air/firing_reports] /tactic_interface http://copter131:43579/
[rosmaster.master][INFO] 2019-02-27 12:15:54,269: +PUB [/autopilot/waypoint_goto] /tactic_interface http://copter131:43579/
[rosmaster.master][INFO] 2019-02-27 12:15:54,272: +PUB [/network/swarm_sub_behavior] /tactic_interface http://copter131:43579/
[rosmaster.master][INFO] 2019-02-27 12:15:54,345: publisherUpdate[/air_to_air/firing_reports] -> http://copter131:38774/
[rosmaster.master][INFO] 2019-02-27 12:15:54,346: publisherUpdate[/autopilot/waypoint_goto] -> http://copter131:51261/
[rosmaster.master][INFO] 2019-02-27 12:15:54,350: publisherUpdate[/network/swarm_sub_behavior] -> http://copter131:38774/
[rosmaster.master][INFO] 2019-02-27 12:16:03,441: +PUB [/network/recv_swarm_ctl_state] /network http://copter131:38774/
[rosmaster.master][INFO] 2019-02-27 12:16:03,465: publisherUpdate[/network/recv_swarm_ctl_state] -> http://copter131:44368/
[rosmaster.master][INFO] 2019-02-27 12:16:04,442: +PUB [/network/recv_pose] /network http://copter131:38774/
[rosmaster.master][INFO] 2019-02-27 12:16:04,472: publisherUpdate[/network/recv_pose] -> http://copter131:47037/
[rosmaster.master][INFO] 2019-02-27 12:16:04,473: publisherUpdate[/network/recv_pose] -> http://copter131:44368/
[rosmaster.master][INFO] 2019-02-27 12:16:10,389: +PUB [/autopilot/arm] /network http://copter131:38774/
[rosmaster.master][INFO] 2019-02-27 12:16:10,390: publisherUpdate[/autopilot/arm] -> http://copter131:51261/
[rosmaster.master][INFO] 2019-02-27 12:16:26,200: +PARAM [/aircraft_type] by /swarm_control
[rosmaster.master][INFO] 2019-02-27 12:17:19,943: +PARAM [/flight_ready] by /network
[rosmaster.master][INFO] 2019-02-27 12:17:31,405: +PUB [/autopilot/mode_num] /network http://copter131:38774/
[rosmaster.master][INFO] 2019-02-27 12:17:31,471: publisherUpdate[/autopilot/mode_num] -> http://copter131:51261/
[rosmaster.master][INFO] 2019-02-27 12:17:51,639: +PARAM [/subswarm_id] by /swarm_tracker
[rosmaster.master][INFO] 2019-02-27 12:17:59,006: +PARAM [/subswarm_id] by /swarm_tracker
[rosmaster.master][INFO] 2019-02-27 12:18:28,328: +PARAM [/subswarm_id] by /swarm_tracker
[rosmaster.master][INFO] 2019-02-27 12:18:42,752: +PUB [/autopilot/copter_takeoff] /network http://copter131:38774/
[rosmaster.master][INFO] 2019-02-27 12:18:42,825: publisherUpdate[/autopilot/copter_takeoff] -> http://copter131:51261/
[rosmaster.master][INFO] 2019-02-27 12:18:57,049: +PARAM [/subswarm_id] by /swarm_tracker
[rosmaster.master][INFO] 2019-02-27 12:18:59,415: +PARAM [/subswarm_id] by /swarm_tracker
[rosmaster.master][INFO] 2019-02-27 12:19:12,047: +PARAM [/last_mission_wp_id] by /swarm_control
[rosmaster.master][INFO] 2019-02-27 12:19:12,074: +SUB [/red_tracker/red_uav_states] /tactic_interface http://copter131:43579/
[rosmaster.master][INFO] 2019-02-27 12:19:12,602: +SUB [/swarm_tracker/swarm_uav_states] /tactic_interface http://copter131:43579/
[rosmaster.master][INFO] 2019-02-27 12:19:13,157: +SUB [/tactic_interface/altitude] /tactic_interface http://copter131:43579/
[rosmaster.master][INFO] 2019-02-27 12:19:14,980: +PUB [/rosout] /radeyeNode_18033_1551298754826 http://copter131:58832/
[rosmaster.master][INFO] 2019-02-27 12:19:14,994: +SERVICE [/radeyeNode_18033_1551298754826/get_loggers] /radeyeNode_18033_1551298754826 http://copter131:58832/
[rosmaster.master][INFO] 2019-02-27 12:19:14,999: +SERVICE [/radeyeNode_18033_1551298754826/set_logger_level] /radeyeNode_18033_1551298754826 http://copter131:58832/
[rosmaster.master][INFO] 2019-02-27 12:19:15,000: publisherUpdate[/rosout] -> http://copter131:54578/
[rosmaster.master][INFO] 2019-02-27 12:19:15,026: +SUB [/autopilot/gps_odom] /radeyeNode_18033_1551298754826 http://copter131:58832/
[rosmaster.master][INFO] 2019-02-27 12:19:15,054: +SUB [/autopilot/gps] /radeyeNode_18033_1551298754826 http://copter131:58832/
[rosmaster.master][INFO] 2019-02-27 12:19:17,087: -PUB [/tactic_interface/altitude] /altitude_sensor http://copter131:60224/
[rosmaster.master][INFO] 2019-02-27 12:19:17,089: -PUB [/rosout] /altitude_sensor http://copter131:60224/
[rosmaster.master][INFO] 2019-02-27 12:19:17,090: -SERVICE [/altitude_sensor/set_logger_level] /altitude_sensor rosrpc://copter131:39798
[rosmaster.master][INFO] 2019-02-27 12:19:17,090: -SERVICE [/altitude_sensor/get_loggers] /altitude_sensor rosrpc://copter131:39798
[rosmaster.master][INFO] 2019-02-27 12:19:17,107: publisherUpdate[/tactic_interface/altitude] -> http://copter131:43579/
[rosmaster.master][INFO] 2019-02-27 12:19:17,116: publisherUpdate[/rosout] -> http://copter131:54578/
[rosmaster.master][INFO] 2019-02-27 12:19:30,894: -SUB [/swarm_tracker/swarm_uav_states] /tactic_interface http://copter131:43579/
[rosmaster.master][INFO] 2019-02-27 12:19:30,898: -SUB [/red_tracker/red_uav_states] /tactic_interface http://copter131:43579/
[rosmaster.master][INFO] 2019-02-27 12:26:07,251: +SUB [/red_tracker/red_uav_states] /tactic_interface http://copter131:43579/
[rosmaster.master][INFO] 2019-02-27 12:26:07,778: +SUB [/swarm_tracker/swarm_uav_states] /tactic_interface http://copter131:43579/
[rosmaster.master][INFO] 2019-02-27 12:26:10,082: +PUB [/rosout] /altitudeeyeNode_9195_1551299169926 http://copter131:41850/
[rosmaster.master][INFO] 2019-02-27 12:26:10,087: +PUB [/rosout] /radeyeNode_9190_1551299169935 http://copter131:47474/
[rosmaster.master][INFO] 2019-02-27 12:26:10,102: +SERVICE [/altitudeeyeNode_9195_1551299169926/get_loggers] /altitudeeyeNode_9195_1551299169926 http://copter131:41850/
[rosmaster.master][INFO] 2019-02-27 12:26:10,116: +SERVICE [/altitudeeyeNode_9195_1551299169926/set_logger_level] /altitudeeyeNode_9195_1551299169926 http://copter131:41850/
[rosmaster.master][INFO] 2019-02-27 12:26:10,117: publisherUpdate[/rosout] -> http://copter131:54578/
[rosmaster.master][INFO] 2019-02-27 12:26:10,120: +SERVICE [/radeyeNode_9190_1551299169935/get_loggers] /radeyeNode_9190_1551299169935 http://copter131:47474/
[rosmaster.master][INFO] 2019-02-27 12:26:10,132: publisherUpdate[/rosout] -> http://copter131:54578/
[rosmaster.master][INFO] 2019-02-27 12:26:10,136: +SERVICE [/radeyeNode_9190_1551299169935/set_logger_level] /radeyeNode_9190_1551299169935 http://copter131:47474/
[rosmaster.master][INFO] 2019-02-27 12:26:10,169: +SUB [/autopilot/gps_odom] /radeyeNode_9190_1551299169935 http://copter131:47474/
[rosmaster.master][INFO] 2019-02-27 12:26:10,197: +SUB [/autopilot/gps] /radeyeNode_9190_1551299169935 http://copter131:47474/
[rosmaster.master][INFO] 2019-02-27 12:26:11,735: -PUB [/rosout] /altitudeeyeNode_9195_1551299169926 http://copter131:41850/
[rosmaster.master][INFO] 2019-02-27 12:26:11,735: -SERVICE [/altitudeeyeNode_9195_1551299169926/get_loggers] /altitudeeyeNode_9195_1551299169926 rosrpc://copter131:60267
[rosmaster.master][INFO] 2019-02-27 12:26:11,736: -SERVICE [/altitudeeyeNode_9195_1551299169926/set_logger_level] /altitudeeyeNode_9195_1551299169926 rosrpc://copter131:60267
[rosmaster.master][INFO] 2019-02-27 12:26:11,751: publisherUpdate[/rosout] -> http://copter131:54578/
[rosmaster.master][INFO] 2019-02-27 12:26:48,626: +PUB [/rosout] /altitude_11463_1551299208474 http://copter131:52035/
[rosmaster.master][INFO] 2019-02-27 12:26:48,639: +SERVICE [/altitude_11463_1551299208474/get_loggers] /altitude_11463_1551299208474 http://copter131:52035/
[rosmaster.master][INFO] 2019-02-27 12:26:48,644: +SERVICE [/altitude_11463_1551299208474/set_logger_level] /altitude_11463_1551299208474 http://copter131:52035/
[rosmaster.master][INFO] 2019-02-27 12:26:48,645: publisherUpdate[/rosout] -> http://copter131:54578/
[rosmaster.master][INFO] 2019-02-27 12:26:48,650: +PUB [/tactic_interface/altitude] /altitude_11463_1551299208474 http://copter131:52035/
[rosmaster.master][INFO] 2019-02-27 12:26:48,658: publisherUpdate[/tactic_interface/altitude] -> http://copter131:43579/
[rosmaster.master][INFO] 2019-02-27 12:26:51,864: -SUB [/autopilot/gps_odom] /radeyeNode_18033_1551298754826 http://copter131:58832/
[rosmaster.master][INFO] 2019-02-27 12:26:51,865: -SUB [/autopilot/gps] /radeyeNode_18033_1551298754826 http://copter131:58832/
[rosmaster.master][INFO] 2019-02-27 12:26:51,865: -PUB [/rosout] /radeyeNode_18033_1551298754826 http://copter131:58832/
[rosmaster.master][INFO] 2019-02-27 12:26:51,866: -SERVICE [/radeyeNode_18033_1551298754826/get_loggers] /radeyeNode_18033_1551298754826 rosrpc://copter131:35281
[rosmaster.master][INFO] 2019-02-27 12:26:51,866: -SERVICE [/radeyeNode_18033_1551298754826/set_logger_level] /radeyeNode_18033_1551298754826 rosrpc://copter131:35281
[rosmaster.master][INFO] 2019-02-27 12:26:51,872: publisherUpdate[/rosout] -> http://copter131:54578/
[rosmaster.master][INFO] 2019-02-27 12:26:53,761: -SUB [/autopilot/gps_odom] /radeyeNode_9190_1551299169935 http://copter131:47474/
[rosmaster.master][INFO] 2019-02-27 12:26:53,762: -SUB [/autopilot/gps] /radeyeNode_9190_1551299169935 http://copter131:47474/
[rosmaster.master][INFO] 2019-02-27 12:26:53,762: -PUB [/rosout] /radeyeNode_9190_1551299169935 http://copter131:47474/
[rosmaster.master][INFO] 2019-02-27 12:26:53,762: -SERVICE [/radeyeNode_9190_1551299169935/get_loggers] /radeyeNode_9190_1551299169935 rosrpc://copter131:52069
[rosmaster.master][INFO] 2019-02-27 12:26:53,763: -SERVICE [/radeyeNode_9190_1551299169935/set_logger_level] /radeyeNode_9190_1551299169935 rosrpc://copter131:52069
[rosmaster.master][INFO] 2019-02-27 12:26:53,791: publisherUpdate[/rosout] -> http://copter131:54578/
[rosmaster.master][INFO] 2019-02-27 12:32:52,173: -SUB [/swarm_tracker/swarm_uav_states] /tactic_interface http://copter131:43579/
[rosmaster.master][INFO] 2019-02-27 12:32:52,197: -SUB [/red_tracker/red_uav_states] /tactic_interface http://copter131:43579/
[rosmaster.master][INFO] 2019-02-27 12:32:52,376: +PARAM [/subswarm_id] by /swarm_tracker
[rosmaster.master][INFO] 2019-02-27 12:32:53,956: +PARAM [/flight_ready] by /network
[rosmaster.master][INFO] 2019-02-27 12:32:55,936: +PARAM [/flight_ready] by /network
[rosmaster.master][INFO] 2019-02-27 12:33:51,705: +PARAM [/subswarm_id] by /swarm_tracker
[rosmaster.master][INFO] 2019-02-27 12:33:54,920: +PARAM [/subswarm_id] by /swarm_tracker
[rosmaster.master][INFO] 2019-02-27 12:34:05,456: +SUB [/red_tracker/red_uav_states] /tactic_interface http://copter131:43579/
[rosmaster.master][INFO] 2019-02-27 12:34:05,987: +SUB [/swarm_tracker/swarm_uav_states] /tactic_interface http://copter131:43579/
[rosmaster.master][INFO] 2019-02-27 12:34:08,339: +PUB [/rosout] /radeyeNode_3769_1551299648187 http://copter131:42938/
[rosmaster.master][INFO] 2019-02-27 12:34:08,353: +SERVICE [/radeyeNode_3769_1551299648187/get_loggers] /radeyeNode_3769_1551299648187 http://copter131:42938/
[rosmaster.master][INFO] 2019-02-27 12:34:08,358: +SERVICE [/radeyeNode_3769_1551299648187/set_logger_level] /radeyeNode_3769_1551299648187 http://copter131:42938/
[rosmaster.master][INFO] 2019-02-27 12:34:08,387: +SUB [/autopilot/gps_odom] /radeyeNode_3769_1551299648187 http://copter131:42938/
[rosmaster.master][INFO] 2019-02-27 12:34:08,396: publisherUpdate[/rosout] -> http://copter131:54578/
[rosmaster.master][INFO] 2019-02-27 12:34:08,422: +SUB [/autopilot/gps] /radeyeNode_3769_1551299648187 http://copter131:42938/
[rosmaster.master][INFO] 2019-02-27 12:34:10,460: -SUB [/autopilot/gps_odom] /radeyeNode_3769_1551299648187 http://copter131:42938/
[rosmaster.master][INFO] 2019-02-27 12:34:10,460: -SUB [/autopilot/gps] /radeyeNode_3769_1551299648187 http://copter131:42938/
[rosmaster.master][INFO] 2019-02-27 12:34:10,461: -PUB [/rosout] /radeyeNode_3769_1551299648187 http://copter131:42938/
[rosmaster.master][INFO] 2019-02-27 12:34:10,461: -SERVICE [/radeyeNode_3769_1551299648187/set_logger_level] /radeyeNode_3769_1551299648187 rosrpc://copter131:39366
[rosmaster.master][INFO] 2019-02-27 12:34:10,461: -SERVICE [/radeyeNode_3769_1551299648187/get_loggers] /radeyeNode_3769_1551299648187 rosrpc://copter131:39366
[rosmaster.master][INFO] 2019-02-27 12:34:10,502: publisherUpdate[/rosout] -> http://copter131:54578/
[rosmaster.master][INFO] 2019-02-27 12:35:15,059: -PUB [/tactic_interface/altitude] /altitude_11463_1551299208474 http://copter131:52035/
[rosmaster.master][INFO] 2019-02-27 12:35:15,060: -PUB [/rosout] /altitude_11463_1551299208474 http://copter131:52035/
[rosmaster.master][INFO] 2019-02-27 12:35:15,060: -SERVICE [/altitude_11463_1551299208474/set_logger_level] /altitude_11463_1551299208474 rosrpc://copter131:45470
[rosmaster.master][INFO] 2019-02-27 12:35:15,060: -SERVICE [/altitude_11463_1551299208474/get_loggers] /altitude_11463_1551299208474 rosrpc://copter131:45470
[rosmaster.master][INFO] 2019-02-27 12:35:15,070: publisherUpdate[/tactic_interface/altitude] -> http://copter131:43579/
[rosmaster.master][INFO] 2019-02-27 12:35:15,071: publisherUpdate[/rosout] -> http://copter131:54578/
[rosmaster.master][INFO] 2019-02-27 12:35:44,989: +PUB [/rosout] /altitude_9452_1551299744837 http://copter131:34127/
[rosmaster.master][INFO] 2019-02-27 12:35:45,002: +SERVICE [/altitude_9452_1551299744837/get_loggers] /altitude_9452_1551299744837 http://copter131:34127/
[rosmaster.master][INFO] 2019-02-27 12:35:45,006: +SERVICE [/altitude_9452_1551299744837/set_logger_level] /altitude_9452_1551299744837 http://copter131:34127/
[rosmaster.master][INFO] 2019-02-27 12:35:45,012: +PUB [/tactic_interface/altitude] /altitude_9452_1551299744837 http://copter131:34127/
[rosmaster.master][INFO] 2019-02-27 12:35:45,019: publisherUpdate[/rosout] -> http://copter131:54578/
[rosmaster.master][INFO] 2019-02-27 12:35:45,030: publisherUpdate[/tactic_interface/altitude] -> http://copter131:43579/
[rosmaster.master][INFO] 2019-02-27 12:38:18,667: -SUB [/swarm_tracker/swarm_uav_states] /tactic_interface http://copter131:43579/
[rosmaster.master][INFO] 2019-02-27 12:38:18,672: -SUB [/red_tracker/red_uav_states] /tactic_interface http://copter131:43579/
[rosmaster.master][INFO] 2019-02-27 12:38:37,845: -PUB [/tactic_interface/altitude] /altitude_9452_1551299744837 http://copter131:34127/
[rosmaster.master][INFO] 2019-02-27 12:38:37,846: -PUB [/rosout] /altitude_9452_1551299744837 http://copter131:34127/
[rosmaster.master][INFO] 2019-02-27 12:38:37,846: -SERVICE [/altitude_9452_1551299744837/set_logger_level] /altitude_9452_1551299744837 rosrpc://copter131:46099
[rosmaster.master][INFO] 2019-02-27 12:38:37,846: -SERVICE [/altitude_9452_1551299744837/get_loggers] /altitude_9452_1551299744837 rosrpc://copter131:46099
[rosmaster.master][INFO] 2019-02-27 12:38:37,935: publisherUpdate[/tactic_interface/altitude] -> http://copter131:43579/
[rosmaster.master][INFO] 2019-02-27 12:38:37,941: publisherUpdate[/rosout] -> http://copter131:54578/
[rosmaster.master][INFO] 2019-02-27 12:39:02,234: +PUB [/rosout] /altitude_20487_1551299942083 http://copter131:33180/
[rosmaster.master][INFO] 2019-02-27 12:39:02,247: +SERVICE [/altitude_20487_1551299942083/get_loggers] /altitude_20487_1551299942083 http://copter131:33180/
[rosmaster.master][INFO] 2019-02-27 12:39:02,252: +SERVICE [/altitude_20487_1551299942083/set_logger_level] /altitude_20487_1551299942083 http://copter131:33180/
[rosmaster.master][INFO] 2019-02-27 12:39:02,257: +PUB [/tactic_interface/altitude] /altitude_20487_1551299942083 http://copter131:33180/
[rosmaster.master][INFO] 2019-02-27 12:39:02,297: publisherUpdate[/rosout] -> http://copter131:54578/
[rosmaster.master][INFO] 2019-02-27 12:39:02,298: publisherUpdate[/tactic_interface/altitude] -> http://copter131:43579/
[rosmaster.master][INFO] 2019-02-27 12:39:41,442: -PUB [/tactic_interface/altitude] /altitude_20487_1551299942083 http://copter131:33180/
[rosmaster.master][INFO] 2019-02-27 12:39:41,442: -PUB [/rosout] /altitude_20487_1551299942083 http://copter131:33180/
[rosmaster.master][INFO] 2019-02-27 12:39:41,442: -SERVICE [/altitude_20487_1551299942083/get_loggers] /altitude_20487_1551299942083 rosrpc://copter131:58542
[rosmaster.master][INFO] 2019-02-27 12:39:41,443: -SERVICE [/altitude_20487_1551299942083/set_logger_level] /altitude_20487_1551299942083 rosrpc://copter131:58542
[rosmaster.master][INFO] 2019-02-27 12:39:41,494: publisherUpdate[/tactic_interface/altitude] -> http://copter131:43579/
[rosmaster.master][INFO] 2019-02-27 12:39:41,497: publisherUpdate[/rosout] -> http://copter131:54578/
