[rospy.client][INFO] 2012-12-31 16:00:16,836: init_node, name[/red_tracker], pid[2815]
[xmlrpc][INFO] 2012-12-31 16:00:16,855: XML-RPC server binding to 0.0.0.0:0
[xmlrpc][INFO] 2012-12-31 16:00:16,856: Started XML-RPC server [http://copter131:49640/]
[rospy.init][INFO] 2012-12-31 16:00:16,856: ROS Slave URI: [http://copter131:49640/]
[rospy.impl.masterslave][INFO] 2012-12-31 16:00:16,856: _ready: http://copter131:49640/
[rospy.registration][INFO] 2012-12-31 16:00:16,870: Registering with master node http://localhost:11311
[xmlrpc][INFO] 2012-12-31 16:00:16,870: xml rpc node: starting XML-RPC server
[rospy.init][INFO] 2012-12-31 16:00:16,957: registered with master
[rospy.rosout][INFO] 2012-12-31 16:00:16,958: initializing /rosout core topic
[rospy.rosout][INFO] 2012-12-31 16:00:17,073: connected to core topic /rosout
[rospy.simtime][INFO] 2012-12-31 16:00:17,192: /use_sim_time is not set, will not subscribe to simulated time [/clock] topic
[rospy.internal][INFO] 2012-12-31 16:00:17,299: topic[/rosout] adding connection to [/rosout], count 0
[rospy.internal][INFO] 2019-02-27 12:15:53,450: topic[/autopilot/acs_pose] adding connection to [http://copter131:51261/], count 0
[rospy.internal][INFO] 2019-02-27 12:19:12,093: topic[/red_tracker/red_uav_states] adding connection to [/tactic_interface], count 0
[rospy.internal][INFO] 2019-02-27 12:19:31,001: topic[/red_tracker/red_uav_states] removing connection to /tactic_interface
[rospy.internal][INFO] 2019-02-27 12:26:07,268: topic[/red_tracker/red_uav_states] adding connection to [/tactic_interface], count 1
[rospy.internal][INFO] 2019-02-27 12:32:52,182: topic[/red_tracker/red_uav_states] adding connection to [/tactic_interface], count 1
[rospy.internal][INFO] 2019-02-27 12:32:52,183: topic[/red_tracker/red_uav_states] removing connection to /tactic_interface
[rospy.internal][INFO] 2019-02-27 12:32:52,192: topic[/red_tracker/red_uav_states] removing connection to /tactic_interface
[rospy.internal][INFO] 2019-02-27 12:34:05,476: topic[/red_tracker/red_uav_states] adding connection to [/tactic_interface], count 1
[rospy.internal][INFO] 2019-02-27 12:38:18,823: topic[/red_tracker/red_uav_states] removing connection to /tactic_interface
