[rospy.client][INFO] 2012-12-31 16:00:16,166: init_node, name[/safety], pid[2807]
[xmlrpc][INFO] 2012-12-31 16:00:16,181: XML-RPC server binding to 0.0.0.0:0
[xmlrpc][INFO] 2012-12-31 16:00:16,182: Started XML-RPC server [http://copter131:50576/]
[rospy.init][INFO] 2012-12-31 16:00:16,182: ROS Slave URI: [http://copter131:50576/]
[rospy.impl.masterslave][INFO] 2012-12-31 16:00:16,195: _ready: http://copter131:50576/
[xmlrpc][INFO] 2012-12-31 16:00:16,226: xml rpc node: starting XML-RPC server
[rospy.registration][INFO] 2012-12-31 16:00:16,229: Registering with master node http://localhost:11311
[rospy.init][INFO] 2012-12-31 16:00:16,296: registered with master
[rospy.rosout][INFO] 2012-12-31 16:00:16,297: initializing /rosout core topic
[rospy.rosout][INFO] 2012-12-31 16:00:16,332: connected to core topic /rosout
[rospy.simtime][INFO] 2012-12-31 16:00:16,354: /use_sim_time is not set, will not subscribe to simulated time [/clock] topic
[rospy.internal][INFO] 2012-12-31 16:00:16,579: topic[/rosout] adding connection to [/rosout], count 0
[rospy.internal][INFO] 2019-02-27 12:15:52,067: topic[/safety/payload_waypoint] adding connection to [http://copter131:33831/], count 0
[rospy.internal][INFO] 2019-02-27 12:15:52,075: topic[/safety/payload_waypoint] adding connection to [http://copter131:43902/], count 1
[rospy.internal][INFO] 2019-02-27 12:15:52,194: topic[/safety/payload_rate] adding connection to [http://copter131:56411/], count 0
[rospy.internal][INFO] 2019-02-27 12:15:52,326: topic[/safety/payload_waypoint] adding connection to [http://copter131:58374/], count 2
[rospy.internal][INFO] 2019-02-27 12:15:52,449: topic[/safety/payload_waypoint] adding connection to [http://copter131:56411/], count 3
[rospy.internal][INFO] 2019-02-27 12:15:52,474: topic[/safety/payload_waypoint] adding connection to [http://copter131:54446/], count 4
[rospy.internal][INFO] 2019-02-27 12:15:52,540: topic[/safety/payload_waypoint] adding connection to [http://copter131:53761/], count 5
[rospy.internal][INFO] 2019-02-27 12:15:52,544: topic[/safety/payload_waypoint] adding connection to [http://copter131:42396/], count 6
[rospy.internal][INFO] 2019-02-27 12:15:52,578: topic[/safety/payload_waypoint] adding connection to [http://copter131:39610/], count 7
[rospy.internal][INFO] 2019-02-27 12:15:52,583: topic[/autopilot/heartbeat_ground] adding connection to [http://copter131:38774/], count 0
[rospy.internal][INFO] 2019-02-27 12:15:52,760: topic[/safety/payload_waypoint] adding connection to [http://copter131:51743/], count 8
[rospy.internal][INFO] 2019-02-27 12:15:53,027: topic[/safety/payload_waypoint] adding connection to [http://copter131:50742/], count 9
[rospy.internal][INFO] 2019-02-27 12:15:53,150: topic[/safety/payload_waypoint] adding connection to [http://copter131:46086/], count 10
[rospy.internal][INFO] 2019-02-27 12:15:53,158: topic[/autopilot/heartbeat_onboard] adding connection to [/autopilot], count 0
[rospy.internal][INFO] 2019-02-27 12:15:53,236: topic[/autopilot/payload_waypoint] adding connection to [/autopilot], count 0
[rospy.internal][INFO] 2019-02-27 12:15:53,471: topic[/autopilot/acs_pose] adding connection to [http://copter131:51261/], count 0
[rosout][WARNING] 2019-02-27 12:15:53,519: establishing proxies for ROS /autopliot/ services
[rospy.internal][INFO] 2019-02-27 12:15:53,638: topic[/swarm_tracker/swarm_uav_states] adding connection to [http://copter131:44368/], count 0
[rospy.internal][INFO] 2019-02-27 12:15:53,820: topic[/safety/payload_waypoint] adding connection to [http://copter131:40178/], count 11
[rospy.internal][INFO] 2019-02-27 12:15:53,951: topic[/safety/payload_waypoint] adding connection to [http://copter131:43579/], count 12
