[rospy.client][INFO] 2012-12-31 16:00:16,828: init_node, name[/task_runner], pid[2836]
[xmlrpc][INFO] 2012-12-31 16:00:16,849: XML-RPC server binding to 0.0.0.0:0
[xmlrpc][INFO] 2012-12-31 16:00:16,850: Started XML-RPC server [http://copter131:36001/]
[rospy.impl.masterslave][INFO] 2012-12-31 16:00:16,851: _ready: http://copter131:36001/
[rospy.init][INFO] 2012-12-31 16:00:16,853: ROS Slave URI: [http://copter131:36001/]
[xmlrpc][INFO] 2012-12-31 16:00:16,874: xml rpc node: starting XML-RPC server
[rospy.registration][INFO] 2012-12-31 16:00:16,876: Registering with master node http://localhost:11311
[rospy.init][INFO] 2012-12-31 16:00:16,955: registered with master
[rospy.rosout][INFO] 2012-12-31 16:00:16,956: initializing /rosout core topic
[rospy.rosout][INFO] 2012-12-31 16:00:17,094: connected to core topic /rosout
[rospy.simtime][INFO] 2012-12-31 16:00:17,213: /use_sim_time is not set, will not subscribe to simulated time [/clock] topic
[rospy.internal][INFO] 2012-12-31 16:00:17,424: topic[/rosout] adding connection to [/rosout], count 0
[rosout][INFO] 2019-02-27 12:15:51,975: Task Runner: Starting Event 'on_start'
[rosout][INFO] 2019-02-27 12:15:52,067: Task Runner: Event 'on_start' Task 'Tx Power' Time 0.1s: Succeeded
[rosout][INFO] 2019-02-27 12:15:52,070: Task Runner: Completed Event 'on_start'
[rospy.internal][INFO] 2019-02-27 12:15:54,085: topic[/autopilot/status] adding connection to [http://copter131:51261/], count 0
[rosout][INFO] 2019-02-27 12:15:54,478: Task Runner: Starting Event 'on_status'
[rosout][INFO] 2019-02-27 12:15:54,690: Task Runner: Event 'on_status' Task 'AP Set ID' Time 0.2s: Succeeded
[rosout][INFO] 2019-02-27 12:15:54,691: Task Runner: Completed Event 'on_status'
[rosout][INFO] 2019-02-27 12:16:11,601: Task Runner: Starting Event 'on_arm'
[rosout][INFO] 2019-02-27 12:16:11,603: Task Runner: Completed Event 'on_arm'
[rosout][INFO] 2019-02-27 12:16:41,163: Task Runner: Starting Event 'on_disarm'
[rosout][INFO] 2019-02-27 12:16:41,165: Task Runner: Completed Event 'on_disarm'
[rosout][INFO] 2019-02-27 12:16:44,172: Task Runner: Starting Event 'on_arm'
[rosout][INFO] 2019-02-27 12:16:44,174: Task Runner: Completed Event 'on_arm'
[rosout][INFO] 2019-02-27 12:17:14,179: Task Runner: Starting Event 'on_disarm'
[rosout][INFO] 2019-02-27 12:17:14,180: Task Runner: Completed Event 'on_disarm'
[rosout][INFO] 2019-02-27 12:17:20,082: Task Runner: Starting Event 'on_ready'
[rosout][INFO] 2019-02-27 12:17:20,084: Task Runner: Completed Event 'on_ready'
[rosout][INFO] 2019-02-27 12:17:26,174: Task Runner: Starting Event 'on_arm'
[rosout][INFO] 2019-02-27 12:17:26,232: Task Runner: Event 'on_arm' Task 'Tx Power' Time 0.1s: Succeeded
[rosout][INFO] 2019-02-27 12:17:26,234: Task Runner: Completed Event 'on_arm'
[rosout][INFO] 2019-02-27 12:17:56,159: Task Runner: Starting Event 'on_disarm'
[rosout][INFO] 2019-02-27 12:17:56,160: Task Runner: Completed Event 'on_disarm'
[rosout][INFO] 2019-02-27 12:18:33,187: Task Runner: Starting Event 'on_arm'
[rosout][INFO] 2019-02-27 12:18:33,239: Task Runner: Event 'on_arm' Task 'Tx Power' Time 0.0s: Succeeded
[rosout][INFO] 2019-02-27 12:18:33,241: Task Runner: Completed Event 'on_arm'
[rosout][INFO] 2019-02-27 12:32:09,183: Task Runner: Starting Event 'on_disarm'
[rosout][INFO] 2019-02-27 12:32:09,185: Task Runner: Completed Event 'on_disarm'
[rosout][INFO] 2019-02-27 12:32:54,082: Task Runner: Starting Event 'on_not_ready'
[rosout][INFO] 2019-02-27 12:32:54,137: Task Runner: Event 'on_not_ready' Task 'Tx Power' Time 0.1s: Succeeded
[rosout][INFO] 2019-02-27 12:32:54,140: Task Runner: Completed Event 'on_not_ready'
[rosout][INFO] 2019-02-27 12:32:56,081: Task Runner: Starting Event 'on_ready'
[rosout][INFO] 2019-02-27 12:32:56,083: Task Runner: Completed Event 'on_ready'
[rosout][INFO] 2019-02-27 12:33:39,187: Task Runner: Starting Event 'on_arm'
[rosout][INFO] 2019-02-27 12:33:39,247: Task Runner: Event 'on_arm' Task 'Tx Power' Time 0.1s: Succeeded
[rosout][INFO] 2019-02-27 12:33:39,249: Task Runner: Completed Event 'on_arm'
