[rospy.client][INFO] 2019-02-27 12:15:51,886: init_node, name[/wingman], pid[3043]
[xmlrpc][INFO] 2019-02-27 12:15:51,887: XML-RPC server binding to 0.0.0.0:0
[rospy.init][INFO] 2019-02-27 12:15:51,890: ROS Slave URI: [http://copter131:46086/]
[xmlrpc][INFO] 2019-02-27 12:15:51,890: Started XML-RPC server [http://copter131:46086/]
[rospy.impl.masterslave][INFO] 2019-02-27 12:15:51,890: _ready: http://copter131:46086/
[xmlrpc][INFO] 2019-02-27 12:15:51,891: xml rpc node: starting XML-RPC server
[rospy.registration][INFO] 2019-02-27 12:15:51,893: Registering with master node http://localhost:11311
[rospy.init][INFO] 2019-02-27 12:15:51,990: registered with master
[rospy.rosout][INFO] 2019-02-27 12:15:51,991: initializing /rosout core topic
[rospy.rosout][INFO] 2019-02-27 12:15:52,020: connected to core topic /rosout
[rospy.simtime][INFO] 2019-02-27 12:15:52,046: /use_sim_time is not set, will not subscribe to simulated time [/clock] topic
[rospy.internal][INFO] 2019-02-27 12:15:52,238: topic[/rosout] adding connection to [/rosout], count 0
[rospy.internal][INFO] 2019-02-27 12:15:53,154: topic[/safety/payload_waypoint] adding connection to [/safety], count 0
[rospy.internal][INFO] 2019-02-27 12:15:53,243: topic[/network/send_swarm_behavior_data] adding connection to [/network], count 0
[rospy.internal][INFO] 2019-02-27 12:15:53,633: topic[/autopilot/acs_pose] adding connection to [http://copter131:51261/], count 0
[rospy.internal][INFO] 2019-02-27 12:15:53,703: topic[/hit_tracker/hit_uavs] adding connection to [http://copter131:59045/], count 0
[rospy.internal][INFO] 2019-02-27 12:15:53,756: topic[/swarm_control/behavior_status] adding connection to [/swarm_control], count 0
[rospy.internal][INFO] 2019-02-27 12:15:53,804: topic[/air_to_air/firing_reports] adding connection to [/network], count 0
[rospy.internal][INFO] 2019-02-27 12:15:53,819: topic[/autopilot/waypoint_goto] adding connection to [/autopilot], count 0
[rospy.internal][INFO] 2019-02-27 12:15:53,985: topic[/swarm_control/subswarm_id] adding connection to [http://copter131:37532/], count 0
[rospy.internal][INFO] 2019-02-27 12:15:54,078: topic[/swarm_control/ap_intent] adding connection to [http://copter131:37532/], count 0
[rospy.internal][INFO] 2019-02-27 12:15:54,151: topic[/autopilot/status] adding connection to [http://copter131:51261/], count 0
[rosout][INFO] 2019-02-27 12:17:51,557: wingman activate request False returned False
[rosout][INFO] 2019-02-27 12:18:28,267: wingman activate request False returned False
[rosout][INFO] 2019-02-27 12:18:56,967: wingman activate request False returned False
[rosout][INFO] 2019-02-27 12:19:13,358: wingman activate request False returned False
[rosout][INFO] 2019-02-27 12:19:30,869: wingman activate request False returned False
[rosout][INFO] 2019-02-27 12:26:08,517: wingman activate request False returned False
[rosout][INFO] 2019-02-27 12:32:52,284: wingman activate request False returned False
[rosout][INFO] 2019-02-27 12:33:51,630: wingman activate request False returned False
[rosout][INFO] 2019-02-27 12:34:06,717: wingman activate request False returned False
[rosout][INFO] 2019-02-27 12:38:18,644: wingman activate request False returned False
