[rospy.client][INFO] 2019-02-27 11:51:25,506: init_node, name[/greedy_shooter], pid[3002]
[xmlrpc][INFO] 2019-02-27 11:51:25,523: XML-RPC server binding to 0.0.0.0:0
[xmlrpc][INFO] 2019-02-27 11:51:25,524: Started XML-RPC server [http://copter131:59300/]
[rospy.init][INFO] 2019-02-27 11:51:25,525: ROS Slave URI: [http://copter131:59300/]
[rospy.impl.masterslave][INFO] 2019-02-27 11:51:25,525: _ready: http://copter131:59300/
[rospy.registration][INFO] 2019-02-27 11:51:25,530: Registering with master node http://localhost:11311
[xmlrpc][INFO] 2019-02-27 11:51:25,530: xml rpc node: starting XML-RPC server
[rospy.registration][INFO] 2019-02-27 11:51:25,531: Registering publisher topic [/safety/payload_waypoint] type [autopilot_bridge/LLA] with master
[rospy.registration][INFO] 2019-02-27 11:51:26,540: registering subscriber topic [/autopilot/status] type [autopilot_bridge/Status] with master
[rospy.internal][INFO] 2019-02-27 11:51:26,626: topic[/safety/payload_waypoint] adding connection to [/safety], count 0
[rospy.init][INFO] 2019-02-27 11:51:26,628: registered with master
[rospy.rosout][INFO] 2019-02-27 11:51:26,628: initializing /rosout core topic
[rospy.rosout][INFO] 2019-02-27 11:51:26,646: connected to core topic /rosout
[rospy.simtime][INFO] 2019-02-27 11:51:26,659: /use_sim_time is not set, will not subscribe to simulated time [/clock] topic
[rospy.internal][INFO] 2019-02-27 11:51:26,870: topic[/swarm_control/subswarm_id] adding connection to [http://copter131:37636/], count 0
[rospy.internal][INFO] 2019-02-27 11:51:26,917: topic[/rosout] adding connection to [/rosout], count 0
[rospy.internal][INFO] 2019-02-27 11:51:26,936: topic[/swarm_control/ap_intent] adding connection to [http://copter131:37636/], count 0
[rospy.internal][INFO] 2019-02-27 11:51:27,041: topic[/swarm_control/behavior_status] adding connection to [/swarm_control], count 0
[rospy.internal][INFO] 2019-02-27 11:51:27,079: topic[/network/send_swarm_behavior_data] adding connection to [/network], count 0
[rospy.internal][INFO] 2019-02-27 11:51:27,135: topic[/autopilot/acs_pose] adding connection to [http://copter131:36919/], count 0
[rospy.internal][INFO] 2019-02-27 11:51:27,171: topic[/hit_tracker/hit_uavs] adding connection to [http://copter131:58673/], count 0
[rospy.internal][INFO] 2019-02-27 11:51:27,319: topic[/autopilot/status] adding connection to [http://copter131:36919/], count 0
[rospy.internal][INFO] 2019-02-27 11:51:27,363: topic[/air_to_air/firing_reports] adding connection to [/network], count 0
[rospy.internal][INFO] 2019-02-27 11:51:27,384: topic[/autopilot/waypoint_goto] adding connection to [/autopilot], count 0
[rosout][INFO] 2019-02-27 11:54:23,595: greedy_shooter activate request False returned False
[rosout][INFO] 2019-02-27 11:54:46,972: greedy_shooter activate request False returned False
[rosout][INFO] 2019-02-27 11:55:45,344: greedy_shooter activate request False returned False
[rosout][INFO] 2019-02-27 11:55:55,917: greedy_shooter activate request False returned False
[rosout][INFO] 2019-02-27 11:56:57,254: greedy_shooter activate request False returned False
[rosout][INFO] 2019-02-27 11:57:58,570: greedy_shooter activate request False returned False
[rosout][INFO] 2019-02-27 11:59:23,137: greedy_shooter activate request False returned False
[rosout][INFO] 2019-02-27 12:08:41,101: greedy_shooter activate request False returned False
[rosout][INFO] 2019-02-27 12:11:36,548: greedy_shooter activate request False returned False
[rosout][INFO] 2019-02-27 12:11:48,680: greedy_shooter activate request False returned False
