[rospy.client][INFO] 2012-12-31 16:00:17,860: init_node, name[/independent_transit], pid[2888]
[xmlrpc][INFO] 2012-12-31 16:00:17,863: XML-RPC server binding to 0.0.0.0:0
[rospy.init][INFO] 2012-12-31 16:00:17,866: ROS Slave URI: [http://copter131:56920/]
[xmlrpc][INFO] 2012-12-31 16:00:17,866: Started XML-RPC server [http://copter131:56920/]
[rospy.impl.masterslave][INFO] 2012-12-31 16:00:17,866: _ready: http://copter131:56920/
[xmlrpc][INFO] 2012-12-31 16:00:17,867: xml rpc node: starting XML-RPC server
[rospy.registration][INFO] 2012-12-31 16:00:17,870: Registering with master node http://localhost:11311
[rospy.init][INFO] 2012-12-31 16:00:17,966: registered with master
[rospy.rosout][INFO] 2012-12-31 16:00:17,967: initializing /rosout core topic
[rospy.rosout][INFO] 2019-02-27 11:51:26,992: connected to core topic /rosout
[rospy.simtime][INFO] 2019-02-27 11:51:27,004: /use_sim_time is not set, will not subscribe to simulated time [/clock] topic
[rospy.internal][INFO] 2019-02-27 11:51:27,132: topic[/safety/payload_waypoint] adding connection to [/safety], count 0
[rospy.internal][INFO] 2019-02-27 11:51:27,177: topic[/swarm_control/subswarm_id] adding connection to [http://copter131:37636/], count 0
[rospy.internal][INFO] 2019-02-27 11:51:27,196: topic[/swarm_control/ap_intent] adding connection to [http://copter131:37636/], count 0
[rospy.internal][INFO] 2019-02-27 11:51:27,210: topic[/rosout] adding connection to [/rosout], count 0
[rospy.internal][INFO] 2019-02-27 11:51:27,328: topic[/autopilot/status] adding connection to [http://copter131:36919/], count 0
[rospy.internal][INFO] 2019-02-27 11:51:27,355: topic[/network/send_swarm_behavior_data] adding connection to [/network], count 0
[rospy.internal][INFO] 2019-02-27 11:51:27,367: topic[/swarm_control/behavior_status] adding connection to [/swarm_control], count 0
[rosout][INFO] 2019-02-27 11:54:23,608: independent_transit activate request False returned False
[rosout][INFO] 2019-02-27 11:54:46,990: independent_transit activate request False returned False
[rosout][INFO] 2019-02-27 11:55:45,356: independent_transit activate request False returned False
[rosout][INFO] 2019-02-27 11:55:55,937: independent_transit activate request False returned False
[rosout][INFO] 2019-02-27 11:56:57,267: independent_transit activate request False returned False
[rosout][INFO] 2019-02-27 11:57:58,588: independent_transit activate request False returned False
[rosout][INFO] 2019-02-27 11:59:23,159: independent_transit activate request False returned False
[rosout][INFO] 2019-02-27 12:08:41,113: independent_transit activate request False returned False
[rosout][INFO] 2019-02-27 12:11:36,566: independent_transit activate request False returned False
[rosout][INFO] 2019-02-27 12:11:48,692: independent_transit activate request False returned False
