[rospy.client][INFO] 2012-12-31 16:00:17,862: init_node, name[/patrol_box], pid[2909]
[xmlrpc][INFO] 2012-12-31 16:00:17,864: XML-RPC server binding to 0.0.0.0:0
[rospy.init][INFO] 2012-12-31 16:00:17,866: ROS Slave URI: [http://copter131:55320/]
[xmlrpc][INFO] 2012-12-31 16:00:17,866: Started XML-RPC server [http://copter131:55320/]
[rospy.impl.masterslave][INFO] 2012-12-31 16:00:17,866: _ready: http://copter131:55320/
[xmlrpc][INFO] 2012-12-31 16:00:17,867: xml rpc node: starting XML-RPC server
[rospy.registration][INFO] 2012-12-31 16:00:17,869: Registering with master node http://localhost:11311
[rospy.init][INFO] 2012-12-31 16:00:17,966: registered with master
[rospy.rosout][INFO] 2012-12-31 16:00:17,967: initializing /rosout core topic
[rospy.rosout][INFO] 2012-12-31 16:00:18,277: connected to core topic /rosout
[rospy.internal][INFO] 2019-02-27 11:51:24,563: topic[/rosout] adding connection to [/rosout], count 0
[rospy.simtime][INFO] 2019-02-27 11:51:25,410: /use_sim_time is not set, will not subscribe to simulated time [/clock] topic
[rospy.internal][INFO] 2019-02-27 11:51:25,772: topic[/safety/payload_waypoint] adding connection to [/safety], count 0
[rospy.internal][INFO] 2019-02-27 11:51:26,874: topic[/swarm_control/subswarm_id] adding connection to [http://copter131:37636/], count 0
[rospy.internal][INFO] 2019-02-27 11:51:26,942: topic[/swarm_control/ap_intent] adding connection to [http://copter131:37636/], count 0
[rospy.internal][INFO] 2019-02-27 11:51:27,041: topic[/swarm_control/behavior_status] adding connection to [/swarm_control], count 0
[rospy.internal][INFO] 2019-02-27 11:51:27,081: topic[/network/send_swarm_behavior_data] adding connection to [/network], count 0
[rospy.internal][INFO] 2019-02-27 11:51:27,090: topic[/autopilot/acs_pose] adding connection to [http://copter131:36919/], count 0
[rospy.internal][INFO] 2019-02-27 11:51:27,257: topic[/autopilot/status] adding connection to [http://copter131:36919/], count 0
[rosout][INFO] 2019-02-27 11:54:23,634: patrol_box activate request False returned False
[rosout][INFO] 2019-02-27 11:54:47,038: patrol_box activate request False returned False
[rosout][INFO] 2019-02-27 11:55:45,382: patrol_box activate request False returned False
[rosout][INFO] 2019-02-27 11:55:55,977: patrol_box activate request False returned False
[rosout][INFO] 2019-02-27 11:56:57,290: patrol_box activate request False returned False
[rosout][INFO] 2019-02-27 11:57:58,629: patrol_box activate request False returned False
[rosout][INFO] 2019-02-27 11:59:23,200: patrol_box activate request False returned False
[rosout][INFO] 2019-02-27 12:08:41,141: patrol_box activate request False returned False
[rosout][INFO] 2019-02-27 12:11:36,607: patrol_box activate request False returned False
[rosout][INFO] 2019-02-27 12:11:48,717: patrol_box activate request False returned False
