[rospy.client][INFO] 2019-02-27 11:51:25,536: init_node, name[/pn_interceptor], pid[3092]
[xmlrpc][INFO] 2019-02-27 11:51:25,537: XML-RPC server binding to 0.0.0.0:0
[xmlrpc][INFO] 2019-02-27 11:51:25,539: Started XML-RPC server [http://copter131:60997/]
[rospy.impl.masterslave][INFO] 2019-02-27 11:51:25,539: _ready: http://copter131:60997/
[rospy.init][INFO] 2019-02-27 11:51:25,540: ROS Slave URI: [http://copter131:60997/]
[xmlrpc][INFO] 2019-02-27 11:51:25,540: xml rpc node: starting XML-RPC server
[rospy.registration][INFO] 2019-02-27 11:51:25,543: Registering with master node http://localhost:11311
[rospy.init][INFO] 2019-02-27 11:51:25,640: registered with master
[rospy.rosout][INFO] 2019-02-27 11:51:25,641: initializing /rosout core topic
[rospy.rosout][INFO] 2019-02-27 11:51:25,663: connected to core topic /rosout
[rospy.simtime][INFO] 2019-02-27 11:51:25,681: /use_sim_time is not set, will not subscribe to simulated time [/clock] topic
[rospy.internal][INFO] 2019-02-27 11:51:25,838: topic[/rosout] adding connection to [/rosout], count 0
[rospy.internal][INFO] 2019-02-27 11:51:25,884: topic[/safety/payload_waypoint] adding connection to [/safety], count 0
[rospy.internal][INFO] 2019-02-27 11:51:26,513: topic[/swarm_control/behavior_status] adding connection to [/swarm_control], count 0
[rospy.internal][INFO] 2019-02-27 11:51:26,748: topic[/swarm_control/ap_intent] adding connection to [http://copter131:37636/], count 0
[rospy.internal][INFO] 2019-02-27 11:51:26,757: topic[/swarm_control/subswarm_id] adding connection to [http://copter131:37636/], count 0
[rospy.internal][INFO] 2019-02-27 11:51:27,038: topic[/network/send_swarm_behavior_data] adding connection to [/network], count 0
[rospy.internal][INFO] 2019-02-27 11:51:27,269: topic[/autopilot/status] adding connection to [http://copter131:36919/], count 0
[rosout][INFO] 2019-02-27 11:54:23,602: pn_interceptor activate request False returned False
[rosout][INFO] 2019-02-27 11:54:46,981: pn_interceptor activate request False returned False
[rosout][INFO] 2019-02-27 11:55:45,350: pn_interceptor activate request False returned False
[rosout][INFO] 2019-02-27 11:55:55,928: pn_interceptor activate request False returned False
[rosout][INFO] 2019-02-27 11:56:57,260: pn_interceptor activate request False returned False
[rosout][INFO] 2019-02-27 11:57:58,579: pn_interceptor activate request False returned False
[rosout][INFO] 2019-02-27 11:59:23,149: pn_interceptor activate request False returned False
[rosout][INFO] 2019-02-27 12:08:41,107: pn_interceptor activate request False returned False
[rosout][INFO] 2019-02-27 12:11:36,557: pn_interceptor activate request False returned False
[rosout][INFO] 2019-02-27 12:11:48,686: pn_interceptor activate request False returned False
