[rospy.client][INFO] 2012-12-31 16:00:17,187: init_node, name[/red_tracker], pid[2814]
[xmlrpc][INFO] 2012-12-31 16:00:17,204: XML-RPC server binding to 0.0.0.0:0
[xmlrpc][INFO] 2012-12-31 16:00:17,210: Started XML-RPC server [http://copter131:40653/]
[rospy.init][INFO] 2012-12-31 16:00:17,211: ROS Slave URI: [http://copter131:40653/]
[rospy.impl.masterslave][INFO] 2012-12-31 16:00:17,211: _ready: http://copter131:40653/
[rospy.registration][INFO] 2012-12-31 16:00:17,224: Registering with master node http://localhost:11311
[xmlrpc][INFO] 2012-12-31 16:00:17,226: xml rpc node: starting XML-RPC server
[rospy.init][INFO] 2012-12-31 16:00:17,312: registered with master
[rospy.rosout][INFO] 2012-12-31 16:00:17,313: initializing /rosout core topic
[rospy.rosout][INFO] 2012-12-31 16:00:17,438: connected to core topic /rosout
[rospy.simtime][INFO] 2012-12-31 16:00:17,523: /use_sim_time is not set, will not subscribe to simulated time [/clock] topic
[rospy.internal][INFO] 2012-12-31 16:00:17,645: topic[/rosout] adding connection to [/rosout], count 0
[rospy.internal][INFO] 2019-02-27 11:51:26,515: topic[/autopilot/acs_pose] adding connection to [http://copter131:36919/], count 0
[rospy.internal][INFO] 2019-02-27 11:54:45,772: topic[/red_tracker/red_uav_states] adding connection to [/tactic_interface], count 0
[rospy.internal][INFO] 2019-02-27 11:55:45,525: topic[/red_tracker/red_uav_states] removing connection to /tactic_interface
[rospy.internal][INFO] 2019-02-27 11:55:54,757: topic[/red_tracker/red_uav_states] adding connection to [/tactic_interface], count 1
[rospy.internal][INFO] 2019-02-27 11:56:57,447: topic[/red_tracker/red_uav_states] removing connection to /tactic_interface
[rospy.internal][INFO] 2019-02-27 11:57:57,436: topic[/red_tracker/red_uav_states] adding connection to [/tactic_interface], count 1
[rospy.internal][INFO] 2019-02-27 11:59:23,256: topic[/red_tracker/red_uav_states] removing connection to /tactic_interface
[rospy.internal][INFO] 2019-02-27 12:11:35,362: topic[/red_tracker/red_uav_states] adding connection to [/tactic_interface], count 1
[rospy.internal][INFO] 2019-02-27 12:11:48,854: topic[/red_tracker/red_uav_states] removing connection to /tactic_interface
