[rospy.client][INFO] 2012-12-31 16:00:16,466: init_node, name[/safety], pid[2806]
[xmlrpc][INFO] 2012-12-31 16:00:16,480: XML-RPC server binding to 0.0.0.0:0
[xmlrpc][INFO] 2012-12-31 16:00:16,481: Started XML-RPC server [http://copter131:56775/]
[rospy.init][INFO] 2012-12-31 16:00:16,481: ROS Slave URI: [http://copter131:56775/]
[rospy.impl.masterslave][INFO] 2012-12-31 16:00:16,495: _ready: http://copter131:56775/
[xmlrpc][INFO] 2012-12-31 16:00:16,512: xml rpc node: starting XML-RPC server
[rospy.registration][INFO] 2012-12-31 16:00:16,513: Registering with master node http://localhost:11311
[rospy.init][INFO] 2012-12-31 16:00:16,596: registered with master
[rospy.rosout][INFO] 2012-12-31 16:00:16,597: initializing /rosout core topic
[rospy.rosout][INFO] 2012-12-31 16:00:16,614: connected to core topic /rosout
[rospy.simtime][INFO] 2012-12-31 16:00:16,631: /use_sim_time is not set, will not subscribe to simulated time [/clock] topic
[rospy.internal][INFO] 2012-12-31 16:00:16,914: topic[/rosout] adding connection to [/rosout], count 0
[rospy.internal][INFO] 2019-02-27 11:51:25,748: topic[/safety/payload_waypoint] adding connection to [http://copter131:47982/], count 0
[rospy.internal][INFO] 2019-02-27 11:51:25,752: topic[/safety/payload_rate] adding connection to [http://copter131:47982/], count 0
[rospy.internal][INFO] 2019-02-27 11:51:25,761: topic[/safety/payload_waypoint] adding connection to [http://copter131:55320/], count 1
[rospy.internal][INFO] 2019-02-27 11:51:25,879: topic[/safety/payload_waypoint] adding connection to [http://copter131:60997/], count 2
[rospy.internal][INFO] 2019-02-27 11:51:25,880: topic[/safety/payload_waypoint] adding connection to [http://copter131:44102/], count 2
[rospy.internal][INFO] 2019-02-27 11:51:25,999: topic[/safety/payload_waypoint] adding connection to [http://copter131:48391/], count 4
[rospy.internal][INFO] 2019-02-27 11:51:26,033: topic[/autopilot/heartbeat_onboard] adding connection to [/autopilot], count 0
[rospy.internal][INFO] 2019-02-27 11:51:26,066: topic[/safety/payload_waypoint] adding connection to [http://copter131:52835/], count 5
[rospy.internal][INFO] 2019-02-27 11:51:26,216: topic[/autopilot/payload_waypoint] adding connection to [/autopilot], count 0
[rospy.internal][INFO] 2019-02-27 11:51:26,287: topic[/safety/payload_waypoint] adding connection to [http://copter131:50556/], count 6
[rospy.internal][INFO] 2019-02-27 11:51:26,291: topic[/safety/payload_waypoint] adding connection to [http://copter131:52783/], count 7
[rospy.internal][INFO] 2019-02-27 11:51:26,509: topic[/autopilot/acs_pose] adding connection to [http://copter131:36919/], count 0
[rospy.internal][INFO] 2019-02-27 11:51:26,622: topic[/safety/payload_waypoint] adding connection to [http://copter131:59300/], count 8
[rospy.internal][INFO] 2019-02-27 11:51:26,746: topic[/safety/payload_waypoint] adding connection to [http://copter131:43752/], count 9
[rospy.internal][INFO] 2019-02-27 11:51:26,748: topic[/safety/payload_waypoint] adding connection to [http://copter131:36233/], count 10
[rosout][WARNING] 2019-02-27 11:51:26,832: establishing proxies for ROS /autopliot/ services
[rospy.internal][INFO] 2019-02-27 11:51:27,129: topic[/safety/payload_waypoint] adding connection to [http://copter131:56920/], count 11
[rospy.internal][INFO] 2019-02-27 11:51:27,374: topic[/safety/payload_waypoint] adding connection to [http://copter131:45489/], count 12
[rospy.internal][INFO] 2019-02-27 11:51:27,437: topic[/swarm_tracker/swarm_uav_states] adding connection to [http://copter131:60929/], count 0
[rospy.internal][INFO] 2019-02-27 11:52:39,940: topic[/autopilot/heartbeat_ground] adding connection to [http://copter131:41483/], count 0
