[rospy.client][INFO] 2019-02-27 11:51:24,962: init_node, name[/smart_shooter], pid[3024]
[xmlrpc][INFO] 2019-02-27 11:51:24,965: XML-RPC server binding to 0.0.0.0:0
[rospy.init][INFO] 2019-02-27 11:51:24,969: ROS Slave URI: [http://copter131:50556/]
[xmlrpc][INFO] 2019-02-27 11:51:24,969: Started XML-RPC server [http://copter131:50556/]
[rospy.impl.masterslave][INFO] 2019-02-27 11:51:24,969: _ready: http://copter131:50556/
[xmlrpc][INFO] 2019-02-27 11:51:24,970: xml rpc node: starting XML-RPC server
[rospy.registration][INFO] 2019-02-27 11:51:24,971: Registering with master node http://localhost:11311
[rospy.init][INFO] 2019-02-27 11:51:25,069: registered with master
[rospy.rosout][INFO] 2019-02-27 11:51:25,070: initializing /rosout core topic
[rospy.rosout][INFO] 2019-02-27 11:51:26,082: connected to core topic /rosout
[rospy.simtime][INFO] 2019-02-27 11:51:26,092: /use_sim_time is not set, will not subscribe to simulated time [/clock] topic
[rospy.internal][INFO] 2019-02-27 11:51:26,289: topic[/safety/payload_waypoint] adding connection to [/safety], count 0
[rospy.internal][INFO] 2019-02-27 11:51:26,367: topic[/rosout] adding connection to [/rosout], count 0
[rospy.internal][INFO] 2019-02-27 11:51:26,522: topic[/swarm_control/behavior_status] adding connection to [/swarm_control], count 0
[rospy.internal][INFO] 2019-02-27 11:51:26,777: topic[/autopilot/acs_pose] adding connection to [http://copter131:36919/], count 0
[rospy.internal][INFO] 2019-02-27 11:51:26,782: topic[/swarm_control/subswarm_id] adding connection to [http://copter131:37636/], count 0
[rospy.internal][INFO] 2019-02-27 11:51:26,814: topic[/swarm_control/ap_intent] adding connection to [http://copter131:37636/], count 0
[rospy.internal][INFO] 2019-02-27 11:51:26,892: topic[/hit_tracker/hit_uavs] adding connection to [http://copter131:58673/], count 0
[rospy.internal][INFO] 2019-02-27 11:51:27,063: topic[/network/send_swarm_behavior_data] adding connection to [/network], count 0
[rospy.internal][INFO] 2019-02-27 11:51:27,102: topic[/air_to_air/firing_reports] adding connection to [/network], count 0
[rospy.internal][INFO] 2019-02-27 11:51:27,311: topic[/autopilot/status] adding connection to [http://copter131:36919/], count 0
[rosout][INFO] 2019-02-27 11:54:23,614: smart_shooter activate request False returned False
[rosout][INFO] 2019-02-27 11:54:47,001: smart_shooter activate request False returned False
[rosout][INFO] 2019-02-27 11:55:45,363: smart_shooter activate request False returned False
[rosout][INFO] 2019-02-27 11:55:55,947: smart_shooter activate request False returned False
[rosout][INFO] 2019-02-27 11:56:57,272: smart_shooter activate request False returned False
[rosout][INFO] 2019-02-27 11:57:58,600: smart_shooter activate request False returned False
[rosout][INFO] 2019-02-27 11:59:23,170: smart_shooter activate request False returned False
[rosout][INFO] 2019-02-27 12:08:41,119: smart_shooter activate request False returned False
[rosout][INFO] 2019-02-27 12:11:36,574: smart_shooter activate request False returned False
[rosout][INFO] 2019-02-27 12:11:48,698: smart_shooter activate request False returned False
