[rospy.client][INFO] 2019-02-27 11:51:25,401: init_node, name[/wingman], pid[3081]
[xmlrpc][INFO] 2019-02-27 11:51:25,405: XML-RPC server binding to 0.0.0.0:0
[rospy.init][INFO] 2019-02-27 11:51:25,407: ROS Slave URI: [http://copter131:36233/]
[xmlrpc][INFO] 2019-02-27 11:51:25,407: Started XML-RPC server [http://copter131:36233/]
[rospy.impl.masterslave][INFO] 2019-02-27 11:51:25,408: _ready: http://copter131:36233/
[xmlrpc][INFO] 2019-02-27 11:51:25,411: xml rpc node: starting XML-RPC server
[rospy.registration][INFO] 2019-02-27 11:51:25,413: Registering with master node http://localhost:11311
[rospy.init][INFO] 2019-02-27 11:51:25,508: registered with master
[rospy.rosout][INFO] 2019-02-27 11:51:25,509: initializing /rosout core topic
[rospy.rosout][INFO] 2019-02-27 11:51:26,516: connected to core topic /rosout
[rospy.simtime][INFO] 2019-02-27 11:51:26,527: /use_sim_time is not set, will not subscribe to simulated time [/clock] topic
[rospy.internal][INFO] 2019-02-27 11:51:26,750: topic[/safety/payload_waypoint] adding connection to [/safety], count 0
[rospy.internal][INFO] 2019-02-27 11:51:26,812: topic[/rosout] adding connection to [/rosout], count 0
[rospy.internal][INFO] 2019-02-27 11:51:27,351: topic[/autopilot/status] adding connection to [http://copter131:36919/], count 0
[rospy.internal][INFO] 2019-02-27 11:51:27,717: topic[/swarm_control/subswarm_id] adding connection to [http://copter131:37636/], count 0
[rospy.internal][INFO] 2019-02-27 11:51:27,720: topic[/swarm_control/ap_intent] adding connection to [http://copter131:37636/], count 0
[rospy.internal][INFO] 2019-02-27 11:51:27,787: topic[/hit_tracker/hit_uavs] adding connection to [http://copter131:58673/], count 0
[rospy.internal][INFO] 2019-02-27 11:51:27,787: topic[/autopilot/acs_pose] adding connection to [http://copter131:36919/], count 0
[rospy.internal][INFO] 2019-02-27 11:51:27,808: topic[/swarm_control/behavior_status] adding connection to [/swarm_control], count 0
[rospy.internal][INFO] 2019-02-27 11:51:27,809: topic[/network/send_swarm_behavior_data] adding connection to [/network], count 0
[rospy.internal][INFO] 2019-02-27 11:51:27,865: topic[/autopilot/waypoint_goto] adding connection to [/autopilot], count 0
[rospy.internal][INFO] 2019-02-27 11:51:27,877: topic[/air_to_air/firing_reports] adding connection to [/network], count 0
[rosout][INFO] 2019-02-27 11:54:23,628: wingman activate request False returned False
[rosout][INFO] 2019-02-27 11:54:47,026: wingman activate request False returned False
[rosout][INFO] 2019-02-27 11:55:45,376: wingman activate request False returned False
[rosout][INFO] 2019-02-27 11:55:55,969: wingman activate request False returned False
[rosout][INFO] 2019-02-27 11:56:57,284: wingman activate request False returned False
[rosout][INFO] 2019-02-27 11:57:58,619: wingman activate request False returned False
[rosout][INFO] 2019-02-27 11:59:23,190: wingman activate request False returned False
[rosout][INFO] 2019-02-27 12:08:41,133: wingman activate request False returned False
[rosout][INFO] 2019-02-27 12:11:36,596: wingman activate request False returned False
[rosout][INFO] 2019-02-27 12:11:48,711: wingman activate request False returned False
