[rospy.client][INFO] 2012-12-31 16:00:17,034: init_node, name[/autopilot], pid[2814]
[xmlrpc][INFO] 2012-12-31 16:00:17,036: XML-RPC server binding to 0.0.0.0:0
[rospy.init][INFO] 2012-12-31 16:00:17,038: ROS Slave URI: [http://copter131:46470/]
[xmlrpc][INFO] 2012-12-31 16:00:17,038: Started XML-RPC server [http://copter131:46470/]
[rospy.impl.masterslave][INFO] 2012-12-31 16:00:17,038: _ready: http://copter131:46470/
[xmlrpc][INFO] 2012-12-31 16:00:17,039: xml rpc node: starting XML-RPC server
[rospy.registration][INFO] 2012-12-31 16:00:17,041: Registering with master node http://localhost:11311
[rospy.init][INFO] 2012-12-31 16:00:17,138: registered with master
[rospy.rosout][INFO] 2012-12-31 16:00:17,139: initializing /rosout core topic
[rospy.rosout][INFO] 2012-12-31 16:00:17,714: connected to core topic /rosout
[rospy.simtime][INFO] 2012-12-31 16:00:17,818: /use_sim_time is not set, will not subscribe to simulated time [/clock] topic
[rospy.internal][INFO] 2012-12-31 16:00:17,972: topic[/rosout] adding connection to [/rosout], count 0
[rosout][INFO] 2012-12-31 16:00:19,951: MAVLinkBridge: Connecting to /dev/ttyACM99 ...
[rosout][INFO] 2012-12-31 16:00:19,958: MAVLinkBridge: Waiting for autopilot heartbeat ...
[rosout][INFO] 2012-12-31 16:00:20,195: MAVLinkBridge: Waiting for usable SYSTEM_TIME ...
[rosout][INFO] 2019-03-04 17:16:52,917: Successfully synced local clock.
[rosout][INFO] 2019-03-04 17:16:52,919: MAVLinkBridge initialized.
[rospy.internal][INFO] 2019-03-04 17:16:53,015: topic[/autopilot/waypoint_goto] adding connection to [http://copter131:52004/], count 0
[rospy.internal][INFO] 2019-03-04 17:16:53,045: topic[/autopilot/heartbeat_onboard] adding connection to [http://copter131:38195/], count 0
[rospy.internal][INFO] 2019-03-04 17:16:53,184: topic[/autopilot/payload_waypoint] adding connection to [http://copter131:38195/], count 0
[rospy.internal][INFO] 2019-03-04 17:16:53,595: topic[/autopilot/acs_pose] adding connection to [/safety], count 0
[rospy.internal][INFO] 2019-03-04 17:16:53,627: topic[/autopilot/acs_pose] adding connection to [/evader], count 1
[rospy.internal][INFO] 2019-03-04 17:16:53,633: topic[/autopilot/acs_pose] adding connection to [/patrol_box], count 2
[rospy.internal][INFO] 2019-03-04 17:16:53,647: topic[/autopilot/acs_pose] adding connection to [/swarm_tracker], count 3
[rospy.internal][INFO] 2019-03-04 17:16:53,663: topic[/autopilot/acs_pose] adding connection to [/red_tracker], count 4
[rospy.internal][INFO] 2019-03-04 17:16:53,665: topic[/autopilot/acs_pose] adding connection to [/wingman], count 5
[rospy.internal][INFO] 2019-03-04 17:16:53,686: topic[/autopilot/acs_pose] adding connection to [/network], count 6
[rospy.internal][INFO] 2019-03-04 17:16:53,734: topic[/autopilot/waypoint_goto] adding connection to [http://copter131:57115/], count 1
[rospy.internal][INFO] 2019-03-04 17:16:53,742: topic[/autopilot/acs_pose] adding connection to [/patrol_box_shooter], count 7
[rospy.internal][INFO] 2019-03-04 17:16:53,782: topic[/autopilot/acs_pose] adding connection to [/smart_shooter], count 8
[rospy.internal][INFO] 2019-03-04 17:16:53,795: topic[/autopilot/acs_pose] adding connection to [/tactic_interface], count 9
[rospy.internal][INFO] 2019-03-04 17:16:53,857: topic[/autopilot/waypoint_goto] adding connection to [http://copter131:58969/], count 2
[rospy.internal][INFO] 2019-03-04 17:16:53,862: topic[/autopilot/acs_pose] adding connection to [/constrained_shooter], count 10
[rospy.internal][INFO] 2019-03-04 17:16:53,911: topic[/autopilot/status] adding connection to [/independent_transit], count 0
[rospy.internal][INFO] 2019-03-04 17:16:53,918: topic[/autopilot/status] adding connection to [/network], count 1
[rospy.internal][INFO] 2019-03-04 17:16:53,924: topic[/autopilot/status] adding connection to [/smart_shooter], count 2
[rospy.internal][INFO] 2019-03-04 17:16:53,933: topic[/autopilot/status] adding connection to [/patrol_box], count 3
[rospy.internal][INFO] 2019-03-04 17:16:53,939: topic[/autopilot/status] adding connection to [/tactic_interface], count 4
[rospy.internal][INFO] 2019-03-04 17:16:53,945: topic[/autopilot/status] adding connection to [/greedy_shooter], count 5
[rospy.internal][INFO] 2019-03-04 17:16:53,960: topic[/autopilot/status] adding connection to [/evader], count 6
[rospy.internal][INFO] 2019-03-04 17:16:53,969: topic[/autopilot/status] adding connection to [/pn_interceptor], count 7
[rospy.internal][INFO] 2019-03-04 17:16:53,972: topic[/autopilot/status] adding connection to [/simple_ground_attack], count 8
[rospy.internal][INFO] 2019-03-04 17:16:53,983: topic[/autopilot/status] adding connection to [/task_runner], count 9
[rospy.internal][INFO] 2019-03-04 17:16:53,990: topic[/autopilot/status] adding connection to [/linear_formation], count 10
[rospy.internal][INFO] 2019-03-04 17:16:53,994: topic[/autopilot/status] adding connection to [/wingman], count 11
[rospy.internal][INFO] 2019-03-04 17:16:54,006: topic[/autopilot/status] adding connection to [/patrol_box_shooter], count 12
[rospy.internal][INFO] 2019-03-04 17:16:54,010: topic[/autopilot/status] adding connection to [/constrained_shooter], count 13
[rospy.internal][INFO] 2019-03-04 17:16:54,013: topic[/autopilot/status] adding connection to [/swarm_tracker], count 14
[rospy.internal][INFO] 2019-03-04 17:16:54,017: topic[/autopilot/status] adding connection to [/swarm_control], count 15
[rospy.internal][INFO] 2019-03-04 17:16:54,040: topic[/autopilot/waypoint_goto] adding connection to [http://copter131:39652/], count 3
[rospy.internal][INFO] 2019-03-04 17:16:54,050: topic[/autopilot/waypoint_goto] adding connection to [http://copter131:39652/], count 4
[rospy.internal][INFO] 2019-03-04 17:16:54,052: topic[/autopilot/waypoint_goto] removing connection to http://copter131:39652/
[rospy.internal][INFO] 2019-03-04 17:16:54,071: topic[/autopilot/acs_pose] adding connection to [/greedy_shooter], count 11
[rospy.internal][INFO] 2019-03-04 17:16:54,083: topic[/autopilot/waypoint_goto] adding connection to [http://copter131:59348/], count 4
[rospy.internal][INFO] 2019-03-04 17:16:54,093: topic[/autopilot/mode_num] adding connection to [http://copter131:59348/], count 0
[rospy.internal][INFO] 2019-03-04 17:16:54,180: topic[/autopilot/waypoint_goto] adding connection to [http://copter131:40662/], count 5
[rospy.internal][INFO] 2019-03-04 17:16:54,254: topic[/autopilot/waypoint_goto] adding connection to [http://copter131:41713/], count 6
[rosout][INFO] 2019-03-04 17:16:54,268: ROS srv recvd: fpr_param_set
[rospy.internal][INFO] 2019-03-04 17:16:54,872: topic[/autopilot/status] adding connection to [/swarm_landing_sequencer], count 16
[rosout][INFO] 2019-03-04 17:17:05,617: MAVLink STATUSTEXT: EKF2 IMU1 is using GPS
