[rospy.client][INFO] 2012-12-31 16:00:19,199: init_node, name[/constrained_shooter], pid[3057]
[xmlrpc][INFO] 2012-12-31 16:00:19,235: XML-RPC server binding to 0.0.0.0:0
[xmlrpc][INFO] 2012-12-31 16:00:19,246: Started XML-RPC server [http://copter131:40009/]
[rospy.init][INFO] 2012-12-31 16:00:19,246: ROS Slave URI: [http://copter131:40009/]
[rospy.impl.masterslave][INFO] 2012-12-31 16:00:19,251: _ready: http://copter131:40009/
[xmlrpc][INFO] 2012-12-31 16:00:19,255: xml rpc node: starting XML-RPC server
[rospy.registration][INFO] 2012-12-31 16:00:19,256: Registering with master node http://localhost:11311
[rospy.init][INFO] 2012-12-31 16:00:19,351: registered with master
[rospy.rosout][INFO] 2012-12-31 16:00:19,352: initializing /rosout core topic
[rospy.rosout][INFO] 2012-12-31 16:00:19,421: connected to core topic /rosout
[rospy.simtime][INFO] 2012-12-31 16:00:19,455: /use_sim_time is not set, will not subscribe to simulated time [/clock] topic
[rospy.internal][INFO] 2012-12-31 16:00:19,660: topic[/rosout] adding connection to [/rosout], count 0
[rospy.internal][INFO] 2019-03-04 17:16:53,399: topic[/safety/payload_waypoint] adding connection to [/safety], count 0
[rospy.internal][INFO] 2019-03-04 17:16:53,404: topic[/network/send_swarm_behavior_data] adding connection to [/network], count 0
[rospy.internal][INFO] 2019-03-04 17:16:53,683: topic[/swarm_control/behavior_status] adding connection to [/swarm_control], count 0
[rospy.internal][INFO] 2019-03-04 17:16:53,831: topic[/autopilot/acs_pose] adding connection to [http://copter131:46470/], count 0
[rospy.internal][INFO] 2019-03-04 17:16:53,904: topic[/swarm_control/subswarm_id] adding connection to [http://copter131:59348/], count 0
[rospy.internal][INFO] 2019-03-04 17:16:53,993: topic[/autopilot/status] adding connection to [http://copter131:46470/], count 0
[rospy.internal][INFO] 2019-03-04 17:16:54,048: topic[/hit_tracker/hit_uavs] adding connection to [http://copter131:43531/], count 0
[rospy.internal][INFO] 2019-03-04 17:16:54,071: topic[/swarm_control/ap_intent] adding connection to [http://copter131:59348/], count 0
[rospy.internal][INFO] 2019-03-04 17:16:54,175: topic[/air_to_air/firing_reports] adding connection to [/network], count 0
