[rospy.client][INFO] 2012-12-31 16:00:19,602: init_node, name[/patrol_box_shooter], pid[3095]
[xmlrpc][INFO] 2012-12-31 16:00:19,603: XML-RPC server binding to 0.0.0.0:0
[rospy.init][INFO] 2012-12-31 16:00:19,604: ROS Slave URI: [http://copter131:47409/]
[xmlrpc][INFO] 2012-12-31 16:00:19,604: Started XML-RPC server [http://copter131:47409/]
[rospy.impl.masterslave][INFO] 2012-12-31 16:00:19,605: _ready: http://copter131:47409/
[rospy.registration][INFO] 2012-12-31 16:00:19,613: Registering with master node http://localhost:11311
[xmlrpc][INFO] 2012-12-31 16:00:19,614: xml rpc node: starting XML-RPC server
[rospy.init][INFO] 2012-12-31 16:00:19,705: registered with master
[rospy.rosout][INFO] 2012-12-31 16:00:19,705: initializing /rosout core topic
[rospy.rosout][INFO] 2019-03-04 17:16:53,305: connected to core topic /rosout
[rospy.simtime][INFO] 2019-03-04 17:16:53,316: /use_sim_time is not set, will not subscribe to simulated time [/clock] topic
[rospy.internal][INFO] 2019-03-04 17:16:53,479: topic[/safety/payload_waypoint] adding connection to [/safety], count 0
[rospy.internal][INFO] 2019-03-04 17:16:53,562: topic[/rosout] adding connection to [/rosout], count 0
[rospy.internal][INFO] 2019-03-04 17:16:53,678: topic[/swarm_control/behavior_status] adding connection to [/swarm_control], count 0
[rospy.internal][INFO] 2019-03-04 17:16:53,687: topic[/network/send_swarm_behavior_data] adding connection to [/network], count 0
[rospy.internal][INFO] 2019-03-04 17:16:53,723: topic[/autopilot/acs_pose] adding connection to [http://copter131:46470/], count 0
[rospy.internal][INFO] 2019-03-04 17:16:53,742: topic[/hit_tracker/hit_uavs] adding connection to [http://copter131:43531/], count 0
[rospy.internal][INFO] 2019-03-04 17:16:53,832: topic[/air_to_air/firing_reports] adding connection to [/network], count 0
[rospy.internal][INFO] 2019-03-04 17:16:53,920: topic[/swarm_control/subswarm_id] adding connection to [http://copter131:59348/], count 0
[rospy.internal][INFO] 2019-03-04 17:16:53,984: topic[/autopilot/status] adding connection to [http://copter131:46470/], count 0
[rospy.internal][INFO] 2019-03-04 17:16:54,052: topic[/swarm_control/ap_intent] adding connection to [http://copter131:59348/], count 0
