[rospy.client][INFO] 2012-12-31 16:00:18,893: init_node, name[/smart_shooter], pid[3045]
[xmlrpc][INFO] 2012-12-31 16:00:18,894: XML-RPC server binding to 0.0.0.0:0
[rospy.init][INFO] 2012-12-31 16:00:18,896: ROS Slave URI: [http://copter131:36446/]
[xmlrpc][INFO] 2012-12-31 16:00:18,896: Started XML-RPC server [http://copter131:36446/]
[rospy.impl.masterslave][INFO] 2012-12-31 16:00:18,897: _ready: http://copter131:36446/
[xmlrpc][INFO] 2012-12-31 16:00:18,901: xml rpc node: starting XML-RPC server
[rospy.registration][INFO] 2012-12-31 16:00:18,915: Registering with master node http://localhost:11311
[rospy.init][INFO] 2012-12-31 16:00:18,997: registered with master
[rospy.rosout][INFO] 2012-12-31 16:00:18,998: initializing /rosout core topic
[rospy.rosout][INFO] 2012-12-31 16:00:19,134: connected to core topic /rosout
[rospy.simtime][INFO] 2012-12-31 16:00:19,261: /use_sim_time is not set, will not subscribe to simulated time [/clock] topic
[rospy.internal][INFO] 2012-12-31 16:00:19,425: topic[/rosout] adding connection to [/rosout], count 0
[rospy.internal][INFO] 2019-03-04 17:16:53,380: topic[/safety/payload_waypoint] adding connection to [/safety], count 0
[rospy.internal][INFO] 2019-03-04 17:16:53,393: topic[/network/send_swarm_behavior_data] adding connection to [/network], count 0
[rospy.internal][INFO] 2019-03-04 17:16:53,670: topic[/swarm_control/behavior_status] adding connection to [/swarm_control], count 0
[rospy.internal][INFO] 2019-03-04 17:16:53,765: topic[/autopilot/acs_pose] adding connection to [http://copter131:46470/], count 0
[rospy.internal][INFO] 2019-03-04 17:16:53,837: topic[/swarm_control/subswarm_id] adding connection to [http://copter131:59348/], count 0
[rospy.internal][INFO] 2019-03-04 17:16:53,913: topic[/autopilot/status] adding connection to [http://copter131:46470/], count 0
[rospy.internal][INFO] 2019-03-04 17:16:54,057: topic[/swarm_control/ap_intent] adding connection to [http://copter131:59348/], count 0
[rospy.internal][INFO] 2019-03-04 17:16:54,086: topic[/hit_tracker/hit_uavs] adding connection to [http://copter131:43531/], count 0
[rospy.internal][INFO] 2019-03-04 17:16:54,173: topic[/air_to_air/firing_reports] adding connection to [/network], count 0
