[rospy.client][INFO] 2012-12-31 16:00:19,226: init_node, name[/swarm_control], pid[2868]
[xmlrpc][INFO] 2012-12-31 16:00:19,233: XML-RPC server binding to 0.0.0.0:0
[rospy.init][INFO] 2012-12-31 16:00:19,240: ROS Slave URI: [http://copter131:59348/]
[xmlrpc][INFO] 2012-12-31 16:00:19,240: Started XML-RPC server [http://copter131:59348/]
[rospy.impl.masterslave][INFO] 2012-12-31 16:00:19,242: _ready: http://copter131:59348/
[xmlrpc][INFO] 2012-12-31 16:00:19,243: xml rpc node: starting XML-RPC server
[rospy.registration][INFO] 2012-12-31 16:00:19,244: Registering with master node http://localhost:11311
[rospy.init][INFO] 2012-12-31 16:00:19,341: registered with master
[rospy.rosout][INFO] 2012-12-31 16:00:19,342: initializing /rosout core topic
[rospy.rosout][INFO] 2012-12-31 16:00:19,392: connected to core topic /rosout
[rospy.simtime][INFO] 2012-12-31 16:00:19,432: /use_sim_time is not set, will not subscribe to simulated time [/clock] topic
[rospy.internal][INFO] 2012-12-31 16:00:19,661: topic[/rosout] adding connection to [/rosout], count 0
[rosout][INFO] 2019-03-04 17:16:52,942: Behavior evader successfully registered with ID 15
[rosout][INFO] 2019-03-04 17:16:52,970: Behavior independent_transit successfully registered with ID 8
[rosout][INFO] 2019-03-04 17:16:53,078: Behavior pn_interceptor successfully registered with ID 5
[rosout][INFO] 2019-03-04 17:16:53,136: Behavior simple_ground_attack successfully registered with ID 16
[rosout][INFO] 2019-03-04 17:16:53,156: Behavior patrol_box successfully registered with ID 12
[rospy.internal][INFO] 2019-03-04 17:16:53,568: topic[/swarm_tracker/swarm_uav_states] adding connection to [http://copter131:57101/], count 0
[rospy.internal][INFO] 2019-03-04 17:16:53,614: topic[/swarm_control/behavior_status] adding connection to [http://copter131:58222/], count 0
[rospy.internal][INFO] 2019-03-04 17:16:53,616: topic[/swarm_control/behavior_status] adding connection to [http://copter131:40662/], count 0
[rospy.internal][INFO] 2019-03-04 17:16:53,618: topic[/swarm_control/behavior_status] adding connection to [http://copter131:41713/], count 1
[rospy.internal][INFO] 2019-03-04 17:16:53,622: topic[/swarm_control/behavior_status] adding connection to [http://copter131:58969/], count 1
[rospy.internal][INFO] 2019-03-04 17:16:53,628: topic[/swarm_control/behavior_status] adding connection to [http://copter131:39652/], count 4
[rospy.internal][INFO] 2019-03-04 17:16:53,634: topic[/swarm_control/behavior_status] adding connection to [http://copter131:46410/], count 5
[rospy.internal][INFO] 2019-03-04 17:16:53,648: topic[/swarm_control/behavior_status] adding connection to [http://copter131:60477/], count 6
[rospy.internal][INFO] 2019-03-04 17:16:53,652: topic[/swarm_control/behavior_status] adding connection to [http://copter131:42085/], count 6
[rospy.internal][INFO] 2019-03-04 17:16:53,658: topic[/swarm_control/behavior_status] adding connection to [http://copter131:52004/], count 8
[rospy.internal][INFO] 2019-03-04 17:16:53,658: topic[/swarm_control/behavior_status] adding connection to [http://copter131:57115/], count 8
[rospy.internal][INFO] 2019-03-04 17:16:53,667: topic[/swarm_control/behavior_status] adding connection to [http://copter131:36446/], count 10
[rospy.internal][INFO] 2019-03-04 17:16:53,674: topic[/swarm_control/behavior_status] adding connection to [http://copter131:47409/], count 11
[rospy.internal][INFO] 2019-03-04 17:16:53,681: topic[/swarm_control/behavior_status] adding connection to [http://copter131:40009/], count 12
[rosout][INFO] 2019-03-04 17:16:53,706: Behavior wingman successfully registered with ID 11
[rosout][INFO] 2019-03-04 17:16:53,777: Behavior patrol_box_shooter successfully registered with ID 13
[rosout][INFO] 2019-03-04 17:16:53,810: Behavior linear_formation successfully registered with ID 1
[rospy.internal][INFO] 2019-03-04 17:16:53,832: topic[/swarm_control/subswarm_id] adding connection to [/network], count 0
[rospy.internal][INFO] 2019-03-04 17:16:53,846: topic[/swarm_control/subswarm_id] adding connection to [/smart_shooter], count 1
[rospy.internal][INFO] 2019-03-04 17:16:53,854: topic[/swarm_control/subswarm_id] adding connection to [/patrol_box], count 2
[rospy.internal][INFO] 2019-03-04 17:16:53,859: topic[/swarm_control/subswarm_id] adding connection to [/swarm_tracker], count 3
[rospy.internal][INFO] 2019-03-04 17:16:53,864: topic[/swarm_control/subswarm_id] adding connection to [/tactic_interface], count 4
[rospy.internal][INFO] 2019-03-04 17:16:53,876: topic[/swarm_control/subswarm_id] adding connection to [/simple_ground_attack], count 5
[rospy.internal][INFO] 2019-03-04 17:16:53,883: topic[/swarm_control/subswarm_id] adding connection to [/greedy_shooter], count 6
[rospy.internal][INFO] 2019-03-04 17:16:53,888: topic[/swarm_control/subswarm_id] adding connection to [/linear_formation], count 7
[rospy.internal][INFO] 2019-03-04 17:16:53,895: topic[/swarm_control/subswarm_id] adding connection to [/wingman], count 8
[rospy.internal][INFO] 2019-03-04 17:16:53,900: topic[/swarm_control/subswarm_id] adding connection to [/evader], count 9
[rospy.internal][INFO] 2019-03-04 17:16:53,905: topic[/swarm_control/subswarm_id] adding connection to [/pn_interceptor], count 10
[rospy.internal][INFO] 2019-03-04 17:16:53,907: topic[/swarm_control/subswarm_id] adding connection to [/constrained_shooter], count 11
[rospy.internal][INFO] 2019-03-04 17:16:53,916: topic[/swarm_control/subswarm_id] adding connection to [/independent_transit], count 12
[rospy.internal][INFO] 2019-03-04 17:16:53,922: topic[/swarm_control/subswarm_id] adding connection to [/patrol_box_shooter], count 13
[rospy.internal][INFO] 2019-03-04 17:16:53,969: topic[/swarm_control/ap_intent] adding connection to [/tactic_interface], count 0
[rospy.internal][INFO] 2019-03-04 17:16:53,979: topic[/swarm_control/swarm_state] adding connection to [/swarm_tracker], count 0
[rospy.internal][INFO] 2019-03-04 17:16:53,999: topic[/swarm_control/swarm_behavior] adding connection to [/network], count 0
[rospy.internal][INFO] 2019-03-04 17:16:54,004: topic[/swarm_control/swarm_behavior] adding connection to [/swarm_tracker], count 1
[rospy.internal][INFO] 2019-03-04 17:16:54,010: topic[/swarm_control/ap_intent] adding connection to [/linear_formation], count 1
[rospy.internal][INFO] 2019-03-04 17:16:54,011: topic[/autopilot/status] adding connection to [http://copter131:46470/], count 0
[rospy.internal][INFO] 2019-03-04 17:16:54,020: topic[/swarm_control/swarm_state] adding connection to [/network], count 1
[rospy.internal][INFO] 2019-03-04 17:16:54,027: topic[/swarm_control/ap_intent] adding connection to [/patrol_box], count 2
[rospy.internal][INFO] 2019-03-04 17:16:54,036: topic[/swarm_control/ap_intent] adding connection to [/greedy_shooter], count 3
[rosout][INFO] 2019-03-04 17:16:54,034: Subswarm updated to 0
[rosout][INFO] 2019-03-04 17:16:54,045: Swarm state updated to Preflight
[rospy.internal][INFO] 2019-03-04 17:16:54,055: topic[/swarm_control/ap_intent] adding connection to [/evader], count 4
[rosout][INFO] 2019-03-04 17:16:54,056: Active swarm behavior updated to standby
[rospy.internal][INFO] 2019-03-04 17:16:54,063: topic[/swarm_control/ap_intent] adding connection to [/pn_interceptor], count 5
[rospy.internal][INFO] 2019-03-04 17:16:54,069: topic[/swarm_control/ap_intent] adding connection to [/wingman], count 6
[rospy.internal][INFO] 2019-03-04 17:16:54,077: topic[/swarm_control/ap_intent] adding connection to [/patrol_box_shooter], count 7
[rospy.internal][INFO] 2019-03-04 17:16:54,085: topic[/swarm_control/ap_intent] adding connection to [/smart_shooter], count 8
[rospy.internal][INFO] 2019-03-04 17:16:54,092: topic[/swarm_control/ap_intent] adding connection to [/independent_transit], count 9
[rospy.internal][INFO] 2019-03-04 17:16:54,094: topic[/swarm_control/ap_intent] adding connection to [/constrained_shooter], count 10
[rospy.internal][INFO] 2019-03-04 17:16:54,095: topic[/swarm_control/behavior_summary] adding connection to [/network], count 0
[rospy.internal][INFO] 2019-03-04 17:16:54,098: topic[/autopilot/waypoint_goto] adding connection to [/autopilot], count 0
[rosout][INFO] 2019-03-04 17:16:54,097: Behavior constrained_shooter successfully registered with ID 10
[rospy.internal][INFO] 2019-03-04 17:16:54,101: topic[/swarm_control/ap_intent] adding connection to [/simple_ground_attack], count 11
[rospy.internal][INFO] 2019-03-04 17:16:54,106: topic[/autopilot/mode_num] adding connection to [/autopilot], count 0
[rosout][INFO] 2019-03-04 17:16:54,107: Behavior smart_shooter successfully registered with ID 9
[rosout][INFO] 2019-03-04 17:16:54,143: Behavior tactic_interface successfully registered with ID 14
[rosout][INFO] 2019-03-04 17:16:54,177: Behavior greedy_shooter successfully registered with ID 4
[rospy.internal][INFO] 2019-03-04 17:16:54,872: topic[/swarm_control/subswarm_id] adding connection to [/swarm_landing_sequencer], count 14
[rospy.internal][INFO] 2019-03-04 17:16:54,873: topic[/swarm_control/ap_intent] adding connection to [/swarm_landing_sequencer], count 12
[rosout][INFO] 2019-03-04 17:16:54,875: Behavior swarm_landing_sequencer successfully registered with ID 98
