[rospy.client][INFO] 2012-12-31 16:00:18,511: init_node, name[/swarm_landing_sequencer], pid[3001]
[xmlrpc][INFO] 2012-12-31 16:00:18,520: XML-RPC server binding to 0.0.0.0:0
[rospy.init][INFO] 2012-12-31 16:00:18,523: ROS Slave URI: [http://copter131:39652/]
[xmlrpc][INFO] 2012-12-31 16:00:18,523: Started XML-RPC server [http://copter131:39652/]
[rospy.impl.masterslave][INFO] 2012-12-31 16:00:18,523: _ready: http://copter131:39652/
[xmlrpc][INFO] 2012-12-31 16:00:18,524: xml rpc node: starting XML-RPC server
[rospy.registration][INFO] 2012-12-31 16:00:18,526: Registering with master node http://localhost:11311
[rospy.init][INFO] 2012-12-31 16:00:18,623: registered with master
[rospy.rosout][INFO] 2012-12-31 16:00:18,624: initializing /rosout core topic
[rospy.rosout][INFO] 2012-12-31 16:00:19,635: connected to core topic /rosout
[rospy.simtime][INFO] 2012-12-31 16:00:19,645: /use_sim_time is not set, will not subscribe to simulated time [/clock] topic
[rospy.internal][INFO] 2012-12-31 16:00:19,764: topic[/rosout] adding connection to [/rosout], count 0
[rospy.internal][INFO] 2012-12-31 16:00:20,095: topic[/network/send_swarm_behavior_data] adding connection to [/network], count 0
[rospy.internal][INFO] 2019-03-04 17:16:53,376: topic[/safety/payload_waypoint] adding connection to [/safety], count 0
[rospy.internal][INFO] 2019-03-04 17:16:53,639: topic[/swarm_control/behavior_status] adding connection to [/swarm_control], count 0
[rospy.internal][INFO] 2019-03-04 17:16:53,867: topic[/swarm_control/subswarm_id] adding connection to [http://copter131:59348/], count 0
[rospy.internal][INFO] 2019-03-04 17:16:53,957: topic[/autopilot/status] adding connection to [http://copter131:46470/], count 0
[rospy.internal][INFO] 2019-03-04 17:16:54,030: topic[/swarm_control/ap_intent] adding connection to [http://copter131:59348/], count 0
[rospy.internal][INFO] 2019-03-04 17:16:54,054: topic[/autopilot/waypoint_goto] adding connection to [/autopilot], count 0
[rospy.internal][INFO] 2019-03-04 17:16:54,057: topic[/autopilot/waypoint_goto] adding connection to [/autopilot], count 1
[rospy.internal][INFO] 2019-03-04 17:16:54,058: topic[/autopilot/waypoint_goto] removing connection to /autopilot
