[rospy.client][INFO] 2012-12-31 16:00:19,222: init_node, name[/wingman], pid[3068]
[xmlrpc][INFO] 2012-12-31 16:00:19,229: XML-RPC server binding to 0.0.0.0:0
[xmlrpc][INFO] 2012-12-31 16:00:19,231: Started XML-RPC server [http://copter131:57115/]
[rospy.init][INFO] 2012-12-31 16:00:19,231: ROS Slave URI: [http://copter131:57115/]
[rospy.impl.masterslave][INFO] 2012-12-31 16:00:19,232: _ready: http://copter131:57115/
[rospy.registration][INFO] 2012-12-31 16:00:19,242: Registering with master node http://localhost:11311
[xmlrpc][INFO] 2012-12-31 16:00:19,242: xml rpc node: starting XML-RPC server
[rospy.init][INFO] 2012-12-31 16:00:19,334: registered with master
[rospy.rosout][INFO] 2012-12-31 16:00:19,335: initializing /rosout core topic
[rospy.rosout][INFO] 2012-12-31 16:00:19,374: connected to core topic /rosout
[rospy.simtime][INFO] 2012-12-31 16:00:19,426: /use_sim_time is not set, will not subscribe to simulated time [/clock] topic
[rospy.internal][INFO] 2012-12-31 16:00:19,552: topic[/rosout] adding connection to [/rosout], count 0
[rospy.internal][INFO] 2019-03-04 17:16:53,305: topic[/network/send_swarm_behavior_data] adding connection to [/network], count 0
[rospy.internal][INFO] 2019-03-04 17:16:53,390: topic[/safety/payload_waypoint] adding connection to [/safety], count 0
[rospy.internal][INFO] 2019-03-04 17:16:53,641: topic[/autopilot/acs_pose] adding connection to [http://copter131:46470/], count 0
[rospy.internal][INFO] 2019-03-04 17:16:53,672: topic[/swarm_control/behavior_status] adding connection to [/swarm_control], count 0
[rospy.internal][INFO] 2019-03-04 17:16:53,702: topic[/hit_tracker/hit_uavs] adding connection to [http://copter131:43531/], count 0
[rospy.internal][INFO] 2019-03-04 17:16:53,714: topic[/air_to_air/firing_reports] adding connection to [/network], count 0
[rospy.internal][INFO] 2019-03-04 17:16:53,740: topic[/autopilot/waypoint_goto] adding connection to [/autopilot], count 0
[rospy.internal][INFO] 2019-03-04 17:16:53,880: topic[/swarm_control/subswarm_id] adding connection to [http://copter131:59348/], count 0
[rospy.internal][INFO] 2019-03-04 17:16:53,979: topic[/autopilot/status] adding connection to [http://copter131:46470/], count 0
[rospy.internal][INFO] 2019-03-04 17:16:54,039: topic[/swarm_control/ap_intent] adding connection to [http://copter131:59348/], count 0
