[rospy.client][INFO] 2012-12-31 16:00:16,488: init_node, name[/autopilot], pid[2805]
[xmlrpc][INFO] 2012-12-31 16:00:16,515: XML-RPC server binding to 0.0.0.0:0
[xmlrpc][INFO] 2012-12-31 16:00:16,516: Started XML-RPC server [http://copter131:54668/]
[rospy.init][INFO] 2012-12-31 16:00:16,516: ROS Slave URI: [http://copter131:54668/]
[rospy.impl.masterslave][INFO] 2012-12-31 16:00:16,517: _ready: http://copter131:54668/
[xmlrpc][INFO] 2012-12-31 16:00:16,537: xml rpc node: starting XML-RPC server
[rospy.registration][INFO] 2012-12-31 16:00:16,537: Registering with master node http://localhost:11311
[rospy.init][INFO] 2012-12-31 16:00:16,618: registered with master
[rospy.rosout][INFO] 2012-12-31 16:00:16,618: initializing /rosout core topic
[rospy.rosout][INFO] 2012-12-31 16:00:16,656: connected to core topic /rosout
[rospy.simtime][INFO] 2012-12-31 16:00:16,717: /use_sim_time is not set, will not subscribe to simulated time [/clock] topic
[rosout][INFO] 2012-12-31 16:00:16,852: MAVLinkBridge: Connecting to /dev/ttyACM99 ...
[rosout][INFO] 2012-12-31 16:00:16,866: MAVLinkBridge: Waiting for autopilot heartbeat ...
[rospy.internal][INFO] 2012-12-31 16:00:16,959: topic[/rosout] adding connection to [/rosout], count 0
[rosout][INFO] 2012-12-31 16:00:17,701: MAVLinkBridge: Waiting for usable SYSTEM_TIME ...
[rosout][INFO] 2019-03-07 08:07:58,319: Successfully synced local clock.
[rosout][INFO] 2019-03-07 08:07:58,322: MAVLinkBridge initialized.
[rospy.internal][INFO] 2019-03-07 08:08:00,165: topic[/autopilot/waypoint_goto] adding connection to [http://copter131:53060/], count 0
[rospy.internal][INFO] 2019-03-07 08:08:00,211: topic[/autopilot/heartbeat_onboard] adding connection to [http://copter131:37974/], count 0
[rospy.internal][INFO] 2019-03-07 08:08:00,353: topic[/autopilot/payload_waypoint] adding connection to [http://copter131:37974/], count 0
[rospy.internal][INFO] 2019-03-07 08:08:00,904: topic[/autopilot/waypoint_goto] adding connection to [http://copter131:55652/], count 1
[rospy.internal][INFO] 2019-03-07 08:08:00,968: topic[/autopilot/waypoint_goto] adding connection to [http://copter131:39379/], count 2
[rospy.internal][INFO] 2019-03-07 08:08:01,095: topic[/autopilot/waypoint_goto] adding connection to [http://copter131:59677/], count 3
[rospy.internal][INFO] 2019-03-07 08:08:01,101: topic[/autopilot/waypoint_goto] adding connection to [http://copter131:53093/], count 4
[rospy.internal][INFO] 2019-03-07 08:08:01,844: topic[/autopilot/waypoint_goto] adding connection to [http://copter131:51926/], count 5
[rospy.internal][INFO] 2019-03-07 08:08:01,852: topic[/autopilot/mode_num] adding connection to [http://copter131:51926/], count 0
[rospy.internal][INFO] 2019-03-07 08:08:02,113: topic[/autopilot/acs_pose] adding connection to [/safety], count 0
[rospy.internal][INFO] 2019-03-07 08:08:02,130: topic[/autopilot/acs_pose] adding connection to [/network], count 1
[rospy.internal][INFO] 2019-03-07 08:08:02,137: topic[/autopilot/acs_pose] adding connection to [/evader], count 2
[rospy.internal][INFO] 2019-03-07 08:08:02,143: topic[/autopilot/acs_pose] adding connection to [/tactic_interface], count 3
[rospy.internal][INFO] 2019-03-07 08:08:02,147: topic[/autopilot/acs_pose] adding connection to [/greedy_shooter], count 4
[rospy.internal][INFO] 2019-03-07 08:08:02,158: topic[/autopilot/acs_pose] adding connection to [/red_tracker], count 5
[rospy.internal][INFO] 2019-03-07 08:08:02,167: topic[/autopilot/acs_pose] adding connection to [/patrol_box], count 6
[rospy.internal][INFO] 2019-03-07 08:08:02,175: topic[/autopilot/acs_pose] adding connection to [/wingman], count 7
[rospy.internal][INFO] 2019-03-07 08:08:02,185: topic[/autopilot/waypoint_goto] adding connection to [http://copter131:37784/], count 6
[rospy.internal][INFO] 2019-03-07 08:08:02,187: topic[/autopilot/acs_pose] adding connection to [/patrol_box_shooter], count 8
[rospy.internal][INFO] 2019-03-07 08:08:02,192: topic[/autopilot/acs_pose] adding connection to [/swarm_tracker], count 9
[rospy.internal][INFO] 2019-03-07 08:08:02,194: topic[/autopilot/acs_pose] adding connection to [/constrained_shooter], count 10
[rospy.internal][INFO] 2019-03-07 08:08:02,196: topic[/autopilot/acs_pose] adding connection to [/smart_shooter], count 11
[rospy.internal][INFO] 2019-03-07 08:08:02,548: topic[/autopilot/status] adding connection to [/greedy_shooter], count 0
[rospy.internal][INFO] 2019-03-07 08:08:02,558: topic[/autopilot/status] adding connection to [/swarm_landing_sequencer], count 1
[rospy.internal][INFO] 2019-03-07 08:08:02,563: topic[/autopilot/status] adding connection to [/network], count 2
[rospy.internal][INFO] 2019-03-07 08:08:02,568: topic[/autopilot/status] adding connection to [/simple_ground_attack], count 3
[rospy.internal][INFO] 2019-03-07 08:08:02,576: topic[/autopilot/status] adding connection to [/patrol_box], count 4
[rospy.internal][INFO] 2019-03-07 08:08:02,583: topic[/autopilot/status] adding connection to [/patrol_box_shooter], count 5
[rospy.internal][INFO] 2019-03-07 08:08:02,588: topic[/autopilot/status] adding connection to [/wingman], count 6
[rospy.internal][INFO] 2019-03-07 08:08:02,597: topic[/autopilot/status] adding connection to [/swarm_tracker], count 7
[rospy.internal][INFO] 2019-03-07 08:08:02,600: topic[/autopilot/status] adding connection to [/constrained_shooter], count 8
[rospy.internal][INFO] 2019-03-07 08:08:02,611: topic[/autopilot/status] adding connection to [/task_runner], count 9
[rospy.internal][INFO] 2019-03-07 08:08:02,613: topic[/autopilot/status] adding connection to [/independent_transit], count 10
[rospy.internal][INFO] 2019-03-07 08:08:02,614: topic[/autopilot/status] adding connection to [/pn_interceptor], count 11
[rospy.internal][INFO] 2019-03-07 08:08:02,615: topic[/autopilot/status] adding connection to [/linear_formation], count 12
[rospy.internal][INFO] 2019-03-07 08:08:02,617: topic[/autopilot/status] adding connection to [/smart_shooter], count 13
[rospy.internal][INFO] 2019-03-07 08:08:02,618: topic[/autopilot/status] adding connection to [/tactic_interface], count 14
[rospy.internal][INFO] 2019-03-07 08:08:02,619: topic[/autopilot/status] adding connection to [/evader], count 15
[rospy.internal][INFO] 2019-03-07 08:08:02,621: topic[/autopilot/status] adding connection to [/swarm_control], count 16
[rosout][INFO] 2019-03-07 08:08:02,943: ROS srv recvd: fpr_param_set
[rosout][INFO] 2019-03-07 08:08:26,192: MAVLink STATUSTEXT: u-blox 0 HW: 00040007 SW: 7.03 (45970)
[rosout][INFO] 2019-03-07 08:08:37,955: MAVLink STATUSTEXT: EKF2 IMU0 Origin set to GPS
