[rospy.client][INFO] 2019-03-07 08:07:59,176: init_node, name[/constrained_shooter], pid[3112]
[xmlrpc][INFO] 2019-03-07 08:07:59,179: XML-RPC server binding to 0.0.0.0:0
[rospy.init][INFO] 2019-03-07 08:07:59,181: ROS Slave URI: [http://copter131:54181/]
[xmlrpc][INFO] 2019-03-07 08:07:59,182: Started XML-RPC server [http://copter131:54181/]
[rospy.impl.masterslave][INFO] 2019-03-07 08:07:59,183: _ready: http://copter131:54181/
[xmlrpc][INFO] 2019-03-07 08:07:59,202: xml rpc node: starting XML-RPC server
[rospy.registration][INFO] 2019-03-07 08:07:59,203: Registering with master node http://localhost:11311
[rospy.init][INFO] 2019-03-07 08:07:59,282: registered with master
[rospy.rosout][INFO] 2019-03-07 08:07:59,283: initializing /rosout core topic
[rospy.rosout][INFO] 2019-03-07 08:07:59,347: connected to core topic /rosout
[rospy.simtime][INFO] 2019-03-07 08:07:59,415: /use_sim_time is not set, will not subscribe to simulated time [/clock] topic
[rospy.internal][INFO] 2019-03-07 08:07:59,572: topic[/rosout] adding connection to [/rosout], count 0
[rospy.internal][INFO] 2019-03-07 08:08:01,259: topic[/hit_tracker/hit_uavs] adding connection to [http://copter131:58623/], count 0
[rospy.internal][INFO] 2019-03-07 08:08:01,306: topic[/air_to_air/firing_reports] adding connection to [/network], count 0
[rospy.internal][INFO] 2019-03-07 08:08:01,314: topic[/network/send_swarm_behavior_data] adding connection to [/network], count 0
[rospy.internal][INFO] 2019-03-07 08:08:01,611: topic[/swarm_control/behavior_status] adding connection to [/swarm_control], count 0
[rospy.internal][INFO] 2019-03-07 08:08:01,624: topic[/safety/payload_waypoint] adding connection to [/safety], count 0
[rospy.internal][INFO] 2019-03-07 08:08:01,771: topic[/swarm_control/subswarm_id] adding connection to [http://copter131:51926/], count 0
[rospy.internal][INFO] 2019-03-07 08:08:01,830: topic[/swarm_control/ap_intent] adding connection to [http://copter131:51926/], count 0
[rospy.internal][INFO] 2019-03-07 08:08:02,181: topic[/autopilot/acs_pose] adding connection to [http://copter131:54668/], count 0
[rospy.internal][INFO] 2019-03-07 08:08:02,588: topic[/autopilot/status] adding connection to [http://copter131:54668/], count 0
