[rospy.client][INFO] 2019-03-07 08:07:59,587: init_node, name[/patrol_box_shooter], pid[3200]
[xmlrpc][INFO] 2019-03-07 08:07:59,589: XML-RPC server binding to 0.0.0.0:0
[xmlrpc][INFO] 2019-03-07 08:07:59,590: Started XML-RPC server [http://copter131:41018/]
[rospy.init][INFO] 2019-03-07 08:07:59,591: ROS Slave URI: [http://copter131:41018/]
[rospy.impl.masterslave][INFO] 2019-03-07 08:07:59,591: _ready: http://copter131:41018/
[xmlrpc][INFO] 2019-03-07 08:07:59,596: xml rpc node: starting XML-RPC server
[rospy.registration][INFO] 2019-03-07 08:07:59,597: Registering with master node http://localhost:11311
[rospy.init][INFO] 2019-03-07 08:07:59,693: registered with master
[rospy.rosout][INFO] 2019-03-07 08:07:59,693: initializing /rosout core topic
[rospy.rosout][INFO] 2019-03-07 08:07:59,722: connected to core topic /rosout
[rospy.simtime][INFO] 2019-03-07 08:07:59,742: /use_sim_time is not set, will not subscribe to simulated time [/clock] topic
[rospy.internal][INFO] 2019-03-07 08:07:59,996: topic[/rosout] adding connection to [/rosout], count 0
[rospy.internal][INFO] 2019-03-07 08:08:00,241: topic[/network/send_swarm_behavior_data] adding connection to [/network], count 0
[rospy.internal][INFO] 2019-03-07 08:08:00,246: topic[/network/send_swarm_behavior_data] adding connection to [/network], count 1
[rospy.internal][INFO] 2019-03-07 08:08:00,247: topic[/network/send_swarm_behavior_data] removing connection to /network
[rosout][WARNING] 2019-03-07 08:08:00,247: Inbound TCP/IP connection failed: connection from sender terminated before handshake header received. 0 bytes were received. Please check sender for additional details.
[rospy.internal][ERROR] 2019-03-07 08:08:00,252: Inbound TCP/IP connection failed:
Traceback (most recent call last):
  File "/opt/ros/indigo/lib/python2.7/dist-packages/rospy/impl/tcpros_base.py", line 321, in _tcp_server_callback
    header = read_ros_handshake_header(sock, StringIO(), buff_size)
  File "/opt/ros/indigo/lib/python2.7/dist-packages/rosgraph/network.py", line 362, in read_ros_handshake_header
    raise ROSHandshakeException("connection from sender terminated before handshake header received. %s bytes were received. Please check sender for additional details."%b.tell())
ROSHandshakeException: connection from sender terminated before handshake header received. 0 bytes were received. Please check sender for additional details.

[rospy.internal][INFO] 2019-03-07 08:08:01,569: topic[/swarm_control/behavior_status] adding connection to [/swarm_control], count 0
[rospy.internal][INFO] 2019-03-07 08:08:01,627: topic[/safety/payload_waypoint] adding connection to [/safety], count 0
[rospy.internal][INFO] 2019-03-07 08:08:01,698: topic[/swarm_control/subswarm_id] adding connection to [http://copter131:51926/], count 0
[rospy.internal][INFO] 2019-03-07 08:08:01,990: topic[/hit_tracker/hit_uavs] adding connection to [http://copter131:58623/], count 0
[rospy.internal][INFO] 2019-03-07 08:08:02,002: topic[/air_to_air/firing_reports] adding connection to [/network], count 0
[rospy.internal][INFO] 2019-03-07 08:08:02,166: topic[/autopilot/acs_pose] adding connection to [http://copter131:54668/], count 0
[rospy.internal][INFO] 2019-03-07 08:08:02,574: topic[/autopilot/status] adding connection to [http://copter131:54668/], count 0
[rospy.internal][INFO] 2019-03-07 08:08:02,776: topic[/swarm_control/ap_intent] adding connection to [http://copter131:51926/], count 0
