[rospy.client][INFO] 2012-12-31 16:00:17,054: init_node, name[/task_runner], pid[2859]
[xmlrpc][INFO] 2012-12-31 16:00:17,058: XML-RPC server binding to 0.0.0.0:0
[rospy.init][INFO] 2012-12-31 16:00:17,060: ROS Slave URI: [http://copter131:36517/]
[xmlrpc][INFO] 2012-12-31 16:00:17,060: Started XML-RPC server [http://copter131:36517/]
[rospy.impl.masterslave][INFO] 2012-12-31 16:00:17,061: _ready: http://copter131:36517/
[xmlrpc][INFO] 2012-12-31 16:00:17,061: xml rpc node: starting XML-RPC server
[rospy.registration][INFO] 2012-12-31 16:00:17,063: Registering with master node http://localhost:11311
[rospy.init][INFO] 2012-12-31 16:00:17,161: registered with master
[rospy.rosout][INFO] 2012-12-31 16:00:17,161: initializing /rosout core topic
[rospy.rosout][INFO] 2012-12-31 16:00:17,257: connected to core topic /rosout
[rospy.simtime][INFO] 2012-12-31 16:00:17,367: /use_sim_time is not set, will not subscribe to simulated time [/clock] topic
[rospy.internal][INFO] 2012-12-31 16:00:17,564: topic[/rosout] adding connection to [/rosout], count 0
[rosout][INFO] 2019-03-07 08:07:59,633: Task Runner: Starting Event 'on_start'
[rosout][INFO] 2019-03-07 08:07:59,709: Task Runner: Event 'on_start' Task 'Tx Power' Time 0.1s: Succeeded
[rosout][INFO] 2019-03-07 08:07:59,710: Task Runner: Completed Event 'on_start'
[rospy.internal][INFO] 2019-03-07 08:08:02,585: topic[/autopilot/status] adding connection to [http://copter131:54668/], count 0
[rosout][INFO] 2019-03-07 08:08:02,927: Task Runner: Starting Event 'on_status'
[rosout][INFO] 2019-03-07 08:08:03,146: Task Runner: Event 'on_status' Task 'AP Set ID' Time 0.2s: Succeeded
[rosout][INFO] 2019-03-07 08:08:03,147: Task Runner: Completed Event 'on_status'
[rosout][INFO] 2019-03-07 08:08:03,147: Task Runner: Starting Event 'on_arm'
[rosout][INFO] 2019-03-07 08:08:03,148: Task Runner: Completed Event 'on_arm'
[rosout][INFO] 2019-03-07 08:08:18,907: Task Runner: Starting Event 'on_disarm'
[rosout][INFO] 2019-03-07 08:08:18,908: Task Runner: Completed Event 'on_disarm'
[rosout][INFO] 2019-03-07 08:09:04,909: Task Runner: Starting Event 'on_arm'
[rosout][INFO] 2019-03-07 08:09:04,910: Task Runner: Completed Event 'on_arm'
[rosout][INFO] 2019-03-07 08:12:35,942: Task Runner: Starting Event 'on_disarm'
[rosout][INFO] 2019-03-07 08:12:35,944: Task Runner: Completed Event 'on_disarm'
