[rospy.client][INFO] 2019-02-27 13:10:37,984: init_node, name[/evader], pid[3120]
[xmlrpc][INFO] 2019-02-27 13:10:37,985: XML-RPC server binding to 0.0.0.0:0
[xmlrpc][INFO] 2019-02-27 13:10:37,986: Started XML-RPC server [http://copter131:38273/]
[rospy.init][INFO] 2019-02-27 13:10:37,986: ROS Slave URI: [http://copter131:38273/]
[rospy.impl.masterslave][INFO] 2019-02-27 13:10:37,986: _ready: http://copter131:38273/
[xmlrpc][INFO] 2019-02-27 13:10:37,988: xml rpc node: starting XML-RPC server
[rospy.registration][INFO] 2019-02-27 13:10:37,989: Registering with master node http://localhost:11311
[rospy.init][INFO] 2019-02-27 13:10:38,087: registered with master
[rospy.rosout][INFO] 2019-02-27 13:10:38,087: initializing /rosout core topic
[rospy.rosout][INFO] 2019-02-27 13:10:38,101: connected to core topic /rosout
[rospy.simtime][INFO] 2019-02-27 13:10:38,108: /use_sim_time is not set, will not subscribe to simulated time [/clock] topic
[rospy.internal][INFO] 2019-02-27 13:10:38,229: topic[/safety/payload_waypoint] adding connection to [/safety], count 0
[rospy.internal][INFO] 2019-02-27 13:10:38,407: topic[/rosout] adding connection to [/rosout], count 0
[rospy.internal][INFO] 2019-02-27 13:10:38,457: topic[/hit_tracker/hit_uavs] adding connection to [http://copter131:59009/], count 0
[rospy.internal][INFO] 2019-02-27 13:10:38,459: topic[/network/send_swarm_behavior_data] adding connection to [/network], count 0
[rospy.internal][INFO] 2019-02-27 13:10:38,774: topic[/autopilot/acs_pose] adding connection to [http://copter131:36903/], count 0
[rospy.internal][INFO] 2019-02-27 13:10:39,062: topic[/swarm_control/behavior_status] adding connection to [/swarm_control], count 0
[rospy.internal][INFO] 2019-02-27 13:10:39,267: topic[/autopilot/status] adding connection to [http://copter131:36903/], count 0
[rospy.internal][INFO] 2019-02-27 13:10:39,289: topic[/swarm_control/subswarm_id] adding connection to [http://copter131:44193/], count 0
[rospy.internal][INFO] 2019-02-27 13:10:39,418: topic[/swarm_control/ap_intent] adding connection to [http://copter131:44193/], count 0
[rosout][INFO] 2019-02-27 13:11:20,089: evader activate request False returned False
[rosout][INFO] 2019-02-27 13:12:12,569: evader activate request False returned False
[rosout][INFO] 2019-02-27 13:16:09,407: evader activate request False returned False
[rosout][INFO] 2019-02-27 13:17:00,042: evader activate request False returned False
