[rospy.client][INFO] 2019-02-27 13:10:37,459: init_node, name[/greedy_shooter], pid[3000]
[xmlrpc][INFO] 2019-02-27 13:10:37,460: XML-RPC server binding to 0.0.0.0:0
[rospy.init][INFO] 2019-02-27 13:10:37,462: ROS Slave URI: [http://copter131:49993/]
[xmlrpc][INFO] 2019-02-27 13:10:37,462: Started XML-RPC server [http://copter131:49993/]
[rospy.impl.masterslave][INFO] 2019-02-27 13:10:37,463: _ready: http://copter131:49993/
[xmlrpc][INFO] 2019-02-27 13:10:37,468: xml rpc node: starting XML-RPC server
[rospy.registration][INFO] 2019-02-27 13:10:37,469: Registering with master node http://localhost:11311
[rospy.registration][INFO] 2019-02-27 13:10:37,469: Registering publisher topic [/safety/payload_waypoint] type [autopilot_bridge/LLA] with master
[rospy.registration][INFO] 2019-02-27 13:10:37,490: registering subscriber topic [/autopilot/status] type [autopilot_bridge/Status] with master
[rospy.init][INFO] 2019-02-27 13:10:37,563: registered with master
[rospy.rosout][INFO] 2019-02-27 13:10:37,563: initializing /rosout core topic
[rospy.rosout][INFO] 2019-02-27 13:10:37,579: connected to core topic /rosout
[rospy.simtime][INFO] 2019-02-27 13:10:37,597: /use_sim_time is not set, will not subscribe to simulated time [/clock] topic
[rospy.internal][INFO] 2019-02-27 13:10:37,773: topic[/rosout] adding connection to [/rosout], count 0
[rospy.internal][INFO] 2019-02-27 13:10:37,994: topic[/network/send_swarm_behavior_data] adding connection to [/network], count 0
[rospy.internal][INFO] 2019-02-27 13:10:38,203: topic[/safety/payload_waypoint] adding connection to [/safety], count 0
[rospy.internal][INFO] 2019-02-27 13:10:38,998: topic[/autopilot/acs_pose] adding connection to [http://copter131:36903/], count 0
[rospy.internal][INFO] 2019-02-27 13:10:39,040: topic[/swarm_control/behavior_status] adding connection to [/swarm_control], count 0
[rospy.internal][INFO] 2019-02-27 13:10:39,071: topic[/hit_tracker/hit_uavs] adding connection to [http://copter131:59009/], count 0
[rospy.internal][INFO] 2019-02-27 13:10:39,195: topic[/air_to_air/firing_reports] adding connection to [/network], count 0
[rospy.internal][INFO] 2019-02-27 13:10:39,202: topic[/autopilot/waypoint_goto] adding connection to [/autopilot], count 0
[rospy.internal][INFO] 2019-02-27 13:10:39,224: topic[/autopilot/status] adding connection to [http://copter131:36903/], count 0
[rospy.internal][INFO] 2019-02-27 13:10:39,270: topic[/swarm_control/subswarm_id] adding connection to [http://copter131:44193/], count 0
[rospy.internal][INFO] 2019-02-27 13:10:39,360: topic[/swarm_control/ap_intent] adding connection to [http://copter131:44193/], count 0
[rosout][INFO] 2019-02-27 13:11:20,033: greedy_shooter activate request False returned False
[rosout][INFO] 2019-02-27 13:12:12,477: greedy_shooter activate request False returned False
[rosout][INFO] 2019-02-27 13:16:09,340: greedy_shooter activate request False returned False
[rosout][INFO] 2019-02-27 13:16:59,950: greedy_shooter activate request False returned False
