[rospy.client][INFO] 2019-02-27 13:10:36,474: init_node, name[/linear_formation], pid[2948]
[xmlrpc][INFO] 2019-02-27 13:10:36,476: XML-RPC server binding to 0.0.0.0:0
[rospy.init][INFO] 2019-02-27 13:10:36,478: ROS Slave URI: [http://copter131:46672/]
[xmlrpc][INFO] 2019-02-27 13:10:36,478: Started XML-RPC server [http://copter131:46672/]
[rospy.impl.masterslave][INFO] 2019-02-27 13:10:36,479: _ready: http://copter131:46672/
[xmlrpc][INFO] 2019-02-27 13:10:36,480: xml rpc node: starting XML-RPC server
[rospy.registration][INFO] 2019-02-27 13:10:36,481: Registering with master node http://localhost:11311
[rospy.init][INFO] 2019-02-27 13:10:36,579: registered with master
[rospy.rosout][INFO] 2019-02-27 13:10:36,580: initializing /rosout core topic
[rospy.rosout][INFO] 2019-02-27 13:10:36,710: connected to core topic /rosout
[rospy.simtime][INFO] 2019-02-27 13:10:36,811: /use_sim_time is not set, will not subscribe to simulated time [/clock] topic
[rospy.internal][INFO] 2019-02-27 13:10:36,983: topic[/rosout] adding connection to [/rosout], count 0
[rospy.internal][INFO] 2019-02-27 13:10:38,202: topic[/safety/payload_waypoint] adding connection to [/safety], count 0
[rospy.internal][INFO] 2019-02-27 13:10:38,914: topic[/network/send_swarm_behavior_data] adding connection to [/network], count 0
[rospy.internal][INFO] 2019-02-27 13:10:38,918: topic[/autopilot/waypoint_goto] adding connection to [/autopilot], count 0
[rospy.internal][INFO] 2019-02-27 13:10:39,074: topic[/swarm_control/behavior_status] adding connection to [/swarm_control], count 0
[rospy.internal][INFO] 2019-02-27 13:10:39,246: topic[/swarm_control/subswarm_id] adding connection to [http://copter131:44193/], count 0
[rospy.internal][INFO] 2019-02-27 13:10:39,254: topic[/autopilot/status] adding connection to [http://copter131:36903/], count 0
[rospy.internal][INFO] 2019-02-27 13:10:39,344: topic[/swarm_control/ap_intent] adding connection to [http://copter131:44193/], count 0
[rosout][INFO] 2019-02-27 13:11:20,020: linear_formation activate request False returned False
[rosout][INFO] 2019-02-27 13:12:12,457: linear_formation activate request False returned False
[rosout][INFO] 2019-02-27 13:16:09,328: linear_formation activate request False returned False
[rosout][INFO] 2019-02-27 13:16:59,932: linear_formation activate request False returned False
