[rospy.client][INFO] 2012-12-31 16:00:17,540: init_node, name[/patrol_box], pid[2888]
[xmlrpc][INFO] 2012-12-31 16:00:17,543: XML-RPC server binding to 0.0.0.0:0
[rospy.init][INFO] 2012-12-31 16:00:17,545: ROS Slave URI: [http://copter131:49255/]
[xmlrpc][INFO] 2012-12-31 16:00:17,545: Started XML-RPC server [http://copter131:49255/]
[rospy.impl.masterslave][INFO] 2012-12-31 16:00:17,546: _ready: http://copter131:49255/
[xmlrpc][INFO] 2012-12-31 16:00:17,546: xml rpc node: starting XML-RPC server
[rospy.registration][INFO] 2012-12-31 16:00:17,548: Registering with master node http://localhost:11311
[rospy.init][INFO] 2012-12-31 16:00:17,646: registered with master
[rospy.rosout][INFO] 2012-12-31 16:00:17,646: initializing /rosout core topic
[rospy.rosout][INFO] 2019-02-27 13:10:39,262: connected to core topic /rosout
[rospy.simtime][INFO] 2019-02-27 13:10:39,285: /use_sim_time is not set, will not subscribe to simulated time [/clock] topic
[rospy.internal][INFO] 2019-02-27 13:10:39,466: topic[/autopilot/status] adding connection to [http://copter131:36903/], count 0
[rospy.internal][INFO] 2019-02-27 13:10:39,468: topic[/swarm_control/subswarm_id] adding connection to [http://copter131:44193/], count 0
[rospy.internal][INFO] 2019-02-27 13:10:39,487: topic[/swarm_control/ap_intent] adding connection to [http://copter131:44193/], count 0
[rospy.internal][INFO] 2019-02-27 13:10:39,501: topic[/safety/payload_waypoint] adding connection to [/safety], count 0
[rospy.internal][INFO] 2019-02-27 13:10:39,554: topic[/rosout] adding connection to [/rosout], count 0
[rospy.internal][INFO] 2019-02-27 13:10:39,576: topic[/autopilot/acs_pose] adding connection to [http://copter131:36903/], count 0
[rospy.internal][INFO] 2019-02-27 13:10:39,612: topic[/network/send_swarm_behavior_data] adding connection to [/network], count 0
[rospy.internal][INFO] 2019-02-27 13:10:39,621: topic[/swarm_control/behavior_status] adding connection to [/swarm_control], count 0
[rosout][INFO] 2019-02-27 13:11:20,070: patrol_box activate request False returned False
[rosout][INFO] 2019-02-27 13:12:12,544: patrol_box activate request False returned False
[rosout][INFO] 2019-02-27 13:16:09,375: patrol_box activate request False returned False
[rosout][INFO] 2019-02-27 13:17:00,011: patrol_box activate request False returned False
