[rospy.client][INFO] 2019-02-27 13:10:37,735: init_node, name[/patrol_box_shooter], pid[3097]
[xmlrpc][INFO] 2019-02-27 13:10:37,736: XML-RPC server binding to 0.0.0.0:0
[xmlrpc][INFO] 2019-02-27 13:10:37,739: Started XML-RPC server [http://copter131:55213/]
[rospy.impl.masterslave][INFO] 2019-02-27 13:10:37,739: _ready: http://copter131:55213/
[rospy.init][INFO] 2019-02-27 13:10:37,740: ROS Slave URI: [http://copter131:55213/]
[xmlrpc][INFO] 2019-02-27 13:10:37,740: xml rpc node: starting XML-RPC server
[rospy.registration][INFO] 2019-02-27 13:10:37,743: Registering with master node http://localhost:11311
[rospy.init][INFO] 2019-02-27 13:10:37,841: registered with master
[rospy.rosout][INFO] 2019-02-27 13:10:37,842: initializing /rosout core topic
[rospy.rosout][INFO] 2019-02-27 13:10:37,857: connected to core topic /rosout
[rospy.simtime][INFO] 2019-02-27 13:10:37,873: /use_sim_time is not set, will not subscribe to simulated time [/clock] topic
[rospy.internal][INFO] 2019-02-27 13:10:38,076: topic[/rosout] adding connection to [/rosout], count 0
[rospy.internal][INFO] 2019-02-27 13:10:38,203: topic[/safety/payload_waypoint] adding connection to [/safety], count 0
[rospy.internal][INFO] 2019-02-27 13:10:38,219: topic[/network/send_swarm_behavior_data] adding connection to [/network], count 0
[rospy.internal][INFO] 2019-02-27 13:10:38,913: topic[/autopilot/acs_pose] adding connection to [http://copter131:36903/], count 0
[rospy.internal][INFO] 2019-02-27 13:10:38,949: topic[/hit_tracker/hit_uavs] adding connection to [http://copter131:59009/], count 0
[rospy.internal][INFO] 2019-02-27 13:10:38,976: topic[/air_to_air/firing_reports] adding connection to [/network], count 0
[rospy.internal][INFO] 2019-02-27 13:10:39,048: topic[/swarm_control/behavior_status] adding connection to [/swarm_control], count 0
[rospy.internal][INFO] 2019-02-27 13:10:39,218: topic[/autopilot/status] adding connection to [http://copter131:36903/], count 0
[rospy.internal][INFO] 2019-02-27 13:10:39,303: topic[/swarm_control/subswarm_id] adding connection to [http://copter131:44193/], count 0
[rospy.internal][INFO] 2019-02-27 13:10:39,388: topic[/swarm_control/ap_intent] adding connection to [http://copter131:44193/], count 0
[rosout][INFO] 2019-02-27 13:11:20,076: patrol_box_shooter activate request False returned False
[rosout][INFO] 2019-02-27 13:12:12,554: patrol_box_shooter activate request False returned False
[rosout][INFO] 2019-02-27 13:16:09,383: patrol_box_shooter activate request False returned False
[rosout][INFO] 2019-02-27 13:17:00,021: patrol_box_shooter activate request False returned False
