[rospy.client][INFO] 2019-02-27 13:10:37,485: init_node, name[/pn_interceptor], pid[3071]
[xmlrpc][INFO] 2019-02-27 13:10:37,486: XML-RPC server binding to 0.0.0.0:0
[xmlrpc][INFO] 2019-02-27 13:10:37,488: Started XML-RPC server [http://copter131:41432/]
[rospy.impl.masterslave][INFO] 2019-02-27 13:10:37,489: _ready: http://copter131:41432/
[rospy.init][INFO] 2019-02-27 13:10:37,490: ROS Slave URI: [http://copter131:41432/]
[xmlrpc][INFO] 2019-02-27 13:10:37,491: xml rpc node: starting XML-RPC server
[rospy.registration][INFO] 2019-02-27 13:10:37,492: Registering with master node http://localhost:11311
[rospy.init][INFO] 2019-02-27 13:10:37,591: registered with master
[rospy.rosout][INFO] 2019-02-27 13:10:37,591: initializing /rosout core topic
[rospy.rosout][INFO] 2019-02-27 13:10:38,596: connected to core topic /rosout
[rospy.simtime][INFO] 2019-02-27 13:10:38,599: /use_sim_time is not set, will not subscribe to simulated time [/clock] topic
[rospy.internal][INFO] 2019-02-27 13:10:38,775: topic[/safety/payload_waypoint] adding connection to [/safety], count 0
[rospy.internal][INFO] 2019-02-27 13:10:38,818: topic[/rosout] adding connection to [/rosout], count 0
[rospy.internal][INFO] 2019-02-27 13:10:38,913: topic[/network/send_swarm_behavior_data] adding connection to [/network], count 0
[rospy.internal][INFO] 2019-02-27 13:10:39,071: topic[/swarm_control/behavior_status] adding connection to [/swarm_control], count 0
[rospy.internal][INFO] 2019-02-27 13:10:39,256: topic[/autopilot/status] adding connection to [http://copter131:36903/], count 0
[rospy.internal][INFO] 2019-02-27 13:10:39,310: topic[/swarm_control/subswarm_id] adding connection to [http://copter131:44193/], count 0
[rospy.internal][INFO] 2019-02-27 13:10:39,391: topic[/swarm_control/ap_intent] adding connection to [http://copter131:44193/], count 0
[rosout][INFO] 2019-02-27 13:11:20,039: pn_interceptor activate request False returned False
[rosout][INFO] 2019-02-27 13:12:12,486: pn_interceptor activate request False returned False
[rosout][INFO] 2019-02-27 13:16:09,346: pn_interceptor activate request False returned False
[rosout][INFO] 2019-02-27 13:16:59,962: pn_interceptor activate request False returned False
