[rospy.client][INFO] 2012-12-31 16:00:17,471: init_node, name[/swarm_control], pid[2847]
[xmlrpc][INFO] 2012-12-31 16:00:17,473: XML-RPC server binding to 0.0.0.0:0
[rospy.init][INFO] 2012-12-31 16:00:17,475: ROS Slave URI: [http://copter131:44193/]
[xmlrpc][INFO] 2012-12-31 16:00:17,475: Started XML-RPC server [http://copter131:44193/]
[rospy.impl.masterslave][INFO] 2012-12-31 16:00:17,476: _ready: http://copter131:44193/
[xmlrpc][INFO] 2012-12-31 16:00:17,479: xml rpc node: starting XML-RPC server
[rospy.registration][INFO] 2012-12-31 16:00:17,480: Registering with master node http://localhost:11311
[rospy.init][INFO] 2012-12-31 16:00:17,576: registered with master
[rospy.rosout][INFO] 2012-12-31 16:00:17,576: initializing /rosout core topic
[rospy.rosout][INFO] 2012-12-31 16:00:17,704: connected to core topic /rosout
[rospy.simtime][INFO] 2019-02-27 13:10:36,387: /use_sim_time is not set, will not subscribe to simulated time [/clock] topic
[rospy.internal][INFO] 2019-02-27 13:10:36,558: topic[/rosout] adding connection to [/rosout], count 0
[rosout][INFO] 2019-02-27 13:10:38,090: Behavior simple_ground_attack successfully registered with ID 16
[rosout][INFO] 2019-02-27 13:10:38,448: Behavior evader successfully registered with ID 15
[rosout][INFO] 2019-02-27 13:10:38,757: Behavior wingman successfully registered with ID 11
[rosout][INFO] 2019-02-27 13:10:38,808: Behavior pn_interceptor successfully registered with ID 5
[rosout][INFO] 2019-02-27 13:10:38,839: Behavior smart_shooter successfully registered with ID 9
[rosout][INFO] 2019-02-27 13:10:38,886: Behavior linear_formation successfully registered with ID 1
[rosout][INFO] 2019-02-27 13:10:39,000: Behavior patrol_box_shooter successfully registered with ID 13
[rospy.internal][INFO] 2019-02-27 13:10:39,021: topic[/swarm_control/behavior_status] adding connection to [http://copter131:57499/], count 0
[rospy.internal][INFO] 2019-02-27 13:10:39,020: topic[/swarm_control/behavior_status] adding connection to [http://copter131:49993/], count 0
[rospy.internal][INFO] 2019-02-27 13:10:39,028: topic[/swarm_control/behavior_status] adding connection to [http://copter131:43505/], count 1
[rosout][INFO] 2019-02-27 13:10:39,036: Behavior swarm_landing_sequencer successfully registered with ID 98
[rospy.internal][INFO] 2019-02-27 13:10:39,039: topic[/swarm_control/behavior_status] adding connection to [http://copter131:55213/], count 3
[rospy.internal][INFO] 2019-02-27 13:10:39,043: topic[/swarm_control/behavior_status] adding connection to [http://copter131:58335/], count 3
[rospy.internal][INFO] 2019-02-27 13:10:39,046: topic[/swarm_control/behavior_status] adding connection to [http://copter131:50031/], count 3
[rospy.internal][INFO] 2019-02-27 13:10:39,055: topic[/swarm_control/behavior_status] adding connection to [http://copter131:45123/], count 4
[rospy.internal][INFO] 2019-02-27 13:10:39,057: topic[/swarm_control/behavior_status] adding connection to [http://copter131:38273/], count 4
[rospy.internal][INFO] 2019-02-27 13:10:39,066: topic[/swarm_control/behavior_status] adding connection to [http://copter131:41432/], count 8
[rospy.internal][INFO] 2019-02-27 13:10:39,071: topic[/swarm_control/behavior_status] adding connection to [http://copter131:46672/], count 9
[rosout][INFO] 2019-02-27 13:10:39,120: Behavior greedy_shooter successfully registered with ID 4
[rosout][INFO] 2019-02-27 13:10:39,140: Behavior independent_transit successfully registered with ID 8
[rosout][INFO] 2019-02-27 13:10:39,162: Subswarm updated to 0
[rosout][INFO] 2019-02-27 13:10:39,163: Swarm state updated to Preflight
[rosout][INFO] 2019-02-27 13:10:39,164: Active swarm behavior updated to standby
[rospy.internal][INFO] 2019-02-27 13:10:39,181: topic[/swarm_control/behavior_status] adding connection to [http://copter131:49639/], count 10
[rospy.internal][INFO] 2019-02-27 13:10:39,253: topic[/swarm_control/subswarm_id] adding connection to [/linear_formation], count 0
[rospy.internal][INFO] 2019-02-27 13:10:39,269: topic[/swarm_control/subswarm_id] adding connection to [/constrained_shooter], count 1
[rospy.internal][INFO] 2019-02-27 13:10:39,282: topic[/autopilot/status] adding connection to [http://copter131:36903/], count 0
[rospy.internal][INFO] 2019-02-27 13:10:39,290: topic[/swarm_control/subswarm_id] adding connection to [/network], count 2
[rospy.internal][INFO] 2019-02-27 13:10:39,301: topic[/swarm_control/subswarm_id] adding connection to [/greedy_shooter], count 3
[rospy.internal][INFO] 2019-02-27 13:10:39,309: topic[/swarm_control/subswarm_id] adding connection to [/simple_ground_attack], count 4
[rospy.internal][INFO] 2019-02-27 13:10:39,317: topic[/swarm_control/subswarm_id] adding connection to [/swarm_tracker], count 5
[rospy.internal][INFO] 2019-02-27 13:10:39,329: topic[/swarm_control/subswarm_id] adding connection to [/evader], count 6
[rospy.internal][INFO] 2019-02-27 13:10:39,334: topic[/swarm_control/subswarm_id] adding connection to [/swarm_landing_sequencer], count 7
[rospy.internal][INFO] 2019-02-27 13:10:39,336: topic[/swarm_control/subswarm_id] adding connection to [/patrol_box_shooter], count 8
[rospy.internal][INFO] 2019-02-27 13:10:39,349: topic[/swarm_control/subswarm_id] adding connection to [/pn_interceptor], count 9
[rospy.internal][INFO] 2019-02-27 13:10:39,354: topic[/swarm_control/subswarm_id] adding connection to [/wingman], count 10
[rospy.internal][INFO] 2019-02-27 13:10:39,359: topic[/swarm_control/swarm_state] adding connection to [/swarm_tracker], count 0
[rospy.internal][INFO] 2019-02-27 13:10:39,360: topic[/swarm_control/subswarm_id] adding connection to [/independent_transit], count 11
[rospy.internal][INFO] 2019-02-27 13:10:39,364: topic[/swarm_control/subswarm_id] adding connection to [/smart_shooter], count 12
[rospy.internal][INFO] 2019-02-27 13:10:39,376: topic[/swarm_control/ap_intent] adding connection to [/linear_formation], count 0
[rospy.internal][INFO] 2019-02-27 13:10:39,378: topic[/swarm_control/swarm_behavior] adding connection to [/swarm_tracker], count 0
[rospy.internal][INFO] 2019-02-27 13:10:39,380: topic[/swarm_control/ap_intent] adding connection to [/constrained_shooter], count 1
[rospy.internal][INFO] 2019-02-27 13:10:39,381: topic[/swarm_control/ap_intent] adding connection to [/greedy_shooter], count 2
[rospy.internal][INFO] 2019-02-27 13:10:39,393: topic[/swarm_control/swarm_state] adding connection to [/network], count 1
[rospy.internal][INFO] 2019-02-27 13:10:39,398: topic[/swarm_control/ap_intent] adding connection to [/simple_ground_attack], count 3
[rospy.internal][INFO] 2019-02-27 13:10:39,407: topic[/swarm_control/ap_intent] adding connection to [/patrol_box_shooter], count 4
[rospy.internal][INFO] 2019-02-27 13:10:39,409: topic[/swarm_control/ap_intent] adding connection to [/pn_interceptor], count 5
[rospy.internal][INFO] 2019-02-27 13:10:39,412: topic[/swarm_control/ap_intent] adding connection to [/swarm_landing_sequencer], count 6
[rospy.internal][INFO] 2019-02-27 13:10:39,417: topic[/swarm_control/ap_intent] adding connection to [/smart_shooter], count 7
[rospy.internal][INFO] 2019-02-27 13:10:39,419: topic[/swarm_control/ap_intent] adding connection to [/independent_transit], count 8
[rospy.internal][INFO] 2019-02-27 13:10:39,422: topic[/autopilot/mode_num] adding connection to [/autopilot], count 0
[rosout][INFO] 2019-02-27 13:10:39,423: Behavior constrained_shooter successfully registered with ID 10
[rospy.internal][INFO] 2019-02-27 13:10:39,430: topic[/swarm_control/ap_intent] adding connection to [/evader], count 9
[rospy.internal][INFO] 2019-02-27 13:10:39,433: topic[/autopilot/waypoint_goto] adding connection to [/autopilot], count 0
[rospy.internal][INFO] 2019-02-27 13:10:39,472: topic[/swarm_tracker/swarm_uav_states] adding connection to [http://copter131:56625/], count 0
[rospy.internal][INFO] 2019-02-27 13:10:39,482: topic[/swarm_control/subswarm_id] adding connection to [/patrol_box], count 13
[rospy.internal][INFO] 2019-02-27 13:10:39,488: topic[/swarm_control/ap_intent] adding connection to [/patrol_box], count 10
[rosout][INFO] 2019-02-27 13:10:39,546: Behavior patrol_box successfully registered with ID 12
[rospy.internal][INFO] 2019-02-27 13:10:39,595: topic[/swarm_control/ap_intent] adding connection to [/wingman], count 11
[rospy.internal][INFO] 2019-02-27 13:10:39,598: topic[/swarm_control/swarm_behavior] adding connection to [/network], count 1
[rospy.internal][INFO] 2019-02-27 13:10:39,619: topic[/swarm_control/behavior_status] adding connection to [http://copter131:49255/], count 11
[rospy.internal][INFO] 2019-02-27 13:10:39,622: topic[/swarm_control/subswarm_id] adding connection to [/tactic_interface], count 14
[rospy.internal][INFO] 2019-02-27 13:10:39,636: topic[/swarm_control/ap_intent] adding connection to [/tactic_interface], count 12
[rospy.internal][INFO] 2019-02-27 13:10:39,738: topic[/swarm_control/behavior_status] adding connection to [http://copter131:39710/], count 12
[rosout][INFO] 2019-02-27 13:10:39,743: Behavior tactic_interface successfully registered with ID 14
[rospy.internal][INFO] 2019-02-27 13:10:40,353: topic[/swarm_control/behavior_summary] adding connection to [/network], count 0
[rosout][INFO] 2019-02-27 13:10:44,970: Swarm state updated to Flight Ready
[rosout][WARNING] 2019-02-27 13:11:20,014: Manual reset to new swarm state: Swarm Ready
[rosout][INFO] 2019-02-27 13:11:20,015: Swarm state updated to Swarm Ready
[rosout][INFO] 2019-02-27 13:11:20,097: Active swarm behavior updated to standby
[rosout][INFO] 2019-02-27 13:11:20,099: Subswarm updated to 0
[rosout][INFO] 2019-02-27 13:11:23,072: Subswarm updated to 1
[rosout][INFO] 2019-02-27 13:12:12,576: Active swarm behavior updated to standby
[rosout][INFO] 2019-02-27 13:12:13,586: Active swarm behavior updated to tactic_interface
[rosout][INFO] 2019-02-27 13:12:13,588: tactic_interface behavior successfully activated
[rosout][INFO] 2019-02-27 13:16:09,414: Active swarm behavior updated to standby
[rosout][INFO] 2019-02-27 13:16:09,415: Swarm behavior set to "Standby"
[rosout][INFO] 2019-02-27 13:17:00,058: Active swarm behavior updated to standby
[rosout][INFO] 2019-02-27 13:17:01,070: Active swarm behavior updated to tactic_interface
[rosout][INFO] 2019-02-27 13:17:01,073: tactic_interface behavior successfully activated
