[rospy.client][INFO] 2012-12-31 16:00:17,331: init_node, name[/swarm_tracker], pid[2816]
[xmlrpc][INFO] 2012-12-31 16:00:17,333: XML-RPC server binding to 0.0.0.0:0
[rospy.init][INFO] 2012-12-31 16:00:17,336: ROS Slave URI: [http://copter131:56625/]
[xmlrpc][INFO] 2012-12-31 16:00:17,336: Started XML-RPC server [http://copter131:56625/]
[rospy.impl.masterslave][INFO] 2012-12-31 16:00:17,337: _ready: http://copter131:56625/
[xmlrpc][INFO] 2012-12-31 16:00:17,339: xml rpc node: starting XML-RPC server
[rospy.registration][INFO] 2012-12-31 16:00:17,340: Registering with master node http://localhost:11311
[rospy.init][INFO] 2012-12-31 16:00:17,437: registered with master
[rospy.rosout][INFO] 2012-12-31 16:00:17,437: initializing /rosout core topic
[rospy.rosout][INFO] 2012-12-31 16:00:17,539: connected to core topic /rosout
[rospy.simtime][INFO] 2012-12-31 16:00:17,639: /use_sim_time is not set, will not subscribe to simulated time [/clock] topic
[rospy.internal][INFO] 2019-02-27 13:10:36,358: topic[/rosout] adding connection to [/rosout], count 0
[rospy.internal][INFO] 2019-02-27 13:10:38,764: topic[/autopilot/acs_pose] adding connection to [http://copter131:36903/], count 0
[rospy.internal][INFO] 2019-02-27 13:10:39,284: topic[/swarm_control/subswarm_id] adding connection to [http://copter131:44193/], count 0
[rospy.internal][INFO] 2019-02-27 13:10:39,324: topic[/swarm_control/swarm_state] adding connection to [http://copter131:44193/], count 0
[rospy.internal][INFO] 2019-02-27 13:10:39,351: topic[/swarm_control/swarm_behavior] adding connection to [http://copter131:44193/], count 0
[rospy.internal][INFO] 2019-02-27 13:10:39,380: topic[/autopilot/status] adding connection to [http://copter131:36903/], count 0
[rospy.internal][INFO] 2019-02-27 13:10:39,478: topic[/swarm_tracker/swarm_uav_states] adding connection to [/swarm_control], count 0
[rospy.internal][INFO] 2019-02-27 13:10:39,504: topic[/swarm_tracker/swarm_uav_states] adding connection to [/safety], count 1
[rosout][WARNING] 2019-02-27 13:11:00,063: UAV 131 possible crash: no updates for 6.000000 secs
[rosout][INFO] 2019-02-27 13:11:10,266: Received update to own UAV 131
[rospy.internal][INFO] 2019-02-27 13:12:11,784: topic[/swarm_tracker/swarm_uav_states] adding connection to [/tactic_interface], count 2
[rospy.internal][INFO] 2019-02-27 13:16:09,470: topic[/swarm_tracker/swarm_uav_states] removing connection to /tactic_interface
[rospy.internal][INFO] 2019-02-27 13:16:59,286: topic[/swarm_tracker/swarm_uav_states] adding connection to [/tactic_interface], count 3
