[rospy.client][INFO] 2019-02-27 13:10:37,357: init_node, name[/wingman], pid[3057]
[xmlrpc][INFO] 2019-02-27 13:10:37,373: XML-RPC server binding to 0.0.0.0:0
[xmlrpc][INFO] 2019-02-27 13:10:37,376: Started XML-RPC server [http://copter131:57499/]
[rospy.impl.masterslave][INFO] 2019-02-27 13:10:37,376: _ready: http://copter131:57499/
[rospy.init][INFO] 2019-02-27 13:10:37,376: ROS Slave URI: [http://copter131:57499/]
[xmlrpc][INFO] 2019-02-27 13:10:37,385: xml rpc node: starting XML-RPC server
[rospy.registration][INFO] 2019-02-27 13:10:37,387: Registering with master node http://localhost:11311
[rospy.init][INFO] 2019-02-27 13:10:37,478: registered with master
[rospy.rosout][INFO] 2019-02-27 13:10:37,478: initializing /rosout core topic
[rospy.rosout][INFO] 2019-02-27 13:10:37,505: connected to core topic /rosout
[rospy.simtime][INFO] 2019-02-27 13:10:37,519: /use_sim_time is not set, will not subscribe to simulated time [/clock] topic
[rospy.internal][INFO] 2019-02-27 13:10:37,771: topic[/rosout] adding connection to [/rosout], count 0
[rospy.internal][INFO] 2019-02-27 13:10:38,090: topic[/network/send_swarm_behavior_data] adding connection to [/network], count 0
[rospy.internal][INFO] 2019-02-27 13:10:38,205: topic[/safety/payload_waypoint] adding connection to [/safety], count 0
[rospy.internal][INFO] 2019-02-27 13:10:38,716: topic[/hit_tracker/hit_uavs] adding connection to [http://copter131:59009/], count 0
[rospy.internal][INFO] 2019-02-27 13:10:38,751: topic[/autopilot/acs_pose] adding connection to [http://copter131:36903/], count 0
[rospy.internal][INFO] 2019-02-27 13:10:38,778: topic[/air_to_air/firing_reports] adding connection to [/network], count 0
[rospy.internal][INFO] 2019-02-27 13:10:38,795: topic[/autopilot/waypoint_goto] adding connection to [/autopilot], count 0
[rospy.internal][INFO] 2019-02-27 13:10:39,036: topic[/swarm_control/behavior_status] adding connection to [/swarm_control], count 0
[rospy.internal][INFO] 2019-02-27 13:10:39,227: topic[/autopilot/status] adding connection to [http://copter131:36903/], count 0
[rospy.internal][INFO] 2019-02-27 13:10:39,318: topic[/swarm_control/subswarm_id] adding connection to [http://copter131:44193/], count 0
[rospy.internal][INFO] 2019-02-27 13:10:39,590: topic[/swarm_control/ap_intent] adding connection to [http://copter131:44193/], count 0
[rosout][INFO] 2019-02-27 13:11:20,063: wingman activate request False returned False
[rosout][INFO] 2019-02-27 13:12:12,533: wingman activate request False returned False
[rosout][INFO] 2019-02-27 13:16:09,368: wingman activate request False returned False
[rosout][INFO] 2019-02-27 13:17:00,002: wingman activate request False returned False
