[rospy.client][INFO] 2012-12-31 16:00:20,514: init_node, name[/greedy_shooter], pid[3067]
[xmlrpc][INFO] 2012-12-31 16:00:20,520: XML-RPC server binding to 0.0.0.0:0
[xmlrpc][INFO] 2012-12-31 16:00:20,521: Started XML-RPC server [http://copter131:54935/]
[rospy.impl.masterslave][INFO] 2012-12-31 16:00:20,522: _ready: http://copter131:54935/
[rospy.init][INFO] 2012-12-31 16:00:20,522: ROS Slave URI: [http://copter131:54935/]
[rospy.registration][INFO] 2012-12-31 16:00:20,525: Registering with master node http://localhost:11311
[xmlrpc][INFO] 2012-12-31 16:00:20,525: xml rpc node: starting XML-RPC server
[rospy.registration][INFO] 2012-12-31 16:00:20,526: Registering publisher topic [/safety/payload_waypoint] type [autopilot_bridge/LLA] with master
[rospy.registration][INFO] 2012-12-31 16:00:20,540: registering subscriber topic [/autopilot/status] type [autopilot_bridge/Status] with master
[rospy.internal][INFO] 2012-12-31 16:00:20,598: topic[/safety/payload_waypoint] adding connection to [/safety], count 0
[rospy.init][INFO] 2012-12-31 16:00:20,623: registered with master
[rospy.rosout][INFO] 2012-12-31 16:00:20,624: initializing /rosout core topic
[rospy.rosout][INFO] 2012-12-31 16:00:20,642: connected to core topic /rosout
[rospy.simtime][INFO] 2012-12-31 16:00:20,677: /use_sim_time is not set, will not subscribe to simulated time [/clock] topic
[rospy.internal][INFO] 2012-12-31 16:00:20,874: topic[/rosout] adding connection to [/rosout], count 0
[rospy.internal][INFO] 2012-12-31 16:00:21,043: topic[/network/send_swarm_behavior_data] adding connection to [/network], count 0
[rospy.internal][INFO] 2019-03-21 05:49:19,112: topic[/autopilot/acs_pose] adding connection to [http://copter131:43062/], count 0
[rospy.internal][INFO] 2019-03-21 05:49:19,229: topic[/hit_tracker/hit_uavs] adding connection to [http://copter131:40508/], count 0
[rospy.internal][INFO] 2019-03-21 05:49:19,354: topic[/swarm_control/behavior_status] adding connection to [/swarm_control], count 0
[rospy.internal][INFO] 2019-03-21 05:49:19,372: topic[/air_to_air/firing_reports] adding connection to [/network], count 0
[rospy.internal][INFO] 2019-03-21 05:49:19,392: topic[/autopilot/waypoint_goto] adding connection to [/autopilot], count 0
[rospy.internal][INFO] 2019-03-21 05:49:19,563: topic[/swarm_control/subswarm_id] adding connection to [http://copter131:50014/], count 0
[rospy.internal][INFO] 2019-03-21 05:49:19,813: topic[/autopilot/status] adding connection to [http://copter131:43062/], count 0
[rospy.internal][INFO] 2019-03-21 05:49:20,653: topic[/swarm_control/ap_intent] adding connection to [http://copter131:50014/], count 0
