[rospy.client][INFO] 2012-12-31 16:00:17,659: init_node, name[/swarm_tracker], pid[2751]
[xmlrpc][INFO] 2012-12-31 16:00:17,668: XML-RPC server binding to 0.0.0.0:0
[xmlrpc][INFO] 2012-12-31 16:00:17,669: Started XML-RPC server [http://copter131:50250/]
[rospy.init][INFO] 2012-12-31 16:00:17,669: ROS Slave URI: [http://copter131:50250/]
[rospy.impl.masterslave][INFO] 2012-12-31 16:00:17,684: _ready: http://copter131:50250/
[xmlrpc][INFO] 2012-12-31 16:00:17,690: xml rpc node: starting XML-RPC server
[rospy.registration][INFO] 2012-12-31 16:00:17,691: Registering with master node http://localhost:11311
[rospy.init][INFO] 2012-12-31 16:00:17,786: registered with master
[rospy.rosout][INFO] 2012-12-31 16:00:17,787: initializing /rosout core topic
[rospy.rosout][INFO] 2012-12-31 16:00:17,871: connected to core topic /rosout
[rospy.simtime][INFO] 2012-12-31 16:00:17,957: /use_sim_time is not set, will not subscribe to simulated time [/clock] topic
[rospy.internal][INFO] 2012-12-31 16:00:18,110: topic[/rosout] adding connection to [/rosout], count 0
[rospy.internal][INFO] 2019-03-21 05:49:18,952: topic[/autopilot/acs_pose] adding connection to [http://copter131:43062/], count 0
[rosout][WARNING] 2019-03-21 05:49:19,094: UAV 131 possible crash: no updates for 6.000000 secs
[rosout][INFO] 2019-03-21 05:49:19,245: Received update to own UAV 131
[rospy.internal][INFO] 2019-03-21 05:49:19,275: topic[/swarm_tracker/swarm_uav_states] adding connection to [/swarm_control], count 0
[rospy.internal][INFO] 2019-03-21 05:49:19,527: topic[/swarm_control/subswarm_id] adding connection to [http://copter131:50014/], count 0
[rospy.internal][INFO] 2019-03-21 05:49:19,604: topic[/swarm_control/swarm_state] adding connection to [http://copter131:50014/], count 0
[rospy.internal][INFO] 2019-03-21 05:49:19,635: topic[/swarm_control/swarm_behavior] adding connection to [http://copter131:50014/], count 0
[rospy.internal][INFO] 2019-03-21 05:49:19,855: topic[/autopilot/status] adding connection to [http://copter131:43062/], count 0
[rospy.internal][INFO] 2019-03-21 05:49:20,211: topic[/swarm_tracker/swarm_uav_states] adding connection to [/safety], count 1
