[rospy.client][INFO] 2012-12-31 16:00:17,543: init_node, name[/swarm_control], pid[2837]
[xmlrpc][INFO] 2012-12-31 16:00:17,545: XML-RPC server binding to 0.0.0.0:0
[rospy.init][INFO] 2012-12-31 16:00:17,547: ROS Slave URI: [http://copter131:50014/]
[xmlrpc][INFO] 2012-12-31 16:00:17,547: Started XML-RPC server [http://copter131:50014/]
[rospy.impl.masterslave][INFO] 2012-12-31 16:00:17,547: _ready: http://copter131:50014/
[xmlrpc][INFO] 2012-12-31 16:00:17,548: xml rpc node: starting XML-RPC server
[rospy.registration][INFO] 2012-12-31 16:00:17,548: Registering with master node http://localhost:11311
[rospy.init][INFO] 2012-12-31 16:00:17,647: registered with master
[rospy.rosout][INFO] 2012-12-31 16:00:17,648: initializing /rosout core topic
[rospy.rosout][INFO] 2012-12-31 16:00:17,793: connected to core topic /rosout
[rospy.simtime][INFO] 2012-12-31 16:00:17,877: /use_sim_time is not set, will not subscribe to simulated time [/clock] topic
[rospy.internal][INFO] 2012-12-31 16:00:17,990: topic[/rosout] adding connection to [/rosout], count 0
[rosout][INFO] 2012-12-31 16:00:21,232: Behavior patrol_box successfully registered with ID 12
[rosout][INFO] 2012-12-31 16:00:21,276: Behavior independent_transit successfully registered with ID 8
[rosout][INFO] 2012-12-31 16:00:21,495: Behavior pn_interceptor successfully registered with ID 5
[rosout][INFO] 2012-12-31 16:00:21,522: Behavior simple_ground_attack successfully registered with ID 16
[rosout][INFO] 2012-12-31 16:00:21,531: Behavior evader successfully registered with ID 15
[rosout][INFO] 2019-03-21 05:49:18,911: Behavior linear_formation successfully registered with ID 1
[rosout][INFO] 2019-03-21 05:49:19,127: Behavior constrained_shooter successfully registered with ID 10
[rosout][INFO] 2019-03-21 05:49:19,131: Behavior swarm_landing_sequencer successfully registered with ID 98
[rosout][INFO] 2019-03-21 05:49:19,214: Behavior smart_shooter successfully registered with ID 9
[rospy.internal][INFO] 2019-03-21 05:49:19,262: topic[/swarm_tracker/swarm_uav_states] adding connection to [http://copter131:50250/], count 0
[rosout][INFO] 2019-03-21 05:49:19,271: Behavior wingman successfully registered with ID 11
[rospy.internal][INFO] 2019-03-21 05:49:19,298: topic[/swarm_control/behavior_status] adding connection to [http://copter131:49195/], count 0
[rospy.internal][INFO] 2019-03-21 05:49:19,298: topic[/swarm_control/behavior_status] adding connection to [http://copter131:51594/], count 0
[rospy.internal][INFO] 2019-03-21 05:49:19,310: topic[/swarm_control/behavior_status] adding connection to [http://copter131:40165/], count 2
[rospy.internal][INFO] 2019-03-21 05:49:19,311: topic[/swarm_control/behavior_status] adding connection to [http://copter131:47192/], count 2
[rosout][INFO] 2019-03-21 05:49:19,329: Behavior greedy_shooter successfully registered with ID 4
[rospy.internal][INFO] 2019-03-21 05:49:19,331: topic[/swarm_control/behavior_status] adding connection to [http://copter131:45117/], count 4
[rospy.internal][INFO] 2019-03-21 05:49:19,332: topic[/swarm_control/behavior_status] adding connection to [http://copter131:50228/], count 4
[rospy.internal][INFO] 2019-03-21 05:49:19,344: topic[/swarm_control/behavior_status] adding connection to [http://copter131:57595/], count 6
[rospy.internal][INFO] 2019-03-21 05:49:19,348: topic[/swarm_control/behavior_status] adding connection to [http://copter131:55607/], count 7
[rospy.internal][INFO] 2019-03-21 05:49:19,349: topic[/swarm_control/behavior_status] adding connection to [http://copter131:54935/], count 7
[rospy.internal][INFO] 2019-03-21 05:49:19,350: topic[/swarm_control/behavior_status] adding connection to [http://copter131:39792/], count 8
[rospy.internal][INFO] 2019-03-21 05:49:19,359: topic[/swarm_control/behavior_status] adding connection to [http://copter131:35999/], count 10
[rospy.internal][INFO] 2019-03-21 05:49:19,367: topic[/swarm_control/behavior_status] adding connection to [http://copter131:46367/], count 11
[rospy.internal][INFO] 2019-03-21 05:49:19,369: topic[/swarm_control/behavior_status] adding connection to [http://copter131:39146/], count 12
[rosout][INFO] 2019-03-21 05:49:19,390: Behavior tactic_interface successfully registered with ID 14
[rosout][INFO] 2019-03-21 05:49:19,436: Subswarm updated to 0
[rosout][INFO] 2019-03-21 05:49:19,437: Swarm state updated to Preflight
[rosout][INFO] 2019-03-21 05:49:19,437: Active swarm behavior updated to standby
[rospy.internal][INFO] 2019-03-21 05:49:19,486: topic[/swarm_control/subswarm_id] adding connection to [/linear_formation], count 0
[rospy.internal][INFO] 2019-03-21 05:49:19,493: topic[/swarm_control/subswarm_id] adding connection to [/constrained_shooter], count 1
[rospy.internal][INFO] 2019-03-21 05:49:19,516: topic[/swarm_control/subswarm_id] adding connection to [/wingman], count 2
[rospy.internal][INFO] 2019-03-21 05:49:19,526: topic[/swarm_control/subswarm_id] adding connection to [/network], count 3
[rospy.internal][INFO] 2019-03-21 05:49:19,543: topic[/swarm_control/subswarm_id] adding connection to [/independent_transit], count 4
[rospy.internal][INFO] 2019-03-21 05:49:19,545: topic[/swarm_control/subswarm_id] adding connection to [/smart_shooter], count 5
[rospy.internal][INFO] 2019-03-21 05:49:19,564: topic[/swarm_control/subswarm_id] adding connection to [/swarm_landing_sequencer], count 6
[rospy.internal][INFO] 2019-03-21 05:49:19,565: topic[/swarm_control/subswarm_id] adding connection to [/swarm_tracker], count 7
[rospy.internal][INFO] 2019-03-21 05:49:19,567: topic[/swarm_control/subswarm_id] adding connection to [/pn_interceptor], count 8
[rospy.internal][INFO] 2019-03-21 05:49:19,579: topic[/swarm_control/subswarm_id] adding connection to [/patrol_box], count 9
[rospy.internal][INFO] 2019-03-21 05:49:19,594: topic[/swarm_control/subswarm_id] adding connection to [/greedy_shooter], count 10
[rospy.internal][INFO] 2019-03-21 05:49:19,608: topic[/swarm_control/subswarm_id] adding connection to [/patrol_box_shooter], count 11
[rospy.internal][INFO] 2019-03-21 05:49:19,613: topic[/swarm_control/ap_intent] adding connection to [/linear_formation], count 0
[rospy.internal][INFO] 2019-03-21 05:49:19,618: topic[/swarm_control/ap_intent] adding connection to [/independent_transit], count 1
[rospy.internal][INFO] 2019-03-21 05:49:19,624: topic[/swarm_control/subswarm_id] adding connection to [/tactic_interface], count 12
[rospy.internal][INFO] 2019-03-21 05:49:19,637: topic[/swarm_control/subswarm_id] adding connection to [/evader], count 13
[rospy.internal][INFO] 2019-03-21 05:49:19,641: topic[/swarm_control/subswarm_id] adding connection to [/simple_ground_attack], count 14
[rospy.internal][INFO] 2019-03-21 05:49:19,643: topic[/swarm_control/swarm_state] adding connection to [/swarm_tracker], count 0
[rospy.internal][INFO] 2019-03-21 05:49:19,645: topic[/swarm_control/swarm_behavior] adding connection to [/network], count 0
[rospy.internal][INFO] 2019-03-21 05:49:19,647: topic[/swarm_control/swarm_behavior] adding connection to [/swarm_tracker], count 1
[rospy.internal][INFO] 2019-03-21 05:49:19,666: topic[/swarm_control/ap_intent] adding connection to [/patrol_box_shooter], count 2
[rospy.internal][INFO] 2019-03-21 05:49:19,672: topic[/swarm_control/ap_intent] adding connection to [/constrained_shooter], count 3
[rospy.internal][INFO] 2019-03-21 05:49:19,687: topic[/swarm_control/ap_intent] adding connection to [/swarm_landing_sequencer], count 4
[rospy.internal][INFO] 2019-03-21 05:49:19,702: topic[/swarm_control/ap_intent] adding connection to [/wingman], count 5
[rospy.internal][INFO] 2019-03-21 05:49:19,704: topic[/swarm_control/behavior_summary] adding connection to [/network], count 0
[rospy.internal][INFO] 2019-03-21 05:49:19,707: topic[/swarm_control/ap_intent] adding connection to [/patrol_box], count 6
[rospy.internal][INFO] 2019-03-21 05:49:19,711: topic[/swarm_control/ap_intent] adding connection to [/tactic_interface], count 7
[rospy.internal][INFO] 2019-03-21 05:49:19,713: topic[/swarm_control/ap_intent] adding connection to [/pn_interceptor], count 8
[rospy.internal][INFO] 2019-03-21 05:49:19,737: topic[/autopilot/waypoint_goto] adding connection to [/autopilot], count 0
[rospy.internal][INFO] 2019-03-21 05:49:19,792: topic[/swarm_control/swarm_state] adding connection to [/network], count 1
[rospy.internal][INFO] 2019-03-21 05:49:19,797: topic[/swarm_control/ap_intent] adding connection to [/smart_shooter], count 9
[rospy.internal][INFO] 2019-03-21 05:49:19,829: topic[/autopilot/status] adding connection to [http://copter131:43062/], count 0
[rosout][INFO] 2019-03-21 05:49:20,191: Behavior patrol_box_shooter successfully registered with ID 13
[rospy.internal][INFO] 2019-03-21 05:49:20,630: topic[/swarm_control/ap_intent] adding connection to [/evader], count 10
[rospy.internal][INFO] 2019-03-21 05:49:20,643: topic[/swarm_control/ap_intent] adding connection to [/simple_ground_attack], count 11
[rospy.internal][INFO] 2019-03-21 05:49:20,649: topic[/autopilot/mode_num] adding connection to [/autopilot], count 0
[rospy.internal][INFO] 2019-03-21 05:49:20,656: topic[/swarm_control/ap_intent] adding connection to [/greedy_shooter], count 12
