[rospy.client][INFO] 2019-03-21 06:46:12,863: init_node, name[/greedy_shooter], pid[3053]
[xmlrpc][INFO] 2019-03-21 06:46:12,864: XML-RPC server binding to 0.0.0.0:0
[xmlrpc][INFO] 2019-03-21 06:46:12,865: Started XML-RPC server [http://copter131:58889/]
[rospy.init][INFO] 2019-03-21 06:46:12,865: ROS Slave URI: [http://copter131:58889/]
[rospy.impl.masterslave][INFO] 2019-03-21 06:46:12,865: _ready: http://copter131:58889/
[rospy.registration][INFO] 2019-03-21 06:46:12,866: Registering with master node http://localhost:11311
[rospy.registration][INFO] 2019-03-21 06:46:12,866: Registering publisher topic [/safety/payload_waypoint] type [autopilot_bridge/LLA] with master
[xmlrpc][INFO] 2019-03-21 06:46:12,867: xml rpc node: starting XML-RPC server
[rospy.registration][INFO] 2019-03-21 06:46:12,870: registering subscriber topic [/autopilot/status] type [autopilot_bridge/Status] with master
[rospy.internal][INFO] 2019-03-21 06:46:12,920: topic[/safety/payload_waypoint] adding connection to [/safety], count 0
[rospy.init][INFO] 2019-03-21 06:46:12,966: registered with master
[rospy.rosout][INFO] 2019-03-21 06:46:12,966: initializing /rosout core topic
[rospy.rosout][INFO] 2019-03-21 06:46:12,970: connected to core topic /rosout
[rospy.simtime][INFO] 2019-03-21 06:46:12,973: /use_sim_time is not set, will not subscribe to simulated time [/clock] topic
[rospy.internal][INFO] 2019-03-21 06:46:13,117: topic[/network/send_swarm_behavior_data] adding connection to [/network], count 0
[rospy.internal][INFO] 2019-03-21 06:46:13,189: topic[/rosout] adding connection to [/rosout], count 0
[rospy.internal][INFO] 2019-03-21 06:46:14,572: topic[/swarm_control/behavior_status] adding connection to [/swarm_control], count 0
[rospy.internal][INFO] 2019-03-21 06:46:14,675: topic[/autopilot/status] adding connection to [http://copter131:59043/], count 0
[rospy.internal][INFO] 2019-03-21 06:46:14,842: topic[/autopilot/acs_pose] adding connection to [http://copter131:59043/], count 0
[rospy.internal][INFO] 2019-03-21 06:46:14,848: topic[/swarm_control/subswarm_id] adding connection to [http://copter131:39935/], count 0
[rospy.internal][INFO] 2019-03-21 06:46:14,899: topic[/swarm_control/ap_intent] adding connection to [http://copter131:39935/], count 0
[rospy.internal][INFO] 2019-03-21 06:46:14,907: topic[/hit_tracker/hit_uavs] adding connection to [http://copter131:52123/], count 0
[rospy.internal][INFO] 2019-03-21 06:46:14,985: topic[/air_to_air/firing_reports] adding connection to [/network], count 0
[rospy.internal][INFO] 2019-03-21 06:46:15,005: topic[/autopilot/waypoint_goto] adding connection to [/autopilot], count 0
