[rospy.client][INFO] 2012-12-31 16:00:16,281: init_node, name[/network], pid[2812]
[xmlrpc][INFO] 2012-12-31 16:00:16,310: XML-RPC server binding to 0.0.0.0:0
[xmlrpc][INFO] 2012-12-31 16:00:16,312: Started XML-RPC server [http://copter131:48892/]
[rospy.init][INFO] 2012-12-31 16:00:16,312: ROS Slave URI: [http://copter131:48892/]
[rospy.impl.masterslave][INFO] 2012-12-31 16:00:16,312: _ready: http://copter131:48892/
[xmlrpc][INFO] 2012-12-31 16:00:16,330: xml rpc node: starting XML-RPC server
[rospy.registration][INFO] 2012-12-31 16:00:16,332: Registering with master node http://localhost:11311
[rospy.init][INFO] 2012-12-31 16:00:16,413: registered with master
[rospy.rosout][INFO] 2012-12-31 16:00:16,415: initializing /rosout core topic
[rospy.rosout][INFO] 2012-12-31 16:00:16,450: connected to core topic /rosout
[rospy.simtime][INFO] 2012-12-31 16:00:16,493: /use_sim_time is not set, will not subscribe to simulated time [/clock] topic
[rospy.internal][INFO] 2012-12-31 16:00:16,695: topic[/rosout] adding connection to [/rosout], count 0
[rospy.internal][INFO] 2019-03-21 06:46:12,662: topic[/network/send_swarm_behavior_data] adding connection to [http://copter131:50375/], count 0
[rospy.internal][INFO] 2019-03-21 06:46:12,670: topic[/network/send_swarm_behavior_data] adding connection to [http://copter131:58168/], count 1
[rospy.internal][INFO] 2019-03-21 06:46:12,676: topic[/network/send_swarm_behavior_data] adding connection to [http://copter131:53891/], count 2
[rospy.internal][INFO] 2019-03-21 06:46:12,679: topic[/network/send_swarm_behavior_data] adding connection to [http://copter131:50286/], count 3
[rospy.internal][INFO] 2019-03-21 06:46:12,679: topic[/network/send_swarm_behavior_data] adding connection to [http://copter131:60554/], count 3
[rospy.internal][INFO] 2019-03-21 06:46:12,829: topic[/network/send_swarm_behavior_data] adding connection to [http://copter131:43327/], count 5
[rospy.internal][INFO] 2019-03-21 06:46:12,996: topic[/network/send_swarm_behavior_data] adding connection to [http://copter131:54883/], count 6
[rospy.internal][INFO] 2019-03-21 06:46:13,115: topic[/network/send_swarm_behavior_data] adding connection to [http://copter131:58889/], count 7
[rospy.internal][INFO] 2019-03-21 06:46:13,335: topic[/network/send_swarm_behavior_data] adding connection to [http://copter131:55592/], count 8
[rospy.internal][INFO] 2019-03-21 06:46:13,413: topic[/network/send_swarm_behavior_data] adding connection to [http://copter131:55330/], count 9
[rospy.internal][INFO] 2019-03-21 06:46:13,426: topic[/network/send_swarm_behavior_data] adding connection to [http://copter131:44064/], count 10
[rospy.internal][INFO] 2019-03-21 06:46:13,544: topic[/network/send_swarm_behavior_data] adding connection to [http://copter131:55919/], count 11
[rospy.internal][INFO] 2019-03-21 06:46:13,663: topic[/network/send_swarm_behavior_data] adding connection to [http://copter131:40052/], count 12
[rospy.internal][INFO] 2019-03-21 06:46:14,287: topic[/autopilot/acs_pose] adding connection to [http://copter131:59043/], count 0
[rospy.internal][INFO] 2019-03-21 06:46:14,493: topic[/air_to_air/firing_reports] adding connection to [http://copter131:55592/], count 0
[rospy.internal][INFO] 2019-03-21 06:46:14,627: topic[/autopilot/status] adding connection to [http://copter131:59043/], count 0
[rospy.internal][INFO] 2019-03-21 06:46:14,656: topic[/network/swarm_sub_behavior] adding connection to [http://copter131:50375/], count 0
[rospy.internal][INFO] 2019-03-21 06:46:14,657: topic[/air_to_air/firing_reports] adding connection to [http://copter131:50375/], count 1
[rospy.internal][INFO] 2019-03-21 06:46:14,680: topic[/air_to_air/firing_reports] adding connection to [http://copter131:55330/], count 2
[rospy.internal][INFO] 2019-03-21 06:46:14,694: topic[/air_to_air/firing_reports] adding connection to [http://copter131:54883/], count 3
[rospy.internal][INFO] 2019-03-21 06:46:14,695: topic[/air_to_air/firing_reports] adding connection to [http://copter131:55330/], count 4
[rospy.internal][INFO] 2019-03-21 06:46:14,697: topic[/air_to_air/firing_reports] removing connection to http://copter131:55330/
[rospy.internal][WARNING] 2019-03-21 06:46:14,703: Unknown error initiating TCP/IP socket to copter131:51055 (http://copter131:55330/): Traceback (most recent call last):
  File "/opt/ros/indigo/lib/python2.7/dist-packages/rospy/impl/tcpros_base.py", line 558, in connect
    self.local_endpoint = self.socket.getsockname()
AttributeError: 'NoneType' object has no attribute 'getsockname'

[rospy.internal][INFO] 2019-03-21 06:46:14,706: topic[/air_to_air/firing_reports] adding connection to [http://copter131:60554/], count 4
[rospy.internal][INFO] 2019-03-21 06:46:14,772: topic[/swarm_control/subswarm_id] adding connection to [http://copter131:39935/], count 0
[rospy.internal][INFO] 2019-03-21 06:46:14,874: topic[/swarm_control/swarm_state] adding connection to [http://copter131:39935/], count 0
[rospy.internal][INFO] 2019-03-21 06:46:14,874: topic[/swarm_control/swarm_behavior] adding connection to [http://copter131:39935/], count 0
[rospy.internal][INFO] 2019-03-21 06:46:14,895: topic[/swarm_control/behavior_summary] adding connection to [http://copter131:39935/], count 0
[rospy.internal][INFO] 2019-03-21 06:46:14,983: topic[/air_to_air/firing_reports] adding connection to [http://copter131:58889/], count 5
