[rospy.client][INFO] 2019-03-21 06:46:11,930: init_node, name[/wingman], pid[3099]
[xmlrpc][INFO] 2019-03-21 06:46:11,935: XML-RPC server binding to 0.0.0.0:0
[rospy.init][INFO] 2019-03-21 06:46:11,938: ROS Slave URI: [http://copter131:54883/]
[xmlrpc][INFO] 2019-03-21 06:46:11,937: Started XML-RPC server [http://copter131:54883/]
[rospy.impl.masterslave][INFO] 2019-03-21 06:46:11,938: _ready: http://copter131:54883/
[xmlrpc][INFO] 2019-03-21 06:46:11,939: xml rpc node: starting XML-RPC server
[rospy.registration][INFO] 2019-03-21 06:46:11,941: Registering with master node http://localhost:11311
[rospy.init][INFO] 2019-03-21 06:46:12,038: registered with master
[rospy.rosout][INFO] 2019-03-21 06:46:12,039: initializing /rosout core topic
[rospy.rosout][INFO] 2019-03-21 06:46:12,066: connected to core topic /rosout
[rospy.simtime][INFO] 2019-03-21 06:46:12,078: /use_sim_time is not set, will not subscribe to simulated time [/clock] topic
[rospy.internal][INFO] 2019-03-21 06:46:12,221: topic[/rosout] adding connection to [/rosout], count 0
[rospy.internal][INFO] 2019-03-21 06:46:12,920: topic[/safety/payload_waypoint] adding connection to [/safety], count 0
[rospy.internal][INFO] 2019-03-21 06:46:12,999: topic[/network/send_swarm_behavior_data] adding connection to [/network], count 0
[rospy.internal][INFO] 2019-03-21 06:46:14,510: topic[/autopilot/acs_pose] adding connection to [http://copter131:59043/], count 0
[rospy.internal][INFO] 2019-03-21 06:46:14,572: topic[/swarm_control/behavior_status] adding connection to [/swarm_control], count 0
[rospy.internal][INFO] 2019-03-21 06:46:14,583: topic[/hit_tracker/hit_uavs] adding connection to [http://copter131:52123/], count 0
[rospy.internal][INFO] 2019-03-21 06:46:14,632: topic[/autopilot/status] adding connection to [http://copter131:59043/], count 0
[rospy.internal][INFO] 2019-03-21 06:46:14,697: topic[/air_to_air/firing_reports] adding connection to [/network], count 0
[rospy.internal][INFO] 2019-03-21 06:46:14,705: topic[/autopilot/waypoint_goto] adding connection to [/autopilot], count 0
[rospy.internal][INFO] 2019-03-21 06:46:14,784: topic[/swarm_control/subswarm_id] adding connection to [http://copter131:39935/], count 0
[rospy.internal][INFO] 2019-03-21 06:46:14,879: topic[/swarm_control/ap_intent] adding connection to [http://copter131:39935/], count 0
