[rospy.client][INFO] 2012-12-31 16:00:17,462: init_node, name[/independent_transit], pid[2910]
[xmlrpc][INFO] 2012-12-31 16:00:17,469: XML-RPC server binding to 0.0.0.0:0
[rospy.init][INFO] 2012-12-31 16:00:17,471: ROS Slave URI: [http://copter131:37304/]
[xmlrpc][INFO] 2012-12-31 16:00:17,471: Started XML-RPC server [http://copter131:37304/]
[rospy.impl.masterslave][INFO] 2012-12-31 16:00:17,472: _ready: http://copter131:37304/
[xmlrpc][INFO] 2012-12-31 16:00:17,474: xml rpc node: starting XML-RPC server
[rospy.registration][INFO] 2012-12-31 16:00:17,476: Registering with master node http://localhost:11311
[rospy.init][INFO] 2012-12-31 16:00:17,572: registered with master
[rospy.rosout][INFO] 2012-12-31 16:00:17,572: initializing /rosout core topic
[rospy.rosout][INFO] 2019-03-07 07:54:51,321: connected to core topic /rosout
[rospy.simtime][INFO] 2019-03-07 07:54:51,460: /use_sim_time is not set, will not subscribe to simulated time [/clock] topic
[rospy.internal][INFO] 2019-03-07 07:54:51,621: topic[/rosout] adding connection to [/rosout], count 0
[rospy.internal][INFO] 2019-03-07 07:54:55,173: topic[/autopilot/status] adding connection to [http://copter131:33690/], count 0
[rospy.internal][INFO] 2019-03-07 07:54:55,450: topic[/swarm_control/subswarm_id] adding connection to [http://copter131:34655/], count 0
[rospy.internal][INFO] 2019-03-07 07:54:55,485: topic[/swarm_control/ap_intent] adding connection to [http://copter131:34655/], count 0
[rospy.internal][INFO] 2019-03-07 07:54:55,582: topic[/safety/payload_waypoint] adding connection to [/safety], count 0
[rospy.internal][INFO] 2019-03-07 07:54:55,584: topic[/safety/payload_waypoint] adding connection to [/safety], count 1
[rospy.internal][INFO] 2019-03-07 07:54:55,585: topic[/safety/payload_waypoint] removing connection to /safety
[rospy.internal][INFO] 2019-03-07 07:54:55,589: topic[/safety/payload_waypoint] adding connection to [/safety], count 1
[rospy.internal][INFO] 2019-03-07 07:54:55,590: topic[/safety/payload_waypoint] removing connection to /safety
[rospy.internal][INFO] 2019-03-07 07:54:55,598: topic[/safety/payload_waypoint] adding connection to [/safety], count 1
[rospy.internal][INFO] 2019-03-07 07:54:55,599: topic[/safety/payload_waypoint] removing connection to /safety
[rospy.internal][INFO] 2019-03-07 07:54:55,680: topic[/network/send_swarm_behavior_data] adding connection to [/network], count 0
[rospy.internal][INFO] 2019-03-07 07:54:55,711: topic[/swarm_control/behavior_status] adding connection to [/swarm_control], count 0
