[rospy.client][INFO] 2019-03-07 07:54:52,789: init_node, name[/smart_shooter], pid[3098]
[xmlrpc][INFO] 2019-03-07 07:54:52,817: XML-RPC server binding to 0.0.0.0:0
[xmlrpc][INFO] 2019-03-07 07:54:52,818: Started XML-RPC server [http://copter131:39906/]
[rospy.init][INFO] 2019-03-07 07:54:52,819: ROS Slave URI: [http://copter131:39906/]
[rospy.impl.masterslave][INFO] 2019-03-07 07:54:52,819: _ready: http://copter131:39906/
[xmlrpc][INFO] 2019-03-07 07:54:52,837: xml rpc node: starting XML-RPC server
[rospy.registration][INFO] 2019-03-07 07:54:52,839: Registering with master node http://localhost:11311
[rospy.init][INFO] 2019-03-07 07:54:52,920: registered with master
[rospy.rosout][INFO] 2019-03-07 07:54:52,921: initializing /rosout core topic
[rospy.rosout][INFO] 2019-03-07 07:54:53,938: connected to core topic /rosout
[rospy.simtime][INFO] 2019-03-07 07:54:53,951: /use_sim_time is not set, will not subscribe to simulated time [/clock] topic
[rospy.internal][INFO] 2019-03-07 07:54:54,165: topic[/rosout] adding connection to [/rosout], count 0
[rospy.internal][INFO] 2019-03-07 07:54:54,237: topic[/network/send_swarm_behavior_data] adding connection to [/network], count 0
[rospy.internal][INFO] 2019-03-07 07:54:54,249: topic[/safety/payload_waypoint] adding connection to [/safety], count 0
[rospy.internal][INFO] 2019-03-07 07:54:54,887: topic[/autopilot/acs_pose] adding connection to [http://copter131:33690/], count 0
[rospy.internal][INFO] 2019-03-07 07:54:54,894: topic[/hit_tracker/hit_uavs] adding connection to [http://copter131:43931/], count 0
[rospy.internal][INFO] 2019-03-07 07:54:54,916: topic[/air_to_air/firing_reports] adding connection to [/network], count 0
[rospy.internal][INFO] 2019-03-07 07:54:55,228: topic[/autopilot/status] adding connection to [http://copter131:33690/], count 0
[rospy.internal][INFO] 2019-03-07 07:54:55,335: topic[/swarm_control/behavior_status] adding connection to [/swarm_control], count 0
[rospy.internal][INFO] 2019-03-07 07:54:55,547: topic[/swarm_control/subswarm_id] adding connection to [http://copter131:34655/], count 0
[rospy.internal][INFO] 2019-03-07 07:54:55,575: topic[/swarm_control/ap_intent] adding connection to [http://copter131:34655/], count 0
