[rospy.client][INFO] 2019-03-07 07:54:52,336: init_node, name[/tactic_interface], pid[2990]
[xmlrpc][INFO] 2019-03-07 07:54:52,363: XML-RPC server binding to 0.0.0.0:0
[xmlrpc][INFO] 2019-03-07 07:54:52,364: Started XML-RPC server [http://copter131:39480/]
[rospy.init][INFO] 2019-03-07 07:54:52,364: ROS Slave URI: [http://copter131:39480/]
[rospy.impl.masterslave][INFO] 2019-03-07 07:54:52,365: _ready: http://copter131:39480/
[xmlrpc][INFO] 2019-03-07 07:54:52,382: xml rpc node: starting XML-RPC server
[rospy.registration][INFO] 2019-03-07 07:54:52,382: Registering with master node http://localhost:11311
[rospy.registration][INFO] 2019-03-07 07:54:52,383: Registering publisher topic [/safety/payload_waypoint] type [autopilot_bridge/LLA] with master
[rospy.registration][INFO] 2019-03-07 07:54:55,394: registering subscriber topic [/autopilot/status] type [autopilot_bridge/Status] with master
[rospy.internal][INFO] 2019-03-07 07:54:55,416: topic[/autopilot/status] adding connection to [http://copter131:33690/], count 0
[rospy.init][INFO] 2019-03-07 07:54:55,471: registered with master
[rospy.rosout][INFO] 2019-03-07 07:54:55,472: initializing /rosout core topic
[rospy.rosout][INFO] 2019-03-07 07:54:55,499: connected to core topic /rosout
[rospy.simtime][INFO] 2019-03-07 07:54:55,516: /use_sim_time is not set, will not subscribe to simulated time [/clock] topic
[rospy.internal][INFO] 2019-03-07 07:54:55,600: topic[/safety/payload_waypoint] adding connection to [/safety], count 0
[rospy.internal][INFO] 2019-03-07 07:54:55,707: topic[/swarm_control/ap_intent] adding connection to [http://copter131:34655/], count 0
[rospy.internal][INFO] 2019-03-07 07:54:55,717: topic[/swarm_control/subswarm_id] adding connection to [http://copter131:34655/], count 0
[rospy.internal][INFO] 2019-03-07 07:54:55,743: topic[/rosout] adding connection to [/rosout], count 0
[rospy.internal][INFO] 2019-03-07 07:54:55,792: topic[/autopilot/acs_pose] adding connection to [http://copter131:33690/], count 0
[rospy.internal][INFO] 2019-03-07 07:54:55,795: topic[/hit_tracker/hit_uavs] adding connection to [http://copter131:43931/], count 0
[rospy.internal][INFO] 2019-03-07 07:54:55,799: topic[/swarm_control/behavior_status] adding connection to [/swarm_control], count 0
[rospy.internal][INFO] 2019-03-07 07:54:55,810: topic[/network/send_swarm_behavior_data] adding connection to [/network], count 0
[rospy.internal][INFO] 2019-03-07 07:54:55,885: topic[/network/swarm_sub_behavior] adding connection to [/network], count 0
[rospy.internal][INFO] 2019-03-07 07:54:55,886: topic[/air_to_air/firing_reports] adding connection to [/network], count 0
[rospy.internal][INFO] 2019-03-07 07:54:55,904: topic[/autopilot/waypoint_goto] adding connection to [/autopilot], count 0
