[rospy.client][INFO] 2012-12-31 16:00:16,809: init_node, name[/task_runner], pid[2838]
[xmlrpc][INFO] 2012-12-31 16:00:16,810: XML-RPC server binding to 0.0.0.0:0
[rospy.init][INFO] 2012-12-31 16:00:16,812: ROS Slave URI: [http://copter131:60257/]
[xmlrpc][INFO] 2012-12-31 16:00:16,812: Started XML-RPC server [http://copter131:60257/]
[rospy.impl.masterslave][INFO] 2012-12-31 16:00:16,813: _ready: http://copter131:60257/
[xmlrpc][INFO] 2012-12-31 16:00:16,813: xml rpc node: starting XML-RPC server
[rospy.registration][INFO] 2012-12-31 16:00:16,815: Registering with master node http://localhost:11311
[rospy.init][INFO] 2012-12-31 16:00:16,913: registered with master
[rospy.rosout][INFO] 2012-12-31 16:00:16,913: initializing /rosout core topic
[rospy.rosout][INFO] 2012-12-31 16:00:16,967: connected to core topic /rosout
[rospy.simtime][INFO] 2012-12-31 16:00:17,037: /use_sim_time is not set, will not subscribe to simulated time [/clock] topic
[rospy.internal][INFO] 2012-12-31 16:00:17,224: topic[/rosout] adding connection to [/rosout], count 0
[rosout][INFO] 2019-03-07 07:54:53,837: Task Runner: Starting Event 'on_start'
[rosout][INFO] 2019-03-07 07:54:53,907: Task Runner: Event 'on_start' Task 'Tx Power' Time 0.1s: Succeeded
[rosout][INFO] 2019-03-07 07:54:53,908: Task Runner: Completed Event 'on_start'
[rospy.internal][INFO] 2019-03-07 07:54:55,149: topic[/autopilot/status] adding connection to [http://copter131:33690/], count 0
[rosout][INFO] 2019-03-07 07:54:55,490: Task Runner: Starting Event 'on_status'
[rosout][INFO] 2019-03-07 07:54:55,758: Task Runner: Event 'on_status' Task 'AP Set ID' Time 0.3s: Succeeded
[rosout][INFO] 2019-03-07 07:54:55,759: Task Runner: Completed Event 'on_status'
[rosout][INFO] 2019-03-07 07:54:55,760: Task Runner: Starting Event 'on_arm'
[rosout][INFO] 2019-03-07 07:54:55,760: Task Runner: Completed Event 'on_arm'
