[rospy.client][INFO] 2012-12-31 16:00:16,465: init_node, name[/autopilot], pid[2806]
[xmlrpc][INFO] 2012-12-31 16:00:16,469: XML-RPC server binding to 0.0.0.0:0
[rospy.init][INFO] 2012-12-31 16:00:16,471: ROS Slave URI: [http://copter131:37060/]
[xmlrpc][INFO] 2012-12-31 16:00:16,471: Started XML-RPC server [http://copter131:37060/]
[rospy.impl.masterslave][INFO] 2012-12-31 16:00:16,472: _ready: http://copter131:37060/
[xmlrpc][INFO] 2012-12-31 16:00:16,472: xml rpc node: starting XML-RPC server
[rospy.registration][INFO] 2012-12-31 16:00:16,474: Registering with master node http://localhost:11311
[rospy.init][INFO] 2012-12-31 16:00:16,572: registered with master
[rospy.rosout][INFO] 2012-12-31 16:00:16,572: initializing /rosout core topic
[rospy.rosout][INFO] 2012-12-31 16:00:16,635: connected to core topic /rosout
[rospy.simtime][INFO] 2012-12-31 16:00:16,737: /use_sim_time is not set, will not subscribe to simulated time [/clock] topic
[rospy.internal][INFO] 2012-12-31 16:00:16,909: topic[/rosout] adding connection to [/rosout], count 0
[rosout][INFO] 2012-12-31 16:00:16,934: MAVLinkBridge: Connecting to /dev/ttyACM99 ...
[rosout][INFO] 2012-12-31 16:00:16,947: MAVLinkBridge: Waiting for autopilot heartbeat ...
[rosout][INFO] 2012-12-31 16:00:17,397: MAVLinkBridge: Waiting for usable SYSTEM_TIME ...
[rosout][INFO] 2019-03-21 07:03:52,110: Successfully synced local clock.
[rosout][INFO] 2019-03-21 07:03:52,113: MAVLinkBridge initialized.
[rospy.internal][INFO] 2019-03-21 07:03:54,634: topic[/autopilot/waypoint_goto] adding connection to [http://copter131:33897/], count 0
[rospy.internal][INFO] 2019-03-21 07:03:54,668: topic[/autopilot/heartbeat_onboard] adding connection to [http://copter131:46405/], count 0
[rospy.internal][INFO] 2019-03-21 07:03:54,742: topic[/autopilot/payload_waypoint] adding connection to [http://copter131:46405/], count 0
[rospy.internal][INFO] 2019-03-21 07:03:55,026: topic[/autopilot/status] adding connection to [/independent_transit], count 0
[rospy.internal][INFO] 2019-03-21 07:03:55,045: topic[/autopilot/status] adding connection to [/pn_interceptor], count 1
[rospy.internal][INFO] 2019-03-21 07:03:55,055: topic[/autopilot/status] adding connection to [/task_runner], count 2
[rospy.internal][INFO] 2019-03-21 07:03:55,065: topic[/autopilot/status] adding connection to [/patrol_box_shooter], count 3
[rospy.internal][INFO] 2019-03-21 07:03:55,067: topic[/autopilot/status] adding connection to [/simple_ground_attack], count 4
[rospy.internal][INFO] 2019-03-21 07:03:55,069: topic[/autopilot/status] adding connection to [/evader], count 5
[rospy.internal][INFO] 2019-03-21 07:03:55,071: topic[/autopilot/status] adding connection to [/greedy_shooter], count 6
[rospy.internal][INFO] 2019-03-21 07:03:55,072: topic[/autopilot/status] adding connection to [/smart_shooter], count 7
[rospy.internal][INFO] 2019-03-21 07:03:55,075: topic[/autopilot/status] adding connection to [/linear_formation], count 8
[rospy.internal][INFO] 2019-03-21 07:03:55,083: topic[/autopilot/status] adding connection to [/tactic_interface], count 9
[rospy.internal][INFO] 2019-03-21 07:03:55,092: topic[/autopilot/status] adding connection to [/constrained_shooter], count 10
[rospy.internal][INFO] 2019-03-21 07:03:55,285: topic[/autopilot/waypoint_goto] adding connection to [http://copter131:50385/], count 1
[rospy.internal][INFO] 2019-03-21 07:03:55,286: topic[/autopilot/waypoint_goto] adding connection to [http://copter131:34071/], count 1
[rospy.internal][INFO] 2019-03-21 07:03:55,312: topic[/autopilot/status] adding connection to [/swarm_control], count 11
[rosout][INFO] 2019-03-21 07:03:55,405: ROS srv recvd: fpr_param_set
[rospy.internal][INFO] 2019-03-21 07:03:55,419: topic[/autopilot/status] adding connection to [/swarm_tracker], count 12
[rospy.internal][INFO] 2019-03-21 07:03:55,432: topic[/autopilot/status] adding connection to [/wingman], count 13
[rospy.internal][INFO] 2019-03-21 07:03:55,465: topic[/autopilot/acs_pose] adding connection to [/swarm_tracker], count 0
[rospy.internal][INFO] 2019-03-21 07:03:55,486: topic[/autopilot/status] adding connection to [/network], count 14
[rospy.internal][INFO] 2019-03-21 07:03:55,493: topic[/autopilot/acs_pose] adding connection to [/evader], count 1
[rospy.internal][INFO] 2019-03-21 07:03:55,502: topic[/autopilot/acs_pose] adding connection to [/smart_shooter], count 2
[rospy.internal][INFO] 2019-03-21 07:03:55,515: topic[/autopilot/acs_pose] adding connection to [/red_tracker], count 3
[rospy.internal][INFO] 2019-03-21 07:03:55,526: topic[/autopilot/acs_pose] adding connection to [/safety], count 4
[rospy.internal][INFO] 2019-03-21 07:03:55,528: topic[/autopilot/acs_pose] adding connection to [/patrol_box_shooter], count 5
[rospy.internal][INFO] 2019-03-21 07:03:55,533: topic[/autopilot/acs_pose] adding connection to [/tactic_interface], count 6
[rospy.internal][INFO] 2019-03-21 07:03:55,535: topic[/autopilot/acs_pose] adding connection to [/greedy_shooter], count 7
[rospy.internal][INFO] 2019-03-21 07:03:55,559: topic[/autopilot/acs_pose] adding connection to [/constrained_shooter], count 8
[rospy.internal][INFO] 2019-03-21 07:03:55,694: topic[/autopilot/mode_num] adding connection to [http://copter131:59260/], count 0
[rospy.internal][INFO] 2019-03-21 07:03:55,755: topic[/autopilot/acs_pose] adding connection to [/wingman], count 9
[rospy.internal][INFO] 2019-03-21 07:03:55,784: topic[/autopilot/waypoint_goto] adding connection to [http://copter131:57274/], count 3
[rospy.internal][INFO] 2019-03-21 07:03:55,785: topic[/autopilot/waypoint_goto] adding connection to [http://copter131:59260/], count 3
[rospy.internal][INFO] 2019-03-21 07:03:56,040: topic[/autopilot/status] adding connection to [/patrol_box], count 15
[rospy.internal][INFO] 2019-03-21 07:03:56,056: topic[/autopilot/acs_pose] adding connection to [/patrol_box], count 10
[rospy.internal][INFO] 2019-03-21 07:03:56,059: topic[/autopilot/status] adding connection to [/swarm_landing_sequencer], count 16
[rospy.internal][INFO] 2019-03-21 07:03:56,176: topic[/autopilot/acs_pose] adding connection to [/network], count 11
[rospy.internal][INFO] 2019-03-21 07:03:56,216: topic[/autopilot/waypoint_goto] adding connection to [http://copter131:58480/], count 5
[rospy.internal][INFO] 2019-03-21 07:03:56,483: topic[/autopilot/waypoint_goto] adding connection to [http://copter131:39590/], count 6
[rospy.internal][INFO] 2019-03-21 07:03:56,666: topic[/autopilot/waypoint_goto] adding connection to [http://copter131:59260/], count 7
[rospy.internal][INFO] 2019-03-21 07:03:56,667: topic[/autopilot/waypoint_goto] removing connection to http://copter131:59260/
[rosout][INFO] 2019-03-21 07:04:07,719: MAVLink STATUSTEXT: EKF2 IMU1 is using GPS
[rosout][INFO] 2019-03-21 07:04:09,514: MAVLink STATUSTEXT: EKF2 IMU0 is using GPS
[rospy.internal][INFO] 2019-03-21 07:04:37,989: topic[/autopilot/imu] adding connection to [/altitude_8736_1553177077712], count 0
[rospy.internal][INFO] 2019-03-21 07:04:43,288: topic[/autopilot/imu] removing connection to /altitude_8736_1553177077712
[rospy.internal][INFO] 2019-03-21 07:17:44,086: topic[/autopilot/imu] adding connection to [/altitude_9610_1553177863857], count 1
[rospy.internal][INFO] 2019-03-21 07:20:19,404: topic[/autopilot/imu] adding connection to [/rostopic_20486_1553178019110], count 2
[rospy.internal][INFO] 2019-03-21 07:20:25,364: topic[/autopilot/imu] removing connection to /rostopic_20486_1553178019110
[rospy.internal][INFO] 2019-03-21 07:43:39,609: topic[/autopilot/imu] removing connection to /altitude_9610_1553177863857
[rospy.internal][INFO] 2019-03-21 07:47:52,108: topic[/autopilot/imu] adding connection to [/altitude_6169_1553179671830], count 3
[rospy.internal][INFO] 2019-03-21 07:48:31,503: topic[/autopilot/imu] removing connection to /altitude_6169_1553179671830
[rospy.internal][INFO] 2019-03-21 07:48:36,386: topic[/autopilot/imu] adding connection to [/altitude_9236_1553179716158], count 4
[rospy.internal][INFO] 2019-03-21 07:50:53,201: topic[/autopilot/imu] adding connection to [/altitude_9236_1553179716158], count 5
[rospy.internal][INFO] 2019-03-21 07:50:53,203: topic[/autopilot/imu] removing connection to /altitude_9236_1553179716158
[rospy.internal][INFO] 2019-03-21 07:50:53,507: topic[/autopilot/imu] removing connection to /altitude_9236_1553179716158
[rospy.internal][INFO] 2019-03-21 07:50:57,204: topic[/autopilot/imu] adding connection to [/altitude_18865_1553179856979], count 5
[rospy.internal][INFO] 2019-03-21 07:55:25,960: topic[/autopilot/imu] removing connection to /altitude_18865_1553179856979
[rosout][WARNING] 2019-03-21 07:55:33,128: Inbound TCP/IP connection failed: connection from sender terminated before handshake header received. 0 bytes were received. Please check sender for additional details.
[rospy.internal][ERROR] 2019-03-21 07:55:33,134: Inbound TCP/IP connection failed:
Traceback (most recent call last):
  File "/opt/ros/indigo/lib/python2.7/dist-packages/rospy/impl/tcpros_base.py", line 321, in _tcp_server_callback
    header = read_ros_handshake_header(sock, StringIO(), buff_size)
  File "/opt/ros/indigo/lib/python2.7/dist-packages/rosgraph/network.py", line 362, in read_ros_handshake_header
    raise ROSHandshakeException("connection from sender terminated before handshake header received. %s bytes were received. Please check sender for additional details."%b.tell())
ROSHandshakeException: connection from sender terminated before handshake header received. 0 bytes were received. Please check sender for additional details.

[rospy.internal][INFO] 2019-03-21 07:56:21,059: topic[/autopilot/imu] adding connection to [/altitude_9076_1553180180823], count 6
[rospy.internal][INFO] 2019-03-21 07:56:21,544: topic[/autopilot/imu] removing connection to /altitude_9076_1553180180823
[rospy.internal][INFO] 2019-03-21 07:57:08,723: topic[/autopilot/imu] adding connection to [/altitude_12345_1553180228495], count 7
