[rospy.client][INFO] 2019-03-21 07:03:53,515: init_node, name[/constrained_shooter], pid[3100]
[xmlrpc][INFO] 2019-03-21 07:03:53,537: XML-RPC server binding to 0.0.0.0:0
[xmlrpc][INFO] 2019-03-21 07:03:53,539: Started XML-RPC server [http://copter131:57922/]
[rospy.init][INFO] 2019-03-21 07:03:53,539: ROS Slave URI: [http://copter131:57922/]
[rospy.impl.masterslave][INFO] 2019-03-21 07:03:53,539: _ready: http://copter131:57922/
[xmlrpc][INFO] 2019-03-21 07:03:53,556: xml rpc node: starting XML-RPC server
[rospy.registration][INFO] 2019-03-21 07:03:53,558: Registering with master node http://localhost:11311
[rospy.init][INFO] 2019-03-21 07:03:53,640: registered with master
[rospy.rosout][INFO] 2019-03-21 07:03:53,641: initializing /rosout core topic
[rospy.rosout][INFO] 2019-03-21 07:03:53,687: connected to core topic /rosout
[rospy.simtime][INFO] 2019-03-21 07:03:53,700: /use_sim_time is not set, will not subscribe to simulated time [/clock] topic
[rospy.internal][INFO] 2019-03-21 07:03:53,938: topic[/rosout] adding connection to [/rosout], count 0
[rospy.internal][INFO] 2019-03-21 07:03:54,831: topic[/safety/payload_waypoint] adding connection to [/safety], count 0
[rospy.internal][INFO] 2019-03-21 07:03:55,081: topic[/autopilot/status] adding connection to [http://copter131:37060/], count 0
[rospy.internal][INFO] 2019-03-21 07:03:55,288: topic[/swarm_control/behavior_status] adding connection to [/swarm_control], count 0
[rospy.internal][INFO] 2019-03-21 07:03:55,414: topic[/hit_tracker/hit_uavs] adding connection to [http://copter131:38222/], count 0
[rospy.internal][INFO] 2019-03-21 07:03:55,546: topic[/autopilot/acs_pose] adding connection to [http://copter131:37060/], count 0
[rospy.internal][INFO] 2019-03-21 07:03:55,625: topic[/swarm_control/subswarm_id] adding connection to [http://copter131:59260/], count 0
[rospy.internal][INFO] 2019-03-21 07:03:56,291: topic[/network/send_swarm_behavior_data] adding connection to [/network], count 0
[rospy.internal][INFO] 2019-03-21 07:03:56,328: topic[/air_to_air/firing_reports] adding connection to [/network], count 0
[rospy.internal][INFO] 2019-03-21 07:03:56,631: topic[/swarm_control/ap_intent] adding connection to [http://copter131:59260/], count 0
[rosout][INFO] 2019-03-21 07:13:46,366: constrained_shooter activate request False returned False
