[rospy.client][INFO] 2019-03-21 07:03:54,082: init_node, name[/evader], pid[3163]
[xmlrpc][INFO] 2019-03-21 07:03:54,086: XML-RPC server binding to 0.0.0.0:0
[rospy.init][INFO] 2019-03-21 07:03:54,088: ROS Slave URI: [http://copter131:36485/]
[xmlrpc][INFO] 2019-03-21 07:03:54,088: Started XML-RPC server [http://copter131:36485/]
[rospy.impl.masterslave][INFO] 2019-03-21 07:03:54,089: _ready: http://copter131:36485/
[xmlrpc][INFO] 2019-03-21 07:03:54,091: xml rpc node: starting XML-RPC server
[rospy.registration][INFO] 2019-03-21 07:03:54,093: Registering with master node http://localhost:11311
[rospy.init][INFO] 2019-03-21 07:03:54,189: registered with master
[rospy.rosout][INFO] 2019-03-21 07:03:54,189: initializing /rosout core topic
[rospy.rosout][INFO] 2019-03-21 07:03:54,205: connected to core topic /rosout
[rospy.simtime][INFO] 2019-03-21 07:03:54,217: /use_sim_time is not set, will not subscribe to simulated time [/clock] topic
[rospy.internal][INFO] 2019-03-21 07:03:54,430: topic[/safety/payload_waypoint] adding connection to [/safety], count 0
[rospy.internal][INFO] 2019-03-21 07:03:54,581: topic[/rosout] adding connection to [/rosout], count 0
[rospy.internal][INFO] 2019-03-21 07:03:54,644: topic[/hit_tracker/hit_uavs] adding connection to [http://copter131:38222/], count 0
[rospy.internal][INFO] 2019-03-21 07:03:55,061: topic[/autopilot/status] adding connection to [http://copter131:37060/], count 0
[rospy.internal][INFO] 2019-03-21 07:03:55,263: topic[/swarm_control/behavior_status] adding connection to [/swarm_control], count 0
[rospy.internal][INFO] 2019-03-21 07:03:55,482: topic[/autopilot/acs_pose] adding connection to [http://copter131:37060/], count 0
[rospy.internal][INFO] 2019-03-21 07:03:55,590: topic[/swarm_control/subswarm_id] adding connection to [http://copter131:59260/], count 0
[rospy.internal][INFO] 2019-03-21 07:03:56,276: topic[/network/send_swarm_behavior_data] adding connection to [/network], count 0
[rospy.internal][INFO] 2019-03-21 07:03:56,621: topic[/swarm_control/ap_intent] adding connection to [http://copter131:59260/], count 0
[rosout][INFO] 2019-03-21 07:13:46,402: evader activate request False returned False
