[rospy.client][INFO] 2019-03-21 07:03:53,698: init_node, name[/greedy_shooter], pid[3037]
[xmlrpc][INFO] 2019-03-21 07:03:53,700: XML-RPC server binding to 0.0.0.0:0
[rospy.init][INFO] 2019-03-21 07:03:53,703: ROS Slave URI: [http://copter131:34071/]
[xmlrpc][INFO] 2019-03-21 07:03:53,703: Started XML-RPC server [http://copter131:34071/]
[rospy.impl.masterslave][INFO] 2019-03-21 07:03:53,703: _ready: http://copter131:34071/
[xmlrpc][INFO] 2019-03-21 07:03:53,711: xml rpc node: starting XML-RPC server
[rospy.registration][INFO] 2019-03-21 07:03:53,712: Registering with master node http://localhost:11311
[rospy.registration][INFO] 2019-03-21 07:03:53,717: Registering publisher topic [/safety/payload_waypoint] type [autopilot_bridge/LLA] with master
[rospy.registration][INFO] 2019-03-21 07:03:53,802: registering subscriber topic [/autopilot/status] type [autopilot_bridge/Status] with master
[rospy.internal][INFO] 2019-03-21 07:03:53,880: topic[/safety/payload_waypoint] adding connection to [/safety], count 0
[rospy.init][INFO] 2019-03-21 07:03:53,904: registered with master
[rospy.rosout][INFO] 2019-03-21 07:03:53,905: initializing /rosout core topic
[rospy.rosout][INFO] 2019-03-21 07:03:53,933: connected to core topic /rosout
[rospy.simtime][INFO] 2019-03-21 07:03:53,963: /use_sim_time is not set, will not subscribe to simulated time [/clock] topic
[rospy.internal][INFO] 2019-03-21 07:03:54,165: topic[/rosout] adding connection to [/rosout], count 0
[rospy.internal][INFO] 2019-03-21 07:03:55,049: topic[/autopilot/status] adding connection to [http://copter131:37060/], count 0
[rospy.internal][INFO] 2019-03-21 07:03:55,121: topic[/hit_tracker/hit_uavs] adding connection to [http://copter131:38222/], count 0
[rospy.internal][INFO] 2019-03-21 07:03:55,256: topic[/swarm_control/behavior_status] adding connection to [/swarm_control], count 0
[rospy.internal][INFO] 2019-03-21 07:03:55,290: topic[/autopilot/waypoint_goto] adding connection to [/autopilot], count 0
[rospy.internal][INFO] 2019-03-21 07:03:55,528: topic[/autopilot/acs_pose] adding connection to [http://copter131:37060/], count 0
[rospy.internal][INFO] 2019-03-21 07:03:55,536: topic[/swarm_control/subswarm_id] adding connection to [http://copter131:59260/], count 0
[rospy.internal][INFO] 2019-03-21 07:03:55,660: topic[/swarm_control/ap_intent] adding connection to [http://copter131:59260/], count 0
[rospy.internal][INFO] 2019-03-21 07:03:56,229: topic[/network/send_swarm_behavior_data] adding connection to [/network], count 0
[rospy.internal][INFO] 2019-03-21 07:03:56,331: topic[/air_to_air/firing_reports] adding connection to [/network], count 0
[rosout][INFO] 2019-03-21 07:13:46,320: greedy_shooter activate request False returned False
