[rospy.client][INFO] 2012-12-31 16:00:16,056: init_node, name[/network], pid[2811]
[xmlrpc][INFO] 2012-12-31 16:00:16,059: XML-RPC server binding to 0.0.0.0:0
[rospy.init][INFO] 2012-12-31 16:00:16,068: ROS Slave URI: [http://copter131:43596/]
[xmlrpc][INFO] 2012-12-31 16:00:16,068: Started XML-RPC server [http://copter131:43596/]
[rospy.impl.masterslave][INFO] 2012-12-31 16:00:16,070: _ready: http://copter131:43596/
[xmlrpc][INFO] 2012-12-31 16:00:16,071: xml rpc node: starting XML-RPC server
[rospy.registration][INFO] 2012-12-31 16:00:16,077: Registering with master node http://localhost:11311
[rospy.init][INFO] 2012-12-31 16:00:16,169: registered with master
[rospy.rosout][INFO] 2012-12-31 16:00:16,170: initializing /rosout core topic
[rospy.rosout][INFO] 2012-12-31 16:00:16,206: connected to core topic /rosout
[rospy.simtime][INFO] 2012-12-31 16:00:16,227: /use_sim_time is not set, will not subscribe to simulated time [/clock] topic
[rospy.internal][INFO] 2012-12-31 16:00:16,415: topic[/rosout] adding connection to [/rosout], count 0
[rospy.internal][INFO] 2019-03-21 07:03:55,012: topic[/autopilot/status] adding connection to [http://copter131:37060/], count 0
[rospy.internal][INFO] 2019-03-21 07:03:55,528: topic[/swarm_control/subswarm_id] adding connection to [http://copter131:59260/], count 0
[rospy.internal][INFO] 2019-03-21 07:03:55,679: topic[/swarm_control/behavior_summary] adding connection to [http://copter131:59260/], count 0
[rospy.internal][INFO] 2019-03-21 07:03:56,172: topic[/autopilot/acs_pose] adding connection to [http://copter131:37060/], count 0
[rospy.internal][INFO] 2019-03-21 07:03:56,186: topic[/swarm_control/swarm_state] adding connection to [http://copter131:59260/], count 0
[rospy.internal][INFO] 2019-03-21 07:03:56,212: topic[/network/send_swarm_behavior_data] adding connection to [http://copter131:50779/], count 0
[rospy.internal][INFO] 2019-03-21 07:03:56,226: topic[/network/send_swarm_behavior_data] adding connection to [http://copter131:34071/], count 1
[rospy.internal][INFO] 2019-03-21 07:03:56,240: topic[/network/send_swarm_behavior_data] adding connection to [http://copter131:58480/], count 2
[rospy.internal][INFO] 2019-03-21 07:03:56,248: topic[/network/send_swarm_behavior_data] adding connection to [http://copter131:50385/], count 3
[rospy.internal][INFO] 2019-03-21 07:03:56,255: topic[/network/send_swarm_behavior_data] adding connection to [http://copter131:50945/], count 4
[rospy.internal][INFO] 2019-03-21 07:03:56,270: topic[/network/send_swarm_behavior_data] adding connection to [http://copter131:36485/], count 5
[rospy.internal][INFO] 2019-03-21 07:03:56,274: topic[/network/send_swarm_behavior_data] adding connection to [http://copter131:44844/], count 6
[rospy.internal][INFO] 2019-03-21 07:03:56,280: topic[/network/send_swarm_behavior_data] adding connection to [http://copter131:38256/], count 7
[rospy.internal][INFO] 2019-03-21 07:03:56,288: topic[/network/send_swarm_behavior_data] adding connection to [http://copter131:57922/], count 8
[rospy.internal][INFO] 2019-03-21 07:03:56,297: topic[/network/send_swarm_behavior_data] adding connection to [http://copter131:56259/], count 9
[rospy.internal][INFO] 2019-03-21 07:03:56,304: topic[/network/send_swarm_behavior_data] adding connection to [http://copter131:39590/], count 10
[rospy.internal][INFO] 2019-03-21 07:03:56,306: topic[/network/send_swarm_behavior_data] adding connection to [http://copter131:33897/], count 11
[rospy.internal][INFO] 2019-03-21 07:03:56,318: topic[/air_to_air/firing_reports] adding connection to [http://copter131:57922/], count 0
[rospy.internal][INFO] 2019-03-21 07:03:56,321: topic[/air_to_air/firing_reports] adding connection to [http://copter131:34071/], count 0
[rospy.internal][INFO] 2019-03-21 07:03:56,327: topic[/network/send_swarm_behavior_data] adding connection to [http://copter131:57274/], count 12
[rospy.internal][INFO] 2019-03-21 07:03:56,332: topic[/air_to_air/firing_reports] adding connection to [http://copter131:38256/], count 2
[rospy.internal][INFO] 2019-03-21 07:03:56,336: topic[/air_to_air/firing_reports] adding connection to [http://copter131:57274/], count 3
[rospy.internal][INFO] 2019-03-21 07:03:56,341: topic[/air_to_air/firing_reports] adding connection to [http://copter131:44844/], count 4
[rospy.internal][INFO] 2019-03-21 07:03:56,464: topic[/network/swarm_sub_behavior] adding connection to [http://copter131:39590/], count 0
[rospy.internal][INFO] 2019-03-21 07:03:56,469: topic[/air_to_air/firing_reports] adding connection to [http://copter131:39590/], count 5
[rospy.internal][INFO] 2019-03-21 07:03:56,582: topic[/swarm_control/swarm_behavior] adding connection to [http://copter131:59260/], count 0
