[rospy.client][INFO] 2019-03-21 07:03:52,295: init_node, name[/patrol_box], pid[2938]
[xmlrpc][INFO] 2019-03-21 07:03:52,297: XML-RPC server binding to 0.0.0.0:0
[rospy.init][INFO] 2019-03-21 07:03:52,299: ROS Slave URI: [http://copter131:56259/]
[xmlrpc][INFO] 2019-03-21 07:03:52,299: Started XML-RPC server [http://copter131:56259/]
[rospy.impl.masterslave][INFO] 2019-03-21 07:03:52,300: _ready: http://copter131:56259/
[xmlrpc][INFO] 2019-03-21 07:03:52,300: xml rpc node: starting XML-RPC server
[rospy.registration][INFO] 2019-03-21 07:03:52,302: Registering with master node http://localhost:11311
[rospy.init][INFO] 2019-03-21 07:03:52,400: registered with master
[rospy.rosout][INFO] 2019-03-21 07:03:52,400: initializing /rosout core topic
[rospy.rosout][INFO] 2019-03-21 07:03:52,803: connected to core topic /rosout
[rospy.simtime][INFO] 2019-03-21 07:03:52,914: /use_sim_time is not set, will not subscribe to simulated time [/clock] topic
[rospy.internal][INFO] 2019-03-21 07:03:53,052: topic[/rosout] adding connection to [/rosout], count 0
[rospy.internal][INFO] 2019-03-21 07:03:53,881: topic[/safety/payload_waypoint] adding connection to [/safety], count 0
[rospy.internal][INFO] 2019-03-21 07:03:55,027: topic[/autopilot/status] adding connection to [http://copter131:37060/], count 0
[rospy.internal][INFO] 2019-03-21 07:03:55,287: topic[/swarm_control/behavior_status] adding connection to [/swarm_control], count 0
[rospy.internal][INFO] 2019-03-21 07:03:55,507: topic[/autopilot/acs_pose] adding connection to [http://copter131:37060/], count 0
[rospy.internal][INFO] 2019-03-21 07:03:55,631: topic[/swarm_control/subswarm_id] adding connection to [http://copter131:59260/], count 0
[rospy.internal][INFO] 2019-03-21 07:03:55,675: topic[/swarm_control/ap_intent] adding connection to [http://copter131:59260/], count 0
[rospy.internal][INFO] 2019-03-21 07:03:56,301: topic[/network/send_swarm_behavior_data] adding connection to [/network], count 0
[rosout][INFO] 2019-03-21 07:13:46,383: patrol_box activate request False returned False
