[rospy.client][INFO] 2019-03-21 07:03:54,096: init_node, name[/patrol_box_shooter], pid[3151]
[xmlrpc][INFO] 2019-03-21 07:03:54,098: XML-RPC server binding to 0.0.0.0:0
[rospy.init][INFO] 2019-03-21 07:03:54,100: ROS Slave URI: [http://copter131:44844/]
[xmlrpc][INFO] 2019-03-21 07:03:54,100: Started XML-RPC server [http://copter131:44844/]
[rospy.impl.masterslave][INFO] 2019-03-21 07:03:54,100: _ready: http://copter131:44844/
[xmlrpc][INFO] 2019-03-21 07:03:54,101: xml rpc node: starting XML-RPC server
[rospy.registration][INFO] 2019-03-21 07:03:54,103: Registering with master node http://localhost:11311
[rospy.init][INFO] 2019-03-21 07:03:54,200: registered with master
[rospy.rosout][INFO] 2019-03-21 07:03:54,201: initializing /rosout core topic
[rospy.rosout][INFO] 2019-03-21 07:03:54,217: connected to core topic /rosout
[rospy.simtime][INFO] 2019-03-21 07:03:54,227: /use_sim_time is not set, will not subscribe to simulated time [/clock] topic
[rospy.internal][INFO] 2019-03-21 07:03:54,429: topic[/safety/payload_waypoint] adding connection to [/safety], count 0
[rospy.internal][INFO] 2019-03-21 07:03:54,579: topic[/rosout] adding connection to [/rosout], count 0
[rospy.internal][INFO] 2019-03-21 07:03:55,039: topic[/autopilot/status] adding connection to [http://copter131:37060/], count 0
[rospy.internal][INFO] 2019-03-21 07:03:55,271: topic[/swarm_control/behavior_status] adding connection to [/swarm_control], count 0
[rospy.internal][INFO] 2019-03-21 07:03:55,385: topic[/hit_tracker/hit_uavs] adding connection to [http://copter131:38222/], count 0
[rospy.internal][INFO] 2019-03-21 07:03:55,515: topic[/autopilot/acs_pose] adding connection to [http://copter131:37060/], count 0
[rospy.internal][INFO] 2019-03-21 07:03:55,637: topic[/swarm_control/subswarm_id] adding connection to [http://copter131:59260/], count 0
[rospy.internal][INFO] 2019-03-21 07:03:56,282: topic[/network/send_swarm_behavior_data] adding connection to [/network], count 0
[rospy.internal][INFO] 2019-03-21 07:03:56,352: topic[/air_to_air/firing_reports] adding connection to [/network], count 0
[rospy.internal][INFO] 2019-03-21 07:03:56,613: topic[/swarm_control/ap_intent] adding connection to [http://copter131:59260/], count 0
[rosout][INFO] 2019-03-21 07:13:46,389: patrol_box_shooter activate request False returned False
