[rospy.client][INFO] 2012-12-31 16:00:15,837: init_node, name[/safety], pid[2807]
[xmlrpc][INFO] 2012-12-31 16:00:15,875: XML-RPC server binding to 0.0.0.0:0
[xmlrpc][INFO] 2012-12-31 16:00:15,876: Started XML-RPC server [http://copter131:46405/]
[rospy.init][INFO] 2012-12-31 16:00:15,876: ROS Slave URI: [http://copter131:46405/]
[rospy.impl.masterslave][INFO] 2012-12-31 16:00:15,889: _ready: http://copter131:46405/
[xmlrpc][INFO] 2012-12-31 16:00:15,902: xml rpc node: starting XML-RPC server
[rospy.registration][INFO] 2012-12-31 16:00:15,909: Registering with master node http://localhost:11311
[rospy.init][INFO] 2012-12-31 16:00:15,990: registered with master
[rospy.rosout][INFO] 2012-12-31 16:00:15,991: initializing /rosout core topic
[rospy.rosout][INFO] 2012-12-31 16:00:16,018: connected to core topic /rosout
[rospy.simtime][INFO] 2012-12-31 16:00:16,047: /use_sim_time is not set, will not subscribe to simulated time [/clock] topic
[rospy.internal][INFO] 2012-12-31 16:00:16,292: topic[/rosout] adding connection to [/rosout], count 0
[rospy.internal][INFO] 2019-03-21 07:03:53,440: topic[/safety/payload_waypoint] adding connection to [http://copter131:50779/], count 0
[rospy.internal][INFO] 2019-03-21 07:03:53,596: topic[/safety/payload_rate] adding connection to [http://copter131:33897/], count 0
[rospy.internal][INFO] 2019-03-21 07:03:53,623: topic[/safety/payload_waypoint] adding connection to [http://copter131:33897/], count 1
[rospy.internal][INFO] 2019-03-21 07:03:53,872: topic[/safety/payload_waypoint] adding connection to [http://copter131:56259/], count 2
[rospy.internal][INFO] 2019-03-21 07:03:53,877: topic[/safety/payload_waypoint] adding connection to [http://copter131:34071/], count 3
[rospy.internal][INFO] 2019-03-21 07:03:54,188: topic[/safety/payload_waypoint] adding connection to [http://copter131:58480/], count 4
[rospy.internal][INFO] 2019-03-21 07:03:54,309: topic[/safety/payload_waypoint] adding connection to [http://copter131:50385/], count 5
[rospy.internal][INFO] 2019-03-21 07:03:54,311: topic[/safety/payload_waypoint] adding connection to [http://copter131:50945/], count 6
[rospy.internal][INFO] 2019-03-21 07:03:54,425: topic[/safety/payload_waypoint] adding connection to [http://copter131:36485/], count 7
[rospy.internal][INFO] 2019-03-21 07:03:54,427: topic[/safety/payload_waypoint] adding connection to [http://copter131:44844/], count 8
[rospy.internal][INFO] 2019-03-21 07:03:54,607: topic[/safety/payload_waypoint] adding connection to [http://copter131:38256/], count 9
[rospy.internal][INFO] 2019-03-21 07:03:54,669: topic[/autopilot/heartbeat_onboard] adding connection to [/autopilot], count 0
[rospy.internal][INFO] 2019-03-21 07:03:54,746: topic[/autopilot/payload_waypoint] adding connection to [/autopilot], count 0
[rospy.internal][INFO] 2019-03-21 07:03:54,828: topic[/safety/payload_waypoint] adding connection to [http://copter131:57922/], count 10
[rospy.internal][INFO] 2019-03-21 07:03:54,900: topic[/safety/payload_waypoint] adding connection to [http://copter131:39590/], count 11
[rosout][WARNING] 2019-03-21 07:03:55,190: establishing proxies for ROS /autopliot/ services
[rospy.internal][INFO] 2019-03-21 07:03:55,490: topic[/autopilot/acs_pose] adding connection to [http://copter131:37060/], count 0
[rospy.internal][INFO] 2019-03-21 07:03:55,585: topic[/safety/payload_waypoint] adding connection to [http://copter131:57274/], count 12
[rospy.internal][INFO] 2019-03-21 07:03:55,605: topic[/swarm_tracker/swarm_uav_states] adding connection to [http://copter131:33974/], count 0
