[rospy.client][INFO] 2012-12-31 16:00:16,802: init_node, name[/swarm_tracker], pid[2814]
[xmlrpc][INFO] 2012-12-31 16:00:16,820: XML-RPC server binding to 0.0.0.0:0
[xmlrpc][INFO] 2012-12-31 16:00:16,821: Started XML-RPC server [http://copter131:33974/]
[rospy.impl.masterslave][INFO] 2012-12-31 16:00:16,821: _ready: http://copter131:33974/
[rospy.init][INFO] 2012-12-31 16:00:16,822: ROS Slave URI: [http://copter131:33974/]
[xmlrpc][INFO] 2012-12-31 16:00:16,839: xml rpc node: starting XML-RPC server
[rospy.registration][INFO] 2012-12-31 16:00:16,840: Registering with master node http://localhost:11311
[rospy.init][INFO] 2012-12-31 16:00:16,923: registered with master
[rospy.rosout][INFO] 2012-12-31 16:00:16,924: initializing /rosout core topic
[rospy.rosout][INFO] 2012-12-31 16:00:17,019: connected to core topic /rosout
[rospy.simtime][INFO] 2012-12-31 16:00:17,082: /use_sim_time is not set, will not subscribe to simulated time [/clock] topic
[rospy.internal][INFO] 2012-12-31 16:00:17,322: topic[/rosout] adding connection to [/rosout], count 0
[rospy.internal][INFO] 2019-03-21 07:03:55,395: topic[/autopilot/status] adding connection to [http://copter131:37060/], count 0
[rospy.internal][INFO] 2019-03-21 07:03:55,462: topic[/autopilot/acs_pose] adding connection to [http://copter131:37060/], count 0
[rosout][WARNING] 2019-03-21 07:03:55,479: UAV 131 possible crash: no updates for 6.000000 secs
[rospy.internal][INFO] 2019-03-21 07:03:55,522: topic[/swarm_tracker/swarm_uav_states] adding connection to [/swarm_control], count 0
[rospy.internal][INFO] 2019-03-21 07:03:55,559: topic[/swarm_control/subswarm_id] adding connection to [http://copter131:59260/], count 0
[rosout][INFO] 2019-03-21 07:03:55,591: Received update to own UAV 131
[rospy.internal][INFO] 2019-03-21 07:03:55,609: topic[/swarm_tracker/swarm_uav_states] adding connection to [/safety], count 1
[rospy.internal][INFO] 2019-03-21 07:03:55,890: topic[/swarm_control/swarm_behavior] adding connection to [http://copter131:59260/], count 0
[rospy.internal][INFO] 2019-03-21 07:03:56,589: topic[/swarm_control/swarm_state] adding connection to [http://copter131:59260/], count 0
