[rospy.client][INFO] 2019-03-21 07:03:54,795: init_node, name[/tactic_interface], pid[2983]
[xmlrpc][INFO] 2019-03-21 07:03:54,796: XML-RPC server binding to 0.0.0.0:0
[xmlrpc][INFO] 2019-03-21 07:03:54,797: Started XML-RPC server [http://copter131:39590/]
[rospy.impl.masterslave][INFO] 2019-03-21 07:03:54,797: _ready: http://copter131:39590/
[rospy.init][INFO] 2019-03-21 07:03:54,797: ROS Slave URI: [http://copter131:39590/]
[rospy.registration][INFO] 2019-03-21 07:03:54,799: Registering with master node http://localhost:11311
[xmlrpc][INFO] 2019-03-21 07:03:54,799: xml rpc node: starting XML-RPC server
[rospy.registration][INFO] 2019-03-21 07:03:54,799: Registering publisher topic [/safety/payload_waypoint] type [autopilot_bridge/LLA] with master
[rospy.registration][INFO] 2019-03-21 07:03:54,805: registering subscriber topic [/autopilot/status] type [autopilot_bridge/Status] with master
[rospy.init][INFO] 2019-03-21 07:03:54,899: registered with master
[rospy.rosout][INFO] 2019-03-21 07:03:54,899: initializing /rosout core topic
[rospy.internal][INFO] 2019-03-21 07:03:54,903: topic[/safety/payload_waypoint] adding connection to [/safety], count 0
[rospy.rosout][INFO] 2019-03-21 07:03:54,905: connected to core topic /rosout
[rospy.simtime][INFO] 2019-03-21 07:03:54,909: /use_sim_time is not set, will not subscribe to simulated time [/clock] topic
[rospy.internal][INFO] 2019-03-21 07:03:55,067: topic[/autopilot/status] adding connection to [http://copter131:37060/], count 0
[rospy.internal][INFO] 2019-03-21 07:03:55,198: topic[/rosout] adding connection to [/rosout], count 0
[rospy.internal][INFO] 2019-03-21 07:03:55,288: topic[/swarm_control/behavior_status] adding connection to [/swarm_control], count 0
[rospy.internal][INFO] 2019-03-21 07:03:55,527: topic[/autopilot/acs_pose] adding connection to [http://copter131:37060/], count 0
[rospy.internal][INFO] 2019-03-21 07:03:55,688: topic[/swarm_control/ap_intent] adding connection to [http://copter131:59260/], count 0
[rospy.internal][INFO] 2019-03-21 07:03:55,885: topic[/swarm_control/subswarm_id] adding connection to [http://copter131:59260/], count 0
[rospy.internal][INFO] 2019-03-21 07:03:56,310: topic[/network/send_swarm_behavior_data] adding connection to [/network], count 0
[rospy.internal][INFO] 2019-03-21 07:03:56,381: topic[/hit_tracker/hit_uavs] adding connection to [http://copter131:38222/], count 0
[rospy.internal][INFO] 2019-03-21 07:03:56,470: topic[/network/swarm_sub_behavior] adding connection to [/network], count 0
[rospy.internal][INFO] 2019-03-21 07:03:56,473: topic[/air_to_air/firing_reports] adding connection to [/network], count 0
[rospy.internal][INFO] 2019-03-21 07:03:56,485: topic[/autopilot/waypoint_goto] adding connection to [/autopilot], count 0
[rosout][INFO] 2019-03-21 07:13:46,395: tactic_interface activate request False returned False
