[rospy.client][INFO] 2019-03-21 07:03:53,788: init_node, name[/wingman], pid[3112]
[xmlrpc][INFO] 2019-03-21 07:03:53,789: XML-RPC server binding to 0.0.0.0:0
[rospy.init][INFO] 2019-03-21 07:03:53,791: ROS Slave URI: [http://copter131:57274/]
[xmlrpc][INFO] 2019-03-21 07:03:53,791: Started XML-RPC server [http://copter131:57274/]
[rospy.impl.masterslave][INFO] 2019-03-21 07:03:53,792: _ready: http://copter131:57274/
[xmlrpc][INFO] 2019-03-21 07:03:53,794: xml rpc node: starting XML-RPC server
[rospy.registration][INFO] 2019-03-21 07:03:53,796: Registering with master node http://localhost:11311
[rospy.init][INFO] 2019-03-21 07:03:53,892: registered with master
[rospy.rosout][INFO] 2019-03-21 07:03:53,892: initializing /rosout core topic
[rospy.rosout][INFO] 2019-03-21 07:03:53,918: connected to core topic /rosout
[rospy.simtime][INFO] 2019-03-21 07:03:53,952: /use_sim_time is not set, will not subscribe to simulated time [/clock] topic
[rospy.internal][INFO] 2019-03-21 07:03:54,077: topic[/rosout] adding connection to [/rosout], count 0
[rospy.internal][INFO] 2019-03-21 07:03:55,421: topic[/autopilot/status] adding connection to [http://copter131:37060/], count 0
[rospy.internal][INFO] 2019-03-21 07:03:55,487: topic[/swarm_control/subswarm_id] adding connection to [http://copter131:59260/], count 0
[rospy.internal][INFO] 2019-03-21 07:03:55,595: topic[/safety/payload_waypoint] adding connection to [/safety], count 0
[rospy.internal][INFO] 2019-03-21 07:03:55,679: topic[/swarm_control/ap_intent] adding connection to [http://copter131:59260/], count 0
[rospy.internal][INFO] 2019-03-21 07:03:55,752: topic[/hit_tracker/hit_uavs] adding connection to [http://copter131:38222/], count 0
[rospy.internal][INFO] 2019-03-21 07:03:55,753: topic[/autopilot/acs_pose] adding connection to [http://copter131:37060/], count 0
[rospy.internal][INFO] 2019-03-21 07:03:55,787: topic[/autopilot/waypoint_goto] adding connection to [/autopilot], count 0
[rospy.internal][INFO] 2019-03-21 07:03:55,801: topic[/swarm_control/behavior_status] adding connection to [/swarm_control], count 0
[rospy.internal][INFO] 2019-03-21 07:03:56,331: topic[/network/send_swarm_behavior_data] adding connection to [/network], count 0
[rospy.internal][INFO] 2019-03-21 07:03:56,343: topic[/air_to_air/firing_reports] adding connection to [/network], count 0
[rosout][INFO] 2019-03-21 07:13:46,376: wingman activate request False returned False
