[rospy.client][INFO] 2012-12-31 16:00:15,528: init_node, name[/altitude_sensor], pid[2808]
[xmlrpc][INFO] 2012-12-31 16:00:15,540: XML-RPC server binding to 0.0.0.0:0
[xmlrpc][INFO] 2012-12-31 16:00:15,555: Started XML-RPC server [http://copter131:40772/]
[rospy.init][INFO] 2012-12-31 16:00:15,556: ROS Slave URI: [http://copter131:40772/]
[rospy.impl.masterslave][INFO] 2012-12-31 16:00:15,556: _ready: http://copter131:40772/
[xmlrpc][INFO] 2012-12-31 16:00:15,570: xml rpc node: starting XML-RPC server
[rospy.registration][INFO] 2012-12-31 16:00:15,571: Registering with master node http://localhost:11311
[rospy.init][INFO] 2012-12-31 16:00:15,657: registered with master
[rospy.rosout][INFO] 2012-12-31 16:00:15,657: initializing /rosout core topic
[rospy.rosout][INFO] 2012-12-31 16:00:15,683: connected to core topic /rosout
[rospy.simtime][INFO] 2012-12-31 16:00:15,691: /use_sim_time is not set, will not subscribe to simulated time [/clock] topic
[rospy.internal][INFO] 2012-12-31 16:00:15,945: topic[/rosout] adding connection to [/rosout], count 0
[rospy.internal][INFO] 2019-02-27 12:53:19,137: topic[/tactic_interface/altitude] adding connection to [/rostopic_9777_1551300798866], count 0
[rospy.internal][INFO] 2019-02-27 12:53:22,471: topic[/tactic_interface/altitude] removing connection to /rostopic_9777_1551300798866
[rospy.internal][INFO] 2019-02-27 12:54:12,227: topic[/tactic_interface/altitude] adding connection to [/tactic_interface], count 1
[rospy.internal][INFO] 2019-02-27 12:55:00,233: topic[/tactic_interface/altitude] adding connection to [/rostopic_16207_1551300899961], count 2
[rospy.internal][INFO] 2019-02-27 12:56:00,023: topic[/tactic_interface/altitude] removing connection to /rostopic_16207_1551300899961
[rospy.core][INFO] 2019-02-27 12:59:13,837: signal_shutdown [atexit]
[rospy.internal][INFO] 2019-02-27 12:59:13,846: topic[/tactic_interface/altitude] removing connection to /tactic_interface
[rospy.internal][INFO] 2019-02-27 12:59:13,848: topic[/rosout] removing connection to /rosout
[rospy.impl.masterslave][INFO] 2019-02-27 12:59:13,849: atexit
