[rospy.client][INFO] 2012-12-31 16:00:16,832: init_node, name[/swarm_tracker], pid[2812]
[xmlrpc][INFO] 2012-12-31 16:00:16,835: XML-RPC server binding to 0.0.0.0:0
[rospy.init][INFO] 2012-12-31 16:00:16,837: ROS Slave URI: [http://copter131:35512/]
[xmlrpc][INFO] 2012-12-31 16:00:16,837: Started XML-RPC server [http://copter131:35512/]
[rospy.impl.masterslave][INFO] 2012-12-31 16:00:16,837: _ready: http://copter131:35512/
[xmlrpc][INFO] 2012-12-31 16:00:16,838: xml rpc node: starting XML-RPC server
[rospy.registration][INFO] 2012-12-31 16:00:16,839: Registering with master node http://localhost:11311
[rospy.init][INFO] 2012-12-31 16:00:16,937: registered with master
[rospy.rosout][INFO] 2012-12-31 16:00:16,938: initializing /rosout core topic
[rospy.rosout][INFO] 2012-12-31 16:00:17,488: connected to core topic /rosout
[rospy.simtime][INFO] 2012-12-31 16:00:17,602: /use_sim_time is not set, will not subscribe to simulated time [/clock] topic
[rospy.internal][INFO] 2012-12-31 16:00:17,765: topic[/rosout] adding connection to [/rosout], count 0
[rospy.internal][INFO] 2019-02-27 12:52:01,715: topic[/autopilot/status] adding connection to [http://copter131:47152/], count 0
[rospy.internal][INFO] 2019-02-27 12:52:01,847: topic[/swarm_tracker/swarm_uav_states] adding connection to [/safety], count 0
[rospy.internal][INFO] 2019-02-27 12:52:02,006: topic[/swarm_tracker/swarm_uav_states] adding connection to [/swarm_control], count 1
[rospy.internal][INFO] 2019-02-27 12:52:02,188: topic[/autopilot/acs_pose] adding connection to [http://copter131:47152/], count 0
[rospy.internal][INFO] 2019-02-27 12:52:02,378: topic[/swarm_control/swarm_behavior] adding connection to [http://copter131:41533/], count 0
[rospy.internal][INFO] 2019-02-27 12:52:02,391: topic[/swarm_control/subswarm_id] adding connection to [http://copter131:41533/], count 0
[rospy.internal][INFO] 2019-02-27 12:52:02,395: topic[/swarm_control/swarm_state] adding connection to [http://copter131:41533/], count 0
[rosout][WARNING] 2019-02-27 12:52:27,814: UAV 131 possible crash: no updates for 6.000000 secs
[rosout][INFO] 2019-02-27 12:52:38,486: Received update to own UAV 131
[rospy.internal][INFO] 2019-02-27 12:54:11,661: topic[/swarm_tracker/swarm_uav_states] adding connection to [/tactic_interface], count 2
[rospy.internal][INFO] 2019-02-27 12:54:26,548: topic[/swarm_tracker/swarm_uav_states] removing connection to /tactic_interface
[rospy.internal][INFO] 2019-02-27 12:58:54,980: topic[/swarm_tracker/swarm_uav_states] adding connection to [/tactic_interface], count 3
[rospy.internal][INFO] 2019-02-27 12:59:20,431: topic[/swarm_tracker/swarm_uav_states] removing connection to /tactic_interface
