[rospy.client][INFO] 2012-12-31 16:00:16,697: init_node, name[/task_runner], pid[2835]
[xmlrpc][INFO] 2012-12-31 16:00:16,698: XML-RPC server binding to 0.0.0.0:0
[rospy.init][INFO] 2012-12-31 16:00:16,700: ROS Slave URI: [http://copter131:33174/]
[xmlrpc][INFO] 2012-12-31 16:00:16,700: Started XML-RPC server [http://copter131:33174/]
[rospy.impl.masterslave][INFO] 2012-12-31 16:00:16,701: _ready: http://copter131:33174/
[xmlrpc][INFO] 2012-12-31 16:00:16,701: xml rpc node: starting XML-RPC server
[rospy.registration][INFO] 2012-12-31 16:00:16,703: Registering with master node http://localhost:11311
[rospy.init][INFO] 2012-12-31 16:00:16,801: registered with master
[rospy.rosout][INFO] 2012-12-31 16:00:16,801: initializing /rosout core topic
[rospy.rosout][INFO] 2012-12-31 16:00:16,846: connected to core topic /rosout
[rospy.simtime][INFO] 2012-12-31 16:00:16,898: /use_sim_time is not set, will not subscribe to simulated time [/clock] topic
[rospy.internal][INFO] 2012-12-31 16:00:17,185: topic[/rosout] adding connection to [/rosout], count 0
[rosout][INFO] 2019-02-27 12:52:00,083: Task Runner: Starting Event 'on_start'
[rosout][INFO] 2019-02-27 12:52:00,286: Task Runner: Event 'on_start' Task 'Tx Power' Time 0.2s: Succeeded
[rosout][INFO] 2019-02-27 12:52:00,288: Task Runner: Completed Event 'on_start'
[rospy.internal][INFO] 2019-02-27 12:52:01,738: topic[/autopilot/status] adding connection to [http://copter131:47152/], count 0
[rosout][INFO] 2019-02-27 12:52:02,079: Task Runner: Starting Event 'on_status'
[rosout][INFO] 2019-02-27 12:52:02,342: Task Runner: Event 'on_status' Task 'AP Set ID' Time 0.3s: Succeeded
[rosout][INFO] 2019-02-27 12:52:02,344: Task Runner: Completed Event 'on_status'
[rosout][INFO] 2019-02-27 12:52:19,299: Task Runner: Starting Event 'on_ready'
[rosout][INFO] 2019-02-27 12:52:19,300: Task Runner: Completed Event 'on_ready'
[rosout][INFO] 2019-02-27 12:52:32,429: Task Runner: Starting Event 'on_arm'
[rosout][INFO] 2019-02-27 12:52:32,485: Task Runner: Event 'on_arm' Task 'Tx Power' Time 0.1s: Succeeded
[rosout][INFO] 2019-02-27 12:52:32,487: Task Runner: Completed Event 'on_arm'
