[rospy.client][INFO] 2012-12-31 16:00:15,493: init_node, name[/altitude_sensor], pid[2809]
[xmlrpc][INFO] 2012-12-31 16:00:15,507: XML-RPC server binding to 0.0.0.0:0
[xmlrpc][INFO] 2012-12-31 16:00:15,508: Started XML-RPC server [http://copter131:54266/]
[rospy.init][INFO] 2012-12-31 16:00:15,509: ROS Slave URI: [http://copter131:54266/]
[rospy.impl.masterslave][INFO] 2012-12-31 16:00:15,524: _ready: http://copter131:54266/
[xmlrpc][INFO] 2012-12-31 16:00:15,536: xml rpc node: starting XML-RPC server
[rospy.registration][INFO] 2012-12-31 16:00:15,538: Registering with master node http://localhost:11311
[rospy.init][INFO] 2012-12-31 16:00:15,625: registered with master
[rospy.rosout][INFO] 2012-12-31 16:00:15,626: initializing /rosout core topic
[rospy.rosout][INFO] 2012-12-31 16:00:15,659: connected to core topic /rosout
[rospy.simtime][INFO] 2012-12-31 16:00:15,677: /use_sim_time is not set, will not subscribe to simulated time [/clock] topic
[rospy.internal][INFO] 2012-12-31 16:00:15,892: topic[/rosout] adding connection to [/rosout], count 0
[rospy.internal][INFO] 2019-02-27 13:21:33,560: topic[/tactic_interface/altitude] adding connection to [/tactic_interface], count 0
[rospy.core][INFO] 2019-02-27 13:21:37,440: signal_shutdown [atexit]
[rospy.internal][INFO] 2019-02-27 13:21:37,451: topic[/tactic_interface/altitude] removing connection to /tactic_interface
[rospy.internal][INFO] 2019-02-27 13:21:37,452: topic[/rosout] removing connection to /rosout
[rospy.impl.masterslave][INFO] 2019-02-27 13:21:37,454: atexit
[rospy.client][INFO] 2019-02-27 13:21:38,252: init_node, name[/altitude_sensor], pid[9817]
[xmlrpc][INFO] 2019-02-27 13:21:38,253: XML-RPC server binding to 0.0.0.0:0
[xmlrpc][INFO] 2019-02-27 13:21:38,254: Started XML-RPC server [http://copter131:46908/]
[rospy.init][INFO] 2019-02-27 13:21:38,255: ROS Slave URI: [http://copter131:46908/]
[rospy.impl.masterslave][INFO] 2019-02-27 13:21:38,255: _ready: http://copter131:46908/
[xmlrpc][INFO] 2019-02-27 13:21:38,256: xml rpc node: starting XML-RPC server
[rospy.registration][INFO] 2019-02-27 13:21:38,257: Registering with master node http://localhost:11311
[rospy.init][INFO] 2019-02-27 13:21:38,355: registered with master
[rospy.rosout][INFO] 2019-02-27 13:21:38,356: initializing /rosout core topic
[rospy.rosout][INFO] 2019-02-27 13:21:38,364: connected to core topic /rosout
[rospy.simtime][INFO] 2019-02-27 13:21:38,369: /use_sim_time is not set, will not subscribe to simulated time [/clock] topic
[rospy.internal][INFO] 2019-02-27 13:21:38,428: topic[/tactic_interface/altitude] adding connection to [/tactic_interface], count 0
[rospy.internal][INFO] 2019-02-27 13:21:38,502: topic[/rosout] adding connection to [/rosout], count 0
[rospy.core][INFO] 2019-02-27 13:21:46,138: signal_shutdown [atexit]
[rospy.internal][INFO] 2019-02-27 13:21:46,149: topic[/tactic_interface/altitude] removing connection to /tactic_interface
[rospy.internal][INFO] 2019-02-27 13:21:46,151: topic[/rosout] removing connection to /rosout
[rospy.impl.masterslave][INFO] 2019-02-27 13:21:46,153: atexit
[rospy.client][INFO] 2019-02-27 13:21:46,741: init_node, name[/altitude_sensor], pid[10348]
[xmlrpc][INFO] 2019-02-27 13:21:46,742: XML-RPC server binding to 0.0.0.0:0
[xmlrpc][INFO] 2019-02-27 13:21:46,743: Started XML-RPC server [http://copter131:47696/]
[rospy.init][INFO] 2019-02-27 13:21:46,743: ROS Slave URI: [http://copter131:47696/]
[rospy.impl.masterslave][INFO] 2019-02-27 13:21:46,743: _ready: http://copter131:47696/
[xmlrpc][INFO] 2019-02-27 13:21:46,745: xml rpc node: starting XML-RPC server
[rospy.registration][INFO] 2019-02-27 13:21:46,745: Registering with master node http://localhost:11311
[rospy.init][INFO] 2019-02-27 13:21:46,844: registered with master
[rospy.rosout][INFO] 2019-02-27 13:21:46,844: initializing /rosout core topic
[rospy.rosout][INFO] 2019-02-27 13:21:46,852: connected to core topic /rosout
[rospy.simtime][INFO] 2019-02-27 13:21:46,857: /use_sim_time is not set, will not subscribe to simulated time [/clock] topic
[rospy.internal][INFO] 2019-02-27 13:21:46,937: topic[/tactic_interface/altitude] adding connection to [/tactic_interface], count 0
[rospy.internal][INFO] 2019-02-27 13:21:47,036: topic[/rosout] adding connection to [/rosout], count 0
[rospy.core][INFO] 2019-02-27 13:21:47,978: signal_shutdown [atexit]
[rospy.internal][INFO] 2019-02-27 13:21:47,993: topic[/tactic_interface/altitude] removing connection to /tactic_interface
[rospy.internal][INFO] 2019-02-27 13:21:48,003: topic[/rosout] removing connection to /rosout
[rospy.impl.masterslave][INFO] 2019-02-27 13:21:48,008: atexit
[rospy.client][INFO] 2019-02-27 13:21:48,579: init_node, name[/altitude_sensor], pid[10488]
[xmlrpc][INFO] 2019-02-27 13:21:48,580: XML-RPC server binding to 0.0.0.0:0
[xmlrpc][INFO] 2019-02-27 13:21:48,580: Started XML-RPC server [http://copter131:41173/]
[rospy.init][INFO] 2019-02-27 13:21:48,581: ROS Slave URI: [http://copter131:41173/]
[rospy.impl.masterslave][INFO] 2019-02-27 13:21:48,581: _ready: http://copter131:41173/
[xmlrpc][INFO] 2019-02-27 13:21:48,582: xml rpc node: starting XML-RPC server
[rospy.registration][INFO] 2019-02-27 13:21:48,583: Registering with master node http://localhost:11311
[rospy.init][INFO] 2019-02-27 13:21:48,681: registered with master
[rospy.rosout][INFO] 2019-02-27 13:21:48,682: initializing /rosout core topic
[rospy.rosout][INFO] 2019-02-27 13:21:48,689: connected to core topic /rosout
[rospy.simtime][INFO] 2019-02-27 13:21:48,695: /use_sim_time is not set, will not subscribe to simulated time [/clock] topic
[rospy.internal][INFO] 2019-02-27 13:21:48,750: topic[/tactic_interface/altitude] adding connection to [/tactic_interface], count 0
[rospy.internal][INFO] 2019-02-27 13:21:48,950: topic[/rosout] adding connection to [/rosout], count 0
[rospy.core][INFO] 2019-02-27 13:46:14,221: signal_shutdown [atexit]
[rospy.internal][INFO] 2019-02-27 13:46:14,235: topic[/tactic_interface/altitude] removing connection to /tactic_interface
[rospy.internal][INFO] 2019-02-27 13:46:14,237: topic[/rosout] removing connection to /rosout
[rospy.impl.masterslave][INFO] 2019-02-27 13:46:14,238: atexit
[rospy.client][INFO] 2019-02-27 13:56:03,685: init_node, name[/altitude_sensor], pid[12797]
[xmlrpc][INFO] 2019-02-27 13:56:03,686: XML-RPC server binding to 0.0.0.0:0
[xmlrpc][INFO] 2019-02-27 13:56:03,687: Started XML-RPC server [http://copter131:32989/]
[rospy.init][INFO] 2019-02-27 13:56:03,687: ROS Slave URI: [http://copter131:32989/]
[rospy.impl.masterslave][INFO] 2019-02-27 13:56:03,687: _ready: http://copter131:32989/
[xmlrpc][INFO] 2019-02-27 13:56:03,688: xml rpc node: starting XML-RPC server
[rospy.registration][INFO] 2019-02-27 13:56:03,690: Registering with master node http://localhost:11311
[rospy.init][INFO] 2019-02-27 13:56:03,788: registered with master
[rospy.rosout][INFO] 2019-02-27 13:56:03,788: initializing /rosout core topic
[rospy.rosout][INFO] 2019-02-27 13:56:03,797: connected to core topic /rosout
[rospy.simtime][INFO] 2019-02-27 13:56:03,816: /use_sim_time is not set, will not subscribe to simulated time [/clock] topic
[rospy.internal][INFO] 2019-02-27 13:56:03,877: topic[/tactic_interface/altitude] adding connection to [/tactic_interface], count 0
[rospy.core][INFO] 2019-02-27 13:56:03,913: signal_shutdown [atexit]
[rospy.internal][INFO] 2019-02-27 13:56:03,924: topic[/tactic_interface/altitude] removing connection to /tactic_interface
[rospy.impl.masterslave][INFO] 2019-02-27 13:56:03,926: atexit
[rospy.client][INFO] 2019-02-27 13:56:04,508: init_node, name[/altitude_sensor], pid[12873]
[xmlrpc][INFO] 2019-02-27 13:56:04,509: XML-RPC server binding to 0.0.0.0:0
[xmlrpc][INFO] 2019-02-27 13:56:04,510: Started XML-RPC server [http://copter131:38002/]
[rospy.init][INFO] 2019-02-27 13:56:04,511: ROS Slave URI: [http://copter131:38002/]
[rospy.impl.masterslave][INFO] 2019-02-27 13:56:04,511: _ready: http://copter131:38002/
[xmlrpc][INFO] 2019-02-27 13:56:04,512: xml rpc node: starting XML-RPC server
[rospy.registration][INFO] 2019-02-27 13:56:04,513: Registering with master node http://localhost:11311
[rospy.init][INFO] 2019-02-27 13:56:04,611: registered with master
[rospy.rosout][INFO] 2019-02-27 13:56:04,612: initializing /rosout core topic
[rospy.rosout][INFO] 2019-02-27 13:56:04,619: connected to core topic /rosout
[rospy.simtime][INFO] 2019-02-27 13:56:04,625: /use_sim_time is not set, will not subscribe to simulated time [/clock] topic
[rospy.internal][INFO] 2019-02-27 13:56:04,693: topic[/tactic_interface/altitude] adding connection to [/tactic_interface], count 0
[rospy.internal][INFO] 2019-02-27 13:56:04,789: topic[/rosout] adding connection to [/rosout], count 0
[rospy.core][INFO] 2019-02-27 14:00:46,595: signal_shutdown [atexit]
[rospy.internal][INFO] 2019-02-27 14:00:46,606: topic[/tactic_interface/altitude] removing connection to /tactic_interface
[rospy.internal][INFO] 2019-02-27 14:00:46,615: topic[/rosout] removing connection to /rosout
[rospy.impl.masterslave][INFO] 2019-02-27 14:00:46,616: atexit
[rospy.client][INFO] 2019-02-27 14:00:47,360: init_node, name[/altitude_sensor], pid[30382]
[xmlrpc][INFO] 2019-02-27 14:00:47,361: XML-RPC server binding to 0.0.0.0:0
[xmlrpc][INFO] 2019-02-27 14:00:47,362: Started XML-RPC server [http://copter131:57596/]
[rospy.init][INFO] 2019-02-27 14:00:47,362: ROS Slave URI: [http://copter131:57596/]
[rospy.impl.masterslave][INFO] 2019-02-27 14:00:47,363: _ready: http://copter131:57596/
[xmlrpc][INFO] 2019-02-27 14:00:47,364: xml rpc node: starting XML-RPC server
[rospy.registration][INFO] 2019-02-27 14:00:47,365: Registering with master node http://localhost:11311
[rospy.init][INFO] 2019-02-27 14:00:47,463: registered with master
[rospy.rosout][INFO] 2019-02-27 14:00:47,464: initializing /rosout core topic
[rospy.rosout][INFO] 2019-02-27 14:00:47,473: connected to core topic /rosout
[rospy.simtime][INFO] 2019-02-27 14:00:47,478: /use_sim_time is not set, will not subscribe to simulated time [/clock] topic
[rospy.internal][INFO] 2019-02-27 14:00:47,535: topic[/tactic_interface/altitude] adding connection to [/tactic_interface], count 0
[rospy.internal][INFO] 2019-02-27 14:00:47,698: topic[/rosout] adding connection to [/rosout], count 0
[rospy.core][INFO] 2019-02-27 14:00:49,753: signal_shutdown [atexit]
[rospy.internal][INFO] 2019-02-27 14:00:49,779: topic[/tactic_interface/altitude] removing connection to /tactic_interface
[rospy.internal][INFO] 2019-02-27 14:00:49,784: topic[/rosout] removing connection to /rosout
[rospy.impl.masterslave][INFO] 2019-02-27 14:00:49,786: atexit
[rospy.client][INFO] 2019-02-27 14:00:50,911: init_node, name[/altitude_sensor], pid[30619]
[xmlrpc][INFO] 2019-02-27 14:00:50,912: XML-RPC server binding to 0.0.0.0:0
[xmlrpc][INFO] 2019-02-27 14:00:50,913: Started XML-RPC server [http://copter131:44438/]
[rospy.init][INFO] 2019-02-27 14:00:50,914: ROS Slave URI: [http://copter131:44438/]
[rospy.impl.masterslave][INFO] 2019-02-27 14:00:50,914: _ready: http://copter131:44438/
[xmlrpc][INFO] 2019-02-27 14:00:50,915: xml rpc node: starting XML-RPC server
[rospy.registration][INFO] 2019-02-27 14:00:50,916: Registering with master node http://localhost:11311
[rospy.init][INFO] 2019-02-27 14:00:51,014: registered with master
[rospy.rosout][INFO] 2019-02-27 14:00:51,015: initializing /rosout core topic
[rospy.rosout][INFO] 2019-02-27 14:00:51,023: connected to core topic /rosout
[rospy.simtime][INFO] 2019-02-27 14:00:51,032: /use_sim_time is not set, will not subscribe to simulated time [/clock] topic
[rospy.internal][INFO] 2019-02-27 14:00:51,154: topic[/tactic_interface/altitude] adding connection to [/tactic_interface], count 0
[rospy.internal][INFO] 2019-02-27 14:00:51,256: topic[/rosout] adding connection to [/rosout], count 0
[rospy.core][INFO] 2019-02-27 14:00:51,618: signal_shutdown [atexit]
[rospy.internal][INFO] 2019-02-27 14:00:51,630: topic[/tactic_interface/altitude] removing connection to /tactic_interface
[rospy.internal][INFO] 2019-02-27 14:00:51,633: topic[/rosout] removing connection to /rosout
[rospy.impl.masterslave][INFO] 2019-02-27 14:00:51,635: atexit
[rospy.client][INFO] 2019-02-27 14:00:52,743: init_node, name[/altitude_sensor], pid[30746]
[xmlrpc][INFO] 2019-02-27 14:00:52,744: XML-RPC server binding to 0.0.0.0:0
[xmlrpc][INFO] 2019-02-27 14:00:52,745: Started XML-RPC server [http://copter131:49428/]
[rospy.init][INFO] 2019-02-27 14:00:52,745: ROS Slave URI: [http://copter131:49428/]
[rospy.impl.masterslave][INFO] 2019-02-27 14:00:52,745: _ready: http://copter131:49428/
[xmlrpc][INFO] 2019-02-27 14:00:52,747: xml rpc node: starting XML-RPC server
[rospy.registration][INFO] 2019-02-27 14:00:52,748: Registering with master node http://localhost:11311
[rospy.init][INFO] 2019-02-27 14:00:52,846: registered with master
[rospy.rosout][INFO] 2019-02-27 14:00:52,846: initializing /rosout core topic
[rospy.rosout][INFO] 2019-02-27 14:00:52,853: connected to core topic /rosout
[rospy.simtime][INFO] 2019-02-27 14:00:52,860: /use_sim_time is not set, will not subscribe to simulated time [/clock] topic
[rospy.internal][INFO] 2019-02-27 14:00:52,971: topic[/tactic_interface/altitude] adding connection to [/tactic_interface], count 0
[rospy.internal][INFO] 2019-02-27 14:00:52,974: topic[/rosout] adding connection to [/rosout], count 0
[rospy.core][INFO] 2019-02-27 14:00:54,435: signal_shutdown [atexit]
[rospy.internal][INFO] 2019-02-27 14:00:54,445: topic[/tactic_interface/altitude] removing connection to /tactic_interface
[rospy.internal][INFO] 2019-02-27 14:00:54,449: topic[/rosout] removing connection to /rosout
[rospy.impl.masterslave][INFO] 2019-02-27 14:00:54,451: atexit
[rospy.client][INFO] 2019-02-27 14:00:55,079: init_node, name[/altitude_sensor], pid[30914]
[xmlrpc][INFO] 2019-02-27 14:00:55,080: XML-RPC server binding to 0.0.0.0:0
[xmlrpc][INFO] 2019-02-27 14:00:55,081: Started XML-RPC server [http://copter131:60635/]
[rospy.impl.masterslave][INFO] 2019-02-27 14:00:55,081: _ready: http://copter131:60635/
[rospy.init][INFO] 2019-02-27 14:00:55,081: ROS Slave URI: [http://copter131:60635/]
[xmlrpc][INFO] 2019-02-27 14:00:55,083: xml rpc node: starting XML-RPC server
[rospy.registration][INFO] 2019-02-27 14:00:55,084: Registering with master node http://localhost:11311
[rospy.init][INFO] 2019-02-27 14:00:55,183: registered with master
[rospy.rosout][INFO] 2019-02-27 14:00:55,183: initializing /rosout core topic
[rospy.rosout][INFO] 2019-02-27 14:00:55,191: connected to core topic /rosout
[rospy.simtime][INFO] 2019-02-27 14:00:55,197: /use_sim_time is not set, will not subscribe to simulated time [/clock] topic
[rospy.internal][INFO] 2019-02-27 14:00:55,289: topic[/tactic_interface/altitude] adding connection to [/tactic_interface], count 0
[rospy.internal][INFO] 2019-02-27 14:00:55,492: topic[/rosout] adding connection to [/rosout], count 0
[rospy.core][INFO] 2019-02-27 14:18:32,016: signal_shutdown [atexit]
[rospy.internal][INFO] 2019-02-27 14:18:32,027: topic[/tactic_interface/altitude] removing connection to /tactic_interface
[rospy.internal][INFO] 2019-02-27 14:18:32,028: topic[/rosout] removing connection to /rosout
[rospy.impl.masterslave][INFO] 2019-02-27 14:18:32,029: atexit
[rospy.client][INFO] 2019-02-27 14:18:32,786: init_node, name[/altitude_sensor], pid[32292]
[xmlrpc][INFO] 2019-02-27 14:18:32,787: XML-RPC server binding to 0.0.0.0:0
[xmlrpc][INFO] 2019-02-27 14:18:32,787: Started XML-RPC server [http://copter131:43811/]
[rospy.init][INFO] 2019-02-27 14:18:32,788: ROS Slave URI: [http://copter131:43811/]
[rospy.impl.masterslave][INFO] 2019-02-27 14:18:32,788: _ready: http://copter131:43811/
[xmlrpc][INFO] 2019-02-27 14:18:32,789: xml rpc node: starting XML-RPC server
[rospy.registration][INFO] 2019-02-27 14:18:32,790: Registering with master node http://localhost:11311
[rospy.init][INFO] 2019-02-27 14:18:32,888: registered with master
[rospy.rosout][INFO] 2019-02-27 14:18:32,889: initializing /rosout core topic
[rospy.rosout][INFO] 2019-02-27 14:18:32,896: connected to core topic /rosout
[rospy.simtime][INFO] 2019-02-27 14:18:32,901: /use_sim_time is not set, will not subscribe to simulated time [/clock] topic
[rospy.internal][INFO] 2019-02-27 14:18:32,972: topic[/tactic_interface/altitude] adding connection to [/tactic_interface], count 0
[rospy.internal][INFO] 2019-02-27 14:18:33,140: topic[/rosout] adding connection to [/rosout], count 0
[rospy.core][INFO] 2019-02-27 14:22:32,873: signal_shutdown [atexit]
[rospy.internal][INFO] 2019-02-27 14:22:32,888: topic[/tactic_interface/altitude] removing connection to /tactic_interface
[rospy.internal][INFO] 2019-02-27 14:22:32,889: topic[/rosout] removing connection to /rosout
[rospy.impl.masterslave][INFO] 2019-02-27 14:22:32,894: atexit
[rospy.client][INFO] 2019-02-27 14:22:34,016: init_node, name[/altitude_sensor], pid[15427]
[xmlrpc][INFO] 2019-02-27 14:22:34,017: XML-RPC server binding to 0.0.0.0:0
[xmlrpc][INFO] 2019-02-27 14:22:34,018: Started XML-RPC server [http://copter131:41808/]
[rospy.impl.masterslave][INFO] 2019-02-27 14:22:34,018: _ready: http://copter131:41808/
[rospy.init][INFO] 2019-02-27 14:22:34,018: ROS Slave URI: [http://copter131:41808/]
[xmlrpc][INFO] 2019-02-27 14:22:34,019: xml rpc node: starting XML-RPC server
[rospy.registration][INFO] 2019-02-27 14:22:34,020: Registering with master node http://localhost:11311
[rospy.init][INFO] 2019-02-27 14:22:34,120: registered with master
[rospy.rosout][INFO] 2019-02-27 14:22:34,120: initializing /rosout core topic
[rospy.rosout][INFO] 2019-02-27 14:22:34,127: connected to core topic /rosout
[rospy.simtime][INFO] 2019-02-27 14:22:34,133: /use_sim_time is not set, will not subscribe to simulated time [/clock] topic
[rospy.internal][INFO] 2019-02-27 14:22:34,200: topic[/tactic_interface/altitude] adding connection to [/tactic_interface], count 0
[rospy.internal][INFO] 2019-02-27 14:22:34,262: topic[/rosout] adding connection to [/rosout], count 0
[rospy.core][INFO] 2019-02-27 14:22:34,703: signal_shutdown [atexit]
[rospy.internal][INFO] 2019-02-27 14:22:34,716: topic[/tactic_interface/altitude] removing connection to /tactic_interface
[rospy.internal][INFO] 2019-02-27 14:22:34,719: topic[/rosout] removing connection to /rosout
[rospy.impl.masterslave][INFO] 2019-02-27 14:22:34,721: atexit
[rospy.client][INFO] 2019-02-27 14:22:35,344: init_node, name[/altitude_sensor], pid[15535]
[xmlrpc][INFO] 2019-02-27 14:22:35,344: XML-RPC server binding to 0.0.0.0:0
[xmlrpc][INFO] 2019-02-27 14:22:35,345: Started XML-RPC server [http://copter131:54963/]
[rospy.init][INFO] 2019-02-27 14:22:35,346: ROS Slave URI: [http://copter131:54963/]
[rospy.impl.masterslave][INFO] 2019-02-27 14:22:35,346: _ready: http://copter131:54963/
[xmlrpc][INFO] 2019-02-27 14:22:35,347: xml rpc node: starting XML-RPC server
[rospy.registration][INFO] 2019-02-27 14:22:35,348: Registering with master node http://localhost:11311
[rospy.init][INFO] 2019-02-27 14:22:35,446: registered with master
[rospy.rosout][INFO] 2019-02-27 14:22:35,447: initializing /rosout core topic
[rospy.rosout][INFO] 2019-02-27 14:22:35,454: connected to core topic /rosout
[rospy.simtime][INFO] 2019-02-27 14:22:35,460: /use_sim_time is not set, will not subscribe to simulated time [/clock] topic
[rospy.internal][INFO] 2019-02-27 14:22:35,618: topic[/tactic_interface/altitude] adding connection to [/tactic_interface], count 0
[rospy.core][INFO] 2019-02-27 14:22:35,633: signal_shutdown [atexit]
[rospy.internal][INFO] 2019-02-27 14:22:35,643: topic[/tactic_interface/altitude] removing connection to /tactic_interface
[rospy.impl.masterslave][INFO] 2019-02-27 14:22:35,645: atexit
[rospy.client][INFO] 2019-02-27 14:22:36,276: init_node, name[/altitude_sensor], pid[15615]
[xmlrpc][INFO] 2019-02-27 14:22:36,277: XML-RPC server binding to 0.0.0.0:0
[xmlrpc][INFO] 2019-02-27 14:22:36,278: Started XML-RPC server [http://copter131:42968/]
[rospy.init][INFO] 2019-02-27 14:22:36,278: ROS Slave URI: [http://copter131:42968/]
[rospy.impl.masterslave][INFO] 2019-02-27 14:22:36,279: _ready: http://copter131:42968/
[xmlrpc][INFO] 2019-02-27 14:22:36,280: xml rpc node: starting XML-RPC server
[rospy.registration][INFO] 2019-02-27 14:22:36,281: Registering with master node http://localhost:11311
[rospy.init][INFO] 2019-02-27 14:22:36,379: registered with master
[rospy.rosout][INFO] 2019-02-27 14:22:36,379: initializing /rosout core topic
[rospy.rosout][INFO] 2019-02-27 14:22:36,387: connected to core topic /rosout
[rospy.simtime][INFO] 2019-02-27 14:22:36,396: /use_sim_time is not set, will not subscribe to simulated time [/clock] topic
[rospy.internal][INFO] 2019-02-27 14:22:36,534: topic[/tactic_interface/altitude] adding connection to [/tactic_interface], count 0
[rospy.internal][INFO] 2019-02-27 14:22:36,705: topic[/rosout] adding connection to [/rosout], count 0
[rospy.core][INFO] 2019-02-27 14:25:43,474: signal_shutdown [atexit]
[rospy.internal][INFO] 2019-02-27 14:25:43,495: topic[/tactic_interface/altitude] removing connection to /tactic_interface
[rospy.internal][INFO] 2019-02-27 14:25:43,498: topic[/rosout] removing connection to /rosout
[rospy.impl.masterslave][INFO] 2019-02-27 14:25:43,499: atexit
