[rospy.client][INFO] 2012-12-31 16:00:16,542: init_node, name[/autopilot], pid[2807]
[xmlrpc][INFO] 2012-12-31 16:00:16,571: XML-RPC server binding to 0.0.0.0:0
[xmlrpc][INFO] 2012-12-31 16:00:16,572: Started XML-RPC server [http://copter131:60918/]
[rospy.impl.masterslave][INFO] 2012-12-31 16:00:16,572: _ready: http://copter131:60918/
[rospy.init][INFO] 2012-12-31 16:00:16,576: ROS Slave URI: [http://copter131:60918/]
[xmlrpc][INFO] 2012-12-31 16:00:16,584: xml rpc node: starting XML-RPC server
[rospy.registration][INFO] 2012-12-31 16:00:16,586: Registering with master node http://localhost:11311
[rospy.init][INFO] 2012-12-31 16:00:16,677: registered with master
[rospy.rosout][INFO] 2012-12-31 16:00:16,678: initializing /rosout core topic
[rospy.rosout][INFO] 2012-12-31 16:00:16,742: connected to core topic /rosout
[rospy.simtime][INFO] 2012-12-31 16:00:16,808: /use_sim_time is not set, will not subscribe to simulated time [/clock] topic
[rosout][INFO] 2012-12-31 16:00:16,954: MAVLinkBridge: Connecting to /dev/ttyACM99 ...
[rosout][INFO] 2012-12-31 16:00:16,968: MAVLinkBridge: Waiting for autopilot heartbeat ...
[rospy.internal][INFO] 2012-12-31 16:00:17,099: topic[/rosout] adding connection to [/rosout], count 0
[rosout][INFO] 2012-12-31 16:00:17,888: MAVLinkBridge: Waiting for usable SYSTEM_TIME ...
[rosout][INFO] 2019-02-27 13:20:19,184: Successfully synced local clock.
[rosout][INFO] 2019-02-27 13:20:19,190: MAVLinkBridge initialized.
[rospy.internal][INFO] 2019-02-27 13:20:20,443: topic[/autopilot/waypoint_goto] adding connection to [http://copter131:37510/], count 0
[rospy.internal][INFO] 2019-02-27 13:20:20,574: topic[/autopilot/heartbeat_onboard] adding connection to [http://copter131:47871/], count 0
[rospy.internal][INFO] 2019-02-27 13:20:20,821: topic[/autopilot/payload_waypoint] adding connection to [http://copter131:47871/], count 0
[rospy.internal][INFO] 2019-02-27 13:20:21,272: topic[/autopilot/acs_pose] adding connection to [/network], count 0
[rospy.internal][INFO] 2019-02-27 13:20:21,290: topic[/autopilot/acs_pose] adding connection to [/evader], count 1
[rospy.internal][INFO] 2019-02-27 13:20:21,315: topic[/autopilot/acs_pose] adding connection to [/safety], count 2
[rospy.internal][INFO] 2019-02-27 13:20:21,478: topic[/autopilot/waypoint_goto] adding connection to [http://copter131:53275/], count 1
[rospy.internal][INFO] 2019-02-27 13:20:21,482: topic[/autopilot/heartbeat_ground] adding connection to [http://copter131:39800/], count 0
[rospy.internal][INFO] 2019-02-27 13:20:21,547: topic[/autopilot/acs_pose] adding connection to [/red_tracker], count 3
[rospy.internal][INFO] 2019-02-27 13:20:21,549: topic[/autopilot/acs_pose] adding connection to [/swarm_tracker], count 4
[rospy.internal][INFO] 2019-02-27 13:20:21,699: topic[/autopilot/acs_pose] adding connection to [/constrained_shooter], count 5
[rospy.internal][INFO] 2019-02-27 13:20:21,814: topic[/autopilot/waypoint_goto] adding connection to [http://copter131:38106/], count 2
[rospy.internal][INFO] 2019-02-27 13:20:21,818: topic[/autopilot/mode_num] adding connection to [http://copter131:38106/], count 0
[rosout][INFO] 2019-02-27 13:20:21,842: MAVLink STATUSTEXT: EKF2 IMU1 Origin set to GPS
[rosout][INFO] 2019-02-27 13:20:21,846: MAVLink STATUSTEXT: EKF2 IMU0 Origin set to GPS
[rospy.internal][INFO] 2019-02-27 13:20:22,001: topic[/autopilot/acs_pose] adding connection to [/patrol_box_shooter], count 6
[rospy.internal][INFO] 2019-02-27 13:20:22,049: topic[/autopilot/status] adding connection to [/linear_formation], count 0
[rospy.internal][INFO] 2019-02-27 13:20:22,055: topic[/autopilot/status] adding connection to [/swarm_landing_sequencer], count 1
[rospy.internal][INFO] 2019-02-27 13:20:22,065: topic[/autopilot/status] adding connection to [/evader], count 2
[rospy.internal][INFO] 2019-02-27 13:20:22,073: topic[/autopilot/status] adding connection to [/greedy_shooter], count 3
[rospy.internal][INFO] 2019-02-27 13:20:22,080: topic[/autopilot/status] adding connection to [/task_runner], count 4
[rospy.internal][INFO] 2019-02-27 13:20:22,085: topic[/autopilot/status] adding connection to [/patrol_box], count 5
[rospy.internal][INFO] 2019-02-27 13:20:22,090: topic[/autopilot/status] adding connection to [/simple_ground_attack], count 6
[rospy.internal][INFO] 2019-02-27 13:20:22,094: topic[/autopilot/status] adding connection to [/network], count 7
[rospy.internal][INFO] 2019-02-27 13:20:22,097: topic[/autopilot/status] adding connection to [/swarm_control], count 8
[rospy.internal][INFO] 2019-02-27 13:20:22,104: topic[/autopilot/status] adding connection to [/independent_transit], count 9
[rospy.internal][INFO] 2019-02-27 13:20:22,106: topic[/autopilot/status] adding connection to [/pn_interceptor], count 10
[rospy.internal][INFO] 2019-02-27 13:20:22,108: topic[/autopilot/status] adding connection to [/constrained_shooter], count 11
[rospy.internal][INFO] 2019-02-27 13:20:22,110: topic[/autopilot/status] adding connection to [/wingman], count 12
[rospy.internal][INFO] 2019-02-27 13:20:22,115: topic[/autopilot/status] adding connection to [/patrol_box_shooter], count 13
[rospy.internal][INFO] 2019-02-27 13:20:22,117: topic[/autopilot/status] adding connection to [/swarm_tracker], count 14
[rospy.internal][INFO] 2019-02-27 13:20:22,365: topic[/autopilot/acs_pose] adding connection to [/wingman], count 7
[rospy.internal][INFO] 2019-02-27 13:20:22,396: topic[/autopilot/acs_pose] adding connection to [/tactic_interface], count 8
[rospy.internal][INFO] 2019-02-27 13:20:22,400: topic[/autopilot/status] adding connection to [/tactic_interface], count 15
[rosout][INFO] 2019-02-27 13:20:22,421: ROS srv recvd: slave_setup
[rospy.internal][INFO] 2019-02-27 13:20:22,433: topic[/autopilot/acs_pose] adding connection to [/smart_shooter], count 9
[rospy.internal][INFO] 2019-02-27 13:20:22,442: topic[/autopilot/status] adding connection to [/smart_shooter], count 16
[rospy.internal][INFO] 2019-02-27 13:20:22,449: topic[/autopilot/waypoint_goto] adding connection to [http://copter131:51747/], count 3
[rospy.internal][INFO] 2019-02-27 13:20:22,451: topic[/autopilot/waypoint_goto] adding connection to [http://copter131:49458/], count 4
[rosout][INFO] 2019-02-27 13:20:22,453: ROS srv recvd: fpr_param_set
[rospy.internal][INFO] 2019-02-27 13:20:22,480: topic[/autopilot/acs_pose] adding connection to [/greedy_shooter], count 10
[rospy.internal][INFO] 2019-02-27 13:20:22,526: topic[/autopilot/waypoint_goto] adding connection to [http://copter131:37517/], count 5
[rospy.internal][INFO] 2019-02-27 13:20:22,600: topic[/autopilot/acs_pose] adding connection to [/patrol_box], count 11
[rospy.internal][INFO] 2019-02-27 13:20:22,640: topic[/autopilot/waypoint_goto] adding connection to [http://copter131:50993/], count 6
[rosout][INFO] 2019-02-27 13:20:27,575: ROS srv recvd: fpr_param_setlist
[rosout][INFO] 2019-02-27 13:20:27,586: MAVLink STATUSTEXT: APM:Copter V3.5-dev (f3195c7e)
[rosout][INFO] 2019-02-27 13:20:27,606: MAVLink STATUSTEXT: PX4: 3df5644c NuttX: be6ff61a
[rosout][INFO] 2019-02-27 13:20:27,608: MAVLink STATUSTEXT: Frame: QUAD
[rosout][INFO] 2019-02-27 13:20:27,609: MAVLink STATUSTEXT: PX4v2 003E0023 31355103 33333832
[rospy.internal][INFO] 2019-02-27 13:20:29,142: topic[/autopilot/arm] adding connection to [http://copter131:39800/], count 0
[rosout][INFO] 2019-02-27 13:20:29,146: ROS sub recvd: arm
[rosout][INFO] 2019-02-27 13:20:31,442: ROS srv recvd: slave_setup
[rosout][WARNING] 2019-02-27 13:20:31,583: PARAM ALT_HOLD_RTL doesn't exist
[rosout][INFO] 2019-02-27 13:20:31,600: ROS srv recvd: load_rally
[rosout][INFO] 2019-02-27 13:20:31,610: ROS srv recvd: fpr_rally_setall
[rospy.internal][INFO] 2019-02-27 13:20:37,146: topic[/autopilot/mode_num] adding connection to [http://copter131:39800/], count 1
[rosout][INFO] 2019-02-27 13:20:37,150: Mode settings are for plane.
[rosout][INFO] 2019-02-27 13:20:37,151: Sent mode AUTO (10) to autopilot 
[rosout][INFO] 2019-02-27 13:20:37,151: ROS sub recvd: mode_num
[rosout][INFO] 2019-02-27 13:20:37,828: ROS srv recvd: load_wp
[rosout][INFO] 2019-02-27 13:20:37,840: ROS srv recvd: wp_setall
[rosout][INFO] 2019-02-27 13:20:39,383: MAVLink STATUSTEXT: Flight plan received
[rospy.internal][INFO] 2019-02-27 13:20:39,567: topic[/autopilot/waypoint_goto] adding connection to [http://copter131:39800/], count 7
[rosout][INFO] 2019-02-27 13:20:39,574: ROS sub recvd: waypoint_goto
[rosout][INFO] 2019-02-27 13:20:40,126: ROS srv recvd: wp_getrange
[rosout][INFO] 2019-02-27 13:20:45,265: Mode settings are for copter.
[rosout][INFO] 2019-02-27 13:20:45,268: Sent mode GUIDED (4) to autopilot 
[rosout][INFO] 2019-02-27 13:20:45,270: ROS sub recvd: mode_num
[rosout][INFO] 2019-02-27 13:20:45,782: Mode settings are for copter.
[rosout][INFO] 2019-02-27 13:20:45,787: Sent mode GUIDED (4) to autopilot 
[rosout][INFO] 2019-02-27 13:20:45,789: ROS sub recvd: mode_num
[rosout][INFO] 2019-02-27 13:20:46,297: Mode settings are for copter.
[rosout][INFO] 2019-02-27 13:20:46,299: Sent mode GUIDED (4) to autopilot 
[rosout][INFO] 2019-02-27 13:20:46,301: ROS sub recvd: mode_num
[rospy.internal][INFO] 2019-02-27 13:20:46,890: topic[/autopilot/copter_takeoff] adding connection to [http://copter131:39800/], count 0
[rosout][INFO] 2019-02-27 13:20:46,901: ROS sub recvd: copter_takeoff
[rosout][INFO] 2019-02-27 13:20:51,764: Mode settings are for copter.
[rosout][INFO] 2019-02-27 13:20:51,766: Sent mode AUTO (3) to autopilot 
[rosout][INFO] 2019-02-27 13:20:51,771: ROS sub recvd: mode_num
[rosout][INFO] 2019-02-27 13:20:56,304: ROS sub recvd: waypoint_goto
[rosout][INFO] 2019-02-27 13:20:57,152: ROS srv recvd: wp_getrange
[rosout][INFO] 2019-02-27 13:21:32,313: ROS srv recvd: wp_getlast
[rosout][INFO] 2019-02-27 13:21:33,540: ROS srv recvd: wp_getlast
[rosout][INFO] 2019-02-27 13:21:33,778: ROS sub recvd: waypoint_goto
[rosout][INFO] 2019-02-27 13:21:33,846: ROS srv recvd: wp_getrange
[rospy.internal][INFO] 2019-02-27 13:21:35,399: topic[/autopilot/gps_odom] adding connection to [/radeyeNode_9587_1551302495169], count 0
[rospy.internal][INFO] 2019-02-27 13:21:35,430: topic[/autopilot/gps] adding connection to [/radeyeNode_9587_1551302495169], count 0
[rospy.internal][INFO] 2019-02-27 13:21:48,010: topic[/autopilot/gps] adding connection to [/radeyeNode_9587_1551302495169], count 1
[rospy.internal][INFO] 2019-02-27 13:21:48,013: topic[/autopilot/gps] removing connection to /radeyeNode_9587_1551302495169
[rospy.internal][INFO] 2019-02-27 13:21:48,210: topic[/autopilot/gps] removing connection to /radeyeNode_9587_1551302495169
[rospy.internal][INFO] 2019-02-27 13:21:48,231: topic[/autopilot/gps_odom] removing connection to /radeyeNode_9587_1551302495169
[rosout][INFO] 2019-02-27 13:27:42,284: ROS sub recvd: waypoint_goto
[rosout][INFO] 2019-02-27 13:27:42,843: ROS srv recvd: wp_getrange
[rosout][INFO] 2019-02-27 13:27:46,292: Mode settings are for copter.
[rosout][INFO] 2019-02-27 13:27:46,296: Sent mode STABILIZE (0) to autopilot 
[rosout][INFO] 2019-02-27 13:27:46,302: ROS sub recvd: mode_num
[rosout][INFO] 2019-02-27 13:27:47,924: ROS sub recvd: arm
[rosout][INFO] 2019-02-27 13:27:49,241: ROS sub recvd: arm
[rosout][INFO] 2019-02-27 13:27:49,848: ROS srv recvd: wp_getrange
[rosout][INFO] 2019-02-27 14:00:20,271: ROS sub recvd: arm
[rosout][INFO] 2019-02-27 14:00:23,383: Mode settings are for copter.
[rosout][INFO] 2019-02-27 14:00:23,386: Sent mode GUIDED (4) to autopilot 
[rosout][INFO] 2019-02-27 14:00:23,394: ROS sub recvd: mode_num
[rosout][INFO] 2019-02-27 14:00:23,856: Mode settings are for copter.
[rosout][INFO] 2019-02-27 14:00:23,861: Sent mode GUIDED (4) to autopilot 
[rosout][INFO] 2019-02-27 14:00:23,867: ROS sub recvd: mode_num
[rosout][INFO] 2019-02-27 14:00:24,383: ROS sub recvd: copter_takeoff
[rosout][INFO] 2019-02-27 14:00:29,473: Mode settings are for copter.
[rosout][INFO] 2019-02-27 14:00:29,476: Sent mode AUTO (3) to autopilot 
[rosout][INFO] 2019-02-27 14:00:29,478: ROS sub recvd: mode_num
[rosout][INFO] 2019-02-27 14:00:29,762: ROS srv recvd: wp_getrange
[rosout][INFO] 2019-02-27 14:00:31,706: ROS sub recvd: waypoint_goto
[rosout][INFO] 2019-02-27 14:00:31,778: ROS srv recvd: wp_getrange
[rosout][INFO] 2019-02-27 14:00:42,622: ROS srv recvd: wp_getlast
[rosout][INFO] 2019-02-27 14:00:42,872: ROS sub recvd: waypoint_goto
[rosout][INFO] 2019-02-27 14:00:43,781: ROS srv recvd: wp_getrange
[rospy.internal][INFO] 2019-02-27 14:00:44,520: topic[/autopilot/gps_odom] adding connection to [/radeyeNode_30161_1551304844290], count 1
[rospy.internal][INFO] 2019-02-27 14:00:44,551: topic[/autopilot/gps] adding connection to [/radeyeNode_30161_1551304844290], count 1
[rospy.internal][INFO] 2019-02-27 14:00:55,575: topic[/autopilot/gps_odom] removing connection to /radeyeNode_30161_1551304844290
[rospy.internal][INFO] 2019-02-27 14:00:55,599: topic[/autopilot/gps] removing connection to /radeyeNode_30161_1551304844290
[rosout][INFO] 2019-02-27 14:15:41,350: MAVLink STATUSTEXT: Crash: Disarming
[rosout][INFO] 2019-02-27 14:15:41,749: ROS srv recvd: wp_getrange
[rosout][INFO] 2019-02-27 14:17:48,104: ROS sub recvd: waypoint_goto
[rosout][INFO] 2019-02-27 14:17:48,746: ROS srv recvd: wp_getrange
[rosout][INFO] 2019-02-27 14:18:28,113: ROS srv recvd: wp_getlast
[rosout][INFO] 2019-02-27 14:18:28,378: ROS sub recvd: waypoint_goto
[rosout][INFO] 2019-02-27 14:18:28,761: ROS srv recvd: wp_getrange
[rospy.internal][INFO] 2019-02-27 14:18:29,916: topic[/autopilot/gps_odom] adding connection to [/radeyeNode_32060_1551305909685], count 2
[rospy.internal][INFO] 2019-02-27 14:18:29,948: topic[/autopilot/gps] adding connection to [/radeyeNode_32060_1551305909685], count 2
[rospy.internal][INFO] 2019-02-27 14:18:35,363: topic[/autopilot/gps_odom] removing connection to /radeyeNode_32060_1551305909685
[rospy.internal][INFO] 2019-02-27 14:18:35,370: topic[/autopilot/gps] removing connection to /radeyeNode_32060_1551305909685
[rosout][INFO] 2019-02-27 14:21:49,092: ROS sub recvd: waypoint_goto
[rosout][INFO] 2019-02-27 14:21:49,730: ROS srv recvd: wp_getrange
[rosout][INFO] 2019-02-27 14:22:28,998: ROS srv recvd: wp_getlast
[rosout][INFO] 2019-02-27 14:22:29,266: ROS sub recvd: waypoint_goto
[rosout][INFO] 2019-02-27 14:22:29,750: ROS srv recvd: wp_getrange
[rospy.internal][INFO] 2019-02-27 14:22:30,819: topic[/autopilot/gps_odom] adding connection to [/radeyeNode_15179_1551306150583], count 3
[rospy.internal][INFO] 2019-02-27 14:22:30,875: topic[/autopilot/gps] adding connection to [/radeyeNode_15179_1551306150583], count 3
[rospy.internal][INFO] 2019-02-27 14:22:36,596: topic[/autopilot/gps] adding connection to [/radeyeNode_15179_1551306150583], count 4
[rospy.internal][INFO] 2019-02-27 14:22:36,597: topic[/autopilot/gps] removing connection to /radeyeNode_15179_1551306150583
[rospy.internal][INFO] 2019-02-27 14:22:36,731: topic[/autopilot/gps] removing connection to /radeyeNode_15179_1551306150583
[rospy.internal][INFO] 2019-02-27 14:22:36,743: topic[/autopilot/gps_odom] removing connection to /radeyeNode_15179_1551306150583
[rosout][INFO] 2019-02-27 14:25:52,480: ROS sub recvd: waypoint_goto
[rosout][INFO] 2019-02-27 14:25:52,729: ROS srv recvd: wp_getrange
