[rospy.client][INFO] 2019-02-27 13:20:20,653: init_node, name[/evader], pid[3163]
[xmlrpc][INFO] 2019-02-27 13:20:20,654: XML-RPC server binding to 0.0.0.0:0
[xmlrpc][INFO] 2019-02-27 13:20:20,655: Started XML-RPC server [http://copter131:55853/]
[rospy.init][INFO] 2019-02-27 13:20:20,655: ROS Slave URI: [http://copter131:55853/]
[rospy.impl.masterslave][INFO] 2019-02-27 13:20:20,655: _ready: http://copter131:55853/
[xmlrpc][INFO] 2019-02-27 13:20:20,658: xml rpc node: starting XML-RPC server
[rospy.registration][INFO] 2019-02-27 13:20:20,659: Registering with master node http://localhost:11311
[rospy.init][INFO] 2019-02-27 13:20:20,756: registered with master
[rospy.rosout][INFO] 2019-02-27 13:20:20,757: initializing /rosout core topic
[rospy.rosout][INFO] 2019-02-27 13:20:20,772: connected to core topic /rosout
[rospy.simtime][INFO] 2019-02-27 13:20:20,782: /use_sim_time is not set, will not subscribe to simulated time [/clock] topic
[rospy.internal][INFO] 2019-02-27 13:20:20,989: topic[/safety/payload_waypoint] adding connection to [/safety], count 0
[rospy.internal][INFO] 2019-02-27 13:20:21,031: topic[/rosout] adding connection to [/rosout], count 0
[rospy.internal][INFO] 2019-02-27 13:20:21,204: topic[/network/send_swarm_behavior_data] adding connection to [/network], count 0
[rospy.internal][INFO] 2019-02-27 13:20:21,288: topic[/autopilot/acs_pose] adding connection to [http://copter131:60918/], count 0
[rospy.internal][INFO] 2019-02-27 13:20:21,399: topic[/swarm_control/behavior_status] adding connection to [/swarm_control], count 0
[rospy.internal][INFO] 2019-02-27 13:20:21,664: topic[/swarm_control/subswarm_id] adding connection to [http://copter131:38106/], count 0
[rospy.internal][INFO] 2019-02-27 13:20:21,831: topic[/swarm_control/ap_intent] adding connection to [http://copter131:38106/], count 0
[rospy.internal][INFO] 2019-02-27 13:20:21,939: topic[/hit_tracker/hit_uavs] adding connection to [http://copter131:52751/], count 0
[rospy.internal][INFO] 2019-02-27 13:20:22,054: topic[/autopilot/status] adding connection to [http://copter131:60918/], count 0
[rosout][INFO] 2019-02-27 13:20:56,262: evader activate request False returned False
[rosout][INFO] 2019-02-27 13:21:33,760: evader activate request False returned False
[rosout][INFO] 2019-02-27 13:27:42,248: evader activate request False returned False
[rosout][INFO] 2019-02-27 13:27:47,018: evader activate request False returned False
[rosout][INFO] 2019-02-27 14:00:31,693: evader activate request False returned False
[rosout][INFO] 2019-02-27 14:00:42,857: evader activate request False returned False
[rosout][INFO] 2019-02-27 14:17:48,090: evader activate request False returned False
[rosout][INFO] 2019-02-27 14:18:28,333: evader activate request False returned False
[rosout][INFO] 2019-02-27 14:21:49,041: evader activate request False returned False
[rosout][INFO] 2019-02-27 14:22:29,224: evader activate request False returned False
[rosout][INFO] 2019-02-27 14:25:52,439: evader activate request False returned False
