[rospy.client][INFO] 2012-12-31 16:00:17,385: init_node, name[/independent_transit], pid[2902]
[xmlrpc][INFO] 2012-12-31 16:00:17,391: XML-RPC server binding to 0.0.0.0:0
[rospy.init][INFO] 2012-12-31 16:00:17,394: ROS Slave URI: [http://copter131:49799/]
[xmlrpc][INFO] 2012-12-31 16:00:17,394: Started XML-RPC server [http://copter131:49799/]
[rospy.impl.masterslave][INFO] 2012-12-31 16:00:17,395: _ready: http://copter131:49799/
[xmlrpc][INFO] 2012-12-31 16:00:17,397: xml rpc node: starting XML-RPC server
[rospy.registration][INFO] 2012-12-31 16:00:17,400: Registering with master node http://localhost:11311
[rospy.init][INFO] 2012-12-31 16:00:17,495: registered with master
[rospy.rosout][INFO] 2012-12-31 16:00:17,495: initializing /rosout core topic
[rospy.rosout][INFO] 2012-12-31 16:00:17,611: connected to core topic /rosout
[rospy.simtime][INFO] 2012-12-31 16:00:17,668: /use_sim_time is not set, will not subscribe to simulated time [/clock] topic
[rospy.internal][INFO] 2012-12-31 16:00:17,911: topic[/rosout] adding connection to [/rosout], count 0
[rospy.internal][INFO] 2019-02-27 13:20:20,980: topic[/safety/payload_waypoint] adding connection to [/safety], count 0
[rospy.internal][INFO] 2019-02-27 13:20:21,196: topic[/network/send_swarm_behavior_data] adding connection to [/network], count 0
[rospy.internal][INFO] 2019-02-27 13:20:21,399: topic[/swarm_control/behavior_status] adding connection to [/swarm_control], count 0
[rospy.internal][INFO] 2019-02-27 13:20:21,596: topic[/swarm_control/subswarm_id] adding connection to [http://copter131:38106/], count 0
[rospy.internal][INFO] 2019-02-27 13:20:21,761: topic[/swarm_control/ap_intent] adding connection to [http://copter131:38106/], count 0
[rospy.internal][INFO] 2019-02-27 13:20:22,091: topic[/autopilot/status] adding connection to [http://copter131:60918/], count 0
[rosout][INFO] 2019-02-27 13:20:56,220: independent_transit activate request False returned False
[rosout][INFO] 2019-02-27 13:21:33,692: independent_transit activate request False returned False
[rosout][INFO] 2019-02-27 13:27:42,196: independent_transit activate request False returned False
[rosout][INFO] 2019-02-27 13:27:46,951: independent_transit activate request False returned False
[rosout][INFO] 2019-02-27 14:00:31,653: independent_transit activate request False returned False
[rosout][INFO] 2019-02-27 14:00:42,791: independent_transit activate request False returned False
[rosout][INFO] 2019-02-27 14:17:48,033: independent_transit activate request False returned False
[rosout][INFO] 2019-02-27 14:18:28,268: independent_transit activate request False returned False
[rosout][INFO] 2019-02-27 14:21:48,957: independent_transit activate request False returned False
[rosout][INFO] 2019-02-27 14:22:29,152: independent_transit activate request False returned False
[rosout][INFO] 2019-02-27 14:25:52,358: independent_transit activate request False returned False
