[rospy.client][INFO] 2012-12-31 16:00:17,529: init_node, name[/patrol_box], pid[2926]
[xmlrpc][INFO] 2012-12-31 16:00:17,531: XML-RPC server binding to 0.0.0.0:0
[rospy.init][INFO] 2012-12-31 16:00:17,532: ROS Slave URI: [http://copter131:49487/]
[xmlrpc][INFO] 2012-12-31 16:00:17,532: Started XML-RPC server [http://copter131:49487/]
[rospy.impl.masterslave][INFO] 2012-12-31 16:00:17,533: _ready: http://copter131:49487/
[xmlrpc][INFO] 2012-12-31 16:00:17,534: xml rpc node: starting XML-RPC server
[rospy.registration][INFO] 2012-12-31 16:00:17,535: Registering with master node http://localhost:11311
[rospy.init][INFO] 2012-12-31 16:00:17,633: registered with master
[rospy.rosout][INFO] 2012-12-31 16:00:17,634: initializing /rosout core topic
[rospy.rosout][INFO] 2019-02-27 13:20:19,851: connected to core topic /rosout
[rospy.simtime][INFO] 2019-02-27 13:20:19,927: /use_sim_time is not set, will not subscribe to simulated time [/clock] topic
[rospy.internal][INFO] 2019-02-27 13:20:20,083: topic[/rosout] adding connection to [/rosout], count 0
[rospy.internal][INFO] 2019-02-27 13:20:21,318: topic[/safety/payload_waypoint] adding connection to [/safety], count 0
[rospy.internal][INFO] 2019-02-27 13:20:21,688: topic[/swarm_control/subswarm_id] adding connection to [http://copter131:38106/], count 0
[rospy.internal][INFO] 2019-02-27 13:20:21,811: topic[/swarm_control/ap_intent] adding connection to [http://copter131:38106/], count 0
[rospy.internal][INFO] 2019-02-27 13:20:22,074: topic[/autopilot/status] adding connection to [http://copter131:60918/], count 0
[rospy.internal][INFO] 2019-02-27 13:20:22,544: topic[/swarm_control/behavior_status] adding connection to [/swarm_control], count 0
[rospy.internal][INFO] 2019-02-27 13:20:22,547: topic[/network/send_swarm_behavior_data] adding connection to [/network], count 0
[rospy.internal][INFO] 2019-02-27 13:20:22,597: topic[/autopilot/acs_pose] adding connection to [http://copter131:60918/], count 0
[rosout][INFO] 2019-02-27 13:20:56,242: patrol_box activate request False returned False
[rosout][INFO] 2019-02-27 13:21:33,732: patrol_box activate request False returned False
[rosout][INFO] 2019-02-27 13:27:42,220: patrol_box activate request False returned False
[rosout][INFO] 2019-02-27 13:27:46,995: patrol_box activate request False returned False
[rosout][INFO] 2019-02-27 14:00:31,675: patrol_box activate request False returned False
[rosout][INFO] 2019-02-27 14:00:42,826: patrol_box activate request False returned False
[rosout][INFO] 2019-02-27 14:17:48,057: patrol_box activate request False returned False
[rosout][INFO] 2019-02-27 14:18:28,306: patrol_box activate request False returned False
[rosout][INFO] 2019-02-27 14:21:48,997: patrol_box activate request False returned False
[rosout][INFO] 2019-02-27 14:22:29,193: patrol_box activate request False returned False
[rosout][INFO] 2019-02-27 14:25:52,404: patrol_box activate request False returned False
