[rospy.client][INFO] 2019-02-27 13:20:20,483: init_node, name[/patrol_box_shooter], pid[3132]
[xmlrpc][INFO] 2019-02-27 13:20:20,484: XML-RPC server binding to 0.0.0.0:0
[xmlrpc][INFO] 2019-02-27 13:20:20,485: Started XML-RPC server [http://copter131:53749/]
[rospy.init][INFO] 2019-02-27 13:20:20,486: ROS Slave URI: [http://copter131:53749/]
[rospy.impl.masterslave][INFO] 2019-02-27 13:20:20,486: _ready: http://copter131:53749/
[xmlrpc][INFO] 2019-02-27 13:20:20,487: xml rpc node: starting XML-RPC server
[rospy.registration][INFO] 2019-02-27 13:20:20,490: Registering with master node http://localhost:11311
[rospy.init][INFO] 2019-02-27 13:20:20,587: registered with master
[rospy.rosout][INFO] 2019-02-27 13:20:20,587: initializing /rosout core topic
[rospy.rosout][INFO] 2019-02-27 13:20:21,617: connected to core topic /rosout
[rospy.simtime][INFO] 2019-02-27 13:20:21,640: /use_sim_time is not set, will not subscribe to simulated time [/clock] topic
[rospy.internal][INFO] 2019-02-27 13:20:21,752: topic[/rosout] adding connection to [/rosout], count 0
[rospy.internal][INFO] 2019-02-27 13:20:21,879: topic[/swarm_control/subswarm_id] adding connection to [http://copter131:38106/], count 0
[rospy.internal][INFO] 2019-02-27 13:20:21,895: topic[/swarm_control/ap_intent] adding connection to [http://copter131:38106/], count 0
[rospy.internal][INFO] 2019-02-27 13:20:21,939: topic[/safety/payload_waypoint] adding connection to [/safety], count 0
[rospy.internal][INFO] 2019-02-27 13:20:21,998: topic[/hit_tracker/hit_uavs] adding connection to [http://copter131:52751/], count 0
[rospy.internal][INFO] 2019-02-27 13:20:21,999: topic[/autopilot/acs_pose] adding connection to [http://copter131:60918/], count 0
[rospy.internal][INFO] 2019-02-27 13:20:22,044: topic[/swarm_control/behavior_status] adding connection to [/swarm_control], count 0
[rospy.internal][INFO] 2019-02-27 13:20:22,094: topic[/network/send_swarm_behavior_data] adding connection to [/network], count 0
[rospy.internal][INFO] 2019-02-27 13:20:22,100: topic[/air_to_air/firing_reports] adding connection to [/network], count 0
[rospy.internal][INFO] 2019-02-27 13:20:22,114: topic[/autopilot/status] adding connection to [http://copter131:60918/], count 0
[rosout][INFO] 2019-02-27 13:20:56,249: patrol_box_shooter activate request False returned False
[rosout][INFO] 2019-02-27 13:21:33,741: patrol_box_shooter activate request False returned False
[rosout][INFO] 2019-02-27 13:27:42,225: patrol_box_shooter activate request False returned False
[rosout][INFO] 2019-02-27 13:27:47,005: patrol_box_shooter activate request False returned False
[rosout][INFO] 2019-02-27 14:00:31,681: patrol_box_shooter activate request False returned False
[rosout][INFO] 2019-02-27 14:00:42,837: patrol_box_shooter activate request False returned False
[rosout][INFO] 2019-02-27 14:17:48,064: patrol_box_shooter activate request False returned False
[rosout][INFO] 2019-02-27 14:18:28,318: patrol_box_shooter activate request False returned False
[rosout][INFO] 2019-02-27 14:21:49,011: patrol_box_shooter activate request False returned False
[rosout][INFO] 2019-02-27 14:22:29,202: patrol_box_shooter activate request False returned False
[rosout][INFO] 2019-02-27 14:25:52,415: patrol_box_shooter activate request False returned False
