[rospy.client][INFO] 2019-02-27 13:20:20,236: init_node, name[/pn_interceptor], pid[3110]
[xmlrpc][INFO] 2019-02-27 13:20:20,237: XML-RPC server binding to 0.0.0.0:0
[rospy.init][INFO] 2019-02-27 13:20:20,240: ROS Slave URI: [http://copter131:39415/]
[xmlrpc][INFO] 2019-02-27 13:20:20,240: Started XML-RPC server [http://copter131:39415/]
[rospy.impl.masterslave][INFO] 2019-02-27 13:20:20,240: _ready: http://copter131:39415/
[xmlrpc][INFO] 2019-02-27 13:20:20,241: xml rpc node: starting XML-RPC server
[rospy.registration][INFO] 2019-02-27 13:20:20,242: Registering with master node http://localhost:11311
[rospy.init][INFO] 2019-02-27 13:20:20,340: registered with master
[rospy.rosout][INFO] 2019-02-27 13:20:20,341: initializing /rosout core topic
[rospy.rosout][INFO] 2019-02-27 13:20:20,357: connected to core topic /rosout
[rospy.simtime][INFO] 2019-02-27 13:20:20,375: /use_sim_time is not set, will not subscribe to simulated time [/clock] topic
[rospy.internal][INFO] 2019-02-27 13:20:20,601: topic[/rosout] adding connection to [/rosout], count 0
[rospy.internal][INFO] 2019-02-27 13:20:21,651: topic[/swarm_control/subswarm_id] adding connection to [http://copter131:38106/], count 0
[rospy.internal][INFO] 2019-02-27 13:20:21,657: topic[/safety/payload_waypoint] adding connection to [/safety], count 0
[rospy.internal][INFO] 2019-02-27 13:20:21,715: topic[/swarm_control/ap_intent] adding connection to [http://copter131:38106/], count 0
[rospy.internal][INFO] 2019-02-27 13:20:21,856: topic[/swarm_control/behavior_status] adding connection to [/swarm_control], count 0
[rospy.internal][INFO] 2019-02-27 13:20:21,952: topic[/network/send_swarm_behavior_data] adding connection to [/network], count 0
[rospy.internal][INFO] 2019-02-27 13:20:22,097: topic[/autopilot/status] adding connection to [http://copter131:60918/], count 0
[rosout][INFO] 2019-02-27 13:20:56,213: pn_interceptor activate request False returned False
[rosout][INFO] 2019-02-27 13:21:33,683: pn_interceptor activate request False returned False
[rosout][INFO] 2019-02-27 13:27:42,190: pn_interceptor activate request False returned False
[rosout][INFO] 2019-02-27 13:27:46,942: pn_interceptor activate request False returned False
[rosout][INFO] 2019-02-27 14:00:31,647: pn_interceptor activate request False returned False
[rosout][INFO] 2019-02-27 14:00:42,780: pn_interceptor activate request False returned False
[rosout][INFO] 2019-02-27 14:17:48,027: pn_interceptor activate request False returned False
[rosout][INFO] 2019-02-27 14:18:28,258: pn_interceptor activate request False returned False
[rosout][INFO] 2019-02-27 14:21:48,947: pn_interceptor activate request False returned False
[rosout][INFO] 2019-02-27 14:22:29,142: pn_interceptor activate request False returned False
[rosout][INFO] 2019-02-27 14:25:52,349: pn_interceptor activate request False returned False
