[rospy.client][INFO] 2012-12-31 16:00:15,995: init_node, name[/safety], pid[2808]
[xmlrpc][INFO] 2012-12-31 16:00:15,997: XML-RPC server binding to 0.0.0.0:0
[xmlrpc][INFO] 2012-12-31 16:00:15,999: Started XML-RPC server [http://copter131:47871/]
[rospy.impl.masterslave][INFO] 2012-12-31 16:00:15,999: _ready: http://copter131:47871/
[rospy.init][INFO] 2012-12-31 16:00:16,000: ROS Slave URI: [http://copter131:47871/]
[xmlrpc][INFO] 2012-12-31 16:00:16,001: xml rpc node: starting XML-RPC server
[rospy.registration][INFO] 2012-12-31 16:00:16,002: Registering with master node http://localhost:11311
[rospy.init][INFO] 2012-12-31 16:00:16,101: registered with master
[rospy.rosout][INFO] 2012-12-31 16:00:16,102: initializing /rosout core topic
[rospy.rosout][INFO] 2012-12-31 16:00:16,116: connected to core topic /rosout
[rospy.simtime][INFO] 2012-12-31 16:00:16,142: /use_sim_time is not set, will not subscribe to simulated time [/clock] topic
[rospy.internal][INFO] 2012-12-31 16:00:16,385: topic[/rosout] adding connection to [/rosout], count 0
[rospy.internal][INFO] 2019-02-27 13:20:19,967: topic[/safety/payload_waypoint] adding connection to [http://copter131:49799/], count 0
[rospy.internal][INFO] 2019-02-27 13:20:20,312: topic[/safety/payload_rate] adding connection to [http://copter131:37510/], count 0
[rospy.internal][INFO] 2019-02-27 13:20:20,316: topic[/safety/payload_waypoint] adding connection to [http://copter131:36407/], count 1
[rospy.internal][INFO] 2019-02-27 13:20:20,336: topic[/safety/payload_waypoint] adding connection to [http://copter131:37510/], count 2
[rospy.internal][INFO] 2019-02-27 13:20:20,575: topic[/safety/payload_waypoint] adding connection to [http://copter131:53275/], count 3
[rospy.internal][INFO] 2019-02-27 13:20:20,578: topic[/autopilot/heartbeat_onboard] adding connection to [/autopilot], count 0
[rospy.internal][INFO] 2019-02-27 13:20:20,614: topic[/safety/payload_waypoint] adding connection to [http://copter131:37517/], count 4
[rospy.internal][INFO] 2019-02-27 13:20:20,823: topic[/autopilot/payload_waypoint] adding connection to [/autopilot], count 0
[rospy.internal][INFO] 2019-02-27 13:20:20,832: topic[/safety/payload_waypoint] adding connection to [http://copter131:50993/], count 5
[rospy.internal][INFO] 2019-02-27 13:20:20,834: topic[/safety/payload_waypoint] adding connection to [http://copter131:51747/], count 6
[rospy.internal][INFO] 2019-02-27 13:20:20,951: topic[/safety/payload_waypoint] adding connection to [http://copter131:55853/], count 7
[rospy.internal][INFO] 2019-02-27 13:20:21,182: topic[/safety/payload_waypoint] adding connection to [http://copter131:49458/], count 8
[rosout][WARNING] 2019-02-27 13:20:21,284: establishing proxies for ROS /autopliot/ services
[rospy.internal][INFO] 2019-02-27 13:20:21,313: topic[/autopilot/acs_pose] adding connection to [http://copter131:60918/], count 0
[rospy.internal][INFO] 2019-02-27 13:20:21,315: topic[/safety/payload_waypoint] adding connection to [http://copter131:49487/], count 9
[rospy.internal][INFO] 2019-02-27 13:20:21,389: topic[/safety/payload_waypoint] adding connection to [http://copter131:45991/], count 10
[rospy.internal][INFO] 2019-02-27 13:20:21,502: topic[/autopilot/heartbeat_ground] adding connection to [http://copter131:39800/], count 0
[rospy.internal][INFO] 2019-02-27 13:20:21,651: topic[/safety/payload_waypoint] adding connection to [http://copter131:39415/], count 11
[rospy.internal][INFO] 2019-02-27 13:20:21,934: topic[/safety/payload_waypoint] adding connection to [http://copter131:53749/], count 12
[rospy.internal][INFO] 2019-02-27 13:20:21,935: topic[/swarm_tracker/swarm_uav_states] adding connection to [http://copter131:56813/], count 0
