[rospy.client][INFO] 2012-12-31 16:00:17,281: init_node, name[/swarm_control], pid[2875]
[xmlrpc][INFO] 2012-12-31 16:00:17,282: XML-RPC server binding to 0.0.0.0:0
[rospy.init][INFO] 2012-12-31 16:00:17,285: ROS Slave URI: [http://copter131:38106/]
[xmlrpc][INFO] 2012-12-31 16:00:17,285: Started XML-RPC server [http://copter131:38106/]
[rospy.impl.masterslave][INFO] 2012-12-31 16:00:17,286: _ready: http://copter131:38106/
[xmlrpc][INFO] 2012-12-31 16:00:17,286: xml rpc node: starting XML-RPC server
[rospy.registration][INFO] 2012-12-31 16:00:17,287: Registering with master node http://localhost:11311
[rospy.init][INFO] 2012-12-31 16:00:17,386: registered with master
[rospy.rosout][INFO] 2012-12-31 16:00:17,386: initializing /rosout core topic
[rospy.rosout][INFO] 2012-12-31 16:00:17,938: connected to core topic /rosout
[rospy.simtime][INFO] 2012-12-31 16:00:18,042: /use_sim_time is not set, will not subscribe to simulated time [/clock] topic
[rospy.internal][INFO] 2019-02-27 13:20:19,197: topic[/rosout] adding connection to [/rosout], count 0
[rosout][INFO] 2019-02-27 13:20:20,509: Behavior independent_transit successfully registered with ID 8
[rosout][INFO] 2019-02-27 13:20:20,770: Behavior simple_ground_attack successfully registered with ID 16
[rosout][INFO] 2019-02-27 13:20:21,194: Behavior evader successfully registered with ID 15
[rospy.internal][INFO] 2019-02-27 13:20:21,370: topic[/swarm_control/behavior_status] adding connection to [http://copter131:37510/], count 0
[rospy.internal][INFO] 2019-02-27 13:20:21,374: topic[/swarm_control/behavior_status] adding connection to [http://copter131:36407/], count 1
[rospy.internal][INFO] 2019-02-27 13:20:21,380: topic[/swarm_control/behavior_status] adding connection to [http://copter131:53275/], count 2
[rospy.internal][INFO] 2019-02-27 13:20:21,381: topic[/swarm_control/behavior_status] adding connection to [http://copter131:49799/], count 2
[rospy.internal][INFO] 2019-02-27 13:20:21,390: topic[/swarm_control/behavior_status] adding connection to [http://copter131:51747/], count 4
[rospy.internal][INFO] 2019-02-27 13:20:21,391: topic[/swarm_control/behavior_status] adding connection to [http://copter131:50993/], count 5
[rospy.internal][INFO] 2019-02-27 13:20:21,392: topic[/swarm_control/behavior_status] adding connection to [http://copter131:55853/], count 5
[rospy.internal][INFO] 2019-02-27 13:20:21,396: topic[/swarm_control/behavior_status] adding connection to [http://copter131:37517/], count 7
[rosout][INFO] 2019-02-27 13:20:21,469: Behavior linear_formation successfully registered with ID 1
[rospy.internal][INFO] 2019-02-27 13:20:21,600: topic[/swarm_control/subswarm_id] adding connection to [/independent_transit], count 0
[rospy.internal][INFO] 2019-02-27 13:20:21,608: topic[/swarm_control/subswarm_id] adding connection to [/network], count 1
[rospy.internal][INFO] 2019-02-27 13:20:21,618: topic[/swarm_control/behavior_status] adding connection to [http://copter131:45991/], count 8
[rospy.internal][INFO] 2019-02-27 13:20:21,633: topic[/swarm_control/subswarm_id] adding connection to [/linear_formation], count 2
[rospy.internal][INFO] 2019-02-27 13:20:21,642: topic[/swarm_control/subswarm_id] adding connection to [/simple_ground_attack], count 3
[rospy.internal][INFO] 2019-02-27 13:20:21,650: topic[/swarm_control/subswarm_id] adding connection to [/swarm_landing_sequencer], count 4
[rospy.internal][INFO] 2019-02-27 13:20:21,662: topic[/swarm_control/swarm_behavior] adding connection to [/network], count 0
[rospy.internal][INFO] 2019-02-27 13:20:21,665: topic[/swarm_control/subswarm_id] adding connection to [/greedy_shooter], count 5
[rospy.internal][INFO] 2019-02-27 13:20:21,672: topic[/swarm_control/swarm_state] adding connection to [/network], count 0
[rospy.internal][INFO] 2019-02-27 13:20:21,678: topic[/swarm_control/subswarm_id] adding connection to [/evader], count 6
[rospy.internal][INFO] 2019-02-27 13:20:21,688: topic[/swarm_control/subswarm_id] adding connection to [/pn_interceptor], count 7
[rospy.internal][INFO] 2019-02-27 13:20:21,690: topic[/swarm_control/swarm_state] adding connection to [/swarm_tracker], count 1
[rospy.internal][INFO] 2019-02-27 13:20:21,691: topic[/swarm_control/subswarm_id] adding connection to [/swarm_tracker], count 8
[rospy.internal][INFO] 2019-02-27 13:20:21,692: topic[/swarm_control/subswarm_id] adding connection to [/wingman], count 9
[rospy.internal][INFO] 2019-02-27 13:20:21,701: topic[/swarm_control/subswarm_id] adding connection to [/constrained_shooter], count 10
[rosout][INFO] 2019-02-27 13:20:21,701: Subswarm updated to 0
[rosout][INFO] 2019-02-27 13:20:21,702: Swarm state updated to Preflight
[rosout][INFO] 2019-02-27 13:20:21,704: Active swarm behavior updated to standby
[rospy.internal][INFO] 2019-02-27 13:20:21,706: topic[/swarm_control/subswarm_id] adding connection to [/patrol_box], count 11
[rospy.internal][INFO] 2019-02-27 13:20:21,717: topic[/swarm_control/ap_intent] adding connection to [/pn_interceptor], count 0
[rospy.internal][INFO] 2019-02-27 13:20:21,737: topic[/swarm_control/swarm_behavior] adding connection to [/swarm_tracker], count 1
[rospy.internal][INFO] 2019-02-27 13:20:21,767: topic[/swarm_control/ap_intent] adding connection to [/independent_transit], count 1
[rospy.internal][INFO] 2019-02-27 13:20:21,781: topic[/swarm_control/ap_intent] adding connection to [/linear_formation], count 2
[rospy.internal][INFO] 2019-02-27 13:20:21,786: topic[/swarm_control/ap_intent] adding connection to [/wingman], count 3
[rospy.internal][INFO] 2019-02-27 13:20:21,789: topic[/swarm_control/ap_intent] adding connection to [/swarm_landing_sequencer], count 4
[rospy.internal][INFO] 2019-02-27 13:20:21,798: topic[/swarm_control/ap_intent] adding connection to [/greedy_shooter], count 5
[rospy.internal][INFO] 2019-02-27 13:20:21,808: topic[/swarm_control/ap_intent] adding connection to [/simple_ground_attack], count 6
[rosout][INFO] 2019-02-27 13:20:21,809: Behavior constrained_shooter successfully registered with ID 10
[rospy.internal][INFO] 2019-02-27 13:20:21,821: topic[/swarm_control/ap_intent] adding connection to [/patrol_box], count 7
[rospy.internal][INFO] 2019-02-27 13:20:21,831: topic[/autopilot/waypoint_goto] adding connection to [/autopilot], count 0
[rospy.internal][INFO] 2019-02-27 13:20:21,834: topic[/autopilot/mode_num] adding connection to [/autopilot], count 0
[rospy.internal][INFO] 2019-02-27 13:20:21,836: topic[/swarm_control/ap_intent] adding connection to [/constrained_shooter], count 8
[rospy.internal][INFO] 2019-02-27 13:20:21,838: topic[/swarm_control/ap_intent] adding connection to [/evader], count 9
[rospy.internal][INFO] 2019-02-27 13:20:21,840: topic[/swarm_control/behavior_summary] adding connection to [/network], count 0
[rospy.internal][INFO] 2019-02-27 13:20:21,852: topic[/swarm_control/behavior_status] adding connection to [http://copter131:39415/], count 9
[rosout][INFO] 2019-02-27 13:20:21,868: Behavior pn_interceptor successfully registered with ID 5
[rospy.internal][INFO] 2019-02-27 13:20:21,884: topic[/swarm_control/subswarm_id] adding connection to [/patrol_box_shooter], count 12
[rospy.internal][INFO] 2019-02-27 13:20:21,897: topic[/swarm_control/ap_intent] adding connection to [/patrol_box_shooter], count 10
[rospy.internal][INFO] 2019-02-27 13:20:21,920: topic[/swarm_tracker/swarm_uav_states] adding connection to [http://copter131:56813/], count 0
[rosout][INFO] 2019-02-27 13:20:22,006: Behavior patrol_box_shooter successfully registered with ID 13
[rospy.internal][INFO] 2019-02-27 13:20:22,039: topic[/swarm_control/behavior_status] adding connection to [http://copter131:53749/], count 10
[rospy.internal][INFO] 2019-02-27 13:20:22,081: topic[/autopilot/status] adding connection to [http://copter131:60918/], count 0
[rosout][INFO] 2019-02-27 13:20:22,315: Behavior swarm_landing_sequencer successfully registered with ID 98
[rospy.internal][INFO] 2019-02-27 13:20:22,396: topic[/swarm_control/subswarm_id] adding connection to [/tactic_interface], count 13
[rospy.internal][INFO] 2019-02-27 13:20:22,399: topic[/swarm_control/ap_intent] adding connection to [/tactic_interface], count 11
[rospy.internal][INFO] 2019-02-27 13:20:22,404: topic[/swarm_control/behavior_status] adding connection to [http://copter131:49458/], count 11
[rosout][INFO] 2019-02-27 13:20:22,416: Behavior wingman successfully registered with ID 11
[rosout][INFO] 2019-02-27 13:20:22,426: Behavior smart_shooter successfully registered with ID 9
[rospy.internal][INFO] 2019-02-27 13:20:22,430: topic[/swarm_control/subswarm_id] adding connection to [/smart_shooter], count 14
[rospy.internal][INFO] 2019-02-27 13:20:22,435: topic[/swarm_control/ap_intent] adding connection to [/smart_shooter], count 12
[rosout][INFO] 2019-02-27 13:20:22,520: Behavior tactic_interface successfully registered with ID 14
[rospy.internal][INFO] 2019-02-27 13:20:22,540: topic[/swarm_control/behavior_status] adding connection to [http://copter131:49487/], count 12
[rosout][INFO] 2019-02-27 13:20:22,559: Behavior greedy_shooter successfully registered with ID 4
[rosout][INFO] 2019-02-27 13:20:22,565: Behavior patrol_box successfully registered with ID 12
[rosout][INFO] 2019-02-27 13:20:24,910: Swarm state updated to Flight Ready
[rosout][WARNING] 2019-02-27 13:20:56,185: Manual reset to new swarm state: Swarm Ready
[rosout][INFO] 2019-02-27 13:20:56,187: Swarm state updated to Swarm Ready
[rosout][INFO] 2019-02-27 13:20:56,270: Active swarm behavior updated to standby
[rosout][INFO] 2019-02-27 13:20:56,271: Subswarm updated to 0
[rosout][INFO] 2019-02-27 13:21:01,828: Subswarm updated to 1
[rosout][INFO] 2019-02-27 13:21:33,771: Active swarm behavior updated to standby
[rosout][INFO] 2019-02-27 13:21:34,790: Active swarm behavior updated to tactic_interface
[rosout][INFO] 2019-02-27 13:21:34,791: tactic_interface behavior successfully activated
[rosout][INFO] 2019-02-27 13:27:42,255: Active swarm behavior updated to standby
[rosout][INFO] 2019-02-27 13:27:42,256: Swarm behavior set to "Standby"
[rosout][INFO] 2019-02-27 13:27:46,905: Swarm state updated to State Error
[rosout][INFO] 2019-02-27 13:27:47,025: Active swarm behavior updated to standby
[rosout][INFO] 2019-02-27 13:27:47,026: Subswarm updated to 0
[rosout][WARNING] 2019-02-27 13:27:47,026: Autopilot not in AUTO: disabling swarming
[rosout][WARNING] 2019-02-27 14:00:31,624: Manual reset to new swarm state: Swarm Ready
[rosout][INFO] 2019-02-27 14:00:31,625: Swarm state updated to Swarm Ready
[rosout][INFO] 2019-02-27 14:00:31,701: Active swarm behavior updated to standby
[rosout][INFO] 2019-02-27 14:00:31,703: Subswarm updated to 0
[rosout][INFO] 2019-02-27 14:00:33,741: Subswarm updated to 1
[rosout][INFO] 2019-02-27 14:00:42,868: Active swarm behavior updated to standby
[rosout][INFO] 2019-02-27 14:00:43,882: Active swarm behavior updated to tactic_interface
[rosout][INFO] 2019-02-27 14:00:43,888: tactic_interface behavior successfully activated
[rosout][INFO] 2019-02-27 14:17:48,097: Active swarm behavior updated to standby
[rosout][INFO] 2019-02-27 14:17:48,098: Swarm behavior set to "Standby"
[rosout][INFO] 2019-02-27 14:18:28,340: Active swarm behavior updated to standby
[rosout][INFO] 2019-02-27 14:18:29,361: Active swarm behavior updated to tactic_interface
[rosout][INFO] 2019-02-27 14:18:29,364: tactic_interface behavior successfully activated
[rosout][WARNING] 2019-02-27 14:21:48,905: Active behavior (14) might have stopped
[rosout][INFO] 2019-02-27 14:21:49,058: Active swarm behavior updated to standby
[rosout][INFO] 2019-02-27 14:22:29,234: Active swarm behavior updated to standby
[rosout][INFO] 2019-02-27 14:22:30,264: Active swarm behavior updated to tactic_interface
[rosout][INFO] 2019-02-27 14:22:30,267: tactic_interface behavior successfully activated
[rosout][WARNING] 2019-02-27 14:25:52,305: Active behavior (14) might have stopped
[rosout][INFO] 2019-02-27 14:25:52,446: Active swarm behavior updated to standby
