[rospy.client][INFO] 2012-12-31 16:00:16,833: init_node, name[/swarm_tracker], pid[2815]
[xmlrpc][INFO] 2012-12-31 16:00:16,837: XML-RPC server binding to 0.0.0.0:0
[rospy.init][INFO] 2012-12-31 16:00:16,839: ROS Slave URI: [http://copter131:56813/]
[xmlrpc][INFO] 2012-12-31 16:00:16,839: Started XML-RPC server [http://copter131:56813/]
[rospy.impl.masterslave][INFO] 2012-12-31 16:00:16,840: _ready: http://copter131:56813/
[xmlrpc][INFO] 2012-12-31 16:00:16,842: xml rpc node: starting XML-RPC server
[rospy.registration][INFO] 2012-12-31 16:00:16,843: Registering with master node http://localhost:11311
[rospy.init][INFO] 2012-12-31 16:00:16,940: registered with master
[rospy.rosout][INFO] 2012-12-31 16:00:16,941: initializing /rosout core topic
[rospy.rosout][INFO] 2012-12-31 16:00:17,063: connected to core topic /rosout
[rospy.simtime][INFO] 2012-12-31 16:00:17,159: /use_sim_time is not set, will not subscribe to simulated time [/clock] topic
[rospy.internal][INFO] 2012-12-31 16:00:17,396: topic[/rosout] adding connection to [/rosout], count 0
[rospy.internal][INFO] 2019-02-27 13:20:21,276: topic[/autopilot/acs_pose] adding connection to [http://copter131:60918/], count 0
[rospy.internal][INFO] 2019-02-27 13:20:21,670: topic[/swarm_control/swarm_state] adding connection to [http://copter131:38106/], count 0
[rospy.internal][INFO] 2019-02-27 13:20:21,683: topic[/swarm_control/subswarm_id] adding connection to [http://copter131:38106/], count 0
[rospy.internal][INFO] 2019-02-27 13:20:21,734: topic[/swarm_control/swarm_behavior] adding connection to [http://copter131:38106/], count 0
[rospy.internal][INFO] 2019-02-27 13:20:21,923: topic[/swarm_tracker/swarm_uav_states] adding connection to [/swarm_control], count 0
[rospy.internal][INFO] 2019-02-27 13:20:21,938: topic[/swarm_tracker/swarm_uav_states] adding connection to [/safety], count 1
[rospy.internal][INFO] 2019-02-27 13:20:22,116: topic[/autopilot/status] adding connection to [http://copter131:60918/], count 0
[rosout][WARNING] 2019-02-27 13:20:33,754: UAV 131 possible crash: no updates for 6.000000 secs
[rosout][INFO] 2019-02-27 13:20:44,133: Received update to own UAV 131
[rospy.internal][INFO] 2019-02-27 13:21:32,983: topic[/swarm_tracker/swarm_uav_states] adding connection to [/tactic_interface], count 2
[rospy.internal][INFO] 2019-02-27 13:27:42,394: topic[/swarm_tracker/swarm_uav_states] removing connection to /tactic_interface
[rospy.internal][INFO] 2019-02-27 14:00:42,056: topic[/swarm_tracker/swarm_uav_states] adding connection to [/tactic_interface], count 3
[rospy.internal][INFO] 2019-02-27 14:17:48,304: topic[/swarm_tracker/swarm_uav_states] removing connection to /tactic_interface
[rospy.internal][INFO] 2019-02-27 14:18:27,553: topic[/swarm_tracker/swarm_uav_states] adding connection to [/tactic_interface], count 3
[rospy.internal][INFO] 2019-02-27 14:21:49,089: topic[/swarm_tracker/swarm_uav_states] removing connection to /tactic_interface
[rospy.internal][INFO] 2019-02-27 14:22:28,464: topic[/swarm_tracker/swarm_uav_states] adding connection to [/tactic_interface], count 3
[rospy.internal][INFO] 2019-02-27 14:25:52,505: topic[/swarm_tracker/swarm_uav_states] removing connection to /tactic_interface
[rospy.internal][INFO] 2019-02-27 14:27:24,078: topic[/network/recv_swarm_ctl_state] adding connection to [http://copter131:39800/], count 0
[rospy.internal][INFO] 2019-02-27 14:27:24,497: topic[/network/recv_pose] adding connection to [http://copter131:39800/], count 0
[rosout][WARNING] 2019-02-27 14:31:27,754: UAV 132 possible crash: no updates for 6.000000 secs
[rosout][INFO] 2019-02-27 14:32:07,487: Received update to possibly crashed UAV 132
