[rospy.client][INFO] 2012-12-31 16:00:16,775: init_node, name[/task_runner], pid[2842]
[xmlrpc][INFO] 2012-12-31 16:00:16,780: XML-RPC server binding to 0.0.0.0:0
[rospy.init][INFO] 2012-12-31 16:00:16,782: ROS Slave URI: [http://copter131:44749/]
[xmlrpc][INFO] 2012-12-31 16:00:16,782: Started XML-RPC server [http://copter131:44749/]
[rospy.impl.masterslave][INFO] 2012-12-31 16:00:16,782: _ready: http://copter131:44749/
[xmlrpc][INFO] 2012-12-31 16:00:16,784: xml rpc node: starting XML-RPC server
[rospy.registration][INFO] 2012-12-31 16:00:16,788: Registering with master node http://localhost:11311
[rospy.init][INFO] 2012-12-31 16:00:16,882: registered with master
[rospy.rosout][INFO] 2012-12-31 16:00:16,883: initializing /rosout core topic
[rospy.rosout][INFO] 2012-12-31 16:00:16,974: connected to core topic /rosout
[rospy.simtime][INFO] 2012-12-31 16:00:17,097: /use_sim_time is not set, will not subscribe to simulated time [/clock] topic
[rospy.internal][INFO] 2012-12-31 16:00:17,219: topic[/rosout] adding connection to [/rosout], count 0
[rosout][INFO] 2019-02-27 13:20:20,698: Task Runner: Starting Event 'on_start'
[rosout][INFO] 2019-02-27 13:20:20,761: Task Runner: Event 'on_start' Task 'Tx Power' Time 0.1s: Succeeded
[rosout][INFO] 2019-02-27 13:20:20,763: Task Runner: Completed Event 'on_start'
[rospy.internal][INFO] 2019-02-27 13:20:22,060: topic[/autopilot/status] adding connection to [http://copter131:60918/], count 0
[rosout][INFO] 2019-02-27 13:20:22,400: Task Runner: Starting Event 'on_status'
[rosout][INFO] 2019-02-27 13:20:22,656: Task Runner: Event 'on_status' Task 'AP Set ID' Time 0.3s: Succeeded
[rosout][INFO] 2019-02-27 13:20:22,657: Task Runner: Completed Event 'on_status'
[rosout][INFO] 2019-02-27 13:20:25,770: Task Runner: Starting Event 'on_ready'
[rosout][INFO] 2019-02-27 13:20:25,771: Task Runner: Completed Event 'on_ready'
[rosout][INFO] 2019-02-27 13:20:38,539: Task Runner: Starting Event 'on_arm'
[rosout][INFO] 2019-02-27 13:20:38,594: Task Runner: Event 'on_arm' Task 'Tx Power' Time 0.1s: Succeeded
[rosout][INFO] 2019-02-27 13:20:38,596: Task Runner: Completed Event 'on_arm'
[rosout][INFO] 2019-02-27 13:27:49,827: Task Runner: Starting Event 'on_disarm'
[rosout][INFO] 2019-02-27 13:27:49,829: Task Runner: Completed Event 'on_disarm'
[rosout][INFO] 2019-02-27 14:00:20,792: Task Runner: Starting Event 'on_arm'
[rosout][INFO] 2019-02-27 14:00:20,852: Task Runner: Event 'on_arm' Task 'Tx Power' Time 0.1s: Succeeded
[rosout][INFO] 2019-02-27 14:00:20,854: Task Runner: Completed Event 'on_arm'
[rosout][INFO] 2019-02-27 14:15:41,739: Task Runner: Starting Event 'on_disarm'
[rosout][INFO] 2019-02-27 14:15:41,740: Task Runner: Completed Event 'on_disarm'
