[rospy.client][INFO] 2019-03-19 08:18:26,487: init_node, name[/constrained_shooter], pid[3068]
[xmlrpc][INFO] 2019-03-19 08:18:26,493: XML-RPC server binding to 0.0.0.0:0
[rospy.init][INFO] 2019-03-19 08:18:26,497: ROS Slave URI: [http://copter131:52884/]
[xmlrpc][INFO] 2019-03-19 08:18:26,497: Started XML-RPC server [http://copter131:52884/]
[rospy.impl.masterslave][INFO] 2019-03-19 08:18:26,497: _ready: http://copter131:52884/
[xmlrpc][INFO] 2019-03-19 08:18:26,502: xml rpc node: starting XML-RPC server
[rospy.registration][INFO] 2019-03-19 08:18:26,503: Registering with master node http://localhost:11311
[rospy.init][INFO] 2019-03-19 08:18:26,597: registered with master
[rospy.rosout][INFO] 2019-03-19 08:18:26,598: initializing /rosout core topic
[rospy.rosout][INFO] 2019-03-19 08:18:26,684: connected to core topic /rosout
[rospy.simtime][INFO] 2019-03-19 08:18:26,710: /use_sim_time is not set, will not subscribe to simulated time [/clock] topic
[rospy.internal][INFO] 2019-03-19 08:18:26,840: topic[/rosout] adding connection to [/rosout], count 0
[rospy.internal][INFO] 2019-03-19 08:18:27,521: topic[/safety/payload_waypoint] adding connection to [/safety], count 0
[rospy.internal][INFO] 2019-03-19 08:18:27,914: topic[/autopilot/status] adding connection to [http://copter131:54699/], count 0
[rospy.internal][INFO] 2019-03-19 08:18:28,255: topic[/network/send_swarm_behavior_data] adding connection to [/network], count 0
[rospy.internal][INFO] 2019-03-19 08:18:28,309: topic[/autopilot/acs_pose] adding connection to [http://copter131:54699/], count 0
[rospy.internal][INFO] 2019-03-19 08:18:28,373: topic[/hit_tracker/hit_uavs] adding connection to [http://copter131:53559/], count 0
[rospy.internal][INFO] 2019-03-19 08:18:28,522: topic[/air_to_air/firing_reports] adding connection to [/network], count 0
[rospy.internal][INFO] 2019-03-19 08:18:28,528: topic[/swarm_control/behavior_status] adding connection to [/swarm_control], count 0
[rospy.internal][INFO] 2019-03-19 08:18:28,697: topic[/swarm_control/subswarm_id] adding connection to [http://copter131:47513/], count 0
[rospy.internal][INFO] 2019-03-19 08:18:28,773: topic[/swarm_control/ap_intent] adding connection to [http://copter131:47513/], count 0
