[rospy.client][INFO] 2012-12-31 16:00:15,957: init_node, name[/safety], pid[2811]
[xmlrpc][INFO] 2012-12-31 16:00:15,975: XML-RPC server binding to 0.0.0.0:0
[xmlrpc][INFO] 2012-12-31 16:00:15,976: Started XML-RPC server [http://copter131:58912/]
[rospy.init][INFO] 2012-12-31 16:00:15,976: ROS Slave URI: [http://copter131:58912/]
[rospy.impl.masterslave][INFO] 2012-12-31 16:00:15,977: _ready: http://copter131:58912/
[xmlrpc][INFO] 2012-12-31 16:00:15,995: xml rpc node: starting XML-RPC server
[rospy.registration][INFO] 2012-12-31 16:00:16,000: Registering with master node http://localhost:11311
[rospy.init][INFO] 2012-12-31 16:00:16,078: registered with master
[rospy.rosout][INFO] 2012-12-31 16:00:16,079: initializing /rosout core topic
[rospy.rosout][INFO] 2012-12-31 16:00:16,119: connected to core topic /rosout
[rospy.simtime][INFO] 2012-12-31 16:00:16,143: /use_sim_time is not set, will not subscribe to simulated time [/clock] topic
[rospy.internal][INFO] 2012-12-31 16:00:16,340: topic[/rosout] adding connection to [/rosout], count 0
[rospy.internal][INFO] 2019-03-19 08:18:26,496: topic[/safety/payload_waypoint] adding connection to [http://copter131:54475/], count 0
[rospy.internal][INFO] 2019-03-19 08:18:26,691: topic[/safety/payload_waypoint] adding connection to [http://copter131:40994/], count 1
[rospy.internal][INFO] 2019-03-19 08:18:26,853: topic[/safety/payload_waypoint] adding connection to [http://copter131:48622/], count 2
[rospy.internal][INFO] 2019-03-19 08:18:26,973: topic[/safety/payload_waypoint] adding connection to [http://copter131:48377/], count 3
[rospy.internal][INFO] 2019-03-19 08:18:27,001: topic[/safety/payload_waypoint] adding connection to [http://copter131:52884/], count 4
[rospy.internal][INFO] 2019-03-19 08:18:27,120: topic[/safety/payload_waypoint] adding connection to [http://copter131:43639/], count 5
[rospy.internal][INFO] 2019-03-19 08:18:27,233: topic[/safety/payload_waypoint] adding connection to [http://copter131:53803/], count 6
[rospy.internal][INFO] 2019-03-19 08:18:27,237: topic[/safety/payload_waypoint] adding connection to [http://copter131:57182/], count 7
[rospy.internal][INFO] 2019-03-19 08:18:27,283: topic[/autopilot/heartbeat_onboard] adding connection to [/autopilot], count 0
[rospy.internal][INFO] 2019-03-19 08:18:27,311: topic[/safety/payload_waypoint] adding connection to [http://copter131:50191/], count 8
[rospy.internal][INFO] 2019-03-19 08:18:27,478: topic[/safety/payload_rate] adding connection to [http://copter131:40994/], count 0
[rospy.internal][INFO] 2019-03-19 08:18:27,523: topic[/safety/payload_waypoint] adding connection to [http://copter131:46690/], count 9
[rospy.internal][INFO] 2019-03-19 08:18:27,556: topic[/autopilot/payload_waypoint] adding connection to [/autopilot], count 0
[rospy.internal][INFO] 2019-03-19 08:18:27,752: topic[/safety/payload_waypoint] adding connection to [http://copter131:39053/], count 10
[rospy.internal][INFO] 2019-03-19 08:18:27,873: topic[/autopilot/acs_pose] adding connection to [http://copter131:54699/], count 0
[rospy.internal][INFO] 2019-03-19 08:18:27,874: topic[/autopilot/heartbeat_ground] adding connection to [http://copter131:46958/], count 0
[rosout][WARNING] 2019-03-19 08:18:27,962: establishing proxies for ROS /autopliot/ services
[rospy.internal][INFO] 2019-03-19 08:18:28,041: topic[/safety/payload_waypoint] adding connection to [http://copter131:50357/], count 11
[rospy.internal][INFO] 2019-03-19 08:18:28,044: topic[/swarm_tracker/swarm_uav_states] adding connection to [http://copter131:48566/], count 0
[rospy.internal][INFO] 2019-03-19 08:18:30,368: topic[/safety/payload_waypoint] adding connection to [http://copter131:37219/], count 12
