[rospy.client][INFO] 2019-03-19 08:18:26,447: init_node, name[/smart_shooter], pid[3053]
[xmlrpc][INFO] 2019-03-19 08:18:26,471: XML-RPC server binding to 0.0.0.0:0
[xmlrpc][INFO] 2019-03-19 08:18:26,473: Started XML-RPC server [http://copter131:48377/]
[rospy.impl.masterslave][INFO] 2019-03-19 08:18:26,473: _ready: http://copter131:48377/
[rospy.init][INFO] 2019-03-19 08:18:26,473: ROS Slave URI: [http://copter131:48377/]
[xmlrpc][INFO] 2019-03-19 08:18:26,491: xml rpc node: starting XML-RPC server
[rospy.registration][INFO] 2019-03-19 08:18:26,493: Registering with master node http://localhost:11311
[rospy.init][INFO] 2019-03-19 08:18:26,575: registered with master
[rospy.rosout][INFO] 2019-03-19 08:18:26,576: initializing /rosout core topic
[rospy.rosout][INFO] 2019-03-19 08:18:26,622: connected to core topic /rosout
[rospy.simtime][INFO] 2019-03-19 08:18:26,700: /use_sim_time is not set, will not subscribe to simulated time [/clock] topic
[rospy.internal][INFO] 2019-03-19 08:18:26,837: topic[/rosout] adding connection to [/rosout], count 0
[rospy.internal][INFO] 2019-03-19 08:18:27,518: topic[/safety/payload_waypoint] adding connection to [/safety], count 0
[rospy.internal][INFO] 2019-03-19 08:18:27,913: topic[/autopilot/status] adding connection to [http://copter131:54699/], count 0
[rospy.internal][INFO] 2019-03-19 08:18:28,495: topic[/network/send_swarm_behavior_data] adding connection to [/network], count 0
[rospy.internal][INFO] 2019-03-19 08:18:28,545: topic[/hit_tracker/hit_uavs] adding connection to [http://copter131:53559/], count 0
[rospy.internal][INFO] 2019-03-19 08:18:28,546: topic[/swarm_control/behavior_status] adding connection to [/swarm_control], count 0
[rospy.internal][INFO] 2019-03-19 08:18:28,547: topic[/autopilot/acs_pose] adding connection to [http://copter131:54699/], count 0
[rospy.internal][INFO] 2019-03-19 08:18:28,577: topic[/air_to_air/firing_reports] adding connection to [/network], count 0
[rospy.internal][INFO] 2019-03-19 08:18:28,660: topic[/swarm_control/subswarm_id] adding connection to [http://copter131:47513/], count 0
[rospy.internal][INFO] 2019-03-19 08:18:28,787: topic[/swarm_control/ap_intent] adding connection to [http://copter131:47513/], count 0
