[rospy.client][INFO] 2012-12-31 16:00:17,202: init_node, name[/swarm_tracker], pid[2822]
[xmlrpc][INFO] 2012-12-31 16:00:17,206: XML-RPC server binding to 0.0.0.0:0
[rospy.init][INFO] 2012-12-31 16:00:17,209: ROS Slave URI: [http://copter131:48566/]
[xmlrpc][INFO] 2012-12-31 16:00:17,209: Started XML-RPC server [http://copter131:48566/]
[rospy.impl.masterslave][INFO] 2012-12-31 16:00:17,209: _ready: http://copter131:48566/
[rospy.registration][INFO] 2012-12-31 16:00:17,225: Registering with master node http://localhost:11311
[xmlrpc][INFO] 2012-12-31 16:00:17,225: xml rpc node: starting XML-RPC server
[rospy.init][INFO] 2012-12-31 16:00:17,309: registered with master
[rospy.rosout][INFO] 2012-12-31 16:00:17,310: initializing /rosout core topic
[rospy.rosout][INFO] 2012-12-31 16:00:17,396: connected to core topic /rosout
[rospy.simtime][INFO] 2019-03-19 08:18:25,019: /use_sim_time is not set, will not subscribe to simulated time [/clock] topic
[rospy.internal][INFO] 2019-03-19 08:18:25,088: topic[/rosout] adding connection to [/rosout], count 0
[rospy.internal][INFO] 2019-03-19 08:18:27,842: topic[/autopilot/acs_pose] adding connection to [http://copter131:54699/], count 0
[rospy.internal][INFO] 2019-03-19 08:18:27,921: topic[/autopilot/status] adding connection to [http://copter131:54699/], count 0
[rospy.internal][INFO] 2019-03-19 08:18:28,047: topic[/swarm_tracker/swarm_uav_states] adding connection to [/safety], count 0
[rospy.internal][INFO] 2019-03-19 08:18:28,452: topic[/swarm_tracker/swarm_uav_states] adding connection to [/swarm_control], count 1
[rospy.internal][INFO] 2019-03-19 08:18:28,678: topic[/swarm_control/subswarm_id] adding connection to [http://copter131:47513/], count 0
[rospy.internal][INFO] 2019-03-19 08:18:28,695: topic[/swarm_control/swarm_state] adding connection to [http://copter131:47513/], count 0
[rospy.internal][INFO] 2019-03-19 08:18:28,748: topic[/swarm_control/swarm_behavior] adding connection to [http://copter131:47513/], count 0
[rosout][WARNING] 2019-03-19 08:18:42,621: UAV 131 possible crash: no updates for 6.000000 secs
[rosout][INFO] 2019-03-19 08:18:52,968: Received update to own UAV 131
