[rospy.client][INFO] 2012-12-31 16:00:16,937: init_node, name[/task_runner], pid[2855]
[xmlrpc][INFO] 2012-12-31 16:00:16,938: XML-RPC server binding to 0.0.0.0:0
[rospy.init][INFO] 2012-12-31 16:00:16,940: ROS Slave URI: [http://copter131:53667/]
[xmlrpc][INFO] 2012-12-31 16:00:16,940: Started XML-RPC server [http://copter131:53667/]
[rospy.impl.masterslave][INFO] 2012-12-31 16:00:16,941: _ready: http://copter131:53667/
[xmlrpc][INFO] 2012-12-31 16:00:16,941: xml rpc node: starting XML-RPC server
[rospy.registration][INFO] 2012-12-31 16:00:16,943: Registering with master node http://localhost:11311
[rospy.init][INFO] 2012-12-31 16:00:17,041: registered with master
[rospy.rosout][INFO] 2012-12-31 16:00:17,041: initializing /rosout core topic
[rospy.rosout][INFO] 2012-12-31 16:00:17,169: connected to core topic /rosout
[rospy.simtime][INFO] 2012-12-31 16:00:17,297: /use_sim_time is not set, will not subscribe to simulated time [/clock] topic
[rospy.internal][INFO] 2012-12-31 16:00:17,400: topic[/rosout] adding connection to [/rosout], count 0
[rosout][INFO] 2019-03-19 08:18:26,592: Task Runner: Starting Event 'on_start'
[rosout][INFO] 2019-03-19 08:18:26,693: Task Runner: Event 'on_start' Task 'Tx Power' Time 0.1s: Succeeded
[rosout][INFO] 2019-03-19 08:18:26,694: Task Runner: Completed Event 'on_start'
[rospy.internal][INFO] 2019-03-19 08:18:27,896: topic[/autopilot/status] adding connection to [http://copter131:54699/], count 0
[rosout][INFO] 2019-03-19 08:18:28,251: Task Runner: Starting Event 'on_status'
[rosout][INFO] 2019-03-19 08:18:28,480: Task Runner: Event 'on_status' Task 'AP Set ID' Time 0.2s: Succeeded
[rosout][INFO] 2019-03-19 08:18:28,482: Task Runner: Completed Event 'on_status'
[rosout][INFO] 2019-03-19 08:18:33,702: Task Runner: Starting Event 'on_ready'
[rosout][INFO] 2019-03-19 08:18:33,702: Task Runner: Completed Event 'on_ready'
[rosout][INFO] 2019-03-19 08:18:47,315: Task Runner: Starting Event 'on_arm'
[rosout][INFO] 2019-03-19 08:18:47,370: Task Runner: Event 'on_arm' Task 'Tx Power' Time 0.1s: Succeeded
[rosout][INFO] 2019-03-19 08:18:47,373: Task Runner: Completed Event 'on_arm'
[rosout][INFO] 2019-03-19 08:19:09,870: Task Runner: Starting Event 'on_disarm'
[rosout][INFO] 2019-03-19 08:19:09,871: Task Runner: Completed Event 'on_disarm'
[rosout][INFO] 2019-03-19 08:19:30,252: Task Runner: Starting Event 'on_arm'
[rosout][INFO] 2019-03-19 08:19:30,304: Task Runner: Event 'on_arm' Task 'Tx Power' Time 0.1s: Succeeded
[rosout][INFO] 2019-03-19 08:19:30,306: Task Runner: Completed Event 'on_arm'
[rosout][INFO] 2019-03-19 08:20:00,492: Task Runner: Starting Event 'on_disarm'
[rosout][INFO] 2019-03-19 08:20:00,494: Task Runner: Completed Event 'on_disarm'
