[rospy.client][INFO] 2019-03-19 08:18:26,560: init_node, name[/wingman], pid[3084]
[xmlrpc][INFO] 2019-03-19 08:18:26,562: XML-RPC server binding to 0.0.0.0:0
[rospy.init][INFO] 2019-03-19 08:18:26,564: ROS Slave URI: [http://copter131:46690/]
[xmlrpc][INFO] 2019-03-19 08:18:26,564: Started XML-RPC server [http://copter131:46690/]
[rospy.impl.masterslave][INFO] 2019-03-19 08:18:26,565: _ready: http://copter131:46690/
[xmlrpc][INFO] 2019-03-19 08:18:26,567: xml rpc node: starting XML-RPC server
[rospy.registration][INFO] 2019-03-19 08:18:26,569: Registering with master node http://localhost:11311
[rospy.init][INFO] 2019-03-19 08:18:26,665: registered with master
[rospy.rosout][INFO] 2019-03-19 08:18:26,665: initializing /rosout core topic
[rospy.rosout][INFO] 2019-03-19 08:18:27,294: connected to core topic /rosout
[rospy.simtime][INFO] 2019-03-19 08:18:27,314: /use_sim_time is not set, will not subscribe to simulated time [/clock] topic
[rospy.internal][INFO] 2019-03-19 08:18:27,506: topic[/rosout] adding connection to [/rosout], count 0
[rospy.internal][INFO] 2019-03-19 08:18:27,528: topic[/safety/payload_waypoint] adding connection to [/safety], count 0
[rospy.internal][INFO] 2019-03-19 08:18:27,734: topic[/network/send_swarm_behavior_data] adding connection to [/network], count 0
[rospy.internal][INFO] 2019-03-19 08:18:27,927: topic[/autopilot/status] adding connection to [http://copter131:54699/], count 0
[rospy.internal][INFO] 2019-03-19 08:18:28,072: topic[/autopilot/acs_pose] adding connection to [http://copter131:54699/], count 0
[rospy.internal][INFO] 2019-03-19 08:18:28,139: topic[/hit_tracker/hit_uavs] adding connection to [http://copter131:53559/], count 0
[rospy.internal][INFO] 2019-03-19 08:18:28,227: topic[/air_to_air/firing_reports] adding connection to [/network], count 0
[rospy.internal][INFO] 2019-03-19 08:18:28,249: topic[/autopilot/waypoint_goto] adding connection to [/autopilot], count 0
[rospy.internal][INFO] 2019-03-19 08:18:28,500: topic[/swarm_control/behavior_status] adding connection to [/swarm_control], count 0
[rospy.internal][INFO] 2019-03-19 08:18:28,680: topic[/swarm_control/subswarm_id] adding connection to [http://copter131:47513/], count 0
[rospy.internal][INFO] 2019-03-19 08:18:28,768: topic[/swarm_control/ap_intent] adding connection to [http://copter131:47513/], count 0
