[rosmaster.main][INFO] 2012-12-31 16:00:14,913: initialization complete, waiting for shutdown
[rosmaster.main][INFO] 2012-12-31 16:00:14,913: Starting ROS Master Node
[xmlrpc][INFO] 2012-12-31 16:00:14,915: XML-RPC server binding to 0.0.0.0:11311
[xmlrpc][INFO] 2012-12-31 16:00:14,916: Started XML-RPC server [http://copter131:11311/]
[rosmaster.master][INFO] 2012-12-31 16:00:14,916: Master initialized: port[11311], uri[http://copter131:11311/]
[xmlrpc][INFO] 2012-12-31 16:00:14,916: xml rpc node: starting XML-RPC server
[rosmaster.master][INFO] 2012-12-31 16:00:15,003: +PARAM [/run_id] by /roslaunch
[rosmaster.master][INFO] 2012-12-31 16:00:15,006: +PARAM [/roslaunch/uris/host_copter131__43727] by /roslaunch
[rosmaster.master][INFO] 2012-12-31 16:00:15,124: +PARAM [/swarm_team] by /roslaunch
[rosmaster.master][INFO] 2012-12-31 16:00:15,124: +PARAM [/rosdistro] by /roslaunch
[rosmaster.master][INFO] 2012-12-31 16:00:15,124: +PARAM [/aircraft_name] by /roslaunch
[rosmaster.master][INFO] 2012-12-31 16:00:15,124: +PARAM [/fetch_enable] by /roslaunch
[rosmaster.master][INFO] 2012-12-31 16:00:15,125: +PARAM [/dis_between_land_points] by /roslaunch
[rosmaster.master][INFO] 2012-12-31 16:00:15,125: +PARAM [/network_port] by /roslaunch
[rosmaster.master][INFO] 2012-12-31 16:00:15,125: +PARAM [/aircraft_id] by /roslaunch
[rosmaster.master][INFO] 2012-12-31 16:00:15,125: +PARAM [/do_deconflict_land] by /roslaunch
[rosmaster.master][INFO] 2012-12-31 16:00:15,126: +PARAM [/subswarm_id] by /roslaunch
[rosmaster.master][INFO] 2012-12-31 16:00:15,126: +PARAM [/aircraft_type] by /roslaunch
[rosmaster.master][INFO] 2012-12-31 16:00:15,126: +PARAM [/sensor_range] by /roslaunch
[rosmaster.master][INFO] 2012-12-31 16:00:15,126: +PARAM [/rosversion] by /roslaunch
[rosmaster.master][INFO] 2012-12-31 16:00:15,127: +PARAM [/runway_pt2_lat] by /roslaunch
[rosmaster.master][INFO] 2012-12-31 16:00:15,127: +PARAM [/runway_pt2_lon] by /roslaunch
[rosmaster.master][INFO] 2012-12-31 16:00:15,127: +PARAM [/flight_ready] by /roslaunch
[rosmaster.master][INFO] 2012-12-31 16:00:15,127: +PARAM [/runway_pt1_lat] by /roslaunch
[rosmaster.master][INFO] 2012-12-31 16:00:15,128: +PARAM [/network_device] by /roslaunch
[rosmaster.master][INFO] 2012-12-31 16:00:15,128: +PARAM [/verify_enable] by /roslaunch
[rosmaster.master][INFO] 2012-12-31 16:00:15,128: +PARAM [/rosbag_enable] by /roslaunch
[rosmaster.master][INFO] 2012-12-31 16:00:15,128: +PARAM [/runway_pt1_lon] by /roslaunch
[rosmaster.master][INFO] 2012-12-31 16:00:15,228: +SERVICE [/rosout/get_loggers] /rosout http://copter131:42156/
[rosmaster.master][INFO] 2012-12-31 16:00:15,230: +SERVICE [/rosout/set_logger_level] /rosout http://copter131:42156/
[rosmaster.master][INFO] 2012-12-31 16:00:15,234: +PUB [/rosout_agg] /rosout http://copter131:42156/
[rosmaster.master][INFO] 2012-12-31 16:00:15,243: +SUB [/rosout] /rosout http://copter131:42156/
[rosmaster.master][INFO] 2012-12-31 16:00:16,590: +PUB [/rosout] /safety http://copter131:35282/
[rosmaster.master][INFO] 2012-12-31 16:00:16,618: publisherUpdate[/rosout] -> http://copter131:42156/
[rosmaster.master][INFO] 2012-12-31 16:00:16,665: +SERVICE [/safety/get_loggers] /safety http://copter131:35282/
[rosmaster.master][INFO] 2012-12-31 16:00:16,675: +SERVICE [/safety/set_logger_level] /safety http://copter131:35282/
[rosmaster.master][INFO] 2012-12-31 16:00:16,811: +PUB [/rosout] /network http://copter131:40290/
[rosmaster.master][INFO] 2012-12-31 16:00:16,819: publisherUpdate[/rosout] -> http://copter131:42156/
[rosmaster.master][INFO] 2012-12-31 16:00:16,912: +SERVICE [/network/get_loggers] /network http://copter131:40290/
[rosmaster.master][INFO] 2012-12-31 16:00:16,940: +SERVICE [/network/set_logger_level] /network http://copter131:40290/
[rosmaster.master][INFO] 2012-12-31 16:00:16,942: +PUB [/autopilot/heartbeat_onboard] /safety http://copter131:35282/
[rosmaster.master][INFO] 2012-12-31 16:00:16,971: +PUB [/safety/healthy] /safety http://copter131:35282/
[rosmaster.master][INFO] 2012-12-31 16:00:16,995: +PUB [/autopilot/payload_waypoint] /safety http://copter131:35282/
[rosmaster.master][INFO] 2012-12-31 16:00:17,020: +PUB [/autopilot/payload_rate] /safety http://copter131:35282/
[rosmaster.master][INFO] 2012-12-31 16:00:17,035: +PUB [/rosout] /hit_tracker http://copter131:58504/
[rosmaster.master][INFO] 2012-12-31 16:00:17,055: +PUB [/autopilot/payload_attitude] /safety http://copter131:35282/
[rosmaster.master][INFO] 2012-12-31 16:00:17,125: publisherUpdate[/rosout] -> http://copter131:42156/
[rosmaster.master][INFO] 2012-12-31 16:00:17,170: +PUB [/rosout] /recv_pose_rate http://copter131:35801/
[rosmaster.master][INFO] 2012-12-31 16:00:17,215: +SERVICE [/hit_tracker/get_loggers] /hit_tracker http://copter131:58504/
[rosmaster.master][INFO] 2012-12-31 16:00:17,227: publisherUpdate[/rosout] -> http://copter131:42156/
[rosmaster.master][INFO] 2012-12-31 16:00:17,296: +PUB [/rosout] /task_runner http://copter131:50796/
[rosmaster.master][INFO] 2012-12-31 16:00:17,301: +SERVICE [/hit_tracker/set_logger_level] /hit_tracker http://copter131:58504/
[rosmaster.master][INFO] 2012-12-31 16:00:17,330: publisherUpdate[/rosout] -> http://copter131:42156/
[rosmaster.master][INFO] 2012-12-31 16:00:17,347: +SERVICE [/recv_pose_rate/get_loggers] /recv_pose_rate http://copter131:35801/
[rosmaster.master][INFO] 2012-12-31 16:00:17,390: +SERVICE [/hit_tracker/reset] /hit_tracker http://copter131:58504/
[rosmaster.master][INFO] 2012-12-31 16:00:17,420: +PUB [/rosout] /autopilot http://copter131:57597/
[rosmaster.master][INFO] 2012-12-31 16:00:17,431: publisherUpdate[/rosout] -> http://copter131:42156/
[rosmaster.master][INFO] 2012-12-31 16:00:17,470: +SERVICE [/recv_pose_rate/set_logger_level] /recv_pose_rate http://copter131:35801/
[rosmaster.master][INFO] 2012-12-31 16:00:17,500: +SERVICE [/task_runner/get_loggers] /task_runner http://copter131:50796/
[rosmaster.master][INFO] 2012-12-31 16:00:17,604: +SUB [/autopilot/heartbeat_ground] /safety http://copter131:35282/
[rosmaster.master][INFO] 2012-12-31 16:00:17,620: +SERVICE [/task_runner/set_logger_level] /task_runner http://copter131:50796/
[rosmaster.master][INFO] 2012-12-31 16:00:17,674: +SERVICE [/autopilot/get_loggers] /autopilot http://copter131:57597/
[rosmaster.master][INFO] 2012-12-31 16:00:17,834: +SERVICE [/autopilot/set_logger_level] /autopilot http://copter131:57597/
[rosmaster.master][INFO] 2012-12-31 16:00:17,950: +SUB [/swarm_control/subswarm_id] /network http://copter131:40290/
[rosmaster.master][INFO] 2012-12-31 16:00:18,014: +PARAM [/subswarm_id] by /unnamed
[rosmaster.master][INFO] 2012-12-31 16:00:18,112: +SUB [/network/recv_swarm_data] /hit_tracker http://copter131:58504/
[rosmaster.master][INFO] 2012-12-31 16:00:18,115: +PUB [/rosout] /red_tracker http://copter131:42315/
[rosmaster.master][INFO] 2012-12-31 16:00:18,135: publisherUpdate[/rosout] -> http://copter131:42156/
[rosmaster.master][INFO] 2012-12-31 16:00:18,138: +SUB [/network/recv_pose] /recv_pose_rate http://copter131:35801/
[rosmaster.master][INFO] 2012-12-31 16:00:18,216: +PUB [/logging/recv_pose_rate] /recv_pose_rate http://copter131:35801/
[rosmaster.master][INFO] 2012-12-31 16:00:18,223: +SUB [/autopilot/acs_pose] /safety http://copter131:35282/
[rosmaster.master][INFO] 2012-12-31 16:00:18,231: +SUB [/autopilot/status] /task_runner http://copter131:50796/
[rosmaster.master][INFO] 2012-12-31 16:00:18,275: +SERVICE [/red_tracker/get_loggers] /red_tracker http://copter131:42315/
[rosmaster.master][INFO] 2012-12-31 16:00:18,315: +PUB [/rosout] /simple_ground_attack http://copter131:57310/
[rosmaster.master][INFO] 2012-12-31 16:00:18,340: publisherUpdate[/rosout] -> http://copter131:42156/
[rosmaster.master][INFO] 2012-12-31 16:00:18,380: +SERVICE [/red_tracker/set_logger_level] /red_tracker http://copter131:42315/
[rosmaster.master][INFO] 2012-12-31 16:00:18,411: +PUB [/rosout] /swarm_tracker http://copter131:55215/
[rosmaster.master][INFO] 2012-12-31 16:00:18,436: +PUB [/rosout] /independent_transit http://copter131:57324/
[rosmaster.master][INFO] 2012-12-31 16:00:18,442: publisherUpdate[/rosout] -> http://copter131:42156/
[rosmaster.master][INFO] 2012-12-31 16:00:18,448: publisherUpdate[/rosout] -> http://copter131:42156/
[rosmaster.master][INFO] 2012-12-31 16:00:18,645: +SUB [/network/net_reset] /hit_tracker http://copter131:58504/
[rosmaster.master][INFO] 2012-12-31 16:00:18,671: +SERVICE [/swarm_tracker/get_loggers] /swarm_tracker http://copter131:55215/
[rosmaster.master][INFO] 2012-12-31 16:00:18,673: +SERVICE [/independent_transit/get_loggers] /independent_transit http://copter131:57324/
[rosmaster.master][INFO] 2012-12-31 16:00:18,694: +PUB [/hit_tracker/hit_uavs] /hit_tracker http://copter131:58504/
[rosmaster.master][INFO] 2012-12-31 16:00:18,707: +SERVICE [/swarm_tracker/set_logger_level] /swarm_tracker http://copter131:55215/
[rosmaster.master][INFO] 2012-12-31 16:00:18,721: +SERVICE [/independent_transit/set_logger_level] /independent_transit http://copter131:57324/
[rosmaster.master][INFO] 2012-12-31 16:00:18,833: +PUB [/rosout] /swarm_control http://copter131:48074/
[rosmaster.master][INFO] 2012-12-31 16:00:18,835: +SUB [/swarm_control/swarm_behavior] /network http://copter131:40290/
[rosmaster.master][INFO] 2012-12-31 16:00:18,846: publisherUpdate[/rosout] -> http://copter131:42156/
[rosmaster.master][INFO] 2012-12-31 16:00:19,061: +SERVICE [/swarm_control/get_loggers] /swarm_control http://copter131:48074/
[rosmaster.master][INFO] 2012-12-31 16:00:19,099: +PUB [/rosout] /swarm_landing_sequencer http://copter131:60101/
[rosmaster.master][INFO] 2012-12-31 16:00:19,153: publisherUpdate[/rosout] -> http://copter131:42156/
[rosmaster.master][INFO] 2012-12-31 16:00:19,204: +SERVICE [/swarm_control/set_logger_level] /swarm_control http://copter131:48074/
[rosmaster.master][INFO] 2012-12-31 16:00:19,240: +SUB [/autopilot/acs_pose] /swarm_tracker http://copter131:55215/
[rosmaster.master][INFO] 2012-12-31 16:00:19,263: +SUB [/safety/payload_waypoint] /safety http://copter131:35282/
[rosmaster.master][INFO] 2012-12-31 16:00:19,303: +SERVICE [/swarm_control/register_behavior] /swarm_control http://copter131:48074/
[rosmaster.master][INFO] 2012-12-31 16:00:19,320: +SERVICE [/swarm_landing_sequencer/get_loggers] /swarm_landing_sequencer http://copter131:60101/
[rosmaster.master][INFO] 2012-12-31 16:00:19,368: +SERVICE [/swarm_control/run_behavior] /swarm_control http://copter131:48074/
[rosmaster.master][INFO] 2012-12-31 16:00:19,378: +SERVICE [/swarm_landing_sequencer/set_logger_level] /swarm_landing_sequencer http://copter131:60101/
[rosmaster.master][INFO] 2012-12-31 16:00:19,464: +SERVICE [/swarm_control/pause_behavior] /swarm_control http://copter131:48074/
[rosmaster.master][INFO] 2012-12-31 16:00:19,496: +SERVICE [/simple_ground_attack/get_loggers] /simple_ground_attack http://copter131:57310/
[rosmaster.master][INFO] 2012-12-31 16:00:19,565: +SERVICE [/swarm_control/set_subswarm] /swarm_control http://copter131:48074/
[rosmaster.master][INFO] 2012-12-31 16:00:19,575: +PUB [/rosout] /smart_shooter http://copter131:53343/
[rosmaster.master][INFO] 2012-12-31 16:00:19,595: +PUB [/rosout] /wingman http://copter131:58330/
[rosmaster.master][INFO] 2012-12-31 16:00:19,646: +PUB [/safety/payload_waypoint] /greedy_shooter http://copter131:59685/
[rosmaster.master][INFO] 2012-12-31 16:00:19,651: +SERVICE [/swarm_control/set_swarm_state] /swarm_control http://copter131:48074/
[rosmaster.master][INFO] 2012-12-31 16:00:19,656: publisherUpdate[/rosout] -> http://copter131:42156/
[rosmaster.master][INFO] 2012-12-31 16:00:19,657: publisherUpdate[/safety/payload_waypoint] -> http://copter131:35282/
[rosmaster.master][INFO] 2012-12-31 16:00:19,664: publisherUpdate[/rosout] -> http://copter131:42156/
[rosmaster.master][INFO] 2012-12-31 16:00:19,680: +SUB [/autopilot/status] /greedy_shooter http://copter131:59685/
[rosmaster.master][INFO] 2012-12-31 16:00:19,688: +SERVICE [/smart_shooter/get_loggers] /smart_shooter http://copter131:53343/
[rosmaster.master][INFO] 2012-12-31 16:00:19,692: +SERVICE [/wingman/get_loggers] /wingman http://copter131:58330/
[rosmaster.master][INFO] 2012-12-31 16:00:19,694: +SUB [/network/recv_pose] /swarm_tracker http://copter131:55215/
[rosmaster.master][INFO] 2012-12-31 16:00:19,696: +SUB [/safety/payload_rate] /safety http://copter131:35282/
[rosmaster.master][INFO] 2012-12-31 16:00:19,703: +SERVICE [/smart_shooter/set_logger_level] /smart_shooter http://copter131:53343/
[rosmaster.master][INFO] 2012-12-31 16:00:19,708: +SERVICE [/wingman/set_logger_level] /wingman http://copter131:58330/
[rosmaster.master][INFO] 2012-12-31 16:00:19,720: +SUB [/autopilot/acs_pose] /red_tracker http://copter131:42315/
[rosmaster.master][INFO] 2012-12-31 16:00:19,766: +PUB [/rosout] /greedy_shooter http://copter131:59685/
[rosmaster.master][INFO] 2012-12-31 16:00:19,771: publisherUpdate[/rosout] -> http://copter131:42156/
[rosmaster.master][INFO] 2012-12-31 16:00:19,819: +SUB [/network/swarm_sub_behavior] /network http://copter131:40290/
[rosmaster.master][INFO] 2012-12-31 16:00:19,822: +SERVICE [/greedy_shooter/get_loggers] /greedy_shooter http://copter131:59685/
[rosmaster.master][INFO] 2012-12-31 16:00:19,832: +SERVICE [/greedy_shooter/set_logger_level] /greedy_shooter http://copter131:59685/
[rosmaster.master][INFO] 2012-12-31 16:00:19,834: +SUB [/network/recv_swarm_ctl_state] /swarm_tracker http://copter131:55215/
[rosmaster.master][INFO] 2012-12-31 16:00:19,836: +SUB [/safety/payload_attitude] /safety http://copter131:35282/
[rosmaster.master][INFO] 2012-12-31 16:00:19,850: +SUB [/autopilot/status] /smart_shooter http://copter131:53343/
[rosmaster.master][INFO] 2012-12-31 16:00:19,855: +SUB [/network/recv_red_pose] /red_tracker http://copter131:42315/
[rosmaster.master][INFO] 2012-12-31 16:00:19,863: +PUB [/safety/payload_waypoint] /smart_shooter http://copter131:53343/
[rosmaster.master][INFO] 2012-12-31 16:00:19,867: publisherUpdate[/safety/payload_waypoint] -> http://copter131:35282/
[rosmaster.master][INFO] 2012-12-31 16:00:19,871: +PUB [/red_tracker/red_uav_states] /red_tracker http://copter131:42315/
[rosmaster.master][INFO] 2012-12-31 16:00:19,912: +SUB [/swarm_control/behavior_summary] /network http://copter131:40290/
[rosmaster.master][INFO] 2012-12-31 16:00:19,916: +SUB [/autopilot/status] /wingman http://copter131:58330/
[rosmaster.master][INFO] 2012-12-31 16:00:19,923: +SUB [/swarm_control/subswarm_id] /greedy_shooter http://copter131:59685/
[rosmaster.master][INFO] 2012-12-31 16:00:19,931: +PUB [/safety/payload_waypoint] /wingman http://copter131:58330/
[rosmaster.master][INFO] 2012-12-31 16:00:19,933: +SUB [/swarm_control/subswarm_id] /swarm_tracker http://copter131:55215/
[rosmaster.master][INFO] 2012-12-31 16:00:19,945: +SUB [/swarm_control/subswarm_id] /smart_shooter http://copter131:53343/
[rosmaster.master][INFO] 2012-12-31 16:00:19,973: publisherUpdate[/safety/payload_waypoint] -> http://copter131:35282/
[rosmaster.master][INFO] 2012-12-31 16:00:19,992: +SUB [/autopilot/status] /network http://copter131:40290/
[rosmaster.master][INFO] 2012-12-31 16:00:19,997: +SUB [/swarm_control/ap_intent] /greedy_shooter http://copter131:59685/
[rosmaster.master][INFO] 2012-12-31 16:00:20,002: +PUB [/rosout] /patrol_box_shooter http://copter131:58929/
[rosmaster.master][INFO] 2012-12-31 16:00:20,009: +SUB [/swarm_control/swarm_state] /swarm_tracker http://copter131:55215/
[rosmaster.master][INFO] 2012-12-31 16:00:20,012: +SUB [/swarm_control/subswarm_id] /wingman http://copter131:58330/
[rosmaster.master][INFO] 2012-12-31 16:00:20,024: +SUB [/swarm_control/ap_intent] /smart_shooter http://copter131:53343/
[rosmaster.master][INFO] 2012-12-31 16:00:20,039: +SERVICE [/patrol_box_shooter/get_loggers] /patrol_box_shooter http://copter131:58929/
[rosmaster.master][INFO] 2012-12-31 16:00:20,046: +PUB [/rosout] /linear_formation http://copter131:48431/
[rosmaster.master][INFO] 2012-12-31 16:00:20,055: +SERVICE [/patrol_box_shooter/set_logger_level] /patrol_box_shooter http://copter131:58929/
[rosmaster.master][INFO] 2012-12-31 16:00:20,063: +SUB [/autopilot/acs_pose] /network http://copter131:40290/
[rosmaster.master][INFO] 2012-12-31 16:00:20,065: +SUB [/network/recv_swarm_data] /greedy_shooter http://copter131:59685/
[rosmaster.master][INFO] 2012-12-31 16:00:20,074: +SERVICE [/linear_formation/get_loggers] /linear_formation http://copter131:48431/
[rosmaster.master][INFO] 2012-12-31 16:00:20,077: +PUB [/swarm_control/behavior_status] /greedy_shooter http://copter131:59685/
[rosmaster.master][INFO] 2012-12-31 16:00:20,078: publisherUpdate[/rosout] -> http://copter131:42156/
[rosmaster.master][INFO] 2012-12-31 16:00:20,086: +SUB [/swarm_control/ap_intent] /wingman http://copter131:58330/
[rosmaster.master][INFO] 2012-12-31 16:00:20,086: publisherUpdate[/rosout] -> http://copter131:42156/
[rosmaster.master][INFO] 2012-12-31 16:00:20,088: +SUB [/swarm_control/swarm_behavior] /swarm_tracker http://copter131:55215/
[rosmaster.master][INFO] 2012-12-31 16:00:20,093: +SERVICE [/linear_formation/set_logger_level] /linear_formation http://copter131:48431/
[rosmaster.master][INFO] 2012-12-31 16:00:20,100: +PUB [/network/send_swarm_behavior_data] /greedy_shooter http://copter131:59685/
[rosmaster.master][INFO] 2012-12-31 16:00:20,110: +SUB [/network/recv_swarm_data] /smart_shooter http://copter131:53343/
[rosmaster.master][INFO] 2012-12-31 16:00:20,112: +PUB [/rosout] /evader http://copter131:33294/
[rosmaster.master][INFO] 2012-12-31 16:00:20,117: +SERVICE [/greedy_shooter/set] /greedy_shooter http://copter131:59685/
[rosmaster.master][INFO] 2012-12-31 16:00:20,127: +PUB [/swarm_control/behavior_status] /smart_shooter http://copter131:53343/
[rosmaster.master][INFO] 2012-12-31 16:00:20,135: +SERVICE [/greedy_shooter/run] /greedy_shooter http://copter131:59685/
[rosmaster.master][INFO] 2012-12-31 16:00:20,142: +PUB [/network/send_swarm_behavior_data] /smart_shooter http://copter131:53343/
[rosmaster.master][INFO] 2012-12-31 16:00:20,144: +SERVICE [/evader/get_loggers] /evader http://copter131:33294/
[rosmaster.master][INFO] 2012-12-31 16:00:20,147: +SERVICE [/greedy_shooter/pause] /greedy_shooter http://copter131:59685/
[rosmaster.master][INFO] 2012-12-31 16:00:20,154: +SERVICE [/smart_shooter/set] /smart_shooter http://copter131:53343/
[rosmaster.master][INFO] 2012-12-31 16:00:20,157: +SERVICE [/evader/set_logger_level] /evader http://copter131:33294/
[rosmaster.master][INFO] 2012-12-31 16:00:20,159: +SUB [/swarm_control/swarm_state] /network http://copter131:40290/
[rosmaster.master][INFO] 2012-12-31 16:00:20,170: +SERVICE [/smart_shooter/run] /smart_shooter http://copter131:53343/
[rosmaster.master][INFO] 2012-12-31 16:00:20,180: +SUB [/autopilot/status] /swarm_tracker http://copter131:55215/
[rosmaster.master][INFO] 2012-12-31 16:00:20,182: +SERVICE [/smart_shooter/pause] /smart_shooter http://copter131:53343/
[rosmaster.master][INFO] 2012-12-31 16:00:20,183: publisherUpdate[/rosout] -> http://copter131:42156/
[rosmaster.master][INFO] 2012-12-31 16:00:20,190: +PUB [/swarm_tracker/swarm_uav_states] /swarm_tracker http://copter131:55215/
[rosmaster.master][INFO] 2012-12-31 16:00:20,207: +SUB [/network/send_swarm_behavior_data] /network http://copter131:40290/
[rosmaster.master][INFO] 2012-12-31 16:00:20,209: +SUB [/autopilot/status] /evader http://copter131:33294/
[rosmaster.master][INFO] 2012-12-31 16:00:20,214: +PUB [/safety/payload_waypoint] /evader http://copter131:33294/
[rosmaster.master][INFO] 2012-12-31 16:00:20,243: +SUB [/air_to_air/firing_reports] /network http://copter131:40290/
[rosmaster.master][INFO] 2012-12-31 16:00:20,247: +SUB [/swarm_control/subswarm_id] /evader http://copter131:33294/
[rosmaster.master][INFO] 2012-12-31 16:00:20,263: +SUB [/network/payload_intent] /network http://copter131:40290/
[rosmaster.master][INFO] 2012-12-31 16:00:20,265: +SUB [/swarm_control/ap_intent] /evader http://copter131:33294/
[rosmaster.master][INFO] 2012-12-31 16:00:20,284: publisherUpdate[/safety/payload_waypoint] -> http://copter131:35282/
[rosmaster.master][INFO] 2012-12-31 16:00:20,286: +SUB [/network/recv_swarm_data] /evader http://copter131:33294/
[rosmaster.master][INFO] 2012-12-31 16:00:20,290: +PUB [/swarm_control/behavior_status] /evader http://copter131:33294/
[rosmaster.master][INFO] 2012-12-31 16:00:20,297: +PUB [/network/send_swarm_behavior_data] /evader http://copter131:33294/
[rosmaster.master][INFO] 2012-12-31 16:00:20,300: +SERVICE [/evader/set] /evader http://copter131:33294/
[rosmaster.master][INFO] 2012-12-31 16:00:20,304: +SERVICE [/evader/run] /evader http://copter131:33294/
[rosmaster.master][INFO] 2012-12-31 16:00:20,307: +SERVICE [/evader/pause] /evader http://copter131:33294/
[rosmaster.master][INFO] 2012-12-31 16:00:20,321: +SUB [/autopilot/acs_pose] /evader http://copter131:33294/
[rosmaster.master][INFO] 2012-12-31 16:00:20,334: +SUB [/hit_tracker/hit_uavs] /evader http://copter131:33294/
[rosmaster.master][INFO] 2012-12-31 16:00:20,381: +SUB [/autopilot/status] /patrol_box_shooter http://copter131:58929/
[rosmaster.master][INFO] 2012-12-31 16:00:20,383: +PUB [/safety/payload_waypoint] /patrol_box_shooter http://copter131:58929/
[rosmaster.master][INFO] 2012-12-31 16:00:20,389: publisherUpdate[/network/send_swarm_behavior_data] -> http://copter131:40290/
[rosmaster.master][INFO] 2012-12-31 16:00:20,392: publisherUpdate[/safety/payload_waypoint] -> http://copter131:35282/
[rosmaster.master][INFO] 2012-12-31 16:00:20,401: +SUB [/swarm_control/subswarm_id] /patrol_box_shooter http://copter131:58929/
[rosmaster.master][INFO] 2012-12-31 16:00:20,419: +SUB [/swarm_control/ap_intent] /patrol_box_shooter http://copter131:58929/
[rosmaster.master][INFO] 2012-12-31 16:00:20,435: +SUB [/network/recv_swarm_data] /patrol_box_shooter http://copter131:58929/
[rosmaster.master][INFO] 2012-12-31 16:00:20,440: +PUB [/swarm_control/behavior_status] /patrol_box_shooter http://copter131:58929/
[rosmaster.master][INFO] 2012-12-31 16:00:20,443: +PUB [/network/send_swarm_behavior_data] /patrol_box_shooter http://copter131:58929/
[rosmaster.master][INFO] 2012-12-31 16:00:20,447: +SERVICE [/patrol_box_shooter/set] /patrol_box_shooter http://copter131:58929/
[rosmaster.master][INFO] 2012-12-31 16:00:20,450: +SERVICE [/patrol_box_shooter/run] /patrol_box_shooter http://copter131:58929/
[rosmaster.master][INFO] 2012-12-31 16:00:20,453: +SERVICE [/patrol_box_shooter/pause] /patrol_box_shooter http://copter131:58929/
[rosmaster.master][INFO] 2012-12-31 16:00:20,487: +SUB [/autopilot/status] /swarm_landing_sequencer http://copter131:60101/
[rosmaster.master][INFO] 2012-12-31 16:00:20,492: +PUB [/safety/payload_waypoint] /swarm_landing_sequencer http://copter131:60101/
[rosmaster.master][INFO] 2012-12-31 16:00:20,493: publisherUpdate[/network/send_swarm_behavior_data] -> http://copter131:40290/
[rosmaster.master][INFO] 2012-12-31 16:00:20,498: publisherUpdate[/safety/payload_waypoint] -> http://copter131:35282/
[rosmaster.master][INFO] 2012-12-31 16:00:20,508: +SERVICE [/simple_ground_attack/set_logger_level] /simple_ground_attack http://copter131:57310/
[rosmaster.master][INFO] 2012-12-31 16:00:20,510: +PUB [/rosout] /constrained_shooter http://copter131:47617/
[rosmaster.master][INFO] 2012-12-31 16:00:20,522: +PUB [/autopilot/waypoint_goto] /simple_ground_attack http://copter131:57310/
[rosmaster.master][INFO] 2012-12-31 16:00:20,529: +PUB [/safety/payload_rate] /simple_ground_attack http://copter131:57310/
[rosmaster.master][INFO] 2012-12-31 16:00:20,532: +SUB [/swarm_control/subswarm_id] /swarm_landing_sequencer http://copter131:60101/
[rosmaster.master][INFO] 2012-12-31 16:00:20,534: +SERVICE [/constrained_shooter/get_loggers] /constrained_shooter http://copter131:47617/
[rosmaster.master][INFO] 2012-12-31 16:00:20,536: +PUB [/safety/payload_waypoint] /simple_ground_attack http://copter131:57310/
[rosmaster.master][INFO] 2012-12-31 16:00:20,542: +SERVICE [/constrained_shooter/set_logger_level] /constrained_shooter http://copter131:47617/
[rosmaster.master][INFO] 2012-12-31 16:00:20,569: +SUB [/swarm_control/ap_intent] /swarm_landing_sequencer http://copter131:60101/
[rosmaster.master][INFO] 2012-12-31 16:00:20,571: +SUB [/autopilot/status] /simple_ground_attack http://copter131:57310/
[rosmaster.master][INFO] 2012-12-31 16:00:20,592: +SUB [/autopilot/status] /constrained_shooter http://copter131:47617/
[rosmaster.master][INFO] 2012-12-31 16:00:20,599: publisherUpdate[/rosout] -> http://copter131:42156/
[rosmaster.master][INFO] 2012-12-31 16:00:20,601: +PUB [/safety/payload_waypoint] /constrained_shooter http://copter131:47617/
[rosmaster.master][INFO] 2012-12-31 16:00:20,601: publisherUpdate[/safety/payload_rate] -> http://copter131:35282/
[rosmaster.master][INFO] 2012-12-31 16:00:20,611: +SUB [/swarm_control/subswarm_id] /simple_ground_attack http://copter131:57310/
[rosmaster.master][INFO] 2012-12-31 16:00:20,616: publisherUpdate[/safety/payload_waypoint] -> http://copter131:35282/
[rosmaster.master][INFO] 2012-12-31 16:00:20,617: +SUB [/network/recv_swarm_data] /swarm_landing_sequencer http://copter131:60101/
[rosmaster.master][INFO] 2012-12-31 16:00:20,623: publisherUpdate[/safety/payload_waypoint] -> http://copter131:35282/
[rosmaster.master][INFO] 2012-12-31 16:00:20,630: +PUB [/swarm_control/behavior_status] /swarm_landing_sequencer http://copter131:60101/
[rosmaster.master][INFO] 2012-12-31 16:00:20,635: +PUB [/network/send_swarm_behavior_data] /swarm_landing_sequencer http://copter131:60101/
[rosmaster.master][INFO] 2012-12-31 16:00:20,640: +SERVICE [/swarm_landing_sequencer/set] /swarm_landing_sequencer http://copter131:60101/
[rosmaster.master][INFO] 2012-12-31 16:00:20,644: +SUB [/swarm_control/subswarm_id] /constrained_shooter http://copter131:47617/
[rosmaster.master][INFO] 2012-12-31 16:00:20,646: +SERVICE [/swarm_landing_sequencer/run] /swarm_landing_sequencer http://copter131:60101/
[rosmaster.master][INFO] 2012-12-31 16:00:20,653: +SERVICE [/swarm_landing_sequencer/pause] /swarm_landing_sequencer http://copter131:60101/
[rosmaster.master][INFO] 2012-12-31 16:00:20,657: +SUB [/swarm_control/ap_intent] /simple_ground_attack http://copter131:57310/
[rosmaster.master][INFO] 2012-12-31 16:00:20,682: +PUB [/safety/payload_waypoint] /tactic_interface http://copter131:36729/
[rosmaster.master][INFO] 2012-12-31 16:00:20,688: +SUB [/swarm_control/ap_intent] /constrained_shooter http://copter131:47617/
[rosmaster.master][INFO] 2012-12-31 16:00:20,692: +SUB [/autopilot/status] /tactic_interface http://copter131:36729/
[rosmaster.master][INFO] 2012-12-31 16:00:20,696: +SUB [/network/recv_swarm_data] /simple_ground_attack http://copter131:57310/
[rosmaster.master][INFO] 2012-12-31 16:00:20,701: +PUB [/swarm_control/behavior_status] /simple_ground_attack http://copter131:57310/
[rosmaster.master][INFO] 2012-12-31 16:00:20,706: publisherUpdate[/network/send_swarm_behavior_data] -> http://copter131:40290/
[rosmaster.master][INFO] 2012-12-31 16:00:20,706: publisherUpdate[/safety/payload_waypoint] -> http://copter131:35282/
[rosmaster.master][INFO] 2012-12-31 16:00:20,714: +PUB [/network/send_swarm_behavior_data] /simple_ground_attack http://copter131:57310/
[rosmaster.master][INFO] 2012-12-31 16:00:20,718: +SERVICE [/simple_ground_attack/set] /simple_ground_attack http://copter131:57310/
[rosmaster.master][INFO] 2012-12-31 16:00:20,722: +SERVICE [/simple_ground_attack/run] /simple_ground_attack http://copter131:57310/
[rosmaster.master][INFO] 2012-12-31 16:00:20,727: publisherUpdate[/network/send_swarm_behavior_data] -> http://copter131:40290/
[rosmaster.master][INFO] 2012-12-31 16:00:20,728: +SUB [/network/recv_swarm_data] /constrained_shooter http://copter131:47617/
[rosmaster.master][INFO] 2012-12-31 16:00:20,731: +SERVICE [/simple_ground_attack/pause] /simple_ground_attack http://copter131:57310/
[rosmaster.master][INFO] 2012-12-31 16:00:20,737: +PUB [/swarm_control/behavior_status] /constrained_shooter http://copter131:47617/
[rosmaster.master][INFO] 2012-12-31 16:00:20,750: +PUB [/network/send_swarm_behavior_data] /constrained_shooter http://copter131:47617/
[rosmaster.master][INFO] 2012-12-31 16:00:20,760: +SERVICE [/constrained_shooter/set] /constrained_shooter http://copter131:47617/
[rosmaster.master][INFO] 2012-12-31 16:00:20,765: +SUB [/autopilot/status] /independent_transit http://copter131:57324/
[rosmaster.master][INFO] 2012-12-31 16:00:20,768: +SERVICE [/constrained_shooter/run] /constrained_shooter http://copter131:47617/
[rosmaster.master][INFO] 2012-12-31 16:00:20,774: +SERVICE [/constrained_shooter/pause] /constrained_shooter http://copter131:47617/
[rosmaster.master][INFO] 2012-12-31 16:00:20,776: +PUB [/safety/payload_waypoint] /independent_transit http://copter131:57324/
[rosmaster.master][INFO] 2012-12-31 16:00:20,785: +PUB [/rosout] /tactic_interface http://copter131:36729/
[rosmaster.master][INFO] 2012-12-31 16:00:20,797: +SERVICE [/tactic_interface/get_loggers] /tactic_interface http://copter131:36729/
[rosmaster.master][INFO] 2012-12-31 16:00:20,801: +SERVICE [/tactic_interface/set_logger_level] /tactic_interface http://copter131:36729/
[rosmaster.master][INFO] 2012-12-31 16:00:20,808: +SUB [/swarm_control/subswarm_id] /independent_transit http://copter131:57324/
[rosmaster.master][INFO] 2012-12-31 16:00:20,811: publisherUpdate[/network/send_swarm_behavior_data] -> http://copter131:40290/
[rosmaster.master][INFO] 2012-12-31 16:00:20,812: publisherUpdate[/safety/payload_waypoint] -> http://copter131:35282/
[rosmaster.master][INFO] 2012-12-31 16:00:20,818: publisherUpdate[/rosout] -> http://copter131:42156/
[rosmaster.master][INFO] 2012-12-31 16:00:20,833: +SUB [/swarm_control/subswarm_id] /tactic_interface http://copter131:36729/
[rosmaster.master][INFO] 2012-12-31 16:00:20,835: +SUB [/swarm_control/ap_intent] /independent_transit http://copter131:57324/
[rosmaster.master][INFO] 2012-12-31 16:00:20,852: +SUB [/swarm_control/ap_intent] /tactic_interface http://copter131:36729/
[rosmaster.master][INFO] 2012-12-31 16:00:20,853: +SUB [/network/recv_swarm_data] /independent_transit http://copter131:57324/
[rosmaster.master][INFO] 2012-12-31 16:00:20,857: +PUB [/swarm_control/behavior_status] /independent_transit http://copter131:57324/
[rosmaster.master][INFO] 2012-12-31 16:00:20,862: +PUB [/network/send_swarm_behavior_data] /independent_transit http://copter131:57324/
[rosmaster.master][INFO] 2012-12-31 16:00:20,868: +SERVICE [/independent_transit/set] /independent_transit http://copter131:57324/
[rosmaster.master][INFO] 2012-12-31 16:00:20,873: +SERVICE [/independent_transit/run] /independent_transit http://copter131:57324/
[rosmaster.master][INFO] 2012-12-31 16:00:20,875: +SUB [/network/recv_swarm_data] /tactic_interface http://copter131:36729/
[rosmaster.master][INFO] 2012-12-31 16:00:20,880: +SERVICE [/independent_transit/pause] /independent_transit http://copter131:57324/
[rosmaster.master][INFO] 2012-12-31 16:00:20,883: +PUB [/swarm_control/behavior_status] /tactic_interface http://copter131:36729/
[rosmaster.master][INFO] 2012-12-31 16:00:20,888: +PUB [/network/send_swarm_behavior_data] /tactic_interface http://copter131:36729/
[rosmaster.master][INFO] 2012-12-31 16:00:20,892: +SERVICE [/tactic_interface/set] /tactic_interface http://copter131:36729/
[rosmaster.master][INFO] 2012-12-31 16:00:20,899: +SERVICE [/tactic_interface/run] /tactic_interface http://copter131:36729/
[rosmaster.master][INFO] 2012-12-31 16:00:20,904: +SERVICE [/tactic_interface/pause] /tactic_interface http://copter131:36729/
[rosmaster.master][INFO] 2012-12-31 16:00:20,921: publisherUpdate[/network/send_swarm_behavior_data] -> http://copter131:40290/
[rosmaster.master][INFO] 2012-12-31 16:00:20,925: publisherUpdate[/network/send_swarm_behavior_data] -> http://copter131:40290/
[rosmaster.master][INFO] 2012-12-31 16:00:20,990: +PUB [/rosout] /pn_interceptor http://copter131:33326/
[rosmaster.master][INFO] 2012-12-31 16:00:20,999: +SERVICE [/pn_interceptor/get_loggers] /pn_interceptor http://copter131:33326/
[rosmaster.master][INFO] 2012-12-31 16:00:21,003: +SERVICE [/pn_interceptor/set_logger_level] /pn_interceptor http://copter131:33326/
[rosmaster.master][INFO] 2012-12-31 16:00:21,021: +SUB [/autopilot/status] /pn_interceptor http://copter131:33326/
[rosmaster.master][INFO] 2012-12-31 16:00:21,024: +PUB [/safety/payload_waypoint] /pn_interceptor http://copter131:33326/
[rosmaster.master][INFO] 2012-12-31 16:00:21,025: publisherUpdate[/rosout] -> http://copter131:42156/
[rosmaster.master][INFO] 2012-12-31 16:00:21,029: publisherUpdate[/safety/payload_waypoint] -> http://copter131:35282/
[rosmaster.master][INFO] 2012-12-31 16:00:21,043: +SUB [/swarm_control/subswarm_id] /pn_interceptor http://copter131:33326/
[rosmaster.master][INFO] 2012-12-31 16:00:21,059: +SUB [/swarm_control/ap_intent] /pn_interceptor http://copter131:33326/
[rosmaster.master][INFO] 2012-12-31 16:00:21,080: +SUB [/network/recv_swarm_data] /pn_interceptor http://copter131:33326/
[rosmaster.master][INFO] 2012-12-31 16:00:21,084: +PUB [/swarm_control/behavior_status] /pn_interceptor http://copter131:33326/
[rosmaster.master][INFO] 2012-12-31 16:00:21,088: +PUB [/network/send_swarm_behavior_data] /pn_interceptor http://copter131:33326/
[rosmaster.master][INFO] 2012-12-31 16:00:21,091: +SERVICE [/pn_interceptor/set] /pn_interceptor http://copter131:33326/
[rosmaster.master][INFO] 2012-12-31 16:00:21,096: +SERVICE [/pn_interceptor/run] /pn_interceptor http://copter131:33326/
[rosmaster.master][INFO] 2012-12-31 16:00:21,100: +SERVICE [/pn_interceptor/pause] /pn_interceptor http://copter131:33326/
[rosmaster.master][INFO] 2012-12-31 16:00:21,129: +SUB [/autopilot/status] /linear_formation http://copter131:48431/
[rosmaster.master][INFO] 2012-12-31 16:00:21,133: +PUB [/safety/payload_waypoint] /linear_formation http://copter131:48431/
[rosmaster.master][INFO] 2012-12-31 16:00:21,133: publisherUpdate[/network/send_swarm_behavior_data] -> http://copter131:40290/
[rosmaster.master][INFO] 2012-12-31 16:00:21,136: publisherUpdate[/safety/payload_waypoint] -> http://copter131:35282/
[rosmaster.master][INFO] 2012-12-31 16:00:21,152: +SUB [/swarm_control/subswarm_id] /linear_formation http://copter131:48431/
[rosmaster.master][INFO] 2012-12-31 16:00:21,154: +SUB [/network/recv_swarm_data] /wingman http://copter131:58330/
[rosmaster.master][INFO] 2012-12-31 16:00:21,161: +PUB [/swarm_control/behavior_status] /wingman http://copter131:58330/
[rosmaster.master][INFO] 2012-12-31 16:00:21,169: +PUB [/network/send_swarm_behavior_data] /wingman http://copter131:58330/
[rosmaster.master][INFO] 2012-12-31 16:00:21,174: +SERVICE [/wingman/set] /wingman http://copter131:58330/
[rosmaster.master][INFO] 2012-12-31 16:00:21,177: +SUB [/swarm_control/ap_intent] /linear_formation http://copter131:48431/
[rosmaster.master][INFO] 2012-12-31 16:00:21,179: +SERVICE [/wingman/run] /wingman http://copter131:58330/
[rosmaster.master][INFO] 2012-12-31 16:00:21,183: +SERVICE [/wingman/pause] /wingman http://copter131:58330/
[rosmaster.master][INFO] 2012-12-31 16:00:21,197: +SUB [/network/recv_swarm_data] /linear_formation http://copter131:48431/
[rosmaster.master][INFO] 2012-12-31 16:00:21,201: +PUB [/swarm_control/behavior_status] /linear_formation http://copter131:48431/
[rosmaster.master][INFO] 2012-12-31 16:00:21,204: +PUB [/network/send_swarm_behavior_data] /linear_formation http://copter131:48431/
[rosmaster.master][INFO] 2012-12-31 16:00:21,208: +SERVICE [/linear_formation/set] /linear_formation http://copter131:48431/
[rosmaster.master][INFO] 2012-12-31 16:00:21,212: +SERVICE [/linear_formation/run] /linear_formation http://copter131:48431/
[rosmaster.master][INFO] 2012-12-31 16:00:21,216: +SERVICE [/linear_formation/pause] /linear_formation http://copter131:48431/
[rosmaster.master][INFO] 2012-12-31 16:00:21,238: publisherUpdate[/network/send_swarm_behavior_data] -> http://copter131:40290/
[rosmaster.master][INFO] 2012-12-31 16:00:21,242: publisherUpdate[/network/send_swarm_behavior_data] -> http://copter131:40290/
[rosmaster.master][INFO] 2012-12-31 16:00:21,371: +PUB [/rosout] /patrol_box http://copter131:42627/
[rosmaster.master][INFO] 2012-12-31 16:00:21,380: +SERVICE [/patrol_box/get_loggers] /patrol_box http://copter131:42627/
[rosmaster.master][INFO] 2012-12-31 16:00:21,385: +SERVICE [/patrol_box/set_logger_level] /patrol_box http://copter131:42627/
[rosmaster.master][INFO] 2012-12-31 16:00:21,407: +SUB [/autopilot/status] /patrol_box http://copter131:42627/
[rosmaster.master][INFO] 2012-12-31 16:00:21,411: +PUB [/safety/payload_waypoint] /patrol_box http://copter131:42627/
[rosmaster.master][INFO] 2012-12-31 16:00:21,426: +SUB [/swarm_control/subswarm_id] /patrol_box http://copter131:42627/
[rosmaster.master][INFO] 2012-12-31 16:00:21,438: +SUB [/swarm_control/ap_intent] /patrol_box http://copter131:42627/
[rosmaster.master][INFO] 2012-12-31 16:00:21,439: publisherUpdate[/rosout] -> http://copter131:42156/
[rosmaster.master][INFO] 2012-12-31 16:00:21,445: publisherUpdate[/safety/payload_waypoint] -> http://copter131:35282/
[rosmaster.master][INFO] 2012-12-31 16:00:21,455: +SUB [/network/recv_swarm_data] /patrol_box http://copter131:42627/
[rosmaster.master][INFO] 2012-12-31 16:00:21,459: +PUB [/swarm_control/behavior_status] /patrol_box http://copter131:42627/
[rosmaster.master][INFO] 2012-12-31 16:00:21,462: +PUB [/network/send_swarm_behavior_data] /patrol_box http://copter131:42627/
[rosmaster.master][INFO] 2012-12-31 16:00:21,466: +SERVICE [/patrol_box/set] /patrol_box http://copter131:42627/
[rosmaster.master][INFO] 2012-12-31 16:00:21,470: +SERVICE [/patrol_box/run] /patrol_box http://copter131:42627/
[rosmaster.master][INFO] 2012-12-31 16:00:21,473: +SERVICE [/patrol_box/pause] /patrol_box http://copter131:42627/
[rosmaster.master][INFO] 2012-12-31 16:00:21,488: +SUB [/autopilot/acs_pose] /patrol_box http://copter131:42627/
[rosmaster.master][INFO] 2012-12-31 16:00:21,546: publisherUpdate[/network/send_swarm_behavior_data] -> http://copter131:40290/
[rosmaster.master][INFO] 2019-03-04 16:57:48,332: +SUB [/autopilot/arm] /autopilot http://copter131:57597/
[rosmaster.master][INFO] 2019-03-04 16:57:48,358: +SUB [/autopilot/mode] /autopilot http://copter131:57597/
[rosmaster.master][INFO] 2019-03-04 16:57:48,382: +SUB [/autopilot/guided_goto] /autopilot http://copter131:57597/
[rosmaster.master][INFO] 2019-03-04 16:57:48,406: +SUB [/autopilot/waypoint_goto] /autopilot http://copter131:57597/
[rosmaster.master][INFO] 2019-03-04 16:57:48,458: +SUB [/autopilot/heartbeat_onboard] /autopilot http://copter131:57597/
[rosmaster.master][INFO] 2019-03-04 16:57:48,476: +SUB [/autopilot/heartbeat_ground] /autopilot http://copter131:57597/
[rosmaster.master][INFO] 2019-03-04 16:57:48,493: +SUB [/autopilot/mode_num] /autopilot http://copter131:57597/
[rosmaster.master][INFO] 2019-03-04 16:57:48,509: +SUB [/autopilot/set_landing] /autopilot http://copter131:57597/
[rosmaster.master][INFO] 2019-03-04 16:57:48,524: +SUB [/autopilot/payload_waypoint] /autopilot http://copter131:57597/
[rosmaster.master][INFO] 2019-03-04 16:57:48,559: +SUB [/autopilot/reboot] /autopilot http://copter131:57597/
[rosmaster.master][INFO] 2019-03-04 16:57:48,575: +SUB [/autopilot/weather_update] /autopilot http://copter131:57597/
[rosmaster.master][INFO] 2019-03-04 16:57:48,592: +SUB [/autopilot/copter_takeoff] /autopilot http://copter131:57597/
[rosmaster.master][INFO] 2019-03-04 16:57:48,595: +SERVICE [/autopilot/cal_pressure] /autopilot http://copter131:57597/
[rosmaster.master][INFO] 2019-03-04 16:57:48,598: +SERVICE [/autopilot/cal_gyros] /autopilot http://copter131:57597/
[rosmaster.master][INFO] 2019-03-04 16:57:48,602: +SERVICE [/autopilot/demo_servos] /autopilot http://copter131:57597/
[rosmaster.master][INFO] 2019-03-04 16:57:48,606: +SERVICE [/autopilot/demo_motor] /autopilot http://copter131:57597/
[rosmaster.master][INFO] 2019-03-04 16:57:48,609: +SERVICE [/autopilot/version] /autopilot http://copter131:57597/
[rosmaster.master][INFO] 2019-03-04 16:57:48,614: +SERVICE [/autopilot/load_param] /autopilot http://copter131:57597/
[rosmaster.master][INFO] 2019-03-04 16:57:48,617: +SERVICE [/autopilot/load_fence] /autopilot http://copter131:57597/
[rosmaster.master][INFO] 2019-03-04 16:57:48,620: +SERVICE [/autopilot/load_rally] /autopilot http://copter131:57597/
[rosmaster.master][INFO] 2019-03-04 16:57:48,623: +SERVICE [/autopilot/load_wp] /autopilot http://copter131:57597/
[rosmaster.master][INFO] 2019-03-04 16:57:48,630: +SERVICE [/autopilot/fpr_param_get] /autopilot http://copter131:57597/
[rosmaster.master][INFO] 2019-03-04 16:57:48,633: +SERVICE [/autopilot/fpr_param_getlist] /autopilot http://copter131:57597/
[rosmaster.master][INFO] 2019-03-04 16:57:48,637: +SERVICE [/autopilot/fpr_param_set] /autopilot http://copter131:57597/
[rosmaster.master][INFO] 2019-03-04 16:57:48,640: +SERVICE [/autopilot/fpr_param_setlist] /autopilot http://copter131:57597/
[rosmaster.master][INFO] 2019-03-04 16:57:48,643: +SERVICE [/autopilot/fpr_fence_getall] /autopilot http://copter131:57597/
[rosmaster.master][INFO] 2019-03-04 16:57:48,647: +SERVICE [/autopilot/fpr_fence_setall] /autopilot http://copter131:57597/
[rosmaster.master][INFO] 2019-03-04 16:57:48,652: +SERVICE [/autopilot/fpr_rally_getall] /autopilot http://copter131:57597/
[rosmaster.master][INFO] 2019-03-04 16:57:48,656: +SERVICE [/autopilot/fpr_rally_setall] /autopilot http://copter131:57597/
[rosmaster.master][INFO] 2019-03-04 16:57:48,662: +SERVICE [/autopilot/slave_setup] /autopilot http://copter131:57597/
[rosmaster.master][INFO] 2019-03-04 16:57:48,669: +SERVICE [/autopilot/wp_getall] /autopilot http://copter131:57597/
[rosmaster.master][INFO] 2019-03-04 16:57:48,672: +SERVICE [/autopilot/wp_getrange] /autopilot http://copter131:57597/
[rosmaster.master][INFO] 2019-03-04 16:57:48,675: +SERVICE [/autopilot/wp_getlast] /autopilot http://copter131:57597/
[rosmaster.master][INFO] 2019-03-04 16:57:48,679: +SERVICE [/autopilot/wp_setall] /autopilot http://copter131:57597/
[rosmaster.master][INFO] 2019-03-04 16:57:48,684: +SERVICE [/autopilot/ap_msg_queue_last_n] /autopilot http://copter131:57597/
[rosmaster.master][INFO] 2019-03-04 16:57:48,695: +PUB [/autopilot/acs_pose] /autopilot http://copter131:57597/
[rosmaster.master][INFO] 2019-03-04 16:57:48,701: +PUB [/autopilot/gps] /autopilot http://copter131:57597/
[rosmaster.master][INFO] 2019-03-04 16:57:48,704: +PUB [/autopilot/gps_odom] /autopilot http://copter131:57597/
[rosmaster.master][INFO] 2019-03-04 16:57:48,710: +PUB [/autopilot/imu] /autopilot http://copter131:57597/
[rosmaster.master][INFO] 2019-03-04 16:57:48,778: +SUB [/autopilot/acs_pose] /patrol_box_shooter http://copter131:58929/
[rosmaster.master][INFO] 2019-03-04 16:57:48,780: +SUB [/autopilot/acs_pose] /greedy_shooter http://copter131:59685/
[rosmaster.master][INFO] 2019-03-04 16:57:48,787: publisherUpdate[/autopilot/acs_pose] -> http://copter131:35282/
[rosmaster.master][INFO] 2019-03-04 16:57:48,788: publisherUpdate[/autopilot/acs_pose] -> http://copter131:55215/
[rosmaster.master][INFO] 2019-03-04 16:57:48,788: publisherUpdate[/autopilot/acs_pose] -> http://copter131:42315/
[rosmaster.master][INFO] 2019-03-04 16:57:48,797: publisherUpdate[/autopilot/acs_pose] -> http://copter131:40290/
[rosmaster.master][INFO] 2019-03-04 16:57:48,806: publisherUpdate[/autopilot/acs_pose] -> http://copter131:42627/
[rosmaster.master][INFO] 2019-03-04 16:57:48,806: publisherUpdate[/autopilot/acs_pose] -> http://copter131:33294/
[rosmaster.master][INFO] 2019-03-04 16:57:48,823: +SUB [/autopilot/acs_pose] /constrained_shooter http://copter131:47617/
[rosmaster.master][INFO] 2019-03-04 16:57:48,851: +SUB [/autopilot/acs_pose] /smart_shooter http://copter131:53343/
[rosmaster.master][INFO] 2019-03-04 16:57:48,892: +SUB [/hit_tracker/hit_uavs] /greedy_shooter http://copter131:59685/
[rosmaster.master][INFO] 2019-03-04 16:57:48,897: +SUB [/swarm_tracker/swarm_uav_states] /safety http://copter131:35282/
[rosmaster.master][INFO] 2019-03-04 16:57:48,906: +SERVICE [/safety/set_health_state] /safety http://copter131:35282/
[rosmaster.master][INFO] 2019-03-04 16:57:48,908: +SUB [/hit_tracker/hit_uavs] /constrained_shooter http://copter131:47617/
[rosmaster.master][INFO] 2019-03-04 16:57:48,921: +PUB [/air_to_air/firing_reports] /constrained_shooter http://copter131:47617/
[rosmaster.master][INFO] 2019-03-04 16:57:48,921: publisherUpdate[/air_to_air/firing_reports] -> http://copter131:40290/
[rosmaster.master][INFO] 2019-03-04 16:57:48,937: +SUB [/autopilot/acs_pose] /tactic_interface http://copter131:36729/
[rosmaster.master][INFO] 2019-03-04 16:57:48,942: +PUB [/autopilot/waypoint_goto] /swarm_landing_sequencer http://copter131:60101/
[rosmaster.master][INFO] 2019-03-04 16:57:48,949: +SUB [/network/net_reset] /greedy_shooter http://copter131:59685/
[rosmaster.master][INFO] 2019-03-04 16:57:48,967: +PUB [/air_to_air/firing_reports] /greedy_shooter http://copter131:59685/
[rosmaster.master][INFO] 2019-03-04 16:57:48,976: +PUB [/autopilot/waypoint_goto] /greedy_shooter http://copter131:59685/
[rosmaster.master][INFO] 2019-03-04 16:57:48,990: +SUB [/hit_tracker/hit_uavs] /tactic_interface http://copter131:36729/
[rosmaster.master][INFO] 2019-03-04 16:57:49,014: publisherUpdate[/autopilot/waypoint_goto] -> http://copter131:57597/
[rosmaster.master][INFO] 2019-03-04 16:57:49,020: publisherUpdate[/air_to_air/firing_reports] -> http://copter131:40290/
[rosmaster.master][INFO] 2019-03-04 16:57:49,020: publisherUpdate[/autopilot/waypoint_goto] -> http://copter131:57597/
[rosmaster.master][INFO] 2019-03-04 16:57:49,024: +SUB [/network/net_reset] /tactic_interface http://copter131:36729/
[rosmaster.master][INFO] 2019-03-04 16:57:49,032: +PUB [/air_to_air/firing_reports] /tactic_interface http://copter131:36729/
[rosmaster.master][INFO] 2019-03-04 16:57:49,039: +PUB [/autopilot/waypoint_goto] /tactic_interface http://copter131:36729/
[rosmaster.master][INFO] 2019-03-04 16:57:49,047: +PUB [/network/swarm_sub_behavior] /tactic_interface http://copter131:36729/
[rosmaster.master][INFO] 2019-03-04 16:57:49,128: publisherUpdate[/air_to_air/firing_reports] -> http://copter131:40290/
[rosmaster.master][INFO] 2019-03-04 16:57:49,129: publisherUpdate[/autopilot/waypoint_goto] -> http://copter131:57597/
[rosmaster.master][INFO] 2019-03-04 16:57:49,134: publisherUpdate[/network/swarm_sub_behavior] -> http://copter131:40290/
[rosmaster.master][INFO] 2019-03-04 16:57:49,174: +PUB [/autopilot/status] /autopilot http://copter131:57597/
[rosmaster.master][INFO] 2019-03-04 16:57:49,231: publisherUpdate[/autopilot/status] -> http://copter131:50796/
[rosmaster.master][INFO] 2019-03-04 16:57:49,237: publisherUpdate[/autopilot/status] -> http://copter131:59685/
[rosmaster.master][INFO] 2019-03-04 16:57:49,241: publisherUpdate[/autopilot/status] -> http://copter131:53343/
[rosmaster.master][INFO] 2019-03-04 16:57:49,242: publisherUpdate[/autopilot/status] -> http://copter131:58330/
[rosmaster.master][INFO] 2019-03-04 16:57:49,247: publisherUpdate[/autopilot/status] -> http://copter131:40290/
[rosmaster.master][INFO] 2019-03-04 16:57:49,249: publisherUpdate[/autopilot/status] -> http://copter131:55215/
[rosmaster.master][INFO] 2019-03-04 16:57:49,252: publisherUpdate[/autopilot/status] -> http://copter131:33294/
[rosmaster.master][INFO] 2019-03-04 16:57:49,258: publisherUpdate[/autopilot/status] -> http://copter131:58929/
[rosmaster.master][INFO] 2019-03-04 16:57:49,261: publisherUpdate[/autopilot/status] -> http://copter131:60101/
[rosmaster.master][INFO] 2019-03-04 16:57:49,264: publisherUpdate[/autopilot/status] -> http://copter131:57310/
[rosmaster.master][INFO] 2019-03-04 16:57:49,269: publisherUpdate[/autopilot/status] -> http://copter131:47617/
[rosmaster.master][INFO] 2019-03-04 16:57:49,272: publisherUpdate[/autopilot/status] -> http://copter131:36729/
[rosmaster.master][INFO] 2019-03-04 16:57:49,276: publisherUpdate[/autopilot/status] -> http://copter131:57324/
[rosmaster.master][INFO] 2019-03-04 16:57:49,281: publisherUpdate[/autopilot/status] -> http://copter131:33326/
[rosmaster.master][INFO] 2019-03-04 16:57:49,286: publisherUpdate[/autopilot/status] -> http://copter131:48431/
[rosmaster.master][INFO] 2019-03-04 16:57:49,289: publisherUpdate[/autopilot/status] -> http://copter131:42627/
[rosmaster.master][INFO] 2019-03-04 16:57:49,875: +PUB [/autopilot/waypoint_goto] /linear_formation http://copter131:48431/
[rosmaster.master][INFO] 2019-03-04 16:57:49,894: +SUB [/hit_tracker/hit_uavs] /patrol_box_shooter http://copter131:58929/
[rosmaster.master][INFO] 2019-03-04 16:57:49,900: publisherUpdate[/autopilot/waypoint_goto] -> http://copter131:57597/
[rosmaster.master][INFO] 2019-03-04 16:57:49,919: +PUB [/air_to_air/firing_reports] /patrol_box_shooter http://copter131:58929/
[rosmaster.master][INFO] 2019-03-04 16:57:49,931: +PUB [/patrol_box_shooter/send_swarm_behavior_data] /patrol_box_shooter http://copter131:58929/
[rosmaster.master][INFO] 2019-03-04 16:57:49,933: +SUB [/autopilot/acs_pose] /wingman http://copter131:58330/
[rosmaster.master][INFO] 2019-03-04 16:57:49,961: +SUB [/swarm_tracker/swarm_uav_states] /swarm_control http://copter131:48074/
[rosmaster.master][INFO] 2019-03-04 16:57:49,978: +SUB [/hit_tracker/hit_uavs] /wingman http://copter131:58330/
[rosmaster.master][INFO] 2019-03-04 16:57:49,988: +PUB [/autopilot/waypoint_goto] /wingman http://copter131:58330/
[rosmaster.master][INFO] 2019-03-04 16:57:49,990: +SUB [/swarm_control/behavior_status] /swarm_control http://copter131:48074/
[rosmaster.master][INFO] 2019-03-04 16:57:49,994: +PUB [/air_to_air/firing_reports] /wingman http://copter131:58330/
[rosmaster.master][INFO] 2019-03-04 16:57:50,003: publisherUpdate[/air_to_air/firing_reports] -> http://copter131:40290/
[rosmaster.master][INFO] 2019-03-04 16:57:50,006: publisherUpdate[/autopilot/waypoint_goto] -> http://copter131:57597/
[rosmaster.master][INFO] 2019-03-04 16:57:50,012: publisherUpdate[/air_to_air/firing_reports] -> http://copter131:40290/
[rosmaster.master][INFO] 2019-03-04 16:57:50,059: +SUB [/autopilot/status] /swarm_control http://copter131:48074/
[rosmaster.master][INFO] 2019-03-04 16:57:50,115: +SUB [/hit_tracker/hit_uavs] /smart_shooter http://copter131:53343/
[rosmaster.master][INFO] 2019-03-04 16:57:50,122: +PUB [/air_to_air/firing_reports] /smart_shooter http://copter131:53343/
[rosmaster.master][INFO] 2019-03-04 16:57:50,123: publisherUpdate[/air_to_air/firing_reports] -> http://copter131:40290/
[rosmaster.master][INFO] 2019-03-04 16:57:50,125: +SUB [/network/recv_swarm_data] /swarm_control http://copter131:48074/
[rosmaster.master][INFO] 2019-03-04 16:57:50,164: +SUB [/network/net_reset] /swarm_control http://copter131:48074/
[rosmaster.master][INFO] 2019-03-04 16:57:50,173: +PUB [/swarm_control/subswarm_id] /swarm_control http://copter131:48074/
[rosmaster.master][INFO] 2019-03-04 16:57:50,180: +PUB [/swarm_control/swarm_state] /swarm_control http://copter131:48074/
[rosmaster.master][INFO] 2019-03-04 16:57:50,186: +PUB [/swarm_control/swarm_behavior] /swarm_control http://copter131:48074/
[rosmaster.master][INFO] 2019-03-04 16:57:50,191: +PUB [/swarm_control/ap_intent] /swarm_control http://copter131:48074/
[rosmaster.master][INFO] 2019-03-04 16:57:50,198: +PUB [/autopilot/waypoint_goto] /swarm_control http://copter131:48074/
[rosmaster.master][INFO] 2019-03-04 16:57:50,203: +PUB [/swarm_control/behavior_summary] /swarm_control http://copter131:48074/
[rosmaster.master][INFO] 2019-03-04 16:57:50,208: +PUB [/autopilot/mode_num] /swarm_control http://copter131:48074/
[rosmaster.master][INFO] 2019-03-04 16:57:50,212: publisherUpdate[/swarm_control/subswarm_id] -> http://copter131:40290/
[rosmaster.master][INFO] 2019-03-04 16:57:50,217: publisherUpdate[/swarm_control/subswarm_id] -> http://copter131:59685/
[rosmaster.master][INFO] 2019-03-04 16:57:50,218: publisherUpdate[/swarm_control/subswarm_id] -> http://copter131:55215/
[rosmaster.master][INFO] 2019-03-04 16:57:50,224: publisherUpdate[/swarm_control/subswarm_id] -> http://copter131:53343/
[rosmaster.master][INFO] 2019-03-04 16:57:50,226: publisherUpdate[/swarm_control/subswarm_id] -> http://copter131:58330/
[rosmaster.master][INFO] 2019-03-04 16:57:50,234: publisherUpdate[/swarm_control/subswarm_id] -> http://copter131:33294/
[rosmaster.master][INFO] 2019-03-04 16:57:50,236: publisherUpdate[/swarm_control/subswarm_id] -> http://copter131:58929/
[rosmaster.master][INFO] 2019-03-04 16:57:50,239: publisherUpdate[/swarm_control/subswarm_id] -> http://copter131:60101/
[rosmaster.master][INFO] 2019-03-04 16:57:50,247: publisherUpdate[/swarm_control/subswarm_id] -> http://copter131:57310/
[rosmaster.master][INFO] 2019-03-04 16:57:50,252: publisherUpdate[/swarm_control/subswarm_id] -> http://copter131:47617/
[rosmaster.master][INFO] 2019-03-04 16:57:50,256: publisherUpdate[/swarm_control/subswarm_id] -> http://copter131:57324/
[rosmaster.master][INFO] 2019-03-04 16:57:50,258: publisherUpdate[/swarm_control/subswarm_id] -> http://copter131:36729/
[rosmaster.master][INFO] 2019-03-04 16:57:50,262: publisherUpdate[/swarm_control/subswarm_id] -> http://copter131:33326/
[rosmaster.master][INFO] 2019-03-04 16:57:50,269: publisherUpdate[/swarm_control/subswarm_id] -> http://copter131:48431/
[rosmaster.master][INFO] 2019-03-04 16:57:50,273: publisherUpdate[/swarm_control/subswarm_id] -> http://copter131:42627/
[rosmaster.master][INFO] 2019-03-04 16:57:50,276: publisherUpdate[/swarm_control/swarm_state] -> http://copter131:55215/
[rosmaster.master][INFO] 2019-03-04 16:57:50,284: publisherUpdate[/swarm_control/swarm_behavior] -> http://copter131:55215/
[rosmaster.master][INFO] 2019-03-04 16:57:50,283: publisherUpdate[/swarm_control/swarm_state] -> http://copter131:40290/
[rosmaster.master][INFO] 2019-03-04 16:57:50,289: publisherUpdate[/swarm_control/ap_intent] -> http://copter131:59685/
[rosmaster.master][INFO] 2019-03-04 16:57:50,292: +PARAM [/subswarm_id] by /swarm_tracker
[rosmaster.master][INFO] 2019-03-04 16:57:50,297: publisherUpdate[/swarm_control/swarm_behavior] -> http://copter131:40290/
[rosmaster.master][INFO] 2019-03-04 16:57:50,306: publisherUpdate[/swarm_control/ap_intent] -> http://copter131:58330/
[rosmaster.master][INFO] 2019-03-04 16:57:50,308: publisherUpdate[/swarm_control/ap_intent] -> http://copter131:33294/
[rosmaster.master][INFO] 2019-03-04 16:57:50,303: publisherUpdate[/swarm_control/ap_intent] -> http://copter131:53343/
[rosmaster.master][INFO] 2019-03-04 16:57:50,316: publisherUpdate[/swarm_control/ap_intent] -> http://copter131:58929/
[rosmaster.master][INFO] 2019-03-04 16:57:50,322: publisherUpdate[/swarm_control/ap_intent] -> http://copter131:60101/
[rosmaster.master][INFO] 2019-03-04 16:57:50,324: publisherUpdate[/swarm_control/ap_intent] -> http://copter131:57310/
[rosmaster.master][INFO] 2019-03-04 16:57:50,333: publisherUpdate[/swarm_control/ap_intent] -> http://copter131:47617/
[rosmaster.master][INFO] 2019-03-04 16:57:50,341: publisherUpdate[/swarm_control/ap_intent] -> http://copter131:57324/
[rosmaster.master][INFO] 2019-03-04 16:57:50,349: publisherUpdate[/swarm_control/ap_intent] -> http://copter131:36729/
[rosmaster.master][INFO] 2019-03-04 16:57:50,356: publisherUpdate[/swarm_control/ap_intent] -> http://copter131:33326/
[rosmaster.master][INFO] 2019-03-04 16:57:50,356: publisherUpdate[/swarm_control/ap_intent] -> http://copter131:48431/
[rosmaster.master][INFO] 2019-03-04 16:57:50,360: publisherUpdate[/swarm_control/ap_intent] -> http://copter131:42627/
[rosmaster.master][INFO] 2019-03-04 16:57:50,375: publisherUpdate[/autopilot/waypoint_goto] -> http://copter131:57597/
[rosmaster.master][INFO] 2019-03-04 16:57:50,380: publisherUpdate[/swarm_control/behavior_summary] -> http://copter131:40290/
[rosmaster.master][INFO] 2019-03-04 16:57:50,390: publisherUpdate[/autopilot/mode_num] -> http://copter131:57597/
[rosmaster.master][INFO] 2019-03-04 16:59:25,255: +PUB [/network/recv_swarm_ctl_state] /network http://copter131:40290/
[rosmaster.master][INFO] 2019-03-04 16:59:25,324: publisherUpdate[/network/recv_swarm_ctl_state] -> http://copter131:55215/
[rosmaster.master][INFO] 2019-03-04 16:59:25,635: +PUB [/network/recv_pose] /network http://copter131:40290/
[rosmaster.master][INFO] 2019-03-04 16:59:25,726: publisherUpdate[/network/recv_pose] -> http://copter131:35801/
[rosmaster.master][INFO] 2019-03-04 16:59:25,727: publisherUpdate[/network/recv_pose] -> http://copter131:55215/
[rosmaster.master][INFO] 2019-03-04 17:10:05,515: +PUB [/autopilot/arm] /network http://copter131:40290/
[rosmaster.master][INFO] 2019-03-04 17:10:05,553: publisherUpdate[/autopilot/arm] -> http://copter131:57597/
[rosmaster.master][INFO] 2019-03-04 17:10:23,054: +PARAM [/flight_ready] by /network
[rosmaster.master][INFO] 2019-03-04 17:10:26,881: +PARAM [/ok_rally] by /network
[rosmaster.master][INFO] 2019-03-04 17:10:26,884: +PARAM [/ok_wp] by /network
[rosmaster.master][INFO] 2019-03-04 17:10:26,887: +PARAM [/ok_param] by /network
[rosmaster.master][INFO] 2019-03-04 17:10:30,910: +PARAM [/ok_param] by /network
[rosmaster.master][INFO] 2019-03-04 17:10:31,615: +PUB [/autopilot/mode_num] /network http://copter131:40290/
[rosmaster.master][INFO] 2019-03-04 17:10:31,622: publisherUpdate[/autopilot/mode_num] -> http://copter131:57597/
[rosmaster.master][INFO] 2019-03-04 17:10:37,138: +PARAM [/ok_rally] by /network
[rosmaster.master][INFO] 2019-03-04 17:10:38,342: +PARAM [/aircraft_type] by /swarm_control
[rosmaster.master][INFO] 2019-03-04 17:10:38,776: +PARAM [/ok_wp] by /network
[rosmaster.master][INFO] 2019-03-04 17:10:38,781: +PARAM [/swarm_team] by /network
[rosmaster.master][INFO] 2019-03-04 17:10:38,787: +PUB [/autopilot/waypoint_goto] /network http://copter131:40290/
[rosmaster.master][INFO] 2019-03-04 17:10:38,839: publisherUpdate[/autopilot/waypoint_goto] -> http://copter131:57597/
[rosmaster.master][INFO] 2019-03-04 17:10:52,055: +PUB [/autopilot/copter_takeoff] /network http://copter131:40290/
[rosmaster.master][INFO] 2019-03-04 17:10:52,074: publisherUpdate[/autopilot/copter_takeoff] -> http://copter131:57597/
