[rospy.client][INFO] 2012-12-31 16:00:16,458: init_node, name[/safety], pid[2802]
[xmlrpc][INFO] 2012-12-31 16:00:16,460: XML-RPC server binding to 0.0.0.0:0
[rospy.init][INFO] 2012-12-31 16:00:16,462: ROS Slave URI: [http://copter131:35282/]
[xmlrpc][INFO] 2012-12-31 16:00:16,462: Started XML-RPC server [http://copter131:35282/]
[rospy.impl.masterslave][INFO] 2012-12-31 16:00:16,463: _ready: http://copter131:35282/
[xmlrpc][INFO] 2012-12-31 16:00:16,463: xml rpc node: starting XML-RPC server
[rospy.registration][INFO] 2012-12-31 16:00:16,465: Registering with master node http://localhost:11311
[rospy.init][INFO] 2012-12-31 16:00:16,563: registered with master
[rospy.rosout][INFO] 2012-12-31 16:00:16,563: initializing /rosout core topic
[rospy.rosout][INFO] 2012-12-31 16:00:16,593: connected to core topic /rosout
[rospy.simtime][INFO] 2012-12-31 16:00:16,617: /use_sim_time is not set, will not subscribe to simulated time [/clock] topic
[rospy.internal][INFO] 2012-12-31 16:00:16,949: topic[/rosout] adding connection to [/rosout], count 0
[rospy.internal][INFO] 2012-12-31 16:00:19,712: topic[/safety/payload_waypoint] adding connection to [http://copter131:59685/], count 0
[rospy.internal][INFO] 2012-12-31 16:00:19,896: topic[/safety/payload_waypoint] adding connection to [http://copter131:53343/], count 1
[rospy.internal][INFO] 2012-12-31 16:00:20,030: topic[/safety/payload_waypoint] adding connection to [http://copter131:58330/], count 2
[rospy.internal][INFO] 2012-12-31 16:00:20,300: topic[/safety/payload_waypoint] adding connection to [http://copter131:33294/], count 3
[rospy.internal][INFO] 2012-12-31 16:00:20,412: topic[/safety/payload_waypoint] adding connection to [http://copter131:58929/], count 4
[rospy.internal][INFO] 2012-12-31 16:00:20,532: topic[/safety/payload_waypoint] adding connection to [http://copter131:60101/], count 5
[rospy.internal][INFO] 2012-12-31 16:00:20,663: topic[/safety/payload_waypoint] adding connection to [http://copter131:57310/], count 6
[rospy.internal][INFO] 2012-12-31 16:00:20,667: topic[/safety/payload_waypoint] adding connection to [http://copter131:47617/], count 7
[rospy.internal][INFO] 2012-12-31 16:00:20,670: topic[/safety/payload_rate] adding connection to [http://copter131:57310/], count 0
[rospy.internal][INFO] 2012-12-31 16:00:20,741: topic[/safety/payload_waypoint] adding connection to [http://copter131:36729/], count 8
[rospy.internal][INFO] 2012-12-31 16:00:20,862: topic[/safety/payload_waypoint] adding connection to [http://copter131:57324/], count 9
[rospy.internal][INFO] 2012-12-31 16:00:21,093: topic[/safety/payload_waypoint] adding connection to [http://copter131:33326/], count 10
[rospy.internal][INFO] 2012-12-31 16:00:21,184: topic[/safety/payload_waypoint] adding connection to [http://copter131:48431/], count 11
[rospy.internal][INFO] 2012-12-31 16:00:21,494: topic[/safety/payload_waypoint] adding connection to [http://copter131:42627/], count 12
[rospy.internal][INFO] 2019-03-04 16:57:48,474: topic[/autopilot/heartbeat_onboard] adding connection to [/autopilot], count 0
[rospy.internal][INFO] 2019-03-04 16:57:48,546: topic[/autopilot/payload_waypoint] adding connection to [/autopilot], count 0
[rosout][WARNING] 2019-03-04 16:57:48,781: establishing proxies for ROS /autopliot/ services
[rospy.internal][INFO] 2019-03-04 16:57:48,803: topic[/autopilot/acs_pose] adding connection to [http://copter131:57597/], count 0
[rospy.internal][INFO] 2019-03-04 16:57:48,931: topic[/swarm_tracker/swarm_uav_states] adding connection to [http://copter131:55215/], count 0
