[rospy.client][INFO] 2012-12-31 16:00:19,370: init_node, name[/smart_shooter], pid[3005]
[xmlrpc][INFO] 2012-12-31 16:00:19,371: XML-RPC server binding to 0.0.0.0:0
[rospy.init][INFO] 2012-12-31 16:00:19,373: ROS Slave URI: [http://copter131:53343/]
[xmlrpc][INFO] 2012-12-31 16:00:19,373: Started XML-RPC server [http://copter131:53343/]
[rospy.impl.masterslave][INFO] 2012-12-31 16:00:19,374: _ready: http://copter131:53343/
[xmlrpc][INFO] 2012-12-31 16:00:19,375: xml rpc node: starting XML-RPC server
[rospy.registration][INFO] 2012-12-31 16:00:19,376: Registering with master node http://localhost:11311
[rospy.init][INFO] 2012-12-31 16:00:19,474: registered with master
[rospy.rosout][INFO] 2012-12-31 16:00:19,475: initializing /rosout core topic
[rospy.rosout][INFO] 2012-12-31 16:00:19,578: connected to core topic /rosout
[rospy.simtime][INFO] 2012-12-31 16:00:19,657: /use_sim_time is not set, will not subscribe to simulated time [/clock] topic
[rospy.internal][INFO] 2012-12-31 16:00:19,881: topic[/rosout] adding connection to [/rosout], count 0
[rospy.internal][INFO] 2012-12-31 16:00:19,898: topic[/safety/payload_waypoint] adding connection to [/safety], count 0
[rospy.internal][INFO] 2012-12-31 16:00:20,235: topic[/network/send_swarm_behavior_data] adding connection to [/network], count 0
[rospy.internal][INFO] 2019-03-04 16:57:48,890: topic[/autopilot/acs_pose] adding connection to [http://copter131:57597/], count 0
[rospy.internal][INFO] 2019-03-04 16:57:49,254: topic[/autopilot/status] adding connection to [http://copter131:57597/], count 0
[rospy.internal][INFO] 2019-03-04 16:57:50,061: topic[/swarm_control/behavior_status] adding connection to [/swarm_control], count 0
[rospy.internal][INFO] 2019-03-04 16:57:50,171: topic[/hit_tracker/hit_uavs] adding connection to [http://copter131:58504/], count 0
[rospy.internal][INFO] 2019-03-04 16:57:50,192: topic[/air_to_air/firing_reports] adding connection to [/network], count 0
[rospy.internal][INFO] 2019-03-04 16:57:50,238: topic[/swarm_control/subswarm_id] adding connection to [http://copter131:48074/], count 0
[rospy.internal][INFO] 2019-03-04 16:57:50,381: topic[/swarm_control/ap_intent] adding connection to [http://copter131:48074/], count 0
