[rospy.client][INFO] 2012-12-31 16:00:18,171: init_node, name[/swarm_tracker], pid[2809]
[xmlrpc][INFO] 2012-12-31 16:00:18,192: XML-RPC server binding to 0.0.0.0:0
[xmlrpc][INFO] 2012-12-31 16:00:18,193: Started XML-RPC server [http://copter131:55215/]
[rospy.init][INFO] 2012-12-31 16:00:18,194: ROS Slave URI: [http://copter131:55215/]
[rospy.impl.masterslave][INFO] 2012-12-31 16:00:18,199: _ready: http://copter131:55215/
[rospy.registration][INFO] 2012-12-31 16:00:18,215: Registering with master node http://localhost:11311
[xmlrpc][INFO] 2012-12-31 16:00:18,215: xml rpc node: starting XML-RPC server
[rospy.init][INFO] 2012-12-31 16:00:18,301: registered with master
[rospy.rosout][INFO] 2012-12-31 16:00:18,302: initializing /rosout core topic
[rospy.rosout][INFO] 2012-12-31 16:00:18,426: connected to core topic /rosout
[rospy.simtime][INFO] 2012-12-31 16:00:18,547: /use_sim_time is not set, will not subscribe to simulated time [/clock] topic
[rospy.internal][INFO] 2012-12-31 16:00:18,610: topic[/rosout] adding connection to [/rosout], count 0
[rospy.internal][INFO] 2019-03-04 16:57:48,838: topic[/autopilot/acs_pose] adding connection to [http://copter131:57597/], count 0
[rospy.internal][INFO] 2019-03-04 16:57:48,933: topic[/swarm_tracker/swarm_uav_states] adding connection to [/safety], count 0
[rospy.internal][INFO] 2019-03-04 16:57:49,314: topic[/autopilot/status] adding connection to [http://copter131:57597/], count 0
[rospy.internal][INFO] 2019-03-04 16:57:50,115: topic[/swarm_tracker/swarm_uav_states] adding connection to [/swarm_control], count 1
[rospy.internal][INFO] 2019-03-04 16:57:50,270: topic[/swarm_control/subswarm_id] adding connection to [http://copter131:48074/], count 0
[rospy.internal][INFO] 2019-03-04 16:57:50,293: topic[/swarm_control/swarm_state] adding connection to [http://copter131:48074/], count 0
[rospy.internal][INFO] 2019-03-04 16:57:50,347: topic[/swarm_control/swarm_behavior] adding connection to [http://copter131:48074/], count 0
[rospy.internal][INFO] 2019-03-04 16:59:25,340: topic[/network/recv_swarm_ctl_state] adding connection to [http://copter131:40290/], count 0
[rospy.internal][INFO] 2019-03-04 16:59:25,759: topic[/network/recv_pose] adding connection to [http://copter131:40290/], count 0
[rosout][WARNING] 2019-03-04 17:10:20,895: UAV 132 possible crash: no updates for 6.000000 secs
[rosout][INFO] 2019-03-04 17:10:29,555: Received update to possibly crashed UAV 132
[rosout][WARNING] 2019-03-04 17:10:41,695: UAV 131 possible crash: no updates for 14.660957 secs
[rosout][INFO] 2019-03-04 17:10:43,347: Received update to own UAV 131
