[rospy.client][INFO] 2012-12-31 16:00:18,965: init_node, name[/tactic_interface], pid[2933]
[xmlrpc][INFO] 2012-12-31 16:00:18,971: XML-RPC server binding to 0.0.0.0:0
[xmlrpc][INFO] 2012-12-31 16:00:18,972: Started XML-RPC server [http://copter131:36729/]
[rospy.impl.masterslave][INFO] 2012-12-31 16:00:18,972: _ready: http://copter131:36729/
[rospy.init][INFO] 2012-12-31 16:00:18,973: ROS Slave URI: [http://copter131:36729/]
[rospy.registration][INFO] 2012-12-31 16:00:18,990: Registering with master node http://localhost:11311
[xmlrpc][INFO] 2012-12-31 16:00:18,990: xml rpc node: starting XML-RPC server
[rospy.registration][INFO] 2012-12-31 16:00:18,991: Registering publisher topic [/safety/payload_waypoint] type [autopilot_bridge/LLA] with master
[rospy.registration][INFO] 2012-12-31 16:00:20,685: registering subscriber topic [/autopilot/status] type [autopilot_bridge/Status] with master
[rospy.internal][INFO] 2012-12-31 16:00:20,743: topic[/safety/payload_waypoint] adding connection to [/safety], count 0
[rospy.init][INFO] 2012-12-31 16:00:20,779: registered with master
[rospy.rosout][INFO] 2012-12-31 16:00:20,780: initializing /rosout core topic
[rospy.rosout][INFO] 2012-12-31 16:00:20,787: connected to core topic /rosout
[rospy.simtime][INFO] 2012-12-31 16:00:20,792: /use_sim_time is not set, will not subscribe to simulated time [/clock] topic
[rospy.internal][INFO] 2012-12-31 16:00:20,946: topic[/network/send_swarm_behavior_data] adding connection to [/network], count 0
[rospy.internal][INFO] 2012-12-31 16:00:21,028: topic[/rosout] adding connection to [/rosout], count 0
[rospy.internal][INFO] 2019-03-04 16:57:48,987: topic[/autopilot/acs_pose] adding connection to [http://copter131:57597/], count 0
[rospy.internal][INFO] 2019-03-04 16:57:49,004: topic[/hit_tracker/hit_uavs] adding connection to [http://copter131:58504/], count 0
[rospy.internal][INFO] 2019-03-04 16:57:49,184: topic[/network/swarm_sub_behavior] adding connection to [/network], count 0
[rospy.internal][INFO] 2019-03-04 16:57:49,186: topic[/air_to_air/firing_reports] adding connection to [/network], count 0
[rospy.internal][INFO] 2019-03-04 16:57:49,193: topic[/autopilot/waypoint_goto] adding connection to [/autopilot], count 0
[rospy.internal][INFO] 2019-03-04 16:57:49,317: topic[/autopilot/status] adding connection to [http://copter131:57597/], count 0
[rospy.internal][INFO] 2019-03-04 16:57:50,088: topic[/swarm_control/behavior_status] adding connection to [/swarm_control], count 0
[rospy.internal][INFO] 2019-03-04 16:57:50,274: topic[/swarm_control/subswarm_id] adding connection to [http://copter131:48074/], count 0
[rospy.internal][INFO] 2019-03-04 16:57:50,395: topic[/swarm_control/ap_intent] adding connection to [http://copter131:48074/], count 0
