[rospy.client][INFO] 2012-12-31 16:00:17,071: init_node, name[/autopilot], pid[2810]
[xmlrpc][INFO] 2012-12-31 16:00:17,073: XML-RPC server binding to 0.0.0.0:0
[xmlrpc][INFO] 2012-12-31 16:00:17,074: Started XML-RPC server [http://copter131:40815/]
[rospy.impl.masterslave][INFO] 2012-12-31 16:00:17,074: _ready: http://copter131:40815/
[rospy.init][INFO] 2012-12-31 16:00:17,075: ROS Slave URI: [http://copter131:40815/]
[xmlrpc][INFO] 2012-12-31 16:00:17,075: xml rpc node: starting XML-RPC server
[rospy.registration][INFO] 2012-12-31 16:00:17,076: Registering with master node http://localhost:11311
[rospy.init][INFO] 2012-12-31 16:00:17,175: registered with master
[rospy.rosout][INFO] 2012-12-31 16:00:17,176: initializing /rosout core topic
[rospy.rosout][INFO] 2012-12-31 16:00:17,247: connected to core topic /rosout
[rospy.simtime][INFO] 2012-12-31 16:00:17,321: /use_sim_time is not set, will not subscribe to simulated time [/clock] topic
[rospy.internal][INFO] 2012-12-31 16:00:17,420: topic[/rosout] adding connection to [/rosout], count 0
[rosout][INFO] 2012-12-31 16:00:17,459: MAVLinkBridge: Connecting to /dev/ttyACM99 ...
[rosout][INFO] 2012-12-31 16:00:17,472: MAVLinkBridge: Waiting for autopilot heartbeat ...
[rosout][INFO] 2012-12-31 16:00:18,448: MAVLinkBridge: Waiting for usable SYSTEM_TIME ...
[rosout][INFO] 2019-03-25 08:28:21,825: Successfully synced local clock.
[rosout][INFO] 2019-03-25 08:28:21,828: MAVLinkBridge initialized.
[rospy.internal][INFO] 2019-03-25 08:28:23,282: topic[/autopilot/waypoint_goto] adding connection to [http://copter131:48816/], count 0
[rospy.internal][INFO] 2019-03-25 08:28:24,349: topic[/autopilot/heartbeat_onboard] adding connection to [http://copter131:49841/], count 0
[rospy.internal][INFO] 2019-03-25 08:28:24,389: topic[/autopilot/payload_waypoint] adding connection to [http://copter131:49841/], count 0
[rospy.internal][INFO] 2019-03-25 08:28:24,606: topic[/autopilot/acs_pose] adding connection to [/safety], count 0
[rospy.internal][INFO] 2019-03-25 08:28:24,618: topic[/autopilot/acs_pose] adding connection to [/patrol_box], count 1
[rospy.internal][INFO] 2019-03-25 08:28:24,621: topic[/autopilot/acs_pose] adding connection to [/evader], count 2
[rospy.internal][INFO] 2019-03-25 08:28:24,640: topic[/autopilot/status] adding connection to [/independent_transit], count 0
[rospy.internal][INFO] 2019-03-25 08:28:24,657: topic[/autopilot/acs_pose] adding connection to [/wingman], count 3
[rospy.internal][INFO] 2019-03-25 08:28:24,664: topic[/autopilot/acs_pose] adding connection to [/network], count 4
[rospy.internal][INFO] 2019-03-25 08:28:24,677: topic[/autopilot/waypoint_goto] adding connection to [http://copter131:40325/], count 1
[rospy.internal][INFO] 2019-03-25 08:28:24,677: topic[/autopilot/status] adding connection to [/linear_formation], count 1
[rospy.internal][INFO] 2019-03-25 08:28:24,682: topic[/autopilot/status] adding connection to [/patrol_box], count 2
[rospy.internal][INFO] 2019-03-25 08:28:24,691: topic[/autopilot/acs_pose] adding connection to [/swarm_tracker], count 5
[rospy.internal][INFO] 2019-03-25 08:28:24,696: topic[/autopilot/status] adding connection to [/swarm_tracker], count 3
[rospy.internal][INFO] 2019-03-25 08:28:24,700: topic[/autopilot/status] adding connection to [/task_runner], count 4
[rospy.internal][INFO] 2019-03-25 08:28:24,704: topic[/autopilot/status] adding connection to [/smart_shooter], count 5
[rospy.internal][INFO] 2019-03-25 08:28:24,719: topic[/autopilot/waypoint_goto] adding connection to [http://copter131:52504/], count 2
[rospy.internal][INFO] 2019-03-25 08:28:24,723: topic[/autopilot/status] adding connection to [/network], count 6
[rospy.internal][INFO] 2019-03-25 08:28:24,725: topic[/autopilot/acs_pose] adding connection to [/smart_shooter], count 6
[rospy.internal][INFO] 2019-03-25 08:28:24,727: topic[/autopilot/status] adding connection to [/greedy_shooter], count 7
[rospy.internal][INFO] 2019-03-25 08:28:24,733: topic[/autopilot/status] adding connection to [/evader], count 8
[rospy.internal][INFO] 2019-03-25 08:28:24,736: topic[/autopilot/status] adding connection to [/constrained_shooter], count 9
[rospy.internal][INFO] 2019-03-25 08:28:24,740: topic[/autopilot/status] adding connection to [/simple_ground_attack], count 10
[rospy.internal][INFO] 2019-03-25 08:28:24,741: topic[/autopilot/status] adding connection to [/wingman], count 11
[rospy.internal][INFO] 2019-03-25 08:28:24,745: topic[/autopilot/status] adding connection to [/patrol_box_shooter], count 12
[rospy.internal][INFO] 2019-03-25 08:28:24,747: topic[/autopilot/status] adding connection to [/pn_interceptor], count 13
[rospy.internal][INFO] 2019-03-25 08:28:24,749: topic[/autopilot/status] adding connection to [/swarm_landing_sequencer], count 14
[rospy.internal][INFO] 2019-03-25 08:28:24,751: topic[/autopilot/acs_pose] adding connection to [/greedy_shooter], count 7
[rospy.internal][INFO] 2019-03-25 08:28:24,855: topic[/autopilot/status] adding connection to [/tactic_interface], count 15
[rospy.internal][INFO] 2019-03-25 08:28:24,879: topic[/autopilot/status] adding connection to [/swarm_control], count 16
[rospy.internal][INFO] 2019-03-25 08:28:24,925: topic[/autopilot/acs_pose] adding connection to [/patrol_box_shooter], count 8
[rospy.internal][INFO] 2019-03-25 08:28:24,934: topic[/autopilot/waypoint_goto] adding connection to [http://copter131:52269/], count 3
[rospy.internal][INFO] 2019-03-25 08:28:24,961: topic[/autopilot/acs_pose] adding connection to [/constrained_shooter], count 9
[rospy.internal][INFO] 2019-03-25 08:28:25,020: topic[/autopilot/waypoint_goto] adding connection to [http://copter131:55696/], count 4
[rosout][INFO] 2019-03-25 08:28:25,090: ROS srv recvd: fpr_param_set
[rospy.internal][INFO] 2019-03-25 08:28:25,188: topic[/autopilot/acs_pose] adding connection to [/red_tracker], count 10
[rospy.internal][INFO] 2019-03-25 08:28:25,198: topic[/autopilot/mode_num] adding connection to [http://copter131:42656/], count 0
[rospy.internal][INFO] 2019-03-25 08:28:25,202: topic[/autopilot/waypoint_goto] adding connection to [http://copter131:42656/], count 5
[rospy.internal][INFO] 2019-03-25 08:28:25,271: topic[/autopilot/acs_pose] adding connection to [/tactic_interface], count 11
[rospy.internal][INFO] 2019-03-25 08:28:25,369: topic[/autopilot/waypoint_goto] adding connection to [http://copter131:42552/], count 6
[rosout][INFO] 2019-03-25 08:28:33,090: ROS srv recvd: fpr_param_setlist
[rosout][INFO] 2019-03-25 08:28:33,120: MAVLink STATUSTEXT: APM:Copter V3.5-dev (f3195c7e)
[rosout][INFO] 2019-03-25 08:28:33,124: MAVLink STATUSTEXT: PX4: 3df5644c NuttX: be6ff61a
[rosout][INFO] 2019-03-25 08:28:33,126: MAVLink STATUSTEXT: Frame: QUAD
[rosout][INFO] 2019-03-25 08:28:33,127: MAVLink STATUSTEXT: PX4v2 003E0023 31355103 33333832
[rosout][INFO] 2019-03-25 08:28:34,379: ROS srv recvd: slave_setup
[rosout][WARNING] 2019-03-25 08:28:37,098: PARAM ALT_HOLD_RTL doesn't exist
[rosout][INFO] 2019-03-25 08:28:37,112: ROS srv recvd: load_rally
[rosout][INFO] 2019-03-25 08:28:37,122: ROS srv recvd: fpr_rally_setall
[rospy.internal][INFO] 2019-03-25 08:28:39,791: topic[/autopilot/mode_num] adding connection to [http://copter131:34291/], count 1
[rosout][INFO] 2019-03-25 08:28:39,794: Mode settings are for plane.
[rosout][INFO] 2019-03-25 08:28:39,795: Sent mode MANUAL (0) to autopilot 
[rosout][INFO] 2019-03-25 08:28:39,795: ROS sub recvd: mode_num
[rospy.internal][INFO] 2019-03-25 08:28:40,792: topic[/autopilot/arm] adding connection to [http://copter131:34291/], count 0
[rosout][INFO] 2019-03-25 08:28:40,798: ROS sub recvd: arm
[rosout][INFO] 2019-03-25 08:28:43,338: ROS srv recvd: load_wp
[rosout][INFO] 2019-03-25 08:28:43,349: ROS srv recvd: wp_setall
[rosout][INFO] 2019-03-25 08:28:44,919: MAVLink STATUSTEXT: Flight plan received
[rospy.internal][INFO] 2019-03-25 08:28:45,013: topic[/autopilot/waypoint_goto] adding connection to [http://copter131:34291/], count 7
[rosout][INFO] 2019-03-25 08:28:45,017: ROS sub recvd: waypoint_goto
[rosout][INFO] 2019-03-25 08:28:45,690: ROS srv recvd: wp_getrange
[rosout][INFO] 2019-03-25 08:28:46,513: Mode settings are for copter.
[rosout][INFO] 2019-03-25 08:28:46,515: Sent mode GUIDED (4) to autopilot 
[rosout][INFO] 2019-03-25 08:28:46,517: ROS sub recvd: mode_num
[rosout][INFO] 2019-03-25 08:28:47,030: Mode settings are for copter.
[rosout][INFO] 2019-03-25 08:28:47,032: Sent mode GUIDED (4) to autopilot 
[rosout][INFO] 2019-03-25 08:28:47,033: ROS sub recvd: mode_num
[rospy.internal][INFO] 2019-03-25 08:28:47,515: topic[/autopilot/copter_takeoff] adding connection to [http://copter131:34291/], count 0
[rosout][INFO] 2019-03-25 08:28:47,520: ROS sub recvd: copter_takeoff
[rospy.internal][INFO] 2019-03-25 08:28:52,020: topic[/autopilot/heartbeat_ground] adding connection to [http://copter131:34291/], count 0
[rosout][INFO] 2019-03-25 08:28:52,502: Mode settings are for copter.
[rosout][INFO] 2019-03-25 08:28:52,506: Sent mode AUTO (3) to autopilot 
[rosout][INFO] 2019-03-25 08:28:52,508: ROS sub recvd: mode_num
[rosout][INFO] 2019-03-25 08:29:14,987: ROS sub recvd: waypoint_goto
[rosout][INFO] 2019-03-25 08:29:15,876: ROS srv recvd: wp_getrange
[rosout][INFO] 2019-03-25 08:29:23,601: ROS srv recvd: wp_getlast
[rosout][INFO] 2019-03-25 08:29:24,855: ROS srv recvd: wp_getlast
[rosout][INFO] 2019-03-25 08:29:25,107: ROS sub recvd: waypoint_goto
[rosout][INFO] 2019-03-25 08:29:25,292: ROS srv recvd: wp_getrange
[rospy.internal][INFO] 2019-03-25 08:29:26,769: topic[/autopilot/gps_odom] adding connection to [/radeyeNode_8734_1553527766539], count 0
[rospy.internal][INFO] 2019-03-25 08:29:26,786: topic[/autopilot/gps] adding connection to [/radeyeNode_8734_1553527766539], count 0
