[rospy.client][INFO] 2019-03-25 08:28:22,555: init_node, name[/constrained_shooter], pid[3046]
[xmlrpc][INFO] 2019-03-25 08:28:22,556: XML-RPC server binding to 0.0.0.0:0
[rospy.init][INFO] 2019-03-25 08:28:22,559: ROS Slave URI: [http://copter131:40082/]
[xmlrpc][INFO] 2019-03-25 08:28:22,558: Started XML-RPC server [http://copter131:40082/]
[rospy.impl.masterslave][INFO] 2019-03-25 08:28:22,559: _ready: http://copter131:40082/
[xmlrpc][INFO] 2019-03-25 08:28:22,574: xml rpc node: starting XML-RPC server
[rospy.registration][INFO] 2019-03-25 08:28:22,575: Registering with master node http://localhost:11311
[rospy.init][INFO] 2019-03-25 08:28:22,659: registered with master
[rospy.rosout][INFO] 2019-03-25 08:28:22,660: initializing /rosout core topic
[rospy.rosout][INFO] 2019-03-25 08:28:22,775: connected to core topic /rosout
[rospy.simtime][INFO] 2019-03-25 08:28:22,792: /use_sim_time is not set, will not subscribe to simulated time [/clock] topic
[rospy.internal][INFO] 2019-03-25 08:28:23,040: topic[/rosout] adding connection to [/rosout], count 0
[rospy.internal][INFO] 2019-03-25 08:28:23,687: topic[/safety/payload_waypoint] adding connection to [/safety], count 0
[rospy.internal][INFO] 2019-03-25 08:28:23,956: topic[/network/send_swarm_behavior_data] adding connection to [/network], count 0
[rospy.internal][INFO] 2019-03-25 08:28:24,710: topic[/autopilot/status] adding connection to [http://copter131:40815/], count 0
[rospy.internal][INFO] 2019-03-25 08:28:24,799: topic[/swarm_control/behavior_status] adding connection to [/swarm_control], count 0
[rospy.internal][INFO] 2019-03-25 08:28:24,957: topic[/autopilot/acs_pose] adding connection to [http://copter131:40815/], count 0
[rospy.internal][INFO] 2019-03-25 08:28:24,996: topic[/hit_tracker/hit_uavs] adding connection to [http://copter131:56245/], count 0
[rospy.internal][INFO] 2019-03-25 08:28:25,037: topic[/swarm_control/subswarm_id] adding connection to [http://copter131:42656/], count 0
[rospy.internal][INFO] 2019-03-25 08:28:25,138: topic[/swarm_control/ap_intent] adding connection to [http://copter131:42656/], count 0
[rospy.internal][INFO] 2019-03-25 08:28:25,185: topic[/air_to_air/firing_reports] adding connection to [/network], count 0
[rosout][INFO] 2019-03-25 08:29:14,926: constrained_shooter activate request False returned False
[rosout][INFO] 2019-03-25 08:29:25,041: constrained_shooter activate request False returned False
