[rospy.client][INFO] 2019-03-25 08:28:23,193: init_node, name[/evader], pid[3138]
[xmlrpc][INFO] 2019-03-25 08:28:23,195: XML-RPC server binding to 0.0.0.0:0
[xmlrpc][INFO] 2019-03-25 08:28:23,196: Started XML-RPC server [http://copter131:58099/]
[rospy.impl.masterslave][INFO] 2019-03-25 08:28:23,196: _ready: http://copter131:58099/
[rospy.init][INFO] 2019-03-25 08:28:23,197: ROS Slave URI: [http://copter131:58099/]
[xmlrpc][INFO] 2019-03-25 08:28:23,197: xml rpc node: starting XML-RPC server
[rospy.registration][INFO] 2019-03-25 08:28:23,199: Registering with master node http://localhost:11311
[rospy.init][INFO] 2019-03-25 08:28:23,298: registered with master
[rospy.rosout][INFO] 2019-03-25 08:28:23,298: initializing /rosout core topic
[rospy.rosout][INFO] 2019-03-25 08:28:23,313: connected to core topic /rosout
[rospy.simtime][INFO] 2019-03-25 08:28:23,325: /use_sim_time is not set, will not subscribe to simulated time [/clock] topic
[rospy.internal][INFO] 2019-03-25 08:28:23,580: topic[/rosout] adding connection to [/rosout], count 0
[rospy.internal][INFO] 2019-03-25 08:28:23,649: topic[/hit_tracker/hit_uavs] adding connection to [http://copter131:56245/], count 0
[rospy.internal][INFO] 2019-03-25 08:28:23,690: topic[/safety/payload_waypoint] adding connection to [/safety], count 0
[rospy.internal][INFO] 2019-03-25 08:28:23,965: topic[/network/send_swarm_behavior_data] adding connection to [/network], count 0
[rospy.internal][INFO] 2019-03-25 08:28:24,616: topic[/autopilot/acs_pose] adding connection to [http://copter131:40815/], count 0
[rospy.internal][INFO] 2019-03-25 08:28:24,712: topic[/autopilot/status] adding connection to [http://copter131:40815/], count 0
[rospy.internal][INFO] 2019-03-25 08:28:24,833: topic[/swarm_control/behavior_status] adding connection to [/swarm_control], count 0
[rospy.internal][INFO] 2019-03-25 08:28:25,058: topic[/swarm_control/subswarm_id] adding connection to [http://copter131:42656/], count 0
[rospy.internal][INFO] 2019-03-25 08:28:25,159: topic[/swarm_control/ap_intent] adding connection to [http://copter131:42656/], count 0
[rosout][INFO] 2019-03-25 08:29:14,963: evader activate request False returned False
[rosout][INFO] 2019-03-25 08:29:25,087: evader activate request False returned False
