[rospy.client][INFO] 2012-12-31 16:00:18,067: init_node, name[/independent_transit], pid[2907]
[xmlrpc][INFO] 2012-12-31 16:00:18,069: XML-RPC server binding to 0.0.0.0:0
[rospy.init][INFO] 2012-12-31 16:00:18,071: ROS Slave URI: [http://copter131:44843/]
[xmlrpc][INFO] 2012-12-31 16:00:18,071: Started XML-RPC server [http://copter131:44843/]
[rospy.impl.masterslave][INFO] 2012-12-31 16:00:18,072: _ready: http://copter131:44843/
[xmlrpc][INFO] 2012-12-31 16:00:18,073: xml rpc node: starting XML-RPC server
[rospy.registration][INFO] 2012-12-31 16:00:18,075: Registering with master node http://localhost:11311
[rospy.init][INFO] 2012-12-31 16:00:18,173: registered with master
[rospy.rosout][INFO] 2012-12-31 16:00:18,173: initializing /rosout core topic
[rospy.rosout][INFO] 2019-03-25 08:28:22,272: connected to core topic /rosout
[rospy.simtime][INFO] 2019-03-25 08:28:22,386: /use_sim_time is not set, will not subscribe to simulated time [/clock] topic
[rospy.internal][INFO] 2019-03-25 08:28:22,428: topic[/rosout] adding connection to [/rosout], count 0
[rospy.internal][INFO] 2019-03-25 08:28:23,686: topic[/safety/payload_waypoint] adding connection to [/safety], count 0
[rospy.internal][INFO] 2019-03-25 08:28:24,199: topic[/network/send_swarm_behavior_data] adding connection to [/network], count 0
[rospy.internal][INFO] 2019-03-25 08:28:24,633: topic[/autopilot/status] adding connection to [http://copter131:40815/], count 0
[rospy.internal][INFO] 2019-03-25 08:28:24,834: topic[/swarm_control/behavior_status] adding connection to [/swarm_control], count 0
[rospy.internal][INFO] 2019-03-25 08:28:25,068: topic[/swarm_control/subswarm_id] adding connection to [http://copter131:42656/], count 0
[rospy.internal][INFO] 2019-03-25 08:28:25,187: topic[/swarm_control/ap_intent] adding connection to [http://copter131:42656/], count 0
[rosout][INFO] 2019-03-25 08:29:14,914: independent_transit activate request False returned False
[rosout][INFO] 2019-03-25 08:29:25,022: independent_transit activate request False returned False
