[rosmaster.main][INFO] 2012-12-31 16:00:15,145: initialization complete, waiting for shutdown
[rosmaster.main][INFO] 2012-12-31 16:00:15,146: Starting ROS Master Node
[xmlrpc][INFO] 2012-12-31 16:00:15,147: XML-RPC server binding to 0.0.0.0:11311
[xmlrpc][INFO] 2012-12-31 16:00:15,148: Started XML-RPC server [http://copter131:11311/]
[rosmaster.master][INFO] 2012-12-31 16:00:15,148: Master initialized: port[11311], uri[http://copter131:11311/]
[xmlrpc][INFO] 2012-12-31 16:00:15,149: xml rpc node: starting XML-RPC server
[rosmaster.master][INFO] 2012-12-31 16:00:15,235: +PARAM [/run_id] by /roslaunch
[rosmaster.master][INFO] 2012-12-31 16:00:15,238: +PARAM [/roslaunch/uris/host_copter131__36616] by /roslaunch
[rosmaster.master][INFO] 2012-12-31 16:00:15,357: +PARAM [/swarm_team] by /roslaunch
[rosmaster.master][INFO] 2012-12-31 16:00:15,358: +PARAM [/rosdistro] by /roslaunch
[rosmaster.master][INFO] 2012-12-31 16:00:15,358: +PARAM [/aircraft_name] by /roslaunch
[rosmaster.master][INFO] 2012-12-31 16:00:15,358: +PARAM [/fetch_enable] by /roslaunch
[rosmaster.master][INFO] 2012-12-31 16:00:15,359: +PARAM [/dis_between_land_points] by /roslaunch
[rosmaster.master][INFO] 2012-12-31 16:00:15,359: +PARAM [/network_port] by /roslaunch
[rosmaster.master][INFO] 2012-12-31 16:00:15,359: +PARAM [/aircraft_id] by /roslaunch
[rosmaster.master][INFO] 2012-12-31 16:00:15,359: +PARAM [/do_deconflict_land] by /roslaunch
[rosmaster.master][INFO] 2012-12-31 16:00:15,360: +PARAM [/subswarm_id] by /roslaunch
[rosmaster.master][INFO] 2012-12-31 16:00:15,360: +PARAM [/aircraft_type] by /roslaunch
[rosmaster.master][INFO] 2012-12-31 16:00:15,360: +PARAM [/sensor_range] by /roslaunch
[rosmaster.master][INFO] 2012-12-31 16:00:15,360: +PARAM [/rosversion] by /roslaunch
[rosmaster.master][INFO] 2012-12-31 16:00:15,361: +PARAM [/runway_pt2_lat] by /roslaunch
[rosmaster.master][INFO] 2012-12-31 16:00:15,361: +PARAM [/runway_pt2_lon] by /roslaunch
[rosmaster.master][INFO] 2012-12-31 16:00:15,361: +PARAM [/flight_ready] by /roslaunch
[rosmaster.master][INFO] 2012-12-31 16:00:15,361: +PARAM [/runway_pt1_lat] by /roslaunch
[rosmaster.master][INFO] 2012-12-31 16:00:15,361: +PARAM [/network_device] by /roslaunch
[rosmaster.master][INFO] 2012-12-31 16:00:15,362: +PARAM [/verify_enable] by /roslaunch
[rosmaster.master][INFO] 2012-12-31 16:00:15,362: +PARAM [/rosbag_enable] by /roslaunch
[rosmaster.master][INFO] 2012-12-31 16:00:15,362: +PARAM [/runway_pt1_lon] by /roslaunch
[rosmaster.master][INFO] 2012-12-31 16:00:15,459: +SERVICE [/rosout/get_loggers] /rosout http://copter131:59148/
[rosmaster.master][INFO] 2012-12-31 16:00:15,461: +SERVICE [/rosout/set_logger_level] /rosout http://copter131:59148/
[rosmaster.master][INFO] 2012-12-31 16:00:15,468: +PUB [/rosout_agg] /rosout http://copter131:59148/
[rosmaster.master][INFO] 2012-12-31 16:00:15,477: +SUB [/rosout] /rosout http://copter131:59148/
[rosmaster.master][INFO] 2012-12-31 16:00:16,536: +PUB [/rosout] /radiation_sensor http://copter131:60317/
[rosmaster.master][INFO] 2012-12-31 16:00:16,550: publisherUpdate[/rosout] -> http://copter131:59148/
[rosmaster.master][INFO] 2012-12-31 16:00:16,586: +SERVICE [/radiation_sensor/get_loggers] /radiation_sensor http://copter131:60317/
[rosmaster.master][INFO] 2012-12-31 16:00:16,615: +SERVICE [/radiation_sensor/set_logger_level] /radiation_sensor http://copter131:60317/
[rosmaster.master][INFO] 2012-12-31 16:00:16,650: +PUB [/tactic_interface/radiation] /radiation_sensor http://copter131:60317/
[rosmaster.master][INFO] 2012-12-31 16:00:16,690: +PUB [/rosout] /safety http://copter131:49841/
[rosmaster.master][INFO] 2012-12-31 16:00:16,748: +SERVICE [/safety/get_loggers] /safety http://copter131:49841/
[rosmaster.master][INFO] 2012-12-31 16:00:16,752: publisherUpdate[/rosout] -> http://copter131:59148/
[rosmaster.master][INFO] 2012-12-31 16:00:16,770: +SERVICE [/safety/set_logger_level] /safety http://copter131:49841/
[rosmaster.master][INFO] 2012-12-31 16:00:16,925: +PUB [/autopilot/heartbeat_onboard] /safety http://copter131:49841/
[rosmaster.master][INFO] 2012-12-31 16:00:16,960: +PUB [/safety/healthy] /safety http://copter131:49841/
[rosmaster.master][INFO] 2012-12-31 16:00:16,975: +PUB [/autopilot/payload_waypoint] /safety http://copter131:49841/
[rosmaster.master][INFO] 2012-12-31 16:00:17,009: +PUB [/autopilot/payload_rate] /safety http://copter131:49841/
[rosmaster.master][INFO] 2012-12-31 16:00:17,055: +PUB [/rosout] /network http://copter131:34291/
[rosmaster.master][INFO] 2012-12-31 16:00:17,059: +PUB [/autopilot/payload_attitude] /safety http://copter131:49841/
[rosmaster.master][INFO] 2012-12-31 16:00:17,060: publisherUpdate[/rosout] -> http://copter131:59148/
[rosmaster.master][INFO] 2012-12-31 16:00:17,100: +SERVICE [/network/get_loggers] /network http://copter131:34291/
[rosmaster.master][INFO] 2012-12-31 16:00:17,126: +SERVICE [/network/set_logger_level] /network http://copter131:34291/
[rosmaster.master][INFO] 2012-12-31 16:00:17,240: +PUB [/rosout] /autopilot http://copter131:40815/
[rosmaster.master][INFO] 2012-12-31 16:00:17,261: +PUB [/rosout] /hit_tracker http://copter131:56245/
[rosmaster.master][INFO] 2012-12-31 16:00:17,262: publisherUpdate[/rosout] -> http://copter131:59148/
[rosmaster.master][INFO] 2012-12-31 16:00:17,266: publisherUpdate[/rosout] -> http://copter131:59148/
[rosmaster.master][INFO] 2012-12-31 16:00:17,355: +SUB [/autopilot/heartbeat_ground] /safety http://copter131:49841/
[rosmaster.master][INFO] 2012-12-31 16:00:17,401: +SERVICE [/autopilot/get_loggers] /autopilot http://copter131:40815/
[rosmaster.master][INFO] 2012-12-31 16:00:17,434: +SERVICE [/hit_tracker/get_loggers] /hit_tracker http://copter131:56245/
[rosmaster.master][INFO] 2012-12-31 16:00:17,449: +SERVICE [/autopilot/set_logger_level] /autopilot http://copter131:40815/
[rosmaster.master][INFO] 2012-12-31 16:00:17,496: +SERVICE [/hit_tracker/set_logger_level] /hit_tracker http://copter131:56245/
[rosmaster.master][INFO] 2012-12-31 16:00:17,536: +SERVICE [/hit_tracker/reset] /hit_tracker http://copter131:56245/
[rosmaster.master][INFO] 2012-12-31 16:00:17,620: +PUB [/rosout] /recv_pose_rate http://copter131:41986/
[rosmaster.master][INFO] 2012-12-31 16:00:17,645: +PUB [/rosout] /task_runner http://copter131:60956/
[rosmaster.master][INFO] 2012-12-31 16:00:17,654: +PARAM [/subswarm_id] by /unnamed
[rosmaster.master][INFO] 2012-12-31 16:00:17,665: publisherUpdate[/rosout] -> http://copter131:59148/
[rosmaster.master][INFO] 2012-12-31 16:00:17,691: publisherUpdate[/rosout] -> http://copter131:59148/
[rosmaster.master][INFO] 2012-12-31 16:00:17,802: +SUB [/autopilot/acs_pose] /safety http://copter131:49841/
[rosmaster.master][INFO] 2012-12-31 16:00:17,827: +SERVICE [/recv_pose_rate/get_loggers] /recv_pose_rate http://copter131:41986/
[rosmaster.master][INFO] 2012-12-31 16:00:17,871: +SERVICE [/task_runner/get_loggers] /task_runner http://copter131:60956/
[rosmaster.master][INFO] 2012-12-31 16:00:17,905: +SERVICE [/recv_pose_rate/set_logger_level] /recv_pose_rate http://copter131:41986/
[rosmaster.master][INFO] 2012-12-31 16:00:17,955: +SERVICE [/task_runner/set_logger_level] /task_runner http://copter131:60956/
[rosmaster.master][INFO] 2012-12-31 16:00:17,974: +SUB [/network/recv_swarm_data] /hit_tracker http://copter131:56245/
[rosmaster.master][INFO] 2012-12-31 16:00:18,001: +PUB [/rosout] /swarm_tracker http://copter131:55884/
[rosmaster.master][INFO] 2012-12-31 16:00:18,067: publisherUpdate[/rosout] -> http://copter131:59148/
[rosmaster.master][INFO] 2012-12-31 16:00:18,125: +PUB [/rosout] /red_tracker http://copter131:32893/
[rosmaster.master][INFO] 2012-12-31 16:00:18,179: publisherUpdate[/rosout] -> http://copter131:59148/
[rosmaster.master][INFO] 2012-12-31 16:00:18,280: +SERVICE [/swarm_tracker/get_loggers] /swarm_tracker http://copter131:55884/
[rosmaster.master][INFO] 2012-12-31 16:00:18,282: +SUB [/swarm_control/subswarm_id] /network http://copter131:34291/
[rosmaster.master][INFO] 2012-12-31 16:00:18,364: +SUB [/safety/payload_waypoint] /safety http://copter131:49841/
[rosmaster.master][INFO] 2012-12-31 16:00:18,381: +SERVICE [/swarm_tracker/set_logger_level] /swarm_tracker http://copter131:55884/
[rosmaster.master][INFO] 2012-12-31 16:00:18,411: +SERVICE [/red_tracker/get_loggers] /red_tracker http://copter131:32893/
[rosmaster.master][INFO] 2012-12-31 16:00:18,501: +SERVICE [/red_tracker/set_logger_level] /red_tracker http://copter131:32893/
[rosmaster.master][INFO] 2012-12-31 16:00:18,525: +SUB [/network/recv_pose] /recv_pose_rate http://copter131:41986/
[rosmaster.master][INFO] 2012-12-31 16:00:18,620: +PUB [/logging/recv_pose_rate] /recv_pose_rate http://copter131:41986/
[rosmaster.master][INFO] 2012-12-31 16:00:18,629: +PUB [/rosout] /patrol_box http://copter131:57526/
[rosmaster.master][INFO] 2019-03-25 08:28:21,750: +SUB [/network/net_reset] /hit_tracker http://copter131:56245/
[rosmaster.master][INFO] 2019-03-25 08:28:21,773: +SUB [/autopilot/status] /task_runner http://copter131:60956/
[rosmaster.master][INFO] 2019-03-25 08:28:21,790: publisherUpdate[/rosout] -> http://copter131:59148/
[rosmaster.master][INFO] 2019-03-25 08:28:21,814: +PUB [/rosout] /simple_ground_attack http://copter131:48816/
[rosmaster.master][INFO] 2019-03-25 08:28:21,844: +PUB [/hit_tracker/hit_uavs] /hit_tracker http://copter131:56245/
[rosmaster.master][INFO] 2019-03-25 08:28:21,890: +SERVICE [/patrol_box/get_loggers] /patrol_box http://copter131:57526/
[rosmaster.master][INFO] 2019-03-25 08:28:21,894: publisherUpdate[/rosout] -> http://copter131:59148/
[rosmaster.master][INFO] 2019-03-25 08:28:21,909: +PUB [/rosout] /swarm_control http://copter131:42656/
[rosmaster.master][INFO] 2019-03-25 08:28:21,959: +SUB [/swarm_control/swarm_behavior] /network http://copter131:34291/
[rosmaster.master][INFO] 2019-03-25 08:28:21,996: publisherUpdate[/rosout] -> http://copter131:59148/
[rosmaster.master][INFO] 2019-03-25 08:28:21,999: +SERVICE [/patrol_box/set_logger_level] /patrol_box http://copter131:57526/
[rosmaster.master][INFO] 2019-03-25 08:28:22,033: +SERVICE [/simple_ground_attack/get_loggers] /simple_ground_attack http://copter131:48816/
[rosmaster.master][INFO] 2019-03-25 08:28:22,069: +SUB [/safety/payload_rate] /safety http://copter131:49841/
[rosmaster.master][INFO] 2019-03-25 08:28:22,154: +SERVICE [/swarm_control/get_loggers] /swarm_control http://copter131:42656/
[rosmaster.master][INFO] 2019-03-25 08:28:22,179: +SERVICE [/simple_ground_attack/set_logger_level] /simple_ground_attack http://copter131:48816/
[rosmaster.master][INFO] 2019-03-25 08:28:22,263: +SERVICE [/swarm_control/set_logger_level] /swarm_control http://copter131:42656/
[rosmaster.master][INFO] 2019-03-25 08:28:22,269: +PUB [/rosout] /independent_transit http://copter131:44843/
[rosmaster.master][INFO] 2019-03-25 08:28:22,304: publisherUpdate[/rosout] -> http://copter131:59148/
[rosmaster.master][INFO] 2019-03-25 08:28:22,342: +PUB [/rosout] /linear_formation http://copter131:52504/
[rosmaster.master][INFO] 2019-03-25 08:28:22,364: +SERVICE [/swarm_control/register_behavior] /swarm_control http://copter131:42656/
[rosmaster.master][INFO] 2019-03-25 08:28:22,404: +PUB [/autopilot/waypoint_goto] /simple_ground_attack http://copter131:48816/
[rosmaster.master][INFO] 2019-03-25 08:28:22,407: publisherUpdate[/rosout] -> http://copter131:59148/
[rosmaster.master][INFO] 2019-03-25 08:28:22,495: +SERVICE [/swarm_control/run_behavior] /swarm_control http://copter131:42656/
[rosmaster.master][INFO] 2019-03-25 08:28:22,508: +SERVICE [/independent_transit/get_loggers] /independent_transit http://copter131:44843/
[rosmaster.master][INFO] 2019-03-25 08:28:22,533: +PUB [/safety/payload_rate] /simple_ground_attack http://copter131:48816/
[rosmaster.master][INFO] 2019-03-25 08:28:22,594: +SERVICE [/linear_formation/get_loggers] /linear_formation http://copter131:52504/
[rosmaster.master][INFO] 2019-03-25 08:28:22,600: +SERVICE [/swarm_control/pause_behavior] /swarm_control http://copter131:42656/
[rosmaster.master][INFO] 2019-03-25 08:28:22,603: +SERVICE [/independent_transit/set_logger_level] /independent_transit http://copter131:44843/
[rosmaster.master][INFO] 2019-03-25 08:28:22,606: +PUB [/safety/payload_waypoint] /simple_ground_attack http://copter131:48816/
[rosmaster.master][INFO] 2019-03-25 08:28:22,608: +SUB [/autopilot/acs_pose] /swarm_tracker http://copter131:55884/
[rosmaster.master][INFO] 2019-03-25 08:28:22,610: publisherUpdate[/safety/payload_rate] -> http://copter131:49841/
[rosmaster.master][INFO] 2019-03-25 08:28:22,619: +SUB [/network/swarm_sub_behavior] /network http://copter131:34291/
[rosmaster.master][INFO] 2019-03-25 08:28:22,628: publisherUpdate[/safety/payload_waypoint] -> http://copter131:49841/
[rosmaster.master][INFO] 2019-03-25 08:28:22,628: +SERVICE [/linear_formation/set_logger_level] /linear_formation http://copter131:52504/
[rosmaster.master][INFO] 2019-03-25 08:28:22,632: +SERVICE [/swarm_control/set_subswarm] /swarm_control http://copter131:42656/
[rosmaster.master][INFO] 2019-03-25 08:28:22,759: +SERVICE [/swarm_control/set_swarm_state] /swarm_control http://copter131:42656/
[rosmaster.master][INFO] 2019-03-25 08:28:22,772: +PUB [/rosout] /constrained_shooter http://copter131:40082/
[rosmaster.master][INFO] 2019-03-25 08:28:22,814: publisherUpdate[/rosout] -> http://copter131:59148/
[rosmaster.master][INFO] 2019-03-25 08:28:22,868: +SERVICE [/constrained_shooter/get_loggers] /constrained_shooter http://copter131:40082/
[rosmaster.master][INFO] 2019-03-25 08:28:22,881: +PUB [/safety/payload_waypoint] /greedy_shooter http://copter131:52269/
[rosmaster.master][INFO] 2019-03-25 08:28:22,888: +PUB [/rosout] /wingman http://copter131:40325/
[rosmaster.master][INFO] 2019-03-25 08:28:22,890: +SERVICE [/constrained_shooter/set_logger_level] /constrained_shooter http://copter131:40082/
[rosmaster.master][INFO] 2019-03-25 08:28:22,897: +SUB [/autopilot/status] /greedy_shooter http://copter131:52269/
[rosmaster.master][INFO] 2019-03-25 08:28:22,911: +SUB [/network/recv_pose] /swarm_tracker http://copter131:55884/
[rosmaster.master][INFO] 2019-03-25 08:28:22,915: publisherUpdate[/safety/payload_waypoint] -> http://copter131:49841/
[rosmaster.master][INFO] 2019-03-25 08:28:22,918: +SUB [/autopilot/status] /independent_transit http://copter131:44843/
[rosmaster.master][INFO] 2019-03-25 08:28:22,922: publisherUpdate[/rosout] -> http://copter131:59148/
[rosmaster.master][INFO] 2019-03-25 08:28:22,924: +SERVICE [/wingman/get_loggers] /wingman http://copter131:40325/
[rosmaster.master][INFO] 2019-03-25 08:28:22,939: +PUB [/safety/payload_waypoint] /independent_transit http://copter131:44843/
[rosmaster.master][INFO] 2019-03-25 08:28:22,941: +SERVICE [/wingman/set_logger_level] /wingman http://copter131:40325/
[rosmaster.master][INFO] 2019-03-25 08:28:22,952: publisherUpdate[/safety/payload_waypoint] -> http://copter131:49841/
[rosmaster.master][INFO] 2019-03-25 08:28:22,971: +SUB [/autopilot/arm] /autopilot http://copter131:40815/
[rosmaster.master][INFO] 2019-03-25 08:28:22,976: +SUB [/autopilot/status] /linear_formation http://copter131:52504/
[rosmaster.master][INFO] 2019-03-25 08:28:22,990: +PUB [/rosout] /greedy_shooter http://copter131:52269/
[rosmaster.master][INFO] 2019-03-25 08:28:23,006: +PUB [/safety/payload_waypoint] /linear_formation http://copter131:52504/
[rosmaster.master][INFO] 2019-03-25 08:28:23,026: +SERVICE [/greedy_shooter/get_loggers] /greedy_shooter http://copter131:52269/
[rosmaster.master][INFO] 2019-03-25 08:28:23,028: +SUB [/network/recv_swarm_ctl_state] /swarm_tracker http://copter131:55884/
[rosmaster.master][INFO] 2019-03-25 08:28:23,029: publisherUpdate[/rosout] -> http://copter131:59148/
[rosmaster.master][INFO] 2019-03-25 08:28:23,033: publisherUpdate[/safety/payload_waypoint] -> http://copter131:49841/
[rosmaster.master][INFO] 2019-03-25 08:28:23,047: +SUB [/autopilot/status] /constrained_shooter http://copter131:40082/
[rosmaster.master][INFO] 2019-03-25 08:28:23,052: +SERVICE [/greedy_shooter/set_logger_level] /greedy_shooter http://copter131:52269/
[rosmaster.master][INFO] 2019-03-25 08:28:23,063: +SUB [/swarm_control/subswarm_id] /independent_transit http://copter131:44843/
[rosmaster.master][INFO] 2019-03-25 08:28:23,069: +PUB [/safety/payload_waypoint] /constrained_shooter http://copter131:40082/
[rosmaster.master][INFO] 2019-03-25 08:28:23,093: +SUB [/autopilot/mode] /autopilot http://copter131:40815/
[rosmaster.master][INFO] 2019-03-25 08:28:23,114: +SUB [/swarm_control/subswarm_id] /linear_formation http://copter131:52504/
[rosmaster.master][INFO] 2019-03-25 08:28:23,116: +PUB [/rosout] /pn_interceptor http://copter131:40420/
[rosmaster.master][INFO] 2019-03-25 08:28:23,141: +SUB [/swarm_control/subswarm_id] /swarm_tracker http://copter131:55884/
[rosmaster.master][INFO] 2019-03-25 08:28:23,141: publisherUpdate[/safety/payload_waypoint] -> http://copter131:49841/
[rosmaster.master][INFO] 2019-03-25 08:28:23,142: publisherUpdate[/rosout] -> http://copter131:59148/
[rosmaster.master][INFO] 2019-03-25 08:28:23,152: +SUB [/swarm_control/subswarm_id] /greedy_shooter http://copter131:52269/
[rosmaster.master][INFO] 2019-03-25 08:28:23,156: +SERVICE [/pn_interceptor/get_loggers] /pn_interceptor http://copter131:40420/
[rosmaster.master][INFO] 2019-03-25 08:28:23,174: +SUB [/swarm_control/subswarm_id] /constrained_shooter http://copter131:40082/
[rosmaster.master][INFO] 2019-03-25 08:28:23,179: +SERVICE [/pn_interceptor/set_logger_level] /pn_interceptor http://copter131:40420/
[rosmaster.master][INFO] 2019-03-25 08:28:23,187: +SUB [/autopilot/guided_goto] /autopilot http://copter131:40815/
[rosmaster.master][INFO] 2019-03-25 08:28:23,202: +SUB [/swarm_control/ap_intent] /linear_formation http://copter131:52504/
[rosmaster.master][INFO] 2019-03-25 08:28:23,223: +SUB [/swarm_control/swarm_state] /swarm_tracker http://copter131:55884/
[rosmaster.master][INFO] 2019-03-25 08:28:23,225: +SUB [/swarm_control/ap_intent] /greedy_shooter http://copter131:52269/
[rosmaster.master][INFO] 2019-03-25 08:28:23,241: +SUB [/swarm_control/ap_intent] /constrained_shooter http://copter131:40082/
[rosmaster.master][INFO] 2019-03-25 08:28:23,248: +SUB [/autopilot/waypoint_goto] /autopilot http://copter131:40815/
[rosmaster.master][INFO] 2019-03-25 08:28:23,266: +SUB [/network/recv_swarm_data] /linear_formation http://copter131:52504/
[rosmaster.master][INFO] 2019-03-25 08:28:23,275: +SUB [/safety/payload_attitude] /safety http://copter131:49841/
[rosmaster.master][INFO] 2019-03-25 08:28:23,281: +PUB [/swarm_control/behavior_status] /linear_formation http://copter131:52504/
[rosmaster.master][INFO] 2019-03-25 08:28:23,289: +SUB [/swarm_control/swarm_behavior] /swarm_tracker http://copter131:55884/
[rosmaster.master][INFO] 2019-03-25 08:28:23,294: +SUB [/network/recv_swarm_data] /greedy_shooter http://copter131:52269/
[rosmaster.master][INFO] 2019-03-25 08:28:23,295: +PUB [/network/send_swarm_behavior_data] /linear_formation http://copter131:52504/
[rosmaster.master][INFO] 2019-03-25 08:28:23,298: +PUB [/rosout] /patrol_box_shooter http://copter131:47127/
[rosmaster.master][INFO] 2019-03-25 08:28:23,306: +PUB [/swarm_control/behavior_status] /greedy_shooter http://copter131:52269/
[rosmaster.master][INFO] 2019-03-25 08:28:23,308: +SERVICE [/linear_formation/set] /linear_formation http://copter131:52504/
[rosmaster.master][INFO] 2019-03-25 08:28:23,311: +PUB [/rosout] /evader http://copter131:58099/
[rosmaster.master][INFO] 2019-03-25 08:28:23,314: +SUB [/autopilot/status] /patrol_box http://copter131:57526/
[rosmaster.master][INFO] 2019-03-25 08:28:23,316: +SUB [/network/recv_swarm_data] /constrained_shooter http://copter131:40082/
[rosmaster.master][INFO] 2019-03-25 08:28:23,319: +PUB [/network/send_swarm_behavior_data] /greedy_shooter http://copter131:52269/
[rosmaster.master][INFO] 2019-03-25 08:28:23,321: +SERVICE [/linear_formation/run] /linear_formation http://copter131:52504/
[rosmaster.master][INFO] 2019-03-25 08:28:23,323: +SERVICE [/patrol_box_shooter/get_loggers] /patrol_box_shooter http://copter131:47127/
[rosmaster.master][INFO] 2019-03-25 08:28:23,328: +PUB [/safety/payload_waypoint] /patrol_box http://copter131:57526/
[rosmaster.master][INFO] 2019-03-25 08:28:23,330: +PUB [/swarm_control/behavior_status] /constrained_shooter http://copter131:40082/
[rosmaster.master][INFO] 2019-03-25 08:28:23,335: +SERVICE [/greedy_shooter/set] /greedy_shooter http://copter131:52269/
[rosmaster.master][INFO] 2019-03-25 08:28:23,336: +SERVICE [/linear_formation/pause] /linear_formation http://copter131:52504/
[rosmaster.master][INFO] 2019-03-25 08:28:23,338: +SERVICE [/patrol_box_shooter/set_logger_level] /patrol_box_shooter http://copter131:47127/
[rosmaster.master][INFO] 2019-03-25 08:28:23,340: +SERVICE [/evader/get_loggers] /evader http://copter131:58099/
[rosmaster.master][INFO] 2019-03-25 08:28:23,344: +PUB [/network/send_swarm_behavior_data] /constrained_shooter http://copter131:40082/
[rosmaster.master][INFO] 2019-03-25 08:28:23,348: +SERVICE [/greedy_shooter/run] /greedy_shooter http://copter131:52269/
[rosmaster.master][INFO] 2019-03-25 08:28:23,351: publisherUpdate[/rosout] -> http://copter131:59148/
[rosmaster.master][INFO] 2019-03-25 08:28:23,353: publisherUpdate[/safety/payload_waypoint] -> http://copter131:49841/
[rosmaster.master][INFO] 2019-03-25 08:28:23,357: publisherUpdate[/rosout] -> http://copter131:59148/
[rosmaster.master][INFO] 2019-03-25 08:28:23,360: +SERVICE [/evader/set_logger_level] /evader http://copter131:58099/
[rosmaster.master][INFO] 2019-03-25 08:28:23,363: +SERVICE [/constrained_shooter/set] /constrained_shooter http://copter131:40082/
[rosmaster.master][INFO] 2019-03-25 08:28:23,367: +SERVICE [/greedy_shooter/pause] /greedy_shooter http://copter131:52269/
[rosmaster.master][INFO] 2019-03-25 08:28:23,373: +SERVICE [/constrained_shooter/run] /constrained_shooter http://copter131:40082/
[rosmaster.master][INFO] 2019-03-25 08:28:23,375: +SUB [/autopilot/status] /swarm_tracker http://copter131:55884/
[rosmaster.master][INFO] 2019-03-25 08:28:23,383: +SERVICE [/constrained_shooter/pause] /constrained_shooter http://copter131:40082/
[rosmaster.master][INFO] 2019-03-25 08:28:23,385: +PUB [/swarm_tracker/swarm_uav_states] /swarm_tracker http://copter131:55884/
[rosmaster.master][INFO] 2019-03-25 08:28:23,394: +SUB [/swarm_control/subswarm_id] /patrol_box http://copter131:57526/
[rosmaster.master][INFO] 2019-03-25 08:28:23,410: +SUB [/autopilot/status] /evader http://copter131:58099/
[rosmaster.master][INFO] 2019-03-25 08:28:23,413: +SUB [/autopilot/status] /patrol_box_shooter http://copter131:47127/
[rosmaster.master][INFO] 2019-03-25 08:28:23,416: +PUB [/safety/payload_waypoint] /evader http://copter131:58099/
[rosmaster.master][INFO] 2019-03-25 08:28:23,418: +PUB [/safety/payload_waypoint] /patrol_box_shooter http://copter131:47127/
[rosmaster.master][INFO] 2019-03-25 08:28:23,424: +SUB [/swarm_control/ap_intent] /patrol_box http://copter131:57526/
[rosmaster.master][INFO] 2019-03-25 08:28:23,445: +SUB [/swarm_control/subswarm_id] /evader http://copter131:58099/
[rosmaster.master][INFO] 2019-03-25 08:28:23,446: +SUB [/swarm_control/subswarm_id] /patrol_box_shooter http://copter131:47127/
[rosmaster.master][INFO] 2019-03-25 08:28:23,453: +SUB [/network/recv_swarm_data] /patrol_box http://copter131:57526/
[rosmaster.master][INFO] 2019-03-25 08:28:23,457: +PUB [/swarm_control/behavior_status] /patrol_box http://copter131:57526/
[rosmaster.master][INFO] 2019-03-25 08:28:23,458: publisherUpdate[/safety/payload_waypoint] -> http://copter131:49841/
[rosmaster.master][INFO] 2019-03-25 08:28:23,466: +PUB [/network/send_swarm_behavior_data] /patrol_box http://copter131:57526/
[rosmaster.master][INFO] 2019-03-25 08:28:23,468: publisherUpdate[/safety/payload_waypoint] -> http://copter131:49841/
[rosmaster.master][INFO] 2019-03-25 08:28:23,471: +PUB [/rosout] /smart_shooter http://copter131:50808/
[rosmaster.master][INFO] 2019-03-25 08:28:23,473: publisherUpdate[/rosout] -> http://copter131:59148/
[rosmaster.master][INFO] 2019-03-25 08:28:23,477: +SERVICE [/patrol_box/set] /patrol_box http://copter131:57526/
[rosmaster.master][INFO] 2019-03-25 08:28:23,484: +SERVICE [/patrol_box/run] /patrol_box http://copter131:57526/
[rosmaster.master][INFO] 2019-03-25 08:28:23,486: +SUB [/swarm_control/ap_intent] /evader http://copter131:58099/
[rosmaster.master][INFO] 2019-03-25 08:28:23,488: +SUB [/swarm_control/ap_intent] /patrol_box_shooter http://copter131:47127/
[rosmaster.master][INFO] 2019-03-25 08:28:23,490: +SERVICE [/smart_shooter/get_loggers] /smart_shooter http://copter131:50808/
[rosmaster.master][INFO] 2019-03-25 08:28:23,492: +SERVICE [/patrol_box/pause] /patrol_box http://copter131:57526/
[rosmaster.master][INFO] 2019-03-25 08:28:23,498: +SERVICE [/smart_shooter/set_logger_level] /smart_shooter http://copter131:50808/
[rosmaster.master][INFO] 2019-03-25 08:28:23,526: +SUB [/network/recv_swarm_data] /evader http://copter131:58099/
[rosmaster.master][INFO] 2019-03-25 08:28:23,528: +SUB [/network/recv_swarm_data] /patrol_box_shooter http://copter131:47127/
[rosmaster.master][INFO] 2019-03-25 08:28:23,531: +SUB [/autopilot/acs_pose] /patrol_box http://copter131:57526/
[rosmaster.master][INFO] 2019-03-25 08:28:23,533: +PUB [/swarm_control/behavior_status] /evader http://copter131:58099/
[rosmaster.master][INFO] 2019-03-25 08:28:23,535: +PUB [/swarm_control/behavior_status] /patrol_box_shooter http://copter131:47127/
[rosmaster.master][INFO] 2019-03-25 08:28:23,541: +PUB [/network/send_swarm_behavior_data] /evader http://copter131:58099/
[rosmaster.master][INFO] 2019-03-25 08:28:23,543: +PUB [/network/send_swarm_behavior_data] /patrol_box_shooter http://copter131:47127/
[rosmaster.master][INFO] 2019-03-25 08:28:23,545: +SUB [/autopilot/status] /smart_shooter http://copter131:50808/
[rosmaster.master][INFO] 2019-03-25 08:28:23,549: +SERVICE [/evader/set] /evader http://copter131:58099/
[rosmaster.master][INFO] 2019-03-25 08:28:23,551: +SERVICE [/patrol_box_shooter/set] /patrol_box_shooter http://copter131:47127/
[rosmaster.master][INFO] 2019-03-25 08:28:23,553: +PUB [/safety/payload_waypoint] /smart_shooter http://copter131:50808/
[rosmaster.master][INFO] 2019-03-25 08:28:23,556: +SERVICE [/evader/run] /evader http://copter131:58099/
[rosmaster.master][INFO] 2019-03-25 08:28:23,559: +SERVICE [/patrol_box_shooter/run] /patrol_box_shooter http://copter131:47127/
[rosmaster.master][INFO] 2019-03-25 08:28:23,563: +SERVICE [/evader/pause] /evader http://copter131:58099/
[rosmaster.master][INFO] 2019-03-25 08:28:23,565: publisherUpdate[/safety/payload_waypoint] -> http://copter131:49841/
[rosmaster.master][INFO] 2019-03-25 08:28:23,568: +SERVICE [/patrol_box_shooter/pause] /patrol_box_shooter http://copter131:47127/
[rosmaster.master][INFO] 2019-03-25 08:28:23,596: +SUB [/swarm_control/subswarm_id] /smart_shooter http://copter131:50808/
[rosmaster.master][INFO] 2019-03-25 08:28:23,600: +SUB [/autopilot/acs_pose] /evader http://copter131:58099/
[rosmaster.master][INFO] 2019-03-25 08:28:23,620: +SUB [/swarm_control/ap_intent] /smart_shooter http://copter131:50808/
[rosmaster.master][INFO] 2019-03-25 08:28:23,622: +SUB [/hit_tracker/hit_uavs] /evader http://copter131:58099/
[rosmaster.master][INFO] 2019-03-25 08:28:23,642: +SUB [/network/recv_swarm_data] /smart_shooter http://copter131:50808/
[rosmaster.master][INFO] 2019-03-25 08:28:23,646: +PUB [/swarm_control/behavior_status] /smart_shooter http://copter131:50808/
[rosmaster.master][INFO] 2019-03-25 08:28:23,650: +PUB [/network/send_swarm_behavior_data] /smart_shooter http://copter131:50808/
[rosmaster.master][INFO] 2019-03-25 08:28:23,655: +SERVICE [/smart_shooter/set] /smart_shooter http://copter131:50808/
[rosmaster.master][INFO] 2019-03-25 08:28:23,659: +SERVICE [/smart_shooter/run] /smart_shooter http://copter131:50808/
[rosmaster.master][INFO] 2019-03-25 08:28:23,662: +SERVICE [/smart_shooter/pause] /smart_shooter http://copter131:50808/
[rosmaster.master][INFO] 2019-03-25 08:28:23,678: +SUB [/autopilot/status] /simple_ground_attack http://copter131:48816/
[rosmaster.master][INFO] 2019-03-25 08:28:23,701: +SUB [/swarm_control/subswarm_id] /simple_ground_attack http://copter131:48816/
[rosmaster.master][INFO] 2019-03-25 08:28:23,713: +SUB [/swarm_control/ap_intent] /simple_ground_attack http://copter131:48816/
[rosmaster.master][INFO] 2019-03-25 08:28:23,727: +SUB [/network/recv_swarm_data] /simple_ground_attack http://copter131:48816/
[rosmaster.master][INFO] 2019-03-25 08:28:23,729: +PUB [/swarm_control/behavior_status] /simple_ground_attack http://copter131:48816/
[rosmaster.master][INFO] 2019-03-25 08:28:23,732: +PUB [/network/send_swarm_behavior_data] /simple_ground_attack http://copter131:48816/
[rosmaster.master][INFO] 2019-03-25 08:28:23,735: +SERVICE [/simple_ground_attack/set] /simple_ground_attack http://copter131:48816/
[rosmaster.master][INFO] 2019-03-25 08:28:23,738: +SERVICE [/simple_ground_attack/run] /simple_ground_attack http://copter131:48816/
[rosmaster.master][INFO] 2019-03-25 08:28:23,740: +SERVICE [/simple_ground_attack/pause] /simple_ground_attack http://copter131:48816/
[rosmaster.master][INFO] 2019-03-25 08:28:23,876: +SUB [/swarm_control/behavior_summary] /network http://copter131:34291/
[rosmaster.master][INFO] 2019-03-25 08:28:23,890: +SUB [/autopilot/status] /network http://copter131:34291/
[rosmaster.master][INFO] 2019-03-25 08:28:23,903: +SUB [/autopilot/acs_pose] /network http://copter131:34291/
[rosmaster.master][INFO] 2019-03-25 08:28:23,916: +SUB [/swarm_control/swarm_state] /network http://copter131:34291/
[rosmaster.master][INFO] 2019-03-25 08:28:23,929: +SUB [/network/send_swarm_behavior_data] /network http://copter131:34291/
[rosmaster.master][INFO] 2019-03-25 08:28:23,933: +PUB [/rosout] /swarm_landing_sequencer http://copter131:55696/
[rosmaster.master][INFO] 2019-03-25 08:28:23,943: +SERVICE [/swarm_landing_sequencer/get_loggers] /swarm_landing_sequencer http://copter131:55696/
[rosmaster.master][INFO] 2019-03-25 08:28:23,950: +SERVICE [/swarm_landing_sequencer/set_logger_level] /swarm_landing_sequencer http://copter131:55696/
[rosmaster.master][INFO] 2019-03-25 08:28:23,967: +SUB [/air_to_air/firing_reports] /network http://copter131:34291/
[rosmaster.master][INFO] 2019-03-25 08:28:23,970: publisherUpdate[/rosout] -> http://copter131:59148/
[rosmaster.master][INFO] 2019-03-25 08:28:23,992: +SUB [/autopilot/status] /swarm_landing_sequencer http://copter131:55696/
[rosmaster.master][INFO] 2019-03-25 08:28:23,994: +SUB [/network/payload_intent] /network http://copter131:34291/
[rosmaster.master][INFO] 2019-03-25 08:28:23,996: +PUB [/safety/payload_waypoint] /swarm_landing_sequencer http://copter131:55696/
[rosmaster.master][INFO] 2019-03-25 08:28:24,015: +SUB [/swarm_control/subswarm_id] /swarm_landing_sequencer http://copter131:55696/
[rosmaster.master][INFO] 2019-03-25 08:28:24,028: +SUB [/swarm_control/ap_intent] /swarm_landing_sequencer http://copter131:55696/
[rosmaster.master][INFO] 2019-03-25 08:28:24,041: +SUB [/network/recv_swarm_data] /swarm_landing_sequencer http://copter131:55696/
[rosmaster.master][INFO] 2019-03-25 08:28:24,044: +PUB [/swarm_control/behavior_status] /swarm_landing_sequencer http://copter131:55696/
[rosmaster.master][INFO] 2019-03-25 08:28:24,047: +PUB [/network/send_swarm_behavior_data] /swarm_landing_sequencer http://copter131:55696/
[rosmaster.master][INFO] 2019-03-25 08:28:24,050: +SERVICE [/swarm_landing_sequencer/set] /swarm_landing_sequencer http://copter131:55696/
[rosmaster.master][INFO] 2019-03-25 08:28:24,053: +SERVICE [/swarm_landing_sequencer/run] /swarm_landing_sequencer http://copter131:55696/
[rosmaster.master][INFO] 2019-03-25 08:28:24,055: +SERVICE [/swarm_landing_sequencer/pause] /swarm_landing_sequencer http://copter131:55696/
[rosmaster.master][INFO] 2019-03-25 08:28:24,072: publisherUpdate[/safety/payload_waypoint] -> http://copter131:49841/
[rosmaster.master][INFO] 2019-03-25 08:28:24,075: publisherUpdate[/network/send_swarm_behavior_data] -> http://copter131:34291/
[rosmaster.master][INFO] 2019-03-25 08:28:24,101: +SUB [/swarm_control/ap_intent] /independent_transit http://copter131:44843/
[rosmaster.master][INFO] 2019-03-25 08:28:24,109: +SUB [/autopilot/status] /wingman http://copter131:40325/
[rosmaster.master][INFO] 2019-03-25 08:28:24,112: +PUB [/safety/payload_waypoint] /wingman http://copter131:40325/
[rosmaster.master][INFO] 2019-03-25 08:28:24,121: +SUB [/network/recv_swarm_data] /independent_transit http://copter131:44843/
[rosmaster.master][INFO] 2019-03-25 08:28:24,125: +PUB [/swarm_control/behavior_status] /independent_transit http://copter131:44843/
[rosmaster.master][INFO] 2019-03-25 08:28:24,129: +PUB [/network/send_swarm_behavior_data] /independent_transit http://copter131:44843/
[rosmaster.master][INFO] 2019-03-25 08:28:24,133: +SUB [/swarm_control/subswarm_id] /wingman http://copter131:40325/
[rosmaster.master][INFO] 2019-03-25 08:28:24,134: +SERVICE [/independent_transit/set] /independent_transit http://copter131:44843/
[rosmaster.master][INFO] 2019-03-25 08:28:24,138: +SERVICE [/independent_transit/run] /independent_transit http://copter131:44843/
[rosmaster.master][INFO] 2019-03-25 08:28:24,141: +SERVICE [/independent_transit/pause] /independent_transit http://copter131:44843/
[rosmaster.master][INFO] 2019-03-25 08:28:24,153: +SUB [/swarm_control/ap_intent] /wingman http://copter131:40325/
[rosmaster.master][INFO] 2019-03-25 08:28:24,167: +SUB [/network/recv_swarm_data] /wingman http://copter131:40325/
[rosmaster.master][INFO] 2019-03-25 08:28:24,170: +PUB [/swarm_control/behavior_status] /wingman http://copter131:40325/
[rosmaster.master][INFO] 2019-03-25 08:28:24,172: +PUB [/network/send_swarm_behavior_data] /wingman http://copter131:40325/
[rosmaster.master][INFO] 2019-03-25 08:28:24,175: +SERVICE [/wingman/set] /wingman http://copter131:40325/
[rosmaster.master][INFO] 2019-03-25 08:28:24,178: +SERVICE [/wingman/run] /wingman http://copter131:40325/
[rosmaster.master][INFO] 2019-03-25 08:28:24,179: publisherUpdate[/safety/payload_waypoint] -> http://copter131:49841/
[rosmaster.master][INFO] 2019-03-25 08:28:24,181: +SERVICE [/wingman/pause] /wingman http://copter131:40325/
[rosmaster.master][INFO] 2019-03-25 08:28:24,181: publisherUpdate[/network/send_swarm_behavior_data] -> http://copter131:34291/
[rosmaster.master][INFO] 2019-03-25 08:28:24,187: publisherUpdate[/network/send_swarm_behavior_data] -> http://copter131:34291/
[rosmaster.master][INFO] 2019-03-25 08:28:24,241: +SUB [/autopilot/status] /pn_interceptor http://copter131:40420/
[rosmaster.master][INFO] 2019-03-25 08:28:24,244: +PUB [/safety/payload_waypoint] /pn_interceptor http://copter131:40420/
[rosmaster.master][INFO] 2019-03-25 08:28:24,258: +SUB [/swarm_control/subswarm_id] /pn_interceptor http://copter131:40420/
[rosmaster.master][INFO] 2019-03-25 08:28:24,272: +SUB [/swarm_control/ap_intent] /pn_interceptor http://copter131:40420/
[rosmaster.master][INFO] 2019-03-25 08:28:24,284: publisherUpdate[/safety/payload_waypoint] -> http://copter131:49841/
[rosmaster.master][INFO] 2019-03-25 08:28:24,287: +SUB [/network/recv_swarm_data] /pn_interceptor http://copter131:40420/
[rosmaster.master][INFO] 2019-03-25 08:28:24,293: +PUB [/swarm_control/behavior_status] /pn_interceptor http://copter131:40420/
[rosmaster.master][INFO] 2019-03-25 08:28:24,296: +PUB [/network/send_swarm_behavior_data] /pn_interceptor http://copter131:40420/
[rosmaster.master][INFO] 2019-03-25 08:28:24,299: +SERVICE [/pn_interceptor/set] /pn_interceptor http://copter131:40420/
[rosmaster.master][INFO] 2019-03-25 08:28:24,303: +SERVICE [/pn_interceptor/run] /pn_interceptor http://copter131:40420/
[rosmaster.master][INFO] 2019-03-25 08:28:24,306: +SERVICE [/pn_interceptor/pause] /pn_interceptor http://copter131:40420/
[rosmaster.master][INFO] 2019-03-25 08:28:24,314: +SUB [/autopilot/heartbeat_onboard] /autopilot http://copter131:40815/
[rosmaster.master][INFO] 2019-03-25 08:28:24,329: +SUB [/autopilot/heartbeat_ground] /autopilot http://copter131:40815/
[rosmaster.master][INFO] 2019-03-25 08:28:24,343: +SUB [/autopilot/mode_num] /autopilot http://copter131:40815/
[rosmaster.master][INFO] 2019-03-25 08:28:24,360: +SUB [/autopilot/set_landing] /autopilot http://copter131:40815/
[rosmaster.master][INFO] 2019-03-25 08:28:24,373: +SUB [/autopilot/payload_waypoint] /autopilot http://copter131:40815/
[rosmaster.master][INFO] 2019-03-25 08:28:24,386: publisherUpdate[/network/send_swarm_behavior_data] -> http://copter131:34291/
[rosmaster.master][INFO] 2019-03-25 08:28:24,395: +SUB [/autopilot/reboot] /autopilot http://copter131:40815/
[rosmaster.master][INFO] 2019-03-25 08:28:24,409: +SUB [/autopilot/weather_update] /autopilot http://copter131:40815/
[rosmaster.master][INFO] 2019-03-25 08:28:24,423: +SUB [/autopilot/copter_takeoff] /autopilot http://copter131:40815/
[rosmaster.master][INFO] 2019-03-25 08:28:24,427: +SERVICE [/autopilot/cal_pressure] /autopilot http://copter131:40815/
[rosmaster.master][INFO] 2019-03-25 08:28:24,430: +SERVICE [/autopilot/cal_gyros] /autopilot http://copter131:40815/
[rosmaster.master][INFO] 2019-03-25 08:28:24,432: +SERVICE [/autopilot/demo_servos] /autopilot http://copter131:40815/
[rosmaster.master][INFO] 2019-03-25 08:28:24,435: +SERVICE [/autopilot/demo_motor] /autopilot http://copter131:40815/
[rosmaster.master][INFO] 2019-03-25 08:28:24,438: +SERVICE [/autopilot/version] /autopilot http://copter131:40815/
[rosmaster.master][INFO] 2019-03-25 08:28:24,443: +SERVICE [/autopilot/load_param] /autopilot http://copter131:40815/
[rosmaster.master][INFO] 2019-03-25 08:28:24,446: +SERVICE [/autopilot/load_fence] /autopilot http://copter131:40815/
[rosmaster.master][INFO] 2019-03-25 08:28:24,449: +SERVICE [/autopilot/load_rally] /autopilot http://copter131:40815/
[rosmaster.master][INFO] 2019-03-25 08:28:24,451: +SERVICE [/autopilot/load_wp] /autopilot http://copter131:40815/
[rosmaster.master][INFO] 2019-03-25 08:28:24,457: +SERVICE [/autopilot/fpr_param_get] /autopilot http://copter131:40815/
[rosmaster.master][INFO] 2019-03-25 08:28:24,460: +SERVICE [/autopilot/fpr_param_getlist] /autopilot http://copter131:40815/
[rosmaster.master][INFO] 2019-03-25 08:28:24,463: +SERVICE [/autopilot/fpr_param_set] /autopilot http://copter131:40815/
[rosmaster.master][INFO] 2019-03-25 08:28:24,465: +SERVICE [/autopilot/fpr_param_setlist] /autopilot http://copter131:40815/
[rosmaster.master][INFO] 2019-03-25 08:28:24,468: +SERVICE [/autopilot/fpr_fence_getall] /autopilot http://copter131:40815/
[rosmaster.master][INFO] 2019-03-25 08:28:24,471: +SERVICE [/autopilot/fpr_fence_setall] /autopilot http://copter131:40815/
[rosmaster.master][INFO] 2019-03-25 08:28:24,473: +SERVICE [/autopilot/fpr_rally_getall] /autopilot http://copter131:40815/
[rosmaster.master][INFO] 2019-03-25 08:28:24,476: +SERVICE [/autopilot/fpr_rally_setall] /autopilot http://copter131:40815/
[rosmaster.master][INFO] 2019-03-25 08:28:24,481: +SERVICE [/autopilot/slave_setup] /autopilot http://copter131:40815/
[rosmaster.master][INFO] 2019-03-25 08:28:24,485: +SERVICE [/autopilot/wp_getall] /autopilot http://copter131:40815/
[rosmaster.master][INFO] 2019-03-25 08:28:24,488: +SERVICE [/autopilot/wp_getrange] /autopilot http://copter131:40815/
[rosmaster.master][INFO] 2019-03-25 08:28:24,492: +SERVICE [/autopilot/wp_getlast] /autopilot http://copter131:40815/
[rosmaster.master][INFO] 2019-03-25 08:28:24,495: +SERVICE [/autopilot/wp_setall] /autopilot http://copter131:40815/
[rosmaster.master][INFO] 2019-03-25 08:28:24,501: +SERVICE [/autopilot/ap_msg_queue_last_n] /autopilot http://copter131:40815/
[rosmaster.master][INFO] 2019-03-25 08:28:24,523: +PUB [/autopilot/imu] /autopilot http://copter131:40815/
[rosmaster.master][INFO] 2019-03-25 08:28:24,525: +SUB [/autopilot/acs_pose] /wingman http://copter131:40325/
[rosmaster.master][INFO] 2019-03-25 08:28:24,534: +PUB [/autopilot/acs_pose] /autopilot http://copter131:40815/
[rosmaster.master][INFO] 2019-03-25 08:28:24,541: +PUB [/autopilot/gps] /autopilot http://copter131:40815/
[rosmaster.master][INFO] 2019-03-25 08:28:24,547: +PUB [/autopilot/gps_odom] /autopilot http://copter131:40815/
[rosmaster.master][INFO] 2019-03-25 08:28:24,551: +SUB [/hit_tracker/hit_uavs] /wingman http://copter131:40325/
[rosmaster.master][INFO] 2019-03-25 08:28:24,555: +PUB [/autopilot/waypoint_goto] /wingman http://copter131:40325/
[rosmaster.master][INFO] 2019-03-25 08:28:24,559: +PUB [/air_to_air/firing_reports] /wingman http://copter131:40325/
[rosmaster.master][INFO] 2019-03-25 08:28:24,561: +SUB [/swarm_tracker/swarm_uav_states] /safety http://copter131:49841/
[rosmaster.master][INFO] 2019-03-25 08:28:24,564: +SERVICE [/safety/set_health_state] /safety http://copter131:49841/
[rosmaster.master][INFO] 2019-03-25 08:28:24,570: +PUB [/autopilot/status] /autopilot http://copter131:40815/
[rosmaster.master][INFO] 2019-03-25 08:28:24,574: +PUB [/autopilot/waypoint_goto] /linear_formation http://copter131:52504/
[rosmaster.master][INFO] 2019-03-25 08:28:24,591: publisherUpdate[/autopilot/acs_pose] -> http://copter131:49841/
[rosmaster.master][INFO] 2019-03-25 08:28:24,592: publisherUpdate[/autopilot/acs_pose] -> http://copter131:55884/
[rosmaster.master][INFO] 2019-03-25 08:28:24,595: publisherUpdate[/autopilot/acs_pose] -> http://copter131:57526/
[rosmaster.master][INFO] 2019-03-25 08:28:24,598: publisherUpdate[/autopilot/acs_pose] -> http://copter131:58099/
[rosmaster.master][INFO] 2019-03-25 08:28:24,600: publisherUpdate[/autopilot/acs_pose] -> http://copter131:34291/
[rosmaster.master][INFO] 2019-03-25 08:28:24,607: publisherUpdate[/autopilot/acs_pose] -> http://copter131:40325/
[rosmaster.master][INFO] 2019-03-25 08:28:24,608: publisherUpdate[/autopilot/waypoint_goto] -> http://copter131:40815/
[rosmaster.master][INFO] 2019-03-25 08:28:24,610: publisherUpdate[/air_to_air/firing_reports] -> http://copter131:34291/
[rosmaster.master][INFO] 2019-03-25 08:28:24,618: publisherUpdate[/autopilot/status] -> http://copter131:60956/
[rosmaster.master][INFO] 2019-03-25 08:28:24,620: publisherUpdate[/autopilot/status] -> http://copter131:52269/
[rosmaster.master][INFO] 2019-03-25 08:28:24,622: publisherUpdate[/autopilot/status] -> http://copter131:44843/
[rosmaster.master][INFO] 2019-03-25 08:28:24,626: publisherUpdate[/autopilot/status] -> http://copter131:52504/
[rosmaster.master][INFO] 2019-03-25 08:28:24,628: publisherUpdate[/autopilot/status] -> http://copter131:40082/
[rosmaster.master][INFO] 2019-03-25 08:28:24,629: publisherUpdate[/autopilot/status] -> http://copter131:57526/
[rosmaster.master][INFO] 2019-03-25 08:28:24,635: publisherUpdate[/autopilot/status] -> http://copter131:55884/
[rosmaster.master][INFO] 2019-03-25 08:28:24,638: publisherUpdate[/autopilot/status] -> http://copter131:58099/
[rosmaster.master][INFO] 2019-03-25 08:28:24,641: publisherUpdate[/autopilot/status] -> http://copter131:47127/
[rosmaster.master][INFO] 2019-03-25 08:28:24,647: publisherUpdate[/autopilot/status] -> http://copter131:50808/
[rosmaster.master][INFO] 2019-03-25 08:28:24,652: publisherUpdate[/autopilot/status] -> http://copter131:48816/
[rosmaster.master][INFO] 2019-03-25 08:28:24,655: publisherUpdate[/autopilot/status] -> http://copter131:34291/
[rosmaster.master][INFO] 2019-03-25 08:28:24,656: publisherUpdate[/autopilot/status] -> http://copter131:55696/
[rosmaster.master][INFO] 2019-03-25 08:28:24,663: publisherUpdate[/autopilot/status] -> http://copter131:40325/
[rosmaster.master][INFO] 2019-03-25 08:28:24,666: publisherUpdate[/autopilot/status] -> http://copter131:40420/
[rosmaster.master][INFO] 2019-03-25 08:28:24,667: publisherUpdate[/autopilot/waypoint_goto] -> http://copter131:40815/
[rosmaster.master][INFO] 2019-03-25 08:28:24,670: +SUB [/autopilot/acs_pose] /smart_shooter http://copter131:50808/
[rosmaster.master][INFO] 2019-03-25 08:28:24,711: +SUB [/autopilot/acs_pose] /greedy_shooter http://copter131:52269/
[rosmaster.master][INFO] 2019-03-25 08:28:24,745: +SUB [/swarm_tracker/swarm_uav_states] /swarm_control http://copter131:42656/
[rosmaster.master][INFO] 2019-03-25 08:28:24,768: +SUB [/hit_tracker/hit_uavs] /greedy_shooter http://copter131:52269/
[rosmaster.master][INFO] 2019-03-25 08:28:24,781: +SUB [/swarm_control/behavior_status] /swarm_control http://copter131:42656/
[rosmaster.master][INFO] 2019-03-25 08:28:24,825: +SUB [/network/net_reset] /greedy_shooter http://copter131:52269/
[rosmaster.master][INFO] 2019-03-25 08:28:24,829: +PUB [/safety/payload_waypoint] /tactic_interface http://copter131:42552/
[rosmaster.master][INFO] 2019-03-25 08:28:24,835: +PUB [/air_to_air/firing_reports] /greedy_shooter http://copter131:52269/
[rosmaster.master][INFO] 2019-03-25 08:28:24,838: +SUB [/autopilot/status] /tactic_interface http://copter131:42552/
[rosmaster.master][INFO] 2019-03-25 08:28:24,846: +PUB [/autopilot/waypoint_goto] /greedy_shooter http://copter131:52269/
[rosmaster.master][INFO] 2019-03-25 08:28:24,854: +SUB [/autopilot/status] /swarm_control http://copter131:42656/
[rosmaster.master][INFO] 2019-03-25 08:28:24,868: +SUB [/autopilot/acs_pose] /patrol_box_shooter http://copter131:47127/
[rosmaster.master][INFO] 2019-03-25 08:28:24,872: publisherUpdate[/safety/payload_waypoint] -> http://copter131:49841/
[rosmaster.master][INFO] 2019-03-25 08:28:24,875: publisherUpdate[/air_to_air/firing_reports] -> http://copter131:34291/
[rosmaster.master][INFO] 2019-03-25 08:28:24,879: publisherUpdate[/autopilot/waypoint_goto] -> http://copter131:40815/
[rosmaster.master][INFO] 2019-03-25 08:28:24,887: +SUB [/network/recv_swarm_data] /swarm_control http://copter131:42656/
[rosmaster.master][INFO] 2019-03-25 08:28:24,903: +SUB [/hit_tracker/hit_uavs] /patrol_box_shooter http://copter131:47127/
[rosmaster.master][INFO] 2019-03-25 08:28:24,905: +PUB [/autopilot/waypoint_goto] /swarm_landing_sequencer http://copter131:55696/
[rosmaster.master][INFO] 2019-03-25 08:28:24,913: +PUB [/air_to_air/firing_reports] /patrol_box_shooter http://copter131:47127/
[rosmaster.master][INFO] 2019-03-25 08:28:24,925: +PUB [/patrol_box_shooter/send_swarm_behavior_data] /patrol_box_shooter http://copter131:47127/
[rosmaster.master][INFO] 2019-03-25 08:28:24,927: +SUB [/autopilot/acs_pose] /constrained_shooter http://copter131:40082/
[rosmaster.master][INFO] 2019-03-25 08:28:24,929: +PUB [/rosout] /tactic_interface http://copter131:42552/
[rosmaster.master][INFO] 2019-03-25 08:28:24,935: +SUB [/network/net_reset] /swarm_control http://copter131:42656/
[rosmaster.master][INFO] 2019-03-25 08:28:24,948: +PUB [/swarm_control/subswarm_id] /swarm_control http://copter131:42656/
[rosmaster.master][INFO] 2019-03-25 08:28:24,954: +SERVICE [/tactic_interface/get_loggers] /tactic_interface http://copter131:42552/
[rosmaster.master][INFO] 2019-03-25 08:28:24,957: +PUB [/swarm_control/swarm_state] /swarm_control http://copter131:42656/
[rosmaster.master][INFO] 2019-03-25 08:28:24,961: +SERVICE [/tactic_interface/set_logger_level] /tactic_interface http://copter131:42552/
[rosmaster.master][INFO] 2019-03-25 08:28:24,965: +PUB [/swarm_control/swarm_behavior] /swarm_control http://copter131:42656/
[rosmaster.master][INFO] 2019-03-25 08:28:24,970: +SUB [/hit_tracker/hit_uavs] /constrained_shooter http://copter131:40082/
[rosmaster.master][INFO] 2019-03-25 08:28:24,975: +PUB [/swarm_control/ap_intent] /swarm_control http://copter131:42656/
[rosmaster.master][INFO] 2019-03-25 08:28:24,976: +PUB [/air_to_air/firing_reports] /constrained_shooter http://copter131:40082/
[rosmaster.master][INFO] 2019-03-25 08:28:24,981: +PUB [/autopilot/waypoint_goto] /swarm_control http://copter131:42656/
[rosmaster.master][INFO] 2019-03-25 08:28:24,982: publisherUpdate[/autopilot/waypoint_goto] -> http://copter131:40815/
[rosmaster.master][INFO] 2019-03-25 08:28:24,986: publisherUpdate[/air_to_air/firing_reports] -> http://copter131:34291/
[rosmaster.master][INFO] 2019-03-25 08:28:24,989: publisherUpdate[/rosout] -> http://copter131:59148/
[rosmaster.master][INFO] 2019-03-25 08:28:24,992: +PUB [/swarm_control/behavior_summary] /swarm_control http://copter131:42656/
[rosmaster.master][INFO] 2019-03-25 08:28:24,995: publisherUpdate[/swarm_control/subswarm_id] -> http://copter131:44843/
[rosmaster.master][INFO] 2019-03-25 08:28:24,999: publisherUpdate[/swarm_control/subswarm_id] -> http://copter131:34291/
[rosmaster.master][INFO] 2019-03-25 08:28:25,002: +PUB [/autopilot/mode_num] /swarm_control http://copter131:42656/
[rosmaster.master][INFO] 2019-03-25 08:28:25,003: publisherUpdate[/swarm_control/subswarm_id] -> http://copter131:52504/
[rosmaster.master][INFO] 2019-03-25 08:28:25,008: publisherUpdate[/swarm_control/subswarm_id] -> http://copter131:55884/
[rosmaster.master][INFO] 2019-03-25 08:28:25,014: publisherUpdate[/swarm_control/subswarm_id] -> http://copter131:52269/
[rosmaster.master][INFO] 2019-03-25 08:28:25,015: +SUB [/swarm_control/subswarm_id] /tactic_interface http://copter131:42552/
[rosmaster.master][INFO] 2019-03-25 08:28:25,016: publisherUpdate[/swarm_control/subswarm_id] -> http://copter131:40082/
[rosmaster.master][INFO] 2019-03-25 08:28:25,023: publisherUpdate[/swarm_control/subswarm_id] -> http://copter131:57526/
[rosmaster.master][INFO] 2019-03-25 08:28:25,029: publisherUpdate[/swarm_control/subswarm_id] -> http://copter131:58099/
[rosmaster.master][INFO] 2019-03-25 08:28:25,031: publisherUpdate[/swarm_control/subswarm_id] -> http://copter131:47127/
[rosmaster.master][INFO] 2019-03-25 08:28:25,036: publisherUpdate[/swarm_control/subswarm_id] -> http://copter131:50808/
[rosmaster.master][INFO] 2019-03-25 08:28:25,038: publisherUpdate[/swarm_control/subswarm_id] -> http://copter131:48816/
[rosmaster.master][INFO] 2019-03-25 08:28:25,044: publisherUpdate[/swarm_control/subswarm_id] -> http://copter131:55696/
[rosmaster.master][INFO] 2019-03-25 08:28:25,045: publisherUpdate[/swarm_control/subswarm_id] -> http://copter131:40325/
[rosmaster.master][INFO] 2019-03-25 08:28:25,047: publisherUpdate[/swarm_control/subswarm_id] -> http://copter131:40420/
[rosmaster.master][INFO] 2019-03-25 08:28:25,055: publisherUpdate[/swarm_control/swarm_state] -> http://copter131:55884/
[rosmaster.master][INFO] 2019-03-25 08:28:25,057: publisherUpdate[/swarm_control/swarm_state] -> http://copter131:34291/
[rosmaster.master][INFO] 2019-03-25 08:28:25,065: publisherUpdate[/swarm_control/swarm_behavior] -> http://copter131:34291/
[rosmaster.master][INFO] 2019-03-25 08:28:25,066: publisherUpdate[/swarm_control/ap_intent] -> http://copter131:52504/
[rosmaster.master][INFO] 2019-03-25 08:28:25,069: publisherUpdate[/swarm_control/swarm_behavior] -> http://copter131:55884/
[rosmaster.master][INFO] 2019-03-25 08:28:25,072: publisherUpdate[/swarm_control/ap_intent] -> http://copter131:52269/
[rosmaster.master][INFO] 2019-03-25 08:28:25,074: publisherUpdate[/swarm_control/ap_intent] -> http://copter131:40082/
[rosmaster.master][INFO] 2019-03-25 08:28:25,077: publisherUpdate[/swarm_control/ap_intent] -> http://copter131:57526/
[rosmaster.master][INFO] 2019-03-25 08:28:25,087: publisherUpdate[/swarm_control/ap_intent] -> http://copter131:58099/
[rosmaster.master][INFO] 2019-03-25 08:28:25,090: publisherUpdate[/swarm_control/ap_intent] -> http://copter131:47127/
[rosmaster.master][INFO] 2019-03-25 08:28:25,091: publisherUpdate[/swarm_control/ap_intent] -> http://copter131:50808/
[rosmaster.master][INFO] 2019-03-25 08:28:25,095: publisherUpdate[/swarm_control/ap_intent] -> http://copter131:48816/
[rosmaster.master][INFO] 2019-03-25 08:28:25,101: +PARAM [/subswarm_id] by /swarm_tracker
[rosmaster.master][INFO] 2019-03-25 08:28:25,102: publisherUpdate[/swarm_control/ap_intent] -> http://copter131:55696/
[rosmaster.master][INFO] 2019-03-25 08:28:25,103: publisherUpdate[/swarm_control/ap_intent] -> http://copter131:44843/
[rosmaster.master][INFO] 2019-03-25 08:28:25,109: publisherUpdate[/swarm_control/ap_intent] -> http://copter131:40325/
[rosmaster.master][INFO] 2019-03-25 08:28:25,111: publisherUpdate[/swarm_control/ap_intent] -> http://copter131:40420/
[rosmaster.master][INFO] 2019-03-25 08:28:25,113: publisherUpdate[/air_to_air/firing_reports] -> http://copter131:34291/
[rosmaster.master][INFO] 2019-03-25 08:28:25,116: +SUB [/autopilot/acs_pose] /red_tracker http://copter131:32893/
[rosmaster.master][INFO] 2019-03-25 08:28:25,117: publisherUpdate[/autopilot/waypoint_goto] -> http://copter131:40815/
[rosmaster.master][INFO] 2019-03-25 08:28:25,125: publisherUpdate[/swarm_control/behavior_summary] -> http://copter131:34291/
[rosmaster.master][INFO] 2019-03-25 08:28:25,135: publisherUpdate[/autopilot/mode_num] -> http://copter131:40815/
[rosmaster.master][INFO] 2019-03-25 08:28:25,138: +SUB [/swarm_control/ap_intent] /tactic_interface http://copter131:42552/
[rosmaster.master][INFO] 2019-03-25 08:28:25,174: +SUB [/network/recv_red_pose] /red_tracker http://copter131:32893/
[rosmaster.master][INFO] 2019-03-25 08:28:25,188: +PUB [/red_tracker/red_uav_states] /red_tracker http://copter131:32893/
[rosmaster.master][INFO] 2019-03-25 08:28:25,191: +SUB [/network/recv_swarm_data] /tactic_interface http://copter131:42552/
[rosmaster.master][INFO] 2019-03-25 08:28:25,195: +PUB [/swarm_control/behavior_status] /tactic_interface http://copter131:42552/
[rosmaster.master][INFO] 2019-03-25 08:28:25,200: +PUB [/network/send_swarm_behavior_data] /tactic_interface http://copter131:42552/
[rosmaster.master][INFO] 2019-03-25 08:28:25,205: +SERVICE [/tactic_interface/set] /tactic_interface http://copter131:42552/
[rosmaster.master][INFO] 2019-03-25 08:28:25,210: +SERVICE [/tactic_interface/run] /tactic_interface http://copter131:42552/
[rosmaster.master][INFO] 2019-03-25 08:28:25,215: +SERVICE [/tactic_interface/pause] /tactic_interface http://copter131:42552/
[rosmaster.master][INFO] 2019-03-25 08:28:25,223: publisherUpdate[/swarm_control/behavior_status] -> http://copter131:42656/
[rosmaster.master][INFO] 2019-03-25 08:28:25,229: publisherUpdate[/network/send_swarm_behavior_data] -> http://copter131:34291/
[rosmaster.master][INFO] 2019-03-25 08:28:25,236: +SUB [/autopilot/acs_pose] /tactic_interface http://copter131:42552/
[rosmaster.master][INFO] 2019-03-25 08:28:25,255: +SUB [/hit_tracker/hit_uavs] /tactic_interface http://copter131:42552/
[rosmaster.master][INFO] 2019-03-25 08:28:25,275: +SUB [/network/net_reset] /tactic_interface http://copter131:42552/
[rosmaster.master][INFO] 2019-03-25 08:28:25,279: +PUB [/air_to_air/firing_reports] /tactic_interface http://copter131:42552/
[rosmaster.master][INFO] 2019-03-25 08:28:25,283: +PUB [/autopilot/waypoint_goto] /tactic_interface http://copter131:42552/
[rosmaster.master][INFO] 2019-03-25 08:28:25,288: +PUB [/network/swarm_sub_behavior] /tactic_interface http://copter131:42552/
[rosmaster.master][INFO] 2019-03-25 08:28:25,335: publisherUpdate[/air_to_air/firing_reports] -> http://copter131:34291/
[rosmaster.master][INFO] 2019-03-25 08:28:25,337: publisherUpdate[/autopilot/waypoint_goto] -> http://copter131:40815/
[rosmaster.master][INFO] 2019-03-25 08:28:25,338: publisherUpdate[/network/swarm_sub_behavior] -> http://copter131:34291/
[rosmaster.master][INFO] 2019-03-25 08:28:25,685: +SUB [/hit_tracker/hit_uavs] /smart_shooter http://copter131:50808/
[rosmaster.master][INFO] 2019-03-25 08:28:25,689: +PUB [/air_to_air/firing_reports] /smart_shooter http://copter131:50808/
[rosmaster.master][INFO] 2019-03-25 08:28:25,742: publisherUpdate[/air_to_air/firing_reports] -> http://copter131:34291/
[rosmaster.master][INFO] 2019-03-25 08:28:31,456: +PARAM [/flight_ready] by /network
[rosmaster.master][INFO] 2019-03-25 08:28:33,080: +PARAM [/ok_rally] by /network
[rosmaster.master][INFO] 2019-03-25 08:28:33,082: +PARAM [/ok_wp] by /network
[rosmaster.master][INFO] 2019-03-25 08:28:33,085: +PARAM [/ok_param] by /network
[rosmaster.master][INFO] 2019-03-25 08:28:37,103: +PARAM [/ok_param] by /network
[rosmaster.master][INFO] 2019-03-25 08:28:39,676: +PUB [/autopilot/mode_num] /network http://copter131:34291/
[rosmaster.master][INFO] 2019-03-25 08:28:39,766: publisherUpdate[/autopilot/mode_num] -> http://copter131:40815/
[rosmaster.master][INFO] 2019-03-25 08:28:40,698: +PUB [/autopilot/arm] /network http://copter131:34291/
[rosmaster.master][INFO] 2019-03-25 08:28:40,769: publisherUpdate[/autopilot/arm] -> http://copter131:40815/
[rosmaster.master][INFO] 2019-03-25 08:28:43,324: +PARAM [/ok_rally] by /network
[rosmaster.master][INFO] 2019-03-25 08:28:44,716: +PARAM [/aircraft_type] by /swarm_control
[rosmaster.master][INFO] 2019-03-25 08:28:44,957: +PARAM [/ok_wp] by /network
[rosmaster.master][INFO] 2019-03-25 08:28:44,962: +PARAM [/swarm_team] by /network
[rosmaster.master][INFO] 2019-03-25 08:28:44,968: +PUB [/autopilot/waypoint_goto] /network http://copter131:34291/
[rosmaster.master][INFO] 2019-03-25 08:28:44,979: publisherUpdate[/autopilot/waypoint_goto] -> http://copter131:40815/
[rosmaster.master][INFO] 2019-03-25 08:28:47,457: +PUB [/autopilot/copter_takeoff] /network http://copter131:34291/
[rosmaster.master][INFO] 2019-03-25 08:28:47,485: publisherUpdate[/autopilot/copter_takeoff] -> http://copter131:40815/
[rosmaster.master][INFO] 2019-03-25 08:28:51,999: +PUB [/autopilot/heartbeat_ground] /network http://copter131:34291/
[rosmaster.master][INFO] 2019-03-25 08:28:52,001: publisherUpdate[/autopilot/heartbeat_ground] -> http://copter131:49841/
[rosmaster.master][INFO] 2019-03-25 08:28:52,002: publisherUpdate[/autopilot/heartbeat_ground] -> http://copter131:40815/
[rosmaster.master][INFO] 2019-03-25 08:29:14,979: +PARAM [/subswarm_id] by /swarm_tracker
[rosmaster.master][INFO] 2019-03-25 08:29:17,845: +PARAM [/subswarm_id] by /swarm_tracker
[rosmaster.master][INFO] 2019-03-25 08:29:23,705: +PARAM [/last_mission_wp_id] by /swarm_control
[rosmaster.master][INFO] 2019-03-25 08:29:23,732: +SUB [/red_tracker/red_uav_states] /tactic_interface http://copter131:42552/
[rosmaster.master][INFO] 2019-03-25 08:29:24,258: +SUB [/swarm_tracker/swarm_uav_states] /tactic_interface http://copter131:42552/
[rosmaster.master][INFO] 2019-03-25 08:29:24,809: +SUB [/tactic_interface/altitude] /tactic_interface http://copter131:42552/
[rosmaster.master][INFO] 2019-03-25 08:29:24,839: +SUB [/tactic_interface/radiation] /tactic_interface http://copter131:42552/
[rosmaster.master][INFO] 2019-03-25 08:29:26,695: +PUB [/rosout] /radeyeNode_8734_1553527766539 http://copter131:37842/
[rosmaster.master][INFO] 2019-03-25 08:29:26,710: +SERVICE [/radeyeNode_8734_1553527766539/get_loggers] /radeyeNode_8734_1553527766539 http://copter131:37842/
[rosmaster.master][INFO] 2019-03-25 08:29:26,715: +SERVICE [/radeyeNode_8734_1553527766539/set_logger_level] /radeyeNode_8734_1553527766539 http://copter131:37842/
[rosmaster.master][INFO] 2019-03-25 08:29:26,742: +SUB [/autopilot/gps_odom] /radeyeNode_8734_1553527766539 http://copter131:37842/
[rosmaster.master][INFO] 2019-03-25 08:29:26,769: +SUB [/autopilot/gps] /radeyeNode_8734_1553527766539 http://copter131:37842/
[rosmaster.master][INFO] 2019-03-25 08:29:26,771: publisherUpdate[/rosout] -> http://copter131:59148/
