[rospy.client][INFO] 2012-12-31 16:00:18,429: init_node, name[/patrol_box], pid[2925]
[xmlrpc][INFO] 2012-12-31 16:00:18,431: XML-RPC server binding to 0.0.0.0:0
[rospy.init][INFO] 2012-12-31 16:00:18,433: ROS Slave URI: [http://copter131:57526/]
[xmlrpc][INFO] 2012-12-31 16:00:18,432: Started XML-RPC server [http://copter131:57526/]
[rospy.impl.masterslave][INFO] 2012-12-31 16:00:18,433: _ready: http://copter131:57526/
[xmlrpc][INFO] 2012-12-31 16:00:18,434: xml rpc node: starting XML-RPC server
[rospy.registration][INFO] 2012-12-31 16:00:18,435: Registering with master node http://localhost:11311
[rospy.init][INFO] 2012-12-31 16:00:18,533: registered with master
[rospy.rosout][INFO] 2012-12-31 16:00:18,534: initializing /rosout core topic
[rospy.rosout][INFO] 2012-12-31 16:00:18,632: connected to core topic /rosout
[rospy.simtime][INFO] 2019-03-25 08:28:21,824: /use_sim_time is not set, will not subscribe to simulated time [/clock] topic
[rospy.internal][INFO] 2019-03-25 08:28:21,938: topic[/rosout] adding connection to [/rosout], count 0
[rospy.internal][INFO] 2019-03-25 08:28:23,688: topic[/safety/payload_waypoint] adding connection to [/safety], count 0
[rospy.internal][INFO] 2019-03-25 08:28:23,958: topic[/network/send_swarm_behavior_data] adding connection to [/network], count 0
[rospy.internal][INFO] 2019-03-25 08:28:24,614: topic[/autopilot/acs_pose] adding connection to [http://copter131:40815/], count 0
[rospy.internal][INFO] 2019-03-25 08:28:24,655: topic[/autopilot/status] adding connection to [http://copter131:40815/], count 0
[rospy.internal][INFO] 2019-03-25 08:28:24,808: topic[/swarm_control/behavior_status] adding connection to [/swarm_control], count 0
[rospy.internal][INFO] 2019-03-25 08:28:25,083: topic[/swarm_control/subswarm_id] adding connection to [http://copter131:42656/], count 0
[rospy.internal][INFO] 2019-03-25 08:28:25,129: topic[/swarm_control/ap_intent] adding connection to [http://copter131:42656/], count 0
[rosout][INFO] 2019-03-25 08:29:14,938: patrol_box activate request False returned False
[rosout][INFO] 2019-03-25 08:29:25,059: patrol_box activate request False returned False
