[rospy.client][INFO] 2019-03-25 08:28:23,177: init_node, name[/patrol_box_shooter], pid[3126]
[xmlrpc][INFO] 2019-03-25 08:28:23,178: XML-RPC server binding to 0.0.0.0:0
[xmlrpc][INFO] 2019-03-25 08:28:23,179: Started XML-RPC server [http://copter131:47127/]
[rospy.impl.masterslave][INFO] 2019-03-25 08:28:23,179: _ready: http://copter131:47127/
[rospy.init][INFO] 2019-03-25 08:28:23,180: ROS Slave URI: [http://copter131:47127/]
[xmlrpc][INFO] 2019-03-25 08:28:23,181: xml rpc node: starting XML-RPC server
[rospy.registration][INFO] 2019-03-25 08:28:23,182: Registering with master node http://localhost:11311
[rospy.init][INFO] 2019-03-25 08:28:23,281: registered with master
[rospy.rosout][INFO] 2019-03-25 08:28:23,282: initializing /rosout core topic
[rospy.rosout][INFO] 2019-03-25 08:28:23,300: connected to core topic /rosout
[rospy.simtime][INFO] 2019-03-25 08:28:23,311: /use_sim_time is not set, will not subscribe to simulated time [/clock] topic
[rospy.internal][INFO] 2019-03-25 08:28:23,466: topic[/rosout] adding connection to [/rosout], count 0
[rospy.internal][INFO] 2019-03-25 08:28:23,690: topic[/safety/payload_waypoint] adding connection to [/safety], count 0
[rospy.internal][INFO] 2019-03-25 08:28:23,972: topic[/network/send_swarm_behavior_data] adding connection to [/network], count 0
[rospy.internal][INFO] 2019-03-25 08:28:24,722: topic[/autopilot/status] adding connection to [http://copter131:40815/], count 0
[rospy.internal][INFO] 2019-03-25 08:28:24,823: topic[/swarm_control/behavior_status] adding connection to [/swarm_control], count 0
[rospy.internal][INFO] 2019-03-25 08:28:24,918: topic[/autopilot/acs_pose] adding connection to [http://copter131:40815/], count 0
[rospy.internal][INFO] 2019-03-25 08:28:24,920: topic[/hit_tracker/hit_uavs] adding connection to [http://copter131:56245/], count 0
[rospy.internal][INFO] 2019-03-25 08:28:25,033: topic[/air_to_air/firing_reports] adding connection to [/network], count 0
[rospy.internal][INFO] 2019-03-25 08:28:25,105: topic[/swarm_control/subswarm_id] adding connection to [http://copter131:42656/], count 0
[rospy.internal][INFO] 2019-03-25 08:28:25,153: topic[/swarm_control/ap_intent] adding connection to [http://copter131:42656/], count 0
[rosout][INFO] 2019-03-25 08:29:14,947: patrol_box_shooter activate request False returned False
[rosout][INFO] 2019-03-25 08:29:25,069: patrol_box_shooter activate request False returned False
