[rospy.client][INFO] 2019-03-25 08:28:22,993: init_node, name[/pn_interceptor], pid[3109]
[xmlrpc][INFO] 2019-03-25 08:28:22,995: XML-RPC server binding to 0.0.0.0:0
[rospy.init][INFO] 2019-03-25 08:28:22,997: ROS Slave URI: [http://copter131:40420/]
[xmlrpc][INFO] 2019-03-25 08:28:22,997: Started XML-RPC server [http://copter131:40420/]
[rospy.impl.masterslave][INFO] 2019-03-25 08:28:22,997: _ready: http://copter131:40420/
[rospy.registration][INFO] 2019-03-25 08:28:22,999: Registering with master node http://localhost:11311
[xmlrpc][INFO] 2019-03-25 08:28:23,000: xml rpc node: starting XML-RPC server
[rospy.init][INFO] 2019-03-25 08:28:23,097: registered with master
[rospy.rosout][INFO] 2019-03-25 08:28:23,098: initializing /rosout core topic
[rospy.rosout][INFO] 2019-03-25 08:28:23,118: connected to core topic /rosout
[rospy.simtime][INFO] 2019-03-25 08:28:23,133: /use_sim_time is not set, will not subscribe to simulated time [/clock] topic
[rospy.internal][INFO] 2019-03-25 08:28:23,359: topic[/rosout] adding connection to [/rosout], count 0
[rospy.internal][INFO] 2019-03-25 08:28:24,332: topic[/safety/payload_waypoint] adding connection to [/safety], count 0
[rospy.internal][INFO] 2019-03-25 08:28:24,426: topic[/network/send_swarm_behavior_data] adding connection to [/network], count 0
[rospy.internal][INFO] 2019-03-25 08:28:24,740: topic[/autopilot/status] adding connection to [http://copter131:40815/], count 0
[rospy.internal][INFO] 2019-03-25 08:28:24,845: topic[/swarm_control/behavior_status] adding connection to [/swarm_control], count 0
[rospy.internal][INFO] 2019-03-25 08:28:25,106: topic[/swarm_control/subswarm_id] adding connection to [http://copter131:42656/], count 0
[rospy.internal][INFO] 2019-03-25 08:28:25,182: topic[/swarm_control/ap_intent] adding connection to [http://copter131:42656/], count 0
[rosout][INFO] 2019-03-25 08:29:14,908: pn_interceptor activate request False returned False
[rosout][INFO] 2019-03-25 08:29:25,012: pn_interceptor activate request False returned False
