[rospy.client][INFO] 2019-03-25 08:28:22,341: init_node, name[/smart_shooter], pid[3031]
[xmlrpc][INFO] 2019-03-25 08:28:22,358: XML-RPC server binding to 0.0.0.0:0
[xmlrpc][INFO] 2019-03-25 08:28:22,359: Started XML-RPC server [http://copter131:50808/]
[rospy.impl.masterslave][INFO] 2019-03-25 08:28:22,359: _ready: http://copter131:50808/
[rospy.init][INFO] 2019-03-25 08:28:22,363: ROS Slave URI: [http://copter131:50808/]
[xmlrpc][INFO] 2019-03-25 08:28:22,373: xml rpc node: starting XML-RPC server
[rospy.registration][INFO] 2019-03-25 08:28:22,374: Registering with master node http://localhost:11311
[rospy.init][INFO] 2019-03-25 08:28:22,463: registered with master
[rospy.rosout][INFO] 2019-03-25 08:28:22,464: initializing /rosout core topic
[rospy.rosout][INFO] 2019-03-25 08:28:23,473: connected to core topic /rosout
[rospy.simtime][INFO] 2019-03-25 08:28:23,483: /use_sim_time is not set, will not subscribe to simulated time [/clock] topic
[rospy.internal][INFO] 2019-03-25 08:28:23,683: topic[/rosout] adding connection to [/rosout], count 0
[rospy.internal][INFO] 2019-03-25 08:28:23,691: topic[/safety/payload_waypoint] adding connection to [/safety], count 0
[rospy.internal][INFO] 2019-03-25 08:28:23,972: topic[/network/send_swarm_behavior_data] adding connection to [/network], count 0
[rospy.internal][INFO] 2019-03-25 08:28:24,676: topic[/autopilot/status] adding connection to [http://copter131:40815/], count 0
[rospy.internal][INFO] 2019-03-25 08:28:24,703: topic[/autopilot/acs_pose] adding connection to [http://copter131:40815/], count 0
[rospy.internal][INFO] 2019-03-25 08:28:24,827: topic[/swarm_control/behavior_status] adding connection to [/swarm_control], count 0
[rospy.internal][INFO] 2019-03-25 08:28:25,051: topic[/swarm_control/subswarm_id] adding connection to [http://copter131:42656/], count 0
[rospy.internal][INFO] 2019-03-25 08:28:25,156: topic[/swarm_control/ap_intent] adding connection to [http://copter131:42656/], count 0
[rospy.internal][INFO] 2019-03-25 08:28:25,735: topic[/hit_tracker/hit_uavs] adding connection to [http://copter131:56245/], count 0
[rospy.internal][INFO] 2019-03-25 08:28:25,775: topic[/air_to_air/firing_reports] adding connection to [/network], count 0
[rosout][INFO] 2019-03-25 08:29:14,920: smart_shooter activate request False returned False
[rosout][INFO] 2019-03-25 08:29:25,031: smart_shooter activate request False returned False
