[rospy.client][INFO] 2019-03-25 08:28:22,067: init_node, name[/swarm_landing_sequencer], pid[2995]
[xmlrpc][INFO] 2019-03-25 08:28:22,093: XML-RPC server binding to 0.0.0.0:0
[xmlrpc][INFO] 2019-03-25 08:28:22,094: Started XML-RPC server [http://copter131:55696/]
[rospy.init][INFO] 2019-03-25 08:28:22,094: ROS Slave URI: [http://copter131:55696/]
[rospy.impl.masterslave][INFO] 2019-03-25 08:28:22,095: _ready: http://copter131:55696/
[xmlrpc][INFO] 2019-03-25 08:28:22,114: xml rpc node: starting XML-RPC server
[rospy.registration][INFO] 2019-03-25 08:28:22,124: Registering with master node http://localhost:11311
[rospy.init][INFO] 2019-03-25 08:28:22,196: registered with master
[rospy.rosout][INFO] 2019-03-25 08:28:22,197: initializing /rosout core topic
[rospy.rosout][INFO] 2019-03-25 08:28:23,935: connected to core topic /rosout
[rospy.simtime][INFO] 2019-03-25 08:28:23,940: /use_sim_time is not set, will not subscribe to simulated time [/clock] topic
[rospy.internal][INFO] 2019-03-25 08:28:24,097: topic[/safety/payload_waypoint] adding connection to [/safety], count 0
[rospy.internal][INFO] 2019-03-25 08:28:24,129: topic[/network/send_swarm_behavior_data] adding connection to [/network], count 0
[rospy.internal][INFO] 2019-03-25 08:28:24,184: topic[/rosout] adding connection to [/rosout], count 0
[rospy.internal][INFO] 2019-03-25 08:28:24,736: topic[/autopilot/status] adding connection to [http://copter131:40815/], count 0
[rospy.internal][INFO] 2019-03-25 08:28:24,832: topic[/swarm_control/behavior_status] adding connection to [/swarm_control], count 0
[rospy.internal][INFO] 2019-03-25 08:28:25,032: topic[/autopilot/waypoint_goto] adding connection to [/autopilot], count 0
[rospy.internal][INFO] 2019-03-25 08:28:25,101: topic[/swarm_control/subswarm_id] adding connection to [http://copter131:42656/], count 0
[rospy.internal][INFO] 2019-03-25 08:28:25,171: topic[/swarm_control/ap_intent] adding connection to [http://copter131:42656/], count 0
[rosout][INFO] 2019-03-25 08:29:14,896: swarm_landing_sequencer activate request False returned False
[rosout][INFO] 2019-03-25 08:29:24,980: swarm_landing_sequencer activate request False returned False
