[rospy.client][INFO] 2019-03-25 08:28:24,815: init_node, name[/tactic_interface], pid[2957]
[xmlrpc][INFO] 2019-03-25 08:28:24,817: XML-RPC server binding to 0.0.0.0:0
[xmlrpc][INFO] 2019-03-25 08:28:24,818: Started XML-RPC server [http://copter131:42552/]
[rospy.init][INFO] 2019-03-25 08:28:24,818: ROS Slave URI: [http://copter131:42552/]
[rospy.impl.masterslave][INFO] 2019-03-25 08:28:24,819: _ready: http://copter131:42552/
[rospy.registration][INFO] 2019-03-25 08:28:24,822: Registering with master node http://localhost:11311
[rospy.registration][INFO] 2019-03-25 08:28:24,825: Registering publisher topic [/safety/payload_waypoint] type [autopilot_bridge/LLA] with master
[xmlrpc][INFO] 2019-03-25 08:28:24,826: xml rpc node: starting XML-RPC server
[rospy.registration][INFO] 2019-03-25 08:28:24,830: registering subscriber topic [/autopilot/status] type [autopilot_bridge/Status] with master
[rospy.internal][INFO] 2019-03-25 08:28:24,848: topic[/autopilot/status] adding connection to [http://copter131:40815/], count 0
[rospy.init][INFO] 2019-03-25 08:28:24,919: registered with master
[rospy.rosout][INFO] 2019-03-25 08:28:24,920: initializing /rosout core topic
[rospy.rosout][INFO] 2019-03-25 08:28:24,932: connected to core topic /rosout
[rospy.internal][INFO] 2019-03-25 08:28:24,941: topic[/safety/payload_waypoint] adding connection to [/safety], count 0
[rospy.simtime][INFO] 2019-03-25 08:28:24,944: /use_sim_time is not set, will not subscribe to simulated time [/clock] topic
[rospy.internal][INFO] 2019-03-25 08:28:25,073: topic[/swarm_control/subswarm_id] adding connection to [http://copter131:42656/], count 0
[rospy.internal][INFO] 2019-03-25 08:28:25,190: topic[/swarm_control/ap_intent] adding connection to [http://copter131:42656/], count 0
[rospy.internal][INFO] 2019-03-25 08:28:25,208: topic[/rosout] adding connection to [/rosout], count 0
[rospy.internal][INFO] 2019-03-25 08:28:25,253: topic[/swarm_control/behavior_status] adding connection to [/swarm_control], count 0
[rospy.internal][INFO] 2019-03-25 08:28:25,267: topic[/hit_tracker/hit_uavs] adding connection to [http://copter131:56245/], count 0
[rospy.internal][INFO] 2019-03-25 08:28:25,268: topic[/autopilot/acs_pose] adding connection to [http://copter131:40815/], count 0
[rospy.internal][INFO] 2019-03-25 08:28:25,291: topic[/network/send_swarm_behavior_data] adding connection to [/network], count 0
[rospy.internal][INFO] 2019-03-25 08:28:25,356: topic[/network/swarm_sub_behavior] adding connection to [/network], count 0
[rospy.internal][INFO] 2019-03-25 08:28:25,363: topic[/air_to_air/firing_reports] adding connection to [/network], count 0
[rospy.internal][INFO] 2019-03-25 08:28:25,371: topic[/autopilot/waypoint_goto] adding connection to [/autopilot], count 0
[rosout][INFO] 2019-03-25 08:29:14,956: tactic_interface activate request False returned False
[rospy.internal][INFO] 2019-03-25 08:29:23,776: topic[/red_tracker/red_uav_states] adding connection to [http://copter131:32893/], count 0
[rospy.internal][INFO] 2019-03-25 08:29:24,278: topic[/swarm_tracker/swarm_uav_states] adding connection to [http://copter131:55884/], count 0
[rospy.internal][INFO] 2019-03-25 08:29:24,849: topic[/tactic_interface/radiation] adding connection to [http://copter131:60317/], count 0
[rosout][INFO] 2019-03-25 08:29:24,958: tactic_interface ready state set to 'True'
[rosout][INFO] 2019-03-25 08:29:24,960: tactic_interface set request returned True
[rosout][INFO] 2019-03-25 08:29:25,078: tactic_interface activate request False returned False
[rosout][INFO] 2019-03-25 08:29:26,109: activating behavior tactic_interface
[rosout][INFO] 2019-03-25 08:29:26,110: tactic_interface activate request True returned True
[rosout][WARNING] 2019-03-25 08:29:27,220: tactic_interface, Timed Loop Error: list assignment index out of range
[rosout][INFO] 2019-03-25 08:29:27,231: The altitude global is: 0.000000 and radiation is: 2.000000
[rosout][INFO] 2019-03-25 08:29:27,331: The altitude global is: 0.000000 and radiation is: 2.000000
[rosout][INFO] 2019-03-25 08:29:27,431: The altitude global is: 0.000000 and radiation is: 2.000000
[rosout][INFO] 2019-03-25 08:29:27,531: The altitude global is: 0.000000 and radiation is: 2.000000
[rosout][INFO] 2019-03-25 08:29:27,631: The altitude global is: 0.000000 and radiation is: 2.000000
[rosout][INFO] 2019-03-25 08:29:27,731: The altitude global is: 0.000000 and radiation is: 2.000000
[rosout][INFO] 2019-03-25 08:29:27,831: The altitude global is: 0.000000 and radiation is: 2.000000
[rosout][INFO] 2019-03-25 08:29:27,931: The altitude global is: 0.000000 and radiation is: 2.000000
[rosout][INFO] 2019-03-25 08:29:28,031: The altitude global is: 0.000000 and radiation is: 2.000000
[rosout][INFO] 2019-03-25 08:29:28,131: The altitude global is: 0.000000 and radiation is: 2.000000
[rosout][INFO] 2019-03-25 08:29:28,231: The altitude global is: 0.000000 and radiation is: 2.000000
[rosout][INFO] 2019-03-25 08:29:28,331: The altitude global is: 0.000000 and radiation is: 2.000000
[rosout][INFO] 2019-03-25 08:29:28,431: The altitude global is: 0.000000 and radiation is: 2.000000
[rosout][INFO] 2019-03-25 08:29:28,531: The altitude global is: 0.000000 and radiation is: 2.000000
[rosout][INFO] 2019-03-25 08:29:28,631: The altitude global is: 0.000000 and radiation is: 2.000000
[rosout][INFO] 2019-03-25 08:29:28,731: The altitude global is: 0.000000 and radiation is: 2.000000
[rosout][INFO] 2019-03-25 08:29:28,831: The altitude global is: 0.000000 and radiation is: 2.000000
[rosout][INFO] 2019-03-25 08:29:28,931: The altitude global is: 0.000000 and radiation is: 2.000000
[rosout][INFO] 2019-03-25 08:29:29,031: The altitude global is: 0.000000 and radiation is: 2.000000
[rosout][INFO] 2019-03-25 08:29:29,131: The altitude global is: 0.000000 and radiation is: 2.000000
[rosout][INFO] 2019-03-25 08:29:29,231: The altitude global is: 0.000000 and radiation is: 2.000000
[rosout][INFO] 2019-03-25 08:29:29,331: The altitude global is: 0.000000 and radiation is: 2.000000
[rosout][INFO] 2019-03-25 08:29:29,431: The altitude global is: 0.000000 and radiation is: 2.000000
[rosout][INFO] 2019-03-25 08:29:29,531: The altitude global is: 0.000000 and radiation is: 2.000000
[rosout][INFO] 2019-03-25 08:29:29,631: The altitude global is: 0.000000 and radiation is: 2.000000
[rosout][INFO] 2019-03-25 08:29:29,731: The altitude global is: 0.000000 and radiation is: 2.000000
[rosout][INFO] 2019-03-25 08:29:29,831: The altitude global is: 0.000000 and radiation is: 2.000000
[rosout][INFO] 2019-03-25 08:29:29,931: The altitude global is: 0.000000 and radiation is: 2.000000
[rosout][INFO] 2019-03-25 08:29:30,031: The altitude global is: 0.000000 and radiation is: 2.000000
[rosout][INFO] 2019-03-25 08:29:30,131: The altitude global is: 0.000000 and radiation is: 2.000000
[rosout][INFO] 2019-03-25 08:29:30,231: The altitude global is: 0.000000 and radiation is: 2.000000
[rosout][INFO] 2019-03-25 08:29:30,331: The altitude global is: 0.000000 and radiation is: 2.000000
[rosout][INFO] 2019-03-25 08:29:30,431: The altitude global is: 0.000000 and radiation is: 2.000000
[rosout][INFO] 2019-03-25 08:29:30,531: The altitude global is: 0.000000 and radiation is: 2.000000
[rosout][INFO] 2019-03-25 08:29:30,631: The altitude global is: 0.000000 and radiation is: 2.000000
[rosout][INFO] 2019-03-25 08:29:30,731: The altitude global is: 0.000000 and radiation is: 2.000000
[rosout][INFO] 2019-03-25 08:29:30,831: The altitude global is: 0.000000 and radiation is: 2.000000
[rosout][INFO] 2019-03-25 08:29:30,931: The altitude global is: 0.000000 and radiation is: 2.000000
[rosout][INFO] 2019-03-25 08:29:31,031: The altitude global is: 0.000000 and radiation is: 2.000000
[rosout][INFO] 2019-03-25 08:29:31,131: The altitude global is: 0.000000 and radiation is: 2.000000
[rosout][INFO] 2019-03-25 08:29:31,231: The altitude global is: 0.000000 and radiation is: 2.000000
[rosout][INFO] 2019-03-25 08:29:31,331: The altitude global is: 0.000000 and radiation is: 2.000000
[rosout][INFO] 2019-03-25 08:29:31,431: The altitude global is: 0.000000 and radiation is: 2.000000
[rosout][INFO] 2019-03-25 08:29:31,531: The altitude global is: 0.000000 and radiation is: 2.000000
[rosout][INFO] 2019-03-25 08:29:31,631: The altitude global is: 0.000000 and radiation is: 2.000000
[rosout][INFO] 2019-03-25 08:29:31,731: The altitude global is: 0.000000 and radiation is: 2.000000
[rosout][INFO] 2019-03-25 08:29:31,831: The altitude global is: 0.000000 and radiation is: 2.000000
[rosout][INFO] 2019-03-25 08:29:31,931: The altitude global is: 0.000000 and radiation is: 2.000000
[rosout][INFO] 2019-03-25 08:29:32,031: The altitude global is: 0.000000 and radiation is: 2.000000
[rosout][INFO] 2019-03-25 08:29:32,131: The altitude global is: 0.000000 and radiation is: 2.000000
[rosout][INFO] 2019-03-25 08:29:32,231: The altitude global is: 0.000000 and radiation is: 2.000000
[rosout][INFO] 2019-03-25 08:29:32,331: The altitude global is: 0.000000 and radiation is: 2.000000
[rosout][INFO] 2019-03-25 08:29:32,431: The altitude global is: 0.000000 and radiation is: 2.000000
[rosout][INFO] 2019-03-25 08:29:32,531: The altitude global is: 0.000000 and radiation is: 2.000000
[rosout][INFO] 2019-03-25 08:29:32,631: The altitude global is: 0.000000 and radiation is: 2.000000
[rosout][INFO] 2019-03-25 08:29:32,731: The altitude global is: 0.000000 and radiation is: 2.000000
[rosout][INFO] 2019-03-25 08:29:32,831: The altitude global is: 0.000000 and radiation is: 2.000000
[rosout][INFO] 2019-03-25 08:29:32,931: The altitude global is: 0.000000 and radiation is: 2.000000
[rosout][INFO] 2019-03-25 08:29:33,031: The altitude global is: 0.000000 and radiation is: 2.000000
[rosout][INFO] 2019-03-25 08:29:33,131: The altitude global is: 0.000000 and radiation is: 2.000000
[rosout][INFO] 2019-03-25 08:29:33,231: The altitude global is: 0.000000 and radiation is: 2.000000
[rosout][INFO] 2019-03-25 08:29:33,331: The altitude global is: 0.000000 and radiation is: 2.000000
[rosout][INFO] 2019-03-25 08:29:33,431: The altitude global is: 0.000000 and radiation is: 2.000000
[rosout][INFO] 2019-03-25 08:29:33,531: The altitude global is: 0.000000 and radiation is: 2.000000
[rosout][INFO] 2019-03-25 08:29:33,631: The altitude global is: 0.000000 and radiation is: 2.000000
[rosout][INFO] 2019-03-25 08:29:33,731: The altitude global is: 0.000000 and radiation is: 2.000000
[rosout][INFO] 2019-03-25 08:29:33,831: The altitude global is: 0.000000 and radiation is: 2.000000
[rosout][INFO] 2019-03-25 08:29:33,931: The altitude global is: 0.000000 and radiation is: 2.000000
[rosout][INFO] 2019-03-25 08:29:34,031: The altitude global is: 0.000000 and radiation is: 2.000000
[rosout][INFO] 2019-03-25 08:29:34,131: The altitude global is: 0.000000 and radiation is: 2.000000
[rosout][INFO] 2019-03-25 08:29:34,231: The altitude global is: 0.000000 and radiation is: 2.000000
[rosout][INFO] 2019-03-25 08:29:34,331: The altitude global is: 0.000000 and radiation is: 2.000000
[rosout][INFO] 2019-03-25 08:29:34,431: The altitude global is: 0.000000 and radiation is: 2.000000
[rosout][INFO] 2019-03-25 08:29:34,532: The altitude global is: 0.000000 and radiation is: 2.000000
[rosout][INFO] 2019-03-25 08:29:34,631: The altitude global is: 0.000000 and radiation is: 2.000000
[rosout][INFO] 2019-03-25 08:29:34,731: The altitude global is: 0.000000 and radiation is: 2.000000
[rosout][INFO] 2019-03-25 08:29:34,831: The altitude global is: 0.000000 and radiation is: 2.000000
[rosout][INFO] 2019-03-25 08:29:34,931: The altitude global is: 0.000000 and radiation is: 2.000000
[rosout][INFO] 2019-03-25 08:29:35,031: The altitude global is: 0.000000 and radiation is: 2.000000
[rosout][INFO] 2019-03-25 08:29:35,131: The altitude global is: 0.000000 and radiation is: 2.000000
[rosout][INFO] 2019-03-25 08:29:35,231: The altitude global is: 0.000000 and radiation is: 2.000000
[rosout][INFO] 2019-03-25 08:29:35,331: The altitude global is: 0.000000 and radiation is: 2.000000
[rosout][INFO] 2019-03-25 08:29:35,431: The altitude global is: 0.000000 and radiation is: 2.000000
[rosout][INFO] 2019-03-25 08:29:35,531: The altitude global is: 0.000000 and radiation is: 2.000000
[rosout][INFO] 2019-03-25 08:29:35,631: The altitude global is: 0.000000 and radiation is: 2.000000
[rosout][INFO] 2019-03-25 08:29:35,731: The altitude global is: 0.000000 and radiation is: 2.000000
[rosout][INFO] 2019-03-25 08:29:35,831: The altitude global is: 0.000000 and radiation is: 2.000000
[rosout][INFO] 2019-03-25 08:29:35,931: The altitude global is: 0.000000 and radiation is: 2.000000
[rosout][INFO] 2019-03-25 08:29:36,031: The altitude global is: 0.000000 and radiation is: 2.000000
[rosout][INFO] 2019-03-25 08:29:36,131: The altitude global is: 0.000000 and radiation is: 2.000000
[rosout][INFO] 2019-03-25 08:29:36,231: The altitude global is: 0.000000 and radiation is: 2.000000
[rosout][INFO] 2019-03-25 08:29:36,331: The altitude global is: 0.000000 and radiation is: 2.000000
[rosout][INFO] 2019-03-25 08:29:36,431: The altitude global is: 0.000000 and radiation is: 2.000000
[rosout][INFO] 2019-03-25 08:29:36,531: The altitude global is: 0.000000 and radiation is: 2.000000
[rosout][INFO] 2019-03-25 08:29:36,631: The altitude global is: 0.000000 and radiation is: 2.000000
[rosout][INFO] 2019-03-25 08:29:36,731: The altitude global is: 0.000000 and radiation is: 2.000000
[rosout][INFO] 2019-03-25 08:29:36,831: The altitude global is: 0.000000 and radiation is: 2.000000
[rosout][INFO] 2019-03-25 08:29:36,931: The altitude global is: 0.000000 and radiation is: 2.000000
[rosout][INFO] 2019-03-25 08:29:37,031: The altitude global is: 0.000000 and radiation is: 2.000000
[rosout][INFO] 2019-03-25 08:29:37,131: The altitude global is: 0.000000 and radiation is: 2.000000
[rosout][INFO] 2019-03-25 08:29:37,231: The altitude global is: 0.000000 and radiation is: 2.000000
[rosout][INFO] 2019-03-25 08:29:37,331: The altitude global is: 0.000000 and radiation is: 2.000000
[rosout][INFO] 2019-03-25 08:29:37,431: The altitude global is: 0.000000 and radiation is: 2.000000
[rosout][INFO] 2019-03-25 08:29:37,531: The altitude global is: 0.000000 and radiation is: 2.000000
[rosout][INFO] 2019-03-25 08:29:37,631: The altitude global is: 0.000000 and radiation is: 2.000000
[rosout][INFO] 2019-03-25 08:29:37,731: The altitude global is: 0.000000 and radiation is: 2.000000
[rosout][INFO] 2019-03-25 08:29:37,831: The altitude global is: 0.000000 and radiation is: 2.000000
[rosout][INFO] 2019-03-25 08:29:37,931: The altitude global is: 0.000000 and radiation is: 2.000000
[rosout][INFO] 2019-03-25 08:29:38,031: The altitude global is: 0.000000 and radiation is: 2.000000
[rosout][INFO] 2019-03-25 08:29:38,131: The altitude global is: 0.000000 and radiation is: 2.000000
[rosout][INFO] 2019-03-25 08:29:38,231: The altitude global is: 0.000000 and radiation is: 2.000000
[rosout][INFO] 2019-03-25 08:29:38,331: The altitude global is: 0.000000 and radiation is: 2.000000
[rosout][INFO] 2019-03-25 08:29:38,431: The altitude global is: 0.000000 and radiation is: 2.000000
[rosout][INFO] 2019-03-25 08:29:38,531: The altitude global is: 0.000000 and radiation is: 2.000000
[rosout][INFO] 2019-03-25 08:29:38,631: The altitude global is: 0.000000 and radiation is: 2.000000
[rosout][INFO] 2019-03-25 08:29:38,731: The altitude global is: 0.000000 and radiation is: 2.000000
[rosout][INFO] 2019-03-25 08:29:38,831: The altitude global is: 0.000000 and radiation is: 2.000000
[rosout][INFO] 2019-03-25 08:29:38,931: The altitude global is: 0.000000 and radiation is: 2.000000
[rosout][INFO] 2019-03-25 08:29:39,031: The altitude global is: 0.000000 and radiation is: 2.000000
[rosout][INFO] 2019-03-25 08:29:39,131: The altitude global is: 0.000000 and radiation is: 2.000000
[rosout][INFO] 2019-03-25 08:29:39,231: The altitude global is: 0.000000 and radiation is: 2.000000
[rosout][INFO] 2019-03-25 08:29:39,331: The altitude global is: 0.000000 and radiation is: 2.000000
[rosout][INFO] 2019-03-25 08:29:39,431: The altitude global is: 0.000000 and radiation is: 2.000000
[rosout][INFO] 2019-03-25 08:29:39,531: The altitude global is: 0.000000 and radiation is: 2.000000
[rosout][INFO] 2019-03-25 08:29:39,631: The altitude global is: 0.000000 and radiation is: 2.000000
[rosout][INFO] 2019-03-25 08:29:39,731: The altitude global is: 0.000000 and radiation is: 2.000000
[rosout][INFO] 2019-03-25 08:29:39,831: The altitude global is: 0.000000 and radiation is: 2.000000
[rosout][INFO] 2019-03-25 08:29:39,931: The altitude global is: 0.000000 and radiation is: 2.000000
[rosout][INFO] 2019-03-25 08:29:40,031: The altitude global is: 0.000000 and radiation is: 2.000000
[rosout][INFO] 2019-03-25 08:29:40,131: The altitude global is: 0.000000 and radiation is: 2.000000
[rosout][INFO] 2019-03-25 08:29:40,231: The altitude global is: 0.000000 and radiation is: 2.000000
[rosout][INFO] 2019-03-25 08:29:40,331: The altitude global is: 0.000000 and radiation is: 2.000000
[rosout][INFO] 2019-03-25 08:29:40,431: The altitude global is: 0.000000 and radiation is: 2.000000
[rosout][INFO] 2019-03-25 08:29:40,531: The altitude global is: 0.000000 and radiation is: 2.000000
[rosout][INFO] 2019-03-25 08:29:40,631: The altitude global is: 0.000000 and radiation is: 2.000000
[rosout][INFO] 2019-03-25 08:29:40,731: The altitude global is: 0.000000 and radiation is: 2.000000
[rosout][INFO] 2019-03-25 08:29:40,831: The altitude global is: 0.000000 and radiation is: 2.000000
[rosout][INFO] 2019-03-25 08:29:40,931: The altitude global is: 0.000000 and radiation is: 2.000000
[rosout][INFO] 2019-03-25 08:29:41,031: The altitude global is: 0.000000 and radiation is: 2.000000
[rosout][INFO] 2019-03-25 08:29:41,131: The altitude global is: 0.000000 and radiation is: 2.000000
[rosout][INFO] 2019-03-25 08:29:41,231: The altitude global is: 0.000000 and radiation is: 2.000000
[rosout][INFO] 2019-03-25 08:29:41,331: The altitude global is: 0.000000 and radiation is: 2.000000
[rosout][INFO] 2019-03-25 08:29:41,431: The altitude global is: 0.000000 and radiation is: 2.000000
[rosout][INFO] 2019-03-25 08:29:41,531: The altitude global is: 0.000000 and radiation is: 2.000000
[rosout][INFO] 2019-03-25 08:29:41,631: The altitude global is: 0.000000 and radiation is: 2.000000
[rosout][INFO] 2019-03-25 08:29:41,731: The altitude global is: 0.000000 and radiation is: 2.000000
[rosout][INFO] 2019-03-25 08:29:41,831: The altitude global is: 0.000000 and radiation is: 2.000000
[rosout][INFO] 2019-03-25 08:29:41,931: The altitude global is: 0.000000 and radiation is: 2.000000
[rosout][INFO] 2019-03-25 08:29:42,031: The altitude global is: 0.000000 and radiation is: 2.000000
[rosout][INFO] 2019-03-25 08:29:42,131: The altitude global is: 0.000000 and radiation is: 2.000000
[rosout][INFO] 2019-03-25 08:29:42,231: The altitude global is: 0.000000 and radiation is: 2.000000
[rosout][INFO] 2019-03-25 08:29:42,331: The altitude global is: 0.000000 and radiation is: 2.000000
[rosout][INFO] 2019-03-25 08:29:42,431: The altitude global is: 0.000000 and radiation is: 2.000000
[rosout][INFO] 2019-03-25 08:29:42,531: The altitude global is: 0.000000 and radiation is: 2.000000
[rosout][INFO] 2019-03-25 08:29:42,631: The altitude global is: 0.000000 and radiation is: 2.000000
[rosout][INFO] 2019-03-25 08:29:42,731: The altitude global is: 0.000000 and radiation is: 2.000000
[rosout][INFO] 2019-03-25 08:29:42,831: The altitude global is: 0.000000 and radiation is: 2.000000
[rosout][INFO] 2019-03-25 08:29:42,931: The altitude global is: 0.000000 and radiation is: 2.000000
[rosout][INFO] 2019-03-25 08:29:43,031: The altitude global is: 0.000000 and radiation is: 2.000000
[rosout][INFO] 2019-03-25 08:29:43,131: The altitude global is: 0.000000 and radiation is: 2.000000
[rosout][INFO] 2019-03-25 08:29:43,231: The altitude global is: 0.000000 and radiation is: 2.000000
[rosout][INFO] 2019-03-25 08:29:43,331: The altitude global is: 0.000000 and radiation is: 2.000000
[rosout][INFO] 2019-03-25 08:29:43,431: The altitude global is: 0.000000 and radiation is: 2.000000
[rosout][INFO] 2019-03-25 08:29:43,531: The altitude global is: 0.000000 and radiation is: 2.000000
[rosout][INFO] 2019-03-25 08:29:43,631: The altitude global is: 0.000000 and radiation is: 2.000000
[rosout][INFO] 2019-03-25 08:29:43,731: The altitude global is: 0.000000 and radiation is: 2.000000
[rosout][INFO] 2019-03-25 08:29:43,831: The altitude global is: 0.000000 and radiation is: 2.000000
[rosout][INFO] 2019-03-25 08:29:43,931: The altitude global is: 0.000000 and radiation is: 2.000000
[rosout][INFO] 2019-03-25 08:29:44,031: The altitude global is: 0.000000 and radiation is: 2.000000
[rosout][INFO] 2019-03-25 08:29:44,131: The altitude global is: 0.000000 and radiation is: 2.000000
[rosout][INFO] 2019-03-25 08:29:44,231: The altitude global is: 0.000000 and radiation is: 2.000000
[rosout][INFO] 2019-03-25 08:29:44,331: The altitude global is: 0.000000 and radiation is: 2.000000
[rosout][INFO] 2019-03-25 08:29:44,431: The altitude global is: 0.000000 and radiation is: 2.000000
[rosout][INFO] 2019-03-25 08:29:44,531: The altitude global is: 0.000000 and radiation is: 2.000000
[rosout][INFO] 2019-03-25 08:29:44,631: The altitude global is: 0.000000 and radiation is: 2.000000
[rosout][INFO] 2019-03-25 08:29:44,731: The altitude global is: 0.000000 and radiation is: 2.000000
[rosout][INFO] 2019-03-25 08:29:44,831: The altitude global is: 0.000000 and radiation is: 2.000000
[rosout][INFO] 2019-03-25 08:29:44,931: The altitude global is: 0.000000 and radiation is: 2.000000
[rosout][INFO] 2019-03-25 08:29:45,031: The altitude global is: 0.000000 and radiation is: 2.000000
[rosout][INFO] 2019-03-25 08:29:45,131: The altitude global is: 0.000000 and radiation is: 2.000000
[rosout][INFO] 2019-03-25 08:29:45,231: The altitude global is: 0.000000 and radiation is: 2.000000
[rosout][INFO] 2019-03-25 08:29:45,331: The altitude global is: 0.000000 and radiation is: 2.000000
[rosout][INFO] 2019-03-25 08:29:45,431: The altitude global is: 0.000000 and radiation is: 2.000000
[rosout][INFO] 2019-03-25 08:29:45,531: The altitude global is: 0.000000 and radiation is: 2.000000
[rosout][INFO] 2019-03-25 08:29:45,631: The altitude global is: 0.000000 and radiation is: 2.000000
[rosout][INFO] 2019-03-25 08:29:45,731: The altitude global is: 0.000000 and radiation is: 2.000000
[rosout][INFO] 2019-03-25 08:29:45,831: The altitude global is: 0.000000 and radiation is: 2.000000
[rosout][INFO] 2019-03-25 08:29:45,931: The altitude global is: 0.000000 and radiation is: 2.000000
[rosout][INFO] 2019-03-25 08:29:46,031: The altitude global is: 0.000000 and radiation is: 2.000000
[rosout][INFO] 2019-03-25 08:29:46,131: The altitude global is: 0.000000 and radiation is: 2.000000
[rosout][INFO] 2019-03-25 08:29:46,231: The altitude global is: 0.000000 and radiation is: 2.000000
[rosout][INFO] 2019-03-25 08:29:46,331: The altitude global is: 0.000000 and radiation is: 2.000000
[rosout][INFO] 2019-03-25 08:29:46,431: The altitude global is: 0.000000 and radiation is: 2.000000
[rosout][INFO] 2019-03-25 08:29:46,531: The altitude global is: 0.000000 and radiation is: 2.000000
[rosout][INFO] 2019-03-25 08:29:46,631: The altitude global is: 0.000000 and radiation is: 2.000000
[rosout][INFO] 2019-03-25 08:29:46,731: The altitude global is: 0.000000 and radiation is: 2.000000
[rosout][INFO] 2019-03-25 08:29:46,831: The altitude global is: 0.000000 and radiation is: 2.000000
[rosout][INFO] 2019-03-25 08:29:46,931: The altitude global is: 0.000000 and radiation is: 2.000000
[rosout][INFO] 2019-03-25 08:29:47,031: The altitude global is: 0.000000 and radiation is: 2.000000
[rosout][INFO] 2019-03-25 08:29:47,131: The altitude global is: 0.000000 and radiation is: 2.000000
[rosout][INFO] 2019-03-25 08:29:47,231: The altitude global is: 0.000000 and radiation is: 2.000000
[rosout][INFO] 2019-03-25 08:29:47,331: The altitude global is: 0.000000 and radiation is: 2.000000
[rosout][INFO] 2019-03-25 08:29:47,431: The altitude global is: 0.000000 and radiation is: 2.000000
[rosout][INFO] 2019-03-25 08:29:47,531: The altitude global is: 0.000000 and radiation is: 2.000000
[rosout][INFO] 2019-03-25 08:29:47,631: The altitude global is: 0.000000 and radiation is: 2.000000
[rosout][INFO] 2019-03-25 08:29:47,731: The altitude global is: 0.000000 and radiation is: 2.000000
[rosout][INFO] 2019-03-25 08:29:47,831: The altitude global is: 0.000000 and radiation is: 2.000000
[rosout][INFO] 2019-03-25 08:29:47,931: The altitude global is: 0.000000 and radiation is: 2.000000
[rosout][INFO] 2019-03-25 08:29:48,031: The altitude global is: 0.000000 and radiation is: 2.000000
[rosout][INFO] 2019-03-25 08:29:48,131: The altitude global is: 0.000000 and radiation is: 2.000000
[rosout][INFO] 2019-03-25 08:29:48,231: The altitude global is: 0.000000 and radiation is: 2.000000
[rosout][INFO] 2019-03-25 08:29:48,331: The altitude global is: 0.000000 and radiation is: 2.000000
[rosout][INFO] 2019-03-25 08:29:48,431: The altitude global is: 0.000000 and radiation is: 2.000000
[rosout][INFO] 2019-03-25 08:29:48,531: The altitude global is: 0.000000 and radiation is: 2.000000
[rosout][INFO] 2019-03-25 08:29:48,631: The altitude global is: 0.000000 and radiation is: 2.000000
[rosout][INFO] 2019-03-25 08:29:48,731: The altitude global is: 0.000000 and radiation is: 2.000000
[rosout][INFO] 2019-03-25 08:29:48,831: The altitude global is: 0.000000 and radiation is: 2.000000
[rosout][INFO] 2019-03-25 08:29:48,930: The altitude global is: 0.000000 and radiation is: 2.000000
[rosout][INFO] 2019-03-25 08:29:49,031: The altitude global is: 0.000000 and radiation is: 2.000000
[rosout][INFO] 2019-03-25 08:29:49,131: The altitude global is: 0.000000 and radiation is: 2.000000
[rosout][INFO] 2019-03-25 08:29:49,231: The altitude global is: 0.000000 and radiation is: 2.000000
[rosout][INFO] 2019-03-25 08:29:49,331: The altitude global is: 0.000000 and radiation is: 2.000000
[rosout][INFO] 2019-03-25 08:29:49,431: The altitude global is: 0.000000 and radiation is: 2.000000
[rosout][INFO] 2019-03-25 08:29:49,531: The altitude global is: 0.000000 and radiation is: 2.000000
[rosout][INFO] 2019-03-25 08:29:49,631: The altitude global is: 0.000000 and radiation is: 2.000000
[rosout][INFO] 2019-03-25 08:29:49,731: The altitude global is: 0.000000 and radiation is: 2.000000
[rosout][INFO] 2019-03-25 08:29:49,831: The altitude global is: 0.000000 and radiation is: 2.000000
[rosout][INFO] 2019-03-25 08:29:49,931: The altitude global is: 0.000000 and radiation is: 2.000000
[rosout][INFO] 2019-03-25 08:29:50,031: The altitude global is: 0.000000 and radiation is: 2.000000
[rosout][INFO] 2019-03-25 08:29:50,131: The altitude global is: 0.000000 and radiation is: 2.000000
[rosout][INFO] 2019-03-25 08:29:50,231: The altitude global is: 0.000000 and radiation is: 2.000000
[rosout][INFO] 2019-03-25 08:29:50,331: The altitude global is: 0.000000 and radiation is: 2.000000
[rosout][INFO] 2019-03-25 08:29:50,431: The altitude global is: 0.000000 and radiation is: 2.000000
[rosout][INFO] 2019-03-25 08:29:50,531: The altitude global is: 0.000000 and radiation is: 2.000000
[rosout][INFO] 2019-03-25 08:29:50,631: The altitude global is: 0.000000 and radiation is: 2.000000
[rosout][INFO] 2019-03-25 08:29:50,731: The altitude global is: 0.000000 and radiation is: 2.000000
[rosout][INFO] 2019-03-25 08:29:50,831: The altitude global is: 0.000000 and radiation is: 2.000000
[rosout][INFO] 2019-03-25 08:29:50,931: The altitude global is: 0.000000 and radiation is: 2.000000
[rosout][INFO] 2019-03-25 08:29:51,031: The altitude global is: 0.000000 and radiation is: 2.000000
[rosout][INFO] 2019-03-25 08:29:51,131: The altitude global is: 0.000000 and radiation is: 2.000000
[rosout][INFO] 2019-03-25 08:29:51,231: The altitude global is: 0.000000 and radiation is: 2.000000
[rosout][INFO] 2019-03-25 08:29:51,331: The altitude global is: 0.000000 and radiation is: 2.000000
[rosout][INFO] 2019-03-25 08:29:51,431: The altitude global is: 0.000000 and radiation is: 2.000000
[rosout][INFO] 2019-03-25 08:29:51,531: The altitude global is: 0.000000 and radiation is: 2.000000
[rosout][INFO] 2019-03-25 08:29:51,631: The altitude global is: 0.000000 and radiation is: 2.000000
[rosout][INFO] 2019-03-25 08:29:51,731: The altitude global is: 0.000000 and radiation is: 2.000000
[rosout][INFO] 2019-03-25 08:29:51,831: The altitude global is: 0.000000 and radiation is: 2.000000
[rosout][INFO] 2019-03-25 08:29:51,931: The altitude global is: 0.000000 and radiation is: 2.000000
[rosout][INFO] 2019-03-25 08:29:52,031: The altitude global is: 0.000000 and radiation is: 2.000000
[rosout][INFO] 2019-03-25 08:29:52,131: The altitude global is: 0.000000 and radiation is: 2.000000
[rosout][INFO] 2019-03-25 08:29:52,231: The altitude global is: 0.000000 and radiation is: 2.000000
[rosout][INFO] 2019-03-25 08:29:52,331: The altitude global is: 0.000000 and radiation is: 2.000000
[rosout][INFO] 2019-03-25 08:29:52,431: The altitude global is: 0.000000 and radiation is: 2.000000
[rosout][INFO] 2019-03-25 08:29:52,531: The altitude global is: 0.000000 and radiation is: 2.000000
[rosout][INFO] 2019-03-25 08:29:52,631: The altitude global is: 0.000000 and radiation is: 2.000000
[rosout][INFO] 2019-03-25 08:29:52,731: The altitude global is: 0.000000 and radiation is: 2.000000
[rosout][INFO] 2019-03-25 08:29:52,831: The altitude global is: 0.000000 and radiation is: 2.000000
[rosout][INFO] 2019-03-25 08:29:52,931: The altitude global is: 0.000000 and radiation is: 2.000000
[rosout][INFO] 2019-03-25 08:29:53,031: The altitude global is: 0.000000 and radiation is: 2.000000
[rosout][INFO] 2019-03-25 08:29:53,131: The altitude global is: 0.000000 and radiation is: 2.000000
[rosout][INFO] 2019-03-25 08:29:53,231: The altitude global is: 0.000000 and radiation is: 2.000000
[rosout][INFO] 2019-03-25 08:29:53,331: The altitude global is: 0.000000 and radiation is: 2.000000
[rosout][INFO] 2019-03-25 08:29:53,431: The altitude global is: 0.000000 and radiation is: 2.000000
[rosout][INFO] 2019-03-25 08:29:53,531: The altitude global is: 0.000000 and radiation is: 2.000000
[rosout][INFO] 2019-03-25 08:29:53,631: The altitude global is: 0.000000 and radiation is: 2.000000
[rosout][INFO] 2019-03-25 08:29:53,731: The altitude global is: 0.000000 and radiation is: 2.000000
[rosout][INFO] 2019-03-25 08:29:53,831: The altitude global is: 0.000000 and radiation is: 2.000000
[rosout][INFO] 2019-03-25 08:29:53,931: The altitude global is: 0.000000 and radiation is: 2.000000
[rosout][INFO] 2019-03-25 08:29:54,031: The altitude global is: 0.000000 and radiation is: 2.000000
[rosout][INFO] 2019-03-25 08:29:54,131: The altitude global is: 0.000000 and radiation is: 2.000000
[rosout][INFO] 2019-03-25 08:29:54,231: The altitude global is: 0.000000 and radiation is: 2.000000
[rosout][INFO] 2019-03-25 08:29:54,331: The altitude global is: 0.000000 and radiation is: 2.000000
[rosout][INFO] 2019-03-25 08:29:54,431: The altitude global is: 0.000000 and radiation is: 2.000000
[rosout][INFO] 2019-03-25 08:29:54,531: The altitude global is: 0.000000 and radiation is: 2.000000
[rosout][INFO] 2019-03-25 08:29:54,631: The altitude global is: 0.000000 and radiation is: 2.000000
[rosout][INFO] 2019-03-25 08:29:54,731: The altitude global is: 0.000000 and radiation is: 2.000000
[rosout][INFO] 2019-03-25 08:29:54,831: The altitude global is: 0.000000 and radiation is: 2.000000
[rosout][INFO] 2019-03-25 08:29:54,931: The altitude global is: 0.000000 and radiation is: 2.000000
[rosout][INFO] 2019-03-25 08:29:55,031: The altitude global is: 0.000000 and radiation is: 2.000000
[rosout][INFO] 2019-03-25 08:29:55,131: The altitude global is: 0.000000 and radiation is: 2.000000
[rosout][INFO] 2019-03-25 08:29:55,231: The altitude global is: 0.000000 and radiation is: 2.000000
[rosout][INFO] 2019-03-25 08:29:55,331: The altitude global is: 0.000000 and radiation is: 2.000000
[rosout][INFO] 2019-03-25 08:29:55,431: The altitude global is: 0.000000 and radiation is: 2.000000
[rosout][INFO] 2019-03-25 08:29:55,531: The altitude global is: 0.000000 and radiation is: 2.000000
[rosout][INFO] 2019-03-25 08:29:55,631: The altitude global is: 0.000000 and radiation is: 2.000000
[rosout][INFO] 2019-03-25 08:29:55,731: The altitude global is: 0.000000 and radiation is: 2.000000
[rosout][INFO] 2019-03-25 08:29:55,831: The altitude global is: 0.000000 and radiation is: 2.000000
[rosout][INFO] 2019-03-25 08:29:55,931: The altitude global is: 0.000000 and radiation is: 2.000000
[rosout][INFO] 2019-03-25 08:29:56,031: The altitude global is: 0.000000 and radiation is: 2.000000
[rosout][INFO] 2019-03-25 08:29:56,131: The altitude global is: 0.000000 and radiation is: 2.000000
[rosout][INFO] 2019-03-25 08:29:56,231: The altitude global is: 0.000000 and radiation is: 2.000000
[rosout][INFO] 2019-03-25 08:29:56,331: The altitude global is: 0.000000 and radiation is: 2.000000
[rosout][INFO] 2019-03-25 08:29:56,431: The altitude global is: 0.000000 and radiation is: 2.000000
[rosout][INFO] 2019-03-25 08:29:56,531: The altitude global is: 0.000000 and radiation is: 2.000000
[rosout][INFO] 2019-03-25 08:29:56,631: The altitude global is: 0.000000 and radiation is: 2.000000
[rosout][INFO] 2019-03-25 08:29:56,731: The altitude global is: 0.000000 and radiation is: 2.000000
[rosout][INFO] 2019-03-25 08:29:56,831: The altitude global is: 0.000000 and radiation is: 2.000000
[rosout][INFO] 2019-03-25 08:29:56,931: The altitude global is: 0.000000 and radiation is: 2.000000
[rosout][INFO] 2019-03-25 08:29:57,031: The altitude global is: 0.000000 and radiation is: 2.000000
[rosout][INFO] 2019-03-25 08:29:57,131: The altitude global is: 0.000000 and radiation is: 2.000000
[rosout][INFO] 2019-03-25 08:29:57,231: The altitude global is: 0.000000 and radiation is: 2.000000
[rosout][INFO] 2019-03-25 08:29:57,331: The altitude global is: 0.000000 and radiation is: 2.000000
[rosout][INFO] 2019-03-25 08:29:57,431: The altitude global is: 0.000000 and radiation is: 2.000000
[rosout][INFO] 2019-03-25 08:29:57,531: The altitude global is: 0.000000 and radiation is: 2.000000
[rosout][INFO] 2019-03-25 08:29:57,631: The altitude global is: 0.000000 and radiation is: 2.000000
[rosout][INFO] 2019-03-25 08:29:57,731: The altitude global is: 0.000000 and radiation is: 2.000000
[rosout][INFO] 2019-03-25 08:29:57,831: The altitude global is: 0.000000 and radiation is: 2.000000
[rosout][INFO] 2019-03-25 08:29:57,931: The altitude global is: 0.000000 and radiation is: 2.000000
[rosout][INFO] 2019-03-25 08:29:58,031: The altitude global is: 0.000000 and radiation is: 2.000000
[rosout][INFO] 2019-03-25 08:29:58,131: The altitude global is: 0.000000 and radiation is: 2.000000
[rosout][INFO] 2019-03-25 08:29:58,231: The altitude global is: 0.000000 and radiation is: 2.000000
[rosout][INFO] 2019-03-25 08:29:58,331: The altitude global is: 0.000000 and radiation is: 2.000000
[rosout][INFO] 2019-03-25 08:29:58,431: The altitude global is: 0.000000 and radiation is: 2.000000
[rosout][INFO] 2019-03-25 08:29:58,531: The altitude global is: 0.000000 and radiation is: 2.000000
[rosout][INFO] 2019-03-25 08:29:58,631: The altitude global is: 0.000000 and radiation is: 2.000000
[rosout][INFO] 2019-03-25 08:29:58,731: The altitude global is: 0.000000 and radiation is: 2.000000
[rosout][INFO] 2019-03-25 08:29:58,831: The altitude global is: 0.000000 and radiation is: 2.000000
[rosout][INFO] 2019-03-25 08:29:58,931: The altitude global is: 0.000000 and radiation is: 2.000000
[rosout][INFO] 2019-03-25 08:29:59,031: The altitude global is: 0.000000 and radiation is: 2.000000
[rosout][INFO] 2019-03-25 08:29:59,131: The altitude global is: 0.000000 and radiation is: 2.000000
[rosout][INFO] 2019-03-25 08:29:59,231: The altitude global is: 0.000000 and radiation is: 2.000000
[rosout][INFO] 2019-03-25 08:29:59,331: The altitude global is: 0.000000 and radiation is: 2.000000
[rosout][INFO] 2019-03-25 08:29:59,431: The altitude global is: 0.000000 and radiation is: 2.000000
[rosout][INFO] 2019-03-25 08:29:59,531: The altitude global is: 0.000000 and radiation is: 2.000000
[rosout][INFO] 2019-03-25 08:29:59,631: The altitude global is: 0.000000 and radiation is: 2.000000
[rosout][INFO] 2019-03-25 08:29:59,731: The altitude global is: 0.000000 and radiation is: 2.000000
[rosout][INFO] 2019-03-25 08:29:59,831: The altitude global is: 0.000000 and radiation is: 2.000000
[rosout][INFO] 2019-03-25 08:29:59,931: The altitude global is: 0.000000 and radiation is: 2.000000
[rosout][INFO] 2019-03-25 08:30:00,031: The altitude global is: 0.000000 and radiation is: 2.000000
[rosout][INFO] 2019-03-25 08:30:00,131: The altitude global is: 0.000000 and radiation is: 2.000000
[rosout][INFO] 2019-03-25 08:30:00,231: The altitude global is: 0.000000 and radiation is: 2.000000
[rosout][INFO] 2019-03-25 08:30:00,331: The altitude global is: 0.000000 and radiation is: 2.000000
[rosout][INFO] 2019-03-25 08:30:00,431: The altitude global is: 0.000000 and radiation is: 2.000000
[rosout][INFO] 2019-03-25 08:30:00,531: The altitude global is: 0.000000 and radiation is: 2.000000
[rosout][INFO] 2019-03-25 08:30:00,631: The altitude global is: 0.000000 and radiation is: 2.000000
[rosout][INFO] 2019-03-25 08:30:00,731: The altitude global is: 0.000000 and radiation is: 2.000000
[rosout][INFO] 2019-03-25 08:30:00,831: The altitude global is: 0.000000 and radiation is: 2.000000
[rosout][INFO] 2019-03-25 08:30:00,931: The altitude global is: 0.000000 and radiation is: 2.000000
[rosout][INFO] 2019-03-25 08:30:01,031: The altitude global is: 0.000000 and radiation is: 2.000000
[rosout][INFO] 2019-03-25 08:30:01,131: The altitude global is: 0.000000 and radiation is: 2.000000
[rosout][INFO] 2019-03-25 08:30:01,231: The altitude global is: 0.000000 and radiation is: 2.000000
[rosout][INFO] 2019-03-25 08:30:01,331: The altitude global is: 0.000000 and radiation is: 2.000000
[rosout][INFO] 2019-03-25 08:30:01,431: The altitude global is: 0.000000 and radiation is: 2.000000
[rosout][INFO] 2019-03-25 08:30:01,531: The altitude global is: 0.000000 and radiation is: 2.000000
[rosout][INFO] 2019-03-25 08:30:01,631: The altitude global is: 0.000000 and radiation is: 2.000000
[rosout][INFO] 2019-03-25 08:30:01,731: The altitude global is: 0.000000 and radiation is: 2.000000
[rosout][INFO] 2019-03-25 08:30:01,831: The altitude global is: 0.000000 and radiation is: 2.000000
[rosout][INFO] 2019-03-25 08:30:01,931: The altitude global is: 0.000000 and radiation is: 2.000000
[rosout][INFO] 2019-03-25 08:30:02,031: The altitude global is: 0.000000 and radiation is: 2.000000
[rosout][INFO] 2019-03-25 08:30:02,131: The altitude global is: 0.000000 and radiation is: 2.000000
[rosout][INFO] 2019-03-25 08:30:02,231: The altitude global is: 0.000000 and radiation is: 2.000000
[rosout][INFO] 2019-03-25 08:30:02,331: The altitude global is: 0.000000 and radiation is: 2.000000
[rosout][INFO] 2019-03-25 08:30:02,431: The altitude global is: 0.000000 and radiation is: 2.000000
[rosout][INFO] 2019-03-25 08:30:02,531: The altitude global is: 0.000000 and radiation is: 2.000000
[rosout][INFO] 2019-03-25 08:30:02,631: The altitude global is: 0.000000 and radiation is: 2.000000
[rosout][INFO] 2019-03-25 08:30:02,730: The altitude global is: 0.000000 and radiation is: 2.000000
[rosout][INFO] 2019-03-25 08:30:02,831: The altitude global is: 0.000000 and radiation is: 2.000000
[rosout][INFO] 2019-03-25 08:30:02,931: The altitude global is: 0.000000 and radiation is: 2.000000
[rosout][INFO] 2019-03-25 08:30:03,031: The altitude global is: 0.000000 and radiation is: 2.000000
[rosout][INFO] 2019-03-25 08:30:03,131: The altitude global is: 0.000000 and radiation is: 2.000000
[rosout][INFO] 2019-03-25 08:30:03,231: The altitude global is: 0.000000 and radiation is: 2.000000
[rosout][INFO] 2019-03-25 08:30:03,331: The altitude global is: 0.000000 and radiation is: 2.000000
[rosout][INFO] 2019-03-25 08:30:03,431: The altitude global is: 0.000000 and radiation is: 2.000000
[rosout][INFO] 2019-03-25 08:30:03,531: The altitude global is: 0.000000 and radiation is: 2.000000
[rosout][INFO] 2019-03-25 08:30:03,631: The altitude global is: 0.000000 and radiation is: 2.000000
[rosout][INFO] 2019-03-25 08:30:03,731: The altitude global is: 0.000000 and radiation is: 2.000000
[rosout][INFO] 2019-03-25 08:30:03,831: The altitude global is: 0.000000 and radiation is: 2.000000
[rosout][INFO] 2019-03-25 08:30:03,931: The altitude global is: 0.000000 and radiation is: 2.000000
[rosout][INFO] 2019-03-25 08:30:04,031: The altitude global is: 0.000000 and radiation is: 2.000000
[rosout][INFO] 2019-03-25 08:30:04,131: The altitude global is: 0.000000 and radiation is: 2.000000
[rosout][INFO] 2019-03-25 08:30:04,231: The altitude global is: 0.000000 and radiation is: 2.000000
[rosout][INFO] 2019-03-25 08:30:04,331: The altitude global is: 0.000000 and radiation is: 2.000000
[rosout][INFO] 2019-03-25 08:30:04,431: The altitude global is: 0.000000 and radiation is: 2.000000
[rosout][INFO] 2019-03-25 08:30:04,531: The altitude global is: 0.000000 and radiation is: 2.000000
[rosout][INFO] 2019-03-25 08:30:04,631: The altitude global is: 0.000000 and radiation is: 2.000000
[rosout][INFO] 2019-03-25 08:30:04,731: The altitude global is: 0.000000 and radiation is: 2.000000
[rosout][INFO] 2019-03-25 08:30:04,831: The altitude global is: 0.000000 and radiation is: 2.000000
[rosout][INFO] 2019-03-25 08:30:04,931: The altitude global is: 0.000000 and radiation is: 2.000000
[rosout][INFO] 2019-03-25 08:30:05,031: The altitude global is: 0.000000 and radiation is: 2.000000
[rosout][INFO] 2019-03-25 08:30:05,131: The altitude global is: 0.000000 and radiation is: 2.000000
[rosout][INFO] 2019-03-25 08:30:05,231: The altitude global is: 0.000000 and radiation is: 2.000000
[rosout][INFO] 2019-03-25 08:30:05,331: The altitude global is: 0.000000 and radiation is: 2.000000
[rosout][INFO] 2019-03-25 08:30:05,431: The altitude global is: 0.000000 and radiation is: 2.000000
[rosout][INFO] 2019-03-25 08:30:05,531: The altitude global is: 0.000000 and radiation is: 2.000000
[rosout][INFO] 2019-03-25 08:30:05,631: The altitude global is: 0.000000 and radiation is: 2.000000
[rosout][INFO] 2019-03-25 08:30:05,731: The altitude global is: 0.000000 and radiation is: 2.000000
[rosout][INFO] 2019-03-25 08:30:05,831: The altitude global is: 0.000000 and radiation is: 2.000000
[rosout][INFO] 2019-03-25 08:30:05,930: The altitude global is: 0.000000 and radiation is: 2.000000
[rosout][INFO] 2019-03-25 08:30:06,031: The altitude global is: 0.000000 and radiation is: 2.000000
[rosout][INFO] 2019-03-25 08:30:06,131: The altitude global is: 0.000000 and radiation is: 2.000000
[rosout][INFO] 2019-03-25 08:30:06,231: The altitude global is: 0.000000 and radiation is: 2.000000
[rosout][INFO] 2019-03-25 08:30:06,331: The altitude global is: 0.000000 and radiation is: 2.000000
[rosout][INFO] 2019-03-25 08:30:06,431: The altitude global is: 0.000000 and radiation is: 2.000000
[rosout][INFO] 2019-03-25 08:30:06,531: The altitude global is: 0.000000 and radiation is: 2.000000
[rosout][INFO] 2019-03-25 08:30:06,631: The altitude global is: 0.000000 and radiation is: 2.000000
[rosout][INFO] 2019-03-25 08:30:06,731: The altitude global is: 0.000000 and radiation is: 2.000000
[rosout][INFO] 2019-03-25 08:30:06,831: The altitude global is: 0.000000 and radiation is: 2.000000
[rosout][INFO] 2019-03-25 08:30:06,931: The altitude global is: 0.000000 and radiation is: 2.000000
[rosout][INFO] 2019-03-25 08:30:07,031: The altitude global is: 0.000000 and radiation is: 2.000000
[rosout][INFO] 2019-03-25 08:30:07,131: The altitude global is: 0.000000 and radiation is: 2.000000
[rosout][INFO] 2019-03-25 08:30:07,231: The altitude global is: 0.000000 and radiation is: 2.000000
[rosout][INFO] 2019-03-25 08:30:07,331: The altitude global is: 0.000000 and radiation is: 2.000000
[rosout][INFO] 2019-03-25 08:30:07,431: The altitude global is: 0.000000 and radiation is: 2.000000
[rosout][INFO] 2019-03-25 08:30:07,531: The altitude global is: 0.000000 and radiation is: 2.000000
[rosout][INFO] 2019-03-25 08:30:07,631: The altitude global is: 0.000000 and radiation is: 2.000000
[rosout][INFO] 2019-03-25 08:30:07,731: The altitude global is: 0.000000 and radiation is: 2.000000
[rosout][INFO] 2019-03-25 08:30:07,831: The altitude global is: 0.000000 and radiation is: 2.000000
[rosout][INFO] 2019-03-25 08:30:07,931: The altitude global is: 0.000000 and radiation is: 2.000000
[rosout][INFO] 2019-03-25 08:30:08,031: The altitude global is: 0.000000 and radiation is: 2.000000
[rosout][INFO] 2019-03-25 08:30:08,131: The altitude global is: 0.000000 and radiation is: 2.000000
[rosout][INFO] 2019-03-25 08:30:08,231: The altitude global is: 0.000000 and radiation is: 2.000000
[rosout][INFO] 2019-03-25 08:30:08,331: The altitude global is: 0.000000 and radiation is: 2.000000
[rosout][INFO] 2019-03-25 08:30:08,431: The altitude global is: 0.000000 and radiation is: 2.000000
[rosout][INFO] 2019-03-25 08:30:08,531: The altitude global is: 0.000000 and radiation is: 2.000000
[rosout][INFO] 2019-03-25 08:30:08,631: The altitude global is: 0.000000 and radiation is: 2.000000
[rosout][INFO] 2019-03-25 08:30:08,731: The altitude global is: 0.000000 and radiation is: 2.000000
[rosout][INFO] 2019-03-25 08:30:08,831: The altitude global is: 0.000000 and radiation is: 2.000000
[rosout][INFO] 2019-03-25 08:30:08,931: The altitude global is: 0.000000 and radiation is: 2.000000
[rosout][INFO] 2019-03-25 08:30:09,031: The altitude global is: 0.000000 and radiation is: 2.000000
[rosout][INFO] 2019-03-25 08:30:09,131: The altitude global is: 0.000000 and radiation is: 2.000000
[rosout][INFO] 2019-03-25 08:30:09,231: The altitude global is: 0.000000 and radiation is: 2.000000
[rosout][INFO] 2019-03-25 08:30:09,331: The altitude global is: 0.000000 and radiation is: 2.000000
[rosout][INFO] 2019-03-25 08:30:09,431: The altitude global is: 0.000000 and radiation is: 2.000000
[rosout][INFO] 2019-03-25 08:30:09,531: The altitude global is: 0.000000 and radiation is: 2.000000
[rosout][INFO] 2019-03-25 08:30:09,631: The altitude global is: 0.000000 and radiation is: 2.000000
[rosout][INFO] 2019-03-25 08:30:09,731: The altitude global is: 0.000000 and radiation is: 2.000000
[rosout][INFO] 2019-03-25 08:30:09,831: The altitude global is: 0.000000 and radiation is: 2.000000
[rosout][INFO] 2019-03-25 08:30:09,931: The altitude global is: 0.000000 and radiation is: 2.000000
[rosout][INFO] 2019-03-25 08:30:10,031: The altitude global is: 0.000000 and radiation is: 2.000000
[rosout][INFO] 2019-03-25 08:30:10,131: The altitude global is: 0.000000 and radiation is: 2.000000
[rosout][INFO] 2019-03-25 08:30:10,231: The altitude global is: 0.000000 and radiation is: 2.000000
[rosout][INFO] 2019-03-25 08:30:10,331: The altitude global is: 0.000000 and radiation is: 2.000000
[rosout][INFO] 2019-03-25 08:30:10,431: The altitude global is: 0.000000 and radiation is: 2.000000
[rosout][INFO] 2019-03-25 08:30:10,531: The altitude global is: 0.000000 and radiation is: 2.000000
[rosout][INFO] 2019-03-25 08:30:10,631: The altitude global is: 0.000000 and radiation is: 2.000000
[rosout][INFO] 2019-03-25 08:30:10,731: The altitude global is: 0.000000 and radiation is: 2.000000
[rosout][INFO] 2019-03-25 08:30:10,831: The altitude global is: 0.000000 and radiation is: 2.000000
[rosout][INFO] 2019-03-25 08:30:10,931: The altitude global is: 0.000000 and radiation is: 2.000000
[rosout][INFO] 2019-03-25 08:30:11,031: The altitude global is: 0.000000 and radiation is: 2.000000
[rosout][INFO] 2019-03-25 08:30:11,131: The altitude global is: 0.000000 and radiation is: 2.000000
[rosout][INFO] 2019-03-25 08:30:11,231: The altitude global is: 0.000000 and radiation is: 2.000000
[rosout][INFO] 2019-03-25 08:30:11,331: The altitude global is: 0.000000 and radiation is: 2.000000
[rosout][INFO] 2019-03-25 08:30:11,431: The altitude global is: 0.000000 and radiation is: 2.000000
[rosout][INFO] 2019-03-25 08:30:11,531: The altitude global is: 0.000000 and radiation is: 2.000000
[rosout][INFO] 2019-03-25 08:30:11,631: The altitude global is: 0.000000 and radiation is: 2.000000
[rosout][INFO] 2019-03-25 08:30:11,731: The altitude global is: 0.000000 and radiation is: 2.000000
[rosout][INFO] 2019-03-25 08:30:11,831: The altitude global is: 0.000000 and radiation is: 2.000000
[rosout][INFO] 2019-03-25 08:30:11,931: The altitude global is: 0.000000 and radiation is: 2.000000
[rosout][INFO] 2019-03-25 08:30:12,031: The altitude global is: 0.000000 and radiation is: 2.000000
[rosout][INFO] 2019-03-25 08:30:12,131: The altitude global is: 0.000000 and radiation is: 2.000000
[rosout][INFO] 2019-03-25 08:30:12,231: The altitude global is: 0.000000 and radiation is: 2.000000
[rosout][INFO] 2019-03-25 08:30:12,331: The altitude global is: 0.000000 and radiation is: 2.000000
[rosout][INFO] 2019-03-25 08:30:12,431: The altitude global is: 0.000000 and radiation is: 2.000000
[rosout][INFO] 2019-03-25 08:30:12,531: The altitude global is: 0.000000 and radiation is: 2.000000
[rosout][INFO] 2019-03-25 08:30:12,631: The altitude global is: 0.000000 and radiation is: 2.000000
[rosout][INFO] 2019-03-25 08:30:12,731: The altitude global is: 0.000000 and radiation is: 2.000000
[rosout][INFO] 2019-03-25 08:30:12,831: The altitude global is: 0.000000 and radiation is: 2.000000
[rosout][INFO] 2019-03-25 08:30:12,931: The altitude global is: 0.000000 and radiation is: 2.000000
[rosout][INFO] 2019-03-25 08:30:13,031: The altitude global is: 0.000000 and radiation is: 2.000000
[rosout][INFO] 2019-03-25 08:30:13,131: The altitude global is: 0.000000 and radiation is: 2.000000
[rosout][INFO] 2019-03-25 08:30:13,231: The altitude global is: 0.000000 and radiation is: 2.000000
[rosout][INFO] 2019-03-25 08:30:13,331: The altitude global is: 0.000000 and radiation is: 2.000000
[rosout][INFO] 2019-03-25 08:30:13,431: The altitude global is: 0.000000 and radiation is: 2.000000
[rosout][INFO] 2019-03-25 08:30:13,531: The altitude global is: 0.000000 and radiation is: 2.000000
[rosout][INFO] 2019-03-25 08:30:13,631: The altitude global is: 0.000000 and radiation is: 2.000000
[rosout][INFO] 2019-03-25 08:30:13,731: The altitude global is: 0.000000 and radiation is: 2.000000
[rosout][INFO] 2019-03-25 08:30:13,831: The altitude global is: 0.000000 and radiation is: 2.000000
[rosout][INFO] 2019-03-25 08:30:13,931: The altitude global is: 0.000000 and radiation is: 2.000000
[rosout][INFO] 2019-03-25 08:30:14,030: The altitude global is: 0.000000 and radiation is: 2.000000
[rosout][INFO] 2019-03-25 08:30:14,131: The altitude global is: 0.000000 and radiation is: 2.000000
[rosout][INFO] 2019-03-25 08:30:14,231: The altitude global is: 0.000000 and radiation is: 2.000000
[rosout][INFO] 2019-03-25 08:30:14,331: The altitude global is: 0.000000 and radiation is: 2.000000
[rosout][INFO] 2019-03-25 08:30:14,431: The altitude global is: 0.000000 and radiation is: 2.000000
[rosout][INFO] 2019-03-25 08:30:14,531: The altitude global is: 0.000000 and radiation is: 2.000000
[rosout][INFO] 2019-03-25 08:30:14,631: The altitude global is: 0.000000 and radiation is: 2.000000
[rosout][INFO] 2019-03-25 08:30:14,731: The altitude global is: 0.000000 and radiation is: 2.000000
[rosout][INFO] 2019-03-25 08:30:14,831: The altitude global is: 0.000000 and radiation is: 2.000000
[rosout][INFO] 2019-03-25 08:30:14,931: The altitude global is: 0.000000 and radiation is: 2.000000
[rosout][INFO] 2019-03-25 08:30:15,031: The altitude global is: 0.000000 and radiation is: 2.000000
[rosout][INFO] 2019-03-25 08:30:15,131: The altitude global is: 0.000000 and radiation is: 2.000000
[rosout][INFO] 2019-03-25 08:30:15,231: The altitude global is: 0.000000 and radiation is: 2.000000
[rosout][INFO] 2019-03-25 08:30:15,331: The altitude global is: 0.000000 and radiation is: 2.000000
[rosout][INFO] 2019-03-25 08:30:15,431: The altitude global is: 0.000000 and radiation is: 2.000000
[rosout][INFO] 2019-03-25 08:30:15,531: The altitude global is: 0.000000 and radiation is: 2.000000
[rosout][INFO] 2019-03-25 08:30:15,631: The altitude global is: 0.000000 and radiation is: 2.000000
[rosout][INFO] 2019-03-25 08:30:15,731: The altitude global is: 0.000000 and radiation is: 2.000000
[rosout][INFO] 2019-03-25 08:30:15,831: The altitude global is: 0.000000 and radiation is: 2.000000
[rosout][INFO] 2019-03-25 08:30:15,931: The altitude global is: 0.000000 and radiation is: 2.000000
[rosout][INFO] 2019-03-25 08:30:16,031: The altitude global is: 0.000000 and radiation is: 2.000000
[rosout][INFO] 2019-03-25 08:30:16,131: The altitude global is: 0.000000 and radiation is: 2.000000
[rosout][INFO] 2019-03-25 08:30:16,231: The altitude global is: 0.000000 and radiation is: 2.000000
[rosout][INFO] 2019-03-25 08:30:16,331: The altitude global is: 0.000000 and radiation is: 2.000000
[rosout][INFO] 2019-03-25 08:30:16,431: The altitude global is: 0.000000 and radiation is: 2.000000
[rosout][INFO] 2019-03-25 08:30:16,531: The altitude global is: 0.000000 and radiation is: 2.000000
[rosout][INFO] 2019-03-25 08:30:16,631: The altitude global is: 0.000000 and radiation is: 2.000000
[rosout][INFO] 2019-03-25 08:30:16,731: The altitude global is: 0.000000 and radiation is: 2.000000
[rosout][INFO] 2019-03-25 08:30:16,831: The altitude global is: 0.000000 and radiation is: 31.000000
[rosout][INFO] 2019-03-25 08:30:16,931: The altitude global is: 0.000000 and radiation is: 31.000000
[rosout][INFO] 2019-03-25 08:30:17,031: The altitude global is: 0.000000 and radiation is: 31.000000
[rosout][INFO] 2019-03-25 08:30:17,131: The altitude global is: 0.000000 and radiation is: 31.000000
[rosout][INFO] 2019-03-25 08:30:17,231: The altitude global is: 0.000000 and radiation is: 31.000000
[rosout][INFO] 2019-03-25 08:30:17,331: The altitude global is: 0.000000 and radiation is: 31.000000
[rosout][INFO] 2019-03-25 08:30:17,431: The altitude global is: 0.000000 and radiation is: 31.000000
[rosout][INFO] 2019-03-25 08:30:17,531: The altitude global is: 0.000000 and radiation is: 31.000000
[rosout][INFO] 2019-03-25 08:30:17,631: The altitude global is: 0.000000 and radiation is: 31.000000
[rosout][INFO] 2019-03-25 08:30:17,731: The altitude global is: 0.000000 and radiation is: 31.000000
[rosout][INFO] 2019-03-25 08:30:17,831: The altitude global is: 0.000000 and radiation is: 2.000000
[rosout][INFO] 2019-03-25 08:30:17,931: The altitude global is: 0.000000 and radiation is: 2.000000
[rosout][INFO] 2019-03-25 08:30:18,031: The altitude global is: 0.000000 and radiation is: 2.000000
[rosout][INFO] 2019-03-25 08:30:18,131: The altitude global is: 0.000000 and radiation is: 2.000000
[rosout][INFO] 2019-03-25 08:30:18,231: The altitude global is: 0.000000 and radiation is: 2.000000
[rosout][INFO] 2019-03-25 08:30:18,331: The altitude global is: 0.000000 and radiation is: 2.000000
[rosout][INFO] 2019-03-25 08:30:18,431: The altitude global is: 0.000000 and radiation is: 2.000000
[rosout][INFO] 2019-03-25 08:30:18,531: The altitude global is: 0.000000 and radiation is: 2.000000
[rosout][INFO] 2019-03-25 08:30:18,631: The altitude global is: 0.000000 and radiation is: 2.000000
[rosout][INFO] 2019-03-25 08:30:18,731: The altitude global is: 0.000000 and radiation is: 2.000000
[rosout][INFO] 2019-03-25 08:30:18,831: The altitude global is: 0.000000 and radiation is: 2.000000
[rosout][INFO] 2019-03-25 08:30:18,931: The altitude global is: 0.000000 and radiation is: 2.000000
[rosout][INFO] 2019-03-25 08:30:19,031: The altitude global is: 0.000000 and radiation is: 2.000000
[rosout][INFO] 2019-03-25 08:30:19,131: The altitude global is: 0.000000 and radiation is: 2.000000
[rosout][INFO] 2019-03-25 08:30:19,231: The altitude global is: 0.000000 and radiation is: 2.000000
[rosout][INFO] 2019-03-25 08:30:19,331: The altitude global is: 0.000000 and radiation is: 2.000000
[rosout][INFO] 2019-03-25 08:30:19,431: The altitude global is: 0.000000 and radiation is: 2.000000
[rosout][INFO] 2019-03-25 08:30:19,531: The altitude global is: 0.000000 and radiation is: 2.000000
[rosout][INFO] 2019-03-25 08:30:19,631: The altitude global is: 0.000000 and radiation is: 2.000000
[rosout][INFO] 2019-03-25 08:30:19,731: The altitude global is: 0.000000 and radiation is: 2.000000
[rosout][INFO] 2019-03-25 08:30:19,831: The altitude global is: 0.000000 and radiation is: 2.000000
[rosout][INFO] 2019-03-25 08:30:19,931: The altitude global is: 0.000000 and radiation is: 2.000000
[rosout][INFO] 2019-03-25 08:30:20,031: The altitude global is: 0.000000 and radiation is: 2.000000
[rosout][INFO] 2019-03-25 08:30:20,131: The altitude global is: 0.000000 and radiation is: 2.000000
[rosout][INFO] 2019-03-25 08:30:20,231: The altitude global is: 0.000000 and radiation is: 2.000000
[rosout][INFO] 2019-03-25 08:30:20,332: The altitude global is: 0.000000 and radiation is: 2.000000
[rosout][INFO] 2019-03-25 08:30:20,431: The altitude global is: 0.000000 and radiation is: 2.000000
[rosout][INFO] 2019-03-25 08:30:20,531: The altitude global is: 0.000000 and radiation is: 2.000000
[rosout][INFO] 2019-03-25 08:30:20,631: The altitude global is: 0.000000 and radiation is: 2.000000
[rosout][INFO] 2019-03-25 08:30:20,731: The altitude global is: 0.000000 and radiation is: 2.000000
[rosout][INFO] 2019-03-25 08:30:20,831: The altitude global is: 0.000000 and radiation is: 2.000000
[rosout][INFO] 2019-03-25 08:30:20,931: The altitude global is: 0.000000 and radiation is: 2.000000
[rosout][INFO] 2019-03-25 08:30:21,031: The altitude global is: 0.000000 and radiation is: 2.000000
[rosout][INFO] 2019-03-25 08:30:21,131: The altitude global is: 0.000000 and radiation is: 2.000000
[rosout][INFO] 2019-03-25 08:30:21,231: The altitude global is: 0.000000 and radiation is: 2.000000
[rosout][INFO] 2019-03-25 08:30:21,331: The altitude global is: 0.000000 and radiation is: 2.000000
[rosout][INFO] 2019-03-25 08:30:21,431: The altitude global is: 0.000000 and radiation is: 2.000000
[rosout][INFO] 2019-03-25 08:30:21,531: The altitude global is: 0.000000 and radiation is: 2.000000
[rosout][INFO] 2019-03-25 08:30:21,631: The altitude global is: 0.000000 and radiation is: 2.000000
[rosout][INFO] 2019-03-25 08:30:21,731: The altitude global is: 0.000000 and radiation is: 2.000000
[rosout][INFO] 2019-03-25 08:30:21,831: The altitude global is: 0.000000 and radiation is: 2.000000
[rosout][INFO] 2019-03-25 08:30:21,931: The altitude global is: 0.000000 and radiation is: 2.000000
[rosout][INFO] 2019-03-25 08:30:22,031: The altitude global is: 0.000000 and radiation is: 2.000000
[rosout][INFO] 2019-03-25 08:30:22,131: The altitude global is: 0.000000 and radiation is: 2.000000
[rosout][INFO] 2019-03-25 08:30:22,231: The altitude global is: 0.000000 and radiation is: 2.000000
[rosout][INFO] 2019-03-25 08:30:22,331: The altitude global is: 0.000000 and radiation is: 2.000000
[rosout][INFO] 2019-03-25 08:30:22,431: The altitude global is: 0.000000 and radiation is: 2.000000
[rosout][INFO] 2019-03-25 08:30:22,531: The altitude global is: 0.000000 and radiation is: 2.000000
[rosout][INFO] 2019-03-25 08:30:22,631: The altitude global is: 0.000000 and radiation is: 2.000000
[rosout][INFO] 2019-03-25 08:30:22,731: The altitude global is: 0.000000 and radiation is: 2.000000
[rosout][INFO] 2019-03-25 08:30:22,831: The altitude global is: 0.000000 and radiation is: 2.000000
[rosout][INFO] 2019-03-25 08:30:22,931: The altitude global is: 0.000000 and radiation is: 2.000000
[rosout][INFO] 2019-03-25 08:30:23,031: The altitude global is: 0.000000 and radiation is: 2.000000
[rosout][INFO] 2019-03-25 08:30:23,131: The altitude global is: 0.000000 and radiation is: 2.000000
[rosout][INFO] 2019-03-25 08:30:23,231: The altitude global is: 0.000000 and radiation is: 2.000000
[rosout][INFO] 2019-03-25 08:30:23,331: The altitude global is: 0.000000 and radiation is: 2.000000
[rosout][INFO] 2019-03-25 08:30:23,431: The altitude global is: 0.000000 and radiation is: 2.000000
[rosout][INFO] 2019-03-25 08:30:23,531: The altitude global is: 0.000000 and radiation is: 2.000000
[rosout][INFO] 2019-03-25 08:30:23,631: The altitude global is: 0.000000 and radiation is: 2.000000
[rosout][INFO] 2019-03-25 08:30:23,731: The altitude global is: 0.000000 and radiation is: 2.000000
[rosout][INFO] 2019-03-25 08:30:23,831: The altitude global is: 0.000000 and radiation is: 2.000000
[rosout][INFO] 2019-03-25 08:30:23,931: The altitude global is: 0.000000 and radiation is: 2.000000
[rosout][INFO] 2019-03-25 08:30:24,031: The altitude global is: 0.000000 and radiation is: 2.000000
[rosout][INFO] 2019-03-25 08:30:24,130: The altitude global is: 0.000000 and radiation is: 2.000000
[rosout][INFO] 2019-03-25 08:30:24,231: The altitude global is: 0.000000 and radiation is: 2.000000
[rosout][INFO] 2019-03-25 08:30:24,331: The altitude global is: 0.000000 and radiation is: 2.000000
[rosout][INFO] 2019-03-25 08:30:24,431: The altitude global is: 0.000000 and radiation is: 2.000000
[rosout][INFO] 2019-03-25 08:30:24,531: The altitude global is: 0.000000 and radiation is: 2.000000
[rosout][INFO] 2019-03-25 08:30:24,631: The altitude global is: 0.000000 and radiation is: 2.000000
[rosout][INFO] 2019-03-25 08:30:24,731: The altitude global is: 0.000000 and radiation is: 2.000000
[rosout][INFO] 2019-03-25 08:30:24,831: The altitude global is: 0.000000 and radiation is: 2.000000
[rosout][INFO] 2019-03-25 08:30:24,931: The altitude global is: 0.000000 and radiation is: 2.000000
[rosout][INFO] 2019-03-25 08:30:25,031: The altitude global is: 0.000000 and radiation is: 2.000000
                                                                                                                                                                                                                                                                                                                                                                                                                                                                                                                                                                                                                                                                                                                                                                                                                                                                                                                                                                                                                                                                                                                                                                                                                                                                                                                                                                                                                                                                                                                                                                                                                                                                                                                                                                                                                                                                                                                                                                                                                                                                                                                                                                                                                                                                                                                                                                                                                                                                                                                                                                                                                                                                                                                                                                                                                                                                                                                                                                                                                                                                                                                                                                                                                                                                                                                                                                                                                                                                                                                                                                                                                                                                                                                                                                                                                                                                                                                                               