[rospy.client][INFO] 2012-12-31 16:00:17,443: init_node, name[/task_runner], pid[2840]
[xmlrpc][INFO] 2012-12-31 16:00:17,465: XML-RPC server binding to 0.0.0.0:0
[xmlrpc][INFO] 2012-12-31 16:00:17,466: Started XML-RPC server [http://copter131:60956/]
[rospy.init][INFO] 2012-12-31 16:00:17,466: ROS Slave URI: [http://copter131:60956/]
[rospy.impl.masterslave][INFO] 2012-12-31 16:00:17,466: _ready: http://copter131:60956/
[xmlrpc][INFO] 2012-12-31 16:00:17,484: xml rpc node: starting XML-RPC server
[rospy.registration][INFO] 2012-12-31 16:00:17,486: Registering with master node http://localhost:11311
[rospy.init][INFO] 2012-12-31 16:00:17,567: registered with master
[rospy.rosout][INFO] 2012-12-31 16:00:17,567: initializing /rosout core topic
[rospy.rosout][INFO] 2012-12-31 16:00:17,677: connected to core topic /rosout
[rospy.simtime][INFO] 2012-12-31 16:00:17,792: /use_sim_time is not set, will not subscribe to simulated time [/clock] topic
[rospy.internal][INFO] 2012-12-31 16:00:17,910: topic[/rosout] adding connection to [/rosout], count 0
[rosout][INFO] 2019-03-25 08:28:23,604: Task Runner: Starting Event 'on_start'
[rosout][INFO] 2019-03-25 08:28:23,662: Task Runner: Event 'on_start' Task 'Tx Power' Time 0.1s: Succeeded
[rosout][INFO] 2019-03-25 08:28:23,664: Task Runner: Completed Event 'on_start'
[rospy.internal][INFO] 2019-03-25 08:28:24,671: topic[/autopilot/status] adding connection to [http://copter131:40815/], count 0
[rosout][INFO] 2019-03-25 08:28:25,024: Task Runner: Starting Event 'on_status'
[rosout][INFO] 2019-03-25 08:28:25,293: Task Runner: Event 'on_status' Task 'AP Set ID' Time 0.3s: Succeeded
[rosout][INFO] 2019-03-25 08:28:25,294: Task Runner: Completed Event 'on_status'
[rosout][INFO] 2019-03-25 08:28:31,671: Task Runner: Starting Event 'on_ready'
[rosout][INFO] 2019-03-25 08:28:31,672: Task Runner: Completed Event 'on_ready'
[rosout][INFO] 2019-03-25 08:28:44,134: Task Runner: Starting Event 'on_arm'
[rosout][INFO] 2019-03-25 08:28:44,189: Task Runner: Event 'on_arm' Task 'Tx Power' Time 0.1s: Succeeded
[rosout][INFO] 2019-03-25 08:28:44,191: Task Runner: Completed Event 'on_arm'
