[rospy.client][INFO] 2012-12-31 16:00:15,480: init_node, name[/altitude_sensor], pid[2815]
[xmlrpc][INFO] 2012-12-31 16:00:15,499: XML-RPC server binding to 0.0.0.0:0
[rospy.init][INFO] 2012-12-31 16:00:15,501: ROS Slave URI: [http://copter131:48210/]
[xmlrpc][INFO] 2012-12-31 16:00:15,501: Started XML-RPC server [http://copter131:48210/]
[rospy.impl.masterslave][INFO] 2012-12-31 16:00:15,502: _ready: http://copter131:48210/
[rospy.registration][INFO] 2012-12-31 16:00:15,516: Registering with master node http://localhost:11311
[xmlrpc][INFO] 2012-12-31 16:00:15,517: xml rpc node: starting XML-RPC server
[rospy.init][INFO] 2012-12-31 16:00:15,602: registered with master
[rospy.rosout][INFO] 2012-12-31 16:00:15,603: initializing /rosout core topic
[rospy.rosout][INFO] 2012-12-31 16:00:15,643: connected to core topic /rosout
[rospy.simtime][INFO] 2012-12-31 16:00:15,667: /use_sim_time is not set, will not subscribe to simulated time [/clock] topic
[rospy.internal][INFO] 2012-12-31 16:00:15,920: topic[/rosout] adding connection to [/rosout], count 0
[rospy.internal][INFO] 2019-03-04 17:24:27,834: topic[/tactic_interface/altitude] adding connection to [/rostopic_7357_1551749067561], count 0
[rospy.internal][INFO] 2019-03-04 17:24:29,213: topic[/tactic_interface/altitude] removing connection to /rostopic_7357_1551749067561
[rospy.internal][INFO] 2019-03-04 17:28:37,187: topic[/tactic_interface/altitude] adding connection to [/tactic_interface], count 1
[rospy.core][INFO] 2019-03-04 17:30:00,956: signal_shutdown [atexit]
[rospy.internal][INFO] 2019-03-04 17:30:00,966: topic[/tactic_interface/altitude] removing connection to /tactic_interface
[rospy.internal][INFO] 2019-03-04 17:30:00,967: topic[/rosout] removing connection to /rosout
[rospy.impl.masterslave][INFO] 2019-03-04 17:30:00,968: atexit
[rospy.client][INFO] 2019-03-04 17:30:01,579: init_node, name[/altitude_sensor], pid[30078]
[xmlrpc][INFO] 2019-03-04 17:30:01,580: XML-RPC server binding to 0.0.0.0:0
[xmlrpc][INFO] 2019-03-04 17:30:01,581: Started XML-RPC server [http://copter131:47324/]
[rospy.init][INFO] 2019-03-04 17:30:01,581: ROS Slave URI: [http://copter131:47324/]
[rospy.impl.masterslave][INFO] 2019-03-04 17:30:01,581: _ready: http://copter131:47324/
[xmlrpc][INFO] 2019-03-04 17:30:01,582: xml rpc node: starting XML-RPC server
[rospy.registration][INFO] 2019-03-04 17:30:01,583: Registering with master node http://localhost:11311
[rospy.init][INFO] 2019-03-04 17:30:01,682: registered with master
[rospy.rosout][INFO] 2019-03-04 17:30:01,682: initializing /rosout core topic
[rospy.rosout][INFO] 2019-03-04 17:30:01,690: connected to core topic /rosout
[rospy.simtime][INFO] 2019-03-04 17:30:01,696: /use_sim_time is not set, will not subscribe to simulated time [/clock] topic
[rospy.internal][INFO] 2019-03-04 17:30:01,807: topic[/rosout] adding connection to [/rosout], count 0
[rospy.internal][INFO] 2019-03-04 17:30:01,813: topic[/tactic_interface/altitude] adding connection to [/tactic_interface], count 0
[rospy.core][INFO] 2019-03-04 17:30:02,375: signal_shutdown [atexit]
[rospy.internal][INFO] 2019-03-04 17:30:02,391: topic[/tactic_interface/altitude] removing connection to /tactic_interface
[rospy.internal][INFO] 2019-03-04 17:30:02,393: topic[/rosout] removing connection to /rosout
[rospy.impl.masterslave][INFO] 2019-03-04 17:30:02,395: atexit
[rospy.client][INFO] 2019-03-04 17:30:03,009: init_node, name[/altitude_sensor], pid[30188]
[xmlrpc][INFO] 2019-03-04 17:30:03,010: XML-RPC server binding to 0.0.0.0:0
[xmlrpc][INFO] 2019-03-04 17:30:03,011: Started XML-RPC server [http://copter131:36275/]
[rospy.init][INFO] 2019-03-04 17:30:03,011: ROS Slave URI: [http://copter131:36275/]
[rospy.impl.masterslave][INFO] 2019-03-04 17:30:03,011: _ready: http://copter131:36275/
[xmlrpc][INFO] 2019-03-04 17:30:03,013: xml rpc node: starting XML-RPC server
[rospy.registration][INFO] 2019-03-04 17:30:03,014: Registering with master node http://localhost:11311
[rospy.init][INFO] 2019-03-04 17:30:03,112: registered with master
[rospy.rosout][INFO] 2019-03-04 17:30:03,112: initializing /rosout core topic
[rospy.rosout][INFO] 2019-03-04 17:30:03,121: connected to core topic /rosout
[rospy.simtime][INFO] 2019-03-04 17:30:03,127: /use_sim_time is not set, will not subscribe to simulated time [/clock] topic
[rospy.internal][INFO] 2019-03-04 17:30:03,231: topic[/tactic_interface/altitude] adding connection to [/tactic_interface], count 0
[rospy.internal][INFO] 2019-03-04 17:30:03,354: topic[/rosout] adding connection to [/rosout], count 0
