[rospy.client][INFO] 2012-12-31 16:00:16,491: init_node, name[/autopilot], pid[2813]
[xmlrpc][INFO] 2012-12-31 16:00:16,510: XML-RPC server binding to 0.0.0.0:0
[xmlrpc][INFO] 2012-12-31 16:00:16,511: Started XML-RPC server [http://copter131:49875/]
[rospy.impl.masterslave][INFO] 2012-12-31 16:00:16,511: _ready: http://copter131:49875/
[rospy.init][INFO] 2012-12-31 16:00:16,513: ROS Slave URI: [http://copter131:49875/]
[xmlrpc][INFO] 2012-12-31 16:00:16,531: xml rpc node: starting XML-RPC server
[rospy.registration][INFO] 2012-12-31 16:00:16,531: Registering with master node http://localhost:11311
[rospy.init][INFO] 2012-12-31 16:00:16,614: registered with master
[rospy.rosout][INFO] 2012-12-31 16:00:16,615: initializing /rosout core topic
[rospy.rosout][INFO] 2012-12-31 16:00:16,668: connected to core topic /rosout
[rospy.simtime][INFO] 2012-12-31 16:00:16,782: /use_sim_time is not set, will not subscribe to simulated time [/clock] topic
[rospy.internal][INFO] 2012-12-31 16:00:16,840: topic[/rosout] adding connection to [/rosout], count 0
[rosout][INFO] 2012-12-31 16:00:16,948: MAVLinkBridge: Connecting to /dev/ttyACM99 ...
[rosout][INFO] 2012-12-31 16:00:16,962: MAVLinkBridge: Waiting for autopilot heartbeat ...
[rosout][INFO] 2012-12-31 16:00:16,974: MAVLinkBridge: Waiting for usable SYSTEM_TIME ...
[rosout][INFO] 2019-03-04 17:23:52,570: Successfully synced local clock.
[rosout][INFO] 2019-03-04 17:23:52,572: MAVLinkBridge initialized.
[rospy.internal][INFO] 2019-03-04 17:23:54,653: topic[/autopilot/heartbeat_onboard] adding connection to [http://copter131:32786/], count 0
[rospy.internal][INFO] 2019-03-04 17:23:54,925: topic[/autopilot/payload_waypoint] adding connection to [http://copter131:32786/], count 0
[rospy.internal][INFO] 2019-03-04 17:23:55,050: topic[/autopilot/waypoint_goto] adding connection to [http://copter131:38904/], count 0
[rospy.internal][INFO] 2019-03-04 17:23:55,385: topic[/autopilot/acs_pose] adding connection to [/safety], count 0
[rospy.internal][INFO] 2019-03-04 17:23:55,386: topic[/autopilot/acs_pose] adding connection to [/wingman], count 1
[rospy.internal][INFO] 2019-03-04 17:23:55,397: topic[/autopilot/acs_pose] adding connection to [/swarm_tracker], count 2
[rospy.internal][INFO] 2019-03-04 17:23:55,400: topic[/autopilot/acs_pose] adding connection to [/network], count 3
[rospy.internal][INFO] 2019-03-04 17:23:55,402: topic[/autopilot/acs_pose] adding connection to [/red_tracker], count 4
[rospy.internal][INFO] 2019-03-04 17:23:55,416: topic[/autopilot/acs_pose] adding connection to [/evader], count 5
[rospy.internal][INFO] 2019-03-04 17:23:55,433: topic[/autopilot/acs_pose] adding connection to [/greedy_shooter], count 6
[rospy.internal][INFO] 2019-03-04 17:23:55,503: topic[/autopilot/status] adding connection to [/greedy_shooter], count 0
[rospy.internal][INFO] 2019-03-04 17:23:55,531: topic[/autopilot/status] adding connection to [/constrained_shooter], count 1
[rospy.internal][INFO] 2019-03-04 17:23:55,541: topic[/autopilot/status] adding connection to [/network], count 2
[rospy.internal][INFO] 2019-03-04 17:23:55,550: topic[/autopilot/status] adding connection to [/tactic_interface], count 3
[rospy.internal][INFO] 2019-03-04 17:23:55,555: topic[/autopilot/status] adding connection to [/evader], count 4
[rospy.internal][INFO] 2019-03-04 17:23:55,556: topic[/autopilot/status] adding connection to [/simple_ground_attack], count 5
[rospy.internal][INFO] 2019-03-04 17:23:55,559: topic[/autopilot/waypoint_goto] adding connection to [http://copter131:54727/], count 1
[rospy.internal][INFO] 2019-03-04 17:23:55,562: topic[/autopilot/status] adding connection to [/wingman], count 6
[rospy.internal][INFO] 2019-03-04 17:23:55,566: topic[/autopilot/status] adding connection to [/smart_shooter], count 7
[rospy.internal][INFO] 2019-03-04 17:23:55,572: topic[/autopilot/status] adding connection to [/swarm_tracker], count 8
[rospy.internal][INFO] 2019-03-04 17:23:55,580: topic[/autopilot/status] adding connection to [/linear_formation], count 9
[rospy.internal][INFO] 2019-03-04 17:23:55,602: topic[/autopilot/acs_pose] adding connection to [/smart_shooter], count 7
[rospy.internal][INFO] 2019-03-04 17:23:55,613: topic[/autopilot/acs_pose] adding connection to [/constrained_shooter], count 8
[rospy.internal][INFO] 2019-03-04 17:23:55,620: topic[/autopilot/status] adding connection to [/swarm_control], count 10
[rospy.internal][INFO] 2019-03-04 17:23:55,676: topic[/autopilot/waypoint_goto] adding connection to [http://copter131:35776/], count 2
[rospy.internal][INFO] 2019-03-04 17:23:55,757: topic[/autopilot/status] adding connection to [/pn_interceptor], count 11
[rospy.internal][INFO] 2019-03-04 17:23:55,812: topic[/autopilot/waypoint_goto] adding connection to [http://copter131:33050/], count 3
[rospy.internal][INFO] 2019-03-04 17:23:55,849: topic[/autopilot/status] adding connection to [/patrol_box_shooter], count 12
[rospy.internal][INFO] 2019-03-04 17:23:55,957: topic[/autopilot/status] adding connection to [/swarm_landing_sequencer], count 13
[rospy.internal][INFO] 2019-03-04 17:23:55,993: topic[/autopilot/mode_num] adding connection to [http://copter131:39371/], count 0
[rospy.internal][INFO] 2019-03-04 17:23:55,999: topic[/autopilot/waypoint_goto] adding connection to [http://copter131:39371/], count 4
[rospy.internal][INFO] 2019-03-04 17:23:56,119: topic[/autopilot/acs_pose] adding connection to [/tactic_interface], count 9
[rospy.internal][INFO] 2019-03-04 17:23:56,266: topic[/autopilot/status] adding connection to [/independent_transit], count 14
[rospy.internal][INFO] 2019-03-04 17:23:56,277: topic[/autopilot/acs_pose] adding connection to [/patrol_box_shooter], count 10
[rospy.internal][INFO] 2019-03-04 17:23:56,314: topic[/autopilot/waypoint_goto] adding connection to [http://copter131:47214/], count 5
[rospy.internal][INFO] 2019-03-04 17:23:56,321: topic[/autopilot/status] adding connection to [/patrol_box], count 15
[rospy.internal][INFO] 2019-03-04 17:23:56,325: topic[/autopilot/waypoint_goto] adding connection to [http://copter131:57587/], count 6
[rospy.internal][INFO] 2019-03-04 17:23:56,454: topic[/autopilot/acs_pose] adding connection to [/patrol_box], count 11
[rospy.internal][INFO] 2019-03-04 17:23:56,511: topic[/autopilot/status] adding connection to [/task_runner], count 16
[rosout][INFO] 2019-03-04 17:23:56,735: ROS srv recvd: fpr_param_set
[rosout][INFO] 2019-03-04 17:24:07,883: MAVLink STATUSTEXT: EKF2 IMU1 is using GPS
[rosout][INFO] 2019-03-04 17:24:10,103: MAVLink STATUSTEXT: EKF2 IMU0 is using GPS
[rospy.internal][INFO] 2019-03-04 17:26:19,681: topic[/autopilot/heartbeat_ground] adding connection to [http://copter131:54483/], count 0
[rosout][INFO] 2019-03-04 17:27:40,436: ROS srv recvd: fpr_param_setlist
[rosout][WARNING] 2019-03-04 17:27:44,523: PARAM ALT_HOLD_RTL doesn't exist
[rosout][INFO] 2019-03-04 17:27:44,541: ROS srv recvd: load_rally
[rosout][INFO] 2019-03-04 17:27:44,553: ROS srv recvd: fpr_rally_setall
[rospy.internal][INFO] 2019-03-04 17:27:45,580: topic[/autopilot/arm] adding connection to [http://copter131:54483/], count 0
[rosout][INFO] 2019-03-04 17:27:45,588: ROS sub recvd: arm
[rosout][INFO] 2019-03-04 17:27:48,144: ROS srv recvd: slave_setup
[rosout][INFO] 2019-03-04 17:27:50,771: ROS srv recvd: load_wp
[rosout][INFO] 2019-03-04 17:27:50,785: ROS srv recvd: wp_setall
[rosout][INFO] 2019-03-04 17:27:52,555: MAVLink STATUSTEXT: Flight plan received
[rospy.internal][INFO] 2019-03-04 17:27:52,703: topic[/autopilot/waypoint_goto] adding connection to [http://copter131:54483/], count 7
[rosout][INFO] 2019-03-04 17:27:52,708: ROS sub recvd: waypoint_goto
[rosout][INFO] 2019-03-04 17:27:53,425: ROS srv recvd: wp_getrange
[rospy.internal][INFO] 2019-03-04 17:27:57,021: topic[/autopilot/mode_num] adding connection to [http://copter131:54483/], count 1
[rosout][INFO] 2019-03-04 17:27:57,025: Mode settings are for copter.
[rosout][INFO] 2019-03-04 17:27:57,025: Sent mode GUIDED (4) to autopilot 
[rosout][INFO] 2019-03-04 17:27:57,026: ROS sub recvd: mode_num
[rosout][INFO] 2019-03-04 17:27:57,441: Mode settings are for copter.
[rosout][INFO] 2019-03-04 17:27:57,444: Sent mode GUIDED (4) to autopilot 
[rosout][INFO] 2019-03-04 17:27:57,445: ROS sub recvd: mode_num
[rospy.internal][INFO] 2019-03-04 17:27:58,027: topic[/autopilot/copter_takeoff] adding connection to [http://copter131:54483/], count 0
[rosout][INFO] 2019-03-04 17:27:58,035: ROS sub recvd: copter_takeoff
[rosout][INFO] 2019-03-04 17:28:02,907: Mode settings are for copter.
[rosout][INFO] 2019-03-04 17:28:02,910: Sent mode AUTO (3) to autopilot 
[rosout][INFO] 2019-03-04 17:28:02,911: ROS sub recvd: mode_num
[rosout][INFO] 2019-03-04 17:28:14,425: ROS sub recvd: waypoint_goto
[rosout][INFO] 2019-03-04 17:28:14,539: ROS srv recvd: wp_getrange
[rosout][INFO] 2019-03-04 17:28:35,932: ROS srv recvd: wp_getlast
[rosout][INFO] 2019-03-04 17:28:37,198: ROS srv recvd: wp_getlast
[rosout][INFO] 2019-03-04 17:28:37,440: ROS sub recvd: waypoint_goto
[rosout][INFO] 2019-03-04 17:28:37,442: ROS sub recvd: waypoint_goto
[rosout][INFO] 2019-03-04 17:28:38,223: ROS srv recvd: wp_getrange
[rospy.internal][INFO] 2019-03-04 17:28:39,101: topic[/autopilot/gps] adding connection to [/radeyeNode_24887_1551749318819], count 0
[rospy.internal][INFO] 2019-03-04 17:28:39,105: topic[/autopilot/gps_odom] adding connection to [/radeyeNode_24887_1551749318819], count 0
[rospy.internal][INFO] 2019-03-04 17:28:41,270: topic[/autopilot/gps_odom] removing connection to /radeyeNode_24887_1551749318819
[rospy.internal][INFO] 2019-03-04 17:28:41,293: topic[/autopilot/gps] removing connection to /radeyeNode_24887_1551749318819
[rosout][INFO] 2019-03-04 17:29:47,489: ROS sub recvd: waypoint_goto
[rosout][INFO] 2019-03-04 17:29:48,212: ROS srv recvd: wp_getrange
[rosout][INFO] 2019-03-04 17:29:57,589: ROS srv recvd: wp_getlast
[rosout][INFO] 2019-03-04 17:29:57,856: ROS sub recvd: waypoint_goto
[rosout][INFO] 2019-03-04 17:29:58,216: ROS srv recvd: wp_getrange
[rospy.internal][INFO] 2019-03-04 17:29:59,477: topic[/autopilot/gps] adding connection to [/radeyeNode_29904_1551749399197], count 1
[rospy.internal][INFO] 2019-03-04 17:29:59,480: topic[/autopilot/gps_odom] adding connection to [/radeyeNode_29904_1551749399197], count 1
[rospy.internal][INFO] 2019-03-04 17:30:02,402: topic[/autopilot/gps] adding connection to [/radeyeNode_29904_1551749399197], count 2
[rospy.internal][INFO] 2019-03-04 17:30:02,406: topic[/autopilot/gps] removing connection to /radeyeNode_29904_1551749399197
[rospy.internal][INFO] 2019-03-04 17:30:02,581: topic[/autopilot/gps] removing connection to /radeyeNode_29904_1551749399197
[rospy.internal][INFO] 2019-03-04 17:30:02,615: topic[/autopilot/gps_odom] removing connection to /radeyeNode_29904_1551749399197
[rosout][INFO] 2019-03-04 17:33:32,001: ROS sub recvd: arm
[rosout][INFO] 2019-03-04 17:33:34,997: Mode settings are for copter.
[rosout][INFO] 2019-03-04 17:33:35,000: Sent mode STABILIZE (0) to autopilot 
[rosout][INFO] 2019-03-04 17:33:35,001: ROS sub recvd: mode_num
[rosout][INFO] 2019-03-04 17:33:35,817: ROS sub recvd: arm
[rosout][INFO] 2019-03-04 17:33:38,386: ROS sub recvd: arm
[rosout][INFO] 2019-03-04 17:33:38,550: ROS sub recvd: arm
[rosout][INFO] 2019-03-04 17:33:39,233: ROS srv recvd: wp_getrange
[rosout][INFO] 2019-03-04 17:47:33,253: MAVLink STATUSTEXT: APM:Copter V3.5-dev (f3195c7e)
[rosout][INFO] 2019-03-04 17:47:33,256: MAVLink STATUSTEXT: PX4: 3df5644c NuttX: be6ff61a
[rosout][INFO] 2019-03-04 17:47:33,260: MAVLink STATUSTEXT: Frame: QUAD
[rosout][INFO] 2019-03-04 17:47:33,264: MAVLink STATUSTEXT: PX4v2 003E0023 31355103 33333832
[rosout][INFO] 2019-03-04 17:59:33,559: MAVLink STATUSTEXT: APM:Copter V3.5-dev (f3195c7e)
[rosout][INFO] 2019-03-04 17:59:33,562: MAVLink STATUSTEXT: PX4: 3df5644c NuttX: be6ff61a
[rosout][INFO] 2019-03-04 17:59:33,565: MAVLink STATUSTEXT: Frame: QUAD
[rosout][INFO] 2019-03-04 17:59:33,569: MAVLink STATUSTEXT: PX4v2 003E0023 31355103 33333832
[rosout][INFO] 2019-03-04 18:06:52,453: MAVLink STATUSTEXT: APM:Copter V3.5-dev (f3195c7e)
[rosout][INFO] 2019-03-04 18:06:52,457: MAVLink STATUSTEXT: PX4: 3df5644c NuttX: be6ff61a
[rosout][INFO] 2019-03-04 18:06:52,460: MAVLink STATUSTEXT: Frame: QUAD
[rosout][INFO] 2019-03-04 18:06:52,464: MAVLink STATUSTEXT: PX4v2 003E0023 31355103 33333832
[rosout][INFO] 2019-03-04 18:12:29,833: MAVLink STATUSTEXT: APM:Copter V3.5-dev (f3195c7e)
[rosout][INFO] 2019-03-04 18:12:29,854: MAVLink STATUSTEXT: PX4: 3df5644c NuttX: be6ff61a
[rosout][INFO] 2019-03-04 18:12:29,857: MAVLink STATUSTEXT: Frame: QUAD
[rosout][INFO] 2019-03-04 18:12:29,861: MAVLink STATUSTEXT: PX4v2 003E0023 31355103 33333832
[rosout][INFO] 2019-03-04 18:15:58,448: MAVLink STATUSTEXT: EKF primary changed:1

[rosout][INFO] 2019-03-04 18:15:58,855: MAVLink STATUSTEXT: EKF primary changed:0

[rosout][INFO] 2019-03-04 18:15:59,641: MAVLink STATUSTEXT: EKF primary changed:1

[rosout][INFO] 2019-03-04 18:16:17,441: MAVLink STATUSTEXT: EKF primary changed:0

[rosout][INFO] 2019-03-04 18:16:19,449: MAVLink STATUSTEXT: EKF primary changed:1

[rosout][INFO] 2019-03-04 18:22:32,454: MAVLink STATUSTEXT: EKF primary changed:0

[rosout][INFO] 2019-03-04 18:22:36,437: MAVLink STATUSTEXT: EKF primary changed:1

[rosout][INFO] 2019-03-04 18:28:27,189: ROS srv recvd: slave_setup
[rosout][INFO] 2019-03-04 18:32:09,580: ROS srv recvd: fpr_param_setlist
[rosout][INFO] 2019-03-04 18:32:09,610: MAVLink STATUSTEXT: APM:Copter V3.5-dev (f3195c7e)
[rosout][INFO] 2019-03-04 18:32:09,614: MAVLink STATUSTEXT: PX4: 3df5644c NuttX: be6ff61a
[rosout][INFO] 2019-03-04 18:32:09,618: MAVLink STATUSTEXT: Frame: QUAD
[rosout][INFO] 2019-03-04 18:32:09,622: MAVLink STATUSTEXT: PX4v2 003E0023 31355103 33333832
[rosout][INFO] 2019-03-04 18:32:11,028: ROS srv recvd: slave_setup
[rosout][WARNING] 2019-03-04 18:32:13,591: PARAM ALT_HOLD_RTL doesn't exist
[rosout][INFO] 2019-03-04 18:32:13,610: ROS srv recvd: load_rally
[rosout][INFO] 2019-03-04 18:32:13,623: ROS srv recvd: fpr_rally_setall
[rosout][INFO] 2019-03-04 18:32:14,241: ROS srv recvd: load_wp
[rosout][INFO] 2019-03-04 18:32:14,254: ROS srv recvd: wp_setall
[rosout][INFO] 2019-03-04 18:32:15,195: MAVLink STATUSTEXT: Flight plan received
[rosout][INFO] 2019-03-04 18:32:15,287: ROS sub recvd: waypoint_goto
[rosout][INFO] 2019-03-04 18:32:16,300: ROS srv recvd: wp_getrange
