[rospy.client][INFO] 2019-03-04 17:23:53,994: init_node, name[/constrained_shooter], pid[3064]
[xmlrpc][INFO] 2019-03-04 17:23:54,010: XML-RPC server binding to 0.0.0.0:0
[xmlrpc][INFO] 2019-03-04 17:23:54,011: Started XML-RPC server [http://copter131:49419/]
[rospy.init][INFO] 2019-03-04 17:23:54,012: ROS Slave URI: [http://copter131:49419/]
[rospy.impl.masterslave][INFO] 2019-03-04 17:23:54,012: _ready: http://copter131:49419/
[xmlrpc][INFO] 2019-03-04 17:23:54,027: xml rpc node: starting XML-RPC server
[rospy.registration][INFO] 2019-03-04 17:23:54,029: Registering with master node http://localhost:11311
[rospy.init][INFO] 2019-03-04 17:23:54,113: registered with master
[rospy.rosout][INFO] 2019-03-04 17:23:54,113: initializing /rosout core topic
[rospy.rosout][INFO] 2019-03-04 17:23:54,260: connected to core topic /rosout
[rospy.simtime][INFO] 2019-03-04 17:23:54,350: /use_sim_time is not set, will not subscribe to simulated time [/clock] topic
[rospy.internal][INFO] 2019-03-04 17:23:54,440: topic[/rosout] adding connection to [/rosout], count 0
[rospy.internal][INFO] 2019-03-04 17:23:54,688: topic[/safety/payload_waypoint] adding connection to [/safety], count 0
[rospy.internal][INFO] 2019-03-04 17:23:55,376: topic[/network/send_swarm_behavior_data] adding connection to [/network], count 0
[rospy.internal][INFO] 2019-03-04 17:23:55,493: topic[/autopilot/status] adding connection to [http://copter131:49875/], count 0
[rospy.internal][INFO] 2019-03-04 17:23:55,575: topic[/swarm_control/behavior_status] adding connection to [/swarm_control], count 0
[rospy.internal][INFO] 2019-03-04 17:23:55,611: topic[/autopilot/acs_pose] adding connection to [http://copter131:49875/], count 0
[rospy.internal][INFO] 2019-03-04 17:23:55,725: topic[/hit_tracker/hit_uavs] adding connection to [http://copter131:46994/], count 0
[rospy.internal][INFO] 2019-03-04 17:23:55,790: topic[/air_to_air/firing_reports] adding connection to [/network], count 0
[rospy.internal][INFO] 2019-03-04 17:23:55,897: topic[/swarm_control/subswarm_id] adding connection to [http://copter131:39371/], count 0
[rospy.internal][INFO] 2019-03-04 17:23:55,950: topic[/swarm_control/ap_intent] adding connection to [http://copter131:39371/], count 0
[rosout][INFO] 2019-03-04 17:28:14,369: constrained_shooter activate request False returned False
[rosout][INFO] 2019-03-04 17:28:37,371: constrained_shooter activate request False returned False
[rosout][INFO] 2019-03-04 17:29:47,419: constrained_shooter activate request False returned False
[rosout][INFO] 2019-03-04 17:29:57,755: constrained_shooter activate request False returned False
[rosout][INFO] 2019-03-04 17:33:35,341: constrained_shooter activate request False returned False
[rosout][INFO] 2019-03-04 17:33:35,478: constrained_shooter activate request False returned False
