[rospy.client][INFO] 2019-03-04 17:23:54,704: init_node, name[/evader], pid[3143]
[xmlrpc][INFO] 2019-03-04 17:23:54,706: XML-RPC server binding to 0.0.0.0:0
[xmlrpc][INFO] 2019-03-04 17:23:54,707: Started XML-RPC server [http://copter131:36370/]
[rospy.impl.masterslave][INFO] 2019-03-04 17:23:54,707: _ready: http://copter131:36370/
[xmlrpc][INFO] 2019-03-04 17:23:54,708: xml rpc node: starting XML-RPC server
[rospy.init][INFO] 2019-03-04 17:23:54,708: ROS Slave URI: [http://copter131:36370/]
[rospy.registration][INFO] 2019-03-04 17:23:54,710: Registering with master node http://localhost:11311
[rospy.init][INFO] 2019-03-04 17:23:54,812: registered with master
[rospy.rosout][INFO] 2019-03-04 17:23:54,812: initializing /rosout core topic
[rospy.rosout][INFO] 2019-03-04 17:23:54,833: connected to core topic /rosout
[rospy.simtime][INFO] 2019-03-04 17:23:54,847: /use_sim_time is not set, will not subscribe to simulated time [/clock] topic
[rospy.internal][INFO] 2019-03-04 17:23:54,972: topic[/safety/payload_waypoint] adding connection to [/safety], count 0
[rospy.internal][INFO] 2019-03-04 17:23:55,051: topic[/rosout] adding connection to [/rosout], count 0
[rospy.internal][INFO] 2019-03-04 17:23:55,196: topic[/hit_tracker/hit_uavs] adding connection to [http://copter131:46994/], count 0
[rospy.internal][INFO] 2019-03-04 17:23:55,380: topic[/network/send_swarm_behavior_data] adding connection to [/network], count 0
[rospy.internal][INFO] 2019-03-04 17:23:55,412: topic[/autopilot/acs_pose] adding connection to [http://copter131:49875/], count 0
[rospy.internal][INFO] 2019-03-04 17:23:55,534: topic[/autopilot/status] adding connection to [http://copter131:49875/], count 0
[rospy.internal][INFO] 2019-03-04 17:23:55,585: topic[/swarm_control/behavior_status] adding connection to [/swarm_control], count 0
[rospy.internal][INFO] 2019-03-04 17:23:55,893: topic[/swarm_control/subswarm_id] adding connection to [http://copter131:39371/], count 0
[rospy.internal][INFO] 2019-03-04 17:23:56,955: topic[/swarm_control/ap_intent] adding connection to [http://copter131:39371/], count 0
[rosout][INFO] 2019-03-04 17:28:14,402: evader activate request False returned False
[rosout][INFO] 2019-03-04 17:28:37,424: evader activate request False returned False
[rosout][INFO] 2019-03-04 17:29:47,462: evader activate request False returned False
[rosout][INFO] 2019-03-04 17:29:57,810: evader activate request False returned False
[rosout][INFO] 2019-03-04 17:33:35,400: evader activate request False returned False
[rosout][INFO] 2019-03-04 17:33:35,532: evader activate request False returned False
