[rospy.client][INFO] 2019-03-04 17:23:54,680: init_node, name[/greedy_shooter], pid[3022]
[xmlrpc][INFO] 2019-03-04 17:23:54,681: XML-RPC server binding to 0.0.0.0:0
[xmlrpc][INFO] 2019-03-04 17:23:54,682: Started XML-RPC server [http://copter131:35776/]
[rospy.impl.masterslave][INFO] 2019-03-04 17:23:54,682: _ready: http://copter131:35776/
[rospy.init][INFO] 2019-03-04 17:23:54,682: ROS Slave URI: [http://copter131:35776/]
[rospy.registration][INFO] 2019-03-04 17:23:54,683: Registering with master node http://localhost:11311
[rospy.registration][INFO] 2019-03-04 17:23:54,683: Registering publisher topic [/safety/payload_waypoint] type [autopilot_bridge/LLA] with master
[xmlrpc][INFO] 2019-03-04 17:23:54,684: xml rpc node: starting XML-RPC server
[rospy.registration][INFO] 2019-03-04 17:23:54,700: registering subscriber topic [/autopilot/status] type [autopilot_bridge/Status] with master
[rospy.internal][INFO] 2019-03-04 17:23:54,735: topic[/safety/payload_waypoint] adding connection to [/safety], count 0
[rospy.init][INFO] 2019-03-04 17:23:54,783: registered with master
[rospy.rosout][INFO] 2019-03-04 17:23:54,783: initializing /rosout core topic
[rospy.rosout][INFO] 2019-03-04 17:23:54,795: connected to core topic /rosout
[rospy.simtime][INFO] 2019-03-04 17:23:54,805: /use_sim_time is not set, will not subscribe to simulated time [/clock] topic
[rospy.internal][INFO] 2019-03-04 17:23:55,055: topic[/rosout] adding connection to [/rosout], count 0
[rospy.internal][INFO] 2019-03-04 17:23:55,378: topic[/network/send_swarm_behavior_data] adding connection to [/network], count 0
[rospy.internal][INFO] 2019-03-04 17:23:55,423: topic[/autopilot/acs_pose] adding connection to [http://copter131:49875/], count 0
[rospy.internal][INFO] 2019-03-04 17:23:55,489: topic[/hit_tracker/hit_uavs] adding connection to [http://copter131:46994/], count 0
[rospy.internal][INFO] 2019-03-04 17:23:55,500: topic[/autopilot/status] adding connection to [http://copter131:49875/], count 0
[rospy.internal][INFO] 2019-03-04 17:23:55,584: topic[/swarm_control/behavior_status] adding connection to [/swarm_control], count 0
[rospy.internal][INFO] 2019-03-04 17:23:55,666: topic[/air_to_air/firing_reports] adding connection to [/network], count 0
[rospy.internal][INFO] 2019-03-04 17:23:55,678: topic[/autopilot/waypoint_goto] adding connection to [/autopilot], count 0
[rospy.internal][INFO] 2019-03-04 17:23:55,953: topic[/swarm_control/subswarm_id] adding connection to [http://copter131:39371/], count 0
[rospy.internal][INFO] 2019-03-04 17:23:55,966: topic[/swarm_control/ap_intent] adding connection to [http://copter131:39371/], count 0
[rosout][INFO] 2019-03-04 17:28:14,345: greedy_shooter activate request False returned False
[rosout][INFO] 2019-03-04 17:28:37,333: greedy_shooter activate request False returned False
[rosout][INFO] 2019-03-04 17:29:47,392: greedy_shooter activate request False returned False
[rosout][INFO] 2019-03-04 17:29:57,720: greedy_shooter activate request False returned False
[rosout][INFO] 2019-03-04 17:33:35,303: greedy_shooter activate request False returned False
[rosout][INFO] 2019-03-04 17:33:35,436: greedy_shooter activate request False returned False
