[rospy.client][INFO] 2019-03-04 17:23:52,970: init_node, name[/independent_transit], pid[2916]
[xmlrpc][INFO] 2019-03-04 17:23:52,972: XML-RPC server binding to 0.0.0.0:0
[rospy.init][INFO] 2019-03-04 17:23:52,974: ROS Slave URI: [http://copter131:33221/]
[xmlrpc][INFO] 2019-03-04 17:23:52,974: Started XML-RPC server [http://copter131:33221/]
[rospy.impl.masterslave][INFO] 2019-03-04 17:23:52,974: _ready: http://copter131:33221/
[xmlrpc][INFO] 2019-03-04 17:23:52,975: xml rpc node: starting XML-RPC server
[rospy.registration][INFO] 2019-03-04 17:23:52,976: Registering with master node http://localhost:11311
[rospy.init][INFO] 2019-03-04 17:23:53,074: registered with master
[rospy.rosout][INFO] 2019-03-04 17:23:53,075: initializing /rosout core topic
[rospy.rosout][INFO] 2019-03-04 17:23:56,100: connected to core topic /rosout
[rospy.simtime][INFO] 2019-03-04 17:23:56,108: /use_sim_time is not set, will not subscribe to simulated time [/clock] topic
[rospy.internal][INFO] 2019-03-04 17:23:56,249: topic[/autopilot/status] adding connection to [http://copter131:49875/], count 0
[rospy.internal][INFO] 2019-03-04 17:23:56,289: topic[/swarm_control/subswarm_id] adding connection to [http://copter131:39371/], count 0
[rospy.internal][INFO] 2019-03-04 17:23:56,339: topic[/safety/payload_waypoint] adding connection to [/safety], count 0
[rospy.internal][INFO] 2019-03-04 17:23:56,351: topic[/swarm_control/ap_intent] adding connection to [http://copter131:39371/], count 0
[rospy.internal][INFO] 2019-03-04 17:23:56,379: topic[/rosout] adding connection to [/rosout], count 0
[rospy.internal][INFO] 2019-03-04 17:23:56,443: topic[/swarm_control/behavior_status] adding connection to [/swarm_control], count 0
[rospy.internal][INFO] 2019-03-04 17:23:56,465: topic[/network/send_swarm_behavior_data] adding connection to [/network], count 0
[rosout][INFO] 2019-03-04 17:28:14,357: independent_transit activate request False returned False
[rosout][INFO] 2019-03-04 17:28:37,352: independent_transit activate request False returned False
[rosout][INFO] 2019-03-04 17:29:47,405: independent_transit activate request False returned False
[rosout][INFO] 2019-03-04 17:29:57,738: independent_transit activate request False returned False
[rosout][INFO] 2019-03-04 17:33:35,322: independent_transit activate request False returned False
[rosout][INFO] 2019-03-04 17:33:35,455: independent_transit activate request False returned False
