[rospy.client][INFO] 2019-03-04 17:23:54,442: init_node, name[/pn_interceptor], pid[3104]
[xmlrpc][INFO] 2019-03-04 17:23:54,444: XML-RPC server binding to 0.0.0.0:0
[xmlrpc][INFO] 2019-03-04 17:23:54,445: Started XML-RPC server [http://copter131:39372/]
[rospy.init][INFO] 2019-03-04 17:23:54,445: ROS Slave URI: [http://copter131:39372/]
[rospy.impl.masterslave][INFO] 2019-03-04 17:23:54,445: _ready: http://copter131:39372/
[xmlrpc][INFO] 2019-03-04 17:23:54,459: xml rpc node: starting XML-RPC server
[rospy.registration][INFO] 2019-03-04 17:23:54,461: Registering with master node http://localhost:11311
[rospy.init][INFO] 2019-03-04 17:23:54,546: registered with master
[rospy.rosout][INFO] 2019-03-04 17:23:54,547: initializing /rosout core topic
[rospy.rosout][INFO] 2019-03-04 17:23:55,555: connected to core topic /rosout
[rospy.simtime][INFO] 2019-03-04 17:23:55,566: /use_sim_time is not set, will not subscribe to simulated time [/clock] topic
[rospy.internal][INFO] 2019-03-04 17:23:55,734: topic[/autopilot/status] adding connection to [http://copter131:49875/], count 0
[rospy.internal][INFO] 2019-03-04 17:23:55,763: topic[/safety/payload_waypoint] adding connection to [/safety], count 0
[rospy.internal][INFO] 2019-03-04 17:23:55,853: topic[/rosout] adding connection to [/rosout], count 0
[rospy.internal][INFO] 2019-03-04 17:23:55,864: topic[/swarm_control/ap_intent] adding connection to [http://copter131:39371/], count 0
[rospy.internal][INFO] 2019-03-04 17:23:55,865: topic[/swarm_control/subswarm_id] adding connection to [http://copter131:39371/], count 0
[rospy.internal][INFO] 2019-03-04 17:23:56,096: topic[/network/send_swarm_behavior_data] adding connection to [/network], count 0
[rospy.internal][INFO] 2019-03-04 17:23:56,098: topic[/swarm_control/behavior_status] adding connection to [/swarm_control], count 0
[rosout][INFO] 2019-03-04 17:28:14,350: pn_interceptor activate request False returned False
[rosout][INFO] 2019-03-04 17:28:37,343: pn_interceptor activate request False returned False
[rosout][INFO] 2019-03-04 17:29:47,398: pn_interceptor activate request False returned False
[rosout][INFO] 2019-03-04 17:29:57,729: pn_interceptor activate request False returned False
[rosout][INFO] 2019-03-04 17:33:35,313: pn_interceptor activate request False returned False
[rosout][INFO] 2019-03-04 17:33:35,446: pn_interceptor activate request False returned False
