[rospy.client][INFO] 2012-12-31 16:00:15,922: init_node, name[/safety], pid[2814]
[xmlrpc][INFO] 2012-12-31 16:00:15,939: XML-RPC server binding to 0.0.0.0:0
[xmlrpc][INFO] 2012-12-31 16:00:15,941: Started XML-RPC server [http://copter131:32786/]
[rospy.init][INFO] 2012-12-31 16:00:15,941: ROS Slave URI: [http://copter131:32786/]
[rospy.impl.masterslave][INFO] 2012-12-31 16:00:15,941: _ready: http://copter131:32786/
[xmlrpc][INFO] 2012-12-31 16:00:15,961: xml rpc node: starting XML-RPC server
[rospy.registration][INFO] 2012-12-31 16:00:15,980: Registering with master node http://localhost:11311
[rospy.init][INFO] 2012-12-31 16:00:16,042: registered with master
[rospy.rosout][INFO] 2012-12-31 16:00:16,043: initializing /rosout core topic
[rospy.rosout][INFO] 2012-12-31 16:00:16,073: connected to core topic /rosout
[rospy.simtime][INFO] 2012-12-31 16:00:16,103: /use_sim_time is not set, will not subscribe to simulated time [/clock] topic
[rospy.internal][INFO] 2012-12-31 16:00:16,303: topic[/rosout] adding connection to [/rosout], count 0
[rospy.internal][INFO] 2019-03-04 17:23:54,668: topic[/safety/payload_waypoint] adding connection to [http://copter131:49419/], count 0
[rospy.internal][INFO] 2019-03-04 17:23:54,672: topic[/safety/payload_waypoint] adding connection to [http://copter131:57587/], count 1
[rospy.internal][INFO] 2019-03-04 17:23:54,674: topic[/autopilot/heartbeat_onboard] adding connection to [/autopilot], count 0
[rospy.internal][INFO] 2019-03-04 17:23:54,733: topic[/safety/payload_waypoint] adding connection to [http://copter131:35776/], count 2
[rospy.internal][INFO] 2019-03-04 17:23:54,851: topic[/safety/payload_waypoint] adding connection to [http://copter131:54727/], count 3
[rospy.internal][INFO] 2019-03-04 17:23:54,928: topic[/autopilot/payload_waypoint] adding connection to [/autopilot], count 0
[rospy.internal][INFO] 2019-03-04 17:23:54,970: topic[/safety/payload_waypoint] adding connection to [http://copter131:36370/], count 4
[rospy.internal][INFO] 2019-03-04 17:23:55,090: topic[/safety/payload_waypoint] adding connection to [http://copter131:38904/], count 5
[rospy.internal][INFO] 2019-03-04 17:23:55,096: topic[/safety/payload_rate] adding connection to [http://copter131:38904/], count 0
[rospy.internal][INFO] 2019-03-04 17:23:55,313: topic[/safety/payload_waypoint] adding connection to [http://copter131:33050/], count 6
[rospy.internal][INFO] 2019-03-04 17:23:55,313: topic[/safety/payload_waypoint] adding connection to [http://copter131:34772/], count 6
[rospy.internal][INFO] 2019-03-04 17:23:55,380: topic[/autopilot/acs_pose] adding connection to [http://copter131:49875/], count 0
[rosout][WARNING] 2019-03-04 17:23:55,650: establishing proxies for ROS /autopliot/ services
[rospy.internal][INFO] 2019-03-04 17:23:55,744: topic[/swarm_tracker/swarm_uav_states] adding connection to [http://copter131:42919/], count 0
[rospy.internal][INFO] 2019-03-04 17:23:55,761: topic[/safety/payload_waypoint] adding connection to [http://copter131:39372/], count 8
[rospy.internal][INFO] 2019-03-04 17:23:56,000: topic[/safety/payload_waypoint] adding connection to [http://copter131:47214/], count 9
[rospy.internal][INFO] 2019-03-04 17:23:56,003: topic[/safety/payload_waypoint] adding connection to [http://copter131:38372/], count 10
[rospy.internal][INFO] 2019-03-04 17:23:56,336: topic[/safety/payload_waypoint] adding connection to [http://copter131:33221/], count 11
[rospy.internal][INFO] 2019-03-04 17:23:56,351: topic[/safety/payload_waypoint] adding connection to [http://copter131:49065/], count 12
[rospy.internal][INFO] 2019-03-04 17:26:19,698: topic[/autopilot/heartbeat_ground] adding connection to [http://copter131:54483/], count 0
