[rospy.client][INFO] 2019-03-04 17:23:53,825: init_node, name[/smart_shooter], pid[3041]
[xmlrpc][INFO] 2019-03-04 17:23:53,826: XML-RPC server binding to 0.0.0.0:0
[rospy.init][INFO] 2019-03-04 17:23:53,829: ROS Slave URI: [http://copter131:34772/]
[xmlrpc][INFO] 2019-03-04 17:23:53,829: Started XML-RPC server [http://copter131:34772/]
[rospy.impl.masterslave][INFO] 2019-03-04 17:23:53,829: _ready: http://copter131:34772/
[xmlrpc][INFO] 2019-03-04 17:23:53,832: xml rpc node: starting XML-RPC server
[rospy.registration][INFO] 2019-03-04 17:23:53,835: Registering with master node http://localhost:11311
[rospy.init][INFO] 2019-03-04 17:23:53,929: registered with master
[rospy.rosout][INFO] 2019-03-04 17:23:53,930: initializing /rosout core topic
[rospy.rosout][INFO] 2019-03-04 17:23:54,016: connected to core topic /rosout
[rospy.simtime][INFO] 2019-03-04 17:23:54,115: /use_sim_time is not set, will not subscribe to simulated time [/clock] topic
[rospy.internal][INFO] 2019-03-04 17:23:54,327: topic[/rosout] adding connection to [/rosout], count 0
[rospy.internal][INFO] 2019-03-04 17:23:55,316: topic[/safety/payload_waypoint] adding connection to [/safety], count 0
[rospy.internal][INFO] 2019-03-04 17:23:55,541: topic[/autopilot/status] adding connection to [http://copter131:49875/], count 0
[rospy.internal][INFO] 2019-03-04 17:23:55,553: topic[/network/send_swarm_behavior_data] adding connection to [/network], count 0
[rospy.internal][INFO] 2019-03-04 17:23:55,595: topic[/swarm_control/behavior_status] adding connection to [/swarm_control], count 0
[rospy.internal][INFO] 2019-03-04 17:23:55,598: topic[/autopilot/acs_pose] adding connection to [http://copter131:49875/], count 0
[rospy.internal][INFO] 2019-03-04 17:23:55,666: topic[/hit_tracker/hit_uavs] adding connection to [http://copter131:46994/], count 0
[rospy.internal][INFO] 2019-03-04 17:23:55,786: topic[/air_to_air/firing_reports] adding connection to [/network], count 0
[rospy.internal][INFO] 2019-03-04 17:23:55,958: topic[/swarm_control/subswarm_id] adding connection to [http://copter131:39371/], count 0
[rospy.internal][INFO] 2019-03-04 17:23:56,188: topic[/swarm_control/ap_intent] adding connection to [http://copter131:39371/], count 0
[rosout][INFO] 2019-03-04 17:28:14,363: smart_shooter activate request False returned False
[rosout][INFO] 2019-03-04 17:28:37,361: smart_shooter activate request False returned False
[rosout][INFO] 2019-03-04 17:29:47,413: smart_shooter activate request False returned False
[rosout][INFO] 2019-03-04 17:29:57,746: smart_shooter activate request False returned False
[rosout][INFO] 2019-03-04 17:33:35,331: smart_shooter activate request False returned False
[rosout][INFO] 2019-03-04 17:33:35,467: smart_shooter activate request False returned False
