[rospy.client][INFO] 2019-03-04 17:23:52,706: init_node, name[/swarm_control], pid[2898]
[xmlrpc][INFO] 2019-03-04 17:23:52,747: XML-RPC server binding to 0.0.0.0:0
[xmlrpc][INFO] 2019-03-04 17:23:52,748: Started XML-RPC server [http://copter131:39371/]
[rospy.init][INFO] 2019-03-04 17:23:52,749: ROS Slave URI: [http://copter131:39371/]
[rospy.impl.masterslave][INFO] 2019-03-04 17:23:52,749: _ready: http://copter131:39371/
[xmlrpc][INFO] 2019-03-04 17:23:52,767: xml rpc node: starting XML-RPC server
[rospy.registration][INFO] 2019-03-04 17:23:52,768: Registering with master node http://localhost:11311
[rospy.init][INFO] 2019-03-04 17:23:52,850: registered with master
[rospy.rosout][INFO] 2019-03-04 17:23:52,851: initializing /rosout core topic
[rospy.rosout][INFO] 2019-03-04 17:23:53,840: connected to core topic /rosout
[rospy.simtime][INFO] 2019-03-04 17:23:53,939: /use_sim_time is not set, will not subscribe to simulated time [/clock] topic
[rospy.internal][INFO] 2019-03-04 17:23:54,222: topic[/rosout] adding connection to [/rosout], count 0
[rosout][INFO] 2019-03-04 17:23:55,220: Behavior evader successfully registered with ID 15
[rosout][INFO] 2019-03-04 17:23:55,292: Behavior simple_ground_attack successfully registered with ID 16
[rosout][INFO] 2019-03-04 17:23:55,450: Behavior wingman successfully registered with ID 11
[rospy.internal][INFO] 2019-03-04 17:23:55,491: topic[/swarm_tracker/swarm_uav_states] adding connection to [http://copter131:42919/], count 0
[rospy.internal][INFO] 2019-03-04 17:23:55,568: topic[/swarm_control/behavior_status] adding connection to [http://copter131:49419/], count 0
[rospy.internal][INFO] 2019-03-04 17:23:55,571: topic[/swarm_control/behavior_status] adding connection to [http://copter131:54727/], count 0
[rospy.internal][INFO] 2019-03-04 17:23:55,578: topic[/swarm_control/behavior_status] adding connection to [http://copter131:35776/], count 2
[rospy.internal][INFO] 2019-03-04 17:23:55,581: topic[/swarm_control/behavior_status] adding connection to [http://copter131:36370/], count 3
[rospy.internal][INFO] 2019-03-04 17:23:55,585: topic[/swarm_control/behavior_status] adding connection to [http://copter131:38904/], count 4
[rospy.internal][INFO] 2019-03-04 17:23:55,591: topic[/swarm_control/behavior_status] adding connection to [http://copter131:34772/], count 5
[rosout][INFO] 2019-03-04 17:23:55,606: Behavior greedy_shooter successfully registered with ID 4
[rospy.internal][INFO] 2019-03-04 17:23:55,618: topic[/autopilot/status] adding connection to [http://copter131:49875/], count 0
[rosout][INFO] 2019-03-04 17:23:55,688: Behavior smart_shooter successfully registered with ID 9
[rosout][INFO] 2019-03-04 17:23:55,717: Behavior constrained_shooter successfully registered with ID 10
[rospy.internal][INFO] 2019-03-04 17:23:55,745: topic[/swarm_control/behavior_status] adding connection to [http://copter131:33050/], count 6
[rosout][INFO] 2019-03-04 17:23:55,775: Behavior linear_formation successfully registered with ID 1
[rospy.internal][INFO] 2019-03-04 17:23:55,867: topic[/swarm_control/ap_intent] adding connection to [/pn_interceptor], count 0
[rosout][INFO] 2019-03-04 17:23:55,871: Subswarm updated to 0
[rospy.internal][INFO] 2019-03-04 17:23:55,874: topic[/swarm_control/subswarm_id] adding connection to [/pn_interceptor], count 0
[rosout][INFO] 2019-03-04 17:23:55,873: Swarm state updated to Preflight
[rosout][INFO] 2019-03-04 17:23:55,875: Active swarm behavior updated to standby
[rospy.internal][INFO] 2019-03-04 17:23:55,887: topic[/swarm_control/subswarm_id] adding connection to [/tactic_interface], count 1
[rospy.internal][INFO] 2019-03-04 17:23:55,888: topic[/swarm_control/ap_intent] adding connection to [/tactic_interface], count 1
[rospy.internal][INFO] 2019-03-04 17:23:55,897: topic[/swarm_control/subswarm_id] adding connection to [/evader], count 2
[rospy.internal][INFO] 2019-03-04 17:23:55,901: topic[/swarm_control/subswarm_id] adding connection to [/constrained_shooter], count 3
[rospy.internal][INFO] 2019-03-04 17:23:55,914: topic[/swarm_control/subswarm_id] adding connection to [/wingman], count 4
[rospy.internal][INFO] 2019-03-04 17:23:55,921: topic[/swarm_control/swarm_state] adding connection to [/swarm_tracker], count 0
[rospy.internal][INFO] 2019-03-04 17:23:55,929: topic[/swarm_control/swarm_state] adding connection to [/network], count 1
[rospy.internal][INFO] 2019-03-04 17:23:55,933: topic[/swarm_control/subswarm_id] adding connection to [/swarm_tracker], count 5
[rospy.internal][INFO] 2019-03-04 17:23:55,938: topic[/swarm_control/subswarm_id] adding connection to [/network], count 6
[rospy.internal][INFO] 2019-03-04 17:23:55,943: topic[/swarm_control/swarm_behavior] adding connection to [/network], count 0
[rospy.internal][INFO] 2019-03-04 17:23:55,953: topic[/swarm_control/swarm_behavior] adding connection to [/swarm_tracker], count 1
[rospy.internal][INFO] 2019-03-04 17:23:55,958: topic[/swarm_control/ap_intent] adding connection to [/constrained_shooter], count 2
[rospy.internal][INFO] 2019-03-04 17:23:55,962: topic[/swarm_control/subswarm_id] adding connection to [/greedy_shooter], count 7
[rospy.internal][INFO] 2019-03-04 17:23:55,965: topic[/swarm_control/subswarm_id] adding connection to [/smart_shooter], count 8
[rospy.internal][INFO] 2019-03-04 17:23:55,978: topic[/swarm_control/ap_intent] adding connection to [/greedy_shooter], count 3
[rospy.internal][INFO] 2019-03-04 17:23:55,985: topic[/swarm_control/ap_intent] adding connection to [/wingman], count 4
[rospy.internal][INFO] 2019-03-04 17:23:55,993: topic[/swarm_control/ap_intent] adding connection to [/simple_ground_attack], count 5
[rospy.internal][INFO] 2019-03-04 17:23:55,999: topic[/swarm_control/ap_intent] adding connection to [/linear_formation], count 6
[rospy.internal][INFO] 2019-03-04 17:23:56,001: topic[/swarm_control/subswarm_id] adding connection to [/patrol_box_shooter], count 9
[rospy.internal][INFO] 2019-03-04 17:23:56,003: topic[/swarm_control/behavior_summary] adding connection to [/network], count 0
[rospy.internal][INFO] 2019-03-04 17:23:56,005: topic[/swarm_control/subswarm_id] adding connection to [/simple_ground_attack], count 10
[rospy.internal][INFO] 2019-03-04 17:23:56,008: topic[/autopilot/mode_num] adding connection to [/autopilot], count 0
[rospy.internal][INFO] 2019-03-04 17:23:56,009: topic[/autopilot/waypoint_goto] adding connection to [/autopilot], count 0
[rospy.internal][INFO] 2019-03-04 17:23:56,034: topic[/swarm_control/subswarm_id] adding connection to [/swarm_landing_sequencer], count 11
[rospy.internal][INFO] 2019-03-04 17:23:56,069: topic[/swarm_control/ap_intent] adding connection to [/patrol_box_shooter], count 7
[rosout][INFO] 2019-03-04 17:23:56,073: Behavior pn_interceptor successfully registered with ID 5
[rospy.internal][INFO] 2019-03-04 17:23:56,093: topic[/swarm_control/behavior_status] adding connection to [http://copter131:39372/], count 7
[rospy.internal][INFO] 2019-03-04 17:23:56,094: topic[/swarm_control/behavior_status] adding connection to [http://copter131:57587/], count 8
[rospy.internal][INFO] 2019-03-04 17:23:56,108: topic[/swarm_control/ap_intent] adding connection to [/swarm_landing_sequencer], count 8
[rospy.internal][INFO] 2019-03-04 17:23:56,190: topic[/swarm_control/ap_intent] adding connection to [/smart_shooter], count 9
[rospy.internal][INFO] 2019-03-04 17:23:56,192: topic[/swarm_control/subswarm_id] adding connection to [/linear_formation], count 12
[rospy.internal][INFO] 2019-03-04 17:23:56,219: topic[/swarm_control/behavior_status] adding connection to [http://copter131:47214/], count 9
[rospy.internal][INFO] 2019-03-04 17:23:56,220: topic[/swarm_control/behavior_status] adding connection to [http://copter131:38372/], count 10
[rosout][INFO] 2019-03-04 17:23:56,254: Behavior swarm_landing_sequencer successfully registered with ID 98
[rosout][INFO] 2019-03-04 17:23:56,275: Behavior tactic_interface successfully registered with ID 14
[rospy.internal][INFO] 2019-03-04 17:23:56,291: topic[/swarm_control/subswarm_id] adding connection to [/independent_transit], count 13
[rosout][INFO] 2019-03-04 17:23:56,341: Behavior patrol_box_shooter successfully registered with ID 13
[rospy.internal][INFO] 2019-03-04 17:23:56,354: topic[/swarm_control/ap_intent] adding connection to [/independent_transit], count 10
[rospy.internal][INFO] 2019-03-04 17:23:56,366: topic[/swarm_control/subswarm_id] adding connection to [/patrol_box], count 14
[rosout][INFO] 2019-03-04 17:23:56,400: Behavior independent_transit successfully registered with ID 8
[rospy.internal][INFO] 2019-03-04 17:23:56,404: topic[/swarm_control/ap_intent] adding connection to [/patrol_box], count 11
[rospy.internal][INFO] 2019-03-04 17:23:56,439: topic[/swarm_control/behavior_status] adding connection to [http://copter131:33221/], count 11
[rospy.internal][INFO] 2019-03-04 17:23:56,442: topic[/swarm_control/behavior_status] adding connection to [http://copter131:49065/], count 12
[rosout][INFO] 2019-03-04 17:23:56,455: Behavior patrol_box successfully registered with ID 12
[rospy.internal][INFO] 2019-03-04 17:23:56,958: topic[/swarm_control/ap_intent] adding connection to [/evader], count 12
[rosout][INFO] 2019-03-04 17:27:37,788: Swarm state updated to Flight Ready
[rosout][WARNING] 2019-03-04 17:28:14,327: Manual reset to new swarm state: Swarm Ready
[rosout][INFO] 2019-03-04 17:28:14,328: Swarm state updated to Swarm Ready
[rosout][INFO] 2019-03-04 17:28:14,411: Active swarm behavior updated to standby
[rosout][INFO] 2019-03-04 17:28:14,413: Subswarm updated to 0
[rosout][INFO] 2019-03-04 17:28:18,048: Subswarm updated to 1
[rosout][INFO] 2019-03-04 17:28:37,435: Active swarm behavior updated to standby
[rosout][INFO] 2019-03-04 17:28:38,450: Active swarm behavior updated to tactic_interface
[rosout][INFO] 2019-03-04 17:28:38,452: tactic_interface behavior successfully activated
[rosout][INFO] 2019-03-04 17:29:47,471: Active swarm behavior updated to standby
[rosout][INFO] 2019-03-04 17:29:47,472: Swarm behavior set to "Standby"
[rosout][INFO] 2019-03-04 17:29:57,817: Active swarm behavior updated to standby
[rosout][INFO] 2019-03-04 17:29:58,828: Active swarm behavior updated to tactic_interface
[rosout][INFO] 2019-03-04 17:29:58,830: tactic_interface behavior successfully activated
[rosout][WARNING] 2019-03-04 17:33:35,268: Behavior 14 unexpected inactive report
[rosout][INFO] 2019-03-04 17:33:35,280: Swarm state updated to State Error
[rosout][INFO] 2019-03-04 17:33:35,408: Active swarm behavior updated to standby
[rosout][INFO] 2019-03-04 17:33:35,542: Active swarm behavior updated to standby
[rosout][INFO] 2019-03-04 17:33:35,544: Subswarm updated to 0
[rosout][WARNING] 2019-03-04 17:33:35,545: Autopilot not in AUTO: disabling swarming
