[rospy.client][INFO] 2012-12-31 16:00:16,799: init_node, name[/task_runner], pid[2858]
[xmlrpc][INFO] 2012-12-31 16:00:16,801: XML-RPC server binding to 0.0.0.0:0
[xmlrpc][INFO] 2012-12-31 16:00:16,825: Started XML-RPC server [http://copter131:45080/]
[rospy.init][INFO] 2012-12-31 16:00:16,826: ROS Slave URI: [http://copter131:45080/]
[rospy.impl.masterslave][INFO] 2012-12-31 16:00:16,826: _ready: http://copter131:45080/
[xmlrpc][INFO] 2012-12-31 16:00:16,844: xml rpc node: starting XML-RPC server
[rospy.registration][INFO] 2012-12-31 16:00:16,848: Registering with master node http://localhost:11311
[rospy.init][INFO] 2012-12-31 16:00:16,927: registered with master
[rospy.rosout][INFO] 2012-12-31 16:00:16,927: initializing /rosout core topic
[rospy.rosout][INFO] 2012-12-31 16:00:17,018: connected to core topic /rosout
[rospy.simtime][INFO] 2012-12-31 16:00:17,107: /use_sim_time is not set, will not subscribe to simulated time [/clock] topic
[rospy.internal][INFO] 2019-03-04 17:23:52,628: topic[/rosout] adding connection to [/rosout], count 0
[rosout][INFO] 2019-03-04 17:23:54,496: Task Runner: Starting Event 'on_start'
[rosout][INFO] 2019-03-04 17:23:54,600: Task Runner: Event 'on_start' Task 'Tx Power' Time 0.1s: Succeeded
[rosout][INFO] 2019-03-04 17:23:54,602: Task Runner: Completed Event 'on_start'
[rospy.internal][INFO] 2019-03-04 17:23:55,508: topic[/autopilot/status] adding connection to [http://copter131:49875/], count 0
[rosout][INFO] 2019-03-04 17:23:56,726: Task Runner: Starting Event 'on_status'
[rosout][INFO] 2019-03-04 17:23:56,938: Task Runner: Event 'on_status' Task 'AP Set ID' Time 0.2s: Succeeded
[rosout][INFO] 2019-03-04 17:23:56,939: Task Runner: Completed Event 'on_status'
[rosout][INFO] 2019-03-04 17:27:38,613: Task Runner: Starting Event 'on_ready'
[rosout][INFO] 2019-03-04 17:27:38,614: Task Runner: Completed Event 'on_ready'
[rosout][INFO] 2019-03-04 17:27:51,634: Task Runner: Starting Event 'on_arm'
[rosout][INFO] 2019-03-04 17:27:51,692: Task Runner: Event 'on_arm' Task 'Tx Power' Time 0.1s: Succeeded
[rosout][INFO] 2019-03-04 17:27:51,695: Task Runner: Completed Event 'on_arm'
[rosout][INFO] 2019-03-04 17:33:39,204: Task Runner: Starting Event 'on_disarm'
[rosout][INFO] 2019-03-04 17:33:39,205: Task Runner: Completed Event 'on_disarm'
