[rospy.client][INFO] 2012-12-31 16:34:16,437: init_node, name[/autopilot], pid[2833]
[xmlrpc][INFO] 2012-12-31 16:34:16,455: XML-RPC server binding to 0.0.0.0:0
[xmlrpc][INFO] 2012-12-31 16:34:16,456: Started XML-RPC server [http://copter131:60757/]
[rospy.init][INFO] 2012-12-31 16:34:16,457: ROS Slave URI: [http://copter131:60757/]
[rospy.impl.masterslave][INFO] 2012-12-31 16:34:16,459: _ready: http://copter131:60757/
[xmlrpc][INFO] 2012-12-31 16:34:16,474: xml rpc node: starting XML-RPC server
[rospy.registration][INFO] 2012-12-31 16:34:16,484: Registering with master node http://localhost:11311
[rospy.init][INFO] 2012-12-31 16:34:16,560: registered with master
[rospy.rosout][INFO] 2012-12-31 16:34:16,562: initializing /rosout core topic
[rospy.rosout][INFO] 2012-12-31 16:34:16,634: connected to core topic /rosout
[rospy.simtime][INFO] 2012-12-31 16:34:16,692: /use_sim_time is not set, will not subscribe to simulated time [/clock] topic
[rospy.internal][INFO] 2012-12-31 16:34:16,779: topic[/rosout] adding connection to [/rosout], count 0
[rosout][INFO] 2012-12-31 16:34:16,800: MAVLinkBridge: Connecting to /dev/ttyACM99 ...
[rosout][INFO] 2012-12-31 16:34:16,822: MAVLinkBridge: Waiting for autopilot heartbeat ...
[rosout][INFO] 2012-12-31 16:34:17,691: MAVLinkBridge: Waiting for usable SYSTEM_TIME ...
[rosout][INFO] 2019-03-05 07:47:02,784: Successfully synced local clock.
[rosout][INFO] 2019-03-05 07:47:02,787: MAVLinkBridge initialized.
[rospy.internal][INFO] 2019-03-05 07:47:05,876: topic[/autopilot/waypoint_goto] adding connection to [http://copter131:48376/], count 0
[rospy.internal][INFO] 2019-03-05 07:47:05,904: topic[/autopilot/heartbeat_onboard] adding connection to [http://copter131:51748/], count 0
[rospy.internal][INFO] 2019-03-05 07:47:05,961: topic[/autopilot/payload_waypoint] adding connection to [http://copter131:51748/], count 0
[rospy.internal][INFO] 2019-03-05 07:47:06,155: topic[/autopilot/acs_pose] adding connection to [/safety], count 0
[rospy.internal][INFO] 2019-03-05 07:47:06,158: topic[/autopilot/acs_pose] adding connection to [/red_tracker], count 1
[rospy.internal][INFO] 2019-03-05 07:47:06,163: topic[/autopilot/acs_pose] adding connection to [/evader], count 2
[rospy.internal][INFO] 2019-03-05 07:47:06,167: topic[/autopilot/acs_pose] adding connection to [/smart_shooter], count 3
[rospy.internal][INFO] 2019-03-05 07:47:06,173: topic[/autopilot/acs_pose] adding connection to [/swarm_tracker], count 4
[rospy.internal][INFO] 2019-03-05 07:47:06,193: topic[/autopilot/acs_pose] adding connection to [/network], count 5
[rospy.internal][INFO] 2019-03-05 07:47:06,195: topic[/autopilot/acs_pose] adding connection to [/patrol_box], count 6
[rospy.internal][INFO] 2019-03-05 07:47:06,210: topic[/autopilot/acs_pose] adding connection to [/constrained_shooter], count 7
[rospy.internal][INFO] 2019-03-05 07:47:06,273: topic[/autopilot/acs_pose] adding connection to [/greedy_shooter], count 8
[rospy.internal][INFO] 2019-03-05 07:47:06,283: topic[/autopilot/waypoint_goto] adding connection to [http://copter131:50019/], count 1
[rospy.internal][INFO] 2019-03-05 07:47:06,288: topic[/autopilot/waypoint_goto] adding connection to [http://copter131:56910/], count 1
[rospy.internal][INFO] 2019-03-05 07:47:06,334: topic[/autopilot/acs_pose] adding connection to [/wingman], count 9
[rospy.internal][INFO] 2019-03-05 07:47:06,361: topic[/autopilot/acs_pose] adding connection to [/tactic_interface], count 10
[rospy.internal][INFO] 2019-03-05 07:47:06,404: topic[/autopilot/acs_pose] adding connection to [/patrol_box_shooter], count 11
[rospy.internal][INFO] 2019-03-05 07:47:06,526: topic[/autopilot/waypoint_goto] adding connection to [http://copter131:53230/], count 3
[rospy.internal][INFO] 2019-03-05 07:47:06,527: topic[/autopilot/waypoint_goto] adding connection to [http://copter131:38891/], count 3
[rospy.internal][INFO] 2019-03-05 07:47:06,533: topic[/autopilot/waypoint_goto] adding connection to [http://copter131:43709/], count 5
[rospy.internal][INFO] 2019-03-05 07:47:06,571: topic[/autopilot/status] adding connection to [/swarm_control], count 0
[rospy.internal][INFO] 2019-03-05 07:47:06,582: topic[/autopilot/status] adding connection to [/linear_formation], count 1
[rospy.internal][INFO] 2019-03-05 07:47:06,588: topic[/autopilot/status] adding connection to [/task_runner], count 2
[rospy.internal][INFO] 2019-03-05 07:47:06,598: topic[/autopilot/status] adding connection to [/swarm_landing_sequencer], count 3
[rospy.internal][INFO] 2019-03-05 07:47:06,609: topic[/autopilot/status] adding connection to [/patrol_box], count 4
[rospy.internal][INFO] 2019-03-05 07:47:06,623: topic[/autopilot/status] adding connection to [/swarm_tracker], count 5
[rospy.internal][INFO] 2019-03-05 07:47:06,629: topic[/autopilot/status] adding connection to [/independent_transit], count 6
[rospy.internal][INFO] 2019-03-05 07:47:06,636: topic[/autopilot/status] adding connection to [/evader], count 7
[rospy.internal][INFO] 2019-03-05 07:47:06,643: topic[/autopilot/status] adding connection to [/tactic_interface], count 8
[rospy.internal][INFO] 2019-03-05 07:47:06,647: topic[/autopilot/status] adding connection to [/pn_interceptor], count 9
[rospy.internal][INFO] 2019-03-05 07:47:06,655: topic[/autopilot/status] adding connection to [/smart_shooter], count 10
[rospy.internal][INFO] 2019-03-05 07:47:06,657: topic[/autopilot/status] adding connection to [/constrained_shooter], count 11
[rospy.internal][INFO] 2019-03-05 07:47:06,658: topic[/autopilot/status] adding connection to [/greedy_shooter], count 12
[rospy.internal][INFO] 2019-03-05 07:47:06,660: topic[/autopilot/status] adding connection to [/simple_ground_attack], count 13
[rospy.internal][INFO] 2019-03-05 07:47:06,661: topic[/autopilot/status] adding connection to [/network], count 14
[rospy.internal][INFO] 2019-03-05 07:47:06,663: topic[/autopilot/status] adding connection to [/wingman], count 15
[rospy.internal][INFO] 2019-03-05 07:47:06,672: topic[/autopilot/status] adding connection to [/patrol_box_shooter], count 16
[rospy.internal][INFO] 2019-03-05 07:47:06,846: topic[/autopilot/mode_num] adding connection to [http://copter131:50118/], count 0
[rospy.internal][INFO] 2019-03-05 07:47:06,850: topic[/autopilot/waypoint_goto] adding connection to [http://copter131:50118/], count 6
[rosout][INFO] 2019-03-05 07:47:06,963: ROS srv recvd: fpr_param_set
[rosout][INFO] 2019-03-05 07:47:15,098: MAVLink STATUSTEXT: EKF2 IMU1 is using GPS
[rosout][INFO] 2019-03-05 07:47:17,310: MAVLink STATUSTEXT: EKF2 IMU0 is using GPS
[rospy.internal][INFO] 2019-03-05 07:59:02,531: topic[/autopilot/heartbeat_ground] adding connection to [http://copter131:59850/], count 0
[rosout][INFO] 2019-03-05 08:01:44,232: ROS srv recvd: fpr_param_setlist
[rosout][INFO] 2019-03-05 08:01:44,274: MAVLink STATUSTEXT: APM:Copter V3.5-dev (f3195c7e)
[rosout][INFO] 2019-03-05 08:01:44,278: MAVLink STATUSTEXT: PX4: 3df5644c NuttX: be6ff61a
[rosout][INFO] 2019-03-05 08:01:44,281: MAVLink STATUSTEXT: Frame: QUAD
[rosout][INFO] 2019-03-05 08:01:44,283: MAVLink STATUSTEXT: PX4v2 003E0023 31355103 33333832
[rosout][INFO] 2019-03-05 08:01:46,957: ROS srv recvd: slave_setup
[rosout][WARNING] 2019-03-05 08:01:48,244: PARAM ALT_HOLD_RTL doesn't exist
[rosout][INFO] 2019-03-05 08:01:48,260: ROS srv recvd: load_rally
[rosout][INFO] 2019-03-05 08:01:48,271: ROS srv recvd: fpr_rally_setall
[rosout][INFO] 2019-03-05 08:01:54,490: ROS srv recvd: load_wp
[rosout][INFO] 2019-03-05 08:01:54,504: ROS srv recvd: wp_setall
[rosout][INFO] 2019-03-05 08:01:56,049: MAVLink STATUSTEXT: Flight plan received
[rospy.internal][INFO] 2019-03-05 08:01:56,223: topic[/autopilot/waypoint_goto] adding connection to [http://copter131:59850/], count 7
[rosout][INFO] 2019-03-05 08:01:56,226: ROS sub recvd: waypoint_goto
[rosout][INFO] 2019-03-05 08:01:56,582: ROS srv recvd: wp_getrange
[rosout][INFO] 2019-03-05 08:02:45,341: ROS srv recvd: slave_setup
