[rospy.client][INFO] 2019-03-05 07:47:03,934: init_node, name[/constrained_shooter], pid[3119]
[xmlrpc][INFO] 2019-03-05 07:47:03,939: XML-RPC server binding to 0.0.0.0:0
[rospy.init][INFO] 2019-03-05 07:47:03,941: ROS Slave URI: [http://copter131:47452/]
[xmlrpc][INFO] 2019-03-05 07:47:03,941: Started XML-RPC server [http://copter131:47452/]
[rospy.impl.masterslave][INFO] 2019-03-05 07:47:03,942: _ready: http://copter131:47452/
[xmlrpc][INFO] 2019-03-05 07:47:03,942: xml rpc node: starting XML-RPC server
[rospy.registration][INFO] 2019-03-05 07:47:03,944: Registering with master node http://localhost:11311
[rospy.init][INFO] 2019-03-05 07:47:04,042: registered with master
[rospy.rosout][INFO] 2019-03-05 07:47:04,042: initializing /rosout core topic
[rospy.rosout][INFO] 2019-03-05 07:47:04,067: connected to core topic /rosout
[rospy.simtime][INFO] 2019-03-05 07:47:04,086: /use_sim_time is not set, will not subscribe to simulated time [/clock] topic
[rospy.internal][INFO] 2019-03-05 07:47:04,371: topic[/rosout] adding connection to [/rosout], count 0
[rospy.internal][INFO] 2019-03-05 07:47:05,224: topic[/network/send_swarm_behavior_data] adding connection to [/network], count 0
[rospy.internal][INFO] 2019-03-05 07:47:05,252: topic[/safety/payload_waypoint] adding connection to [/safety], count 0
[rospy.internal][INFO] 2019-03-05 07:47:06,196: topic[/autopilot/acs_pose] adding connection to [http://copter131:60757/], count 0
[rospy.internal][INFO] 2019-03-05 07:47:06,306: topic[/hit_tracker/hit_uavs] adding connection to [http://copter131:36132/], count 0
[rospy.internal][INFO] 2019-03-05 07:47:06,363: topic[/air_to_air/firing_reports] adding connection to [/network], count 0
[rospy.internal][INFO] 2019-03-05 07:47:06,560: topic[/swarm_control/behavior_status] adding connection to [/swarm_control], count 0
[rospy.internal][INFO] 2019-03-05 07:47:06,641: topic[/autopilot/status] adding connection to [http://copter131:60757/], count 0
[rospy.internal][INFO] 2019-03-05 07:47:06,828: topic[/swarm_control/ap_intent] adding connection to [http://copter131:50118/], count 0
[rospy.internal][INFO] 2019-03-05 07:47:07,805: topic[/swarm_control/subswarm_id] adding connection to [http://copter131:50118/], count 0
