[rospy.client][INFO] 2019-03-05 07:47:03,652: init_node, name[/smart_shooter], pid[3106]
[xmlrpc][INFO] 2019-03-05 07:47:03,672: XML-RPC server binding to 0.0.0.0:0
[xmlrpc][INFO] 2019-03-05 07:47:03,673: Started XML-RPC server [http://copter131:45419/]
[rospy.init][INFO] 2019-03-05 07:47:03,673: ROS Slave URI: [http://copter131:45419/]
[rospy.impl.masterslave][INFO] 2019-03-05 07:47:03,674: _ready: http://copter131:45419/
[xmlrpc][INFO] 2019-03-05 07:47:03,692: xml rpc node: starting XML-RPC server
[rospy.registration][INFO] 2019-03-05 07:47:03,694: Registering with master node http://localhost:11311
[rospy.init][INFO] 2019-03-05 07:47:03,775: registered with master
[rospy.rosout][INFO] 2019-03-05 07:47:03,776: initializing /rosout core topic
[rospy.rosout][INFO] 2019-03-05 07:47:04,785: connected to core topic /rosout
[rospy.simtime][INFO] 2019-03-05 07:47:04,790: /use_sim_time is not set, will not subscribe to simulated time [/clock] topic
[rospy.internal][INFO] 2019-03-05 07:47:04,937: topic[/network/send_swarm_behavior_data] adding connection to [/network], count 0
[rospy.internal][INFO] 2019-03-05 07:47:04,998: topic[/rosout] adding connection to [/rosout], count 0
[rospy.internal][INFO] 2019-03-05 07:47:05,109: topic[/safety/payload_waypoint] adding connection to [/safety], count 0
[rospy.internal][INFO] 2019-03-05 07:47:06,143: topic[/autopilot/acs_pose] adding connection to [http://copter131:60757/], count 0
[rospy.internal][INFO] 2019-03-05 07:47:06,205: topic[/hit_tracker/hit_uavs] adding connection to [http://copter131:36132/], count 0
[rospy.internal][INFO] 2019-03-05 07:47:06,246: topic[/air_to_air/firing_reports] adding connection to [/network], count 0
[rospy.internal][INFO] 2019-03-05 07:47:06,549: topic[/swarm_control/behavior_status] adding connection to [/swarm_control], count 0
[rospy.internal][INFO] 2019-03-05 07:47:06,638: topic[/autopilot/status] adding connection to [http://copter131:60757/], count 0
[rospy.internal][INFO] 2019-03-05 07:47:07,802: topic[/swarm_control/subswarm_id] adding connection to [http://copter131:50118/], count 0
[rospy.internal][INFO] 2019-03-05 07:47:07,818: topic[/swarm_control/ap_intent] adding connection to [http://copter131:50118/], count 0
