[rospy.client][INFO] 2012-12-31 16:00:16,009: init_node, name[/safety], pid[2806]
[xmlrpc][INFO] 2012-12-31 16:00:16,034: XML-RPC server binding to 0.0.0.0:0
[xmlrpc][INFO] 2012-12-31 16:00:16,036: Started XML-RPC server [http://copter131:44685/]
[rospy.init][INFO] 2012-12-31 16:00:16,036: ROS Slave URI: [http://copter131:44685/]
[rospy.impl.masterslave][INFO] 2012-12-31 16:00:16,037: _ready: http://copter131:44685/
[xmlrpc][INFO] 2012-12-31 16:00:16,042: xml rpc node: starting XML-RPC server
[rospy.registration][INFO] 2012-12-31 16:00:16,050: Registering with master node http://localhost:11311
[rospy.init][INFO] 2012-12-31 16:00:16,138: registered with master
[rospy.rosout][INFO] 2012-12-31 16:00:16,139: initializing /rosout core topic
[rospy.rosout][INFO] 2012-12-31 16:00:16,166: connected to core topic /rosout
[rospy.simtime][INFO] 2012-12-31 16:00:16,193: /use_sim_time is not set, will not subscribe to simulated time [/clock] topic
[rospy.internal][INFO] 2012-12-31 16:00:16,394: topic[/rosout] adding connection to [/rosout], count 0
[rospy.internal][INFO] 2019-03-07 07:07:03,634: topic[/safety/payload_waypoint] adding connection to [http://copter131:49498/], count 0
[rospy.internal][INFO] 2019-03-07 07:07:03,751: topic[/safety/payload_waypoint] adding connection to [http://copter131:56567/], count 1
[rospy.internal][INFO] 2019-03-07 07:07:03,762: topic[/safety/payload_waypoint] adding connection to [http://copter131:57386/], count 2
[rospy.internal][INFO] 2019-03-07 07:07:03,771: topic[/safety/payload_waypoint] adding connection to [http://copter131:55989/], count 3
[rospy.internal][INFO] 2019-03-07 07:07:03,822: topic[/safety/payload_waypoint] adding connection to [http://copter131:46945/], count 4
[rospy.internal][INFO] 2019-03-07 07:07:03,940: topic[/safety/payload_waypoint] adding connection to [http://copter131:35497/], count 5
[rospy.internal][INFO] 2019-03-07 07:07:04,068: topic[/safety/payload_waypoint] adding connection to [http://copter131:55372/], count 6
[rospy.internal][INFO] 2019-03-07 07:07:04,435: topic[/safety/payload_waypoint] adding connection to [http://copter131:49486/], count 7
[rospy.internal][INFO] 2019-03-07 07:07:04,610: topic[/autopilot/heartbeat_onboard] adding connection to [/autopilot], count 0
[rospy.internal][INFO] 2019-03-07 07:07:04,665: topic[/safety/payload_waypoint] adding connection to [http://copter131:39601/], count 8
[rospy.internal][INFO] 2019-03-07 07:07:04,747: topic[/autopilot/payload_waypoint] adding connection to [/autopilot], count 0
[rospy.internal][INFO] 2019-03-07 07:07:04,988: topic[/safety/payload_waypoint] adding connection to [http://copter131:55075/], count 9
[rospy.internal][INFO] 2019-03-07 07:07:04,989: topic[/safety/payload_waypoint] adding connection to [http://copter131:56600/], count 10
[rospy.internal][INFO] 2019-03-07 07:07:05,334: topic[/autopilot/acs_pose] adding connection to [http://copter131:44888/], count 0
[rosout][WARNING] 2019-03-07 07:07:05,425: establishing proxies for ROS /autopliot/ services
[rospy.internal][INFO] 2019-03-07 07:07:05,430: topic[/safety/payload_rate] adding connection to [http://copter131:49309/], count 0
[rospy.internal][INFO] 2019-03-07 07:07:05,514: topic[/safety/payload_waypoint] adding connection to [http://copter131:49309/], count 11
[rospy.internal][INFO] 2019-03-07 07:07:05,728: topic[/swarm_tracker/swarm_uav_states] adding connection to [http://copter131:37138/], count 0
[rospy.internal][INFO] 2019-03-07 07:07:06,470: topic[/safety/payload_waypoint] adding connection to [http://copter131:48637/], count 12
