[rospy.client][INFO] 2012-12-31 16:00:18,583: init_node, name[/autopilot], pid[2813]
[xmlrpc][INFO] 2012-12-31 16:00:18,605: XML-RPC server binding to 0.0.0.0:0
[xmlrpc][INFO] 2012-12-31 16:00:18,606: Started XML-RPC server [http://copter131:53923/]
[rospy.init][INFO] 2012-12-31 16:00:18,607: ROS Slave URI: [http://copter131:53923/]
[rospy.impl.masterslave][INFO] 2012-12-31 16:00:18,607: _ready: http://copter131:53923/
[xmlrpc][INFO] 2012-12-31 16:00:18,624: xml rpc node: starting XML-RPC server
[rospy.registration][INFO] 2012-12-31 16:00:18,630: Registering with master node http://localhost:11311
[rospy.init][INFO] 2012-12-31 16:00:18,708: registered with master
[rospy.rosout][INFO] 2012-12-31 16:00:18,709: initializing /rosout core topic
[rospy.rosout][INFO] 2012-12-31 16:00:18,767: connected to core topic /rosout
[rospy.simtime][INFO] 2012-12-31 16:00:18,867: /use_sim_time is not set, will not subscribe to simulated time [/clock] topic
[rosout][INFO] 2012-12-31 16:00:19,035: MAVLinkBridge: Connecting to /dev/ttyACM99 ...
[rosout][INFO] 2012-12-31 16:00:19,056: MAVLinkBridge: Waiting for autopilot heartbeat ...
[rospy.internal][INFO] 2012-12-31 16:00:19,072: topic[/rosout] adding connection to [/rosout], count 0
[rosout][INFO] 2012-12-31 16:00:19,554: MAVLinkBridge: Waiting for usable SYSTEM_TIME ...
[rosout][INFO] 2019-03-05 08:20:40,078: Successfully synced local clock.
[rosout][INFO] 2019-03-05 08:20:40,080: MAVLinkBridge initialized.
[rospy.internal][INFO] 2019-03-05 08:20:40,180: topic[/autopilot/waypoint_goto] adding connection to [http://copter131:58382/], count 0
[rospy.internal][INFO] 2019-03-05 08:20:40,219: topic[/autopilot/heartbeat_ground] adding connection to [http://copter131:38521/], count 0
[rospy.internal][INFO] 2019-03-05 08:20:40,220: topic[/autopilot/heartbeat_onboard] adding connection to [http://copter131:56981/], count 0
[rospy.internal][INFO] 2019-03-05 08:20:40,268: topic[/autopilot/payload_waypoint] adding connection to [http://copter131:56981/], count 0
[rospy.internal][INFO] 2019-03-05 08:20:40,437: topic[/autopilot/status] adding connection to [/patrol_box], count 0
[rospy.internal][INFO] 2019-03-05 08:20:40,468: topic[/autopilot/status] adding connection to [/evader], count 1
[rospy.internal][INFO] 2019-03-05 08:20:40,472: topic[/autopilot/status] adding connection to [/pn_interceptor], count 2
[rospy.internal][INFO] 2019-03-05 08:20:40,479: topic[/autopilot/status] adding connection to [/simple_ground_attack], count 3
[rospy.internal][INFO] 2019-03-05 08:20:40,487: topic[/autopilot/status] adding connection to [/task_runner], count 4
[rospy.internal][INFO] 2019-03-05 08:20:40,492: topic[/autopilot/status] adding connection to [/patrol_box_shooter], count 5
[rospy.internal][INFO] 2019-03-05 08:20:40,494: topic[/autopilot/status] adding connection to [/swarm_tracker], count 6
[rospy.internal][INFO] 2019-03-05 08:20:40,496: topic[/autopilot/status] adding connection to [/swarm_landing_sequencer], count 7
[rospy.internal][INFO] 2019-03-05 08:20:40,499: topic[/autopilot/status] adding connection to [/wingman], count 8
[rospy.internal][INFO] 2019-03-05 08:20:40,508: topic[/autopilot/status] adding connection to [/smart_shooter], count 9
[rospy.internal][INFO] 2019-03-05 08:20:40,514: topic[/autopilot/status] adding connection to [/greedy_shooter], count 10
[rospy.internal][INFO] 2019-03-05 08:20:40,517: topic[/autopilot/status] adding connection to [/independent_transit], count 11
[rospy.internal][INFO] 2019-03-05 08:20:40,519: topic[/autopilot/status] adding connection to [/network], count 12
[rospy.internal][INFO] 2019-03-05 08:20:40,521: topic[/autopilot/status] adding connection to [/constrained_shooter], count 13
[rospy.internal][INFO] 2019-03-05 08:20:40,628: topic[/autopilot/waypoint_goto] adding connection to [http://copter131:39577/], count 1
[rospy.internal][INFO] 2019-03-05 08:20:40,676: topic[/autopilot/status] adding connection to [/linear_formation], count 14
[rospy.internal][INFO] 2019-03-05 08:20:40,751: topic[/autopilot/waypoint_goto] adding connection to [http://copter131:54772/], count 2
[rospy.internal][INFO] 2019-03-05 08:20:40,753: topic[/autopilot/waypoint_goto] adding connection to [http://copter131:36143/], count 3
[rospy.internal][INFO] 2019-03-05 08:20:40,757: topic[/autopilot/waypoint_goto] adding connection to [http://copter131:48765/], count 4
[rosout][INFO] 2019-03-05 08:20:40,814: ROS srv recvd: fpr_param_set
[rospy.internal][INFO] 2019-03-05 08:20:40,832: topic[/autopilot/acs_pose] adding connection to [/safety], count 0
[rospy.internal][INFO] 2019-03-05 08:20:40,855: topic[/autopilot/acs_pose] adding connection to [/patrol_box], count 1
[rospy.internal][INFO] 2019-03-05 08:20:40,857: topic[/autopilot/acs_pose] adding connection to [/swarm_tracker], count 2
[rospy.internal][INFO] 2019-03-05 08:20:40,860: topic[/autopilot/acs_pose] adding connection to [/red_tracker], count 3
[rospy.internal][INFO] 2019-03-05 08:20:40,876: topic[/autopilot/acs_pose] adding connection to [/evader], count 4
[rospy.internal][INFO] 2019-03-05 08:20:40,878: topic[/autopilot/acs_pose] adding connection to [/constrained_shooter], count 5
[rospy.internal][INFO] 2019-03-05 08:20:40,888: topic[/autopilot/acs_pose] adding connection to [/network], count 6
[rospy.internal][INFO] 2019-03-05 08:20:40,891: topic[/autopilot/acs_pose] adding connection to [/smart_shooter], count 7
[rospy.internal][INFO] 2019-03-05 08:20:40,894: topic[/autopilot/acs_pose] adding connection to [/wingman], count 8
[rospy.internal][INFO] 2019-03-05 08:20:40,909: topic[/autopilot/acs_pose] adding connection to [/patrol_box_shooter], count 9
[rospy.internal][INFO] 2019-03-05 08:20:41,463: topic[/autopilot/status] adding connection to [/tactic_interface], count 15
[rospy.internal][INFO] 2019-03-05 08:20:41,464: topic[/autopilot/acs_pose] adding connection to [/tactic_interface], count 10
[rospy.internal][INFO] 2019-03-05 08:20:41,496: topic[/autopilot/acs_pose] adding connection to [/greedy_shooter], count 11
[rospy.internal][INFO] 2019-03-05 08:20:41,619: topic[/autopilot/status] adding connection to [/swarm_control], count 16
[rospy.internal][INFO] 2019-03-05 08:20:41,625: topic[/autopilot/waypoint_goto] adding connection to [http://copter131:44766/], count 5
[rospy.internal][INFO] 2019-03-05 08:20:41,814: topic[/autopilot/mode_num] adding connection to [http://copter131:60713/], count 0
[rospy.internal][INFO] 2019-03-05 08:20:41,820: topic[/autopilot/waypoint_goto] adding connection to [http://copter131:60713/], count 6
[rosout][INFO] 2019-03-05 08:20:52,705: MAVLink STATUSTEXT: u-blox 0 HW: 00040007 SW: 7.03 (45970)
[rosout][INFO] 2019-03-05 08:21:49,208: ROS srv recvd: fpr_param_setlist
[rosout][INFO] 2019-03-05 08:21:49,255: MAVLink STATUSTEXT: APM:Copter V3.5-dev (f3195c7e)
[rosout][INFO] 2019-03-05 08:21:49,261: MAVLink STATUSTEXT: PX4: 3df5644c NuttX: be6ff61a
[rosout][INFO] 2019-03-05 08:21:49,266: MAVLink STATUSTEXT: Frame: QUAD
[rosout][INFO] 2019-03-05 08:21:49,270: MAVLink STATUSTEXT: PX4v2 003E0023 31355103 33333832
[rosout][INFO] 2019-03-05 08:21:51,436: ROS srv recvd: slave_setup
[rosout][WARNING] 2019-03-05 08:21:53,219: PARAM ALT_HOLD_RTL doesn't exist
[rosout][INFO] 2019-03-05 08:21:53,235: ROS srv recvd: load_rally
[rosout][INFO] 2019-03-05 08:21:53,247: ROS srv recvd: fpr_rally_setall
[rosout][INFO] 2019-03-05 08:21:59,475: ROS srv recvd: load_wp
[rosout][INFO] 2019-03-05 08:21:59,488: ROS srv recvd: wp_setall
[rosout][INFO] 2019-03-05 08:22:01,063: MAVLink STATUSTEXT: Flight plan received
[rospy.internal][INFO] 2019-03-05 08:22:01,178: topic[/autopilot/waypoint_goto] adding connection to [http://copter131:38521/], count 7
[rosout][INFO] 2019-03-05 08:22:01,184: ROS sub recvd: waypoint_goto
[rosout][INFO] 2019-03-05 08:22:01,286: ROS srv recvd: wp_getrange
[rosout][INFO] 2019-03-05 08:22:49,343: MAVLink STATUSTEXT: EKF primary changed:1

[rosout][INFO] 2019-03-05 08:23:03,021: MAVLink STATUSTEXT: EKF2 IMU0 Origin set to GPS
[rosout][INFO] 2019-03-05 08:23:03,025: MAVLink STATUSTEXT: EKF2 IMU1 Origin set to GPS
[rosout][INFO] 2019-03-05 08:23:15,652: MAVLink STATUSTEXT: EKF2 IMU1 is using GPS
[rosout][INFO] 2019-03-05 08:23:15,657: MAVLink STATUSTEXT: EKF2 IMU0 is using GPS
[rospy.internal][INFO] 2019-03-05 08:39:23,711: topic[/autopilot/mode_num] adding connection to [http://copter131:38521/], count 1
[rosout][INFO] 2019-03-05 08:39:23,718: Mode settings are for copter.
[rosout][INFO] 2019-03-05 08:39:23,721: Sent mode STABILIZE (0) to autopilot 
[rosout][INFO] 2019-03-05 08:39:23,722: ROS sub recvd: mode_num
[rospy.internal][INFO] 2019-03-05 08:39:26,281: topic[/autopilot/arm] adding connection to [http://copter131:38521/], count 0
[rosout][INFO] 2019-03-05 08:39:26,292: ROS sub recvd: arm
[rosout][INFO] 2019-03-05 08:39:31,186: Mode settings are for copter.
[rosout][INFO] 2019-03-05 08:39:31,187: Sent mode GUIDED (4) to autopilot 
[rosout][INFO] 2019-03-05 08:39:31,188: ROS sub recvd: mode_num
[rospy.internal][INFO] 2019-03-05 08:39:31,701: topic[/autopilot/copter_takeoff] adding connection to [http://copter131:38521/], count 0
[rosout][INFO] 2019-03-05 08:39:31,709: ROS sub recvd: copter_takeoff
[rosout][INFO] 2019-03-05 08:39:36,424: MAVLink STATUSTEXT: EKF2 IMU1 in-flight yaw alignment complete
[rosout][INFO] 2019-03-05 08:39:36,704: Mode settings are for copter.
[rosout][INFO] 2019-03-05 08:39:36,707: Sent mode AUTO (3) to autopilot 
[rosout][INFO] 2019-03-05 08:39:36,710: ROS sub recvd: mode_num
[rosout][INFO] 2019-03-05 08:39:36,927: MAVLink STATUSTEXT: EKF2 IMU0 in-flight yaw alignment complete
[rosout][INFO] 2019-03-05 08:39:42,112: MAVLink STATUSTEXT: Skipping invalid cmd #207
[rosout][INFO] 2019-03-05 08:39:42,419: ROS srv recvd: wp_getrange
[rosout][INFO] 2019-03-05 08:39:48,455: MAVLink STATUSTEXT: Reached command #3
[rosout][INFO] 2019-03-05 08:39:49,436: ROS srv recvd: wp_getrange
[rosout][INFO] 2019-03-05 08:40:11,482: ROS sub recvd: waypoint_goto
[rosout][INFO] 2019-03-05 08:40:11,567: ROS srv recvd: wp_getrange
[rosout][INFO] 2019-03-05 08:40:25,268: ROS srv recvd: wp_getlast
[rosout][INFO] 2019-03-05 08:40:26,479: ROS srv recvd: wp_getlast
[rosout][INFO] 2019-03-05 08:40:26,769: ROS sub recvd: waypoint_goto
[rosout][INFO] 2019-03-05 08:40:27,639: ROS srv recvd: wp_getrange
[rosout][INFO] 2019-03-05 08:45:22,440: ROS sub recvd: waypoint_goto
[rosout][INFO] 2019-03-05 08:45:22,452: MAVLink STATUSTEXT: Skipping invalid cmd #189
[rosout][INFO] 2019-03-05 08:45:22,924: Mode settings are for copter.
[rosout][INFO] 2019-03-05 08:45:22,929: Sent mode GUIDED (4) to autopilot 
[rosout][INFO] 2019-03-05 08:45:22,932: ROS sub recvd: mode_num
[rosout][INFO] 2019-03-05 08:45:23,348: ROS srv recvd: wp_getrange
[rosout][INFO] 2019-03-05 08:45:23,444: Mode settings are for copter.
[rosout][INFO] 2019-03-05 08:45:23,451: Sent mode GUIDED (4) to autopilot 
[rosout][INFO] 2019-03-05 08:45:23,456: ROS sub recvd: mode_num
[rosout][INFO] 2019-03-05 08:45:23,924: ROS sub recvd: copter_takeoff
[rosout][INFO] 2019-03-05 08:45:29,016: Mode settings are for copter.
[rosout][INFO] 2019-03-05 08:45:29,022: Sent mode AUTO (3) to autopilot 
[rosout][INFO] 2019-03-05 08:45:29,025: ROS sub recvd: mode_num
[rosout][INFO] 2019-03-05 08:46:07,053: MAVLink STATUSTEXT: Reached command #21
[rosout][INFO] 2019-03-05 08:46:07,057: MAVLink STATUSTEXT: Skipping invalid cmd #207
[rosout][INFO] 2019-03-05 08:46:07,607: ROS srv recvd: wp_getrange
[rosout][INFO] 2019-03-05 08:46:10,970: MAVLink STATUSTEXT: Reached command #23
[rosout][INFO] 2019-03-05 08:46:11,625: ROS srv recvd: wp_getrange
[rosout][INFO] 2019-03-05 08:46:14,572: MAVLink STATUSTEXT: Reached command #25
[rosout][INFO] 2019-03-05 08:46:14,662: ROS srv recvd: wp_getrange
[rosout][INFO] 2019-03-05 08:46:53,889: ROS srv recvd: wp_getrange
[rosout][INFO] 2019-03-05 09:31:31,696: ROS srv recvd: slave_setup
