[rospy.client][INFO] 2012-12-31 16:00:20,740: init_node, name[/constrained_shooter], pid[3053]
[xmlrpc][INFO] 2012-12-31 16:00:20,744: XML-RPC server binding to 0.0.0.0:0
[xmlrpc][INFO] 2012-12-31 16:00:20,745: Started XML-RPC server [http://copter131:37518/]
[rospy.impl.masterslave][INFO] 2012-12-31 16:00:20,745: _ready: http://copter131:37518/
[rospy.init][INFO] 2012-12-31 16:00:20,746: ROS Slave URI: [http://copter131:37518/]
[xmlrpc][INFO] 2012-12-31 16:00:20,746: xml rpc node: starting XML-RPC server
[rospy.registration][INFO] 2012-12-31 16:00:20,747: Registering with master node http://localhost:11311
[rospy.init][INFO] 2012-12-31 16:00:20,846: registered with master
[rospy.rosout][INFO] 2012-12-31 16:00:20,847: initializing /rosout core topic
[rospy.rosout][INFO] 2012-12-31 16:00:21,854: connected to core topic /rosout
[rospy.simtime][INFO] 2012-12-31 16:00:21,861: /use_sim_time is not set, will not subscribe to simulated time [/clock] topic
[rospy.internal][INFO] 2012-12-31 16:00:22,040: topic[/safety/payload_waypoint] adding connection to [/safety], count 0
[rospy.internal][INFO] 2012-12-31 16:00:22,090: topic[/rosout] adding connection to [/rosout], count 0
[rospy.internal][INFO] 2012-12-31 16:00:22,736: topic[/network/send_swarm_behavior_data] adding connection to [/network], count 0
[rospy.internal][INFO] 2019-03-05 08:20:40,509: topic[/autopilot/status] adding connection to [http://copter131:53923/], count 0
[rospy.internal][INFO] 2019-03-05 08:20:40,608: topic[/hit_tracker/hit_uavs] adding connection to [http://copter131:58640/], count 0
[rospy.internal][INFO] 2019-03-05 08:20:40,734: topic[/air_to_air/firing_reports] adding connection to [/network], count 0
[rospy.internal][INFO] 2019-03-05 08:20:40,875: topic[/autopilot/acs_pose] adding connection to [http://copter131:53923/], count 0
[rospy.internal][INFO] 2019-03-05 08:20:41,592: topic[/swarm_control/behavior_status] adding connection to [/swarm_control], count 0
[rospy.internal][INFO] 2019-03-05 08:20:41,769: topic[/swarm_control/subswarm_id] adding connection to [http://copter131:60713/], count 0
[rospy.internal][INFO] 2019-03-05 08:20:42,784: topic[/swarm_control/ap_intent] adding connection to [http://copter131:60713/], count 0
[rosout][INFO] 2019-03-05 08:40:26,666: constrained_shooter activate request False returned False
[rosout][INFO] 2019-03-05 08:45:23,470: constrained_shooter activate request False returned False
[rosout][INFO] 2019-03-05 08:45:23,597: constrained_shooter activate request False returned False
[rosout][INFO] 2019-03-05 09:31:30,713: constrained_shooter activate request False returned False
