[rospy.client][INFO] 2012-12-31 16:00:21,429: init_node, name[/evader], pid[3136]
[xmlrpc][INFO] 2012-12-31 16:00:21,430: XML-RPC server binding to 0.0.0.0:0
[xmlrpc][INFO] 2012-12-31 16:00:21,431: Started XML-RPC server [http://copter131:35585/]
[rospy.init][INFO] 2012-12-31 16:00:21,432: ROS Slave URI: [http://copter131:35585/]
[rospy.impl.masterslave][INFO] 2012-12-31 16:00:21,432: _ready: http://copter131:35585/
[xmlrpc][INFO] 2012-12-31 16:00:21,437: xml rpc node: starting XML-RPC server
[rospy.registration][INFO] 2012-12-31 16:00:21,438: Registering with master node http://localhost:11311
[rospy.init][INFO] 2012-12-31 16:00:21,532: registered with master
[rospy.rosout][INFO] 2012-12-31 16:00:21,533: initializing /rosout core topic
[rospy.rosout][INFO] 2012-12-31 16:00:21,548: connected to core topic /rosout
[rospy.simtime][INFO] 2012-12-31 16:00:21,561: /use_sim_time is not set, will not subscribe to simulated time [/clock] topic
[rospy.internal][INFO] 2012-12-31 16:00:21,664: topic[/safety/payload_waypoint] adding connection to [/safety], count 0
[rospy.internal][INFO] 2012-12-31 16:00:21,727: topic[/hit_tracker/hit_uavs] adding connection to [http://copter131:58640/], count 0
[rospy.internal][INFO] 2012-12-31 16:00:21,763: topic[/rosout] adding connection to [/rosout], count 0
[rospy.internal][INFO] 2012-12-31 16:00:22,726: topic[/network/send_swarm_behavior_data] adding connection to [/network], count 0
[rospy.internal][INFO] 2019-03-05 08:20:40,459: topic[/autopilot/status] adding connection to [http://copter131:53923/], count 0
[rospy.internal][INFO] 2019-03-05 08:20:40,872: topic[/autopilot/acs_pose] adding connection to [http://copter131:53923/], count 0
[rospy.internal][INFO] 2019-03-05 08:20:41,581: topic[/swarm_control/behavior_status] adding connection to [/swarm_control], count 0
[rospy.internal][INFO] 2019-03-05 08:20:41,772: topic[/swarm_control/subswarm_id] adding connection to [http://copter131:60713/], count 0
[rospy.internal][INFO] 2019-03-05 08:20:42,770: topic[/swarm_control/ap_intent] adding connection to [http://copter131:60713/], count 0
[rosout][INFO] 2019-03-05 08:40:26,717: evader activate request False returned False
[rosout][INFO] 2019-03-05 08:45:23,516: evader activate request False returned False
[rosout][INFO] 2019-03-05 08:45:23,651: evader activate request False returned False
[rosout][INFO] 2019-03-05 09:31:30,748: evader activate request False returned False
