[rospy.client][INFO] 2012-12-31 16:00:19,772: init_node, name[/independent_transit], pid[2913]
[xmlrpc][INFO] 2012-12-31 16:00:19,773: XML-RPC server binding to 0.0.0.0:0
[rospy.init][INFO] 2012-12-31 16:00:19,775: ROS Slave URI: [http://copter131:45595/]
[xmlrpc][INFO] 2012-12-31 16:00:19,775: Started XML-RPC server [http://copter131:45595/]
[rospy.impl.masterslave][INFO] 2012-12-31 16:00:19,776: _ready: http://copter131:45595/
[xmlrpc][INFO] 2012-12-31 16:00:19,809: xml rpc node: starting XML-RPC server
[rospy.registration][INFO] 2012-12-31 16:00:19,820: Registering with master node http://localhost:11311
[rospy.init][INFO] 2012-12-31 16:00:19,876: registered with master
[rospy.rosout][INFO] 2012-12-31 16:00:19,876: initializing /rosout core topic
[rospy.rosout][INFO] 2012-12-31 16:00:22,887: connected to core topic /rosout
[rospy.simtime][INFO] 2012-12-31 16:00:22,890: /use_sim_time is not set, will not subscribe to simulated time [/clock] topic
[rospy.internal][INFO] 2012-12-31 16:00:22,968: topic[/safety/payload_waypoint] adding connection to [/safety], count 0
[rospy.internal][INFO] 2012-12-31 16:00:23,065: topic[/network/send_swarm_behavior_data] adding connection to [/network], count 0
[rospy.internal][INFO] 2012-12-31 16:00:23,138: topic[/rosout] adding connection to [/rosout], count 0
[rospy.internal][INFO] 2019-03-05 08:20:40,515: topic[/autopilot/status] adding connection to [http://copter131:53923/], count 0
[rospy.internal][INFO] 2019-03-05 08:20:41,616: topic[/swarm_control/behavior_status] adding connection to [/swarm_control], count 0
[rospy.internal][INFO] 2019-03-05 08:20:41,736: topic[/swarm_control/subswarm_id] adding connection to [http://copter131:60713/], count 0
[rospy.internal][INFO] 2019-03-05 08:20:41,810: topic[/swarm_control/ap_intent] adding connection to [http://copter131:60713/], count 0
[rosout][INFO] 2019-03-05 08:40:26,642: independent_transit activate request False returned False
[rosout][INFO] 2019-03-05 08:45:23,433: independent_transit activate request False returned False
[rosout][INFO] 2019-03-05 08:45:23,578: independent_transit activate request False returned False
[rosout][INFO] 2019-03-05 09:31:30,700: independent_transit activate request False returned False
