[rospy.client][INFO] 2012-12-31 16:00:20,177: init_node, name[/linear_formation], pid[2985]
[xmlrpc][INFO] 2012-12-31 16:00:20,179: XML-RPC server binding to 0.0.0.0:0
[rospy.init][INFO] 2012-12-31 16:00:20,181: ROS Slave URI: [http://copter131:36143/]
[xmlrpc][INFO] 2012-12-31 16:00:20,181: Started XML-RPC server [http://copter131:36143/]
[rospy.impl.masterslave][INFO] 2012-12-31 16:00:20,181: _ready: http://copter131:36143/
[xmlrpc][INFO] 2012-12-31 16:00:20,182: xml rpc node: starting XML-RPC server
[rospy.registration][INFO] 2012-12-31 16:00:20,183: Registering with master node http://localhost:11311
[rospy.init][INFO] 2012-12-31 16:00:20,281: registered with master
[rospy.rosout][INFO] 2012-12-31 16:00:20,282: initializing /rosout core topic
[rospy.rosout][INFO] 2012-12-31 16:00:20,415: connected to core topic /rosout
[rospy.simtime][INFO] 2012-12-31 16:00:20,537: /use_sim_time is not set, will not subscribe to simulated time [/clock] topic
[rospy.internal][INFO] 2012-12-31 16:00:20,700: topic[/rosout] adding connection to [/rosout], count 0
[rospy.internal][INFO] 2012-12-31 16:00:21,181: topic[/safety/payload_waypoint] adding connection to [/safety], count 0
[rospy.internal][INFO] 2012-12-31 16:00:22,700: topic[/network/send_swarm_behavior_data] adding connection to [/network], count 0
[rospy.internal][INFO] 2019-03-05 08:20:40,446: topic[/autopilot/status] adding connection to [http://copter131:53923/], count 0
[rospy.internal][INFO] 2019-03-05 08:20:40,757: topic[/autopilot/waypoint_goto] adding connection to [/autopilot], count 0
[rospy.internal][INFO] 2019-03-05 08:20:41,572: topic[/swarm_control/behavior_status] adding connection to [/swarm_control], count 0
[rospy.internal][INFO] 2019-03-05 08:20:41,711: topic[/swarm_control/subswarm_id] adding connection to [http://copter131:60713/], count 0
[rospy.internal][INFO] 2019-03-05 08:20:41,780: topic[/swarm_control/ap_intent] adding connection to [http://copter131:60713/], count 0
[rosout][INFO] 2019-03-05 08:40:26,598: linear_formation activate request False returned False
[rosout][INFO] 2019-03-05 08:45:23,390: linear_formation activate request False returned False
[rosout][INFO] 2019-03-05 08:45:23,536: linear_formation activate request False returned False
[rosout][INFO] 2019-03-05 09:31:30,673: linear_formation activate request False returned False
