[rospy.client][INFO] 2012-12-31 16:00:19,442: init_node, name[/patrol_box], pid[2927]
[xmlrpc][INFO] 2012-12-31 16:00:19,444: XML-RPC server binding to 0.0.0.0:0
[rospy.init][INFO] 2012-12-31 16:00:19,446: ROS Slave URI: [http://copter131:48432/]
[xmlrpc][INFO] 2012-12-31 16:00:19,447: Started XML-RPC server [http://copter131:48432/]
[rospy.impl.masterslave][INFO] 2012-12-31 16:00:19,447: _ready: http://copter131:48432/
[xmlrpc][INFO] 2012-12-31 16:00:19,470: xml rpc node: starting XML-RPC server
[rospy.registration][INFO] 2012-12-31 16:00:19,472: Registering with master node http://localhost:11311
[rospy.init][INFO] 2012-12-31 16:00:19,547: registered with master
[rospy.rosout][INFO] 2012-12-31 16:00:19,547: initializing /rosout core topic
[rospy.rosout][INFO] 2012-12-31 16:00:20,112: connected to core topic /rosout
[rospy.simtime][INFO] 2012-12-31 16:00:20,191: /use_sim_time is not set, will not subscribe to simulated time [/clock] topic
[rospy.internal][INFO] 2012-12-31 16:00:20,423: topic[/rosout] adding connection to [/rosout], count 0
[rospy.internal][INFO] 2012-12-31 16:00:21,059: topic[/safety/payload_waypoint] adding connection to [/safety], count 0
[rospy.internal][INFO] 2012-12-31 16:00:22,701: topic[/network/send_swarm_behavior_data] adding connection to [/network], count 0
[rospy.internal][INFO] 2019-03-05 08:20:40,432: topic[/autopilot/status] adding connection to [http://copter131:53923/], count 0
[rospy.internal][INFO] 2019-03-05 08:20:40,851: topic[/autopilot/acs_pose] adding connection to [http://copter131:53923/], count 0
[rospy.internal][INFO] 2019-03-05 08:20:41,573: topic[/swarm_control/behavior_status] adding connection to [/swarm_control], count 0
[rospy.internal][INFO] 2019-03-05 08:20:41,732: topic[/swarm_control/subswarm_id] adding connection to [http://copter131:60713/], count 0
[rospy.internal][INFO] 2019-03-05 08:20:41,756: topic[/swarm_control/ap_intent] adding connection to [http://copter131:60713/], count 0
[rosout][INFO] 2019-03-05 08:40:26,686: patrol_box activate request False returned False
[rosout][INFO] 2019-03-05 08:45:23,490: patrol_box activate request False returned False
[rosout][INFO] 2019-03-05 08:45:23,616: patrol_box activate request False returned False
[rosout][INFO] 2019-03-05 09:31:30,727: patrol_box activate request False returned False
