[rospy.client][INFO] 2012-12-31 16:00:21,328: init_node, name[/patrol_box_shooter], pid[3117]
[xmlrpc][INFO] 2012-12-31 16:00:21,329: XML-RPC server binding to 0.0.0.0:0
[xmlrpc][INFO] 2012-12-31 16:00:21,330: Started XML-RPC server [http://copter131:41852/]
[rospy.init][INFO] 2012-12-31 16:00:21,331: ROS Slave URI: [http://copter131:41852/]
[rospy.impl.masterslave][INFO] 2012-12-31 16:00:21,331: _ready: http://copter131:41852/
[rospy.registration][INFO] 2012-12-31 16:00:21,333: Registering with master node http://localhost:11311
[xmlrpc][INFO] 2012-12-31 16:00:21,334: xml rpc node: starting XML-RPC server
[rospy.init][INFO] 2012-12-31 16:00:21,432: registered with master
[rospy.rosout][INFO] 2012-12-31 16:00:21,432: initializing /rosout core topic
[rospy.rosout][INFO] 2012-12-31 16:00:21,445: connected to core topic /rosout
[rospy.simtime][INFO] 2012-12-31 16:00:21,458: /use_sim_time is not set, will not subscribe to simulated time [/clock] topic
[rospy.internal][INFO] 2012-12-31 16:00:21,661: topic[/rosout] adding connection to [/rosout], count 0
[rospy.internal][INFO] 2012-12-31 16:00:21,665: topic[/safety/payload_waypoint] adding connection to [/safety], count 0
[rospy.internal][INFO] 2012-12-31 16:00:22,714: topic[/network/send_swarm_behavior_data] adding connection to [/network], count 0
[rospy.internal][INFO] 2019-03-05 08:20:40,444: topic[/autopilot/status] adding connection to [http://copter131:53923/], count 0
[rospy.internal][INFO] 2019-03-05 08:20:40,692: topic[/hit_tracker/hit_uavs] adding connection to [http://copter131:58640/], count 0
[rospy.internal][INFO] 2019-03-05 08:20:40,758: topic[/air_to_air/firing_reports] adding connection to [/network], count 0
[rospy.internal][INFO] 2019-03-05 08:20:40,907: topic[/autopilot/acs_pose] adding connection to [http://copter131:53923/], count 0
[rospy.internal][INFO] 2019-03-05 08:20:41,579: topic[/swarm_control/behavior_status] adding connection to [/swarm_control], count 0
[rospy.internal][INFO] 2019-03-05 08:20:41,742: topic[/swarm_control/subswarm_id] adding connection to [http://copter131:60713/], count 0
[rospy.internal][INFO] 2019-03-05 08:20:41,982: topic[/swarm_control/ap_intent] adding connection to [http://copter131:60713/], count 0
[rosout][INFO] 2019-03-05 08:40:26,705: patrol_box_shooter activate request False returned False
[rosout][INFO] 2019-03-05 08:45:23,503: patrol_box_shooter activate request False returned False
[rosout][INFO] 2019-03-05 08:45:23,630: patrol_box_shooter activate request False returned False
[rosout][INFO] 2019-03-05 09:31:30,736: patrol_box_shooter activate request False returned False
