[rospy.client][INFO] 2012-12-31 16:00:21,022: init_node, name[/pn_interceptor], pid[3094]
[xmlrpc][INFO] 2012-12-31 16:00:21,039: XML-RPC server binding to 0.0.0.0:0
[xmlrpc][INFO] 2012-12-31 16:00:21,041: Started XML-RPC server [http://copter131:39759/]
[rospy.init][INFO] 2012-12-31 16:00:21,041: ROS Slave URI: [http://copter131:39759/]
[rospy.impl.masterslave][INFO] 2012-12-31 16:00:21,041: _ready: http://copter131:39759/
[xmlrpc][INFO] 2012-12-31 16:00:21,044: xml rpc node: starting XML-RPC server
[rospy.registration][INFO] 2012-12-31 16:00:21,047: Registering with master node http://localhost:11311
[rospy.init][INFO] 2012-12-31 16:00:21,142: registered with master
[rospy.rosout][INFO] 2012-12-31 16:00:21,143: initializing /rosout core topic
[rospy.rosout][INFO] 2012-12-31 16:00:21,160: connected to core topic /rosout
[rospy.simtime][INFO] 2012-12-31 16:00:21,172: /use_sim_time is not set, will not subscribe to simulated time [/clock] topic
[rospy.internal][INFO] 2012-12-31 16:00:21,423: topic[/rosout] adding connection to [/rosout], count 0
[rospy.internal][INFO] 2012-12-31 16:00:21,441: topic[/safety/payload_waypoint] adding connection to [/safety], count 0
[rospy.internal][INFO] 2012-12-31 16:00:22,706: topic[/network/send_swarm_behavior_data] adding connection to [/network], count 0
[rospy.internal][INFO] 2019-03-05 08:20:40,458: topic[/autopilot/status] adding connection to [http://copter131:53923/], count 0
[rospy.internal][INFO] 2019-03-05 08:20:41,577: topic[/swarm_control/behavior_status] adding connection to [/swarm_control], count 0
[rospy.internal][INFO] 2019-03-05 08:20:41,737: topic[/swarm_control/subswarm_id] adding connection to [http://copter131:60713/], count 0
[rospy.internal][INFO] 2019-03-05 08:20:41,793: topic[/swarm_control/ap_intent] adding connection to [http://copter131:60713/], count 0
[rosout][INFO] 2019-03-05 08:40:26,629: pn_interceptor activate request False returned False
[rosout][INFO] 2019-03-05 08:45:23,422: pn_interceptor activate request False returned False
[rosout][INFO] 2019-03-05 08:45:23,570: pn_interceptor activate request False returned False
[rosout][INFO] 2019-03-05 09:31:30,693: pn_interceptor activate request False returned False
