[rospy.client][INFO] 2012-12-31 16:00:20,710: init_node, name[/swarm_landing_sequencer], pid[3008]
[xmlrpc][INFO] 2012-12-31 16:00:20,730: XML-RPC server binding to 0.0.0.0:0
[xmlrpc][INFO] 2012-12-31 16:00:20,731: Started XML-RPC server [http://copter131:39577/]
[rospy.impl.masterslave][INFO] 2012-12-31 16:00:20,731: _ready: http://copter131:39577/
[rospy.init][INFO] 2012-12-31 16:00:20,731: ROS Slave URI: [http://copter131:39577/]
[xmlrpc][INFO] 2012-12-31 16:00:20,741: xml rpc node: starting XML-RPC server
[rospy.registration][INFO] 2012-12-31 16:00:20,743: Registering with master node http://localhost:11311
[rospy.init][INFO] 2012-12-31 16:00:20,833: registered with master
[rospy.rosout][INFO] 2012-12-31 16:00:20,834: initializing /rosout core topic
[rospy.rosout][INFO] 2012-12-31 16:00:21,842: connected to core topic /rosout
[rospy.simtime][INFO] 2012-12-31 16:00:21,845: /use_sim_time is not set, will not subscribe to simulated time [/clock] topic
[rospy.internal][INFO] 2012-12-31 16:00:21,984: topic[/rosout] adding connection to [/rosout], count 0
[rospy.internal][INFO] 2012-12-31 16:00:22,043: topic[/safety/payload_waypoint] adding connection to [/safety], count 0
[rospy.internal][INFO] 2012-12-31 16:00:22,735: topic[/network/send_swarm_behavior_data] adding connection to [/network], count 0
[rospy.internal][INFO] 2019-03-05 08:20:40,471: topic[/autopilot/status] adding connection to [http://copter131:53923/], count 0
[rospy.internal][INFO] 2019-03-05 08:20:40,630: topic[/autopilot/waypoint_goto] adding connection to [/autopilot], count 0
[rospy.internal][INFO] 2019-03-05 08:20:41,599: topic[/swarm_control/behavior_status] adding connection to [/swarm_control], count 0
[rospy.internal][INFO] 2019-03-05 08:20:41,747: topic[/swarm_control/subswarm_id] adding connection to [http://copter131:60713/], count 0
[rospy.internal][INFO] 2019-03-05 08:20:41,798: topic[/swarm_control/ap_intent] adding connection to [http://copter131:60713/], count 0
[rosout][INFO] 2019-03-05 08:40:26,607: swarm_landing_sequencer activate request False returned False
[rosout][INFO] 2019-03-05 08:45:23,399: swarm_landing_sequencer activate request False returned False
[rosout][INFO] 2019-03-05 08:45:23,546: swarm_landing_sequencer activate request False returned False
[rosout][INFO] 2019-03-05 09:31:30,679: swarm_landing_sequencer activate request False returned False
