[rospy.client][INFO] 2012-12-31 16:00:18,912: init_node, name[/task_runner], pid[2858]
[xmlrpc][INFO] 2012-12-31 16:00:18,916: XML-RPC server binding to 0.0.0.0:0
[rospy.init][INFO] 2012-12-31 16:00:18,918: ROS Slave URI: [http://copter131:40691/]
[xmlrpc][INFO] 2012-12-31 16:00:18,918: Started XML-RPC server [http://copter131:40691/]
[rospy.impl.masterslave][INFO] 2012-12-31 16:00:18,919: _ready: http://copter131:40691/
[xmlrpc][INFO] 2012-12-31 16:00:18,920: xml rpc node: starting XML-RPC server
[rospy.registration][INFO] 2012-12-31 16:00:18,921: Registering with master node http://localhost:11311
[rospy.init][INFO] 2012-12-31 16:00:19,019: registered with master
[rospy.rosout][INFO] 2012-12-31 16:00:19,020: initializing /rosout core topic
[rospy.rosout][INFO] 2012-12-31 16:00:19,112: connected to core topic /rosout
[rospy.simtime][INFO] 2012-12-31 16:00:19,245: /use_sim_time is not set, will not subscribe to simulated time [/clock] topic
[rospy.internal][INFO] 2012-12-31 16:00:19,390: topic[/rosout] adding connection to [/rosout], count 0
[rosout][INFO] 2012-12-31 16:00:20,946: Task Runner: Starting Event 'on_start'
[rosout][INFO] 2012-12-31 16:00:21,062: Task Runner: Event 'on_start' Task 'Tx Power' Time 0.1s: Succeeded
[rosout][INFO] 2012-12-31 16:00:21,064: Task Runner: Completed Event 'on_start'
[rospy.internal][INFO] 2019-03-05 08:20:40,438: topic[/autopilot/status] adding connection to [http://copter131:53923/], count 0
[rosout][INFO] 2019-03-05 08:20:40,803: Task Runner: Starting Event 'on_status'
[rosout][INFO] 2019-03-05 08:20:41,017: Task Runner: Event 'on_status' Task 'AP Set ID' Time 0.2s: Succeeded
[rosout][INFO] 2019-03-05 08:20:41,018: Task Runner: Completed Event 'on_status'
[rosout][INFO] 2019-03-05 08:21:39,691: Task Runner: Starting Event 'on_ready'
[rosout][INFO] 2019-03-05 08:21:39,692: Task Runner: Completed Event 'on_ready'
[rosout][INFO] 2019-03-05 08:39:27,351: Task Runner: Starting Event 'on_arm'
[rosout][INFO] 2019-03-05 08:39:27,410: Task Runner: Event 'on_arm' Task 'Tx Power' Time 0.1s: Succeeded
[rosout][INFO] 2019-03-05 08:39:27,412: Task Runner: Completed Event 'on_arm'
[rosout][INFO] 2019-03-05 08:46:53,868: Task Runner: Starting Event 'on_disarm'
[rosout][INFO] 2019-03-05 08:46:53,870: Task Runner: Completed Event 'on_disarm'
