[rospy.client][INFO] 2012-12-31 16:00:20,889: init_node, name[/wingman], pid[3066]
[xmlrpc][INFO] 2012-12-31 16:00:20,890: XML-RPC server binding to 0.0.0.0:0
[rospy.init][INFO] 2012-12-31 16:00:20,893: ROS Slave URI: [http://copter131:54772/]
[xmlrpc][INFO] 2012-12-31 16:00:20,892: Started XML-RPC server [http://copter131:54772/]
[rospy.impl.masterslave][INFO] 2012-12-31 16:00:20,893: _ready: http://copter131:54772/
[xmlrpc][INFO] 2012-12-31 16:00:20,894: xml rpc node: starting XML-RPC server
[rospy.registration][INFO] 2012-12-31 16:00:20,896: Registering with master node http://localhost:11311
[rospy.init][INFO] 2012-12-31 16:00:20,993: registered with master
[rospy.rosout][INFO] 2012-12-31 16:00:20,994: initializing /rosout core topic
[rospy.rosout][INFO] 2012-12-31 16:00:21,044: connected to core topic /rosout
[rospy.simtime][INFO] 2012-12-31 16:00:21,064: /use_sim_time is not set, will not subscribe to simulated time [/clock] topic
[rospy.internal][INFO] 2012-12-31 16:00:21,304: topic[/rosout] adding connection to [/rosout], count 0
[rospy.internal][INFO] 2012-12-31 16:00:21,373: topic[/safety/payload_waypoint] adding connection to [/safety], count 0
[rospy.internal][INFO] 2012-12-31 16:00:22,704: topic[/network/send_swarm_behavior_data] adding connection to [/network], count 0
[rospy.internal][INFO] 2019-03-05 08:20:40,477: topic[/autopilot/status] adding connection to [http://copter131:53923/], count 0
[rospy.internal][INFO] 2019-03-05 08:20:40,623: topic[/hit_tracker/hit_uavs] adding connection to [http://copter131:58640/], count 0
[rospy.internal][INFO] 2019-03-05 08:20:40,740: topic[/air_to_air/firing_reports] adding connection to [/network], count 0
[rospy.internal][INFO] 2019-03-05 08:20:40,756: topic[/autopilot/waypoint_goto] adding connection to [/autopilot], count 0
[rospy.internal][INFO] 2019-03-05 08:20:40,887: topic[/autopilot/acs_pose] adding connection to [http://copter131:53923/], count 0
[rospy.internal][INFO] 2019-03-05 08:20:41,569: topic[/swarm_control/behavior_status] adding connection to [/swarm_control], count 0
[rospy.internal][INFO] 2019-03-05 08:20:41,705: topic[/swarm_control/subswarm_id] adding connection to [http://copter131:60713/], count 0
[rospy.internal][INFO] 2019-03-05 08:20:42,787: topic[/swarm_control/ap_intent] adding connection to [http://copter131:60713/], count 0
[rosout][INFO] 2019-03-05 08:40:26,676: wingman activate request False returned False
[rosout][INFO] 2019-03-05 08:45:23,479: wingman activate request False returned False
[rosout][INFO] 2019-03-05 08:45:23,606: wingman activate request False returned False
[rosout][INFO] 2019-03-05 09:31:30,720: wingman activate request False returned False
