[rospy.client][INFO] 2012-12-31 16:00:17,457: init_node, name[/autopilot], pid[2751]
[xmlrpc][INFO] 2012-12-31 16:00:17,465: XML-RPC server binding to 0.0.0.0:0
[xmlrpc][INFO] 2012-12-31 16:00:17,466: Started XML-RPC server [http://copter131:60153/]
[rospy.impl.masterslave][INFO] 2012-12-31 16:00:17,466: _ready: http://copter131:60153/
[rospy.init][INFO] 2012-12-31 16:00:17,469: ROS Slave URI: [http://copter131:60153/]
[xmlrpc][INFO] 2012-12-31 16:00:17,510: xml rpc node: starting XML-RPC server
[rospy.registration][INFO] 2012-12-31 16:00:17,511: Registering with master node http://localhost:11311
[rospy.init][INFO] 2012-12-31 16:00:17,570: registered with master
[rospy.rosout][INFO] 2012-12-31 16:00:17,571: initializing /rosout core topic
[rospy.rosout][INFO] 2012-12-31 16:00:17,614: connected to core topic /rosout
[rospy.simtime][INFO] 2012-12-31 16:00:17,642: /use_sim_time is not set, will not subscribe to simulated time [/clock] topic
[rosout][INFO] 2012-12-31 16:00:17,784: MAVLinkBridge: Connecting to /dev/ttyACM99 ...
[rosout][INFO] 2012-12-31 16:00:17,800: MAVLinkBridge: Waiting for autopilot heartbeat ...
[rospy.internal][INFO] 2012-12-31 16:00:17,905: topic[/rosout] adding connection to [/rosout], count 0
[rosout][INFO] 2012-12-31 16:00:18,042: MAVLinkBridge: Waiting for usable SYSTEM_TIME ...
[rosout][INFO] 2019-03-27 06:23:25,585: Successfully synced local clock.
[rosout][INFO] 2019-03-27 06:23:25,588: MAVLinkBridge initialized.
[rospy.internal][INFO] 2019-03-27 06:23:27,938: topic[/autopilot/waypoint_goto] adding connection to [http://copter131:37006/], count 0
[rospy.internal][INFO] 2019-03-27 06:23:28,043: topic[/autopilot/heartbeat_onboard] adding connection to [http://copter131:36493/], count 0
[rospy.internal][INFO] 2019-03-27 06:23:28,234: topic[/autopilot/payload_waypoint] adding connection to [http://copter131:36493/], count 0
[rospy.internal][INFO] 2019-03-27 06:23:28,652: topic[/autopilot/acs_pose] adding connection to [/safety], count 0
[rospy.internal][INFO] 2019-03-27 06:23:28,657: topic[/autopilot/acs_pose] adding connection to [/swarm_tracker], count 1
[rospy.internal][INFO] 2019-03-27 06:23:28,661: topic[/autopilot/acs_pose] adding connection to [/greedy_shooter], count 2
[rospy.internal][INFO] 2019-03-27 06:23:28,675: topic[/autopilot/acs_pose] adding connection to [/network], count 3
[rospy.internal][INFO] 2019-03-27 06:23:28,687: topic[/autopilot/acs_pose] adding connection to [/red_tracker], count 4
[rospy.internal][INFO] 2019-03-27 06:23:28,689: topic[/autopilot/acs_pose] adding connection to [/patrol_box], count 5
[rospy.internal][INFO] 2019-03-27 06:23:28,726: topic[/autopilot/acs_pose] adding connection to [/tactic_interface], count 6
[rospy.internal][INFO] 2019-03-27 06:23:28,815: topic[/autopilot/waypoint_goto] adding connection to [http://copter131:36778/], count 1
[rospy.internal][INFO] 2019-03-27 06:23:28,931: topic[/autopilot/waypoint_goto] adding connection to [http://copter131:48709/], count 2
[rospy.internal][INFO] 2019-03-27 06:23:29,054: topic[/autopilot/waypoint_goto] adding connection to [http://copter131:49992/], count 3
[rospy.internal][INFO] 2019-03-27 06:23:29,091: topic[/autopilot/acs_pose] adding connection to [/constrained_shooter], count 7
[rospy.internal][INFO] 2019-03-27 06:23:29,225: topic[/autopilot/acs_pose] adding connection to [/patrol_box_shooter], count 8
[rosout][INFO] 2019-03-27 06:23:29,262: MAVLink STATUSTEXT: EKF2 IMU1 Origin set to GPS
[rosout][INFO] 2019-03-27 06:23:29,267: MAVLink STATUSTEXT: EKF2 IMU0 Origin set to GPS
[rospy.internal][INFO] 2019-03-27 06:23:29,292: topic[/autopilot/waypoint_goto] adding connection to [http://copter131:40078/], count 4
[rospy.internal][INFO] 2019-03-27 06:23:29,311: topic[/autopilot/mode_num] adding connection to [http://copter131:34613/], count 0
[rospy.internal][INFO] 2019-03-27 06:23:29,312: topic[/autopilot/waypoint_goto] adding connection to [http://copter131:34613/], count 5
[rospy.internal][INFO] 2019-03-27 06:23:29,394: topic[/autopilot/status] adding connection to [/pn_interceptor], count 0
[rospy.internal][INFO] 2019-03-27 06:23:29,411: topic[/autopilot/status] adding connection to [/task_runner], count 1
[rospy.internal][INFO] 2019-03-27 06:23:29,419: topic[/autopilot/status] adding connection to [/tactic_interface], count 2
[rospy.internal][INFO] 2019-03-27 06:23:29,429: topic[/autopilot/status] adding connection to [/wingman], count 3
[rospy.internal][INFO] 2019-03-27 06:23:29,434: topic[/autopilot/status] adding connection to [/simple_ground_attack], count 4
[rospy.internal][INFO] 2019-03-27 06:23:29,443: topic[/autopilot/status] adding connection to [/greedy_shooter], count 5
[rospy.internal][INFO] 2019-03-27 06:23:29,448: topic[/autopilot/status] adding connection to [/patrol_box], count 6
[rospy.internal][INFO] 2019-03-27 06:23:29,452: topic[/autopilot/status] adding connection to [/swarm_landing_sequencer], count 7
[rospy.internal][INFO] 2019-03-27 06:23:29,453: topic[/autopilot/status] adding connection to [/linear_formation], count 8
[rospy.internal][INFO] 2019-03-27 06:23:29,455: topic[/autopilot/status] adding connection to [/network], count 9
[rospy.internal][INFO] 2019-03-27 06:23:29,457: topic[/autopilot/status] adding connection to [/constrained_shooter], count 10
[rospy.internal][INFO] 2019-03-27 06:23:29,462: topic[/autopilot/status] adding connection to [/swarm_tracker], count 11
[rospy.internal][INFO] 2019-03-27 06:23:29,463: topic[/autopilot/status] adding connection to [/patrol_box_shooter], count 12
[rospy.internal][INFO] 2019-03-27 06:23:29,465: topic[/autopilot/status] adding connection to [/smart_shooter], count 13
[rospy.internal][INFO] 2019-03-27 06:23:29,466: topic[/autopilot/status] adding connection to [/swarm_control], count 14
[rospy.internal][INFO] 2019-03-27 06:23:29,468: topic[/autopilot/status] adding connection to [/independent_transit], count 15
[rosout][INFO] 2019-03-27 06:23:29,792: ROS srv recvd: fpr_param_set
[rospy.internal][INFO] 2019-03-27 06:23:29,907: topic[/autopilot/acs_pose] adding connection to [/wingman], count 9
[rospy.internal][INFO] 2019-03-27 06:23:29,940: topic[/autopilot/acs_pose] adding connection to [/smart_shooter], count 10
[rospy.internal][INFO] 2019-03-27 06:23:29,959: topic[/autopilot/waypoint_goto] adding connection to [http://copter131:43376/], count 6
[rospy.internal][INFO] 2019-03-27 06:23:30,978: topic[/autopilot/status] adding connection to [/evader], count 16
[rospy.internal][INFO] 2019-03-27 06:23:31,034: topic[/autopilot/acs_pose] adding connection to [/evader], count 11
[rosout][INFO] 2019-03-27 06:31:31,866: ROS srv recvd: fpr_param_setlist
[rosout][INFO] 2019-03-27 06:31:31,921: MAVLink STATUSTEXT: APM:Copter V3.5-dev (f3195c7e)
[rosout][INFO] 2019-03-27 06:31:31,922: MAVLink STATUSTEXT: PX4: 3df5644c NuttX: be6ff61a
[rosout][INFO] 2019-03-27 06:31:31,940: MAVLink STATUSTEXT: Frame: QUAD
[rosout][INFO] 2019-03-27 06:31:31,941: MAVLink STATUSTEXT: PX4v2 003E0023 31355103 33333832
[rosout][INFO] 2019-03-27 06:31:33,194: ROS srv recvd: slave_setup
[rosout][WARNING] 2019-03-27 06:31:35,879: PARAM ALT_HOLD_RTL doesn't exist
[rosout][INFO] 2019-03-27 06:31:35,893: ROS srv recvd: load_rally
[rosout][INFO] 2019-03-27 06:31:35,905: ROS srv recvd: fpr_rally_setall
[rosout][INFO] 2019-03-27 06:31:42,126: ROS srv recvd: load_wp
[rosout][INFO] 2019-03-27 06:31:42,138: ROS srv recvd: wp_setall
[rosout][INFO] 2019-03-27 06:31:43,702: MAVLink STATUSTEXT: Flight plan received
[rospy.internal][INFO] 2019-03-27 06:31:43,878: topic[/autopilot/waypoint_goto] adding connection to [http://copter131:33195/], count 7
[rosout][INFO] 2019-03-27 06:31:43,881: ROS sub recvd: waypoint_goto
[rosout][INFO] 2019-03-27 06:31:44,458: ROS srv recvd: wp_getrange
[rospy.internal][INFO] 2019-03-27 06:32:28,179: topic[/autopilot/mode_num] adding connection to [http://copter131:33195/], count 1
[rosout][INFO] 2019-03-27 06:32:28,186: Mode settings are for copter.
[rosout][INFO] 2019-03-27 06:32:28,188: Sent mode STABILIZE (0) to autopilot 
[rosout][INFO] 2019-03-27 06:32:28,190: ROS sub recvd: mode_num
[rospy.internal][INFO] 2019-03-27 06:32:29,648: topic[/autopilot/arm] adding connection to [http://copter131:33195/], count 0
[rosout][INFO] 2019-03-27 06:32:29,652: ROS sub recvd: arm
[rosout][INFO] 2019-03-27 06:32:37,918: ROS sub recvd: arm
[rosout][INFO] 2019-03-27 06:32:38,268: ROS srv recvd: wp_getrange
[rospy.internal][INFO] 2019-03-27 06:37:15,540: topic[/autopilot/heartbeat_ground] adding connection to [http://copter131:33195/], count 0
[rosout][INFO] 2019-03-27 06:42:03,454: Mode settings are for copter.
[rosout][INFO] 2019-03-27 06:42:03,457: Sent mode STABILIZE (0) to autopilot 
[rosout][INFO] 2019-03-27 06:42:03,458: ROS sub recvd: mode_num
[rosout][INFO] 2019-03-27 06:42:04,843: ROS sub recvd: arm
[rosout][INFO] 2019-03-27 06:42:04,957: ROS sub recvd: arm
[rosout][INFO] 2019-03-27 06:42:07,271: Mode settings are for copter.
[rosout][INFO] 2019-03-27 06:42:07,273: Sent mode GUIDED (4) to autopilot 
[rosout][INFO] 2019-03-27 06:42:07,275: ROS sub recvd: mode_num
[rosout][INFO] 2019-03-27 06:42:07,737: Mode settings are for copter.
[rosout][INFO] 2019-03-27 06:42:07,740: Sent mode GUIDED (4) to autopilot 
[rosout][INFO] 2019-03-27 06:42:07,742: ROS sub recvd: mode_num
[rosout][INFO] 2019-03-27 06:42:08,254: Mode settings are for copter.
[rosout][INFO] 2019-03-27 06:42:08,261: Sent mode GUIDED (4) to autopilot 
[rosout][INFO] 2019-03-27 06:42:08,264: ROS sub recvd: mode_num
[rospy.internal][INFO] 2019-03-27 06:42:08,761: topic[/autopilot/copter_takeoff] adding connection to [http://copter131:33195/], count 0
[rosout][INFO] 2019-03-27 06:42:08,767: ROS sub recvd: copter_takeoff
[rosout][INFO] 2019-03-27 06:42:13,770: Mode settings are for copter.
[rosout][INFO] 2019-03-27 06:42:13,773: Sent mode AUTO (3) to autopilot 
[rosout][INFO] 2019-03-27 06:42:13,777: ROS sub recvd: mode_num
[rosout][INFO] 2019-03-27 06:42:14,235: ROS sub recvd: waypoint_goto
[rosout][INFO] 2019-03-27 06:42:14,262: ROS srv recvd: wp_getrange
[rosout][INFO] 2019-03-27 06:42:15,259: ROS srv recvd: wp_getrange
[rosout][INFO] 2019-03-27 06:42:21,902: ROS sub recvd: waypoint_goto
[rosout][INFO] 2019-03-27 06:42:56,537: ROS sub recvd: arm
[rosout][INFO] 2019-03-27 06:42:58,446: Mode settings are for copter.
[rosout][INFO] 2019-03-27 06:42:58,451: Sent mode STABILIZE (0) to autopilot 
[rosout][INFO] 2019-03-27 06:42:58,455: ROS sub recvd: mode_num
[rosout][INFO] 2019-03-27 06:42:59,456: ROS sub recvd: arm
[rosout][INFO] 2019-03-27 06:43:31,245: ROS srv recvd: wp_getrange
[rosout][INFO] 2019-03-27 06:45:53,708: Mode settings are for copter.
[rosout][INFO] 2019-03-27 06:45:53,713: Sent mode STABILIZE (0) to autopilot 
[rosout][INFO] 2019-03-27 06:45:53,716: ROS sub recvd: mode_num
[rosout][INFO] 2019-03-27 06:45:58,124: Mode settings are for copter.
[rosout][INFO] 2019-03-27 06:45:58,126: Sent mode STABILIZE (0) to autopilot 
[rosout][INFO] 2019-03-27 06:45:58,128: ROS sub recvd: mode_num
[rosout][INFO] 2019-03-27 06:46:03,981: MAVLink STATUSTEXT: APM:Copter V3.5-dev (f3195c7e)
[rosout][INFO] 2019-03-27 06:46:03,987: MAVLink STATUSTEXT: PX4: 3df5644c NuttX: be6ff61a
[rosout][INFO] 2019-03-27 06:46:03,990: MAVLink STATUSTEXT: Frame: QUAD
[rosout][INFO] 2019-03-27 06:46:03,994: MAVLink STATUSTEXT: PX4v2 003E0023 31355103 33333832
[rosout][INFO] 2019-03-27 06:46:05,240: Mode settings are for copter.
[rosout][INFO] 2019-03-27 06:46:05,243: Sent mode STABILIZE (0) to autopilot 
[rosout][INFO] 2019-03-27 06:46:05,245: ROS sub recvd: mode_num
[rosout][INFO] 2019-03-27 06:46:08,706: Mode settings are for copter.
[rosout][INFO] 2019-03-27 06:46:08,708: Sent mode STABILIZE (0) to autopilot 
[rosout][INFO] 2019-03-27 06:46:08,709: ROS sub recvd: mode_num
[rosout][INFO] 2019-03-27 06:46:12,821: Mode settings are for copter.
[rosout][INFO] 2019-03-27 06:46:12,823: Sent mode STABILIZE (0) to autopilot 
[rosout][INFO] 2019-03-27 06:46:12,825: ROS sub recvd: mode_num
[rosout][INFO] 2019-03-27 06:46:14,783: ROS sub recvd: arm
[rosout][INFO] 2019-03-27 06:46:14,998: ROS sub recvd: arm
[rosout][INFO] 2019-03-27 06:46:18,740: Mode settings are for copter.
[rosout][INFO] 2019-03-27 06:46:18,742: Sent mode GUIDED (4) to autopilot 
[rosout][INFO] 2019-03-27 06:46:18,743: ROS sub recvd: mode_num
[rosout][INFO] 2019-03-27 06:46:19,206: Mode settings are for copter.
[rosout][INFO] 2019-03-27 06:46:19,209: Sent mode GUIDED (4) to autopilot 
[rosout][INFO] 2019-03-27 06:46:19,210: ROS sub recvd: mode_num
[rosout][INFO] 2019-03-27 06:46:19,723: Mode settings are for copter.
[rosout][INFO] 2019-03-27 06:46:19,726: Sent mode GUIDED (4) to autopilot 
[rosout][INFO] 2019-03-27 06:46:19,727: ROS sub recvd: mode_num
[rosout][INFO] 2019-03-27 06:46:20,254: ROS sub recvd: copter_takeoff
[rosout][INFO] 2019-03-27 06:46:25,240: Mode settings are for copter.
[rosout][INFO] 2019-03-27 06:46:25,244: Sent mode AUTO (3) to autopilot 
[rosout][INFO] 2019-03-27 06:46:25,247: ROS sub recvd: mode_num
[rosout][INFO] 2019-03-27 06:46:26,306: ROS srv recvd: wp_getrange
[rosout][INFO] 2019-03-27 06:46:37,370: ROS sub recvd: waypoint_goto
[rosout][INFO] 2019-03-27 06:46:38,288: ROS srv recvd: wp_getrange
[rosout][INFO] 2019-03-27 06:46:46,735: ROS srv recvd: wp_getlast
[rosout][INFO] 2019-03-27 06:47:04,041: ROS srv recvd: wp_getlast
[rosout][INFO] 2019-03-27 06:47:04,294: ROS sub recvd: waypoint_goto
[rosout][INFO] 2019-03-27 06:47:05,303: ROS srv recvd: wp_getrange
[rospy.internal][INFO] 2019-03-27 06:47:05,926: topic[/autopilot/gps] adding connection to [/radeyeNode_582_1553694425648], count 0
[rospy.internal][INFO] 2019-03-27 06:47:05,928: topic[/autopilot/gps_odom] adding connection to [/radeyeNode_582_1553694425648], count 0
[rosout][INFO] 2019-03-27 06:47:18,737: ROS srv recvd: wp_getlast
