[rospy.client][INFO] 2019-03-27 06:23:25,740: init_node, name[/independent_transit], pid[2874]
[xmlrpc][INFO] 2019-03-27 06:23:25,745: XML-RPC server binding to 0.0.0.0:0
[xmlrpc][INFO] 2019-03-27 06:23:25,754: Started XML-RPC server [http://copter131:46387/]
[rospy.init][INFO] 2019-03-27 06:23:25,754: ROS Slave URI: [http://copter131:46387/]
[rospy.impl.masterslave][INFO] 2019-03-27 06:23:25,755: _ready: http://copter131:46387/
[xmlrpc][INFO] 2019-03-27 06:23:25,758: xml rpc node: starting XML-RPC server
[rospy.registration][INFO] 2019-03-27 06:23:25,759: Registering with master node http://localhost:11311
[rospy.init][INFO] 2019-03-27 06:23:25,855: registered with master
[rospy.rosout][INFO] 2019-03-27 06:23:25,856: initializing /rosout core topic
[rospy.rosout][INFO] 2019-03-27 06:23:28,872: connected to core topic /rosout
[rospy.simtime][INFO] 2019-03-27 06:23:28,897: /use_sim_time is not set, will not subscribe to simulated time [/clock] topic
[rospy.internal][INFO] 2019-03-27 06:23:29,015: topic[/rosout] adding connection to [/rosout], count 0
[rospy.internal][INFO] 2019-03-27 06:23:29,100: topic[/swarm_control/subswarm_id] adding connection to [http://copter131:34613/], count 0
[rospy.internal][INFO] 2019-03-27 06:23:29,133: topic[/swarm_control/ap_intent] adding connection to [http://copter131:34613/], count 0
[rospy.internal][INFO] 2019-03-27 06:23:29,191: topic[/safety/payload_waypoint] adding connection to [/safety], count 0
[rospy.internal][INFO] 2019-03-27 06:23:29,309: topic[/network/send_swarm_behavior_data] adding connection to [/network], count 0
[rospy.internal][INFO] 2019-03-27 06:23:29,334: topic[/swarm_control/behavior_status] adding connection to [/swarm_control], count 0
[rospy.internal][INFO] 2019-03-27 06:23:29,462: topic[/autopilot/status] adding connection to [http://copter131:60153/], count 0
[rosout][INFO] 2019-03-27 06:42:14,166: independent_transit activate request False returned False
[rosout][INFO] 2019-03-27 06:42:14,290: independent_transit activate request False returned False
[rosout][INFO] 2019-03-27 06:42:18,956: independent_transit activate request False returned False
[rosout][INFO] 2019-03-27 06:42:21,824: independent_transit activate request False returned False
[rosout][INFO] 2019-03-27 06:42:59,371: independent_transit activate request False returned False
[rosout][INFO] 2019-03-27 06:46:37,305: independent_transit activate request False returned False
[rosout][INFO] 2019-03-27 06:47:04,191: independent_transit activate request False returned False
