[rosmaster.main][INFO] 2012-12-31 16:00:15,469: initialization complete, waiting for shutdown
[rosmaster.main][INFO] 2012-12-31 16:00:15,470: Starting ROS Master Node
[xmlrpc][INFO] 2012-12-31 16:00:15,471: XML-RPC server binding to 0.0.0.0:11311
[xmlrpc][INFO] 2012-12-31 16:00:15,472: Started XML-RPC server [http://copter131:11311/]
[rosmaster.master][INFO] 2012-12-31 16:00:15,472: Master initialized: port[11311], uri[http://copter131:11311/]
[xmlrpc][INFO] 2012-12-31 16:00:15,473: xml rpc node: starting XML-RPC server
[rosmaster.master][INFO] 2012-12-31 16:00:15,561: +PARAM [/run_id] by /roslaunch
[rosmaster.master][INFO] 2012-12-31 16:00:15,563: +PARAM [/roslaunch/uris/host_copter131__42019] by /roslaunch
[rosmaster.master][INFO] 2012-12-31 16:00:15,683: +PARAM [/swarm_team] by /roslaunch
[rosmaster.master][INFO] 2012-12-31 16:00:15,683: +PARAM [/rosdistro] by /roslaunch
[rosmaster.master][INFO] 2012-12-31 16:00:15,683: +PARAM [/aircraft_name] by /roslaunch
[rosmaster.master][INFO] 2012-12-31 16:00:15,684: +PARAM [/fetch_enable] by /roslaunch
[rosmaster.master][INFO] 2012-12-31 16:00:15,684: +PARAM [/dis_between_land_points] by /roslaunch
[rosmaster.master][INFO] 2012-12-31 16:00:15,684: +PARAM [/network_port] by /roslaunch
[rosmaster.master][INFO] 2012-12-31 16:00:15,684: +PARAM [/aircraft_id] by /roslaunch
[rosmaster.master][INFO] 2012-12-31 16:00:15,685: +PARAM [/do_deconflict_land] by /roslaunch
[rosmaster.master][INFO] 2012-12-31 16:00:15,685: +PARAM [/subswarm_id] by /roslaunch
[rosmaster.master][INFO] 2012-12-31 16:00:15,685: +PARAM [/aircraft_type] by /roslaunch
[rosmaster.master][INFO] 2012-12-31 16:00:15,685: +PARAM [/sensor_range] by /roslaunch
[rosmaster.master][INFO] 2012-12-31 16:00:15,686: +PARAM [/rosversion] by /roslaunch
[rosmaster.master][INFO] 2012-12-31 16:00:15,686: +PARAM [/runway_pt2_lat] by /roslaunch
[rosmaster.master][INFO] 2012-12-31 16:00:15,686: +PARAM [/runway_pt2_lon] by /roslaunch
[rosmaster.master][INFO] 2012-12-31 16:00:15,686: +PARAM [/flight_ready] by /roslaunch
[rosmaster.master][INFO] 2012-12-31 16:00:15,687: +PARAM [/runway_pt1_lat] by /roslaunch
[rosmaster.master][INFO] 2012-12-31 16:00:15,687: +PARAM [/network_device] by /roslaunch
[rosmaster.master][INFO] 2012-12-31 16:00:15,687: +PARAM [/verify_enable] by /roslaunch
[rosmaster.master][INFO] 2012-12-31 16:00:15,687: +PARAM [/rosbag_enable] by /roslaunch
[rosmaster.master][INFO] 2012-12-31 16:00:15,688: +PARAM [/runway_pt1_lon] by /roslaunch
[rosmaster.master][INFO] 2012-12-31 16:00:15,789: +SERVICE [/rosout/get_loggers] /rosout http://copter131:43190/
[rosmaster.master][INFO] 2012-12-31 16:00:15,791: +SERVICE [/rosout/set_logger_level] /rosout http://copter131:43190/
[rosmaster.master][INFO] 2012-12-31 16:00:15,795: +PUB [/rosout_agg] /rosout http://copter131:43190/
[rosmaster.master][INFO] 2012-12-31 16:00:15,805: +SUB [/rosout] /rosout http://copter131:43190/
[rosmaster.master][INFO] 2012-12-31 16:00:16,699: +PUB [/rosout] /radiation_sensor http://copter131:35365/
[rosmaster.master][INFO] 2012-12-31 16:00:16,765: +SERVICE [/radiation_sensor/get_loggers] /radiation_sensor http://copter131:35365/
[rosmaster.master][INFO] 2012-12-31 16:00:16,773: publisherUpdate[/rosout] -> http://copter131:43190/
[rosmaster.master][INFO] 2012-12-31 16:00:16,782: +SERVICE [/radiation_sensor/set_logger_level] /radiation_sensor http://copter131:35365/
[rosmaster.master][INFO] 2012-12-31 16:00:16,800: +PUB [/tactic_interface/radiation] /radiation_sensor http://copter131:35365/
[rosmaster.master][INFO] 2012-12-31 16:00:17,070: +PUB [/rosout] /safety http://copter131:36493/
[rosmaster.master][INFO] 2012-12-31 16:00:17,075: publisherUpdate[/rosout] -> http://copter131:43190/
[rosmaster.master][INFO] 2012-12-31 16:00:17,122: +SERVICE [/safety/get_loggers] /safety http://copter131:36493/
[rosmaster.master][INFO] 2012-12-31 16:00:17,182: +SERVICE [/safety/set_logger_level] /safety http://copter131:36493/
[rosmaster.master][INFO] 2012-12-31 16:00:17,186: +PUB [/rosout] /network http://copter131:33195/
[rosmaster.master][INFO] 2012-12-31 16:00:17,187: publisherUpdate[/rosout] -> http://copter131:43190/
[rosmaster.master][INFO] 2012-12-31 16:00:17,245: +SERVICE [/network/get_loggers] /network http://copter131:33195/
[rosmaster.master][INFO] 2012-12-31 16:00:17,271: +SERVICE [/network/set_logger_level] /network http://copter131:33195/
[rosmaster.master][INFO] 2012-12-31 16:00:17,445: +PUB [/autopilot/heartbeat_onboard] /safety http://copter131:36493/
[rosmaster.master][INFO] 2012-12-31 16:00:17,475: +PUB [/safety/healthy] /safety http://copter131:36493/
[rosmaster.master][INFO] 2012-12-31 16:00:17,525: +PUB [/autopilot/payload_waypoint] /safety http://copter131:36493/
[rosmaster.master][INFO] 2012-12-31 16:00:17,537: +PARAM [/subswarm_id] by /unnamed
[rosmaster.master][INFO] 2012-12-31 16:00:17,565: +PUB [/autopilot/payload_rate] /safety http://copter131:36493/
[rosmaster.master][INFO] 2012-12-31 16:00:17,596: +PUB [/autopilot/payload_attitude] /safety http://copter131:36493/
[rosmaster.master][INFO] 2012-12-31 16:00:17,610: +PUB [/rosout] /autopilot http://copter131:60153/
[rosmaster.master][INFO] 2012-12-31 16:00:17,646: +PUB [/rosout] /hit_tracker http://copter131:49934/
[rosmaster.master][INFO] 2012-12-31 16:00:17,677: publisherUpdate[/rosout] -> http://copter131:43190/
[rosmaster.master][INFO] 2012-12-31 16:00:17,681: publisherUpdate[/rosout] -> http://copter131:43190/
[rosmaster.master][INFO] 2012-12-31 16:00:17,711: +SERVICE [/autopilot/get_loggers] /autopilot http://copter131:60153/
[rosmaster.master][INFO] 2012-12-31 16:00:17,775: +SERVICE [/autopilot/set_logger_level] /autopilot http://copter131:60153/
[rosmaster.master][INFO] 2012-12-31 16:00:17,777: +SERVICE [/hit_tracker/get_loggers] /hit_tracker http://copter131:49934/
[rosmaster.master][INFO] 2012-12-31 16:00:17,820: +SERVICE [/hit_tracker/set_logger_level] /hit_tracker http://copter131:49934/
[rosmaster.master][INFO] 2012-12-31 16:00:17,851: +SUB [/swarm_control/subswarm_id] /network http://copter131:33195/
[rosmaster.master][INFO] 2012-12-31 16:00:17,929: +PUB [/rosout] /swarm_tracker http://copter131:34600/
[rosmaster.master][INFO] 2012-12-31 16:00:17,941: +SERVICE [/hit_tracker/reset] /hit_tracker http://copter131:49934/
[rosmaster.master][INFO] 2012-12-31 16:00:17,966: +SUB [/autopilot/heartbeat_ground] /safety http://copter131:36493/
[rosmaster.master][INFO] 2012-12-31 16:00:17,987: publisherUpdate[/rosout] -> http://copter131:43190/
[rosmaster.master][INFO] 2012-12-31 16:00:18,090: +SERVICE [/swarm_tracker/get_loggers] /swarm_tracker http://copter131:34600/
[rosmaster.master][INFO] 2012-12-31 16:00:18,171: +SERVICE [/swarm_tracker/set_logger_level] /swarm_tracker http://copter131:34600/
[rosmaster.master][INFO] 2012-12-31 16:00:18,210: +PUB [/rosout] /task_runner http://copter131:39126/
[rosmaster.master][INFO] 2019-03-27 06:23:25,604: publisherUpdate[/rosout] -> http://copter131:43190/
[rosmaster.master][INFO] 2019-03-27 06:23:25,611: +PUB [/rosout] /red_tracker http://copter131:45393/
[rosmaster.master][INFO] 2019-03-27 06:23:25,611: publisherUpdate[/rosout] -> http://copter131:43190/
[rosmaster.master][INFO] 2019-03-27 06:23:25,630: +PUB [/rosout] /recv_pose_rate http://copter131:41460/
[rosmaster.master][INFO] 2019-03-27 06:23:25,665: +SUB [/swarm_control/swarm_behavior] /network http://copter131:33195/
[rosmaster.master][INFO] 2019-03-27 06:23:25,710: publisherUpdate[/rosout] -> http://copter131:43190/
[rosmaster.master][INFO] 2019-03-27 06:23:25,730: +SERVICE [/task_runner/get_loggers] /task_runner http://copter131:39126/
[rosmaster.master][INFO] 2019-03-27 06:23:25,757: +SUB [/network/recv_swarm_data] /hit_tracker http://copter131:49934/
[rosmaster.master][INFO] 2019-03-27 06:23:25,816: +PUB [/rosout] /swarm_control http://copter131:34613/
[rosmaster.master][INFO] 2019-03-27 06:23:25,819: publisherUpdate[/rosout] -> http://copter131:43190/
[rosmaster.master][INFO] 2019-03-27 06:23:25,835: +SERVICE [/red_tracker/get_loggers] /red_tracker http://copter131:45393/
[rosmaster.master][INFO] 2019-03-27 06:23:25,850: +SERVICE [/task_runner/set_logger_level] /task_runner http://copter131:39126/
[rosmaster.master][INFO] 2019-03-27 06:23:25,880: +SERVICE [/recv_pose_rate/get_loggers] /recv_pose_rate http://copter131:41460/
[rosmaster.master][INFO] 2019-03-27 06:23:25,924: +SERVICE [/red_tracker/set_logger_level] /red_tracker http://copter131:45393/
[rosmaster.master][INFO] 2019-03-27 06:23:25,981: +SERVICE [/recv_pose_rate/set_logger_level] /recv_pose_rate http://copter131:41460/
[rosmaster.master][INFO] 2019-03-27 06:23:26,035: +SERVICE [/swarm_control/get_loggers] /swarm_control http://copter131:34613/
[rosmaster.master][INFO] 2019-03-27 06:23:26,083: +SUB [/autopilot/acs_pose] /safety http://copter131:36493/
[rosmaster.master][INFO] 2019-03-27 06:23:26,165: +SERVICE [/swarm_control/set_logger_level] /swarm_control http://copter131:34613/
[rosmaster.master][INFO] 2019-03-27 06:23:26,214: +SERVICE [/swarm_control/register_behavior] /swarm_control http://copter131:34613/
[rosmaster.master][INFO] 2019-03-27 06:23:26,291: +SUB [/network/swarm_sub_behavior] /network http://copter131:33195/
[rosmaster.master][INFO] 2019-03-27 06:23:26,311: +SERVICE [/swarm_control/run_behavior] /swarm_control http://copter131:34613/
[rosmaster.master][INFO] 2019-03-27 06:23:26,396: +PUB [/rosout] /simple_ground_attack http://copter131:37006/
[rosmaster.master][INFO] 2019-03-27 06:23:26,432: publisherUpdate[/rosout] -> http://copter131:43190/
[rosmaster.master][INFO] 2019-03-27 06:23:26,456: +SERVICE [/swarm_control/pause_behavior] /swarm_control http://copter131:34613/
[rosmaster.master][INFO] 2019-03-27 06:23:26,575: +SERVICE [/swarm_control/set_subswarm] /swarm_control http://copter131:34613/
[rosmaster.master][INFO] 2019-03-27 06:23:26,626: +SUB [/network/recv_pose] /recv_pose_rate http://copter131:41460/
[rosmaster.master][INFO] 2019-03-27 06:23:26,635: +SUB [/autopilot/arm] /autopilot http://copter131:60153/
[rosmaster.master][INFO] 2019-03-27 06:23:26,680: +SERVICE [/swarm_control/set_swarm_state] /swarm_control http://copter131:34613/
[rosmaster.master][INFO] 2019-03-27 06:23:26,695: +SUB [/safety/payload_waypoint] /safety http://copter131:36493/
[rosmaster.master][INFO] 2019-03-27 06:23:26,716: +PUB [/rosout] /linear_formation http://copter131:49992/
[rosmaster.master][INFO] 2019-03-27 06:23:26,733: publisherUpdate[/rosout] -> http://copter131:43190/
[rosmaster.master][INFO] 2019-03-27 06:23:26,741: +PUB [/logging/recv_pose_rate] /recv_pose_rate http://copter131:41460/
[rosmaster.master][INFO] 2019-03-27 06:23:26,870: +PUB [/rosout] /swarm_landing_sequencer http://copter131:40078/
[rosmaster.master][INFO] 2019-03-27 06:23:26,935: publisherUpdate[/rosout] -> http://copter131:43190/
[rosmaster.master][INFO] 2019-03-27 06:23:26,940: +SUB [/swarm_control/behavior_summary] /network http://copter131:33195/
[rosmaster.master][INFO] 2019-03-27 06:23:26,951: +SERVICE [/linear_formation/get_loggers] /linear_formation http://copter131:49992/
[rosmaster.master][INFO] 2019-03-27 06:23:26,976: +SUB [/autopilot/acs_pose] /swarm_tracker http://copter131:34600/
[rosmaster.master][INFO] 2019-03-27 06:23:27,015: +SERVICE [/simple_ground_attack/get_loggers] /simple_ground_attack http://copter131:37006/
[rosmaster.master][INFO] 2019-03-27 06:23:27,090: +SERVICE [/linear_formation/set_logger_level] /linear_formation http://copter131:49992/
[rosmaster.master][INFO] 2019-03-27 06:23:27,111: +SUB [/autopilot/acs_pose] /red_tracker http://copter131:45393/
[rosmaster.master][INFO] 2019-03-27 06:23:27,125: +PUB [/rosout] /patrol_box http://copter131:52233/
[rosmaster.master][INFO] 2019-03-27 06:23:27,139: publisherUpdate[/rosout] -> http://copter131:43190/
[rosmaster.master][INFO] 2019-03-27 06:23:27,175: +SERVICE [/simple_ground_attack/set_logger_level] /simple_ground_attack http://copter131:37006/
[rosmaster.master][INFO] 2019-03-27 06:23:27,371: +SERVICE [/patrol_box/get_loggers] /patrol_box http://copter131:52233/
[rosmaster.master][INFO] 2019-03-27 06:23:27,385: +SUB [/network/net_reset] /hit_tracker http://copter131:49934/
[rosmaster.master][INFO] 2019-03-27 06:23:27,401: +PUB [/autopilot/waypoint_goto] /simple_ground_attack http://copter131:37006/
[rosmaster.master][INFO] 2019-03-27 06:23:27,415: +SUB [/safety/payload_rate] /safety http://copter131:36493/
[rosmaster.master][INFO] 2019-03-27 06:23:27,462: +SERVICE [/patrol_box/set_logger_level] /patrol_box http://copter131:52233/
[rosmaster.master][INFO] 2019-03-27 06:23:27,468: +PUB [/hit_tracker/hit_uavs] /hit_tracker http://copter131:49934/
[rosmaster.master][INFO] 2019-03-27 06:23:27,473: +PUB [/safety/payload_rate] /simple_ground_attack http://copter131:37006/
[rosmaster.master][INFO] 2019-03-27 06:23:27,478: +PUB [/rosout] /smart_shooter http://copter131:47860/
[rosmaster.master][INFO] 2019-03-27 06:23:27,480: +SUB [/autopilot/status] /task_runner http://copter131:39126/
[rosmaster.master][INFO] 2019-03-27 06:23:27,492: +PUB [/safety/payload_waypoint] /simple_ground_attack http://copter131:37006/
[rosmaster.master][INFO] 2019-03-27 06:23:27,510: +SERVICE [/smart_shooter/get_loggers] /smart_shooter http://copter131:47860/
[rosmaster.master][INFO] 2019-03-27 06:23:27,515: +SUB [/network/recv_red_pose] /red_tracker http://copter131:45393/
[rosmaster.master][INFO] 2019-03-27 06:23:27,525: +SERVICE [/smart_shooter/set_logger_level] /smart_shooter http://copter131:47860/
[rosmaster.master][INFO] 2019-03-27 06:23:27,529: +PUB [/red_tracker/red_uav_states] /red_tracker http://copter131:45393/
[rosmaster.master][INFO] 2019-03-27 06:23:27,544: publisherUpdate[/safety/payload_rate] -> http://copter131:36493/
[rosmaster.master][INFO] 2019-03-27 06:23:27,544: publisherUpdate[/rosout] -> http://copter131:43190/
[rosmaster.master][INFO] 2019-03-27 06:23:27,564: +SUB [/autopilot/status] /linear_formation http://copter131:49992/
[rosmaster.master][INFO] 2019-03-27 06:23:27,573: publisherUpdate[/safety/payload_waypoint] -> http://copter131:36493/
[rosmaster.master][INFO] 2019-03-27 06:23:27,581: +SERVICE [/swarm_landing_sequencer/get_loggers] /swarm_landing_sequencer http://copter131:40078/
[rosmaster.master][INFO] 2019-03-27 06:23:27,588: +PUB [/safety/payload_waypoint] /linear_formation http://copter131:49992/
[rosmaster.master][INFO] 2019-03-27 06:23:27,590: +PUB [/rosout] /wingman http://copter131:43376/
[rosmaster.master][INFO] 2019-03-27 06:23:27,592: +SUB [/autopilot/status] /patrol_box http://copter131:52233/
[rosmaster.master][INFO] 2019-03-27 06:23:27,594: +SUB [/autopilot/status] /simple_ground_attack http://copter131:37006/
[rosmaster.master][INFO] 2019-03-27 06:23:27,599: +SERVICE [/swarm_landing_sequencer/set_logger_level] /swarm_landing_sequencer http://copter131:40078/
[rosmaster.master][INFO] 2019-03-27 06:23:27,621: +PUB [/safety/payload_waypoint] /patrol_box http://copter131:52233/
[rosmaster.master][INFO] 2019-03-27 06:23:27,648: publisherUpdate[/safety/payload_waypoint] -> http://copter131:36493/
[rosmaster.master][INFO] 2019-03-27 06:23:27,654: publisherUpdate[/rosout] -> http://copter131:43190/
[rosmaster.master][INFO] 2019-03-27 06:23:27,658: publisherUpdate[/safety/payload_waypoint] -> http://copter131:36493/
[rosmaster.master][INFO] 2019-03-27 06:23:27,693: +SUB [/network/recv_pose] /swarm_tracker http://copter131:34600/
[rosmaster.master][INFO] 2019-03-27 06:23:27,716: +SUB [/swarm_control/subswarm_id] /linear_formation http://copter131:49992/
[rosmaster.master][INFO] 2019-03-27 06:23:27,727: +SUB [/swarm_control/subswarm_id] /simple_ground_attack http://copter131:37006/
[rosmaster.master][INFO] 2019-03-27 06:23:27,739: +PUB [/rosout] /pn_interceptor http://copter131:45944/
[rosmaster.master][INFO] 2019-03-27 06:23:27,747: +SUB [/swarm_control/subswarm_id] /patrol_box http://copter131:52233/
[rosmaster.master][INFO] 2019-03-27 06:23:27,754: +SUB [/autopilot/mode] /autopilot http://copter131:60153/
[rosmaster.master][INFO] 2019-03-27 06:23:27,767: publisherUpdate[/rosout] -> http://copter131:43190/
[rosmaster.master][INFO] 2019-03-27 06:23:27,778: +SERVICE [/pn_interceptor/get_loggers] /pn_interceptor http://copter131:45944/
[rosmaster.master][INFO] 2019-03-27 06:23:27,791: +SERVICE [/pn_interceptor/set_logger_level] /pn_interceptor http://copter131:45944/
[rosmaster.master][INFO] 2019-03-27 06:23:27,794: +SUB [/network/recv_swarm_ctl_state] /swarm_tracker http://copter131:34600/
[rosmaster.master][INFO] 2019-03-27 06:23:27,806: +SUB [/swarm_control/ap_intent] /linear_formation http://copter131:49992/
[rosmaster.master][INFO] 2019-03-27 06:23:27,809: +SUB [/swarm_control/ap_intent] /simple_ground_attack http://copter131:37006/
[rosmaster.master][INFO] 2019-03-27 06:23:27,822: +SUB [/swarm_control/ap_intent] /patrol_box http://copter131:52233/
[rosmaster.master][INFO] 2019-03-27 06:23:27,827: +SUB [/autopilot/guided_goto] /autopilot http://copter131:60153/
[rosmaster.master][INFO] 2019-03-27 06:23:27,852: +SUB [/swarm_control/subswarm_id] /swarm_tracker http://copter131:34600/
[rosmaster.master][INFO] 2019-03-27 06:23:27,856: +PUB [/rosout] /patrol_box_shooter http://copter131:59818/
[rosmaster.master][INFO] 2019-03-27 06:23:27,861: +SUB [/autopilot/status] /pn_interceptor http://copter131:45944/
[rosmaster.master][INFO] 2019-03-27 06:23:27,864: +SUB [/network/recv_swarm_data] /linear_formation http://copter131:49992/
[rosmaster.master][INFO] 2019-03-27 06:23:27,868: publisherUpdate[/rosout] -> http://copter131:43190/
[rosmaster.master][INFO] 2019-03-27 06:23:27,871: +SUB [/network/recv_swarm_data] /simple_ground_attack http://copter131:37006/
[rosmaster.master][INFO] 2019-03-27 06:23:27,877: +PUB [/safety/payload_waypoint] /pn_interceptor http://copter131:45944/
[rosmaster.master][INFO] 2019-03-27 06:23:27,879: +PUB [/swarm_control/behavior_status] /linear_formation http://copter131:49992/
[rosmaster.master][INFO] 2019-03-27 06:23:27,885: +SERVICE [/patrol_box_shooter/get_loggers] /patrol_box_shooter http://copter131:59818/
[rosmaster.master][INFO] 2019-03-27 06:23:27,887: +SUB [/network/recv_swarm_data] /patrol_box http://copter131:52233/
[rosmaster.master][INFO] 2019-03-27 06:23:27,889: +PUB [/swarm_control/behavior_status] /simple_ground_attack http://copter131:37006/
[rosmaster.master][INFO] 2019-03-27 06:23:27,889: publisherUpdate[/safety/payload_waypoint] -> http://copter131:36493/
[rosmaster.master][INFO] 2019-03-27 06:23:27,894: +PUB [/network/send_swarm_behavior_data] /linear_formation http://copter131:49992/
[rosmaster.master][INFO] 2019-03-27 06:23:27,899: +SUB [/autopilot/waypoint_goto] /autopilot http://copter131:60153/
[rosmaster.master][INFO] 2019-03-27 06:23:27,901: +SERVICE [/patrol_box_shooter/set_logger_level] /patrol_box_shooter http://copter131:59818/
[rosmaster.master][INFO] 2019-03-27 06:23:27,903: +PUB [/swarm_control/behavior_status] /patrol_box http://copter131:52233/
[rosmaster.master][INFO] 2019-03-27 06:23:27,905: +PUB [/network/send_swarm_behavior_data] /simple_ground_attack http://copter131:37006/
[rosmaster.master][INFO] 2019-03-27 06:23:27,913: +PUB [/network/send_swarm_behavior_data] /patrol_box http://copter131:52233/
[rosmaster.master][INFO] 2019-03-27 06:23:27,915: +SERVICE [/simple_ground_attack/set] /simple_ground_attack http://copter131:37006/
[rosmaster.master][INFO] 2019-03-27 06:23:27,923: +SERVICE [/patrol_box/set] /patrol_box http://copter131:52233/
[rosmaster.master][INFO] 2019-03-27 06:23:27,926: +SERVICE [/simple_ground_attack/run] /simple_ground_attack http://copter131:37006/
[rosmaster.master][INFO] 2019-03-27 06:23:27,931: +SUB [/swarm_control/swarm_state] /swarm_tracker http://copter131:34600/
[rosmaster.master][INFO] 2019-03-27 06:23:27,936: +SERVICE [/simple_ground_attack/pause] /simple_ground_attack http://copter131:37006/
[rosmaster.master][INFO] 2019-03-27 06:23:27,939: +SERVICE [/patrol_box/run] /patrol_box http://copter131:52233/
[rosmaster.master][INFO] 2019-03-27 06:23:27,956: +SERVICE [/patrol_box/pause] /patrol_box http://copter131:52233/
[rosmaster.master][INFO] 2019-03-27 06:23:27,959: +SUB [/swarm_control/subswarm_id] /pn_interceptor http://copter131:45944/
[rosmaster.master][INFO] 2019-03-27 06:23:27,998: +PUB [/safety/payload_waypoint] /tactic_interface http://copter131:48709/
[rosmaster.master][INFO] 2019-03-27 06:23:28,000: +SUB [/autopilot/heartbeat_onboard] /autopilot http://copter131:60153/
[rosmaster.master][INFO] 2019-03-27 06:23:28,004: +SUB [/swarm_control/swarm_behavior] /swarm_tracker http://copter131:34600/
[rosmaster.master][INFO] 2019-03-27 06:23:28,007: +SUB [/autopilot/status] /patrol_box_shooter http://copter131:59818/
[rosmaster.master][INFO] 2019-03-27 06:23:28,008: +SUB [/autopilot/status] /tactic_interface http://copter131:48709/
[rosmaster.master][INFO] 2019-03-27 06:23:28,016: +PUB [/safety/payload_waypoint] /patrol_box_shooter http://copter131:59818/
[rosmaster.master][INFO] 2019-03-27 06:23:28,020: +SUB [/autopilot/acs_pose] /patrol_box http://copter131:52233/
[rosmaster.master][INFO] 2019-03-27 06:23:28,021: +SUB [/swarm_control/ap_intent] /pn_interceptor http://copter131:45944/
[rosmaster.master][INFO] 2019-03-27 06:23:28,051: +SUB [/autopilot/heartbeat_ground] /autopilot http://copter131:60153/
[rosmaster.master][INFO] 2019-03-27 06:23:28,055: +SUB [/autopilot/status] /swarm_tracker http://copter131:34600/
[rosmaster.master][INFO] 2019-03-27 06:23:28,061: +PUB [/swarm_tracker/swarm_uav_states] /swarm_tracker http://copter131:34600/
[rosmaster.master][INFO] 2019-03-27 06:23:28,063: +SUB [/swarm_control/subswarm_id] /patrol_box_shooter http://copter131:59818/
[rosmaster.master][INFO] 2019-03-27 06:23:28,065: +SUB [/network/recv_swarm_data] /pn_interceptor http://copter131:45944/
[rosmaster.master][INFO] 2019-03-27 06:23:28,073: +PUB [/swarm_control/behavior_status] /pn_interceptor http://copter131:45944/
[rosmaster.master][INFO] 2019-03-27 06:23:28,074: publisherUpdate[/safety/payload_waypoint] -> http://copter131:36493/
[rosmaster.master][INFO] 2019-03-27 06:23:28,079: publisherUpdate[/safety/payload_waypoint] -> http://copter131:36493/
[rosmaster.master][INFO] 2019-03-27 06:23:28,082: +PUB [/network/send_swarm_behavior_data] /pn_interceptor http://copter131:45944/
[rosmaster.master][INFO] 2019-03-27 06:23:28,091: +SERVICE [/pn_interceptor/set] /pn_interceptor http://copter131:45944/
[rosmaster.master][INFO] 2019-03-27 06:23:28,095: +PUB [/rosout] /tactic_interface http://copter131:48709/
[rosmaster.master][INFO] 2019-03-27 06:23:28,098: publisherUpdate[/rosout] -> http://copter131:43190/
[rosmaster.master][INFO] 2019-03-27 06:23:28,099: +SUB [/autopilot/mode_num] /autopilot http://copter131:60153/
[rosmaster.master][INFO] 2019-03-27 06:23:28,107: +SERVICE [/pn_interceptor/run] /pn_interceptor http://copter131:45944/
[rosmaster.master][INFO] 2019-03-27 06:23:28,108: +SUB [/autopilot/status] /network http://copter131:33195/
[rosmaster.master][INFO] 2019-03-27 06:23:28,111: +SUB [/swarm_control/ap_intent] /patrol_box_shooter http://copter131:59818/
[rosmaster.master][INFO] 2019-03-27 06:23:28,112: +SERVICE [/tactic_interface/get_loggers] /tactic_interface http://copter131:48709/
[rosmaster.master][INFO] 2019-03-27 06:23:28,120: +SERVICE [/pn_interceptor/pause] /pn_interceptor http://copter131:45944/
[rosmaster.master][INFO] 2019-03-27 06:23:28,122: +SERVICE [/tactic_interface/set_logger_level] /tactic_interface http://copter131:48709/
[rosmaster.master][INFO] 2019-03-27 06:23:28,155: +SERVICE [/wingman/get_loggers] /wingman http://copter131:43376/
[rosmaster.master][INFO] 2019-03-27 06:23:28,159: +SUB [/autopilot/set_landing] /autopilot http://copter131:60153/
[rosmaster.master][INFO] 2019-03-27 06:23:28,161: +SUB [/autopilot/acs_pose] /network http://copter131:33195/
[rosmaster.master][INFO] 2019-03-27 06:23:28,166: +SERVICE [/wingman/set_logger_level] /wingman http://copter131:43376/
[rosmaster.master][INFO] 2019-03-27 06:23:28,173: +SUB [/swarm_control/subswarm_id] /tactic_interface http://copter131:48709/
[rosmaster.master][INFO] 2019-03-27 06:23:28,175: +SUB [/network/recv_swarm_data] /patrol_box_shooter http://copter131:59818/
[rosmaster.master][INFO] 2019-03-27 06:23:28,186: +PUB [/swarm_control/behavior_status] /patrol_box_shooter http://copter131:59818/
[rosmaster.master][INFO] 2019-03-27 06:23:28,194: +PUB [/network/send_swarm_behavior_data] /patrol_box_shooter http://copter131:59818/
[rosmaster.master][INFO] 2019-03-27 06:23:28,203: +SERVICE [/patrol_box_shooter/set] /patrol_box_shooter http://copter131:59818/
[rosmaster.master][INFO] 2019-03-27 06:23:28,212: +SERVICE [/patrol_box_shooter/run] /patrol_box_shooter http://copter131:59818/
[rosmaster.master][INFO] 2019-03-27 06:23:28,214: +SUB [/autopilot/payload_waypoint] /autopilot http://copter131:60153/
[rosmaster.master][INFO] 2019-03-27 06:23:28,219: +SUB [/swarm_control/swarm_state] /network http://copter131:33195/
[rosmaster.master][INFO] 2019-03-27 06:23:28,222: +SERVICE [/patrol_box_shooter/pause] /patrol_box_shooter http://copter131:59818/
[rosmaster.master][INFO] 2019-03-27 06:23:28,225: +SUB [/swarm_control/ap_intent] /tactic_interface http://copter131:48709/
[rosmaster.master][INFO] 2019-03-27 06:23:28,242: +PUB [/safety/payload_waypoint] /greedy_shooter http://copter131:36778/
[rosmaster.master][INFO] 2019-03-27 06:23:28,252: +SUB [/autopilot/status] /greedy_shooter http://copter131:36778/
[rosmaster.master][INFO] 2019-03-27 06:23:28,262: +SUB [/autopilot/status] /wingman http://copter131:43376/
[rosmaster.master][INFO] 2019-03-27 06:23:28,264: +SUB [/autopilot/reboot] /autopilot http://copter131:60153/
[rosmaster.master][INFO] 2019-03-27 06:23:28,267: +SUB [/network/send_swarm_behavior_data] /network http://copter131:33195/
[rosmaster.master][INFO] 2019-03-27 06:23:28,269: +PUB [/safety/payload_waypoint] /wingman http://copter131:43376/
[rosmaster.master][INFO] 2019-03-27 06:23:28,273: +SUB [/network/recv_swarm_data] /tactic_interface http://copter131:48709/
[rosmaster.master][INFO] 2019-03-27 06:23:28,278: publisherUpdate[/safety/payload_waypoint] -> http://copter131:36493/
[rosmaster.master][INFO] 2019-03-27 06:23:28,279: +PUB [/swarm_control/behavior_status] /tactic_interface http://copter131:48709/
[rosmaster.master][INFO] 2019-03-27 06:23:28,284: publisherUpdate[/safety/payload_waypoint] -> http://copter131:36493/
[rosmaster.master][INFO] 2019-03-27 06:23:28,291: +PUB [/network/send_swarm_behavior_data] /tactic_interface http://copter131:48709/
[rosmaster.master][INFO] 2019-03-27 06:23:28,300: +SERVICE [/tactic_interface/set] /tactic_interface http://copter131:48709/
[rosmaster.master][INFO] 2019-03-27 06:23:28,305: publisherUpdate[/network/send_swarm_behavior_data] -> http://copter131:33195/
[rosmaster.master][INFO] 2019-03-27 06:23:28,318: +SERVICE [/tactic_interface/run] /tactic_interface http://copter131:48709/
[rosmaster.master][INFO] 2019-03-27 06:23:28,320: +SUB [/autopilot/weather_update] /autopilot http://copter131:60153/
[rosmaster.master][INFO] 2019-03-27 06:23:28,324: +SUB [/autopilot/status] /smart_shooter http://copter131:47860/
[rosmaster.master][INFO] 2019-03-27 06:23:28,327: +SERVICE [/tactic_interface/pause] /tactic_interface http://copter131:48709/
[rosmaster.master][INFO] 2019-03-27 06:23:28,332: +SUB [/swarm_control/subswarm_id] /wingman http://copter131:43376/
[rosmaster.master][INFO] 2019-03-27 06:23:28,335: +PUB [/safety/payload_waypoint] /smart_shooter http://copter131:47860/
[rosmaster.master][INFO] 2019-03-27 06:23:28,340: +SUB [/air_to_air/firing_reports] /network http://copter131:33195/
[rosmaster.master][INFO] 2019-03-27 06:23:28,346: +PUB [/rosout] /greedy_shooter http://copter131:36778/
[rosmaster.master][INFO] 2019-03-27 06:23:28,366: +SERVICE [/greedy_shooter/get_loggers] /greedy_shooter http://copter131:36778/
[rosmaster.master][INFO] 2019-03-27 06:23:28,371: +SUB [/autopilot/copter_takeoff] /autopilot http://copter131:60153/
[rosmaster.master][INFO] 2019-03-27 06:23:28,375: +SERVICE [/greedy_shooter/set_logger_level] /greedy_shooter http://copter131:36778/
[rosmaster.master][INFO] 2019-03-27 06:23:28,380: +SERVICE [/autopilot/cal_pressure] /autopilot http://copter131:60153/
[rosmaster.master][INFO] 2019-03-27 06:23:28,385: +SUB [/swarm_control/ap_intent] /wingman http://copter131:43376/
[rosmaster.master][INFO] 2019-03-27 06:23:28,387: publisherUpdate[/safety/payload_waypoint] -> http://copter131:36493/
[rosmaster.master][INFO] 2019-03-27 06:23:28,387: +SUB [/swarm_control/subswarm_id] /smart_shooter http://copter131:47860/
[rosmaster.master][INFO] 2019-03-27 06:23:28,390: +SERVICE [/autopilot/cal_gyros] /autopilot http://copter131:60153/
[rosmaster.master][INFO] 2019-03-27 06:23:28,391: publisherUpdate[/rosout] -> http://copter131:43190/
[rosmaster.master][INFO] 2019-03-27 06:23:28,395: +SUB [/network/payload_intent] /network http://copter131:33195/
[rosmaster.master][INFO] 2019-03-27 06:23:28,403: +SERVICE [/autopilot/demo_servos] /autopilot http://copter131:60153/
[rosmaster.master][INFO] 2019-03-27 06:23:28,414: +SERVICE [/autopilot/demo_motor] /autopilot http://copter131:60153/
[rosmaster.master][INFO] 2019-03-27 06:23:28,424: +SERVICE [/autopilot/version] /autopilot http://copter131:60153/
[rosmaster.master][INFO] 2019-03-27 06:23:28,432: +SUB [/swarm_control/subswarm_id] /greedy_shooter http://copter131:36778/
[rosmaster.master][INFO] 2019-03-27 06:23:28,437: +SERVICE [/autopilot/load_param] /autopilot http://copter131:60153/
[rosmaster.master][INFO] 2019-03-27 06:23:28,447: +PUB [/rosout] /constrained_shooter http://copter131:49208/
[rosmaster.master][INFO] 2019-03-27 06:23:28,449: +SERVICE [/autopilot/load_fence] /autopilot http://copter131:60153/
[rosmaster.master][INFO] 2019-03-27 06:23:28,452: +SUB [/swarm_control/ap_intent] /smart_shooter http://copter131:47860/
[rosmaster.master][INFO] 2019-03-27 06:23:28,453: +SUB [/network/recv_swarm_data] /wingman http://copter131:43376/
[rosmaster.master][INFO] 2019-03-27 06:23:28,461: +SERVICE [/autopilot/load_rally] /autopilot http://copter131:60153/
[rosmaster.master][INFO] 2019-03-27 06:23:28,465: +PUB [/swarm_control/behavior_status] /wingman http://copter131:43376/
[rosmaster.master][INFO] 2019-03-27 06:23:28,471: +SERVICE [/autopilot/load_wp] /autopilot http://copter131:60153/
[rosmaster.master][INFO] 2019-03-27 06:23:28,473: +SERVICE [/constrained_shooter/get_loggers] /constrained_shooter http://copter131:49208/
[rosmaster.master][INFO] 2019-03-27 06:23:28,476: +PUB [/network/send_swarm_behavior_data] /wingman http://copter131:43376/
[rosmaster.master][INFO] 2019-03-27 06:23:28,478: +SUB [/safety/payload_attitude] /safety http://copter131:36493/
[rosmaster.master][INFO] 2019-03-27 06:23:28,483: +SERVICE [/constrained_shooter/set_logger_level] /constrained_shooter http://copter131:49208/
[rosmaster.master][INFO] 2019-03-27 06:23:28,485: +SERVICE [/autopilot/fpr_param_get] /autopilot http://copter131:60153/
[rosmaster.master][INFO] 2019-03-27 06:23:28,487: +SERVICE [/wingman/set] /wingman http://copter131:43376/
[rosmaster.master][INFO] 2019-03-27 06:23:28,494: publisherUpdate[/rosout] -> http://copter131:43190/
[rosmaster.master][INFO] 2019-03-27 06:23:28,496: +SERVICE [/autopilot/fpr_param_getlist] /autopilot http://copter131:60153/
[rosmaster.master][INFO] 2019-03-27 06:23:28,497: +SERVICE [/wingman/run] /wingman http://copter131:43376/
[rosmaster.master][INFO] 2019-03-27 06:23:28,499: publisherUpdate[/network/send_swarm_behavior_data] -> http://copter131:33195/
[rosmaster.master][INFO] 2019-03-27 06:23:28,502: +SUB [/swarm_control/ap_intent] /greedy_shooter http://copter131:36778/
[rosmaster.master][INFO] 2019-03-27 06:23:28,508: +SERVICE [/autopilot/fpr_param_set] /autopilot http://copter131:60153/
[rosmaster.master][INFO] 2019-03-27 06:23:28,509: +SERVICE [/wingman/pause] /wingman http://copter131:43376/
[rosmaster.master][INFO] 2019-03-27 06:23:28,513: +SUB [/network/recv_swarm_data] /smart_shooter http://copter131:47860/
[rosmaster.master][INFO] 2019-03-27 06:23:28,516: +SERVICE [/autopilot/fpr_param_setlist] /autopilot http://copter131:60153/
[rosmaster.master][INFO] 2019-03-27 06:23:28,521: +PUB [/swarm_control/behavior_status] /smart_shooter http://copter131:47860/
[rosmaster.master][INFO] 2019-03-27 06:23:28,524: +SERVICE [/autopilot/fpr_fence_getall] /autopilot http://copter131:60153/
[rosmaster.master][INFO] 2019-03-27 06:23:28,528: +PUB [/network/send_swarm_behavior_data] /smart_shooter http://copter131:47860/
[rosmaster.master][INFO] 2019-03-27 06:23:28,531: +SERVICE [/autopilot/fpr_fence_setall] /autopilot http://copter131:60153/
[rosmaster.master][INFO] 2019-03-27 06:23:28,536: +SERVICE [/smart_shooter/set] /smart_shooter http://copter131:47860/
[rosmaster.master][INFO] 2019-03-27 06:23:28,540: +SERVICE [/autopilot/fpr_rally_getall] /autopilot http://copter131:60153/
[rosmaster.master][INFO] 2019-03-27 06:23:28,545: +SERVICE [/smart_shooter/run] /smart_shooter http://copter131:47860/
[rosmaster.master][INFO] 2019-03-27 06:23:28,548: +SERVICE [/autopilot/fpr_rally_setall] /autopilot http://copter131:60153/
[rosmaster.master][INFO] 2019-03-27 06:23:28,551: +SUB [/network/recv_swarm_data] /greedy_shooter http://copter131:36778/
[rosmaster.master][INFO] 2019-03-27 06:23:28,553: +SERVICE [/smart_shooter/pause] /smart_shooter http://copter131:47860/
[rosmaster.master][INFO] 2019-03-27 06:23:28,556: +PUB [/swarm_control/behavior_status] /greedy_shooter http://copter131:36778/
[rosmaster.master][INFO] 2019-03-27 06:23:28,558: +SUB [/autopilot/status] /constrained_shooter http://copter131:49208/
[rosmaster.master][INFO] 2019-03-27 06:23:28,560: +SERVICE [/autopilot/slave_setup] /autopilot http://copter131:60153/
[rosmaster.master][INFO] 2019-03-27 06:23:28,563: +PUB [/network/send_swarm_behavior_data] /greedy_shooter http://copter131:36778/
[rosmaster.master][INFO] 2019-03-27 06:23:28,565: +PUB [/safety/payload_waypoint] /constrained_shooter http://copter131:49208/
[rosmaster.master][INFO] 2019-03-27 06:23:28,569: +SERVICE [/greedy_shooter/set] /greedy_shooter http://copter131:36778/
[rosmaster.master][INFO] 2019-03-27 06:23:28,571: +SERVICE [/autopilot/wp_getall] /autopilot http://copter131:60153/
[rosmaster.master][INFO] 2019-03-27 06:23:28,575: +SERVICE [/greedy_shooter/run] /greedy_shooter http://copter131:36778/
[rosmaster.master][INFO] 2019-03-27 06:23:28,576: +SERVICE [/autopilot/wp_getrange] /autopilot http://copter131:60153/
[rosmaster.master][INFO] 2019-03-27 06:23:28,580: +SERVICE [/greedy_shooter/pause] /greedy_shooter http://copter131:36778/
[rosmaster.master][INFO] 2019-03-27 06:23:28,582: +SERVICE [/autopilot/wp_getlast] /autopilot http://copter131:60153/
[rosmaster.master][INFO] 2019-03-27 06:23:28,587: +SERVICE [/autopilot/wp_setall] /autopilot http://copter131:60153/
[rosmaster.master][INFO] 2019-03-27 06:23:28,594: +SERVICE [/autopilot/ap_msg_queue_last_n] /autopilot http://copter131:60153/
[rosmaster.master][INFO] 2019-03-27 06:23:28,599: +SUB [/swarm_control/subswarm_id] /constrained_shooter http://copter131:49208/
[rosmaster.master][INFO] 2019-03-27 06:23:28,601: publisherUpdate[/network/send_swarm_behavior_data] -> http://copter131:33195/
[rosmaster.master][INFO] 2019-03-27 06:23:28,604: publisherUpdate[/safety/payload_waypoint] -> http://copter131:36493/
[rosmaster.master][INFO] 2019-03-27 06:23:28,606: publisherUpdate[/network/send_swarm_behavior_data] -> http://copter131:33195/
[rosmaster.master][INFO] 2019-03-27 06:23:28,615: publisherUpdate[/autopilot/acs_pose] -> http://copter131:36493/
[rosmaster.master][INFO] 2019-03-27 06:23:28,616: +PUB [/autopilot/acs_pose] /autopilot http://copter131:60153/
[rosmaster.master][INFO] 2019-03-27 06:23:28,621: publisherUpdate[/autopilot/acs_pose] -> http://copter131:34600/
[rosmaster.master][INFO] 2019-03-27 06:23:28,627: +PUB [/autopilot/gps] /autopilot http://copter131:60153/
[rosmaster.master][INFO] 2019-03-27 06:23:28,629: +SUB [/autopilot/acs_pose] /greedy_shooter http://copter131:36778/
[rosmaster.master][INFO] 2019-03-27 06:23:28,630: publisherUpdate[/autopilot/acs_pose] -> http://copter131:45393/
[rosmaster.master][INFO] 2019-03-27 06:23:28,637: +PUB [/autopilot/gps_odom] /autopilot http://copter131:60153/
[rosmaster.master][INFO] 2019-03-27 06:23:28,639: publisherUpdate[/autopilot/acs_pose] -> http://copter131:52233/
[rosmaster.master][INFO] 2019-03-27 06:23:28,647: publisherUpdate[/autopilot/acs_pose] -> http://copter131:33195/
[rosmaster.master][INFO] 2019-03-27 06:23:28,654: +SUB [/swarm_control/ap_intent] /constrained_shooter http://copter131:49208/
[rosmaster.master][INFO] 2019-03-27 06:23:28,662: +PUB [/autopilot/imu] /autopilot http://copter131:60153/
[rosmaster.master][INFO] 2019-03-27 06:23:28,689: +SUB [/hit_tracker/hit_uavs] /greedy_shooter http://copter131:36778/
[rosmaster.master][INFO] 2019-03-27 06:23:28,696: +SUB [/autopilot/acs_pose] /tactic_interface http://copter131:48709/
[rosmaster.master][INFO] 2019-03-27 06:23:28,701: +SUB [/network/recv_swarm_data] /constrained_shooter http://copter131:49208/
[rosmaster.master][INFO] 2019-03-27 06:23:28,712: +PUB [/swarm_control/behavior_status] /constrained_shooter http://copter131:49208/
[rosmaster.master][INFO] 2019-03-27 06:23:28,720: +PUB [/network/send_swarm_behavior_data] /constrained_shooter http://copter131:49208/
[rosmaster.master][INFO] 2019-03-27 06:23:28,730: +SERVICE [/constrained_shooter/set] /constrained_shooter http://copter131:49208/
[rosmaster.master][INFO] 2019-03-27 06:23:28,736: +SERVICE [/constrained_shooter/run] /constrained_shooter http://copter131:49208/
[rosmaster.master][INFO] 2019-03-27 06:23:28,740: +SUB [/network/net_reset] /greedy_shooter http://copter131:36778/
[rosmaster.master][INFO] 2019-03-27 06:23:28,744: +SUB [/hit_tracker/hit_uavs] /tactic_interface http://copter131:48709/
[rosmaster.master][INFO] 2019-03-27 06:23:28,746: +SERVICE [/constrained_shooter/pause] /constrained_shooter http://copter131:49208/
[rosmaster.master][INFO] 2019-03-27 06:23:28,749: +PUB [/air_to_air/firing_reports] /greedy_shooter http://copter131:36778/
[rosmaster.master][INFO] 2019-03-27 06:23:28,754: publisherUpdate[/network/send_swarm_behavior_data] -> http://copter131:33195/
[rosmaster.master][INFO] 2019-03-27 06:23:28,758: +PUB [/autopilot/waypoint_goto] /greedy_shooter http://copter131:36778/
[rosmaster.master][INFO] 2019-03-27 06:23:28,760: publisherUpdate[/air_to_air/firing_reports] -> http://copter131:33195/
[rosmaster.master][INFO] 2019-03-27 06:23:28,765: publisherUpdate[/autopilot/waypoint_goto] -> http://copter131:60153/
[rosmaster.master][INFO] 2019-03-27 06:23:28,768: +SUB [/swarm_tracker/swarm_uav_states] /swarm_control http://copter131:34613/
[rosmaster.master][INFO] 2019-03-27 06:23:28,780: +SUB [/autopilot/status] /swarm_landing_sequencer http://copter131:40078/
[rosmaster.master][INFO] 2019-03-27 06:23:28,794: +PUB [/safety/payload_waypoint] /swarm_landing_sequencer http://copter131:40078/
[rosmaster.master][INFO] 2019-03-27 06:23:28,808: +SUB [/network/net_reset] /tactic_interface http://copter131:48709/
[rosmaster.master][INFO] 2019-03-27 06:23:28,815: publisherUpdate[/safety/payload_waypoint] -> http://copter131:36493/
[rosmaster.master][INFO] 2019-03-27 06:23:28,823: +PUB [/air_to_air/firing_reports] /tactic_interface http://copter131:48709/
[rosmaster.master][INFO] 2019-03-27 06:23:28,827: +SUB [/autopilot/acs_pose] /constrained_shooter http://copter131:49208/
[rosmaster.master][INFO] 2019-03-27 06:23:28,836: +PUB [/autopilot/waypoint_goto] /tactic_interface http://copter131:48709/
[rosmaster.master][INFO] 2019-03-27 06:23:28,840: +SUB [/swarm_control/behavior_status] /swarm_control http://copter131:34613/
[rosmaster.master][INFO] 2019-03-27 06:23:28,847: +PUB [/network/swarm_sub_behavior] /tactic_interface http://copter131:48709/
[rosmaster.master][INFO] 2019-03-27 06:23:28,870: +PUB [/rosout] /independent_transit http://copter131:46387/
[rosmaster.master][INFO] 2019-03-27 06:23:28,873: publisherUpdate[/air_to_air/firing_reports] -> http://copter131:33195/
[rosmaster.master][INFO] 2019-03-27 06:23:28,877: +SUB [/swarm_control/subswarm_id] /swarm_landing_sequencer http://copter131:40078/
[rosmaster.master][INFO] 2019-03-27 06:23:28,882: publisherUpdate[/autopilot/waypoint_goto] -> http://copter131:60153/
[rosmaster.master][INFO] 2019-03-27 06:23:28,893: publisherUpdate[/network/swarm_sub_behavior] -> http://copter131:33195/
[rosmaster.master][INFO] 2019-03-27 06:23:28,900: publisherUpdate[/rosout] -> http://copter131:43190/
[rosmaster.master][INFO] 2019-03-27 06:23:28,915: +SERVICE [/linear_formation/set] /linear_formation http://copter131:49992/
[rosmaster.master][INFO] 2019-03-27 06:23:28,919: +SUB [/hit_tracker/hit_uavs] /constrained_shooter http://copter131:49208/
[rosmaster.master][INFO] 2019-03-27 06:23:28,923: +SERVICE [/independent_transit/get_loggers] /independent_transit http://copter131:46387/
[rosmaster.master][INFO] 2019-03-27 06:23:28,931: +SERVICE [/linear_formation/run] /linear_formation http://copter131:49992/
[rosmaster.master][INFO] 2019-03-27 06:23:28,935: +PUB [/air_to_air/firing_reports] /constrained_shooter http://copter131:49208/
[rosmaster.master][INFO] 2019-03-27 06:23:28,940: +SERVICE [/independent_transit/set_logger_level] /independent_transit http://copter131:46387/
[rosmaster.master][INFO] 2019-03-27 06:23:28,945: +SUB [/autopilot/status] /swarm_control http://copter131:34613/
[rosmaster.master][INFO] 2019-03-27 06:23:28,946: +SERVICE [/linear_formation/pause] /linear_formation http://copter131:49992/
[rosmaster.master][INFO] 2019-03-27 06:23:28,966: +SUB [/swarm_tracker/swarm_uav_states] /safety http://copter131:36493/
[rosmaster.master][INFO] 2019-03-27 06:23:28,971: +PUB [/autopilot/waypoint_goto] /linear_formation http://copter131:49992/
[rosmaster.master][INFO] 2019-03-27 06:23:28,974: +SUB [/swarm_control/ap_intent] /swarm_landing_sequencer http://copter131:40078/
[rosmaster.master][INFO] 2019-03-27 06:23:28,978: +SERVICE [/safety/set_health_state] /safety http://copter131:36493/
[rosmaster.master][INFO] 2019-03-27 06:23:29,005: +SUB [/network/recv_swarm_data] /swarm_control http://copter131:34613/
[rosmaster.master][INFO] 2019-03-27 06:23:29,013: publisherUpdate[/air_to_air/firing_reports] -> http://copter131:33195/
[rosmaster.master][INFO] 2019-03-27 06:23:29,014: +SUB [/autopilot/status] /independent_transit http://copter131:46387/
[rosmaster.master][INFO] 2019-03-27 06:23:29,016: publisherUpdate[/autopilot/waypoint_goto] -> http://copter131:60153/
[rosmaster.master][INFO] 2019-03-27 06:23:29,027: +SUB [/network/recv_swarm_data] /swarm_landing_sequencer http://copter131:40078/
[rosmaster.master][INFO] 2019-03-27 06:23:29,029: +PUB [/safety/payload_waypoint] /independent_transit http://copter131:46387/
[rosmaster.master][INFO] 2019-03-27 06:23:29,038: +PUB [/swarm_control/behavior_status] /swarm_landing_sequencer http://copter131:40078/
[rosmaster.master][INFO] 2019-03-27 06:23:29,044: +PUB [/network/send_swarm_behavior_data] /swarm_landing_sequencer http://copter131:40078/
[rosmaster.master][INFO] 2019-03-27 06:23:29,052: +SERVICE [/swarm_landing_sequencer/set] /swarm_landing_sequencer http://copter131:40078/
[rosmaster.master][INFO] 2019-03-27 06:23:29,057: +SUB [/network/net_reset] /swarm_control http://copter131:34613/
[rosmaster.master][INFO] 2019-03-27 06:23:29,059: +SERVICE [/swarm_landing_sequencer/run] /swarm_landing_sequencer http://copter131:40078/
[rosmaster.master][INFO] 2019-03-27 06:23:29,065: +PUB [/swarm_control/subswarm_id] /swarm_control http://copter131:34613/
[rosmaster.master][INFO] 2019-03-27 06:23:29,066: +SERVICE [/swarm_landing_sequencer/pause] /swarm_landing_sequencer http://copter131:40078/
[rosmaster.master][INFO] 2019-03-27 06:23:29,067: +SUB [/swarm_control/subswarm_id] /independent_transit http://copter131:46387/
[rosmaster.master][INFO] 2019-03-27 06:23:29,071: +PUB [/swarm_control/swarm_state] /swarm_control http://copter131:34613/
[rosmaster.master][INFO] 2019-03-27 06:23:29,078: +PUB [/swarm_control/swarm_behavior] /swarm_control http://copter131:34613/
[rosmaster.master][INFO] 2019-03-27 06:23:29,091: +PUB [/swarm_control/ap_intent] /swarm_control http://copter131:34613/
[rosmaster.master][INFO] 2019-03-27 06:23:29,092: +PUB [/autopilot/waypoint_goto] /swarm_landing_sequencer http://copter131:40078/
[rosmaster.master][INFO] 2019-03-27 06:23:29,100: +PUB [/autopilot/waypoint_goto] /swarm_control http://copter131:34613/
[rosmaster.master][INFO] 2019-03-27 06:23:29,110: +PUB [/swarm_control/behavior_summary] /swarm_control http://copter131:34613/
[rosmaster.master][INFO] 2019-03-27 06:23:29,116: +PUB [/autopilot/mode_num] /swarm_control http://copter131:34613/
[rosmaster.master][INFO] 2019-03-27 06:23:29,118: +SUB [/swarm_control/ap_intent] /independent_transit http://copter131:46387/
[rosmaster.master][INFO] 2019-03-27 06:23:29,122: publisherUpdate[/safety/payload_waypoint] -> http://copter131:36493/
[rosmaster.master][INFO] 2019-03-27 06:23:29,124: publisherUpdate[/swarm_control/behavior_status] -> http://copter131:34613/
[rosmaster.master][INFO] 2019-03-27 06:23:29,124: publisherUpdate[/network/send_swarm_behavior_data] -> http://copter131:33195/
[rosmaster.master][INFO] 2019-03-27 06:23:29,127: publisherUpdate[/swarm_control/subswarm_id] -> http://copter131:49992/
[rosmaster.master][INFO] 2019-03-27 06:23:29,129: +SUB [/autopilot/acs_pose] /patrol_box_shooter http://copter131:59818/
[rosmaster.master][INFO] 2019-03-27 06:23:29,132: publisherUpdate[/swarm_control/subswarm_id] -> http://copter131:37006/
[rosmaster.master][INFO] 2019-03-27 06:23:29,139: publisherUpdate[/swarm_control/subswarm_id] -> http://copter131:52233/
[rosmaster.master][INFO] 2019-03-27 06:23:29,134: publisherUpdate[/swarm_control/subswarm_id] -> http://copter131:33195/
[rosmaster.master][INFO] 2019-03-27 06:23:29,146: publisherUpdate[/swarm_control/subswarm_id] -> http://copter131:34600/
[rosmaster.master][INFO] 2019-03-27 06:23:29,151: publisherUpdate[/swarm_control/subswarm_id] -> http://copter131:45944/
[rosmaster.master][INFO] 2019-03-27 06:23:29,156: publisherUpdate[/swarm_control/subswarm_id] -> http://copter131:59818/
[rosmaster.master][INFO] 2019-03-27 06:23:29,160: publisherUpdate[/swarm_control/subswarm_id] -> http://copter131:48709/
[rosmaster.master][INFO] 2019-03-27 06:23:29,165: publisherUpdate[/swarm_control/subswarm_id] -> http://copter131:43376/
[rosmaster.master][INFO] 2019-03-27 06:23:29,168: publisherUpdate[/swarm_control/subswarm_id] -> http://copter131:47860/
[rosmaster.master][INFO] 2019-03-27 06:23:29,173: publisherUpdate[/swarm_control/subswarm_id] -> http://copter131:36778/
[rosmaster.master][INFO] 2019-03-27 06:23:29,176: publisherUpdate[/swarm_control/subswarm_id] -> http://copter131:49208/
[rosmaster.master][INFO] 2019-03-27 06:23:29,179: publisherUpdate[/swarm_control/subswarm_id] -> http://copter131:40078/
[rosmaster.master][INFO] 2019-03-27 06:23:29,184: publisherUpdate[/swarm_control/swarm_state] -> http://copter131:34600/
[rosmaster.master][INFO] 2019-03-27 06:23:29,185: publisherUpdate[/swarm_control/swarm_state] -> http://copter131:33195/
[rosmaster.master][INFO] 2019-03-27 06:23:29,186: +SUB [/network/recv_swarm_data] /independent_transit http://copter131:46387/
[rosmaster.master][INFO] 2019-03-27 06:23:29,189: publisherUpdate[/swarm_control/ap_intent] -> http://copter131:49992/
[rosmaster.master][INFO] 2019-03-27 06:23:29,193: publisherUpdate[/swarm_control/swarm_behavior] -> http://copter131:34600/
[rosmaster.master][INFO] 2019-03-27 06:23:29,201: publisherUpdate[/swarm_control/swarm_behavior] -> http://copter131:33195/
[rosmaster.master][INFO] 2019-03-27 06:23:29,201: publisherUpdate[/swarm_control/ap_intent] -> http://copter131:37006/
[rosmaster.master][INFO] 2019-03-27 06:23:29,205: publisherUpdate[/swarm_control/ap_intent] -> http://copter131:52233/
[rosmaster.master][INFO] 2019-03-27 06:23:29,205: +PUB [/swarm_control/behavior_status] /independent_transit http://copter131:46387/
[rosmaster.master][INFO] 2019-03-27 06:23:29,211: publisherUpdate[/swarm_control/ap_intent] -> http://copter131:45944/
[rosmaster.master][INFO] 2019-03-27 06:23:29,213: publisherUpdate[/swarm_control/ap_intent] -> http://copter131:59818/
[rosmaster.master][INFO] 2019-03-27 06:23:29,217: publisherUpdate[/swarm_control/ap_intent] -> http://copter131:48709/
[rosmaster.master][INFO] 2019-03-27 06:23:29,221: publisherUpdate[/swarm_control/ap_intent] -> http://copter131:43376/
[rosmaster.master][INFO] 2019-03-27 06:23:29,224: publisherUpdate[/swarm_control/ap_intent] -> http://copter131:47860/
[rosmaster.master][INFO] 2019-03-27 06:23:29,225: +PARAM [/subswarm_id] by /swarm_tracker
[rosmaster.master][INFO] 2019-03-27 06:23:29,226: publisherUpdate[/swarm_control/ap_intent] -> http://copter131:36778/
[rosmaster.master][INFO] 2019-03-27 06:23:29,227: publisherUpdate[/swarm_control/ap_intent] -> http://copter131:49208/
[rosmaster.master][INFO] 2019-03-27 06:23:29,233: publisherUpdate[/swarm_control/ap_intent] -> http://copter131:40078/
[rosmaster.master][INFO] 2019-03-27 06:23:29,237: publisherUpdate[/autopilot/waypoint_goto] -> http://copter131:60153/
[rosmaster.master][INFO] 2019-03-27 06:23:29,240: publisherUpdate[/swarm_control/behavior_summary] -> http://copter131:33195/
[rosmaster.master][INFO] 2019-03-27 06:23:29,248: publisherUpdate[/swarm_control/behavior_status] -> http://copter131:34613/
[rosmaster.master][INFO] 2019-03-27 06:23:29,249: +PUB [/network/send_swarm_behavior_data] /independent_transit http://copter131:46387/
[rosmaster.master][INFO] 2019-03-27 06:23:29,251: publisherUpdate[/autopilot/waypoint_goto] -> http://copter131:60153/
[rosmaster.master][INFO] 2019-03-27 06:23:29,253: publisherUpdate[/network/send_swarm_behavior_data] -> http://copter131:33195/
[rosmaster.master][INFO] 2019-03-27 06:23:29,255: +SUB [/hit_tracker/hit_uavs] /patrol_box_shooter http://copter131:59818/
[rosmaster.master][INFO] 2019-03-27 06:23:29,258: publisherUpdate[/autopilot/mode_num] -> http://copter131:60153/
[rosmaster.master][INFO] 2019-03-27 06:23:29,274: +SERVICE [/independent_transit/set] /independent_transit http://copter131:46387/
[rosmaster.master][INFO] 2019-03-27 06:23:29,280: +PUB [/air_to_air/firing_reports] /patrol_box_shooter http://copter131:59818/
[rosmaster.master][INFO] 2019-03-27 06:23:29,281: +SERVICE [/independent_transit/run] /independent_transit http://copter131:46387/
[rosmaster.master][INFO] 2019-03-27 06:23:29,288: +PUB [/patrol_box_shooter/send_swarm_behavior_data] /patrol_box_shooter http://copter131:59818/
[rosmaster.master][INFO] 2019-03-27 06:23:29,289: +SERVICE [/independent_transit/pause] /independent_transit http://copter131:46387/
[rosmaster.master][INFO] 2019-03-27 06:23:29,291: publisherUpdate[/air_to_air/firing_reports] -> http://copter131:33195/
[rosmaster.master][INFO] 2019-03-27 06:23:29,364: +PUB [/autopilot/status] /autopilot http://copter131:60153/
[rosmaster.master][INFO] 2019-03-27 06:23:29,368: publisherUpdate[/autopilot/status] -> http://copter131:39126/
[rosmaster.master][INFO] 2019-03-27 06:23:29,371: publisherUpdate[/autopilot/status] -> http://copter131:49992/
[rosmaster.master][INFO] 2019-03-27 06:23:29,372: publisherUpdate[/autopilot/status] -> http://copter131:52233/
[rosmaster.master][INFO] 2019-03-27 06:23:29,374: publisherUpdate[/autopilot/status] -> http://copter131:37006/
[rosmaster.master][INFO] 2019-03-27 06:23:29,377: publisherUpdate[/autopilot/status] -> http://copter131:45944/
[rosmaster.master][INFO] 2019-03-27 06:23:29,378: publisherUpdate[/autopilot/status] -> http://copter131:59818/
[rosmaster.master][INFO] 2019-03-27 06:23:29,382: publisherUpdate[/autopilot/status] -> http://copter131:48709/
[rosmaster.master][INFO] 2019-03-27 06:23:29,383: publisherUpdate[/autopilot/status] -> http://copter131:34600/
[rosmaster.master][INFO] 2019-03-27 06:23:29,386: publisherUpdate[/autopilot/status] -> http://copter131:33195/
[rosmaster.master][INFO] 2019-03-27 06:23:29,387: publisherUpdate[/autopilot/status] -> http://copter131:36778/
[rosmaster.master][INFO] 2019-03-27 06:23:29,392: publisherUpdate[/autopilot/status] -> http://copter131:43376/
[rosmaster.master][INFO] 2019-03-27 06:23:29,393: publisherUpdate[/autopilot/status] -> http://copter131:47860/
[rosmaster.master][INFO] 2019-03-27 06:23:29,397: publisherUpdate[/autopilot/status] -> http://copter131:49208/
[rosmaster.master][INFO] 2019-03-27 06:23:29,398: publisherUpdate[/autopilot/status] -> http://copter131:40078/
[rosmaster.master][INFO] 2019-03-27 06:23:29,400: publisherUpdate[/autopilot/status] -> http://copter131:34613/
[rosmaster.master][INFO] 2019-03-27 06:23:29,410: publisherUpdate[/autopilot/status] -> http://copter131:46387/
[rosmaster.master][INFO] 2019-03-27 06:23:29,866: +SUB [/autopilot/acs_pose] /wingman http://copter131:43376/
[rosmaster.master][INFO] 2019-03-27 06:23:29,880: +SUB [/hit_tracker/hit_uavs] /wingman http://copter131:43376/
[rosmaster.master][INFO] 2019-03-27 06:23:29,884: +PUB [/autopilot/waypoint_goto] /wingman http://copter131:43376/
[rosmaster.master][INFO] 2019-03-27 06:23:29,888: +PUB [/air_to_air/firing_reports] /wingman http://copter131:43376/
[rosmaster.master][INFO] 2019-03-27 06:23:29,910: publisherUpdate[/autopilot/waypoint_goto] -> http://copter131:60153/
[rosmaster.master][INFO] 2019-03-27 06:23:29,910: publisherUpdate[/air_to_air/firing_reports] -> http://copter131:33195/
[rosmaster.master][INFO] 2019-03-27 06:23:29,921: +SUB [/autopilot/acs_pose] /smart_shooter http://copter131:47860/
[rosmaster.master][INFO] 2019-03-27 06:23:29,948: +SUB [/hit_tracker/hit_uavs] /smart_shooter http://copter131:47860/
[rosmaster.master][INFO] 2019-03-27 06:23:29,952: +PUB [/air_to_air/firing_reports] /smart_shooter http://copter131:47860/
[rosmaster.master][INFO] 2019-03-27 06:23:30,016: publisherUpdate[/air_to_air/firing_reports] -> http://copter131:33195/
[rosmaster.master][INFO] 2019-03-27 06:23:30,896: +PUB [/rosout] /evader http://copter131:41977/
[rosmaster.master][INFO] 2019-03-27 06:23:30,903: +SERVICE [/evader/get_loggers] /evader http://copter131:41977/
[rosmaster.master][INFO] 2019-03-27 06:23:30,906: +SERVICE [/evader/set_logger_level] /evader http://copter131:41977/
[rosmaster.master][INFO] 2019-03-27 06:23:30,919: publisherUpdate[/rosout] -> http://copter131:43190/
[rosmaster.master][INFO] 2019-03-27 06:23:30,925: +SUB [/autopilot/status] /evader http://copter131:41977/
[rosmaster.master][INFO] 2019-03-27 06:23:30,930: +PUB [/safety/payload_waypoint] /evader http://copter131:41977/
[rosmaster.master][INFO] 2019-03-27 06:23:30,944: +SUB [/swarm_control/subswarm_id] /evader http://copter131:41977/
[rosmaster.master][INFO] 2019-03-27 06:23:30,969: +SUB [/swarm_control/ap_intent] /evader http://copter131:41977/
[rosmaster.master][INFO] 2019-03-27 06:23:30,991: +SUB [/network/recv_swarm_data] /evader http://copter131:41977/
[rosmaster.master][INFO] 2019-03-27 06:23:30,995: +PUB [/swarm_control/behavior_status] /evader http://copter131:41977/
[rosmaster.master][INFO] 2019-03-27 06:23:30,999: +PUB [/network/send_swarm_behavior_data] /evader http://copter131:41977/
[rosmaster.master][INFO] 2019-03-27 06:23:31,002: +SERVICE [/evader/set] /evader http://copter131:41977/
[rosmaster.master][INFO] 2019-03-27 06:23:31,005: +SERVICE [/evader/run] /evader http://copter131:41977/
[rosmaster.master][INFO] 2019-03-27 06:23:31,007: +SERVICE [/evader/pause] /evader http://copter131:41977/
[rosmaster.master][INFO] 2019-03-27 06:23:31,019: publisherUpdate[/safety/payload_waypoint] -> http://copter131:36493/
[rosmaster.master][INFO] 2019-03-27 06:23:31,021: +SUB [/autopilot/acs_pose] /evader http://copter131:41977/
[rosmaster.master][INFO] 2019-03-27 06:23:31,022: publisherUpdate[/swarm_control/behavior_status] -> http://copter131:34613/
[rosmaster.master][INFO] 2019-03-27 06:23:31,025: publisherUpdate[/network/send_swarm_behavior_data] -> http://copter131:33195/
[rosmaster.master][INFO] 2019-03-27 06:23:31,047: +SUB [/hit_tracker/hit_uavs] /evader http://copter131:41977/
[rosmaster.master][INFO] 2019-03-27 06:28:49,157: -PUB [/tactic_interface/radiation] /radiation_sensor http://copter131:35365/
[rosmaster.master][INFO] 2019-03-27 06:28:49,158: -PUB [/rosout] /radiation_sensor http://copter131:35365/
[rosmaster.master][INFO] 2019-03-27 06:28:49,158: -SERVICE [/radiation_sensor/set_logger_level] /radiation_sensor rosrpc://copter131:59226
[rosmaster.master][INFO] 2019-03-27 06:28:49,158: -SERVICE [/radiation_sensor/get_loggers] /radiation_sensor rosrpc://copter131:59226
[rosmaster.master][INFO] 2019-03-27 06:28:49,239: publisherUpdate[/rosout] -> http://copter131:43190/
[rosmaster.master][INFO] 2019-03-27 06:28:49,851: +PUB [/rosout] /radiation_sensor http://copter131:41145/
[rosmaster.master][INFO] 2019-03-27 06:28:49,864: +SERVICE [/radiation_sensor/get_loggers] /radiation_sensor http://copter131:41145/
[rosmaster.master][INFO] 2019-03-27 06:28:49,870: +SERVICE [/radiation_sensor/set_logger_level] /radiation_sensor http://copter131:41145/
[rosmaster.master][INFO] 2019-03-27 06:28:49,875: +PUB [/tactic_interface/radiation] /radiation_sensor http://copter131:41145/
[rosmaster.master][INFO] 2019-03-27 06:28:49,941: publisherUpdate[/rosout] -> http://copter131:43190/
[rosmaster.master][INFO] 2019-03-27 06:31:29,588: +PARAM [/flight_ready] by /network
[rosmaster.master][INFO] 2019-03-27 06:31:31,852: +PARAM [/ok_rally] by /network
[rosmaster.master][INFO] 2019-03-27 06:31:31,855: +PARAM [/ok_wp] by /network
[rosmaster.master][INFO] 2019-03-27 06:31:31,858: +PARAM [/ok_param] by /network
[rosmaster.master][INFO] 2019-03-27 06:31:35,883: +PARAM [/ok_param] by /network
[rosmaster.master][INFO] 2019-03-27 06:31:42,114: +PARAM [/ok_rally] by /network
[rosmaster.master][INFO] 2019-03-27 06:31:43,438: +PARAM [/aircraft_type] by /swarm_control
[rosmaster.master][INFO] 2019-03-27 06:31:43,747: +PARAM [/ok_wp] by /network
[rosmaster.master][INFO] 2019-03-27 06:31:43,751: +PARAM [/swarm_team] by /network
[rosmaster.master][INFO] 2019-03-27 06:31:43,756: +PUB [/autopilot/waypoint_goto] /network http://copter131:33195/
[rosmaster.master][INFO] 2019-03-27 06:31:43,825: publisherUpdate[/autopilot/waypoint_goto] -> http://copter131:60153/
[rosmaster.master][INFO] 2019-03-27 06:32:28,128: +PUB [/autopilot/mode_num] /network http://copter131:33195/
[rosmaster.master][INFO] 2019-03-27 06:32:28,129: publisherUpdate[/autopilot/mode_num] -> http://copter131:60153/
[rosmaster.master][INFO] 2019-03-27 06:32:29,629: +PUB [/autopilot/arm] /network http://copter131:33195/
[rosmaster.master][INFO] 2019-03-27 06:32:29,637: publisherUpdate[/autopilot/arm] -> http://copter131:60153/
[rosmaster.master][INFO] 2019-03-27 06:37:15,428: +PUB [/autopilot/heartbeat_ground] /network http://copter131:33195/
[rosmaster.master][INFO] 2019-03-27 06:37:15,480: publisherUpdate[/autopilot/heartbeat_ground] -> http://copter131:36493/
[rosmaster.master][INFO] 2019-03-27 06:37:15,486: publisherUpdate[/autopilot/heartbeat_ground] -> http://copter131:60153/
[rosmaster.master][INFO] 2019-03-27 06:42:08,730: +PUB [/autopilot/copter_takeoff] /network http://copter131:33195/
[rosmaster.master][INFO] 2019-03-27 06:42:08,743: publisherUpdate[/autopilot/copter_takeoff] -> http://copter131:60153/
[rosmaster.master][INFO] 2019-03-27 06:42:14,252: +PARAM [/subswarm_id] by /swarm_tracker
[rosmaster.master][INFO] 2019-03-27 06:42:14,369: +PARAM [/subswarm_id] by /swarm_tracker
[rosmaster.master][INFO] 2019-03-27 06:42:19,037: +PARAM [/subswarm_id] by /swarm_tracker
[rosmaster.master][INFO] 2019-03-27 06:42:21,902: +PARAM [/subswarm_id] by /swarm_tracker
[rosmaster.master][INFO] 2019-03-27 06:42:32,017: +PARAM [/subswarm_id] by /swarm_tracker
[rosmaster.master][INFO] 2019-03-27 06:42:59,489: +PARAM [/subswarm_id] by /swarm_tracker
[rosmaster.master][INFO] 2019-03-27 06:46:37,406: +PARAM [/subswarm_id] by /swarm_tracker
[rosmaster.master][INFO] 2019-03-27 06:46:40,824: +PARAM [/subswarm_id] by /swarm_tracker
[rosmaster.master][INFO] 2019-03-27 06:46:46,839: +PARAM [/last_mission_wp_id] by /swarm_control
[rosmaster.master][INFO] 2019-03-27 06:46:46,863: +SUB [/red_tracker/red_uav_states] /tactic_interface http://copter131:48709/
[rosmaster.master][INFO] 2019-03-27 06:46:47,386: +SUB [/swarm_tracker/swarm_uav_states] /tactic_interface http://copter131:48709/
[rosmaster.master][INFO] 2019-03-27 06:47:05,802: +PUB [/rosout] /radeyeNode_582_1553694425648 http://copter131:38646/
[rosmaster.master][INFO] 2019-03-27 06:47:05,813: publisherUpdate[/rosout] -> http://copter131:43190/
[rosmaster.master][INFO] 2019-03-27 06:47:05,817: +SERVICE [/radeyeNode_582_1553694425648/get_loggers] /radeyeNode_582_1553694425648 http://copter131:38646/
[rosmaster.master][INFO] 2019-03-27 06:47:05,827: +SERVICE [/radeyeNode_582_1553694425648/set_logger_level] /radeyeNode_582_1553694425648 http://copter131:38646/
[rosmaster.master][INFO] 2019-03-27 06:47:05,866: +SUB [/autopilot/gps_odom] /radeyeNode_582_1553694425648 http://copter131:38646/
[rosmaster.master][INFO] 2019-03-27 06:47:05,890: +SUB [/autopilot/gps] /radeyeNode_582_1553694425648 http://copter131:38646/
