[rospy.client][INFO] 2019-03-27 06:23:25,880: init_node, name[/patrol_box], pid[2904]
[xmlrpc][INFO] 2019-03-27 06:23:25,881: XML-RPC server binding to 0.0.0.0:0
[rospy.init][INFO] 2019-03-27 06:23:25,883: ROS Slave URI: [http://copter131:52233/]
[xmlrpc][INFO] 2019-03-27 06:23:25,883: Started XML-RPC server [http://copter131:52233/]
[rospy.impl.masterslave][INFO] 2019-03-27 06:23:25,884: _ready: http://copter131:52233/
[xmlrpc][INFO] 2019-03-27 06:23:25,884: xml rpc node: starting XML-RPC server
[rospy.registration][INFO] 2019-03-27 06:23:25,886: Registering with master node http://localhost:11311
[rospy.init][INFO] 2019-03-27 06:23:25,984: registered with master
[rospy.rosout][INFO] 2019-03-27 06:23:25,984: initializing /rosout core topic
[rospy.rosout][INFO] 2019-03-27 06:23:27,131: connected to core topic /rosout
[rospy.simtime][INFO] 2019-03-27 06:23:27,272: /use_sim_time is not set, will not subscribe to simulated time [/clock] topic
[rospy.internal][INFO] 2019-03-27 06:23:27,369: topic[/rosout] adding connection to [/rosout], count 0
[rospy.internal][INFO] 2019-03-27 06:23:27,683: topic[/safety/payload_waypoint] adding connection to [/safety], count 0
[rospy.internal][INFO] 2019-03-27 06:23:28,318: topic[/network/send_swarm_behavior_data] adding connection to [/network], count 0
[rospy.internal][INFO] 2019-03-27 06:23:28,681: topic[/autopilot/acs_pose] adding connection to [http://copter131:60153/], count 0
[rospy.internal][INFO] 2019-03-27 06:23:28,874: topic[/swarm_control/behavior_status] adding connection to [/swarm_control], count 0
[rospy.internal][INFO] 2019-03-27 06:23:29,188: topic[/swarm_control/subswarm_id] adding connection to [http://copter131:34613/], count 0
[rospy.internal][INFO] 2019-03-27 06:23:29,278: topic[/swarm_control/ap_intent] adding connection to [http://copter131:34613/], count 0
[rospy.internal][INFO] 2019-03-27 06:23:29,421: topic[/autopilot/status] adding connection to [http://copter131:60153/], count 0
[rosout][INFO] 2019-03-27 06:42:14,192: patrol_box activate request False returned False
[rosout][INFO] 2019-03-27 06:42:14,328: patrol_box activate request False returned False
[rosout][INFO] 2019-03-27 06:42:18,979: patrol_box activate request False returned False
[rosout][INFO] 2019-03-27 06:42:21,847: patrol_box activate request False returned False
[rosout][INFO] 2019-03-27 06:42:59,411: patrol_box activate request False returned False
[rosout][INFO] 2019-03-27 06:46:37,332: patrol_box activate request False returned False
[rosout][INFO] 2019-03-27 06:47:04,233: patrol_box activate request False returned False
