[rospy.client][INFO] 2019-03-27 06:23:27,616: init_node, name[/pn_interceptor], pid[3114]
[xmlrpc][INFO] 2019-03-27 06:23:27,618: XML-RPC server binding to 0.0.0.0:0
[rospy.init][INFO] 2019-03-27 06:23:27,620: ROS Slave URI: [http://copter131:45944/]
[xmlrpc][INFO] 2019-03-27 06:23:27,620: Started XML-RPC server [http://copter131:45944/]
[rospy.impl.masterslave][INFO] 2019-03-27 06:23:27,620: _ready: http://copter131:45944/
[xmlrpc][INFO] 2019-03-27 06:23:27,623: xml rpc node: starting XML-RPC server
[rospy.registration][INFO] 2019-03-27 06:23:27,624: Registering with master node http://localhost:11311
[rospy.init][INFO] 2019-03-27 06:23:27,721: registered with master
[rospy.rosout][INFO] 2019-03-27 06:23:27,721: initializing /rosout core topic
[rospy.rosout][INFO] 2019-03-27 06:23:27,742: connected to core topic /rosout
[rospy.simtime][INFO] 2019-03-27 06:23:27,758: /use_sim_time is not set, will not subscribe to simulated time [/clock] topic
[rospy.internal][INFO] 2019-03-27 06:23:27,949: topic[/safety/payload_waypoint] adding connection to [/safety], count 0
[rospy.internal][INFO] 2019-03-27 06:23:27,980: topic[/rosout] adding connection to [/rosout], count 0
[rospy.internal][INFO] 2019-03-27 06:23:28,320: topic[/network/send_swarm_behavior_data] adding connection to [/network], count 0
[rospy.internal][INFO] 2019-03-27 06:23:28,879: topic[/swarm_control/behavior_status] adding connection to [/swarm_control], count 0
[rospy.internal][INFO] 2019-03-27 06:23:29,199: topic[/swarm_control/subswarm_id] adding connection to [http://copter131:34613/], count 0
[rospy.internal][INFO] 2019-03-27 06:23:29,246: topic[/swarm_control/ap_intent] adding connection to [http://copter131:34613/], count 0
[rospy.internal][INFO] 2019-03-27 06:23:29,390: topic[/autopilot/status] adding connection to [http://copter131:60153/], count 0
[rosout][INFO] 2019-03-27 06:42:14,158: pn_interceptor activate request False returned False
[rosout][INFO] 2019-03-27 06:42:14,278: pn_interceptor activate request False returned False
[rosout][INFO] 2019-03-27 06:42:18,950: pn_interceptor activate request False returned False
[rosout][INFO] 2019-03-27 06:42:21,818: pn_interceptor activate request False returned False
[rosout][INFO] 2019-03-27 06:42:59,361: pn_interceptor activate request False returned False
[rosout][INFO] 2019-03-27 06:46:37,297: pn_interceptor activate request False returned False
[rosout][INFO] 2019-03-27 06:47:04,181: pn_interceptor activate request False returned False
