[rospy.client][INFO] 2012-12-31 16:00:16,566: init_node, name[/radiation_sensor], pid[2753]
[xmlrpc][INFO] 2012-12-31 16:00:16,567: XML-RPC server binding to 0.0.0.0:0
[xmlrpc][INFO] 2012-12-31 16:00:16,568: Started XML-RPC server [http://copter131:35365/]
[rospy.impl.masterslave][INFO] 2012-12-31 16:00:16,568: _ready: http://copter131:35365/
[rospy.init][INFO] 2012-12-31 16:00:16,569: ROS Slave URI: [http://copter131:35365/]
[xmlrpc][INFO] 2012-12-31 16:00:16,581: xml rpc node: starting XML-RPC server
[rospy.registration][INFO] 2012-12-31 16:00:16,595: Registering with master node http://localhost:11311
[rospy.init][INFO] 2012-12-31 16:00:16,670: registered with master
[rospy.rosout][INFO] 2012-12-31 16:00:16,670: initializing /rosout core topic
[rospy.rosout][INFO] 2012-12-31 16:00:16,703: connected to core topic /rosout
[rospy.simtime][INFO] 2012-12-31 16:00:16,728: /use_sim_time is not set, will not subscribe to simulated time [/clock] topic
[rospy.internal][INFO] 2012-12-31 16:00:17,020: topic[/rosout] adding connection to [/rosout], count 0
[rospy.core][INFO] 2019-03-27 06:28:49,152: signal_shutdown [atexit]
[rospy.internal][INFO] 2019-03-27 06:28:49,162: topic[/rosout] removing connection to /rosout
[rospy.impl.masterslave][INFO] 2019-03-27 06:28:49,163: atexit
[rospy.client][INFO] 2019-03-27 06:28:49,743: init_node, name[/radiation_sensor], pid[28093]
[xmlrpc][INFO] 2019-03-27 06:28:49,744: XML-RPC server binding to 0.0.0.0:0
[xmlrpc][INFO] 2019-03-27 06:28:49,745: Started XML-RPC server [http://copter131:41145/]
[rospy.init][INFO] 2019-03-27 06:28:49,745: ROS Slave URI: [http://copter131:41145/]
[rospy.impl.masterslave][INFO] 2019-03-27 06:28:49,745: _ready: http://copter131:41145/
[xmlrpc][INFO] 2019-03-27 06:28:49,747: xml rpc node: starting XML-RPC server
[rospy.registration][INFO] 2019-03-27 06:28:49,748: Registering with master node http://localhost:11311
[rospy.init][INFO] 2019-03-27 06:28:49,846: registered with master
[rospy.rosout][INFO] 2019-03-27 06:28:49,846: initializing /rosout core topic
[rospy.rosout][INFO] 2019-03-27 06:28:49,854: connected to core topic /rosout
[rospy.simtime][INFO] 2019-03-27 06:28:49,859: /use_sim_time is not set, will not subscribe to simulated time [/clock] topic
[rospy.internal][INFO] 2019-03-27 06:28:50,056: topic[/rosout] adding connection to [/rosout], count 0
