[rospy.client][INFO] 2012-12-31 16:00:16,935: init_node, name[/safety], pid[2752]
[xmlrpc][INFO] 2012-12-31 16:00:16,952: XML-RPC server binding to 0.0.0.0:0
[xmlrpc][INFO] 2012-12-31 16:00:16,953: Started XML-RPC server [http://copter131:36493/]
[rospy.init][INFO] 2012-12-31 16:00:16,953: ROS Slave URI: [http://copter131:36493/]
[rospy.impl.masterslave][INFO] 2012-12-31 16:00:16,954: _ready: http://copter131:36493/
[xmlrpc][INFO] 2012-12-31 16:00:16,957: xml rpc node: starting XML-RPC server
[rospy.registration][INFO] 2012-12-31 16:00:16,959: Registering with master node http://localhost:11311
[rospy.init][INFO] 2012-12-31 16:00:17,055: registered with master
[rospy.rosout][INFO] 2012-12-31 16:00:17,056: initializing /rosout core topic
[rospy.rosout][INFO] 2012-12-31 16:00:17,073: connected to core topic /rosout
[rospy.simtime][INFO] 2012-12-31 16:00:17,102: /use_sim_time is not set, will not subscribe to simulated time [/clock] topic
[rospy.internal][INFO] 2012-12-31 16:00:17,302: topic[/rosout] adding connection to [/rosout], count 0
[rospy.internal][INFO] 2019-03-27 06:23:27,614: topic[/safety/payload_rate] adding connection to [http://copter131:37006/], count 0
[rospy.internal][INFO] 2019-03-27 06:23:27,618: topic[/safety/payload_waypoint] adding connection to [http://copter131:37006/], count 0
[rospy.internal][INFO] 2019-03-27 06:23:27,673: topic[/safety/payload_waypoint] adding connection to [http://copter131:49992/], count 1
[rospy.internal][INFO] 2019-03-27 06:23:27,681: topic[/safety/payload_waypoint] adding connection to [http://copter131:52233/], count 2
[rospy.internal][INFO] 2019-03-27 06:23:27,946: topic[/safety/payload_waypoint] adding connection to [http://copter131:45944/], count 3
[rospy.internal][INFO] 2019-03-27 06:23:28,048: topic[/autopilot/heartbeat_onboard] adding connection to [/autopilot], count 0
[rospy.internal][INFO] 2019-03-27 06:23:28,114: topic[/safety/payload_waypoint] adding connection to [http://copter131:48709/], count 4
[rospy.internal][INFO] 2019-03-27 06:23:28,118: topic[/safety/payload_waypoint] adding connection to [http://copter131:59818/], count 5
[rospy.internal][INFO] 2019-03-27 06:23:28,238: topic[/autopilot/payload_waypoint] adding connection to [/autopilot], count 0
[rospy.internal][INFO] 2019-03-27 06:23:28,343: topic[/safety/payload_waypoint] adding connection to [http://copter131:43376/], count 6
[rospy.internal][INFO] 2019-03-27 06:23:28,347: topic[/safety/payload_waypoint] adding connection to [http://copter131:36778/], count 7
[rospy.internal][INFO] 2019-03-27 06:23:28,416: topic[/safety/payload_waypoint] adding connection to [http://copter131:47860/], count 8
[rospy.internal][INFO] 2019-03-27 06:23:28,649: topic[/autopilot/acs_pose] adding connection to [http://copter131:60153/], count 0
[rospy.internal][INFO] 2019-03-27 06:23:28,660: topic[/safety/payload_waypoint] adding connection to [http://copter131:49208/], count 9
[rospy.internal][INFO] 2019-03-27 06:23:28,829: topic[/safety/payload_waypoint] adding connection to [http://copter131:40078/], count 10
[rosout][WARNING] 2019-03-27 06:23:28,869: establishing proxies for ROS /autopliot/ services
[rospy.internal][INFO] 2019-03-27 06:23:28,996: topic[/swarm_tracker/swarm_uav_states] adding connection to [http://copter131:34600/], count 0
[rospy.internal][INFO] 2019-03-27 06:23:29,183: topic[/safety/payload_waypoint] adding connection to [http://copter131:46387/], count 11
[rospy.internal][INFO] 2019-03-27 06:23:31,049: topic[/safety/payload_waypoint] adding connection to [http://copter131:41977/], count 12
[rospy.internal][INFO] 2019-03-27 06:37:15,501: topic[/autopilot/heartbeat_ground] adding connection to [http://copter131:33195/], count 0
