[rospy.client][INFO] 2012-12-31 16:00:17,651: init_node, name[/swarm_tracker], pid[2758]
[xmlrpc][INFO] 2012-12-31 16:00:17,695: XML-RPC server binding to 0.0.0.0:0
[xmlrpc][INFO] 2012-12-31 16:00:17,696: Started XML-RPC server [http://copter131:34600/]
[rospy.init][INFO] 2012-12-31 16:00:17,696: ROS Slave URI: [http://copter131:34600/]
[rospy.impl.masterslave][INFO] 2012-12-31 16:00:17,704: _ready: http://copter131:34600/
[xmlrpc][INFO] 2012-12-31 16:00:17,715: xml rpc node: starting XML-RPC server
[rospy.registration][INFO] 2012-12-31 16:00:17,715: Registering with master node http://localhost:11311
[rospy.init][INFO] 2012-12-31 16:00:17,806: registered with master
[rospy.rosout][INFO] 2012-12-31 16:00:17,806: initializing /rosout core topic
[rospy.rosout][INFO] 2012-12-31 16:00:17,932: connected to core topic /rosout
[rospy.simtime][INFO] 2012-12-31 16:00:18,012: /use_sim_time is not set, will not subscribe to simulated time [/clock] topic
[rospy.internal][INFO] 2012-12-31 16:00:18,205: topic[/rosout] adding connection to [/rosout], count 0
[rospy.internal][INFO] 2019-03-27 06:23:28,641: topic[/autopilot/acs_pose] adding connection to [http://copter131:60153/], count 0
[rospy.internal][INFO] 2019-03-27 06:23:28,801: topic[/swarm_tracker/swarm_uav_states] adding connection to [/swarm_control], count 0
[rospy.internal][INFO] 2019-03-27 06:23:28,999: topic[/swarm_tracker/swarm_uav_states] adding connection to [/safety], count 1
[rospy.internal][INFO] 2019-03-27 06:23:29,181: topic[/swarm_control/subswarm_id] adding connection to [http://copter131:34613/], count 0
[rospy.internal][INFO] 2019-03-27 06:23:29,225: topic[/swarm_control/swarm_behavior] adding connection to [http://copter131:34613/], count 0
[rospy.internal][INFO] 2019-03-27 06:23:29,231: topic[/swarm_control/swarm_state] adding connection to [http://copter131:34613/], count 0
[rospy.internal][INFO] 2019-03-27 06:23:29,442: topic[/autopilot/status] adding connection to [http://copter131:60153/], count 0
[rosout][WARNING] 2019-03-27 06:31:38,063: UAV 131 possible crash: no updates for 6.000000 secs
[rosout][INFO] 2019-03-27 06:31:48,411: Received update to own UAV 131
[rosout][WARNING] 2019-03-27 06:46:10,163: UAV 131 possible crash: no updates for 6.000000 secs
[rosout][INFO] 2019-03-27 06:46:18,956: Received update to own UAV 131
[rospy.internal][INFO] 2019-03-27 06:46:47,410: topic[/swarm_tracker/swarm_uav_states] adding connection to [/tactic_interface], count 2
