[rospy.client][INFO] 2019-03-27 06:23:26,674: init_node, name[/swarm_landing_sequencer], pid[3027]
[xmlrpc][INFO] 2019-03-27 06:23:26,676: XML-RPC server binding to 0.0.0.0:0
[rospy.init][INFO] 2019-03-27 06:23:26,678: ROS Slave URI: [http://copter131:40078/]
[xmlrpc][INFO] 2019-03-27 06:23:26,678: Started XML-RPC server [http://copter131:40078/]
[rospy.impl.masterslave][INFO] 2019-03-27 06:23:26,679: _ready: http://copter131:40078/
[xmlrpc][INFO] 2019-03-27 06:23:26,689: xml rpc node: starting XML-RPC server
[rospy.registration][INFO] 2019-03-27 06:23:26,700: Registering with master node http://localhost:11311
[rospy.init][INFO] 2019-03-27 06:23:26,779: registered with master
[rospy.rosout][INFO] 2019-03-27 06:23:26,779: initializing /rosout core topic
[rospy.rosout][INFO] 2019-03-27 06:23:26,874: connected to core topic /rosout
[rospy.simtime][INFO] 2019-03-27 06:23:26,983: /use_sim_time is not set, will not subscribe to simulated time [/clock] topic
[rospy.internal][INFO] 2019-03-27 06:23:27,094: topic[/rosout] adding connection to [/rosout], count 0
[rospy.internal][INFO] 2019-03-27 06:23:28,832: topic[/safety/payload_waypoint] adding connection to [/safety], count 0
[rospy.internal][INFO] 2019-03-27 06:23:29,159: topic[/swarm_control/behavior_status] adding connection to [/swarm_control], count 0
[rospy.internal][INFO] 2019-03-27 06:23:29,171: topic[/network/send_swarm_behavior_data] adding connection to [/network], count 0
[rospy.internal][INFO] 2019-03-27 06:23:29,257: topic[/swarm_control/subswarm_id] adding connection to [http://copter131:34613/], count 0
[rospy.internal][INFO] 2019-03-27 06:23:29,280: topic[/swarm_control/ap_intent] adding connection to [http://copter131:34613/], count 0
[rospy.internal][INFO] 2019-03-27 06:23:29,297: topic[/autopilot/waypoint_goto] adding connection to [/autopilot], count 0
[rospy.internal][INFO] 2019-03-27 06:23:29,425: topic[/autopilot/status] adding connection to [http://copter131:60153/], count 0
[rosout][INFO] 2019-03-27 06:42:14,147: swarm_landing_sequencer activate request False returned False
[rosout][INFO] 2019-03-27 06:42:14,247: swarm_landing_sequencer activate request False returned False
[rosout][INFO] 2019-03-27 06:42:18,934: swarm_landing_sequencer activate request False returned False
[rosout][INFO] 2019-03-27 06:42:21,807: swarm_landing_sequencer activate request False returned False
[rosout][INFO] 2019-03-27 06:42:59,341: swarm_landing_sequencer activate request False returned False
[rosout][INFO] 2019-03-27 06:46:37,283: swarm_landing_sequencer activate request False returned False
[rosout][INFO] 2019-03-27 06:47:04,163: swarm_landing_sequencer activate request False returned False
