[rospy.client][INFO] 2019-03-27 06:23:27,982: init_node, name[/tactic_interface], pid[2979]
[xmlrpc][INFO] 2019-03-27 06:23:27,984: XML-RPC server binding to 0.0.0.0:0
[xmlrpc][INFO] 2019-03-27 06:23:27,985: Started XML-RPC server [http://copter131:48709/]
[rospy.init][INFO] 2019-03-27 06:23:27,985: ROS Slave URI: [http://copter131:48709/]
[rospy.impl.masterslave][INFO] 2019-03-27 06:23:27,985: _ready: http://copter131:48709/
[xmlrpc][INFO] 2019-03-27 06:23:27,987: xml rpc node: starting XML-RPC server
[rospy.registration][INFO] 2019-03-27 06:23:27,986: Registering with master node http://localhost:11311
[rospy.registration][INFO] 2019-03-27 06:23:27,989: Registering publisher topic [/safety/payload_waypoint] type [autopilot_bridge/LLA] with master
[rospy.registration][INFO] 2019-03-27 06:23:27,999: registering subscriber topic [/autopilot/status] type [autopilot_bridge/Status] with master
[rospy.init][INFO] 2019-03-27 06:23:28,086: registered with master
[rospy.rosout][INFO] 2019-03-27 06:23:28,086: initializing /rosout core topic
[rospy.rosout][INFO] 2019-03-27 06:23:28,097: connected to core topic /rosout
[rospy.simtime][INFO] 2019-03-27 06:23:28,104: /use_sim_time is not set, will not subscribe to simulated time [/clock] topic
[rospy.internal][INFO] 2019-03-27 06:23:28,117: topic[/safety/payload_waypoint] adding connection to [/safety], count 0
[rospy.internal][INFO] 2019-03-27 06:23:28,309: topic[/rosout] adding connection to [/rosout], count 0
[rospy.internal][INFO] 2019-03-27 06:23:28,334: topic[/network/send_swarm_behavior_data] adding connection to [/network], count 0
[rospy.internal][INFO] 2019-03-27 06:23:28,335: topic[/network/send_swarm_behavior_data] adding connection to [/network], count 1
[rospy.internal][INFO] 2019-03-27 06:23:28,336: topic[/network/send_swarm_behavior_data] removing connection to /network
[rospy.internal][INFO] 2019-03-27 06:23:28,716: topic[/autopilot/acs_pose] adding connection to [http://copter131:60153/], count 0
[rospy.internal][INFO] 2019-03-27 06:23:28,783: topic[/hit_tracker/hit_uavs] adding connection to [http://copter131:49934/], count 0
[rospy.internal][INFO] 2019-03-27 06:23:28,895: topic[/swarm_control/behavior_status] adding connection to [/swarm_control], count 0
[rospy.internal][INFO] 2019-03-27 06:23:28,919: topic[/network/swarm_sub_behavior] adding connection to [/network], count 0
[rospy.internal][INFO] 2019-03-27 06:23:28,922: topic[/air_to_air/firing_reports] adding connection to [/network], count 0
[rospy.internal][INFO] 2019-03-27 06:23:28,935: topic[/autopilot/waypoint_goto] adding connection to [/autopilot], count 0
[rospy.internal][INFO] 2019-03-27 06:23:29,237: topic[/swarm_control/subswarm_id] adding connection to [http://copter131:34613/], count 0
[rospy.internal][INFO] 2019-03-27 06:23:29,268: topic[/swarm_control/ap_intent] adding connection to [http://copter131:34613/], count 0
[rospy.internal][INFO] 2019-03-27 06:23:29,402: topic[/autopilot/status] adding connection to [http://copter131:60153/], count 0
[rosout][INFO] 2019-03-27 06:42:14,206: tactic_interface activate request False returned False
[rosout][INFO] 2019-03-27 06:42:14,346: tactic_interface activate request False returned False
[rosout][INFO] 2019-03-27 06:42:18,995: tactic_interface activate request False returned False
[rosout][INFO] 2019-03-27 06:42:21,863: tactic_interface activate request False returned False
[rosout][INFO] 2019-03-27 06:42:59,429: tactic_interface activate request False returned False
[rosout][INFO] 2019-03-27 06:46:37,344: tactic_interface activate request False returned False
[rospy.internal][INFO] 2019-03-27 06:46:46,902: topic[/red_tracker/red_uav_states] adding connection to [http://copter131:45393/], count 0
[rospy.internal][INFO] 2019-03-27 06:46:47,403: topic[/swarm_tracker/swarm_uav_states] adding connection to [http://copter131:34600/], count 0
[rosout][ERROR] 2019-03-27 06:46:47,924: Error processing request: 'GreedyGoto' object has no attribute '_enumList'
['Traceback (most recent call last):\n', '  File "/opt/ros/indigo/lib/python2.7/dist-packages/rospy/impl/tcpros_service.py", line 623, in _handle_request\n    response = convert_return_to_response(self.handler(request), self.response_class)\n', '  File "/home/odroid/acs_ros_ws/src/autonomy-payload/ap_lib/src/ap_lib/behavior.py", line 266, in _set_srv\n    resp = self.set_behavior(set_req.params.params)\n', '  File "/home/odroid/acs_ros_ws/src/autonomy-payload/ap_path_planning/src/ap_path_planning/tactic_interface.py", line 242, in set_behavior\n    if not self.load_tactic(self._tactic_params):\n', '  File "/home/odroid/acs_ros_ws/src/autonomy-payload/ap_path_planning/src/ap_path_planning/tactic_interface.py", line 184, in load_tactic\n    self._tactic.init(tactic_params)\n', '  File "/home/odroid/scrimmage/usma/plugins/autonomy/python/zeph_X.py", line 73, in init\n    for i in range(0, len(self._enumList)):\n', "AttributeError: 'GreedyGoto' object has no attribute '_enumList'\n"]
[rosout][INFO] 2019-03-27 06:47:04,144: tactic_interface ready state set to 'True'
[rosout][INFO] 2019-03-27 06:47:04,146: tactic_interface set request returned True
[rosout][INFO] 2019-03-27 06:47:04,249: tactic_interface activate request False returned False
[rosout][INFO] 2019-03-27 06:47:05,283: activating behavior tactic_interface
[rosout][INFO] 2019-03-27 06:47:05,284: tactic_interface activate request True returned True
[rosout][WARNING] 2019-03-27 06:47:05,323: tactic_interface, Timed Loop Error: [Errno 111] Connection refused
[rosout][WARNING] 2019-03-27 06:47:05,407: tactic_interface, Timed Loop Error: 131 is not in list
[rosout][WARNING] 2019-03-27 06:47:05,507: tactic_interface, Timed Loop Error: 131 is not in list
[rosout][WARNING] 2019-03-27 06:47:05,608: tactic_interface, Timed Loop Error: 131 is not in list
[rosout][WARNING] 2019-03-27 06:47:05,707: tactic_interface, Timed Loop Error: 131 is not in list
[rosout][WARNING] 2019-03-27 06:47:05,807: tactic_interface, Timed Loop Error: 131 is not in list
[rosout][WARNING] 2019-03-27 06:47:05,907: tactic_interface, Timed Loop Error: 131 is not in list
[rosout][WARNING] 2019-03-27 06:47:06,007: tactic_interface, Timed Loop Error: 131 is not in list
[rosout][WARNING] 2019-03-27 06:47:06,107: tactic_interface, Timed Loop Error: 131 is not in list
[rosout][WARNING] 2019-03-27 06:47:06,207: tactic_interface, Timed Loop Error: 131 is not in list
[rosout][WARNING] 2019-03-27 06:47:06,308: tactic_interface, Timed Loop Error: 131 is not in list
[rosout][WARNING] 2019-03-27 06:47:06,407: tactic_interface, Timed Loop Error: 131 is not in list
[rosout][WARNING] 2019-03-27 06:47:06,507: tactic_interface, Timed Loop Error: 131 is not in list
[rosout][WARNING] 2019-03-27 06:47:06,607: tactic_interface, Timed Loop Error: 131 is not in list
[rosout][WARNING] 2019-03-27 06:47:06,707: tactic_interface, Timed Loop Error: 131 is not in list
[rosout][WARNING] 2019-03-27 06:47:06,807: tactic_interface, Timed Loop Error: 131 is not in list
[rosout][WARNING] 2019-03-27 06:47:06,907: tactic_interface, Timed Loop Error: 131 is not in list
[rosout][WARNING] 2019-03-27 06:47:07,007: tactic_interface, Timed Loop Error: 131 is not in list
[rosout][WARNING] 2019-03-27 06:47:07,108: tactic_interface, Timed Loop Error: 131 is not in list
[rosout][WARNING] 2019-03-27 06:47:07,207: tactic_interface, Timed Loop Error: 131 is not in list
[rosout][WARNING] 2019-03-27 06:47:07,308: tactic_interface, Timed Loop Error: 131 is not in list
[rosout][WARNING] 2019-03-27 06:47:07,408: tactic_interface, Timed Loop Error: 131 is not in list
[rosout][WARNING] 2019-03-27 06:47:07,507: tactic_interface, Timed Loop Error: 131 is not in list
[rosout][WARNING] 2019-03-27 06:47:07,608: tactic_interface, Timed Loop Error: 131 is not in list
[rosout][WARNING] 2019-03-27 06:47:07,707: tactic_interface, Timed Loop Error: 131 is not in list
[rosout][WARNING] 2019-03-27 06:47:07,807: tactic_interface, Timed Loop Error: 131 is not in list
[rosout][WARNING] 2019-03-27 06:47:07,907: tactic_interface, Timed Loop Error: 131 is not in list
[rosout][WARNING] 2019-03-27 06:47:08,007: tactic_interface, Timed Loop Error: 131 is not in list
[rosout][WARNING] 2019-03-27 06:47:08,108: tactic_interface, Timed Loop Error: 131 is not in list
[rosout][WARNING] 2019-03-27 06:47:08,208: tactic_interface, Timed Loop Error: 131 is not in list
[rosout][WARNING] 2019-03-27 06:47:08,308: tactic_interface, Timed Loop Error: 131 is not in list
[rosout][WARNING] 2019-03-27 06:47:08,408: tactic_interface, Timed Loop Error: 131 is not in list
[rosout][WARNING] 2019-03-27 06:47:08,509: tactic_interface, Timed Loop Error: 131 is not in list
[rosout][WARNING] 2019-03-27 06:47:08,607: tactic_interface, Timed Loop Error: 131 is not in list
[rosout][WARNING] 2019-03-27 06:47:08,708: tactic_interface, Timed Loop Error: 131 is not in list
[rosout][WARNING] 2019-03-27 06:47:08,808: tactic_interface, Timed Loop Error: 131 is not in list
[rosout][WARNING] 2019-03-27 06:47:08,907: tactic_interface, Timed Loop Error: 131 is not in list
[rosout][WARNING] 2019-03-27 06:47:09,007: tactic_interface, Timed Loop Error: 131 is not in list
[rosout][WARNING] 2019-03-27 06:47:09,107: tactic_interface, Timed Loop Error: 131 is not in list
[rosout][WARNING] 2019-03-27 06:47:09,207: tactic_interface, Timed Loop Error: 131 is not in list
[rosout][WARNING] 2019-03-27 06:47:09,307: tactic_interface, Timed Loop Error: 131 is not in list
[rosout][WARNING] 2019-03-27 06:47:09,407: tactic_interface, Timed Loop Error: 131 is not in list
[rosout][WARNING] 2019-03-27 06:47:09,508: tactic_interface, Timed Loop Error: 131 is not in list
[rosout][WARNING] 2019-03-27 06:47:09,607: tactic_interface, Timed Loop Error: 131 is not in list
[rosout][WARNING] 2019-03-27 06:47:09,707: tactic_interface, Timed Loop Error: 131 is not in list
[rosout][WARNING] 2019-03-27 06:47:09,807: tactic_interface, Timed Loop Error: 131 is not in list
[rosout][WARNING] 2019-03-27 06:47:09,907: tactic_interface, Timed Loop Error: 131 is not in list
[rosout][WARNING] 2019-03-27 06:47:10,007: tactic_interface, Timed Loop Error: 131 is not in list
[rosout][WARNING] 2019-03-27 06:47:10,107: tactic_interface, Timed Loop Error: 131 is not in list
[rosout][WARNING] 2019-03-27 06:47:10,208: tactic_interface, Timed Loop Error: 131 is not in list
[rosout][ERROR] 2019-03-27 06:47:11,320: Error processing request: 'GreedyGoto' object has no attribute '_enumList'
['Traceback (most recent call last):\n', '  File "/opt/ros/indigo/lib/python2.7/dist-packages/rospy/impl/tcpros_service.py", line 623, in _handle_request\n    response = convert_return_to_response(self.handler(request), self.response_class)\n', '  File "/home/odroid/acs_ros_ws/src/autonomy-payload/ap_lib/src/ap_lib/behavior.py", line 266, in _set_srv\n    resp = self.set_behavior(set_req.params.params)\n', '  File "/home/odroid/acs_ros_ws/src/autonomy-payload/ap_path_planning/src/ap_path_planning/tactic_interface.py", line 242, in set_behavior\n    if not self.load_tactic(self._tactic_params):\n', '  File "/home/odroid/acs_ros_ws/src/autonomy-payload/ap_path_planning/src/ap_path_planning/tactic_interface.py", line 184, in load_tactic\n    self._tactic.init(tactic_params)\n', '  File "/home/odroid/scrimmage/usma/plugins/autonomy/python/zeph_X.py", line 73, in init\n    for i in range(0, len(self._enumList)):\n', "AttributeError: 'GreedyGoto' object has no attribute '_enumList'\n"]
[rosout][WARNING] 2019-03-27 06:47:11,320: tactic_interface, Timed Loop Error: 'GreedyGoto' object has no attribute '_enumList'
[rosout][WARNING] 2019-03-27 06:47:11,325: tactic_interface, Timed Loop Error: 'GreedyGoto' object has no attribute '_desired_lat'
[rosout][WARNING] 2019-03-27 06:47:11,425: tactic_interface, Timed Loop Error: 'GreedyGoto' object has no attribute '_desired_lat'
[rosout][WARNING] 2019-03-27 06:47:11,525: tactic_interface, Timed Loop Error: 'GreedyGoto' object has no attribute '_desired_lat'
[rosout][WARNING] 2019-03-27 06:47:11,625: tactic_interface, Timed Loop Error: 'GreedyGoto' object has no attribute '_desired_lat'
[rosout][WARNING] 2019-03-27 06:47:11,725: tactic_interface, Timed Loop Error: 'GreedyGoto' object has no attribute '_desired_lat'
[rosout][WARNING] 2019-03-27 06:47:11,825: tactic_interface, Timed Loop Error: 'GreedyGoto' object has no attribute '_desired_lat'
[rosout][WARNING] 2019-03-27 06:47:11,925: tactic_interface, Timed Loop Error: 'GreedyGoto' object has no attribute '_desired_lat'
[rosout][WARNING] 2019-03-27 06:47:12,025: tactic_interface, Timed Loop Error: 'GreedyGoto' object has no attribute '_desired_lat'
[rosout][WARNING] 2019-03-27 06:47:12,125: tactic_interface, Timed Loop Error: 'GreedyGoto' object has no attribute '_desired_lat'
[rosout][WARNING] 2019-03-27 06:47:12,225: tactic_interface, Timed Loop Error: 'GreedyGoto' object has no attribute '_desired_lat'
[rosout][WARNING] 2019-03-27 06:47:12,325: tactic_interface, Timed Loop Error: 'GreedyGoto' object has no attribute '_desired_lat'
[rosout][WARNING] 2019-03-27 06:47:12,425: tactic_interface, Timed Loop Error: 'GreedyGoto' object has no attribute '_desired_lat'
[rosout][WARNING] 2019-03-27 06:47:12,525: tactic_interface, Timed Loop Error: 'GreedyGoto' object has no attribute '_desired_lat'
[rosout][WARNING] 2019-03-27 06:47:12,625: tactic_interface, Timed Loop Error: 'GreedyGoto' object has no attribute '_desired_lat'
[rosout][WARNING] 2019-03-27 06:47:12,725: tactic_interface, Timed Loop Error: 'GreedyGoto' object has no attribute '_desired_lat'
[rosout][WARNING] 2019-03-27 06:47:12,825: tactic_interface, Timed Loop Error: 'GreedyGoto' object has no attribute '_desired_lat'
[rosout][WARNING] 2019-03-27 06:47:12,925: tactic_interface, Timed Loop Error: 'GreedyGoto' object has no attribute '_desired_lat'
[rosout][WARNING] 2019-03-27 06:47:13,025: tactic_interface, Timed Loop Error: 'GreedyGoto' object has no attribute '_desired_lat'
[rosout][WARNING] 2019-03-27 06:47:13,125: tactic_interface, Timed Loop Error: 'GreedyGoto' object has no attribute '_desired_lat'
[rosout][WARNING] 2019-03-27 06:47:13,225: tactic_interface, Timed Loop Error: 'GreedyGoto' object has no attribute '_desired_lat'
[rosout][WARNING] 2019-03-27 06:47:13,325: tactic_interface, Timed Loop Error: 'GreedyGoto' object has no attribute '_desired_lat'
[rosout][WARNING] 2019-03-27 06:47:13,425: tactic_interface, Timed Loop Error: 'GreedyGoto' object has no attribute '_desired_lat'
[rosout][WARNING] 2019-03-27 06:47:13,525: tactic_interface, Timed Loop Error: 'GreedyGoto' object has no attribute '_desired_lat'
[rosout][WARNING] 2019-03-27 06:47:13,625: tactic_interface, Timed Loop Error: 'GreedyGoto' object has no attribute '_desired_lat'
[rosout][WARNING] 2019-03-27 06:47:13,725: tactic_interface, Timed Loop Error: 'GreedyGoto' object has no attribute '_desired_lat'
[rosout][WARNING] 2019-03-27 06:47:13,825: tactic_interface, Timed Loop Error: 'GreedyGoto' object has no attribute '_desired_lat'
[rosout][WARNING] 2019-03-27 06:47:13,925: tactic_interface, Timed Loop Error: 'GreedyGoto' object has no attribute '_desired_lat'
[rosout][WARNING] 2019-03-27 06:47:14,025: tactic_interface, Timed Loop Error: 'GreedyGoto' object has no attribute '_desired_lat'
[rosout][WARNING] 2019-03-27 06:47:14,125: tactic_interface, Timed Loop Error: 'GreedyGoto' object has no attribute '_desired_lat'
[rosout][WARNING] 2019-03-27 06:47:14,225: tactic_interface, Timed Loop Error: 'GreedyGoto' object has no attribute '_desired_lat'
[rosout][WARNING] 2019-03-27 06:47:14,325: tactic_interface, Timed Loop Error: 'GreedyGoto' object has no attribute '_desired_lat'
[rosout][WARNING] 2019-03-27 06:47:14,425: tactic_interface, Timed Loop Error: 'GreedyGoto' object has no attribute '_desired_lat'
[rosout][WARNING] 2019-03-27 06:47:14,525: tactic_interface, Timed Loop Error: 'GreedyGoto' object has no attribute '_desired_lat'
[rosout][WARNING] 2019-03-27 06:47:14,625: tactic_interface, Timed Loop Error: 'GreedyGoto' object has no attribute '_desired_lat'
[rosout][WARNING] 2019-03-27 06:47:14,725: tactic_interface, Timed Loop Error: 'GreedyGoto' object has no attribute '_desired_lat'
[rosout][WARNING] 2019-03-27 06:47:14,825: tactic_interface, Timed Loop Error: 'GreedyGoto' object has no attribute '_desired_lat'
[rosout][WARNING] 2019-03-27 06:47:14,925: tactic_interface, Timed Loop Error: 'GreedyGoto' object has no attribute '_desired_lat'
[rosout][WARNING] 2019-03-27 06:47:15,025: tactic_interface, Timed Loop Error: 'GreedyGoto' object has no attribute '_desired_lat'
[rosout][WARNING] 2019-03-27 06:47:15,125: tactic_interface, Timed Loop Error: 'GreedyGoto' object has no attribute '_desired_lat'
[rosout][WARNING] 2019-03-27 06:47:15,225: tactic_interface, Timed Loop Error: 'GreedyGoto' object has no attribute '_desired_lat'
[rosout][WARNING] 2019-03-27 06:47:15,325: tactic_interface, Timed Loop Error: 'GreedyGoto' object has no attribute '_desired_lat'
[rosout][WARNING] 2019-03-27 06:47:15,425: tactic_interface, Timed Loop Error: 'GreedyGoto' object has no attribute '_desired_lat'
[rosout][WARNING] 2019-03-27 06:47:15,525: tactic_interface, Timed Loop Error: 'GreedyGoto' object has no attribute '_desired_lat'
[rosout][WARNING] 2019-03-27 06:47:15,625: tactic_interface, Timed Loop Error: 'GreedyGoto' object has no attribute '_desired_lat'
[rosout][WARNING] 2019-03-27 06:47:15,725: tactic_interface, Timed Loop Error: 'GreedyGoto' object has no attribute '_desired_lat'
[rosout][WARNING] 2019-03-27 06:47:15,825: tactic_interface, Timed Loop Error: 'GreedyGoto' object has no attribute '_desired_lat'
[rosout][WARNING] 2019-03-27 06:47:15,925: tactic_interface, Timed Loop Error: 'GreedyGoto' object has no attribute '_desired_lat'
[rosout][WARNING] 2019-03-27 06:47:16,025: tactic_interface, Timed Loop Error: 'GreedyGoto' object has no attribute '_desired_lat'
[rosout][WARNING] 2019-03-27 06:47:16,125: tactic_interface, Timed Loop Error: 'GreedyGoto' object has no attribute '_desired_lat'
[rosout][WARNING] 2019-03-27 06:47:16,225: tactic_interface, Timed Loop Error: 'GreedyGoto' object has no attribute '_desired_lat'
[rosout][WARNING] 2019-03-27 06:47:16,325: tactic_interface, Timed Loop Error: 'GreedyGoto' object has no attribute '_desired_lat'
[rosout][WARNING] 2019-03-27 06:47:16,425: tactic_interface, Timed Loop Error: 'GreedyGoto' object has no attribute '_desired_lat'
[rosout][WARNING] 2019-03-27 06:47:16,525: tactic_interface, Timed Loop Error: 'GreedyGoto' object has no attribute '_desired_lat'
[rosout][WARNING] 2019-03-27 06:47:16,625: tactic_interface, Timed Loop Error: 'GreedyGoto' object has no attribute '_desired_lat'
[rosout][WARNING] 2019-03-27 06:47:16,725: tactic_interface, Timed Loop Error: 'GreedyGoto' object has no attribute '_desired_lat'
[rosout][WARNING] 2019-03-27 06:47:16,825: tactic_interface, Timed Loop Error: 'GreedyGoto' object has no attribute '_desired_lat'
[rosout][WARNING] 2019-03-27 06:47:16,925: tactic_interface, Timed Loop Error: 'GreedyGoto' object has no attribute '_desired_lat'
[rosout][WARNING] 2019-03-27 06:47:17,025: tactic_interface, Timed Loop Error: 'GreedyGoto' object has no attribute '_desired_lat'
[rosout][WARNING] 2019-03-27 06:47:17,125: tactic_interface, Timed Loop Error: 'GreedyGoto' object has no attribute '_desired_lat'
[rosout][WARNING] 2019-03-27 06:47:17,225: tactic_interface, Timed Loop Error: 'GreedyGoto' object has no attribute '_desired_lat'
[rosout][WARNING] 2019-03-27 06:47:17,325: tactic_interface, Timed Loop Error: 'GreedyGoto' object has no attribute '_desired_lat'
[rosout][WARNING] 2019-03-27 06:47:17,425: tactic_interface, Timed Loop Error: 'GreedyGoto' object has no attribute '_desired_lat'
[rosout][WARNING] 2019-03-27 06:47:17,525: tactic_interface, Timed Loop Error: 'GreedyGoto' object has no attribute '_desired_lat'
[rosout][WARNING] 2019-03-27 06:47:17,625: tactic_interface, Timed Loop Error: 'GreedyGoto' object has no attribute '_desired_lat'
[rosout][INFO] 2019-03-27 06:47:18,840: tactic_interface set request returned True
[rosout][ERROR] 2019-03-27 06:47:24,839: Error processing request: 'GreedyGoto' object has no attribute '_enumList'
['Traceback (most recent call last):\n', '  File "/opt/ros/indigo/lib/python2.7/dist-packages/rospy/impl/tcpros_service.py", line 623, in _handle_request\n    response = convert_return_to_response(self.handler(request), self.response_class)\n', '  File "/home/odroid/acs_ros_ws/src/autonomy-payload/ap_lib/src/ap_lib/behavior.py", line 266, in _set_srv\n    resp = self.set_behavior(set_req.params.params)\n', '  File "/home/odroid/acs_ros_ws/src/autonomy-payload/ap_path_planning/src/ap_path_planning/tactic_interface.py", line 242, in set_behavior\n    if not self.load_tactic(self._tactic_params):\n', '  File "/home/odroid/acs_ros_ws/src/autonomy-payload/ap_path_planning/src/ap_path_planning/tactic_interface.py", line 184, in load_tactic\n    self._tactic.init(tactic_params)\n', '  File "/home/odroid/scrimmage/usma/plugins/autonomy/python/zeph_X.py", line 73, in init\n    for i in range(0, len(self._enumList)):\n', "AttributeError: 'GreedyGoto' object has no attribute '_enumList'\n"]
[rosout][WARNING] 2019-03-27 06:47:24,840: tactic_interface, Timed Loop Error: 'GreedyGoto' object has no attribute '_enumList'
[rosout][WARNING] 2019-03-27 06:47:24,845: tactic_interface, Timed Loop Error: 'GreedyGoto' object has no attribute '_desired_lat'
[rosout][WARNING] 2019-03-27 06:47:24,944: tactic_interface, Timed Loop Error: 'GreedyGoto' object has no attribute '_desired_lat'
[rosout][WARNING] 2019-03-27 06:47:25,044: tactic_interface, Timed Loop Error: 'GreedyGoto' object has no attribute '_desired_lat'
[rosout][WARNING] 2019-03-27 06:47:25,144: tactic_interface, Timed Loop Error: 'GreedyGoto' object has no attribute '_desired_lat'
[rosout][WARNING] 2019-03-27 06:47:25,244: tactic_interface, Timed Loop Error: 'GreedyGoto' object has no attribute '_desired_lat'
[rosout][WARNING] 2019-03-27 06:47:25,344: tactic_interface, Timed Loop Error: 'GreedyGoto' object has no attribute '_desired_lat'
[rosout][WARNING] 2019-03-27 06:47:25,444: tactic_interface, Timed Loop Error: 'GreedyGoto' object has no attribute '_desired_lat'
[rosout][WARNING] 2019-03-27 06:47:25,544: tactic_interface, Timed Loop Error: 'GreedyGoto' object has no attribute '_desired_lat'
[rosout][WARNING] 2019-03-27 06:47:25,644: tactic_interface, Timed Loop Error: 'GreedyGoto' object has no attribute '_desired_lat'
[rosout][WARNING] 2019-03-27 06:47:25,744: tactic_interface, Timed Loop Error: 'GreedyGoto' object has no attribute '_desired_lat'
[rosout][WARNING] 2019-03-27 06:47:25,844: tactic_interface, Timed Loop Error: 'GreedyGoto' object has no attribute '_desired_lat'
[rosout][WARNING] 2019-03-27 06:47:25,944: tactic_interface, Timed Loop Error: 'GreedyGoto' object has no attribute '_desired_lat'
[rosout][WARNING] 2019-03-27 06:47:26,044: tactic_interface, Timed Loop Error: 'GreedyGoto' object has no attribute '_desired_lat'
[rosout][WARNING] 2019-03-27 06:47:26,144: tactic_interface, Timed Loop Error: 'GreedyGoto' object has no attribute '_desired_lat'
[rosout][WARNING] 2019-03-27 06:47:26,244: tactic_interface, Timed Loop Error: 'GreedyGoto' object has no attribute '_desired_lat'
[rosout][WARNING] 2019-03-27 06:47:26,344: tactic_interface, Timed Loop Error: 'GreedyGoto' object has no attribute '_desired_lat'
[rosout][WARNING] 2019-03-27 06:47:26,444: tactic_interface, Timed Loop Error: 'GreedyGoto' object has no attribute '_desired_lat'
[rosout][WARNING] 2019-03-27 06:47:26,544: tactic_interface, Timed Loop Error: 'GreedyGoto' object has no attribute '_desired_lat'
[rosout][WARNING] 2019-03-27 06:47:26,644: tactic_interface, Timed Loop Error: 'GreedyGoto' object has no attribute '_desired_lat'
[rosout][WARNING] 2019-03-27 06:47:26,744: tactic_interface, Timed Loop Error: 'GreedyGoto' object has no attribute '_desired_lat'
[rosout][WARNING] 2019-03-27 06:47:26,844: tactic_interface, Timed Loop Error: 'GreedyGoto' object has no attribute '_desired_lat'
[rosout][WARNING] 2019-03-27 06:47:26,944: tactic_interface, Timed Loop Error: 'GreedyGoto' object has no attribute '_desired_lat'
[rosout][WARNING] 2019-03-27 06:47:27,044: tactic_interface, Timed Loop Error: 'GreedyGoto' object has no attribute '_desired_lat'
[rosout][WARNING] 2019-03-27 06:47:27,144: tactic_interface, Timed Loop Error: 'GreedyGoto' object has no attribute '_desired_lat'
[rosout][WARNING] 2019-03-27 06:47:27,244: tactic_interface, Timed Loop Error: 'GreedyGoto' object has no attribute '_desired_lat'
[rosout][WARNING] 2019-03-27 06:47:27,344: tactic_interface, Timed Loop Error: 'GreedyGoto' object has no attribute '_desired_lat'
[rosout][WARNING] 2019-03-27 06:47:27,444: tactic_interface, Timed Loop Error: 'GreedyGoto' object has no attribute '_desired_lat'
[rosout][WARNING] 2019-03-27 06:47:27,544: tactic_interface, Timed Loop Error: 'GreedyGoto' object has no attribute '_desired_lat'
[rosout][WARNING] 2019-03-27 06:47:27,644: tactic_interface, Timed Loop Error: 'GreedyGoto' object has no attribute '_desired_lat'
[rosout][WARNING] 2019-03-27 06:47:27,744: tactic_interface, Timed Loop Error: 'GreedyGoto' object has no attribute '_desired_lat'
[rosout][WARNING] 2019-03-27 06:47:27,844: tactic_interface, Timed Loop Error: 'GreedyGoto' object has no attribute '_desired_lat'
[rosout][WARNING] 2019-03-27 06:47:27,944: tactic_interface, Timed Loop Error: 'GreedyGoto' object has no attribute '_desired_lat'
[rosout][WARNING] 2019-03-27 06:47:28,045: tactic_interface, Timed Loop Error: 'GreedyGoto' object has no attribute '_desired_lat'
[rosout][WARNING] 2019-03-27 06:47:28,145: tactic_interface, Timed Loop Error: 'GreedyGoto' object has no attribute '_desired_lat'
[rosout][WARNING] 2019-03-27 06:47:28,244: tactic_interface, Timed Loop Error: 'GreedyGoto' object has no attribute '_desired_lat'
[rosout][WARNING] 2019-03-27 06:47:28,344: tactic_interface, Timed Loop Error: 'GreedyGoto' object has no attribute '_desired_lat'
[rosout][WARNING] 2019-03-27 06:47:28,444: tactic_interface, Timed Loop Error: 'GreedyGoto' object has no attribute '_desired_lat'
[rosout][WARNING] 2019-03-27 06:47:28,544: tactic_interface, Timed Loop Error: 'GreedyGoto' object has no attribute '_desired_lat'
[rosout][WARNING] 2019-03-27 06:47:28,644: tactic_interface, Timed Loop Error: 'GreedyGoto' object has no attribute '_desired_lat'
[rosout][WARNING] 2019-03-27 06:47:28,744: tactic_interface, Timed Loop Error: 'GreedyGoto' object has no attribute '_desired_lat'
[rosout][WARNING] 2019-03-27 06:47:28,844: tactic_interface, Timed Loop Error: 'GreedyGoto' object has no attribute '_desired_lat'
[rosout][WARNING] 2019-03-27 06:47:28,944: tactic_interface, Timed Loop Error: 'GreedyGoto' object has no attribute '_desired_lat'
[rosout][WARNING] 2019-03-27 06:47:29,044: tactic_interface, Timed Loop Error: 'GreedyGoto' object has no attribute '_desired_lat'
[rosout][WARNING] 2019-03-27 06:47:29,144: tactic_interface, Timed Loop Error: 'GreedyGoto' object has no attribute '_desired_lat'
[rosout][WARNING] 2019-03-27 06:47:29,244: tactic_interface, Timed Loop Error: 'GreedyGoto' object has no attribute '_desired_lat'
[rosout][WARNING] 2019-03-27 06:47:29,344: tactic_interface, Timed Loop Error: 'GreedyGoto' object has no attribute '_desired_lat'
[rosout][WARNING] 2019-03-27 06:47:29,444: tactic_interface, Timed Loop Error: 'GreedyGoto' object has no attribute '_desired_lat'
[rosout][WARNING] 2019-03-27 06:47:29,544: tactic_interface, Timed Loop Error: 'GreedyGoto' object has no attribute '_desired_lat'
[rosout][WARNING] 2019-03-27 06:47:29,644: tactic_interface, Timed Loop Error: 'GreedyGoto' object has no attribute '_desired_lat'
[rosout][WARNING] 2019-03-27 06:47:29,744: tactic_interface, Timed Loop Error: 'GreedyGoto' object has no attribute '_desired_lat'
[rosout][WARNING] 2019-03-27 06:47:29,844: tactic_interface, Timed Loop Error: 'GreedyGoto' object has no attribute '_desired_lat'
[rosout][WARNING] 2019-03-27 06:47:29,944: tactic_interface, Timed Loop Error: 'GreedyGoto' object has no attribute '_desired_lat'
[rosout][WARNING] 2019-03-27 06:47:30,045: tactic_interface, Timed Loop Error: 'GreedyGoto' object has no attribute '_desired_lat'
[rosout][WARNING] 2019-03-27 06:47:30,144: tactic_interface, Timed Loop Error: 'GreedyGoto' object has no attribute '_desired_lat'
[rosout][WARNING] 2019-03-27 06:47:30,244: tactic_interface, Timed Loop Error: 'GreedyGoto' object has no attribute '_desired_lat'
[rosout][WARNING] 2019-03-27 06:47:30,344: tactic_interface, Timed Loop Error: 'GreedyGoto' object has no attribute '_desired_lat'
[rosout][WARNING] 2019-03-27 06:47:30,444: tactic_interface, Timed Loop Error: 'GreedyGoto' object has no attribute '_desired_lat'
[rosout][WARNING] 2019-03-27 06:47:30,544: tactic_interface, Timed Loop Error: 'GreedyGoto' object has no attribute '_desired_lat'
[rosout][WARNING] 2019-03-27 06:47:30,644: tactic_interface, Timed Loop Error: 'GreedyGoto' object has no attribute '_desired_lat'
[rosout][WARNING] 2019-03-27 06:47:30,744: tactic_interface, Timed Loop Error: 'GreedyGoto' object has no attribute '_desired_lat'
[rosout][WARNING] 2019-03-27 06:47:30,844: tactic_interface, Timed Loop Error: 'GreedyGoto' object has no attribute '_desired_lat'
[rosout][WARNING] 2019-03-27 06:47:30,944: tactic_interface, Timed Loop Error: 'GreedyGoto' object has no attribute '_desired_lat'
[rosout][WARNING] 2019-03-27 06:47:31,044: tactic_interface, Timed Loop Error: 'GreedyGoto' object has no attribute '_desired_lat'
[rosout][WARNING] 2019-03-27 06:47:31,144: tactic_interface, Timed Loop Error: 'GreedyGoto' object has no attribute '_desired_lat'
[rosout][WARNING] 2019-03-27 06:47:31,244: tactic_interface, Timed Loop Error: 'GreedyGoto' object has no attribute '_desired_lat'
[rosout][WARNING] 2019-03-27 06:47:31,344: tactic_interface, Timed Loop Error: 'GreedyGoto' object has no attribute '_desired_lat'
[rosout][WARNING] 2019-03-27 06:47:31,444: tactic_interface, Timed Loop Error: 'GreedyGoto' object has no attribute '_desired_lat'
[rosout][WARNING] 2019-03-27 06:47:31,544: tactic_interface, Timed Loop Error: 'GreedyGoto' object has no attribute '_desired_lat'
[rosout][WARNING] 2019-03-27 06:47:31,644: tactic_interface, Timed Loop Error: 'GreedyGoto' object has no attribute '_desired_lat'
[rosout][WARNING] 2019-03-27 06:47:31,744: tactic_interface, Timed Loop Error: 'GreedyGoto' object has no attribute '_desired_lat'
[rosout][WARNING] 2019-03-27 06:47:31,844: tactic_interface, Timed Loop Error: 'GreedyGoto' object has no attribute '_desired_lat'
[rosout][WARNING] 2019-03-27 06:47:31,944: tactic_interface, Timed Loop Error: 'GreedyGoto' object has no attribute '_desired_lat'
[rosout][WARNING] 2019-03-27 06:47:32,044: tactic_interface, Timed Loop Error: 'GreedyGoto' object has no attribute '_desired_lat'
[rosout][WARNING] 2019-03-27 06:47:32,144: tactic_interface, Timed Loop Error: 'GreedyGoto' object has no attribute '_desired_lat'
[rosout][WARNING] 2019-03-27 06:47:32,244: tactic_interface, Timed Loop Error: 'GreedyGoto' object has no attribute '_desired_lat'
[rosout][WARNING] 2019-03-27 06:47:32,344: tactic_interface, Timed Loop Error: 'GreedyGoto' object has no attribute '_desired_lat'
[rosout][WARNING] 2019-03-27 06:47:32,444: tactic_interface, Timed Loop Error: 'GreedyGoto' object has no attribute '_desired_lat'
[rosout][WARNING] 2019-03-27 06:47:32,544: tactic_interface, Timed Loop Error: 'GreedyGoto' object has no attribute '_desired_lat'
[rosout][WARNING] 2019-03-27 06:47:32,644: tactic_interface, Timed Loop Error: 'GreedyGoto' object has no attribute '_desired_lat'
[rosout][WARNING] 2019-03-27 06:47:32,744: tactic_interface, Timed Loop Error: 'GreedyGoto' object has no attribute '_desired_lat'
[rosout][WARNING] 2019-03-27 06:47:32,844: tactic_interface, Timed Loop Error: 'GreedyGoto' object has no attribute '_desired_lat'
[rosout][WARNING] 2019-03-27 06:47:32,944: tactic_interface, Timed Loop Error: 'GreedyGoto' object has no attribute '_desired_lat'
[rosout][WARNING] 2019-03-27 06:47:33,044: tactic_interface, Timed Loop Error: 'GreedyGoto' object has no attribute '_desired_lat'
[rosout][WARNING] 2019-03-27 06:47:33,144: tactic_interface, Timed Loop Error: 'GreedyGoto' object has no attribute '_desired_lat'
[rosout][WARNING] 2019-03-27 06:47:33,244: tactic_interface, Timed Loop Error: 'GreedyGoto' object has no attribute '_desired_lat'
[rosout][WARNING] 2019-03-27 06:47:33,344: tactic_interface, Timed Loop Error: 'GreedyGoto' object has no attribute '_desired_lat'
[rosout][WARNING] 2019-03-27 06:47:33,444: tactic_interface, Timed Loop Error: 'GreedyGoto' object has no attribute '_desired_lat'
[rosout][WARNING] 2019-03-27 06:47:33,544: tactic_interface, Timed Loop Error: 'GreedyGoto' object has no attribute '_desired_lat'
[rosout][WARNING] 2019-03-27 06:47:33,645: tactic_interface, Timed Loop Error: 'GreedyGoto' object has no attribute '_desired_lat'
[rosout][WARNING] 2019-03-27 06:47:33,744: tactic_interface, Timed Loop Error: 'GreedyGoto' object has no attribute '_desired_lat'
[rosout][WARNING] 2019-03-27 06:47:33,844: tactic_interface, Timed Loop Error: 'GreedyGoto' object has no attribute '_desired_lat'
[rosout][WARNING] 2019-03-27 06:47:33,944: tactic_interface, Timed Loop Error: 'GreedyGoto' object has no attribute '_desired_lat'
[rosout][WARNING] 2019-03-27 06:47:34,044: tactic_interface, Timed Loop Error: 'GreedyGoto' object has no attribute '_desired_lat'
[rosout][WARNING] 2019-03-27 06:47:34,144: tactic_interface, Timed Loop Error: 'GreedyGoto' object has no attribute '_desired_lat'
[rosout][WARNING] 2019-03-27 06:47:34,244: tactic_interface, Timed Loop Error: 'GreedyGoto' object has no attribute '_desired_lat'
[rosout][WARNING] 2019-03-27 06:47:34,344: tactic_interface, Timed Loop Error: 'GreedyGoto' object has no attribute '_desired_lat'
[rosout][WARNING] 2019-03-27 06:47:34,444: tactic_interface, Timed Loop Error: 'GreedyGoto' object has no attribute '_desired_lat'
[rosout][WARNING] 2019-03-27 06:47:34,544: tactic_interface, Timed Loop Error: 'GreedyGoto' object has no attribute '_desired_lat'
[rosout][WARNING] 2019-03-27 06:47:34,645: tactic_interface, Timed Loop Error: 'GreedyGoto' object has no attribute '_desired_lat'
[rosout][WARNING] 2019-03-27 06:47:34,745: tactic_interface, Timed Loop Error: 'GreedyGoto' object has no attribute '_desired_lat'
[rosout][WARNING] 2019-03-27 06:47:34,844: tactic_interface, Timed Loop Error: 'GreedyGoto' object has no attribute '_desired_lat'
[rosout][WARNING] 2019-03-27 06:47:34,944: tactic_interface, Timed Loop Error: 'GreedyGoto' object has no attribute '_desired_lat'
[rosout][WARNING] 2019-03-27 06:47:35,044: tactic_interface, Timed Loop Error: 'GreedyGoto' object has no attribute '_desired_lat'
[rosout][WARNING] 2019-03-27 06:47:35,144: tactic_interface, Timed Loop Error: 'GreedyGoto' object has no attribute '_desired_lat'
[rosout][WARNING] 2019-03-27 06:47:35,244: tactic_interface, Timed Loop Error: 'GreedyGoto' object has no attribute '_desired_lat'
[rosout][WARNING] 2019-03-27 06:47:35,344: tactic_interface, Timed Loop Error: 'GreedyGoto' object has no attribute '_desired_lat'
[rosout][WARNING] 2019-03-27 06:47:35,444: tactic_interface, Timed Loop Error: 'GreedyGoto' object has no attribute '_desired_lat'
[rosout][WARNING] 2019-03-27 06:47:35,544: tactic_interface, Timed Loop Error: 'GreedyGoto' object has no attribute '_desired_lat'
[rosout][WARNING] 2019-03-27 06:47:35,644: tactic_interface, Timed Loop Error: 'GreedyGoto' object has no attribute '_desired_lat'
[rosout][WARNING] 2019-03-27 06:47:35,744: tactic_interface, Timed Loop Error: 'GreedyGoto' object has no attribute '_desired_lat'
[rosout][WARNING] 2019-03-27 06:47:35,844: tactic_interface, Timed Loop Error: 'GreedyGoto' object has no attribute '_desired_lat'
[rosout][WARNING] 2019-03-27 06:47:35,944: tactic_interface, Timed Loop Error: 'GreedyGoto' object has no attribute '_desired_lat'
[rosout][WARNING] 2019-03-27 06:47:36,044: tactic_interface, Timed Loop Error: 'GreedyGoto' object has no attribute '_desired_lat'
[rosout][WARNING] 2019-03-27 06:47:36,144: tactic_interface, Timed Loop Error: 'GreedyGoto' object has no attribute '_desired_lat'
[rosout][WARNING] 2019-03-27 06:47:36,245: tactic_interface, Timed Loop Error: 'GreedyGoto' object has no attribute '_desired_lat'
[rosout][WARNING] 2019-03-27 06:47:36,344: tactic_interface, Timed Loop Error: 'GreedyGoto' object has no attribute '_desired_lat'
[rosout][WARNING] 2019-03-27 06:47:36,444: tactic_interface, Timed Loop Error: 'GreedyGoto' object has no attribute '_desired_lat'
[rosout][WARNING] 2019-03-27 06:47:36,545: tactic_interface, Timed Loop Error: 'GreedyGoto' object has no attribute '_desired_lat'
[rosout][WARNING] 2019-03-27 06:47:36,644: tactic_interface, Timed Loop Error: 'GreedyGoto' object has no attribute '_desired_lat'
[rosout][WARNING] 2019-03-27 06:47:36,745: tactic_interface, Timed Loop Error: 'GreedyGoto' object has no attribute '_desired_lat'
[rosout][WARNING] 2019-03-27 06:47:36,844: tactic_interface, Timed Loop Error: 'GreedyGoto' object has no attribute '_desired_lat'
[rosout][WARNING] 2019-03-27 06:47:36,944: tactic_interface, Timed Loop Error: 'GreedyGoto' object has no attribute '_desired_lat'
[rosout][WARNING] 2019-03-27 06:47:37,044: tactic_interface, Timed Loop Error: 'GreedyGoto' object has no attribute '_desired_lat'
[rosout][WARNING] 2019-03-27 06:47:37,144: tactic_interface, Timed Loop Error: 'GreedyGoto' object has no attribute '_desired_lat'
[rosout][WARNING] 2019-03-27 06:47:37,244: tactic_interface, Timed Loop Error: 'GreedyGoto' object has no attribute '_desired_lat'
[rosout][WARNING] 2019-03-27 06:47:37,344: tactic_interface, Timed Loop Error: 'GreedyGoto' object has no attribute '_desired_lat'
[rosout][WARNING] 2019-03-27 06:47:37,444: tactic_interface, Timed Loop Error: 'GreedyGoto' object has no attribute '_desired_lat'
[rosout][WARNING] 2019-03-27 06:47:37,544: tactic_interface, Timed Loop Error: 'GreedyGoto' object has no attribute '_desired_lat'
[rosout][WARNING] 2019-03-27 06:47:37,644: tactic_interface, Timed Loop Error: 'GreedyGoto' object has no attribute '_desired_lat'
[rosout][WARNING] 2019-03-27 06:47:37,744: tactic_interface, Timed Loop Error: 'GreedyGoto' object has no attribute '_desired_lat'
[rosout][WARNING] 2019-03-27 06:47:37,844: tactic_interface, Timed Loop Error: 'GreedyGoto' object has no attribute '_desired_lat'
[rosout][WARNING] 2019-03-27 06:47:37,944: tactic_interface, Timed Loop Error: 'GreedyGoto' object has no attribute '_desired_lat'
[rosout][WARNING] 2019-03-27 06:47:38,045: tactic_interface, Timed Loop Error: 'GreedyGoto' object has no attribute '_desired_lat'
[rosout][WARNING] 2019-03-27 06:47:38,144: tactic_interface, Timed Loop Error: 'GreedyGoto' object has no attribute '_desired_lat'
[rosout][WARNING] 2019-03-27 06:47:38,244: tactic_interface, Timed Loop Error: 'GreedyGoto' object has no attribute '_desired_lat'
[rosout][WARNING] 2019-03-27 06:47:38,344: tactic_interface, Timed Loop Error: 'GreedyGoto' object has no attribute '_desired_lat'
[rosout][WARNING] 2019-03-27 06:47:38,444: tactic_interface, Timed Loop Error: 'GreedyGoto' object has no attribute '_desired_lat'
[rosout][WARNING] 2019-03-27 06:47:38,545: tactic_interface, Timed Loop Error: 'GreedyGoto' object has no attribute '_desired_lat'
[rosout][WARNING] 2019-03-27 06:47:38,644: tactic_interface, Timed Loop Error: 'GreedyGoto' object has no attribute '_desired_lat'
[rosout][WARNING] 2019-03-27 06:47:38,744: tactic_interface, Timed Loop Error: 'GreedyGoto' object has no attribute '_desired_lat'
[rosout][WARNING] 2019-03-27 06:47:38,845: tactic_interface, Timed Loop Error: 'GreedyGoto' object has no attribute '_desired_lat'
[rosout][WARNING] 2019-03-27 06:47:38,945: tactic_interface, Timed Loop Error: 'GreedyGoto' object has no attribute '_desired_lat'
[rosout][WARNING] 2019-03-27 06:47:39,044: tactic_interface, Timed Loop Error: 'GreedyGoto' object has no attribute '_desired_lat'
[rosout][WARNING] 2019-03-27 06:47:39,144: tactic_interface, Timed Loop Error: 'GreedyGoto' object has no attribute '_desired_lat'
[rosout][WARNING] 2019-03-27 06:47:39,244: tactic_interface, Timed Loop Error: 'GreedyGoto' object has no attribute '_desired_lat'
[rosout][WARNING] 2019-03-27 06:47:39,344: tactic_interface, Timed Loop Error: 'GreedyGoto' object has no attribute '_desired_lat'
[rosout][WARNING] 2019-03-27 06:47:39,444: tactic_interface, Timed Loop Error: 'GreedyGoto' object has no attribute '_desired_lat'
[rosout][WARNING] 2019-03-27 06:47:39,544: tactic_interface, Timed Loop Error: 'GreedyGoto' object has no attribute '_desired_lat'
[rosout][WARNING] 2019-03-27 06:47:39,644: tactic_interface, Timed Loop Error: 'GreedyGoto' object has no attribute '_desired_lat'
[rosout][WARNING] 2019-03-27 06:47:39,744: tactic_interface, Timed Loop Error: 'GreedyGoto' object has no attribute '_desired_lat'
[rosout][WARNING] 2019-03-27 06:47:39,844: tactic_interface, Timed Loop Error: 'GreedyGoto' object has no attribute '_desired_lat'
[rosout][WARNING] 2019-03-27 06:47:39,944: tactic_interface, Timed Loop Error: 'GreedyGoto' object has no attribute '_desired_lat'
[rosout][WARNING] 2019-03-27 06:47:40,044: tactic_interface, Timed Loop Error: 'GreedyGoto' object has no attribute '_desired_lat'
[rosout][WARNING] 2019-03-27 06:47:40,144: tactic_interface, Timed Loop Error: 'GreedyGoto' object has no attribute '_desired_lat'
[rosout][WARNING] 2019-03-27 06:47:40,244: tactic_interface, Timed Loop Error: 'GreedyGoto' object has no attribute '_desired_lat'
[rosout][WARNING] 2019-03-27 06:47:40,344: tactic_interface, Timed Loop Error: 'GreedyGoto' object has no attribute '_desired_lat'
[rosout][WARNING] 2019-03-27 06:47:40,444: tactic_interface, Timed Loop Error: 'GreedyGoto' object has no attribute '_desired_lat'
[rosout][WARNING] 2019-03-27 06:47:40,544: tactic_interface, Timed Loop Error: 'GreedyGoto' object has no attribute '_desired_lat'
[rosout][WARNING] 2019-03-27 06:47:40,644: tactic_interface, Timed Loop Error: 'GreedyGoto' object has no attribute '_desired_lat'
[rosout][WARNING] 2019-03-27 06:47:40,744: tactic_interface, Timed Loop Error: 'GreedyGoto' object has no attribute '_desired_lat'
[rosout][WARNING] 2019-03-27 06:47:40,844: tactic_interface, Timed Loop Error: 'GreedyGoto' object has no attribute '_desired_lat'
[rosout][WARNING] 2019-03-27 06:47:40,944: tactic_interface, Timed Loop Error: 'GreedyGoto' object has no attribute '_desired_lat'
[rosout][WARNING] 2019-03-27 06:47:41,044: tactic_interface, Timed Loop Error: 'GreedyGoto' object has no attribute '_desired_lat'
[rosout][WARNING] 2019-03-27 06:47:41,144: tactic_interface, Timed Loop Error: 'GreedyGoto' object has no attribute '_desired_lat'
[rosout][WARNING] 2019-03-27 06:47:41,244: tactic_interface, Timed Loop Error: 'GreedyGoto' object has no attribute '_desired_lat'
[rosout][WARNING] 2019-03-27 06:47:41,344: tactic_interface, Timed Loop Error: 'GreedyGoto' object has no attribute '_desired_lat'
[rosout][WARNING] 2019-03-27 06:47:41,444: tactic_interface, Timed Loop Error: 'GreedyGoto' object has no attribute '_desired_lat'
[rosout][WARNING] 2019-03-27 06:47:41,544: tactic_interface, Timed Loop Error: 'GreedyGoto' object has no attribute '_desired_lat'
[rosout][WARNING] 2019-03-27 06:47:41,644: tactic_interface, Timed Loop Error: 'GreedyGoto' object has no attribute '_desired_lat'
[rosout][WARNING] 2019-03-27 06:47:41,744: tactic_interface, Timed Loop Error: 'GreedyGoto' object has no attribute '_desired_lat'
[rosout][WARNING] 2019-03-27 06:47:41,844: tactic_interface, Timed Loop Error: 'GreedyGoto' object has no attribute '_desired_lat'
[rosout][WARNING] 2019-03-27 06:47:41,944: tactic_interface, Timed Loop Error: 'GreedyGoto' object has no attribute '_desired_lat'
[rosout][WARNING] 2019-03-27 06:47:42,044: tactic_interface, Timed Loop Error: 'GreedyGoto' object has no attribute '_desired_lat'
[rosout][WARNING] 2019-03-27 06:47:42,144: tactic_interface, Timed Loop Error: 'GreedyGoto' object has no attribute '_desired_lat'
[rosout][WARNING] 2019-03-27 06:47:42,244: tactic_interface, Timed Loop Error: 'GreedyGoto' object has no attribute '_desired_lat'
[rosout][WARNING] 2019-03-27 06:47:42,344: tactic_interface, Timed Loop Error: 'GreedyGoto' object has no attribute '_desired_lat'
[rosout][WARNING] 2019-03-27 06:47:42,444: tactic_interface, Timed Loop Error: 'GreedyGoto' object has no attribute '_desired_lat'
[rosout][WARNING] 2019-03-27 06:47:42,544: tactic_interface, Timed Loop Error: 'GreedyGoto' object has no attribute '_desired_lat'
[rosout][WARNING] 2019-03-27 06:47:42,644: tactic_interface, Timed Loop Error: 'GreedyGoto' object has no attribute '_desired_lat'
[rosout][WARNING] 2019-03-27 06:47:42,744: tactic_interface, Timed Loop Error: 'GreedyGoto' object has no attribute '_desired_lat'
[rosout][WARNING] 2019-03-27 06:47:42,844: tactic_interface, Timed Loop Error: 'GreedyGoto' object has no attribute '_desired_lat'
[rosout][WARNING] 2019-03-27 06:47:42,944: tactic_interface, Timed Loop Error: 'GreedyGoto' object has no attribute '_desired_lat'
[rosout][WARNING] 2019-03-27 06:47:43,044: tactic_interface, Timed Loop Error: 'GreedyGoto' object has no attribute '_desired_lat'
[rosout][WARNING] 2019-03-27 06:47:43,144: tactic_interface, Timed Loop Error: 'GreedyGoto' object has no attribute '_desired_lat'
[rosout][WARNING] 2019-03-27 06:47:43,244: tactic_interface, Timed Loop Error: 'GreedyGoto' object has no attribute '_desired_lat'
[rosout][WARNING] 2019-03-27 06:47:43,344: tactic_interface, Timed Loop Error: 'GreedyGoto' object has no attribute '_desired_lat'
[rosout][WARNING] 2019-03-27 06:47:43,444: tactic_interface, Timed Loop Error: 'GreedyGoto' object has no attribute '_desired_lat'
[rosout][WARNING] 2019-03-27 06:47:43,544: tactic_interface, Timed Loop Error: 'GreedyGoto' object has no attribute '_desired_lat'
[rosout][WARNING] 2019-03-27 06:47:43,644: tactic_interface, Timed Loop Error: 'GreedyGoto' object has no attribute '_desired_lat'
[rosout][WARNING] 2019-03-27 06:47:43,744: tactic_interface, Timed Loop Error: 'GreedyGoto' object has no attribute '_desired_lat'
[rosout][WARNING] 2019-03-27 06:47:43,844: tactic_interface, Timed Loop Error: 'GreedyGoto' object has no attribute '_desired_lat'
[rosout][WARNING] 2019-03-27 06:47:43,944: tactic_interface, Timed Loop Error: 'GreedyGoto' object has no attribute '_desired_lat'
[rosout][WARNING] 2019-03-27 06:47:44,044: tactic_interface, Timed Loop Error: 'GreedyGoto' object has no attribute '_desired_lat'
[rosout][WARNING] 2019-03-27 06:47:44,144: tactic_interface, Timed Loop Error: 'GreedyGoto' object has no attribute '_desired_lat'
[rosout][WARNING] 2019-03-27 06:47:44,244: tactic_interface, Timed Loop Error: 'GreedyGoto' object has no attribute '_desired_lat'
[rosout][WARNING] 2019-03-27 06:47:44,344: tactic_interface, Timed Loop Error: 'GreedyGoto' object has no attribute '_desired_lat'
[rosout][WARNING] 2019-03-27 06:47:44,444: tactic_interface, Timed Loop Error: 'GreedyGoto' object has no attribute '_desired_lat'
[rosout][WARNING] 2019-03-27 06:47:44,544: tactic_interface, Timed Loop Error: 'GreedyGoto' object has no attribute '_desired_lat'
[rosout][WARNING] 2019-03-27 06:47:44,644: tactic_interface, Timed Loop Error: 'GreedyGoto' object has no attribute '_desired_lat'
[rosout][WARNING] 2019-03-27 06:47:44,745: tactic_interface, Timed Loop Error: 'GreedyGoto' object has no attribute '_desired_lat'
[rosout][WARNING] 2019-03-27 06:47:44,844: tactic_interface, Timed Loop Error: 'GreedyGoto' object has no attribute '_desired_lat'
[rosout][WARNING] 2019-03-27 06:47:44,944: tactic_interface, Timed Loop Error: 'GreedyGoto' object has no attribute '_desired_lat'
[rosout][WARNING] 2019-03-27 06:47:45,044: tactic_interface, Timed Loop Error: 'GreedyGoto' object has no attribute '_desired_lat'
[rosout][WARNING] 2019-03-27 06:47:45,144: tactic_interface, Timed Loop Error: 'GreedyGoto' object has no attribute '_desired_lat'
[rosout][WARNING] 2019-03-27 06:47:45,244: tactic_interface, Timed Loop Error: 'GreedyGoto' object has no attribute '_desired_lat'
[rosout][WARNING] 2019-03-27 06:47:45,344: tactic_interface, Timed Loop Error: 'GreedyGoto' object has no attribute '_desired_lat'
[rosout][WARNING] 2019-03-27 06:47:45,444: tactic_interface, Timed Loop Error: 'GreedyGoto' object has no attribute '_desired_lat'
[rosout][WARNING] 2019-03-27 06:47:45,545: tactic_interface, Timed Loop Error: 'GreedyGoto' object has no attribute '_desired_lat'
[rosout][WARNING] 2019-03-27 06:47:45,644: tactic_interface, Timed Loop Error: 'GreedyGoto' object has no attribute '_desired_lat'
[rosout][WARNING] 2019-03-27 06:47:45,744: tactic_interface, Timed Loop Error: 'GreedyGoto' object has no attribute '_desired_lat'
[rosout][WARNING] 2019-03-27 06:47:45,844: tactic_interface, Timed Loop Error: 'GreedyGoto' object has no attribute '_desired_lat'
[rosout][WARNING] 2019-03-27 06:47:45,944: tactic_interface, Timed Loop Error: 'GreedyGoto' object has no attribute '_desired_lat'
[rosout][WARNING] 2019-03-27 06:47:46,044: tactic_interface, Timed Loop Error: 'GreedyGoto' object has no attribute '_desired_lat'
[rosout][WARNING] 2019-03-27 06:47:46,144: tactic_interface, Timed Loop Error: 'GreedyGoto' object has no attribute '_desired_lat'
[rosout][WARNING] 2019-03-27 06:47:46,244: tactic_interface, Timed Loop Error: 'GreedyGoto' object has no attribute '_desired_lat'
[rosout][WARNING] 2019-03-27 06:47:46,344: tactic_interface, Timed Loop Error: 'GreedyGoto' object has no attribute '_desired_lat'
[rosout][WARNING] 2019-03-27 06:47:46,444: tactic_interface, Timed Loop Error: 'GreedyGoto' object has no attribute '_desired_lat'
[rosout][WARNING] 2019-03-27 06:47:46,544: tactic_interface, Timed Loop Error: 'GreedyGoto' object has no attribute '_desired_lat'
[rosout][WARNING] 2019-03-27 06:47:46,644: tactic_interface, Timed Loop Error: 'GreedyGoto' object has no attribute '_desired_lat'
[rosout][WARNING] 2019-03-27 06:47:46,744: tactic_interface, Timed Loop Error: 'GreedyGoto' object has no attribute '_desired_lat'
[rosout][WARNING] 2019-03-27 06:47:46,844: tactic_interface, Timed Loop Error: 'GreedyGoto' object has no attribute '_desired_lat'
[rosout][WARNING] 2019-03-27 06:47:46,944: tactic_interface, Timed Loop Error: 'GreedyGoto' object has no attribute '_desired_lat'
[rosout][WARNING] 2019-03-27 06:47:47,044: tactic_interface, Timed Loop Error: 'GreedyGoto' object has no attribute '_desired_lat'
[rosout][WARNING] 2019-03-27 06:47:47,144: tactic_interface, Timed Loop Error: 'GreedyGoto' object has no attribute '_desired_lat'
[rosout][WARNING] 2019-03-27 06:47:47,244: tactic_interface, Timed Loop Error: 'GreedyGoto' object has no attribute '_desired_lat'
[rosout][WARNING] 2019-03-27 06:47:47,344: tactic_interface, Timed Loop Error: 'GreedyGoto' object has no attribute '_desired_lat'
[rosout][WARNING] 2019-03-27 06:47:47,445: tactic_interface, Timed Loop Error: 'GreedyGoto' object has no attribute '_desired_lat'
[rosout][WARNING] 2019-03-27 06:47:47,544: tactic_interface, Timed Loop Error: 'GreedyGoto' object has no attribute '_desired_lat'
[rosout][WARNING] 2019-03-27 06:47:47,644: tactic_interface, Timed Loop Error: 'GreedyGoto' object has no attribute '_desired_lat'
[rosout][WARNING] 2019-03-27 06:47:47,744: tactic_interface, Timed Loop Error: 'GreedyGoto' object has no attribute '_desired_lat'
[rosout][WARNING] 2019-03-27 06:47:47,844: tactic_interface, Timed Loop Error: 'GreedyGoto' object has no attribute '_desired_lat'
[rosout][WARNING] 2019-03-27 06:47:47,944: tactic_interface, Timed Loop Error: 'GreedyGoto' object has no attribute '_desired_lat'
[rosout][WARNING] 2019-03-27 06:47:48,044: tactic_interface, Timed Loop Error: 'GreedyGoto' object has no attribute '_desired_lat'
[rosout][WARNING] 2019-03-27 06:47:48,144: tactic_interface, Timed Loop Error: 'GreedyGoto' object has no attribute '_desired_lat'
[rosout][WARNING] 2019-03-27 06:47:48,244: tactic_interface, Timed Loop Error: 'GreedyGoto' object has no attribute '_desired_lat'
[rosout][WARNING] 2019-03-27 06:47:48,344: tactic_interface, Timed Loop Error: 'GreedyGoto' object has no attribute '_desired_lat'
[rosout][WARNING] 2019-03-27 06:47:48,444: tactic_interface, Timed Loop Error: 'GreedyGoto' object has no attribute '_desired_lat'
[rosout][WARNING] 2019-03-27 06:47:48,545: tactic_interface, Timed Loop Error: 'GreedyGoto' object has no attribute '_desired_lat'
[rosout][WARNING] 2019-03-27 06:47:48,644: tactic_interface, Timed Loop Error: 'GreedyGoto' object has no attribute '_desired_lat'
[rosout][WARNING] 2019-03-27 06:47:48,744: tactic_interface, Timed Loop Error: 'GreedyGoto' object has no attribute '_desired_lat'
[rosout][WARNING] 2019-03-27 06:47:48,844: tactic_interface, Timed Loop Error: 'GreedyGoto' object has no attribute '_desired_lat'
[rosout][WARNING] 2019-03-27 06:47:48,944: tactic_interface, Timed Loop Error: 'GreedyGoto' object has no attribute '_desired_lat'
[rosout][WARNING] 2019-03-27 06:47:49,044: tactic_interface, Timed Loop Error: 'GreedyGoto' object has no attribute '_desired_lat'
[rosout][WARNING] 2019-03-27 06:47:49,144: tactic_interface, Timed Loop Error: 'GreedyGoto' object has no attribute '_desired_lat'
[rosout][WARNING] 2019-03-27 06:47:49,244: tactic_interface, Timed Loop Error: 'GreedyGoto' object has no attribute '_desired_lat'
[rosout][WARNING] 2019-03-27 06:47:49,345: tactic_interface, Timed Loop Error: 'GreedyGoto' object has no attribute '_desired_lat'
[rosout][WARNING] 2019-03-27 06:47:49,444: tactic_interface, Timed Loop Error: 'GreedyGoto' object has no attribute '_desired_lat'
[rosout][WARNING] 2019-03-27 06:47:49,544: tactic_interface, Timed Loop Error: 'GreedyGoto' object has no attribute '_desired_lat'
[rosout][WARNING] 2019-03-27 06:47:49,644: tactic_interface, Timed Loop Error: 'GreedyGoto' object has no attribute '_desired_lat'
[rosout][WARNING] 2019-03-27 06:47:49,744: tactic_interface, Timed Loop Error: 'GreedyGoto' object has no attribute '_desired_lat'
[rosout][WARNING] 2019-03-27 06:47:49,844: tactic_interface, Timed Loop Error: 'GreedyGoto' object has no attribute '_desired_lat'
[rosout][WARNING] 2019-03-27 06:47:49,944: tactic_interface, Timed Loop Error: 'GreedyGoto' object has no attribute '_desired_lat'
[rosout][WARNING] 2019-03-27 06:47:50,044: tactic_interface, Timed Loop Error: 'GreedyGoto' object has no attribute '_desired_lat'
[rosout][WARNING] 2019-03-27 06:47:50,144: tactic_interface, Timed Loop Error: 'GreedyGoto' object has no attribute '_desired_lat'
[rosout][WARNING] 2019-03-27 06:47:50,244: tactic_interface, Timed Loop Error: 'GreedyGoto' object has no attribute '_desired_lat'
[rosout][WARNING] 2019-03-27 06:47:50,344: tactic_interface, Timed Loop Error: 'GreedyGoto' object has no attribute '_desired_lat'
[rosout][WARNING] 2019-03-27 06:47:50,444: tactic_interface, Timed Loop Error: 'GreedyGoto' object has no attribute '_desired_lat'
[rosout][WARNING] 2019-03-27 06:47:50,544: tactic_interface, Timed Loop Error: 'GreedyGoto' object has no attribute '_desired_lat'
[rosout][WARNING] 2019-03-27 06:47:50,645: tactic_interface, Timed Loop Error: 'GreedyGoto' object has no attribute '_desired_lat'
[rosout][WARNING] 2019-03-27 06:47:50,744: tactic_interface, Timed Loop Error: 'GreedyGoto' object has no attribute '_desired_lat'
[rosout][WARNING] 2019-03-27 06:47:50,844: tactic_interface, Timed Loop Error: 'GreedyGoto' object has no attribute '_desired_lat'
[rosout][WARNING] 2019-03-27 06:47:50,944: tactic_interface, Timed Loop Error: 'GreedyGoto' object has no attribute '_desired_lat'
[rosout][WARNING] 2019-03-27 06:47:51,044: tactic_interface, Timed Loop Error: 'GreedyGoto' object has no attribute '_desired_lat'
[rosout][WARNING] 2019-03-27 06:47:51,144: tactic_interface, Timed Loop Error: 'GreedyGoto' object has no attribute '_desired_lat'
[rosout][WARNING] 2019-03-27 06:47:51,244: tactic_interface, Timed Loop Error: 'GreedyGoto' object has no attribute '_desired_lat'
[rosout][WARNING] 2019-03-27 06:47:51,344: tactic_interface, Timed Loop Error: 'GreedyGoto' object has no attribute '_desired_lat'
[rosout][WARNING] 2019-03-27 06:47:51,444: tactic_interface, Timed Loop Error: 'GreedyGoto' object has no attribute '_desired_lat'
[rosout][WARNING] 2019-03-27 06:47:51,544: tactic_interface, Timed Loop Error: 'GreedyGoto' object has no attribute '_desired_lat'
[rosout][WARNING] 2019-03-27 06:47:51,644: tactic_interface, Timed Loop Error: 'GreedyGoto' object has no attribute '_desired_lat'
[rosout][WARNING] 2019-03-27 06:47:51,745: tactic_interface, Timed Loop Error: 'GreedyGoto' object has no attribute '_desired_lat'
[rosout][WARNING] 2019-03-27 06:47:51,844: tactic_interface, Timed Loop Error: 'GreedyGoto' object has no attribute '_desired_lat'
[rosout][WARNING] 2019-03-27 06:47:51,944: tactic_interface, Timed Loop Error: 'GreedyGoto' object has no attribute '_desired_lat'
[rosout][WARNING] 2019-03-27 06:47:52,044: tactic_interface, Timed Loop Error: 'GreedyGoto' object has no attribute '_desired_lat'
[rosout][WARNING] 2019-03-27 06:47:52,144: tactic_interface, Timed Loop Error: 'GreedyGoto' object has no attribute '_desired_lat'
[rosout][WARNING] 2019-03-27 06:47:52,244: tactic_interface, Timed Loop Error: 'GreedyGoto' object has no attribute '_desired_lat'
[rosout][WARNING] 2019-03-27 06:47:52,344: tactic_interface, Timed Loop Error: 'GreedyGoto' object has no attribute '_desired_lat'
[rosout][WARNING] 2019-03-27 06:47:52,444: tactic_interface, Timed Loop Error: 'GreedyGoto' object has no attribute '_desired_lat'
[rosout][WARNING] 2019-03-27 06:47:52,544: tactic_interface, Timed Loop Error: 'GreedyGoto' object has no attribute '_desired_lat'
[rosout][WARNING] 2019-03-27 06:47:52,644: tactic_interface, Timed Loop Error: 'GreedyGoto' object has no attribute '_desired_lat'
[rosout][WARNING] 2019-03-27 06:47:52,744: tactic_interface, Timed Loop Error: 'GreedyGoto' object has no attribute '_desired_lat'
[rosout][WARNING] 2019-03-27 06:47:52,845: tactic_interface, Timed Loop Error: 'GreedyGoto' object has no attribute '_desired_lat'
[rosout][WARNING] 2019-03-27 06:47:52,944: tactic_interface, Timed Loop Error: 'GreedyGoto' object has no attribute '_desired_lat'
[rosout][WARNING] 2019-03-27 06:47:53,044: tactic_interface, Timed Loop Error: 'GreedyGoto' object has no attribute '_desired_lat'
[rosout][WARNING] 2019-03-27 06:47:53,144: tactic_interface, Timed Loop Error: 'GreedyGoto' object has no attribute '_desired_lat'
[rosout][WARNING] 2019-03-27 06:47:53,244: tactic_interface, Timed Loop Error: 'GreedyGoto' object has no attribute '_desired_lat'
[rosout][WARNING] 2019-03-27 06:47:53,344: tactic_interface, Timed Loop Error: 'GreedyGoto' object has no attribute '_desired_lat'
[rosout][WARNING] 2019-03-27 06:47:53,444: tactic_interface, Timed Loop Error: 'GreedyGoto' object has no attribute '_desired_lat'
[rosout][WARNING] 2019-03-27 06:47:53,544: tactic_interface, Timed Loop Error: 'GreedyGoto' object has no attribute '_desired_lat'
[rosout][WARNING] 2019-03-27 06:47:53,644: tactic_interface, Timed Loop Error: 'GreedyGoto' object has no attribute '_desired_lat'
[rosout][WARNING] 2019-03-27 06:47:53,744: tactic_interface, Timed Loop Error: 'GreedyGoto' object has no attribute '_desired_lat'
[rosout][WARNING] 2019-03-27 06:47:53,845: tactic_interface, Timed Loop Error: 'GreedyGoto' object has no attribute '_desired_lat'
[rosout][WARNING] 2019-03-27 06:47:53,945: tactic_interface, Timed Loop Error: 'GreedyGoto' object has no attribute '_desired_lat'
[rosout][WARNING] 2019-03-27 06:47:54,044: tactic_interface, Timed Loop Error: 'GreedyGoto' object has no attribute '_desired_lat'
[rosout][WARNING] 2019-03-27 06:47:54,144: tactic_interface, Timed Loop Error: 'GreedyGoto' object has no attribute '_desired_lat'
[rosout][WARNING] 2019-03-27 06:47:54,244: tactic_interface, Timed Loop Error: 'GreedyGoto' object has no attribute '_desired_lat'
[rosout][WARNING] 2019-03-27 06:47:54,344: tactic_interface, Timed Loop Error: 'GreedyGoto' object has no attribute '_desired_lat'
[rosout][WARNING] 2019-03-27 06:47:54,444: tactic_interface, Timed Loop Error: 'GreedyGoto' object has no attribute '_desired_lat'
[rosout][WARNING] 2019-03-27 06:47:54,544: tactic_interface, Timed Loop Error: 'GreedyGoto' object has no attribute '_desired_lat'
[rosout][WARNING] 2019-03-27 06:47:54,644: tactic_interface, Timed Loop Error: 'GreedyGoto' object has no attribute '_desired_lat'
[rosout][WARNING] 2019-03-27 06:47:54,744: tactic_interface, Timed Loop Error: 'GreedyGoto' object has no attribute '_desired_lat'
[rosout][WARNING] 2019-03-27 06:47:54,844: tactic_interface, Timed Loop Error: 'GreedyGoto' object has no attribute '_desired_lat'
[rosout][WARNING] 2019-03-27 06:47:54,945: tactic_interface, Timed Loop Error: 'GreedyGoto' object has no attribute '_desired_lat'
[rosout][WARNING] 2019-03-27 06:47:55,044: tactic_interface, Timed Loop Error: 'GreedyGoto' object has no attribute '_desired_lat'
[rosout][WARNING] 2019-03-27 06:47:55,144: tactic_interface, Timed Loop Error: 'GreedyGoto' object has no attribute '_desired_lat'
[rosout][WARNING] 2019-03-27 06:47:55,244: tactic_interface, Timed Loop Error: 'GreedyGoto' object has no attribute '_desired_lat'
[rosout][WARNING] 2019-03-27 06:47:55,344: tactic_interface, Timed Loop Error: 'GreedyGoto' object has no attribute '_desired_lat'
[rosout][WARNING] 2019-03-27 06:47:55,445: tactic_interface, Timed Loop Error: 'GreedyGoto' object has no attribute '_desired_lat'
[rosout][WARNING] 2019-03-27 06:47:55,544: tactic_interface, Timed Loop Error: 'GreedyGoto' object has no attribute '_desired_lat'
[rosout][WARNING] 2019-03-27 06:47:55,644: tactic_interface, Timed Loop Error: 'GreedyGoto' object has no attribute '_desired_lat'
[rosout][WARNING] 2019-03-27 06:47:55,744: tactic_interface, Timed Loop Error: 'GreedyGoto' object has no attribute '_desired_lat'
[rosout][WARNING] 2019-03-27 06:47:55,845: tactic_interface, Timed Loop Error: 'GreedyGoto' object has no attribute '_desired_lat'
[rosout][WARNING] 2019-03-27 06:47:55,944: tactic_interface, Timed Loop Error: 'GreedyGoto' object has no attribute '_desired_lat'
[rosout][WARNING] 2019-03-27 06:47:56,044: tactic_interface, Timed Loop Error: 'GreedyGoto' object has no attribute '_desired_lat'
[rosout][WARNING] 2019-03-27 06:47:56,144: tactic_interface, Timed Loop Error: 'GreedyGoto' object has no attribute '_desired_lat'
[rosout][WARNING] 2019-03-27 06:47:56,244: tactic_interface, Timed Loop Error: 'GreedyGoto' object has no attribute '_desired_lat'
[rosout][WARNING] 2019-03-27 06:47:56,344: tactic_interface, Timed Loop Error: 'GreedyGoto' object has no attribute '_desired_lat'
[rosout][WARNING] 2019-03-27 06:47:56,444: tactic_interface, Timed Loop Error: 'GreedyGoto' object has no attribute '_desired_lat'
[rosout][WARNING] 2019-03-27 06:47:56,544: tactic_interface, Timed Loop Error: 'GreedyGoto' object has no attribute '_desired_lat'
[rosout][WARNING] 2019-03-27 06:47:56,644: tactic_interface, Timed Loop Error: 'GreedyGoto' object has no attribute '_desired_lat'
[rosout][WARNING] 2019-03-27 06:47:56,744: tactic_interface, Timed Loop Error: 'GreedyGoto' object has no attribute '_desired_lat'
[rosout][WARNING] 2019-03-27 06:47:56,844: tactic_interface, Timed Loop Error: 'GreedyGoto' object has no attribute '_desired_lat'
[rosout][WARNING] 2019-03-27 06:47:56,944: tactic_interface, Timed Loop Error: 'GreedyGoto' object has no attribute '_desired_lat'
[rosout][WARNING] 2019-03-27 06:47:57,044: tactic_interface, Timed Loop Error: 'GreedyGoto' object has no attribute '_desired_lat'
[rosout][WARNING] 2019-03-27 06:47:57,144: tactic_interface, Timed Loop Error: 'GreedyGoto' object has no attribute '_desired_lat'
[rosout][WARNING] 2019-03-27 06:47:57,244: tactic_interface, Timed Loop Error: 'GreedyGoto' object has no attribute '_desired_lat'
[rosout][WARNING] 2019-03-27 06:47:57,344: tactic_interface, Timed Loop Error: 'GreedyGoto' object has no attribute '_desired_lat'
[rosout][WARNING] 2019-03-27 06:47:57,444: tactic_interface, Timed Loop Error: 'GreedyGoto' object has no attribute '_desired_lat'
[rosout][WARNING] 2019-03-27 06:47:57,544: tactic_interface, Timed Loop Error: 'GreedyGoto' object has no attribute '_desired_lat'
[rosout][WARNING] 2019-03-27 06:47:57,644: tactic_interface, Timed Loop Error: 'GreedyGoto' object has no attribute '_desired_lat'
[rosout][WARNING] 2019-03-27 06:47:57,744: tactic_interface, Timed Loop Error: 'GreedyGoto' object has no attribute '_desired_lat'
[rosout][WARNING] 2019-03-27 06:47:57,844: tactic_interface, Timed Loop Error: 'GreedyGoto' object has no attribute '_desired_lat'
[rosout][WARNING] 2019-03-27 06:47:57,944: tactic_interface, Timed Loop Error: 'GreedyGoto' object has no attribute '_desired_lat'
[rosout][WARNING] 2019-03-27 06:47:58,044: tactic_interface, Timed Loop Error: 'GreedyGoto' object has no attribute '_desired_lat'
[rosout][WARNING] 2019-03-27 06:47:58,144: tactic_interface, Timed Loop Error: 'GreedyGoto' object has no attribute '_desired_lat'
[rosout][WARNING] 2019-03-27 06:47:58,244: tactic_interface, Timed Loop Error: 'GreedyGoto' object has no attribute '_desired_lat'
[rosout][WARNING] 2019-03-27 06:47:58,344: tactic_interface, Timed Loop Error: 'GreedyGoto' object has no attribute '_desired_lat'
[rosout][WARNING] 2019-03-27 06:47:58,444: tactic_interface, Timed Loop Error: 'GreedyGoto' object has no attribute '_desired_lat'
[rosout][WARNING] 2019-03-27 06:47:58,544: tactic_interface, Timed Loop Error: 'GreedyGoto' object has no attribute '_desired_lat'
[rosout][WARNING] 2019-03-27 06:47:58,644: tactic_interface, Timed Loop Error: 'GreedyGoto' object has no attribute '_desired_lat'
[rosout][WARNING] 2019-03-27 06:47:58,744: tactic_interface, Timed Loop Error: 'GreedyGoto' object has no attribute '_desired_lat'
[rosout][WARNING] 2019-03-27 06:47:58,844: tactic_interface, Timed Loop Error: 'GreedyGoto' object has no attribute '_desired_lat'
[rosout][WARNING] 2019-03-27 06:47:58,944: tactic_interface, Timed Loop Error: 'GreedyGoto' object has no attribute '_desired_lat'
[rosout][WARNING] 2019-03-27 06:47:59,044: tactic_interface, Timed Loop Error: 'GreedyGoto' object has no attribute '_desired_lat'
[rosout][WARNING] 2019-03-27 06:47:59,144: tactic_interface, Timed Loop Error: 'GreedyGoto' object has no attribute '_desired_lat'
[rosout][WARNING] 2019-03-27 06:47:59,245: tactic_interface, Timed Loop Error: 'GreedyGoto' object has no attribute '_desired_lat'
[rosout][WARNING] 2019-03-27 06:47:59,344: tactic_interface, Timed Loop Error: 'GreedyGoto' object has no attribute '_desired_lat'
[rosout][WARNING] 2019-03-27 06:47:59,444: tactic_interface, Timed Loop Error: 'GreedyGoto' object has no attribute '_desired_lat'
[rosout][WARNING] 2019-03-27 06:47:59,544: tactic_interface, Timed Loop Error: 'GreedyGoto' object has no attribute '_desired_lat'
[rosout][WARNING] 2019-03-27 06:47:59,644: tactic_interface, Timed Loop Error: 'GreedyGoto' object has no attribute '_desired_lat'
[rosout][WARNING] 2019-03-27 06:47:59,744: tactic_interface, Timed Loop Error: 'GreedyGoto' object has no attribute '_desired_lat'
[rosout][WARNING] 2019-03-27 06:47:59,844: tactic_interface, Timed Loop Error: 'GreedyGoto' object has no attribute '_desired_lat'
[rosout][WARNING] 2019-03-27 06:47:59,944: tactic_interface, Timed Loop Error: 'GreedyGoto' object has no attribute '_desired_lat'
[rosout][WARNING] 2019-03-27 06:48:00,044: tactic_interface, Timed Loop Error: 'GreedyGoto' object has no attribute '_desired_lat'
[rosout][WARNING] 2019-03-27 06:48:00,144: tactic_interface, Timed Loop Error: 'GreedyGoto' object has no attribute '_desired_lat'
[rosout][WARNING] 2019-03-27 06:48:00,244: tactic_interface, Timed Loop Error: 'GreedyGoto' object has no attribute '_desired_lat'
[rosout][WARNING] 2019-03-27 06:48:00,345: tactic_interface, Timed Loop Error: 'GreedyGoto' object has no attribute '_desired_lat'
[rosout][WARNING] 2019-03-27 06:48:00,445: tactic_interface, Timed Loop Error: 'GreedyGoto' object has no attribute '_desired_lat'
[rosout][WARNING] 2019-03-27 06:48:00,544: tactic_interface, Timed Loop Error: 'GreedyGoto' object has no attribute '_desired_lat'
[rosout][WARNING] 2019-03-27 06:48:00,644: tactic_interface, Timed Loop Error: 'GreedyGoto' object has no attribute '_desired_lat'
[rosout][WARNING] 2019-03-27 06:48:00,744: tactic_interface, Timed Loop Error: 'GreedyGoto' object has no attribute '_desired_lat'
[rosout][WARNING] 2019-03-27 06:48:00,844: tactic_interface, Timed Loop Error: 'GreedyGoto' object has no attribute '_desired_lat'
[rosout][WARNING] 2019-03-27 06:48:00,944: tactic_interface, Timed Loop Error: 'GreedyGoto' object has no attribute '_desired_lat'
[rosout][WARNING] 2019-03-27 06:48:01,044: tactic_interface, Timed Loop Error: 'GreedyGoto' object has no attribute '_desired_lat'
[rosout][WARNING] 2019-03-27 06:48:01,144: tactic_interface, Timed Loop Error: 'GreedyGoto' object has no attribute '_desired_lat'
[rosout][WARNING] 2019-03-27 06:48:01,244: tactic_interface, Timed Loop Error: 'GreedyGoto' object has no attribute '_desired_lat'
[rosout][WARNING] 2019-03-27 06:48:01,344: tactic_interface, Timed Loop Error: 'GreedyGoto' object has no attribute '_desired_lat'
[rosout][WARNING] 2019-03-27 06:48:01,445: tactic_interface, Timed Loop Error: 'GreedyGoto' object has no attribute '_desired_lat'
[rosout][WARNING] 2019-03-27 06:48:01,544: tactic_interface, Timed Loop Error: 'GreedyGoto' object has no attribute '_desired_lat'
[rosout][WARNING] 2019-03-27 06:48:01,644: tactic_interface, Timed Loop Error: 'GreedyGoto' object has no attribute '_desired_lat'
[rosout][WARNING] 2019-03-27 06:48:01,744: tactic_interface, Timed Loop Error: 'GreedyGoto' object has no attribute '_desired_lat'
[rosout][WARNING] 2019-03-27 06:48:01,844: tactic_interface, Timed Loop Error: 'GreedyGoto' object has no attribute '_desired_lat'
[rosout][WARNING] 2019-03-27 06:48:01,944: tactic_interface, Timed Loop Error: 'GreedyGoto' object has no attribute '_desired_lat'
[rosout][WARNING] 2019-03-27 06:48:02,044: tactic_interface, Timed Loop Error: 'GreedyGoto' object has no attribute '_desired_lat'
[rosout][WARNING] 2019-03-27 06:48:02,144: tactic_interface, Timed Loop Error: 'GreedyGoto' object has no attribute '_desired_lat'
[rosout][WARNING] 2019-03-27 06:48:02,244: tactic_interface, Timed Loop Error: 'GreedyGoto' object has no attribute '_desired_lat'
[rosout][WARNING] 2019-03-27 06:48:02,344: tactic_interface, Timed Loop Error: 'GreedyGoto' object has no attribute '_desired_lat'
[rosout][WARNING] 2019-03-27 06:48:02,444: tactic_interface, Timed Loop Error: 'GreedyGoto' object has no attribute '_desired_lat'
[rosout][WARNING] 2019-03-27 06:48:02,544: tactic_interface, Timed Loop Error: 'GreedyGoto' object has no attribute '_desired_lat'
[rosout][WARNING] 2019-03-27 06:48:02,644: tactic_interface, Timed Loop Error: 'GreedyGoto' object has no attribute '_desired_lat'
[rosout][WARNING] 2019-03-27 06:48:02,744: tactic_interface, Timed Loop Error: 'GreedyGoto' object has no attribute '_desired_lat'
[rosout][WARNING] 2019-03-27 06:48:02,844: tactic_interface, Timed Loop Error: 'GreedyGoto' object has no attribute '_desired_lat'
[rosout][WARNING] 2019-03-27 06:48:02,944: tactic_interface, Timed Loop Error: 'GreedyGoto' object has no attribute '_desired_lat'
[rosout][WARNING] 2019-03-27 06:48:03,044: tactic_interface, Timed Loop Error: 'GreedyGoto' object has no attribute '_desired_lat'
[rosout][WARNING] 2019-03-27 06:48:03,144: tactic_interface, Timed Loop Error: 'GreedyGoto' object has no attribute '_desired_lat'
[rosout][WARNING] 2019-03-27 06:48:03,244: tactic_interface, Timed Loop Error: 'GreedyGoto' object has no attribute '_desired_lat'
[rosout][WARNING] 2019-03-27 06:48:03,344: tactic_interface, Timed Loop Error: 'GreedyGoto' object has no attribute '_desired_lat'
[rosout][WARNING] 2019-03-27 06:48:03,444: tactic_interface, Timed Loop Error: 'GreedyGoto' object has no attribute '_desired_lat'
[rosout][WARNING] 2019-03-27 06:48:03,544: tactic_interface, Timed Loop Error: 'GreedyGoto' object has no attribute '_desired_lat'
[rosout][WARNING] 2019-03-27 06:48:03,645: tactic_interface, Timed Loop Error: 'GreedyGoto' object has no attribute '_desired_lat'
[rosout][WARNING] 2019-03-27 06:48:03,744: tactic_interface, Timed Loop Error: 'GreedyGoto' object has no attribute '_desired_lat'
[rosout][WARNING] 2019-03-27 06:48:03,844: tactic_interface, Timed Loop Error: 'GreedyGoto' object has no attribute '_desired_lat'
[rosout][WARNING] 2019-03-27 06:48:03,944: tactic_interface, Timed Loop Error: 'GreedyGoto' object has no attribute '_desired_lat'
[rosout][WARNING] 2019-03-27 06:48:04,044: tactic_interface, Timed Loop Error: 'GreedyGoto' object has no attribute '_desired_lat'
[rosout][WARNING] 2019-03-27 06:48:04,144: tactic_interface, Timed Loop Error: 'GreedyGoto' object has no attribute '_desired_lat'
[rosout][WARNING] 2019-03-27 06:48:04,244: tactic_interface, Timed Loop Error: 'GreedyGoto' object has no attribute '_desired_lat'
[rosout][WARNING] 2019-03-27 06:48:04,344: tactic_interface, Timed Loop Error: 'GreedyGoto' object has no attribute '_desired_lat'
[rosout][WARNING] 2019-03-27 06:48:04,444: tactic_interface, Timed Loop Error: 'GreedyGoto' object has no attribute '_desired_lat'
[rosout][WARNING] 2019-03-27 06:48:04,544: tactic_interface, Timed Loop Error: 'GreedyGoto' object has no attribute '_desired_lat'
[rosout][WARNING] 2019-03-27 06:48:04,644: tactic_interface, Timed Loop Error: 'GreedyGoto' object has no attribute '_desired_lat'
[rosout][WARNING] 2019-03-27 06:48:04,744: tactic_interface, Timed Loop Error: 'GreedyGoto' object has no attribute '_desired_lat'
[rosout][WARNING] 2019-03-27 06:48:04,844: tactic_interface, Timed Loop Error: 'GreedyGoto' object has no attribute '_desired_lat'
[rosout][WARNING] 2019-03-27 06:48:04,945: tactic_interface, Timed Loop Error: 'GreedyGoto' object has no attribute '_desired_lat'
[rosout][WARNING] 2019-03-27 06:48:05,044: tactic_interface, Timed Loop Error: 'GreedyGoto' object has no attribute '_desired_lat'
[rosout][WARNING] 2019-03-27 06:48:05,144: tactic_interface, Timed Loop Error: 'GreedyGoto' object has no attribute '_desired_lat'
[rosout][WARNING] 2019-03-27 06:48:05,244: tactic_interface, Timed Loop Error: 'GreedyGoto' object has no attribute '_desired_lat'
[rosout][WARNING] 2019-03-27 06:48:05,344: tactic_interface, Timed Loop Error: 'GreedyGoto' object has no attribute '_desired_lat'
[rosout][WARNING] 2019-03-27 06:48:05,444: tactic_interface, Timed Loop Error: 'GreedyGoto' object has no attribute '_desired_lat'
[rosout][WARNING] 2019-03-27 06:48:05,544: tactic_interface, Timed Loop Error: 'GreedyGoto' object has no attribute '_desired_lat'
[rosout][WARNING] 2019-03-27 06:48:05,644: tactic_interface, Timed Loop Error: 'GreedyGoto' object has no attribute '_desired_lat'
[rosout][WARNING] 2019-03-27 06:48:05,745: tactic_interface, Timed Loop Error: 'GreedyGoto' object has no attribute '_desired_lat'
[rosout][WARNING] 2019-03-27 06:48:05,844: tactic_interface, Timed Loop Error: 'GreedyGoto' object has no attribute '_desired_lat'
[rosout][WARNING] 2019-03-27 06:48:05,944: tactic_interface, Timed Loop Error: 'GreedyGoto' object has no attribute '_desired_lat'
[rosout][WARNING] 2019-03-27 06:48:06,044: tactic_interface, Timed Loop Error: 'GreedyGoto' object has no attribute '_desired_lat'
[rosout][WARNING] 2019-03-27 06:48:06,144: tactic_interface, Timed Loop Error: 'GreedyGoto' object has no attribute '_desired_lat'
[rosout][WARNING] 2019-03-27 06:48:06,244: tactic_interface, Timed Loop Error: 'GreedyGoto' object has no attribute '_desired_lat'
[rosout][WARNING] 2019-03-27 06:48:06,344: tactic_interface, Timed Loop Error: 'GreedyGoto' object has no attribute '_desired_lat'
[rosout][WARNING] 2019-03-27 06:48:06,444: tactic_interface, Timed Loop Error: 'GreedyGoto' object has no attribute '_desired_lat'
[rosout][WARNING] 2019-03-27 06:48:06,544: tactic_interface, Timed Loop Error: 'GreedyGoto' object has no attribute '_desired_lat'
[rosout][WARNING] 2019-03-27 06:48:06,644: tactic_interface, Timed Loop Error: 'GreedyGoto' object has no attribute '_desired_lat'
[rosout][WARNING] 2019-03-27 06:48:06,744: tactic_interface, Timed Loop Error: 'GreedyGoto' object has no attribute '_desired_lat'
[rosout][WARNING] 2019-03-27 06:48:06,845: tactic_interface, Timed Loop Error: 'GreedyGoto' object has no attribute '_desired_lat'
[rosout][WARNING] 2019-03-27 06:48:06,944: tactic_interface, Timed Loop Error: 'GreedyGoto' object has no attribute '_desired_lat'
[rosout][WARNING] 2019-03-27 06:48:07,044: tactic_interface, Timed Loop Error: 'GreedyGoto' object has no attribute '_desired_lat'
[rosout][WARNING] 2019-03-27 06:48:07,144: tactic_interface, Timed Loop Error: 'GreedyGoto' object has no attribute '_desired_lat'
[rosout][WARNING] 2019-03-27 06:48:07,244: tactic_interface, Timed Loop Error: 'GreedyGoto' object has no attribute '_desired_lat'
[rosout][WARNING] 2019-03-27 06:48:07,344: tactic_interface, Timed Loop Error: 'GreedyGoto' object has no attribute '_desired_lat'
[rosout][WARNING] 2019-03-27 06:48:07,444: tactic_interface, Timed Loop Error: 'GreedyGoto' object has no attribute '_desired_lat'
[rosout][WARNING] 2019-03-27 06:48:07,544: tactic_interface, Timed Loop Error: 'GreedyGoto' object has no attribute '_desired_lat'
[rosout][WARNING] 2019-03-27 06:48:07,644: tactic_interface, Timed Loop Error: 'GreedyGoto' object has no attribute '_desired_lat'
[rosout][WARNING] 2019-03-27 06:48:07,744: tactic_interface, Timed Loop Error: 'GreedyGoto' object has no attribute '_desired_lat'
[rosout][WARNING] 2019-03-27 06:48:07,844: tactic_interface, Timed Loop Error: 'GreedyGoto' object has no attribute '_desired_lat'
[rosout][WARNING] 2019-03-27 06:48:07,944: tactic_interface, Timed Loop Error: 'GreedyGoto' object has no attribute '_desired_lat'
[rosout][WARNING] 2019-03-27 06:48:08,044: tactic_interface, Timed Loop Error: 'GreedyGoto' object has no attribute '_desired_lat'
[rosout][WARNING] 2019-03-27 06:48:08,144: tactic_interface, Timed Loop Error: 'GreedyGoto' object has no attribute '_desired_lat'
[rosout][WARNING] 2019-03-27 06:48:08,244: tactic_interface, Timed Loop Error: 'GreedyGoto' object has no attribute '_desired_lat'
[rosout][WARNING] 2019-03-27 06:48:08,344: tactic_interface, Timed Loop Error: 'GreedyGoto' object has no attribute '_desired_lat'
[rosout][WARNING] 2019-03-27 06:48:08,444: tactic_interface, Timed Loop Error: 'GreedyGoto' object has no attribute '_desired_lat'
[rosout][WARNING] 2019-03-27 06:48:08,544: tactic_interface, Timed Loop Error: 'GreedyGoto' object has no attribute '_desired_lat'
[rosout][WARNING] 2019-03-27 06:48:08,644: tactic_interface, Timed Loop Error: 'GreedyGoto' object has no attribute '_desired_lat'
[rosout][WARNING] 2019-03-27 06:48:08,744: tactic_interface, Timed Loop Error: 'GreedyGoto' object has no attribute '_desired_lat'
[rosout][WARNING] 2019-03-27 06:48:08,844: tactic_interface, Timed Loop Error: 'GreedyGoto' object has no attribute '_desired_lat'
[rosout][WARNING] 2019-03-27 06:48:08,944: tactic_interface, Timed Loop Error: 'GreedyGoto' object has no attribute '_desired_lat'
[rosout][WARNING] 2019-03-27 06:48:09,045: tactic_interface, Timed Loop Error: 'GreedyGoto' object has no attribute '_desired_lat'
[rosout][WARNING] 2019-03-27 06:48:09,144: tactic_interface, Timed Loop Error: 'GreedyGoto' object has no attribute '_desired_lat'
[rosout][WARNING] 2019-03-27 06:48:09,244: tactic_interface, Timed Loop Error: 'GreedyGoto' object has no attribute '_desired_lat'
[rosout][WARNING] 2019-03-27 06:48:09,344: tactic_interface, Timed Loop Error: 'GreedyGoto' object has no attribute '_desired_lat'
[rosout][WARNING] 2019-03-27 06:48:09,444: tactic_interface, Timed Loop Error: 'GreedyGoto' object has no attribute '_desired_lat'
[rosout][WARNING] 2019-03-27 06:48:09,544: tactic_interface, Timed Loop Error: 'GreedyGoto' object has no attribute '_desired_lat'
[rosout][WARNING] 2019-03-27 06:48:09,645: tactic_interface, Timed Loop Error: 'GreedyGoto' object has no attribute '_desired_lat'
[rosout][WARNING] 2019-03-27 06:48:09,744: tactic_interface, Timed Loop Error: 'GreedyGoto' object has no attribute '_desired_lat'
[rosout][WARNING] 2019-03-27 06:48:09,844: tactic_interface, Timed Loop Error: 'GreedyGoto' object has no attribute '_desired_lat'
[rosout][WARNING] 2019-03-27 06:48:09,944: tactic_interface, Timed Loop Error: 'GreedyGoto' object has no attribute '_desired_lat'
[rosout][WARNING] 2019-03-27 06:48:10,044: tactic_interface, Timed Loop Error: 'GreedyGoto' object has no attribute '_desired_lat'
[rosout][WARNING] 2019-03-27 06:48:10,144: tactic_interface, Timed Loop Error: 'GreedyGoto' object has no attribute '_desired_lat'
[rosout][WARNING] 2019-03-27 06:48:10,244: tactic_interface, Timed Loop Error: 'GreedyGoto' object has no attribute '_desired_lat'
                                                                                                                                                                                                                                                                                                                                                                                                                                                                                                                                                                                                                                                                                                                                                                                                                                                                                                                                                                                                                                                                               