[rospy.client][INFO] 2019-03-27 06:23:27,459: init_node, name[/wingman], pid[3095]
[xmlrpc][INFO] 2019-03-27 06:23:27,463: XML-RPC server binding to 0.0.0.0:0
[rospy.init][INFO] 2019-03-27 06:23:27,465: ROS Slave URI: [http://copter131:43376/]
[xmlrpc][INFO] 2019-03-27 06:23:27,466: Started XML-RPC server [http://copter131:43376/]
[rospy.impl.masterslave][INFO] 2019-03-27 06:23:27,466: _ready: http://copter131:43376/
[xmlrpc][INFO] 2019-03-27 06:23:27,469: xml rpc node: starting XML-RPC server
[rospy.registration][INFO] 2019-03-27 06:23:27,471: Registering with master node http://localhost:11311
[rospy.init][INFO] 2019-03-27 06:23:27,566: registered with master
[rospy.rosout][INFO] 2019-03-27 06:23:27,567: initializing /rosout core topic
[rospy.rosout][INFO] 2019-03-27 06:23:27,593: connected to core topic /rosout
[rospy.simtime][INFO] 2019-03-27 06:23:27,608: /use_sim_time is not set, will not subscribe to simulated time [/clock] topic
[rospy.internal][INFO] 2019-03-27 06:23:27,875: topic[/rosout] adding connection to [/rosout], count 0
[rospy.internal][INFO] 2019-03-27 06:23:28,348: topic[/safety/payload_waypoint] adding connection to [/safety], count 0
[rospy.internal][INFO] 2019-03-27 06:23:28,548: topic[/network/send_swarm_behavior_data] adding connection to [/network], count 0
[rospy.internal][INFO] 2019-03-27 06:23:28,894: topic[/swarm_control/behavior_status] adding connection to [/swarm_control], count 0
[rospy.internal][INFO] 2019-03-27 06:23:29,216: topic[/swarm_control/subswarm_id] adding connection to [http://copter131:34613/], count 0
[rospy.internal][INFO] 2019-03-27 06:23:29,264: topic[/swarm_control/ap_intent] adding connection to [http://copter131:34613/], count 0
[rospy.internal][INFO] 2019-03-27 06:23:29,408: topic[/autopilot/status] adding connection to [http://copter131:60153/], count 0
[rospy.internal][INFO] 2019-03-27 06:23:29,904: topic[/autopilot/acs_pose] adding connection to [http://copter131:60153/], count 0
[rospy.internal][INFO] 2019-03-27 06:23:29,905: topic[/hit_tracker/hit_uavs] adding connection to [http://copter131:49934/], count 0
[rospy.internal][INFO] 2019-03-27 06:23:29,941: topic[/air_to_air/firing_reports] adding connection to [/network], count 0
[rospy.internal][INFO] 2019-03-27 06:23:29,961: topic[/autopilot/waypoint_goto] adding connection to [/autopilot], count 0
[rosout][INFO] 2019-03-27 06:42:14,186: wingman activate request False returned False
[rosout][INFO] 2019-03-27 06:42:14,320: wingman activate request False returned False
[rosout][INFO] 2019-03-27 06:42:18,973: wingman activate request False returned False
[rosout][INFO] 2019-03-27 06:42:21,841: wingman activate request False returned False
[rosout][INFO] 2019-03-27 06:42:59,400: wingman activate request False returned False
[rosout][INFO] 2019-03-27 06:46:37,326: wingman activate request False returned False
[rosout][INFO] 2019-03-27 06:47:04,223: wingman activate request False returned False
