[rospy.client][INFO] 2012-12-31 16:00:19,557: init_node, name[/evader], pid[3194]
[xmlrpc][INFO] 2012-12-31 16:00:19,559: XML-RPC server binding to 0.0.0.0:0
[xmlrpc][INFO] 2012-12-31 16:00:19,560: Started XML-RPC server [http://copter131:60261/]
[rospy.init][INFO] 2012-12-31 16:00:19,561: ROS Slave URI: [http://copter131:60261/]
[rospy.impl.masterslave][INFO] 2012-12-31 16:00:19,561: _ready: http://copter131:60261/
[xmlrpc][INFO] 2012-12-31 16:00:19,563: xml rpc node: starting XML-RPC server
[rospy.registration][INFO] 2012-12-31 16:00:19,565: Registering with master node http://localhost:11311
[rospy.init][INFO] 2012-12-31 16:00:19,661: registered with master
[rospy.rosout][INFO] 2012-12-31 16:00:19,662: initializing /rosout core topic
[rospy.rosout][INFO] 2012-12-31 16:00:19,681: connected to core topic /rosout
[rospy.simtime][INFO] 2012-12-31 16:00:19,695: /use_sim_time is not set, will not subscribe to simulated time [/clock] topic
[rospy.internal][INFO] 2012-12-31 16:00:19,860: topic[/rosout] adding connection to [/rosout], count 0
[rospy.internal][INFO] 2012-12-31 16:00:20,035: topic[/safety/payload_waypoint] adding connection to [/safety], count 0
[rospy.internal][INFO] 2012-12-31 16:00:21,050: topic[/network/send_swarm_behavior_data] adding connection to [/network], count 0
[rospy.internal][INFO] 2012-12-31 16:00:21,064: topic[/hit_tracker/hit_uavs] adding connection to [http://copter131:54960/], count 0
[rospy.internal][INFO] 2019-03-25 06:21:30,747: topic[/autopilot/acs_pose] adding connection to [http://copter131:43214/], count 0
[rospy.internal][INFO] 2019-03-25 06:21:31,502: topic[/autopilot/status] adding connection to [http://copter131:43214/], count 0
[rospy.internal][INFO] 2019-03-25 06:21:32,044: topic[/swarm_control/behavior_status] adding connection to [/swarm_control], count 0
[rospy.internal][INFO] 2019-03-25 06:21:32,136: topic[/swarm_control/subswarm_id] adding connection to [http://copter131:44551/], count 0
[rospy.internal][INFO] 2019-03-25 06:21:33,182: topic[/swarm_control/ap_intent] adding connection to [http://copter131:44551/], count 0
[rosout][INFO] 2019-03-25 08:20:27,988: evader activate request False returned False
[rosout][INFO] 2019-03-25 08:20:28,128: evader activate request False returned False
[rosout][INFO] 2019-03-25 08:20:34,645: evader activate request False returned False
[rosout][INFO] 2019-03-25 08:20:54,365: evader activate request False returned False
[rosout][INFO] 2019-03-25 08:20:54,507: evader activate request False returned False
