[rospy.client][INFO] 2012-12-31 16:00:18,940: init_node, name[/greedy_shooter], pid[3025]
[xmlrpc][INFO] 2012-12-31 16:00:18,950: XML-RPC server binding to 0.0.0.0:0
[xmlrpc][INFO] 2012-12-31 16:00:18,955: Started XML-RPC server [http://copter131:46982/]
[rospy.init][INFO] 2012-12-31 16:00:18,955: ROS Slave URI: [http://copter131:46982/]
[rospy.impl.masterslave][INFO] 2012-12-31 16:00:18,956: _ready: http://copter131:46982/
[xmlrpc][INFO] 2012-12-31 16:00:18,970: xml rpc node: starting XML-RPC server
[rospy.registration][INFO] 2012-12-31 16:00:18,970: Registering with master node http://localhost:11311
[rospy.registration][INFO] 2012-12-31 16:00:18,971: Registering publisher topic [/safety/payload_waypoint] type [autopilot_bridge/LLA] with master
[rospy.registration][INFO] 2012-12-31 16:00:19,040: registering subscriber topic [/autopilot/status] type [autopilot_bridge/Status] with master
[rospy.init][INFO] 2012-12-31 16:00:19,157: registered with master
[rospy.rosout][INFO] 2012-12-31 16:00:19,158: initializing /rosout core topic
[rospy.rosout][INFO] 2012-12-31 16:00:19,172: connected to core topic /rosout
[rospy.simtime][INFO] 2012-12-31 16:00:19,198: /use_sim_time is not set, will not subscribe to simulated time [/clock] topic
[rospy.internal][INFO] 2012-12-31 16:00:19,518: topic[/rosout] adding connection to [/rosout], count 0
[rospy.internal][INFO] 2012-12-31 16:00:19,698: topic[/network/send_swarm_behavior_data] adding connection to [/network], count 0
[rospy.internal][INFO] 2012-12-31 16:00:20,030: topic[/safety/payload_waypoint] adding connection to [/safety], count 0
[rospy.internal][INFO] 2019-03-25 06:21:30,920: topic[/autopilot/acs_pose] adding connection to [http://copter131:43214/], count 0
[rospy.internal][INFO] 2019-03-25 06:21:30,992: topic[/hit_tracker/hit_uavs] adding connection to [http://copter131:54960/], count 0
[rospy.internal][INFO] 2019-03-25 06:21:31,137: topic[/air_to_air/firing_reports] adding connection to [/network], count 0
[rospy.internal][INFO] 2019-03-25 06:21:31,170: topic[/autopilot/waypoint_goto] adding connection to [/autopilot], count 0
[rospy.internal][INFO] 2019-03-25 06:21:31,437: topic[/autopilot/status] adding connection to [http://copter131:43214/], count 0
[rospy.internal][INFO] 2019-03-25 06:21:31,991: topic[/swarm_control/behavior_status] adding connection to [/swarm_control], count 0
[rospy.internal][INFO] 2019-03-25 06:21:32,111: topic[/swarm_control/subswarm_id] adding connection to [http://copter131:44551/], count 0
[rospy.internal][INFO] 2019-03-25 06:21:32,185: topic[/swarm_control/ap_intent] adding connection to [http://copter131:44551/], count 0
[rosout][INFO] 2019-03-25 08:20:27,930: greedy_shooter activate request False returned False
[rosout][INFO] 2019-03-25 08:20:28,026: greedy_shooter activate request False returned False
[rosout][INFO] 2019-03-25 08:20:34,590: greedy_shooter activate request False returned False
[rosout][INFO] 2019-03-25 08:20:54,308: greedy_shooter activate request False returned False
[rosout][INFO] 2019-03-25 08:20:54,419: greedy_shooter activate request False returned False
