[rospy.client][INFO] 2012-12-31 16:00:18,046: init_node, name[/linear_formation], pid[2987]
[xmlrpc][INFO] 2012-12-31 16:00:18,053: XML-RPC server binding to 0.0.0.0:0
[xmlrpc][INFO] 2012-12-31 16:00:18,054: Started XML-RPC server [http://copter131:40768/]
[rospy.impl.masterslave][INFO] 2012-12-31 16:00:18,054: _ready: http://copter131:40768/
[rospy.init][INFO] 2012-12-31 16:00:18,055: ROS Slave URI: [http://copter131:40768/]
[xmlrpc][INFO] 2012-12-31 16:00:18,057: xml rpc node: starting XML-RPC server
[rospy.registration][INFO] 2012-12-31 16:00:18,059: Registering with master node http://localhost:11311
[rospy.init][INFO] 2012-12-31 16:00:18,155: registered with master
[rospy.rosout][INFO] 2012-12-31 16:00:18,156: initializing /rosout core topic
[rospy.rosout][INFO] 2012-12-31 16:00:19,168: connected to core topic /rosout
[rospy.simtime][INFO] 2012-12-31 16:00:19,193: /use_sim_time is not set, will not subscribe to simulated time [/clock] topic
[rospy.internal][INFO] 2012-12-31 16:00:19,333: topic[/rosout] adding connection to [/rosout], count 0
[rospy.internal][INFO] 2012-12-31 16:00:19,764: topic[/network/send_swarm_behavior_data] adding connection to [/network], count 0
[rospy.internal][INFO] 2012-12-31 16:00:20,031: topic[/safety/payload_waypoint] adding connection to [/safety], count 0
[rospy.internal][INFO] 2019-03-25 06:21:30,748: topic[/autopilot/waypoint_goto] adding connection to [/autopilot], count 0
[rospy.internal][INFO] 2019-03-25 06:21:31,453: topic[/autopilot/status] adding connection to [http://copter131:43214/], count 0
[rospy.internal][INFO] 2019-03-25 06:21:31,998: topic[/swarm_control/behavior_status] adding connection to [/swarm_control], count 0
[rospy.internal][INFO] 2019-03-25 06:21:32,132: topic[/swarm_control/subswarm_id] adding connection to [http://copter131:44551/], count 0
[rospy.internal][INFO] 2019-03-25 06:21:32,192: topic[/swarm_control/ap_intent] adding connection to [http://copter131:44551/], count 0
[rosout][INFO] 2019-03-25 08:20:27,918: linear_formation activate request False returned False
[rosout][INFO] 2019-03-25 08:20:28,008: linear_formation activate request False returned False
[rosout][INFO] 2019-03-25 08:20:34,578: linear_formation activate request False returned False
[rosout][INFO] 2019-03-25 08:20:54,295: linear_formation activate request False returned False
[rosout][INFO] 2019-03-25 08:20:54,385: linear_formation activate request False returned False
