[rospy.client][INFO] 2012-12-31 16:00:19,472: init_node, name[/patrol_box_shooter], pid[3171]
[xmlrpc][INFO] 2012-12-31 16:00:19,475: XML-RPC server binding to 0.0.0.0:0
[xmlrpc][INFO] 2012-12-31 16:00:19,476: Started XML-RPC server [http://copter131:49044/]
[rospy.init][INFO] 2012-12-31 16:00:19,476: ROS Slave URI: [http://copter131:49044/]
[rospy.impl.masterslave][INFO] 2012-12-31 16:00:19,477: _ready: http://copter131:49044/
[xmlrpc][INFO] 2012-12-31 16:00:19,478: xml rpc node: starting XML-RPC server
[rospy.registration][INFO] 2012-12-31 16:00:19,479: Registering with master node http://localhost:11311
[rospy.init][INFO] 2012-12-31 16:00:19,577: registered with master
[rospy.rosout][INFO] 2012-12-31 16:00:19,578: initializing /rosout core topic
[rospy.rosout][INFO] 2012-12-31 16:00:19,598: connected to core topic /rosout
[rospy.simtime][INFO] 2012-12-31 16:00:19,613: /use_sim_time is not set, will not subscribe to simulated time [/clock] topic
[rospy.internal][INFO] 2012-12-31 16:00:19,863: topic[/rosout] adding connection to [/rosout], count 0
[rospy.internal][INFO] 2012-12-31 16:00:20,031: topic[/safety/payload_waypoint] adding connection to [/safety], count 0
[rospy.internal][INFO] 2012-12-31 16:00:20,106: topic[/network/send_swarm_behavior_data] adding connection to [/network], count 0
[rospy.internal][INFO] 2019-03-25 06:21:31,092: topic[/autopilot/acs_pose] adding connection to [http://copter131:43214/], count 0
[rospy.internal][INFO] 2019-03-25 06:21:31,156: topic[/hit_tracker/hit_uavs] adding connection to [http://copter131:54960/], count 0
[rospy.internal][INFO] 2019-03-25 06:21:31,164: topic[/air_to_air/firing_reports] adding connection to [/network], count 0
[rospy.internal][INFO] 2019-03-25 06:21:31,475: topic[/autopilot/status] adding connection to [http://copter131:43214/], count 0
[rospy.internal][INFO] 2019-03-25 06:21:32,020: topic[/swarm_control/behavior_status] adding connection to [/swarm_control], count 0
[rospy.internal][INFO] 2019-03-25 06:21:32,367: topic[/swarm_control/subswarm_id] adding connection to [http://copter131:44551/], count 0
[rospy.internal][INFO] 2019-03-25 06:21:33,158: topic[/swarm_control/ap_intent] adding connection to [http://copter131:44551/], count 0
[rosout][INFO] 2019-03-25 08:20:27,975: patrol_box_shooter activate request False returned False
[rosout][INFO] 2019-03-25 08:20:28,111: patrol_box_shooter activate request False returned False
[rosout][INFO] 2019-03-25 08:20:34,634: patrol_box_shooter activate request False returned False
[rosout][INFO] 2019-03-25 08:20:54,353: patrol_box_shooter activate request False returned False
[rosout][INFO] 2019-03-25 08:20:54,483: patrol_box_shooter activate request False returned False
