[rospy.client][INFO] 2012-12-31 16:00:19,287: init_node, name[/pn_interceptor], pid[3127]
[xmlrpc][INFO] 2012-12-31 16:00:19,289: XML-RPC server binding to 0.0.0.0:0
[rospy.init][INFO] 2012-12-31 16:00:19,291: ROS Slave URI: [http://copter131:58841/]
[xmlrpc][INFO] 2012-12-31 16:00:19,291: Started XML-RPC server [http://copter131:58841/]
[rospy.impl.masterslave][INFO] 2012-12-31 16:00:19,291: _ready: http://copter131:58841/
[xmlrpc][INFO] 2012-12-31 16:00:19,294: xml rpc node: starting XML-RPC server
[rospy.registration][INFO] 2012-12-31 16:00:19,295: Registering with master node http://localhost:11311
[rospy.init][INFO] 2012-12-31 16:00:19,391: registered with master
[rospy.rosout][INFO] 2012-12-31 16:00:19,392: initializing /rosout core topic
[rospy.rosout][INFO] 2012-12-31 16:00:19,406: connected to core topic /rosout
[rospy.simtime][INFO] 2012-12-31 16:00:19,426: /use_sim_time is not set, will not subscribe to simulated time [/clock] topic
[rospy.internal][INFO] 2012-12-31 16:00:19,629: topic[/rosout] adding connection to [/rosout], count 0
[rospy.internal][INFO] 2012-12-31 16:00:19,984: topic[/network/send_swarm_behavior_data] adding connection to [/network], count 0
[rospy.internal][INFO] 2012-12-31 16:00:20,032: topic[/safety/payload_waypoint] adding connection to [/safety], count 0
[rospy.internal][INFO] 2019-03-25 06:21:31,490: topic[/autopilot/status] adding connection to [http://copter131:43214/], count 0
[rospy.internal][INFO] 2019-03-25 06:21:32,009: topic[/swarm_control/behavior_status] adding connection to [/swarm_control], count 0
[rospy.internal][INFO] 2019-03-25 06:21:32,113: topic[/swarm_control/subswarm_id] adding connection to [http://copter131:44551/], count 0
[rospy.internal][INFO] 2019-03-25 06:21:32,206: topic[/swarm_control/ap_intent] adding connection to [http://copter131:44551/], count 0
[rosout][INFO] 2019-03-25 08:20:27,937: pn_interceptor activate request False returned False
[rosout][INFO] 2019-03-25 08:20:28,043: pn_interceptor activate request False returned False
[rosout][INFO] 2019-03-25 08:20:34,595: pn_interceptor activate request False returned False
[rosout][INFO] 2019-03-25 08:20:54,317: pn_interceptor activate request False returned False
[rosout][INFO] 2019-03-25 08:20:54,430: pn_interceptor activate request False returned False
