[rospy.client][INFO] 2012-12-31 16:00:18,620: init_node, name[/smart_shooter], pid[3041]
[xmlrpc][INFO] 2012-12-31 16:00:18,622: XML-RPC server binding to 0.0.0.0:0
[rospy.init][INFO] 2012-12-31 16:00:18,624: ROS Slave URI: [http://copter131:37020/]
[xmlrpc][INFO] 2012-12-31 16:00:18,624: Started XML-RPC server [http://copter131:37020/]
[rospy.impl.masterslave][INFO] 2012-12-31 16:00:18,625: _ready: http://copter131:37020/
[xmlrpc][INFO] 2012-12-31 16:00:18,629: xml rpc node: starting XML-RPC server
[rospy.registration][INFO] 2012-12-31 16:00:18,631: Registering with master node http://localhost:11311
[rospy.init][INFO] 2012-12-31 16:00:18,725: registered with master
[rospy.rosout][INFO] 2012-12-31 16:00:18,725: initializing /rosout core topic
[rospy.rosout][INFO] 2012-12-31 16:00:19,739: connected to core topic /rosout
[rospy.simtime][INFO] 2012-12-31 16:00:19,764: /use_sim_time is not set, will not subscribe to simulated time [/clock] topic
[rospy.internal][INFO] 2012-12-31 16:00:19,966: topic[/rosout] adding connection to [/rosout], count 0
[rospy.internal][INFO] 2012-12-31 16:00:20,034: topic[/safety/payload_waypoint] adding connection to [/safety], count 0
[rospy.internal][INFO] 2012-12-31 16:00:20,105: topic[/network/send_swarm_behavior_data] adding connection to [/network], count 0
[rospy.internal][INFO] 2019-03-25 06:21:30,963: topic[/autopilot/acs_pose] adding connection to [http://copter131:43214/], count 0
[rospy.internal][INFO] 2019-03-25 06:21:31,035: topic[/hit_tracker/hit_uavs] adding connection to [http://copter131:54960/], count 0
[rospy.internal][INFO] 2019-03-25 06:21:31,128: topic[/air_to_air/firing_reports] adding connection to [/network], count 0
[rospy.internal][INFO] 2019-03-25 06:21:31,496: topic[/autopilot/status] adding connection to [http://copter131:43214/], count 0
[rospy.internal][INFO] 2019-03-25 06:21:32,015: topic[/swarm_control/behavior_status] adding connection to [/swarm_control], count 0
[rospy.internal][INFO] 2019-03-25 06:21:32,117: topic[/swarm_control/subswarm_id] adding connection to [http://copter131:44551/], count 0
[rospy.internal][INFO] 2019-03-25 06:21:32,209: topic[/swarm_control/ap_intent] adding connection to [http://copter131:44551/], count 0
[rosout][INFO] 2019-03-25 08:20:27,950: smart_shooter activate request False returned False
[rosout][INFO] 2019-03-25 08:20:28,069: smart_shooter activate request False returned False
[rosout][INFO] 2019-03-25 08:20:34,607: smart_shooter activate request False returned False
[rosout][INFO] 2019-03-25 08:20:54,329: smart_shooter activate request False returned False
[rosout][INFO] 2019-03-25 08:20:54,447: smart_shooter activate request False returned False
