[rospy.client][INFO] 2012-12-31 16:00:16,648: init_node, name[/swarm_tracker], pid[2808]
[xmlrpc][INFO] 2012-12-31 16:00:16,652: XML-RPC server binding to 0.0.0.0:0
[xmlrpc][INFO] 2012-12-31 16:00:16,656: Started XML-RPC server [http://copter131:58348/]
[rospy.init][INFO] 2012-12-31 16:00:16,657: ROS Slave URI: [http://copter131:58348/]
[rospy.impl.masterslave][INFO] 2012-12-31 16:00:16,661: _ready: http://copter131:58348/
[xmlrpc][INFO] 2012-12-31 16:00:16,690: xml rpc node: starting XML-RPC server
[rospy.registration][INFO] 2012-12-31 16:00:16,690: Registering with master node http://localhost:11311
[rospy.init][INFO] 2012-12-31 16:00:16,762: registered with master
[rospy.rosout][INFO] 2012-12-31 16:00:16,763: initializing /rosout core topic
[rospy.rosout][INFO] 2012-12-31 16:00:16,843: connected to core topic /rosout
[rospy.simtime][INFO] 2012-12-31 16:00:16,932: /use_sim_time is not set, will not subscribe to simulated time [/clock] topic
[rospy.internal][INFO] 2012-12-31 16:00:17,054: topic[/rosout] adding connection to [/rosout], count 0
[rospy.internal][INFO] 2019-03-25 06:21:30,726: topic[/autopilot/acs_pose] adding connection to [http://copter131:43214/], count 0
[rospy.internal][INFO] 2019-03-25 06:21:30,739: topic[/swarm_tracker/swarm_uav_states] adding connection to [/safety], count 0
[rospy.internal][INFO] 2019-03-25 06:21:30,942: topic[/swarm_tracker/swarm_uav_states] adding connection to [/swarm_control], count 1
[rospy.internal][INFO] 2019-03-25 06:21:31,481: topic[/autopilot/status] adding connection to [http://copter131:43214/], count 0
[rospy.internal][INFO] 2019-03-25 06:21:32,097: topic[/swarm_control/subswarm_id] adding connection to [http://copter131:44551/], count 0
[rospy.internal][INFO] 2019-03-25 06:21:32,175: topic[/swarm_control/swarm_state] adding connection to [http://copter131:44551/], count 0
[rospy.internal][INFO] 2019-03-25 06:21:32,178: topic[/swarm_control/swarm_behavior] adding connection to [http://copter131:44551/], count 0
[rospy.internal][INFO] 2019-03-25 07:10:10,191: topic[/network/recv_swarm_ctl_state] adding connection to [http://copter131:46162/], count 0
[rospy.internal][INFO] 2019-03-25 07:10:11,806: topic[/network/recv_pose] adding connection to [http://copter131:46162/], count 0
[rosout][WARNING] 2019-03-25 07:20:41,482: UAV 28 possible crash: no updates for 6.000000 secs
[rosout][WARNING] 2019-03-25 07:22:39,082: UAV 22 possible crash: no updates for 6.000000 secs
[rosout][WARNING] 2019-03-25 08:19:23,882: UAV 131 possible crash: no updates for 6.000000 secs
[rosout][INFO] 2019-03-25 08:19:34,033: Received update to own UAV 131
[rosout][WARNING] 2019-03-25 08:22:34,482: UAV 131 possible crash: no updates for 6.000000 secs
[rosout][INFO] 2019-03-25 08:22:43,116: Received update to own UAV 131
[rosout][WARNING] 2019-03-25 08:24:38,382: UAV 131 possible crash: no updates for 6.000000 secs
[rosout][INFO] 2019-03-25 08:24:47,014: Received update to own UAV 131
[rosout][WARNING] 2019-03-25 08:26:46,882: UAV 131 possible crash: no updates for 6.000000 secs
[rosout][INFO] 2019-03-25 08:26:56,012: Received update to own UAV 131
