[rospy.client][INFO] 2012-12-31 16:00:18,565: init_node, name[/tactic_interface], pid[2968]
[xmlrpc][INFO] 2012-12-31 16:00:18,578: XML-RPC server binding to 0.0.0.0:0
[xmlrpc][INFO] 2012-12-31 16:00:18,579: Started XML-RPC server [http://copter131:50131/]
[rospy.init][INFO] 2012-12-31 16:00:18,579: ROS Slave URI: [http://copter131:50131/]
[rospy.impl.masterslave][INFO] 2012-12-31 16:00:18,580: _ready: http://copter131:50131/
[rospy.registration][INFO] 2012-12-31 16:00:18,596: Registering with master node http://localhost:11311
[rospy.registration][INFO] 2012-12-31 16:00:18,597: Registering publisher topic [/safety/payload_waypoint] type [autopilot_bridge/LLA] with master
[xmlrpc][INFO] 2012-12-31 16:00:18,597: xml rpc node: starting XML-RPC server
[rospy.registration][INFO] 2012-12-31 16:00:19,523: registering subscriber topic [/autopilot/status] type [autopilot_bridge/Status] with master
[rospy.init][INFO] 2012-12-31 16:00:19,582: registered with master
[rospy.rosout][INFO] 2012-12-31 16:00:19,583: initializing /rosout core topic
[rospy.rosout][INFO] 2012-12-31 16:00:19,602: connected to core topic /rosout
[rospy.simtime][INFO] 2012-12-31 16:00:19,620: /use_sim_time is not set, will not subscribe to simulated time [/clock] topic
[rospy.internal][INFO] 2012-12-31 16:00:19,865: topic[/rosout] adding connection to [/rosout], count 0
[rospy.internal][INFO] 2012-12-31 16:00:19,987: topic[/network/send_swarm_behavior_data] adding connection to [/network], count 0
[rospy.internal][INFO] 2012-12-31 16:00:20,028: topic[/safety/payload_waypoint] adding connection to [/safety], count 0
[rospy.internal][INFO] 2019-03-25 06:21:30,918: topic[/autopilot/acs_pose] adding connection to [http://copter131:43214/], count 0
[rospy.internal][INFO] 2019-03-25 06:21:30,980: topic[/hit_tracker/hit_uavs] adding connection to [http://copter131:54960/], count 0
[rospy.internal][INFO] 2019-03-25 06:21:31,147: topic[/air_to_air/firing_reports] adding connection to [/network], count 0
[rospy.internal][INFO] 2019-03-25 06:21:31,166: topic[/network/swarm_sub_behavior] adding connection to [/network], count 0
[rospy.internal][INFO] 2019-03-25 06:21:31,173: topic[/autopilot/waypoint_goto] adding connection to [/autopilot], count 0
[rospy.internal][INFO] 2019-03-25 06:21:31,467: topic[/autopilot/status] adding connection to [http://copter131:43214/], count 0
[rospy.internal][INFO] 2019-03-25 06:21:32,010: topic[/swarm_control/behavior_status] adding connection to [/swarm_control], count 0
[rospy.internal][INFO] 2019-03-25 06:21:32,159: topic[/swarm_control/subswarm_id] adding connection to [http://copter131:44551/], count 0
[rospy.internal][INFO] 2019-03-25 06:21:32,205: topic[/swarm_control/ap_intent] adding connection to [http://copter131:44551/], count 0
[rosout][INFO] 2019-03-25 08:20:27,981: tactic_interface activate request False returned False
[rosout][INFO] 2019-03-25 08:20:28,119: tactic_interface activate request False returned False
[rosout][INFO] 2019-03-25 08:20:34,640: tactic_interface activate request False returned False
[rosout][INFO] 2019-03-25 08:20:54,359: tactic_interface activate request False returned False
[rosout][INFO] 2019-03-25 08:20:54,492: tactic_interface activate request False returned False
