[rospy.client][INFO] 2012-12-31 16:00:16,909: init_node, name[/task_runner], pid[2827]
[xmlrpc][INFO] 2012-12-31 16:00:16,913: XML-RPC server binding to 0.0.0.0:0
[rospy.init][INFO] 2012-12-31 16:00:16,916: ROS Slave URI: [http://copter131:48240/]
[xmlrpc][INFO] 2012-12-31 16:00:16,916: Started XML-RPC server [http://copter131:48240/]
[rospy.impl.masterslave][INFO] 2012-12-31 16:00:16,918: _ready: http://copter131:48240/
[xmlrpc][INFO] 2012-12-31 16:00:16,920: xml rpc node: starting XML-RPC server
[rospy.registration][INFO] 2012-12-31 16:00:16,921: Registering with master node http://localhost:11311
[rospy.init][INFO] 2012-12-31 16:00:17,017: registered with master
[rospy.rosout][INFO] 2012-12-31 16:00:17,017: initializing /rosout core topic
[rospy.rosout][INFO] 2012-12-31 16:00:17,330: connected to core topic /rosout
[rospy.simtime][INFO] 2012-12-31 16:00:17,431: /use_sim_time is not set, will not subscribe to simulated time [/clock] topic
[rospy.internal][INFO] 2012-12-31 16:00:17,515: topic[/rosout] adding connection to [/rosout], count 0
[rosout][INFO] 2012-12-31 16:00:20,867: Task Runner: Starting Event 'on_start'
[rosout][INFO] 2012-12-31 16:00:20,928: Task Runner: Event 'on_start' Task 'Tx Power' Time 0.1s: Succeeded
[rosout][INFO] 2012-12-31 16:00:20,930: Task Runner: Completed Event 'on_start'
[rospy.internal][INFO] 2019-03-25 06:21:31,506: topic[/autopilot/status] adding connection to [http://copter131:43214/], count 0
[rosout][INFO] 2019-03-25 06:21:31,778: Task Runner: Starting Event 'on_status'
[rosout][INFO] 2019-03-25 06:21:32,003: Task Runner: Event 'on_status' Task 'AP Set ID' Time 0.2s: Succeeded
[rosout][INFO] 2019-03-25 06:21:32,005: Task Runner: Completed Event 'on_status'
[rosout][INFO] 2019-03-25 08:19:12,990: Task Runner: Starting Event 'on_ready'
[rosout][INFO] 2019-03-25 08:19:12,991: Task Runner: Completed Event 'on_ready'
[rosout][INFO] 2019-03-25 08:20:04,240: Task Runner: Starting Event 'on_arm'
[rosout][INFO] 2019-03-25 08:20:04,296: Task Runner: Event 'on_arm' Task 'Tx Power' Time 0.1s: Succeeded
[rosout][INFO] 2019-03-25 08:20:04,299: Task Runner: Completed Event 'on_arm'
[rosout][INFO] 2019-03-25 08:20:34,735: Task Runner: Starting Event 'on_disarm'
[rosout][INFO] 2019-03-25 08:20:34,736: Task Runner: Completed Event 'on_disarm'
