[rospy.client][INFO] 2019-03-19 08:21:08,591: init_node, name[/constrained_shooter], pid[3056]
[xmlrpc][INFO] 2019-03-19 08:21:08,608: XML-RPC server binding to 0.0.0.0:0
[xmlrpc][INFO] 2019-03-19 08:21:08,609: Started XML-RPC server [http://copter131:40155/]
[rospy.init][INFO] 2019-03-19 08:21:08,609: ROS Slave URI: [http://copter131:40155/]
[rospy.impl.masterslave][INFO] 2019-03-19 08:21:08,609: _ready: http://copter131:40155/
[xmlrpc][INFO] 2019-03-19 08:21:08,623: xml rpc node: starting XML-RPC server
[rospy.registration][INFO] 2019-03-19 08:21:08,624: Registering with master node http://localhost:11311
[rospy.init][INFO] 2019-03-19 08:21:08,710: registered with master
[rospy.rosout][INFO] 2019-03-19 08:21:08,711: initializing /rosout core topic
[rospy.rosout][INFO] 2019-03-19 08:21:08,836: connected to core topic /rosout
[rospy.simtime][INFO] 2019-03-19 08:21:08,866: /use_sim_time is not set, will not subscribe to simulated time [/clock] topic
[rospy.internal][INFO] 2019-03-19 08:21:08,965: topic[/rosout] adding connection to [/rosout], count 0
[rospy.internal][INFO] 2019-03-19 08:21:09,854: topic[/safety/payload_waypoint] adding connection to [/safety], count 0
[rospy.internal][INFO] 2019-03-19 08:21:10,357: topic[/autopilot/acs_pose] adding connection to [http://copter131:37283/], count 0
[rospy.internal][INFO] 2019-03-19 08:21:10,422: topic[/hit_tracker/hit_uavs] adding connection to [http://copter131:60057/], count 0
[rospy.internal][INFO] 2019-03-19 08:21:10,503: topic[/swarm_control/behavior_status] adding connection to [/swarm_control], count 0
[rospy.internal][INFO] 2019-03-19 08:21:10,632: topic[/network/send_swarm_behavior_data] adding connection to [/network], count 0
[rospy.internal][INFO] 2019-03-19 08:21:10,638: topic[/air_to_air/firing_reports] adding connection to [/network], count 0
[rospy.internal][INFO] 2019-03-19 08:21:10,690: topic[/swarm_control/subswarm_id] adding connection to [http://copter131:59928/], count 0
[rospy.internal][INFO] 2019-03-19 08:21:10,753: topic[/swarm_control/ap_intent] adding connection to [http://copter131:59928/], count 0
[rospy.internal][INFO] 2019-03-19 08:21:10,993: topic[/autopilot/status] adding connection to [http://copter131:37283/], count 0
[rosout][INFO] 2019-03-19 08:27:02,375: constrained_shooter activate request False returned False
[rosout][INFO] 2019-03-19 08:27:16,914: constrained_shooter activate request False returned False
[rosout][INFO] 2019-03-19 08:27:48,899: constrained_shooter activate request False returned False
[rosout][INFO] 2019-03-19 08:28:04,005: constrained_shooter activate request False returned False
[rosout][INFO] 2019-03-19 08:28:36,192: constrained_shooter activate request False returned False
