[rospy.client][INFO] 2019-03-19 08:21:09,287: init_node, name[/evader], pid[3152]
[xmlrpc][INFO] 2019-03-19 08:21:09,288: XML-RPC server binding to 0.0.0.0:0
[xmlrpc][INFO] 2019-03-19 08:21:09,290: Started XML-RPC server [http://copter131:40036/]
[rospy.impl.masterslave][INFO] 2019-03-19 08:21:09,290: _ready: http://copter131:40036/
[rospy.init][INFO] 2019-03-19 08:21:09,291: ROS Slave URI: [http://copter131:40036/]
[xmlrpc][INFO] 2019-03-19 08:21:09,291: xml rpc node: starting XML-RPC server
[rospy.registration][INFO] 2019-03-19 08:21:09,293: Registering with master node http://localhost:11311
[rospy.init][INFO] 2019-03-19 08:21:09,391: registered with master
[rospy.rosout][INFO] 2019-03-19 08:21:09,392: initializing /rosout core topic
[rospy.rosout][INFO] 2019-03-19 08:21:09,404: connected to core topic /rosout
[rospy.simtime][INFO] 2019-03-19 08:21:09,412: /use_sim_time is not set, will not subscribe to simulated time [/clock] topic
[rospy.internal][INFO] 2019-03-19 08:21:09,577: topic[/rosout] adding connection to [/rosout], count 0
[rospy.internal][INFO] 2019-03-19 08:21:09,837: topic[/hit_tracker/hit_uavs] adding connection to [http://copter131:60057/], count 0
[rospy.internal][INFO] 2019-03-19 08:21:09,852: topic[/safety/payload_waypoint] adding connection to [/safety], count 0
[rospy.internal][INFO] 2019-03-19 08:21:10,253: topic[/autopilot/acs_pose] adding connection to [http://copter131:37283/], count 0
[rospy.internal][INFO] 2019-03-19 08:21:10,530: topic[/swarm_control/behavior_status] adding connection to [/swarm_control], count 0
[rospy.internal][INFO] 2019-03-19 08:21:10,630: topic[/network/send_swarm_behavior_data] adding connection to [/network], count 0
[rospy.internal][INFO] 2019-03-19 08:21:10,738: topic[/swarm_control/subswarm_id] adding connection to [http://copter131:59928/], count 0
[rospy.internal][INFO] 2019-03-19 08:21:11,029: topic[/autopilot/status] adding connection to [http://copter131:37283/], count 0
[rospy.internal][INFO] 2019-03-19 08:21:11,749: topic[/swarm_control/ap_intent] adding connection to [http://copter131:59928/], count 0
[rosout][INFO] 2019-03-19 08:27:02,407: evader activate request False returned False
[rosout][INFO] 2019-03-19 08:27:16,968: evader activate request False returned False
[rosout][INFO] 2019-03-19 08:27:48,942: evader activate request False returned False
[rosout][INFO] 2019-03-19 08:28:04,052: evader activate request False returned False
[rosout][INFO] 2019-03-19 08:28:36,244: evader activate request False returned False
