[rospy.client][INFO] 2019-03-19 08:21:08,159: init_node, name[/linear_formation], pid[2983]
[xmlrpc][INFO] 2019-03-19 08:21:08,160: XML-RPC server binding to 0.0.0.0:0
[rospy.init][INFO] 2019-03-19 08:21:08,162: ROS Slave URI: [http://copter131:37019/]
[xmlrpc][INFO] 2019-03-19 08:21:08,162: Started XML-RPC server [http://copter131:37019/]
[rospy.impl.masterslave][INFO] 2019-03-19 08:21:08,163: _ready: http://copter131:37019/
[xmlrpc][INFO] 2019-03-19 08:21:08,166: xml rpc node: starting XML-RPC server
[rospy.registration][INFO] 2019-03-19 08:21:08,167: Registering with master node http://localhost:11311
[rospy.init][INFO] 2019-03-19 08:21:08,263: registered with master
[rospy.rosout][INFO] 2019-03-19 08:21:08,263: initializing /rosout core topic
[rospy.rosout][INFO] 2019-03-19 08:21:08,353: connected to core topic /rosout
[rospy.simtime][INFO] 2019-03-19 08:21:08,436: /use_sim_time is not set, will not subscribe to simulated time [/clock] topic
[rospy.internal][INFO] 2019-03-19 08:21:08,636: topic[/rosout] adding connection to [/rosout], count 0
[rospy.internal][INFO] 2019-03-19 08:21:09,847: topic[/safety/payload_waypoint] adding connection to [/safety], count 0
[rospy.internal][INFO] 2019-03-19 08:21:10,384: topic[/autopilot/waypoint_goto] adding connection to [/autopilot], count 0
[rospy.internal][INFO] 2019-03-19 08:21:10,494: topic[/swarm_control/behavior_status] adding connection to [/swarm_control], count 0
[rospy.internal][INFO] 2019-03-19 08:21:10,632: topic[/network/send_swarm_behavior_data] adding connection to [/network], count 0
[rospy.internal][INFO] 2019-03-19 08:21:10,716: topic[/swarm_control/subswarm_id] adding connection to [http://copter131:59928/], count 0
[rospy.internal][INFO] 2019-03-19 08:21:10,748: topic[/swarm_control/ap_intent] adding connection to [http://copter131:59928/], count 0
[rospy.internal][INFO] 2019-03-19 08:21:10,996: topic[/autopilot/status] adding connection to [http://copter131:37283/], count 0
[rosout][INFO] 2019-03-19 08:27:02,334: linear_formation activate request False returned False
[rosout][INFO] 2019-03-19 08:27:16,849: linear_formation activate request False returned False
[rosout][INFO] 2019-03-19 08:27:48,861: linear_formation activate request False returned False
[rosout][INFO] 2019-03-19 08:28:03,935: linear_formation activate request False returned False
[rosout][INFO] 2019-03-19 08:28:36,126: linear_formation activate request False returned False
