[rospy.client][INFO] 2019-03-19 08:21:09,204: init_node, name[/patrol_box_shooter], pid[3142]
[xmlrpc][INFO] 2019-03-19 08:21:09,206: XML-RPC server binding to 0.0.0.0:0
[xmlrpc][INFO] 2019-03-19 08:21:09,207: Started XML-RPC server [http://copter131:57641/]
[rospy.init][INFO] 2019-03-19 08:21:09,207: ROS Slave URI: [http://copter131:57641/]
[rospy.impl.masterslave][INFO] 2019-03-19 08:21:09,207: _ready: http://copter131:57641/
[xmlrpc][INFO] 2019-03-19 08:21:09,210: xml rpc node: starting XML-RPC server
[rospy.registration][INFO] 2019-03-19 08:21:09,211: Registering with master node http://localhost:11311
[rospy.init][INFO] 2019-03-19 08:21:09,309: registered with master
[rospy.rosout][INFO] 2019-03-19 08:21:09,310: initializing /rosout core topic
[rospy.rosout][INFO] 2019-03-19 08:21:09,325: connected to core topic /rosout
[rospy.simtime][INFO] 2019-03-19 08:21:09,338: /use_sim_time is not set, will not subscribe to simulated time [/clock] topic
[rospy.internal][INFO] 2019-03-19 08:21:09,473: topic[/rosout] adding connection to [/rosout], count 0
[rospy.internal][INFO] 2019-03-19 08:21:09,854: topic[/safety/payload_waypoint] adding connection to [/safety], count 0
[rospy.internal][INFO] 2019-03-19 08:21:10,439: topic[/autopilot/acs_pose] adding connection to [http://copter131:37283/], count 0
[rospy.internal][INFO] 2019-03-19 08:21:10,514: topic[/hit_tracker/hit_uavs] adding connection to [http://copter131:60057/], count 0
[rospy.internal][INFO] 2019-03-19 08:21:10,522: topic[/swarm_control/behavior_status] adding connection to [/swarm_control], count 0
[rospy.internal][INFO] 2019-03-19 08:21:10,633: topic[/network/send_swarm_behavior_data] adding connection to [/network], count 0
[rospy.internal][INFO] 2019-03-19 08:21:10,641: topic[/air_to_air/firing_reports] adding connection to [/network], count 0
[rospy.internal][INFO] 2019-03-19 08:21:10,768: topic[/swarm_control/subswarm_id] adding connection to [http://copter131:59928/], count 0
[rospy.internal][INFO] 2019-03-19 08:21:10,783: topic[/swarm_control/ap_intent] adding connection to [http://copter131:59928/], count 0
[rospy.internal][INFO] 2019-03-19 08:21:11,063: topic[/autopilot/status] adding connection to [http://copter131:37283/], count 0
[rosout][INFO] 2019-03-19 08:27:02,394: patrol_box_shooter activate request False returned False
[rosout][INFO] 2019-03-19 08:27:16,943: patrol_box_shooter activate request False returned False
[rosout][INFO] 2019-03-19 08:27:48,918: patrol_box_shooter activate request False returned False
[rosout][INFO] 2019-03-19 08:28:04,032: patrol_box_shooter activate request False returned False
[rosout][INFO] 2019-03-19 08:28:36,224: patrol_box_shooter activate request False returned False
