[rospy.client][INFO] 2012-12-31 16:00:17,592: init_node, name[/patrol_box], pid[2929]
[xmlrpc][INFO] 2012-12-31 16:00:17,614: XML-RPC server binding to 0.0.0.0:0
[xmlrpc][INFO] 2012-12-31 16:00:17,620: Started XML-RPC server [http://copter131:53763/]
[rospy.impl.masterslave][INFO] 2012-12-31 16:00:17,621: _ready: http://copter131:53763/
[rospy.init][INFO] 2012-12-31 16:00:17,621: ROS Slave URI: [http://copter131:53763/]
[xmlrpc][INFO] 2012-12-31 16:00:17,630: xml rpc node: starting XML-RPC server
[rospy.registration][INFO] 2012-12-31 16:00:17,631: Registering with master node http://localhost:11311
[rospy.init][INFO] 2012-12-31 16:00:17,722: registered with master
[rospy.rosout][INFO] 2012-12-31 16:00:17,723: initializing /rosout core topic
[rospy.rosout][INFO] 2019-03-19 08:21:08,688: connected to core topic /rosout
[rospy.simtime][INFO] 2019-03-19 08:21:08,806: /use_sim_time is not set, will not subscribe to simulated time [/clock] topic
[rospy.internal][INFO] 2019-03-19 08:21:08,855: topic[/rosout] adding connection to [/rosout], count 0
[rospy.internal][INFO] 2019-03-19 08:21:10,047: topic[/safety/payload_waypoint] adding connection to [/safety], count 0
[rospy.internal][INFO] 2019-03-19 08:21:10,280: topic[/autopilot/acs_pose] adding connection to [http://copter131:37283/], count 0
[rospy.internal][INFO] 2019-03-19 08:21:10,548: topic[/swarm_control/behavior_status] adding connection to [/swarm_control], count 0
[rospy.internal][INFO] 2019-03-19 08:21:10,633: topic[/network/send_swarm_behavior_data] adding connection to [/network], count 0
[rospy.internal][INFO] 2019-03-19 08:21:10,966: topic[/swarm_control/subswarm_id] adding connection to [http://copter131:59928/], count 0
[rospy.internal][INFO] 2019-03-19 08:21:11,076: topic[/autopilot/status] adding connection to [http://copter131:37283/], count 0
[rospy.internal][INFO] 2019-03-19 08:21:11,754: topic[/swarm_control/ap_intent] adding connection to [http://copter131:59928/], count 0
[rosout][INFO] 2019-03-19 08:27:02,388: patrol_box activate request False returned False
[rosout][INFO] 2019-03-19 08:27:16,933: patrol_box activate request False returned False
[rosout][INFO] 2019-03-19 08:27:48,912: patrol_box activate request False returned False
[rosout][INFO] 2019-03-19 08:28:04,024: patrol_box activate request False returned False
[rosout][INFO] 2019-03-19 08:28:36,213: patrol_box activate request False returned False
