[rospy.client][INFO] 2019-03-19 08:21:09,114: init_node, name[/pn_interceptor], pid[3119]
[xmlrpc][INFO] 2019-03-19 08:21:09,117: XML-RPC server binding to 0.0.0.0:0
[rospy.init][INFO] 2019-03-19 08:21:09,120: ROS Slave URI: [http://copter131:39637/]
[xmlrpc][INFO] 2019-03-19 08:21:09,120: Started XML-RPC server [http://copter131:39637/]
[rospy.impl.masterslave][INFO] 2019-03-19 08:21:09,121: _ready: http://copter131:39637/
[xmlrpc][INFO] 2019-03-19 08:21:09,121: xml rpc node: starting XML-RPC server
[rospy.registration][INFO] 2019-03-19 08:21:09,123: Registering with master node http://localhost:11311
[rospy.init][INFO] 2019-03-19 08:21:09,221: registered with master
[rospy.rosout][INFO] 2019-03-19 08:21:09,221: initializing /rosout core topic
[rospy.rosout][INFO] 2019-03-19 08:21:09,232: connected to core topic /rosout
[rospy.simtime][INFO] 2019-03-19 08:21:09,242: /use_sim_time is not set, will not subscribe to simulated time [/clock] topic
[rospy.internal][INFO] 2019-03-19 08:21:09,473: topic[/rosout] adding connection to [/rosout], count 0
[rospy.internal][INFO] 2019-03-19 08:21:09,849: topic[/safety/payload_waypoint] adding connection to [/safety], count 0
[rospy.internal][INFO] 2019-03-19 08:21:10,500: topic[/swarm_control/behavior_status] adding connection to [/swarm_control], count 0
[rospy.internal][INFO] 2019-03-19 08:21:10,633: topic[/network/send_swarm_behavior_data] adding connection to [/network], count 0
[rospy.internal][INFO] 2019-03-19 08:21:10,710: topic[/swarm_control/subswarm_id] adding connection to [http://copter131:59928/], count 0
[rospy.internal][INFO] 2019-03-19 08:21:10,962: topic[/swarm_control/ap_intent] adding connection to [http://copter131:59928/], count 0
[rospy.internal][INFO] 2019-03-19 08:21:11,012: topic[/autopilot/status] adding connection to [http://copter131:37283/], count 0
[rosout][INFO] 2019-03-19 08:27:02,353: pn_interceptor activate request False returned False
[rosout][INFO] 2019-03-19 08:27:16,878: pn_interceptor activate request False returned False
[rosout][INFO] 2019-03-19 08:27:48,880: pn_interceptor activate request False returned False
[rosout][INFO] 2019-03-19 08:28:03,975: pn_interceptor activate request False returned False
[rosout][INFO] 2019-03-19 08:28:36,159: pn_interceptor activate request False returned False
