[rospy.client][INFO] 2019-03-19 08:21:08,460: init_node, name[/smart_shooter], pid[3041]
[xmlrpc][INFO] 2019-03-19 08:21:08,462: XML-RPC server binding to 0.0.0.0:0
[xmlrpc][INFO] 2019-03-19 08:21:08,463: Started XML-RPC server [http://copter131:50529/]
[rospy.impl.masterslave][INFO] 2019-03-19 08:21:08,463: _ready: http://copter131:50529/
[rospy.init][INFO] 2019-03-19 08:21:08,464: ROS Slave URI: [http://copter131:50529/]
[xmlrpc][INFO] 2019-03-19 08:21:08,465: xml rpc node: starting XML-RPC server
[rospy.registration][INFO] 2019-03-19 08:21:08,467: Registering with master node http://localhost:11311
[rospy.init][INFO] 2019-03-19 08:21:08,564: registered with master
[rospy.rosout][INFO] 2019-03-19 08:21:08,565: initializing /rosout core topic
[rospy.rosout][INFO] 2019-03-19 08:21:09,586: connected to core topic /rosout
[rospy.simtime][INFO] 2019-03-19 08:21:09,597: /use_sim_time is not set, will not subscribe to simulated time [/clock] topic
[rospy.internal][INFO] 2019-03-19 08:21:09,788: topic[/rosout] adding connection to [/rosout], count 0
[rospy.internal][INFO] 2019-03-19 08:21:09,855: topic[/safety/payload_waypoint] adding connection to [/safety], count 0
[rospy.internal][INFO] 2019-03-19 08:21:10,215: topic[/autopilot/acs_pose] adding connection to [http://copter131:37283/], count 0
[rospy.internal][INFO] 2019-03-19 08:21:10,229: topic[/hit_tracker/hit_uavs] adding connection to [http://copter131:60057/], count 0
[rospy.internal][INFO] 2019-03-19 08:21:10,548: topic[/swarm_control/behavior_status] adding connection to [/swarm_control], count 0
[rospy.internal][INFO] 2019-03-19 08:21:10,634: topic[/network/send_swarm_behavior_data] adding connection to [/network], count 0
[rospy.internal][INFO] 2019-03-19 08:21:10,638: topic[/air_to_air/firing_reports] adding connection to [/network], count 0
[rospy.internal][INFO] 2019-03-19 08:21:10,772: topic[/swarm_control/subswarm_id] adding connection to [http://copter131:59928/], count 0
[rospy.internal][INFO] 2019-03-19 08:21:11,027: topic[/autopilot/status] adding connection to [http://copter131:37283/], count 0
[rospy.internal][INFO] 2019-03-19 08:21:11,746: topic[/swarm_control/ap_intent] adding connection to [http://copter131:59928/], count 0
[rosout][INFO] 2019-03-19 08:27:02,367: smart_shooter activate request False returned False
[rosout][INFO] 2019-03-19 08:27:16,903: smart_shooter activate request False returned False
[rosout][INFO] 2019-03-19 08:27:48,893: smart_shooter activate request False returned False
[rosout][INFO] 2019-03-19 08:28:03,993: smart_shooter activate request False returned False
[rosout][INFO] 2019-03-19 08:28:36,182: smart_shooter activate request False returned False
