[rospy.client][INFO] 2012-12-31 16:00:18,188: init_node, name[/swarm_landing_sequencer], pid[3003]
[xmlrpc][INFO] 2012-12-31 16:00:18,190: XML-RPC server binding to 0.0.0.0:0
[rospy.init][INFO] 2012-12-31 16:00:18,192: ROS Slave URI: [http://copter131:51777/]
[xmlrpc][INFO] 2012-12-31 16:00:18,192: Started XML-RPC server [http://copter131:51777/]
[rospy.impl.masterslave][INFO] 2012-12-31 16:00:18,193: _ready: http://copter131:51777/
[xmlrpc][INFO] 2012-12-31 16:00:18,193: xml rpc node: starting XML-RPC server
[rospy.registration][INFO] 2012-12-31 16:00:18,195: Registering with master node http://localhost:11311
[rospy.init][INFO] 2019-03-19 08:21:08,161: registered with master
[rospy.rosout][INFO] 2019-03-19 08:21:08,162: initializing /rosout core topic
[rospy.rosout][INFO] 2019-03-19 08:21:09,528: connected to core topic /rosout
[rospy.simtime][INFO] 2019-03-19 08:21:09,538: /use_sim_time is not set, will not subscribe to simulated time [/clock] topic
[rospy.internal][INFO] 2019-03-19 08:21:09,684: topic[/rosout] adding connection to [/rosout], count 0
[rospy.internal][INFO] 2019-03-19 08:21:10,281: topic[/safety/payload_waypoint] adding connection to [/safety], count 0
[rospy.internal][INFO] 2019-03-19 08:21:10,547: topic[/swarm_control/behavior_status] adding connection to [/swarm_control], count 0
[rospy.internal][INFO] 2019-03-19 08:21:10,557: topic[/autopilot/waypoint_goto] adding connection to [/autopilot], count 0
[rospy.internal][INFO] 2019-03-19 08:21:10,565: topic[/autopilot/waypoint_goto] adding connection to [/autopilot], count 1
[rospy.internal][INFO] 2019-03-19 08:21:10,566: topic[/autopilot/waypoint_goto] removing connection to /autopilot
[rospy.internal][INFO] 2019-03-19 08:21:10,641: topic[/network/send_swarm_behavior_data] adding connection to [/network], count 0
[rospy.internal][INFO] 2019-03-19 08:21:10,784: topic[/swarm_control/subswarm_id] adding connection to [http://copter131:59928/], count 0
[rospy.internal][INFO] 2019-03-19 08:21:10,787: topic[/swarm_control/ap_intent] adding connection to [http://copter131:59928/], count 0
[rospy.internal][INFO] 2019-03-19 08:21:11,046: topic[/autopilot/status] adding connection to [http://copter131:37283/], count 0
[rosout][INFO] 2019-03-19 08:27:02,340: swarm_landing_sequencer activate request False returned False
[rosout][INFO] 2019-03-19 08:27:16,858: swarm_landing_sequencer activate request False returned False
[rosout][INFO] 2019-03-19 08:27:48,866: swarm_landing_sequencer activate request False returned False
[rosout][INFO] 2019-03-19 08:28:03,949: swarm_landing_sequencer activate request False returned False
[rosout][INFO] 2019-03-19 08:28:36,138: swarm_landing_sequencer activate request False returned False
