[rospy.client][INFO] 2012-12-31 16:00:16,750: init_node, name[/task_runner], pid[2851]
[xmlrpc][INFO] 2012-12-31 16:00:16,751: XML-RPC server binding to 0.0.0.0:0
[rospy.init][INFO] 2012-12-31 16:00:16,754: ROS Slave URI: [http://copter131:55917/]
[xmlrpc][INFO] 2012-12-31 16:00:16,754: Started XML-RPC server [http://copter131:55917/]
[rospy.impl.masterslave][INFO] 2012-12-31 16:00:16,755: _ready: http://copter131:55917/
[xmlrpc][INFO] 2012-12-31 16:00:16,755: xml rpc node: starting XML-RPC server
[rospy.registration][INFO] 2012-12-31 16:00:16,757: Registering with master node http://localhost:11311
[rospy.init][INFO] 2012-12-31 16:00:16,854: registered with master
[rospy.rosout][INFO] 2012-12-31 16:00:16,855: initializing /rosout core topic
[rospy.rosout][INFO] 2012-12-31 16:00:17,168: connected to core topic /rosout
[rospy.simtime][INFO] 2012-12-31 16:00:17,288: /use_sim_time is not set, will not subscribe to simulated time [/clock] topic
[rospy.internal][INFO] 2012-12-31 16:00:17,463: topic[/rosout] adding connection to [/rosout], count 0
[rosout][INFO] 2019-03-19 08:21:08,864: Task Runner: Starting Event 'on_start'
[rosout][INFO] 2019-03-19 08:21:08,942: Task Runner: Event 'on_start' Task 'Tx Power' Time 0.1s: Succeeded
[rosout][INFO] 2019-03-19 08:21:08,948: Task Runner: Completed Event 'on_start'
[rospy.internal][INFO] 2019-03-19 08:21:11,037: topic[/autopilot/status] adding connection to [http://copter131:37283/], count 0
[rosout][INFO] 2019-03-19 08:21:11,346: Task Runner: Starting Event 'on_status'
[rosout][INFO] 2019-03-19 08:21:11,562: Task Runner: Event 'on_status' Task 'AP Set ID' Time 0.2s: Succeeded
[rosout][INFO] 2019-03-19 08:21:11,562: Task Runner: Completed Event 'on_status'
[rosout][INFO] 2019-03-19 08:21:14,955: Task Runner: Starting Event 'on_ready'
[rosout][INFO] 2019-03-19 08:21:14,956: Task Runner: Completed Event 'on_ready'
[rosout][INFO] 2019-03-19 08:21:37,052: Task Runner: Starting Event 'on_arm'
[rosout][INFO] 2019-03-19 08:21:37,108: Task Runner: Event 'on_arm' Task 'Tx Power' Time 0.1s: Succeeded
[rosout][INFO] 2019-03-19 08:21:37,110: Task Runner: Completed Event 'on_arm'
[rosout][INFO] 2019-03-19 08:22:07,070: Task Runner: Starting Event 'on_disarm'
[rosout][INFO] 2019-03-19 08:22:07,072: Task Runner: Completed Event 'on_disarm'
[rosout][INFO] 2019-03-19 08:22:46,074: Task Runner: Starting Event 'on_arm'
[rosout][INFO] 2019-03-19 08:22:46,131: Task Runner: Event 'on_arm' Task 'Tx Power' Time 0.1s: Succeeded
[rosout][INFO] 2019-03-19 08:22:46,133: Task Runner: Completed Event 'on_arm'
[rosout][INFO] 2019-03-19 08:23:16,049: Task Runner: Starting Event 'on_disarm'
[rosout][INFO] 2019-03-19 08:23:16,050: Task Runner: Completed Event 'on_disarm'
[rosout][INFO] 2019-03-19 08:24:32,066: Task Runner: Starting Event 'on_arm'
[rosout][INFO] 2019-03-19 08:24:32,119: Task Runner: Event 'on_arm' Task 'Tx Power' Time 0.1s: Succeeded
[rosout][INFO] 2019-03-19 08:24:32,121: Task Runner: Completed Event 'on_arm'
[rosout][INFO] 2019-03-19 08:28:39,076: Task Runner: Starting Event 'on_disarm'
[rosout][INFO] 2019-03-19 08:28:39,078: Task Runner: Completed Event 'on_disarm'
