[rospy.client][INFO] 2012-12-31 16:00:16,515: init_node, name[/safety], pid[2808]
[xmlrpc][INFO] 2012-12-31 16:00:16,516: XML-RPC server binding to 0.0.0.0:0
[rospy.init][INFO] 2012-12-31 16:00:16,518: ROS Slave URI: [http://copter131:60763/]
[xmlrpc][INFO] 2012-12-31 16:00:16,518: Started XML-RPC server [http://copter131:60763/]
[rospy.impl.masterslave][INFO] 2012-12-31 16:00:16,519: _ready: http://copter131:60763/
[xmlrpc][INFO] 2012-12-31 16:00:16,520: xml rpc node: starting XML-RPC server
[rospy.registration][INFO] 2012-12-31 16:00:16,521: Registering with master node http://localhost:11311
[rospy.init][INFO] 2012-12-31 16:00:16,619: registered with master
[rospy.rosout][INFO] 2012-12-31 16:00:16,620: initializing /rosout core topic
[rospy.rosout][INFO] 2012-12-31 16:00:16,648: connected to core topic /rosout
[rospy.simtime][INFO] 2012-12-31 16:00:16,681: /use_sim_time is not set, will not subscribe to simulated time [/clock] topic
[rospy.internal][INFO] 2012-12-31 16:00:16,903: topic[/rosout] adding connection to [/rosout], count 0
[rospy.internal][INFO] 2012-12-31 16:00:21,134: topic[/safety/payload_waypoint] adding connection to [http://copter131:39589/], count 0
[rospy.internal][INFO] 2012-12-31 16:00:21,143: topic[/safety/payload_waypoint] adding connection to [http://copter131:41672/], count 1
[rospy.internal][INFO] 2012-12-31 16:00:21,157: topic[/safety/payload_waypoint] adding connection to [http://copter131:44225/], count 2
[rospy.internal][INFO] 2012-12-31 16:00:21,158: topic[/safety/payload_waypoint] adding connection to [http://copter131:46244/], count 2
[rospy.internal][INFO] 2012-12-31 16:00:21,159: topic[/safety/payload_waypoint] adding connection to [http://copter131:56897/], count 2
[rospy.internal][INFO] 2012-12-31 16:00:21,166: topic[/safety/payload_waypoint] adding connection to [http://copter131:52053/], count 5
[rospy.internal][INFO] 2012-12-31 16:00:21,173: topic[/safety/payload_waypoint] adding connection to [http://copter131:57274/], count 6
[rospy.internal][INFO] 2012-12-31 16:00:21,173: topic[/safety/payload_waypoint] adding connection to [http://copter131:39572/], count 6
[rospy.internal][INFO] 2012-12-31 16:00:21,183: topic[/safety/payload_waypoint] adding connection to [http://copter131:53984/], count 8
[rospy.internal][INFO] 2012-12-31 16:00:21,193: topic[/safety/payload_waypoint] adding connection to [http://copter131:39624/], count 9
[rospy.internal][INFO] 2012-12-31 16:00:21,197: topic[/safety/payload_waypoint] adding connection to [http://copter131:41059/], count 10
[rospy.internal][INFO] 2012-12-31 16:00:21,209: topic[/safety/payload_rate] adding connection to [http://copter131:39589/], count 0
[rospy.internal][INFO] 2012-12-31 16:00:21,364: topic[/safety/payload_waypoint] adding connection to [http://copter131:41294/], count 11
[rospy.internal][INFO] 2012-12-31 16:00:21,737: topic[/safety/payload_waypoint] adding connection to [http://copter131:57276/], count 12
