

1356998415.636876667  Node Startup
1356998417.815767049 INFO [MAVLinkBridge.py:277(_initialize) [topics: /rosout] MAVLinkBridge: Connecting to /dev/ttyACM99 ...
1356998417.830497980 INFO [MAVLinkBridge.py:292(_initialize) [topics: /rosout] MAVLinkBridge: Waiting for autopilot heartbeat ...
1356998418.369178056 INFO [MAVLinkBridge.py:332(_init_time) [topics: /rosout] MAVLinkBridge: Waiting for usable SYSTEM_TIME ...
1554294067.554436922 INFO [MAVLinkBridge.py:364(_init_time) [topics: /rosout] Successfully synced local clock.
1554294067.556472063 INFO [MAVLinkBridge.py:305(_initialize) [topics: /rosout] MAVLinkBridge initialized.
1554294068.649461984 INFO [task_runner.py:126(_do_event) [topics: /autopilot/status, /rosout] Task Runner: Starting Event 'on_start'
1554294068.872462987 INFO [task_runner.py:119(_log) [topics: /autopilot/status, /rosout] Task Runner: Event 'on_start' Task 'Tx Power' Time 0.2s: Succeeded
1554294068.874032974 INFO [task_runner.py:137(_do_event) [topics: /autopilot/status, /rosout] Task Runner: Completed Event 'on_start'
1554294070.263528108 INFO [nodeable.py:215(log_info) [topics: /rosout] Behavior patrol_box successfully registered with ID 12
1554294070.313517093 INFO [nodeable.py:215(log_info) [topics: /rosout] Behavior independent_transit successfully registered with ID 8
1554294070.757985115 INFO [nodeable.py:215(log_info) [topics: /rosout] Behavior evader successfully registered with ID 15
1554294070.907162904 INFO [nodeable.py:215(log_info) [topics: /rosout] Behavior simple_ground_attack successfully registered with ID 16
1554294071.290744066 INFO [nodeable.py:215(log_info) [topics: /rosout] Behavior pn_interceptor successfully registered with ID 5
1554294071.657803058 INFO [nodeable.py:215(log_info) [topics: /autopilot/status, /swarm_tracker/swarm_uav_states, /swarm_control/behavior_status, /rosout] Behavior linear_formation successfully registered with ID 1
1554294071.791434049 INFO [nodeable.py:215(log_info) [topics: /rosout, /network/recv_swarm_data, /swarm_tracker/swarm_uav_states, /swarm_control/behavior_status, /network/net_reset, /autopilot/status] Behavior patrol_box_shooter successfully registered with ID 13
1554294071.832880973 INFO [task_runner.py:126(_do_event) [topics: /autopilot/status, /rosout] Task Runner: Starting Event 'on_status'
1554294071.844325065 INFO [nodeable.py:215(log_info) [topics: /swarm_control/swarm_state, /rosout, /network/recv_swarm_data, /swarm_tracker/swarm_uav_states, /swarm_control/behavior_status, /network/net_reset, /swarm_control/swarm_behavior, /autopilot/status, /swarm_control/subswarm_id] Behavior swarm_landing_sequencer successfully registered with ID 98
1554294071.897527933 INFO [MAVLinkBridge.py:206(callback_wrapper) [topics: /autopilot/waypoint_goto, /autopilot/weather_update, /autopilot/copter_takeoff, /autopilot/guided_goto, /autopilot/payload_waypoint, /rosout, /autopilot/heartbeat_onboard, /autopilot/mode, /autopilot/mode_num, /autopilot/gps, /autopilot/reboot, /autopilot/heartbeat_ground, /autopilot/status, /autopilot/acs_pose, /autopilot/imu, /autopilot/arm, /autopilot/set_landing] ROS srv recvd: fpr_param_set
1554294071.965445995 INFO [nodeable.py:215(log_info) [topics: /autopilot/waypoint_goto, /swarm_control/swarm_state, /swarm_control/behavior_summary, /rosout, /network/recv_swarm_data, /swarm_tracker/swarm_uav_states, /swarm_control/behavior_status, /network/net_reset, /swarm_control/swarm_behavior, /autopilot/status, /swarm_control/subswarm_id, /swarm_control/ap_intent] Behavior wingman successfully registered with ID 11
1554294072.043252944 INFO [nodeable.py:215(log_info) [topics: /autopilot/waypoint_goto, /swarm_control/swarm_state, /swarm_control/behavior_summary, /rosout, /network/recv_swarm_data, /autopilot/mode_num, /swarm_tracker/swarm_uav_states, /swarm_control/behavior_status, /network/net_reset, /swarm_control/swarm_behavior, /autopilot/status, /swarm_control/subswarm_id, /swarm_control/ap_intent] Subswarm updated to 0
1554294072.045433998 INFO [nodeable.py:215(log_info) [topics: /autopilot/waypoint_goto, /swarm_control/swarm_state, /swarm_control/behavior_summary, /rosout, /network/recv_swarm_data, /autopilot/mode_num, /swarm_tracker/swarm_uav_states, /swarm_control/behavior_status, /network/net_reset, /swarm_control/swarm_behavior, /autopilot/status, /swarm_control/subswarm_id, /swarm_control/ap_intent] Swarm state updated to Preflight
1554294072.048238039 INFO [nodeable.py:215(log_info) [topics: /autopilot/waypoint_goto, /swarm_control/swarm_state, /swarm_control/behavior_summary, /rosout, /network/recv_swarm_data, /autopilot/mode_num, /swarm_tracker/swarm_uav_states, /swarm_control/behavior_status, /network/net_reset, /swarm_control/swarm_behavior, /autopilot/status, /swarm_control/subswarm_id, /swarm_control/ap_intent] Active swarm behavior updated to standby
1554294072.100684881 INFO [task_runner.py:119(_log) [topics: /autopilot/status, /rosout] Task Runner: Event 'on_status' Task 'AP Set ID' Time 0.3s: Succeeded
1554294072.102086067 INFO [task_runner.py:137(_do_event) [topics: /autopilot/status, /rosout] Task Runner: Completed Event 'on_status'
1554294072.300699949 INFO [nodeable.py:215(log_info) [topics: /autopilot/waypoint_goto, /swarm_control/swarm_state, /swarm_control/behavior_summary, /rosout, /network/recv_swarm_data, /autopilot/mode_num, /swarm_tracker/swarm_uav_states, /swarm_control/behavior_status, /network/net_reset, /swarm_control/swarm_behavior, /autopilot/status, /swarm_control/subswarm_id, /swarm_control/ap_intent] Behavior tactic_interface successfully registered with ID 14
1554294072.320719957 INFO [nodeable.py:215(log_info) [topics: /autopilot/waypoint_goto, /swarm_control/swarm_state, /swarm_control/behavior_summary, /rosout, /network/recv_swarm_data, /autopilot/mode_num, /swarm_tracker/swarm_uav_states, /swarm_control/behavior_status, /network/net_reset, /swarm_control/swarm_behavior, /autopilot/status, /swarm_control/subswarm_id, /swarm_control/ap_intent] Behavior smart_shooter successfully registered with ID 9
1554294072.618815898 INFO [nodeable.py:215(log_info) [topics: /autopilot/waypoint_goto, /swarm_control/swarm_state, /swarm_control/behavior_summary, /rosout, /network/recv_swarm_data, /autopilot/mode_num, /swarm_tracker/swarm_uav_states, /swarm_control/behavior_status, /network/net_reset, /swarm_control/swarm_behavior, /autopilot/status, /swarm_control/subswarm_id, /swarm_control/ap_intent] Behavior constrained_shooter successfully registered with ID 10
1554294072.670903921 WARN [safety.py:151(__init__) [topics: /safety/healthy, /autopilot/payload_attitude, /autopilot/payload_rate, /rosout, /safety/payload_rate, /autopilot/payload_waypoint, /autopilot/heartbeat_onboard, /autopilot/acs_pose, /safety/payload_waypoint, /autopilot/heartbeat_ground, /safety/payload_attitude] establishing proxies for ROS /autopliot/ services
1554294072.869688034 INFO [nodeable.py:215(log_info) [topics: /autopilot/waypoint_goto, /swarm_control/swarm_state, /swarm_control/behavior_summary, /rosout, /network/recv_swarm_data, /autopilot/mode_num, /swarm_tracker/swarm_uav_states, /swarm_control/behavior_status, /network/net_reset, /swarm_control/swarm_behavior, /autopilot/status, /swarm_control/subswarm_id, /swarm_control/ap_intent] Behavior greedy_shooter successfully registered with ID 4
1554294093.317040920 INFO [MAVLinkBridge.py:377(_handle_statustext) [topics: /autopilot/waypoint_goto, /autopilot/weather_update, /autopilot/copter_takeoff, /autopilot/guided_goto, /autopilot/payload_waypoint, /rosout, /autopilot/heartbeat_onboard, /autopilot/gps_odom, /autopilot/mode, /autopilot/mode_num, /autopilot/gps, /autopilot/reboot, /autopilot/heartbeat_ground, /autopilot/status, /autopilot/acs_pose, /autopilot/imu, /autopilot/arm, /autopilot/set_landing] MAVLink STATUSTEXT: PreArm: GPS speed error 1.1 (needs 1.0)
1554294093.324353933 INFO [MAVLinkBridge.py:377(_handle_statustext) [topics: /autopilot/waypoint_goto, /autopilot/weather_update, /autopilot/copter_takeoff, /autopilot/guided_goto, /autopilot/payload_waypoint, /rosout, /autopilot/heartbeat_onboard, /autopilot/gps_odom, /autopilot/mode, /autopilot/mode_num, /autopilot/gps, /autopilot/reboot, /autopilot/heartbeat_ground, /autopilot/status, /autopilot/acs_pose, /autopilot/imu, /autopilot/arm, /autopilot/set_landing] MAVLink STATUSTEXT: PreArm: check fence
1554294107.002845048 INFO [MAVLinkBridge.py:377(_handle_statustext) [topics: /autopilot/waypoint_goto, /autopilot/weather_update, /autopilot/copter_takeoff, /autopilot/guided_goto, /autopilot/payload_waypoint, /rosout, /autopilot/heartbeat_onboard, /autopilot/gps_odom, /autopilot/mode, /autopilot/mode_num, /autopilot/gps, /autopilot/reboot, /autopilot/heartbeat_ground, /autopilot/status, /autopilot/acs_pose, /autopilot/imu, /autopilot/arm, /autopilot/set_landing] MAVLink STATUSTEXT: EKF2 IMU0 Origin set to GPS
1554294107.023514986 INFO [MAVLinkBridge.py:377(_handle_statustext) [topics: /autopilot/waypoint_goto, /autopilot/weather_update, /autopilot/copter_takeoff, /autopilot/guided_goto, /autopilot/payload_waypoint, /rosout, /autopilot/heartbeat_onboard, /autopilot/gps_odom, /autopilot/mode, /autopilot/mode_num, /autopilot/gps, /autopilot/reboot, /autopilot/heartbeat_ground, /autopilot/status, /autopilot/acs_pose, /autopilot/imu, /autopilot/arm, /autopilot/set_landing] MAVLink STATUSTEXT: EKF2 IMU1 Origin set to GPS
1554294107.915607929 INFO [MAVLinkBridge.py:377(_handle_statustext) [topics: /autopilot/waypoint_goto, /autopilot/weather_update, /autopilot/copter_takeoff, /autopilot/guided_goto, /autopilot/payload_waypoint, /rosout, /autopilot/heartbeat_onboard, /autopilot/gps_odom, /autopilot/mode, /autopilot/mode_num, /autopilot/gps, /autopilot/reboot, /autopilot/heartbeat_ground, /autopilot/status, /autopilot/acs_pose, /autopilot/imu, /autopilot/arm, /autopilot/set_landing] MAVLink STATUSTEXT: EKF2 IMU1 is using GPS
1554294107.919697046 INFO [MAVLinkBridge.py:377(_handle_statustext) [topics: /autopilot/waypoint_goto, /autopilot/weather_update, /autopilot/copter_takeoff, /autopilot/guided_goto, /autopilot/payload_waypoint, /rosout, /autopilot/heartbeat_onboard, /autopilot/gps_odom, /autopilot/mode, /autopilot/mode_num, /autopilot/gps, /autopilot/reboot, /autopilot/heartbeat_ground, /autopilot/status, /autopilot/acs_pose, /autopilot/imu, /autopilot/arm, /autopilot/set_landing] MAVLink STATUSTEXT: EKF2 IMU0 is using GPS
1554294152.681005954 WARN [nodeable.py:223(log_warn) [topics: /swarm_control/swarm_state, /network/recv_swarm_ctl_state, /rosout, /autopilot/acs_pose, /autopilot/status, /swarm_tracker/swarm_uav_states, /swarm_control/swarm_behavior, /network/recv_pose, /swarm_control/subswarm_id] UAV 126 possible crash: no updates for 6.000000 secs
1554294677.380719900 WARN [nodeable.py:223(log_warn) [topics: /swarm_control/swarm_state, /network/recv_swarm_ctl_state, /rosout, /autopilot/acs_pose, /autopilot/status, /swarm_tracker/swarm_uav_states, /swarm_control/swarm_behavior, /network/recv_pose, /swarm_control/subswarm_id] UAV 17 possible crash: no updates for 6.000000 secs
1554294677.783654928 INFO [nodeable.py:215(log_info) [topics: /swarm_control/swarm_state, /network/recv_swarm_ctl_state, /rosout, /autopilot/acs_pose, /autopilot/status, /swarm_tracker/swarm_uav_states, /swarm_control/swarm_behavior, /network/recv_pose, /swarm_control/subswarm_id] Received update to possibly crashed UAV 17
1554296010.382219076 WARN [nodeable.py:223(log_warn) [topics: /swarm_control/swarm_state, /network/recv_swarm_ctl_state, /rosout, /autopilot/acs_pose, /autopilot/status, /swarm_tracker/swarm_uav_states, /swarm_control/swarm_behavior, /network/recv_pose, /swarm_control/subswarm_id] UAV 17 possible crash: no updates for 1238025600.283930 secs
1554296034.380903959 WARN [nodeable.py:223(log_warn) [topics: /swarm_control/swarm_state, /network/recv_swarm_ctl_state, /rosout, /autopilot/acs_pose, /autopilot/status, /swarm_tracker/swarm_uav_states, /swarm_control/swarm_behavior, /network/recv_pose, /swarm_control/subswarm_id] UAV 22 possible crash: no updates for 1238025600.283930 secs
1554296043.437004089 INFO [nodeable.py:215(log_info) [topics: /swarm_control/swarm_state, /network/recv_swarm_ctl_state, /rosout, /autopilot/acs_pose, /autopilot/status, /swarm_tracker/swarm_uav_states, /swarm_control/swarm_behavior, /network/recv_pose, /swarm_control/subswarm_id] Received update to possibly crashed UAV 17
1554296065.536566019 INFO [nodeable.py:215(log_info) [topics: /swarm_control/swarm_state, /network/recv_swarm_ctl_state, /rosout, /autopilot/acs_pose, /autopilot/status, /swarm_tracker/swarm_uav_states, /swarm_control/swarm_behavior, /network/recv_pose, /swarm_control/subswarm_id] Received update to possibly crashed UAV 22
