[rospy.client][INFO] 2012-12-31 16:00:16,982: init_node, name[/safety], pid[2802]
[xmlrpc][INFO] 2012-12-31 16:00:17,000: XML-RPC server binding to 0.0.0.0:0
[xmlrpc][INFO] 2012-12-31 16:00:17,016: Started XML-RPC server [http://copter131:58024/]
[rospy.init][INFO] 2012-12-31 16:00:17,017: ROS Slave URI: [http://copter131:58024/]
[rospy.impl.masterslave][INFO] 2012-12-31 16:00:17,018: _ready: http://copter131:58024/
[xmlrpc][INFO] 2012-12-31 16:00:17,040: xml rpc node: starting XML-RPC server
[rospy.registration][INFO] 2012-12-31 16:00:17,044: Registering with master node http://localhost:11311
[rospy.init][INFO] 2012-12-31 16:00:17,119: registered with master
[rospy.rosout][INFO] 2012-12-31 16:00:17,120: initializing /rosout core topic
[rospy.rosout][INFO] 2012-12-31 16:00:17,148: connected to core topic /rosout
[rospy.simtime][INFO] 2012-12-31 16:00:17,160: /use_sim_time is not set, will not subscribe to simulated time [/clock] topic
[rospy.internal][INFO] 2012-12-31 16:00:17,450: topic[/rosout] adding connection to [/rosout], count 0
[rospy.internal][INFO] 2019-04-03 05:21:09,990: topic[/safety/payload_waypoint] adding connection to [http://copter131:58634/], count 0
[rospy.internal][INFO] 2019-04-03 05:21:09,998: topic[/safety/payload_waypoint] adding connection to [http://copter131:48245/], count 1
[rospy.internal][INFO] 2019-04-03 05:21:10,010: topic[/safety/payload_waypoint] adding connection to [http://copter131:51750/], count 2
[rospy.internal][INFO] 2019-04-03 05:21:10,012: topic[/safety/payload_waypoint] adding connection to [http://copter131:57023/], count 3
[rospy.internal][INFO] 2019-04-03 05:21:10,015: topic[/safety/payload_waypoint] adding connection to [http://copter131:49447/], count 4
[rospy.internal][INFO] 2019-04-03 05:21:10,033: topic[/safety/payload_waypoint] adding connection to [http://copter131:54409/], count 5
[rospy.internal][INFO] 2019-04-03 05:21:10,038: topic[/safety/payload_waypoint] adding connection to [http://copter131:58109/], count 6
[rospy.internal][INFO] 2019-04-03 05:21:10,053: topic[/safety/payload_waypoint] adding connection to [http://copter131:39409/], count 7
[rospy.internal][INFO] 2019-04-03 05:21:10,129: topic[/safety/payload_rate] adding connection to [http://copter131:58634/], count 0
[rospy.internal][INFO] 2019-04-03 05:21:10,252: topic[/safety/payload_waypoint] adding connection to [http://copter131:45529/], count 8
[rospy.internal][INFO] 2019-04-03 05:21:10,417: topic[/safety/payload_waypoint] adding connection to [http://copter131:48425/], count 9
[rospy.internal][INFO] 2019-04-03 05:21:10,451: topic[/safety/payload_waypoint] adding connection to [http://copter131:46630/], count 10
[rospy.internal][INFO] 2019-04-03 05:21:10,590: topic[/safety/payload_waypoint] adding connection to [http://copter131:53281/], count 11
[rospy.internal][INFO] 2019-04-03 05:21:10,716: topic[/autopilot/heartbeat_onboard] adding connection to [/autopilot], count 0
[rospy.internal][INFO] 2019-04-03 05:21:10,894: topic[/autopilot/payload_waypoint] adding connection to [/autopilot], count 0
[rospy.internal][INFO] 2019-04-03 05:21:11,008: topic[/safety/payload_waypoint] adding connection to [http://copter131:46469/], count 12
[rospy.internal][INFO] 2019-04-03 05:21:12,028: topic[/autopilot/acs_pose] adding connection to [http://copter131:39455/], count 0
[rosout][WARNING] 2019-04-03 05:21:12,670: establishing proxies for ROS /autopliot/ services
[rospy.internal][INFO] 2019-04-03 05:21:12,733: topic[/swarm_tracker/swarm_uav_states] adding connection to [http://copter131:56326/], count 0
