[rospy.client][INFO] 2019-04-03 05:21:08,914: init_node, name[/smart_shooter], pid[3081]
[xmlrpc][INFO] 2019-04-03 05:21:08,917: XML-RPC server binding to 0.0.0.0:0
[xmlrpc][INFO] 2019-04-03 05:21:08,917: Started XML-RPC server [http://copter131:46630/]
[rospy.impl.masterslave][INFO] 2019-04-03 05:21:08,918: _ready: http://copter131:46630/
[rospy.init][INFO] 2019-04-03 05:21:08,918: ROS Slave URI: [http://copter131:46630/]
[xmlrpc][INFO] 2019-04-03 05:21:08,919: xml rpc node: starting XML-RPC server
[rospy.registration][INFO] 2019-04-03 05:21:08,921: Registering with master node http://localhost:11311
[rospy.init][INFO] 2019-04-03 05:21:09,019: registered with master
[rospy.rosout][INFO] 2019-04-03 05:21:09,020: initializing /rosout core topic
[rospy.rosout][INFO] 2019-04-03 05:21:10,174: connected to core topic /rosout
[rospy.simtime][INFO] 2019-04-03 05:21:10,193: /use_sim_time is not set, will not subscribe to simulated time [/clock] topic
[rospy.internal][INFO] 2019-04-03 05:21:10,453: topic[/rosout] adding connection to [/rosout], count 0
[rospy.internal][INFO] 2019-04-03 05:21:10,454: topic[/safety/payload_waypoint] adding connection to [/safety], count 0
[rospy.internal][INFO] 2019-04-03 05:21:11,010: topic[/network/send_swarm_behavior_data] adding connection to [/network], count 0
[rospy.internal][INFO] 2019-04-03 05:21:11,515: topic[/swarm_control/behavior_status] adding connection to [/swarm_control], count 0
[rospy.internal][INFO] 2019-04-03 05:21:11,580: topic[/autopilot/status] adding connection to [http://copter131:39455/], count 0
[rospy.internal][INFO] 2019-04-03 05:21:12,133: topic[/autopilot/acs_pose] adding connection to [http://copter131:39455/], count 0
[rospy.internal][INFO] 2019-04-03 05:21:12,180: topic[/swarm_control/ap_intent] adding connection to [http://copter131:54335/], count 0
[rospy.internal][INFO] 2019-04-03 05:21:12,302: topic[/hit_tracker/hit_uavs] adding connection to [http://copter131:58982/], count 0
[rospy.internal][INFO] 2019-04-03 05:21:12,382: topic[/air_to_air/firing_reports] adding connection to [/network], count 0
[rospy.internal][INFO] 2019-04-03 05:21:13,018: topic[/swarm_control/subswarm_id] adding connection to [http://copter131:54335/], count 0
