[rospy.client][INFO] 2012-12-31 16:00:20,365: init_node, name[/autopilot], pid[2811]
[xmlrpc][INFO] 2012-12-31 16:00:20,389: XML-RPC server binding to 0.0.0.0:0
[rospy.init][INFO] 2012-12-31 16:00:20,391: ROS Slave URI: [http://copter131:58472/]
[xmlrpc][INFO] 2012-12-31 16:00:20,391: Started XML-RPC server [http://copter131:58472/]
[rospy.impl.masterslave][INFO] 2012-12-31 16:00:20,392: _ready: http://copter131:58472/
[xmlrpc][INFO] 2012-12-31 16:00:20,415: xml rpc node: starting XML-RPC server
[rospy.registration][INFO] 2012-12-31 16:00:20,416: Registering with master node http://localhost:11311
[rospy.init][INFO] 2012-12-31 16:00:20,492: registered with master
[rospy.rosout][INFO] 2012-12-31 16:00:20,493: initializing /rosout core topic
[rospy.rosout][INFO] 2012-12-31 16:00:20,542: connected to core topic /rosout
[rospy.simtime][INFO] 2012-12-31 16:00:20,677: /use_sim_time is not set, will not subscribe to simulated time [/clock] topic
[rospy.internal][INFO] 2012-12-31 16:00:20,847: topic[/rosout] adding connection to [/rosout], count 0
[rosout][INFO] 2012-12-31 16:00:20,869: MAVLinkBridge: Connecting to /dev/ttyACM99 ...
[rosout][INFO] 2012-12-31 16:00:20,882: MAVLinkBridge: Waiting for autopilot heartbeat ...
[rosout][INFO] 2012-12-31 16:00:21,366: MAVLinkBridge: Waiting for usable SYSTEM_TIME ...
[rosout][INFO] 2019-03-05 09:34:11,460: Successfully synced local clock.
[rosout][INFO] 2019-03-05 09:34:11,462: MAVLinkBridge initialized.
[rospy.internal][INFO] 2019-03-05 09:34:11,557: topic[/autopilot/waypoint_goto] adding connection to [http://copter131:58482/], count 0
[rospy.internal][INFO] 2019-03-05 09:34:11,587: topic[/autopilot/heartbeat_onboard] adding connection to [http://copter131:44131/], count 0
[rospy.internal][INFO] 2019-03-05 09:34:11,597: topic[/autopilot/heartbeat_ground] adding connection to [http://copter131:55236/], count 0
[rospy.internal][INFO] 2019-03-05 09:34:11,654: topic[/autopilot/payload_waypoint] adding connection to [http://copter131:44131/], count 0
[rospy.internal][INFO] 2019-03-05 09:34:11,789: topic[/autopilot/status] adding connection to [/linear_formation], count 0
[rospy.internal][INFO] 2019-03-05 09:34:11,795: topic[/autopilot/status] adding connection to [/task_runner], count 1
[rospy.internal][INFO] 2019-03-05 09:34:11,806: topic[/autopilot/status] adding connection to [/greedy_shooter], count 2
[rospy.internal][INFO] 2019-03-05 09:34:11,828: topic[/autopilot/status] adding connection to [/evader], count 3
[rospy.internal][INFO] 2019-03-05 09:34:11,842: topic[/autopilot/status] adding connection to [/simple_ground_attack], count 4
[rospy.internal][INFO] 2019-03-05 09:34:11,848: topic[/autopilot/status] adding connection to [/network], count 5
[rospy.internal][INFO] 2019-03-05 09:34:11,852: topic[/autopilot/status] adding connection to [/patrol_box], count 6
[rospy.internal][INFO] 2019-03-05 09:34:11,865: topic[/autopilot/status] adding connection to [/swarm_landing_sequencer], count 7
[rospy.internal][INFO] 2019-03-05 09:34:11,873: topic[/autopilot/status] adding connection to [/swarm_tracker], count 8
[rospy.internal][INFO] 2019-03-05 09:34:11,875: topic[/autopilot/status] adding connection to [/wingman], count 9
[rospy.internal][INFO] 2019-03-05 09:34:11,878: topic[/autopilot/status] adding connection to [/constrained_shooter], count 10
[rospy.internal][INFO] 2019-03-05 09:34:11,880: topic[/autopilot/status] adding connection to [/pn_interceptor], count 11
[rospy.internal][INFO] 2019-03-05 09:34:11,885: topic[/autopilot/status] adding connection to [/patrol_box_shooter], count 12
[rospy.internal][INFO] 2019-03-05 09:34:11,892: topic[/autopilot/status] adding connection to [/independent_transit], count 13
[rospy.internal][INFO] 2019-03-05 09:34:11,894: topic[/autopilot/status] adding connection to [/tactic_interface], count 14
[rospy.internal][INFO] 2019-03-05 09:34:11,901: topic[/autopilot/status] adding connection to [/smart_shooter], count 15
[rospy.internal][INFO] 2019-03-05 09:34:12,017: topic[/autopilot/waypoint_goto] adding connection to [http://copter131:48161/], count 1
[rospy.internal][INFO] 2019-03-05 09:34:12,023: topic[/autopilot/waypoint_goto] adding connection to [http://copter131:58137/], count 2
[rospy.internal][INFO] 2019-03-05 09:34:12,086: topic[/autopilot/status] adding connection to [/swarm_control], count 16
[rospy.internal][INFO] 2019-03-05 09:34:12,093: topic[/autopilot/waypoint_goto] adding connection to [http://copter131:55066/], count 3
[rospy.internal][INFO] 2019-03-05 09:34:12,100: topic[/autopilot/waypoint_goto] adding connection to [http://copter131:50152/], count 4
[rospy.internal][INFO] 2019-03-05 09:34:12,103: topic[/autopilot/waypoint_goto] adding connection to [http://copter131:55066/], count 5
[rospy.internal][INFO] 2019-03-05 09:34:12,103: topic[/autopilot/waypoint_goto] removing connection to http://copter131:55066/
[rosout][INFO] 2019-03-05 09:34:12,241: ROS srv recvd: fpr_param_set
[rospy.internal][INFO] 2019-03-05 09:34:12,306: topic[/autopilot/acs_pose] adding connection to [/network], count 0
[rospy.internal][INFO] 2019-03-05 09:34:12,316: topic[/autopilot/acs_pose] adding connection to [/patrol_box_shooter], count 1
[rospy.internal][INFO] 2019-03-05 09:34:12,319: topic[/autopilot/acs_pose] adding connection to [/safety], count 2
[rospy.internal][INFO] 2019-03-05 09:34:12,337: topic[/autopilot/acs_pose] adding connection to [/greedy_shooter], count 3
[rospy.internal][INFO] 2019-03-05 09:34:12,346: topic[/autopilot/acs_pose] adding connection to [/evader], count 4
[rospy.internal][INFO] 2019-03-05 09:34:12,354: topic[/autopilot/acs_pose] adding connection to [/swarm_tracker], count 5
[rospy.internal][INFO] 2019-03-05 09:34:12,369: topic[/autopilot/acs_pose] adding connection to [/patrol_box], count 6
[rospy.internal][INFO] 2019-03-05 09:34:12,384: topic[/autopilot/acs_pose] adding connection to [/smart_shooter], count 7
[rospy.internal][INFO] 2019-03-05 09:34:12,400: topic[/autopilot/acs_pose] adding connection to [/tactic_interface], count 8
[rospy.internal][INFO] 2019-03-05 09:34:12,407: topic[/autopilot/acs_pose] adding connection to [/red_tracker], count 9
[rospy.internal][INFO] 2019-03-05 09:34:12,411: topic[/autopilot/acs_pose] adding connection to [/wingman], count 10
[rospy.internal][INFO] 2019-03-05 09:34:12,414: topic[/autopilot/acs_pose] adding connection to [/constrained_shooter], count 11
[rospy.internal][INFO] 2019-03-05 09:34:12,436: topic[/autopilot/waypoint_goto] adding connection to [http://copter131:51629/], count 5
[rospy.internal][INFO] 2019-03-05 09:34:12,491: topic[/autopilot/waypoint_goto] adding connection to [http://copter131:55040/], count 6
[rospy.internal][INFO] 2019-03-05 09:34:12,494: topic[/autopilot/waypoint_goto] adding connection to [http://copter131:55040/], count 7
[rospy.internal][INFO] 2019-03-05 09:34:12,495: topic[/autopilot/waypoint_goto] removing connection to http://copter131:55040/
[rospy.internal][INFO] 2019-03-05 09:34:12,498: topic[/autopilot/mode_num] adding connection to [http://copter131:55040/], count 0
[rospy.internal][WARNING] 2019-03-05 09:34:12,506: Unknown error initiating TCP/IP socket to copter131:46424 (http://copter131:55040/): Traceback (most recent call last):
  File "/opt/ros/indigo/lib/python2.7/dist-packages/rospy/impl/tcpros_base.py", line 555, in connect
    self.socket.connect((dest_addr, dest_port))
  File "/usr/lib/python2.7/socket.py", line 224, in meth
    return getattr(self._sock,name)(*args)
error: [Errno 104] Connection reset by peer

[rospy.internal][ERROR] 2019-03-05 09:34:12,506: unable to create subscriber transport: [Errno 104] Connection reset by peer.  Will try again in 0.5s
[rospy.internal][WARNING] 2019-03-05 09:34:13,516: Unknown error initiating TCP/IP socket to copter131:46424 (http://copter131:55040/): Traceback (most recent call last):
  File "/opt/ros/indigo/lib/python2.7/dist-packages/rospy/impl/tcpros_base.py", line 557, in connect
    self.read_header()
  File "/opt/ros/indigo/lib/python2.7/dist-packages/rospy/impl/tcpros_base.py", line 618, in read_header
    self._validate_header(read_ros_handshake_header(sock, self.read_buff, self.protocol.buff_size))
AttributeError: 'NoneType' object has no attribute 'buff_size'

[rospy.internal][INFO] 2019-03-05 09:34:13,516: topic[/autopilot/waypoint_goto] removing connection to http://copter131:55040/
[rospy.internal][ERROR] 2019-03-05 09:34:13,516: unable to create subscriber transport: 'NoneType' object has no attribute 'buff_size'.  Will try again in 1.0s
[rospy.internal][WARNING] 2019-03-05 09:34:15,524: Unknown error initiating TCP/IP socket to copter131:46424 (http://copter131:55040/): Traceback (most recent call last):
  File "/opt/ros/indigo/lib/python2.7/dist-packages/rospy/impl/tcpros_base.py", line 557, in connect
    self.read_header()
  File "/opt/ros/indigo/lib/python2.7/dist-packages/rospy/impl/tcpros_base.py", line 618, in read_header
    self._validate_header(read_ros_handshake_header(sock, self.read_buff, self.protocol.buff_size))
AttributeError: 'NoneType' object has no attribute 'buff_size'

[rospy.internal][INFO] 2019-03-05 09:34:15,525: topic[/autopilot/waypoint_goto] removing connection to http://copter131:55040/
[rospy.internal][ERROR] 2019-03-05 09:34:15,526: unable to create subscriber transport: 'NoneType' object has no attribute 'buff_size'.  Will try again in 2.0s
[rospy.internal][WARNING] 2019-03-05 09:34:19,535: Unknown error initiating TCP/IP socket to copter131:46424 (http://copter131:55040/): Traceback (most recent call last):
  File "/opt/ros/indigo/lib/python2.7/dist-packages/rospy/impl/tcpros_base.py", line 557, in connect
    self.read_header()
  File "/opt/ros/indigo/lib/python2.7/dist-packages/rospy/impl/tcpros_base.py", line 618, in read_header
    self._validate_header(read_ros_handshake_header(sock, self.read_buff, self.protocol.buff_size))
AttributeError: 'NoneType' object has no attribute 'buff_size'

[rospy.internal][INFO] 2019-03-05 09:34:19,535: topic[/autopilot/waypoint_goto] removing connection to http://copter131:55040/
[rospy.internal][ERROR] 2019-03-05 09:34:19,536: unable to create subscriber transport: 'NoneType' object has no attribute 'buff_size'.  Will try again in 4.0s
[rosout][INFO] 2019-03-05 09:34:21,433: MAVLink STATUSTEXT: EKF2 IMU0 Origin set to GPS
[rosout][INFO] 2019-03-05 09:34:21,437: MAVLink STATUSTEXT: EKF2 IMU1 Origin set to GPS
[rosout][INFO] 2019-03-05 09:34:24,080: MAVLink STATUSTEXT: u-blox 0 HW: 00040007 SW: 7.03 (45970)
[rospy.internal][WARNING] 2019-03-05 09:34:27,552: Unknown error initiating TCP/IP socket to copter131:46424 (http://copter131:55040/): Traceback (most recent call last):
  File "/opt/ros/indigo/lib/python2.7/dist-packages/rospy/impl/tcpros_base.py", line 557, in connect
    self.read_header()
  File "/opt/ros/indigo/lib/python2.7/dist-packages/rospy/impl/tcpros_base.py", line 618, in read_header
    self._validate_header(read_ros_handshake_header(sock, self.read_buff, self.protocol.buff_size))
AttributeError: 'NoneType' object has no attribute 'buff_size'

[rospy.internal][INFO] 2019-03-05 09:34:27,554: topic[/autopilot/waypoint_goto] removing connection to http://copter131:55040/
[rospy.internal][ERROR] 2019-03-05 09:34:27,554: unable to create subscriber transport: 'NoneType' object has no attribute 'buff_size'.  Will try again in 8.0s
[rosout][INFO] 2019-03-05 09:34:43,256: MAVLink STATUSTEXT: EKF2 IMU1 is using GPS
[rospy.internal][WARNING] 2019-03-05 09:34:43,581: Unknown error initiating TCP/IP socket to copter131:46424 (http://copter131:55040/): Traceback (most recent call last):
  File "/opt/ros/indigo/lib/python2.7/dist-packages/rospy/impl/tcpros_base.py", line 557, in connect
    self.read_header()
  File "/opt/ros/indigo/lib/python2.7/dist-packages/rospy/impl/tcpros_base.py", line 618, in read_header
    self._validate_header(read_ros_handshake_header(sock, self.read_buff, self.protocol.buff_size))
AttributeError: 'NoneType' object has no attribute 'buff_size'

[rospy.internal][INFO] 2019-03-05 09:34:43,582: topic[/autopilot/waypoint_goto] removing connection to http://copter131:55040/
[rospy.internal][ERROR] 2019-03-05 09:34:43,585: unable to create subscriber transport: 'NoneType' object has no attribute 'buff_size'.  Will try again in 16.0s
[rosout][INFO] 2019-03-05 09:34:45,265: MAVLink STATUSTEXT: EKF2 IMU0 is using GPS
[rosout][INFO] 2019-03-05 09:35:07,006: ROS srv recvd: fpr_param_setlist
[rosout][INFO] 2019-03-05 09:35:07,103: MAVLink STATUSTEXT: APM:Copter V3.5-dev (f3195c7e)
[rosout][INFO] 2019-03-05 09:35:07,105: MAVLink STATUSTEXT: PX4: 3df5644c NuttX: be6ff61a
[rosout][INFO] 2019-03-05 09:35:07,109: MAVLink STATUSTEXT: Frame: QUAD
[rosout][INFO] 2019-03-05 09:35:07,111: MAVLink STATUSTEXT: PX4v2 003E0023 31355103 33333832
[rosout][INFO] 2019-03-05 09:35:08,955: ROS srv recvd: slave_setup
[rosout][WARNING] 2019-03-05 09:35:11,059: PARAM ALT_HOLD_RTL doesn't exist
[rosout][INFO] 2019-03-05 09:35:11,078: ROS srv recvd: load_rally
[rosout][INFO] 2019-03-05 09:35:11,091: ROS srv recvd: fpr_rally_setall
[rospy.internal][WARNING] 2019-03-05 09:35:15,629: Unknown error initiating TCP/IP socket to copter131:46424 (http://copter131:55040/): Traceback (most recent call last):
  File "/opt/ros/indigo/lib/python2.7/dist-packages/rospy/impl/tcpros_base.py", line 557, in connect
    self.read_header()
  File "/opt/ros/indigo/lib/python2.7/dist-packages/rospy/impl/tcpros_base.py", line 618, in read_header
    self._validate_header(read_ros_handshake_header(sock, self.read_buff, self.protocol.buff_size))
AttributeError: 'NoneType' object has no attribute 'buff_size'

[rospy.internal][INFO] 2019-03-05 09:35:15,630: topic[/autopilot/waypoint_goto] removing connection to http://copter131:55040/
[rospy.internal][ERROR] 2019-03-05 09:35:15,631: unable to create subscriber transport: 'NoneType' object has no attribute 'buff_size'.  Will try again in 32.0s
[rosout][INFO] 2019-03-05 09:35:17,306: ROS srv recvd: load_wp
[rosout][INFO] 2019-03-05 09:35:17,321: ROS srv recvd: wp_setall
[rosout][INFO] 2019-03-05 09:35:18,876: MAVLink STATUSTEXT: Flight plan received
[rospy.internal][INFO] 2019-03-05 09:35:19,035: topic[/autopilot/waypoint_goto] adding connection to [http://copter131:55236/], count 7
[rosout][INFO] 2019-03-05 09:35:19,044: ROS sub recvd: waypoint_goto
[rosout][INFO] 2019-03-05 09:35:19,685: ROS srv recvd: wp_getrange
[rosout][INFO] 2019-03-05 09:35:52,857: ROS srv recvd: slave_setup
[rospy.internal][WARNING] 2019-03-05 09:36:19,705: Unknown error initiating TCP/IP socket to copter131:46424 (http://copter131:55040/): Traceback (most recent call last):
  File "/opt/ros/indigo/lib/python2.7/dist-packages/rospy/impl/tcpros_base.py", line 557, in connect
    self.read_header()
  File "/opt/ros/indigo/lib/python2.7/dist-packages/rospy/impl/tcpros_base.py", line 618, in read_header
    self._validate_header(read_ros_handshake_header(sock, self.read_buff, self.protocol.buff_size))
AttributeError: 'NoneType' object has no attribute 'buff_size'

[rospy.internal][INFO] 2019-03-05 09:36:19,707: topic[/autopilot/waypoint_goto] removing connection to http://copter131:55040/
[rospy.internal][ERROR] 2019-03-05 09:36:19,709: unable to create subscriber transport: 'NoneType' object has no attribute 'buff_size'.  Will try again in 64.0s
[rospy.internal][WARNING] 2019-03-05 09:38:27,817: Unknown error initiating TCP/IP socket to copter131:46424 (http://copter131:55040/): Traceback (most recent call last):
  File "/opt/ros/indigo/lib/python2.7/dist-packages/rospy/impl/tcpros_base.py", line 557, in connect
    self.read_header()
  File "/opt/ros/indigo/lib/python2.7/dist-packages/rospy/impl/tcpros_base.py", line 618, in read_header
    self._validate_header(read_ros_handshake_header(sock, self.read_buff, self.protocol.buff_size))
AttributeError: 'NoneType' object has no attribute 'buff_size'

[rospy.internal][INFO] 2019-03-05 09:38:27,821: topic[/autopilot/waypoint_goto] removing connection to http://copter131:55040/
[rospy.internal][ERROR] 2019-03-05 09:38:27,827: unable to create subscriber transport: 'NoneType' object has no attribute 'buff_size'.  Will try again in 128.0s
[rospy.internal][WARNING] 2019-03-05 09:42:43,954: Unknown error initiating TCP/IP socket to copter131:46424 (http://copter131:55040/): Traceback (most recent call last):
  File "/opt/ros/indigo/lib/python2.7/dist-packages/rospy/impl/tcpros_base.py", line 557, in connect
    self.read_header()
  File "/opt/ros/indigo/lib/python2.7/dist-packages/rospy/impl/tcpros_base.py", line 618, in read_header
    self._validate_header(read_ros_handshake_header(sock, self.read_buff, self.protocol.buff_size))
AttributeError: 'NoneType' object has no attribute 'buff_size'

[rospy.internal][INFO] 2019-03-05 09:42:43,956: topic[/autopilot/waypoint_goto] removing connection to http://copter131:55040/
[rospy.internal][ERROR] 2019-03-05 09:42:43,958: unable to create subscriber transport: 'NoneType' object has no attribute 'buff_size'.  Will try again in 256.0s
[rosout][INFO] 2019-03-05 09:48:46,831: ROS srv recvd: wp_getall
[rosout][INFO] 2019-03-05 09:48:48,651: ROS srv recvd: fpr_rally_getall
[rosout][INFO] 2019-03-05 09:48:49,064: ROS srv recvd: fpr_param_get
[rosout][INFO] 2019-03-05 09:48:49,279: ROS srv recvd: fpr_param_get
[rosout][INFO] 2019-03-05 09:48:49,490: ROS srv recvd: fpr_fence_getall
[rosout][INFO] 2019-03-05 09:48:51,109: ROS srv recvd: fpr_param_get
[rosout][INFO] 2019-03-05 09:48:51,317: ROS srv recvd: fpr_param_get
[rosout][INFO] 2019-03-05 09:48:51,526: ROS srv recvd: fpr_fence_getall
[rosout][INFO] 2019-03-05 09:48:53,141: ROS srv recvd: fpr_param_get
[rosout][INFO] 2019-03-05 09:48:53,351: ROS srv recvd: fpr_param_get
[rosout][INFO] 2019-03-05 09:48:53,561: ROS srv recvd: fpr_fence_getall
[rosout][INFO] 2019-03-05 09:48:55,182: ROS srv recvd: fpr_param_get
[rosout][INFO] 2019-03-05 09:48:55,393: ROS srv recvd: fpr_param_get
[rosout][INFO] 2019-03-05 09:48:55,609: ROS srv recvd: fpr_fence_getall
[rosout][INFO] 2019-03-05 09:48:57,229: ROS srv recvd: wp_setall
[rosout][INFO] 2019-03-05 09:48:58,217: MAVLink STATUSTEXT: Flight plan received
[rosout][INFO] 2019-03-05 09:48:58,242: ROS srv recvd: fpr_param_get
[rosout][INFO] 2019-03-05 09:48:58,452: ROS srv recvd: fpr_param_get
[rosout][INFO] 2019-03-05 09:48:58,663: ROS srv recvd: fpr_fence_getall
[rosout][INFO] 2019-03-05 09:49:00,283: ROS srv recvd: fpr_rally_setall
[rospy.internal][INFO] 2019-03-05 09:49:11,196: topic[/autopilot/mode_num] adding connection to [http://copter131:55236/], count 1
[rosout][INFO] 2019-03-05 09:49:11,201: Mode settings are for copter.
[rosout][INFO] 2019-03-05 09:49:11,202: Sent mode STABILIZE (0) to autopilot 
[rosout][INFO] 2019-03-05 09:49:11,202: ROS sub recvd: mode_num
[rospy.internal][INFO] 2019-03-05 09:49:13,515: topic[/autopilot/arm] adding connection to [http://copter131:55236/], count 0
[rosout][INFO] 2019-03-05 09:49:13,522: ROS sub recvd: arm
[rosout][INFO] 2019-03-05 09:49:18,518: Mode settings are for copter.
[rosout][INFO] 2019-03-05 09:49:18,522: Sent mode GUIDED (4) to autopilot 
[rosout][INFO] 2019-03-05 09:49:18,527: ROS sub recvd: mode_num
[rosout][INFO] 2019-03-05 09:49:19,034: Mode settings are for copter.
[rosout][INFO] 2019-03-05 09:49:19,037: Sent mode GUIDED (4) to autopilot 
[rosout][INFO] 2019-03-05 09:49:19,039: ROS sub recvd: mode_num
[rosout][INFO] 2019-03-05 09:49:19,550: Mode settings are for copter.
[rosout][INFO] 2019-03-05 09:49:19,552: Sent mode GUIDED (4) to autopilot 
[rosout][INFO] 2019-03-05 09:49:19,555: ROS sub recvd: mode_num
[rospy.internal][INFO] 2019-03-05 09:49:20,050: topic[/autopilot/copter_takeoff] adding connection to [http://copter131:55236/], count 0
[rosout][INFO] 2019-03-05 09:49:20,057: ROS sub recvd: copter_takeoff
[rosout][INFO] 2019-03-05 09:49:23,994: MAVLink STATUSTEXT: EKF2 IMU1 in-flight yaw alignment complete
[rosout][INFO] 2019-03-05 09:49:24,681: MAVLink STATUSTEXT: EKF2 IMU0 in-flight yaw alignment complete
[rosout][INFO] 2019-03-05 09:49:25,020: Mode settings are for copter.
[rosout][INFO] 2019-03-05 09:49:25,022: Sent mode AUTO (3) to autopilot 
[rosout][INFO] 2019-03-05 09:49:25,024: ROS sub recvd: mode_num
[rosout][INFO] 2019-03-05 09:49:30,264: MAVLink STATUSTEXT: Skipping invalid cmd #207
[rosout][INFO] 2019-03-05 09:49:31,360: ROS srv recvd: wp_getrange
[rosout][INFO] 2019-03-05 09:49:37,244: MAVLink STATUSTEXT: Reached command #3
[rosout][INFO] 2019-03-05 09:49:37,400: ROS srv recvd: wp_getrange
[rosout][INFO] 2019-03-05 09:50:09,956: ROS sub recvd: waypoint_goto
[rosout][INFO] 2019-03-05 09:50:10,547: ROS srv recvd: wp_getrange
[rosout][INFO] 2019-03-05 09:50:22,045: ROS srv recvd: wp_getlast
[rosout][INFO] 2019-03-05 09:50:23,237: ROS srv recvd: wp_getlast
[rosout][INFO] 2019-03-05 09:50:23,511: ROS sub recvd: waypoint_goto
[rosout][INFO] 2019-03-05 09:50:23,619: ROS srv recvd: wp_getrange
[rospy.internal][WARNING] 2019-03-05 09:51:16,072: Unknown error initiating TCP/IP socket to copter131:46424 (http://copter131:55040/): Traceback (most recent call last):
  File "/opt/ros/indigo/lib/python2.7/dist-packages/rospy/impl/tcpros_base.py", line 557, in connect
    self.read_header()
  File "/opt/ros/indigo/lib/python2.7/dist-packages/rospy/impl/tcpros_base.py", line 618, in read_header
    self._validate_header(read_ros_handshake_header(sock, self.read_buff, self.protocol.buff_size))
AttributeError: 'NoneType' object has no attribute 'buff_size'

[rospy.internal][INFO] 2019-03-05 09:51:16,073: topic[/autopilot/waypoint_goto] removing connection to http://copter131:55040/
[rospy.internal][ERROR] 2019-03-05 09:51:16,074: unable to create subscriber transport: 'NoneType' object has no attribute 'buff_size'.  Will try again in 512.0s
[rosout][INFO] 2019-03-05 09:51:16,550: ROS srv recvd: slave_setup
[rosout][INFO] 2019-03-05 09:51:18,474: MAVLink STATUSTEXT: APM:Copter V3.5-dev (f3195c7e)
[rosout][INFO] 2019-03-05 09:51:18,478: MAVLink STATUSTEXT: PX4: 3df5644c NuttX: be6ff61a
[rosout][INFO] 2019-03-05 09:51:18,480: MAVLink STATUSTEXT: Frame: QUAD
[rosout][INFO] 2019-03-05 09:51:18,483: MAVLink STATUSTEXT: PX4v2 003E0023 31355103 33333832
[rosout][INFO] 2019-03-05 09:57:32,355: ROS sub recvd: waypoint_goto
[rosout][INFO] 2019-03-05 09:57:32,385: MAVLink STATUSTEXT: Skipping invalid cmd #189
[rosout][INFO] 2019-03-05 09:57:32,880: Mode settings are for copter.
[rosout][INFO] 2019-03-05 09:57:32,883: Sent mode GUIDED (4) to autopilot 
[rosout][INFO] 2019-03-05 09:57:32,884: ROS sub recvd: mode_num
[rosout][INFO] 2019-03-05 09:57:33,253: ROS srv recvd: wp_getrange
[rosout][INFO] 2019-03-05 09:57:33,345: Mode settings are for copter.
[rosout][INFO] 2019-03-05 09:57:33,349: Sent mode GUIDED (4) to autopilot 
[rosout][INFO] 2019-03-05 09:57:33,360: ROS sub recvd: mode_num
[rosout][INFO] 2019-03-05 09:57:33,850: ROS sub recvd: copter_takeoff
[rosout][INFO] 2019-03-05 09:57:38,862: Mode settings are for copter.
[rosout][INFO] 2019-03-05 09:57:38,865: Sent mode AUTO (3) to autopilot 
[rosout][INFO] 2019-03-05 09:57:38,866: ROS sub recvd: mode_num
[rosout][INFO] 2019-03-05 09:58:05,301: MAVLink STATUSTEXT: Reached command #21
[rosout][INFO] 2019-03-05 09:58:05,304: MAVLink STATUSTEXT: Skipping invalid cmd #207
[rosout][INFO] 2019-03-05 09:58:05,376: ROS srv recvd: wp_getrange
[rosout][INFO] 2019-03-05 09:58:12,386: MAVLink STATUSTEXT: Reached command #23
[rosout][INFO] 2019-03-05 09:58:13,400: ROS srv recvd: wp_getrange
[rosout][INFO] 2019-03-05 09:58:20,600: MAVLink STATUSTEXT: Reached command #25
[rosout][INFO] 2019-03-05 09:58:21,405: ROS srv recvd: wp_getrange
[rosout][INFO] 2019-03-05 09:58:56,549: ROS srv recvd: wp_getrange
[rospy.internal][WARNING] 2019-03-05 10:08:20,192: Unknown error initiating TCP/IP socket to copter131:46424 (http://copter131:55040/): Traceback (most recent call last):
  File "/opt/ros/indigo/lib/python2.7/dist-packages/rospy/impl/tcpros_base.py", line 557, in connect
    self.read_header()
  File "/opt/ros/indigo/lib/python2.7/dist-packages/rospy/impl/tcpros_base.py", line 618, in read_header
    self._validate_header(read_ros_handshake_header(sock, self.read_buff, self.protocol.buff_size))
AttributeError: 'NoneType' object has no attribute 'buff_size'

[rospy.internal][INFO] 2019-03-05 10:08:20,194: topic[/autopilot/waypoint_goto] removing connection to http://copter131:55040/
[rospy.internal][ERROR] 2019-03-05 10:08:20,195: unable to create subscriber transport: 'NoneType' object has no attribute 'buff_size'.  Will try again in 1024.0s
