[rospy.client][INFO] 2012-12-31 16:00:22,779: init_node, name[/constrained_shooter], pid[3066]
[xmlrpc][INFO] 2012-12-31 16:00:22,780: XML-RPC server binding to 0.0.0.0:0
[rospy.init][INFO] 2012-12-31 16:00:22,782: ROS Slave URI: [http://copter131:38258/]
[xmlrpc][INFO] 2012-12-31 16:00:22,782: Started XML-RPC server [http://copter131:38258/]
[rospy.impl.masterslave][INFO] 2012-12-31 16:00:22,783: _ready: http://copter131:38258/
[xmlrpc][INFO] 2012-12-31 16:00:22,784: xml rpc node: starting XML-RPC server
[rospy.registration][INFO] 2012-12-31 16:00:22,786: Registering with master node http://localhost:11311
[rospy.init][INFO] 2012-12-31 16:00:22,883: registered with master
[rospy.rosout][INFO] 2012-12-31 16:00:22,883: initializing /rosout core topic
[rospy.rosout][INFO] 2012-12-31 16:00:23,897: connected to core topic /rosout
[rospy.simtime][INFO] 2012-12-31 16:00:23,907: /use_sim_time is not set, will not subscribe to simulated time [/clock] topic
[rospy.internal][INFO] 2012-12-31 16:00:24,090: topic[/safety/payload_waypoint] adding connection to [/safety], count 0
[rospy.internal][INFO] 2012-12-31 16:00:24,142: topic[/rosout] adding connection to [/rosout], count 0
[rospy.internal][INFO] 2012-12-31 16:00:24,202: topic[/network/send_swarm_behavior_data] adding connection to [/network], count 0
[rospy.internal][INFO] 2019-03-05 09:34:11,854: topic[/autopilot/status] adding connection to [http://copter131:58472/], count 0
[rospy.internal][INFO] 2019-03-05 09:34:12,047: topic[/swarm_control/behavior_status] adding connection to [/swarm_control], count 0
[rospy.internal][INFO] 2019-03-05 09:34:12,153: topic[/hit_tracker/hit_uavs] adding connection to [http://copter131:49094/], count 0
[rospy.internal][INFO] 2019-03-05 09:34:12,241: topic[/air_to_air/firing_reports] adding connection to [/network], count 0
[rospy.internal][INFO] 2019-03-05 09:34:12,387: topic[/autopilot/acs_pose] adding connection to [http://copter131:58472/], count 0
[rospy.internal][INFO] 2019-03-05 09:34:12,404: topic[/swarm_control/subswarm_id] adding connection to [http://copter131:55040/], count 0
[rospy.internal][INFO] 2019-03-05 09:34:12,477: topic[/swarm_control/ap_intent] adding connection to [http://copter131:55040/], count 0
[rosout][INFO] 2019-03-05 09:50:23,408: constrained_shooter activate request False returned False
[rosout][INFO] 2019-03-05 09:57:33,404: constrained_shooter activate request False returned False
[rosout][INFO] 2019-03-05 09:57:33,540: constrained_shooter activate request False returned False
