[rospy.client][INFO] 2012-12-31 16:00:23,510: init_node, name[/evader], pid[3137]
[xmlrpc][INFO] 2012-12-31 16:00:23,511: XML-RPC server binding to 0.0.0.0:0
[xmlrpc][INFO] 2012-12-31 16:00:23,512: Started XML-RPC server [http://copter131:47171/]
[rospy.init][INFO] 2012-12-31 16:00:23,512: ROS Slave URI: [http://copter131:47171/]
[rospy.impl.masterslave][INFO] 2012-12-31 16:00:23,513: _ready: http://copter131:47171/
[xmlrpc][INFO] 2012-12-31 16:00:23,514: xml rpc node: starting XML-RPC server
[rospy.registration][INFO] 2012-12-31 16:00:23,515: Registering with master node http://localhost:11311
[rospy.init][INFO] 2012-12-31 16:00:23,613: registered with master
[rospy.rosout][INFO] 2012-12-31 16:00:23,614: initializing /rosout core topic
[rospy.rosout][INFO] 2012-12-31 16:00:23,629: connected to core topic /rosout
[rospy.simtime][INFO] 2012-12-31 16:00:23,643: /use_sim_time is not set, will not subscribe to simulated time [/clock] topic
[rospy.internal][INFO] 2012-12-31 16:00:23,852: topic[/safety/payload_waypoint] adding connection to [/safety], count 0
[rospy.internal][INFO] 2012-12-31 16:00:23,917: topic[/rosout] adding connection to [/rosout], count 0
[rospy.internal][INFO] 2012-12-31 16:00:24,084: topic[/network/send_swarm_behavior_data] adding connection to [/network], count 0
[rospy.internal][INFO] 2012-12-31 16:00:24,116: topic[/hit_tracker/hit_uavs] adding connection to [http://copter131:49094/], count 0
[rospy.internal][INFO] 2019-03-05 09:34:11,824: topic[/autopilot/status] adding connection to [http://copter131:58472/], count 0
[rospy.internal][INFO] 2019-03-05 09:34:12,027: topic[/swarm_control/behavior_status] adding connection to [/swarm_control], count 0
[rospy.internal][INFO] 2019-03-05 09:34:12,336: topic[/autopilot/acs_pose] adding connection to [http://copter131:58472/], count 0
[rospy.internal][INFO] 2019-03-05 09:34:12,384: topic[/swarm_control/subswarm_id] adding connection to [http://copter131:55040/], count 0
[rospy.internal][INFO] 2019-03-05 09:34:13,434: topic[/swarm_control/ap_intent] adding connection to [http://copter131:55040/], count 0
[rosout][INFO] 2019-03-05 09:50:23,461: evader activate request False returned False
[rosout][INFO] 2019-03-05 09:57:33,459: evader activate request False returned False
[rosout][INFO] 2019-03-05 09:57:33,593: evader activate request False returned False
