[rospy.client][INFO] 2012-12-31 16:00:23,260: init_node, name[/greedy_shooter], pid[3028]
[xmlrpc][INFO] 2012-12-31 16:00:23,266: XML-RPC server binding to 0.0.0.0:0
[xmlrpc][INFO] 2012-12-31 16:00:23,267: Started XML-RPC server [http://copter131:51629/]
[rospy.init][INFO] 2012-12-31 16:00:23,267: ROS Slave URI: [http://copter131:51629/]
[rospy.impl.masterslave][INFO] 2012-12-31 16:00:23,268: _ready: http://copter131:51629/
[xmlrpc][INFO] 2012-12-31 16:00:23,269: xml rpc node: starting XML-RPC server
[rospy.registration][INFO] 2012-12-31 16:00:23,270: Registering with master node http://localhost:11311
[rospy.registration][INFO] 2012-12-31 16:00:23,270: Registering publisher topic [/safety/payload_waypoint] type [autopilot_bridge/LLA] with master
[rospy.registration][INFO] 2012-12-31 16:00:23,289: registering subscriber topic [/autopilot/status] type [autopilot_bridge/Status] with master
[rospy.init][INFO] 2012-12-31 16:00:23,368: registered with master
[rospy.rosout][INFO] 2012-12-31 16:00:23,370: initializing /rosout core topic
[rospy.internal][INFO] 2012-12-31 16:00:23,370: topic[/safety/payload_waypoint] adding connection to [/safety], count 0
[rospy.rosout][INFO] 2012-12-31 16:00:23,386: connected to core topic /rosout
[rospy.simtime][INFO] 2012-12-31 16:00:23,405: /use_sim_time is not set, will not subscribe to simulated time [/clock] topic
[rospy.internal][INFO] 2012-12-31 16:00:23,497: topic[/rosout] adding connection to [/rosout], count 0
[rospy.internal][INFO] 2012-12-31 16:00:24,203: topic[/network/send_swarm_behavior_data] adding connection to [/network], count 0
[rospy.internal][INFO] 2019-03-05 09:34:11,794: topic[/autopilot/status] adding connection to [http://copter131:58472/], count 0
[rospy.internal][INFO] 2019-03-05 09:34:12,027: topic[/swarm_control/behavior_status] adding connection to [/swarm_control], count 0
[rospy.internal][INFO] 2019-03-05 09:34:12,145: topic[/hit_tracker/hit_uavs] adding connection to [http://copter131:49094/], count 0
[rospy.internal][INFO] 2019-03-05 09:34:12,327: topic[/autopilot/acs_pose] adding connection to [http://copter131:58472/], count 0
[rospy.internal][INFO] 2019-03-05 09:34:12,369: topic[/air_to_air/firing_reports] adding connection to [/network], count 0
[rospy.internal][INFO] 2019-03-05 09:34:12,375: topic[/swarm_control/subswarm_id] adding connection to [http://copter131:55040/], count 0
[rospy.internal][INFO] 2019-03-05 09:34:12,446: topic[/autopilot/waypoint_goto] adding connection to [/autopilot], count 0
[rospy.internal][INFO] 2019-03-05 09:34:12,472: topic[/swarm_control/ap_intent] adding connection to [http://copter131:55040/], count 0
[rosout][INFO] 2019-03-05 09:50:23,368: greedy_shooter activate request False returned False
[rosout][INFO] 2019-03-05 09:57:33,347: greedy_shooter activate request False returned False
[rosout][INFO] 2019-03-05 09:57:33,496: greedy_shooter activate request False returned False
