[rospy.client][INFO] 2012-12-31 16:00:22,429: init_node, name[/linear_formation], pid[2990]
[xmlrpc][INFO] 2012-12-31 16:00:22,431: XML-RPC server binding to 0.0.0.0:0
[rospy.init][INFO] 2012-12-31 16:00:22,433: ROS Slave URI: [http://copter131:50152/]
[xmlrpc][INFO] 2012-12-31 16:00:22,433: Started XML-RPC server [http://copter131:50152/]
[rospy.impl.masterslave][INFO] 2012-12-31 16:00:22,433: _ready: http://copter131:50152/
[xmlrpc][INFO] 2012-12-31 16:00:22,434: xml rpc node: starting XML-RPC server
[rospy.registration][INFO] 2012-12-31 16:00:22,436: Registering with master node http://localhost:11311
[rospy.init][INFO] 2012-12-31 16:00:22,533: registered with master
[rospy.rosout][INFO] 2012-12-31 16:00:22,534: initializing /rosout core topic
[rospy.rosout][INFO] 2012-12-31 16:00:22,663: connected to core topic /rosout
[rospy.simtime][INFO] 2012-12-31 16:00:22,767: /use_sim_time is not set, will not subscribe to simulated time [/clock] topic
[rospy.internal][INFO] 2012-12-31 16:00:22,888: topic[/rosout] adding connection to [/rosout], count 0
[rospy.internal][INFO] 2012-12-31 16:00:23,345: topic[/safety/payload_waypoint] adding connection to [/safety], count 0
[rospy.internal][INFO] 2012-12-31 16:00:23,603: topic[/network/send_swarm_behavior_data] adding connection to [/network], count 0
[rospy.internal][INFO] 2019-03-05 09:34:11,784: topic[/autopilot/status] adding connection to [http://copter131:58472/], count 0
[rospy.internal][INFO] 2019-03-05 09:34:11,994: topic[/swarm_control/behavior_status] adding connection to [/swarm_control], count 0
[rospy.internal][INFO] 2019-03-05 09:34:12,103: topic[/autopilot/waypoint_goto] adding connection to [/autopilot], count 0
[rospy.internal][INFO] 2019-03-05 09:34:12,358: topic[/swarm_control/subswarm_id] adding connection to [http://copter131:55040/], count 0
[rospy.internal][INFO] 2019-03-05 09:34:12,455: topic[/swarm_control/ap_intent] adding connection to [http://copter131:55040/], count 0
[rosout][INFO] 2019-03-05 09:50:23,350: linear_formation activate request False returned False
[rosout][INFO] 2019-03-05 09:57:33,321: linear_formation activate request False returned False
[rosout][INFO] 2019-03-05 09:57:33,477: linear_formation activate request False returned False
