[rospy.client][INFO] 2012-12-31 16:00:20,290: init_node, name[/network], pid[2819]
[xmlrpc][INFO] 2012-12-31 16:00:20,292: XML-RPC server binding to 0.0.0.0:0
[rospy.init][INFO] 2012-12-31 16:00:20,294: ROS Slave URI: [http://copter131:55236/]
[xmlrpc][INFO] 2012-12-31 16:00:20,294: Started XML-RPC server [http://copter131:55236/]
[rospy.impl.masterslave][INFO] 2012-12-31 16:00:20,295: _ready: http://copter131:55236/
[rospy.registration][INFO] 2012-12-31 16:00:20,297: Registering with master node http://localhost:11311
[xmlrpc][INFO] 2012-12-31 16:00:20,304: xml rpc node: starting XML-RPC server
[rospy.init][INFO] 2012-12-31 16:00:20,395: registered with master
[rospy.rosout][INFO] 2012-12-31 16:00:20,396: initializing /rosout core topic
[rospy.rosout][INFO] 2012-12-31 16:00:20,423: connected to core topic /rosout
[rospy.simtime][INFO] 2012-12-31 16:00:20,457: /use_sim_time is not set, will not subscribe to simulated time [/clock] topic
[rospy.internal][INFO] 2012-12-31 16:00:20,564: topic[/rosout] adding connection to [/rosout], count 0
[rospy.internal][INFO] 2012-12-31 16:00:23,586: topic[/network/send_swarm_behavior_data] adding connection to [http://copter131:50152/], count 0
[rospy.internal][INFO] 2012-12-31 16:00:23,621: topic[/network/send_swarm_behavior_data] adding connection to [http://copter131:58482/], count 1
[rospy.internal][INFO] 2012-12-31 16:00:23,722: topic[/network/send_swarm_behavior_data] adding connection to [http://copter131:55066/], count 2
[rospy.internal][INFO] 2012-12-31 16:00:23,850: topic[/network/recv_pose] adding connection to [/swarm_tracker], count 0
[rospy.internal][INFO] 2012-12-31 16:00:23,863: topic[/network/recv_pose] adding connection to [/recv_pose_rate], count 1
[rospy.internal][INFO] 2012-12-31 16:00:23,867: topic[/autopilot/heartbeat_ground] adding connection to [/safety], count 0
[rospy.internal][INFO] 2012-12-31 16:00:23,892: topic[/network/recv_swarm_ctl_state] adding connection to [/swarm_tracker], count 0
[rospy.internal][INFO] 2012-12-31 16:00:24,006: topic[/network/send_swarm_behavior_data] adding connection to [http://copter131:57595/], count 3
[rospy.internal][INFO] 2012-12-31 16:00:24,075: topic[/network/send_swarm_behavior_data] adding connection to [http://copter131:35767/], count 4
[rospy.internal][INFO] 2012-12-31 16:00:24,078: topic[/network/send_swarm_behavior_data] adding connection to [http://copter131:47171/], count 5
[rospy.internal][INFO] 2012-12-31 16:00:24,081: topic[/network/send_swarm_behavior_data] adding connection to [http://copter131:48161/], count 6
[rospy.internal][INFO] 2012-12-31 16:00:24,199: topic[/network/send_swarm_behavior_data] adding connection to [http://copter131:51629/], count 7
[rospy.internal][INFO] 2012-12-31 16:00:24,200: topic[/network/send_swarm_behavior_data] adding connection to [http://copter131:38258/], count 7
[rospy.internal][INFO] 2012-12-31 16:00:24,315: topic[/network/send_swarm_behavior_data] adding connection to [http://copter131:33249/], count 9
[rospy.internal][INFO] 2012-12-31 16:00:24,384: topic[/network/send_swarm_behavior_data] adding connection to [http://copter131:57710/], count 10
[rospy.internal][INFO] 2012-12-31 16:00:24,501: topic[/network/send_swarm_behavior_data] adding connection to [http://copter131:60633/], count 11
[rospy.internal][INFO] 2012-12-31 16:00:25,220: topic[/network/send_swarm_behavior_data] adding connection to [http://copter131:58137/], count 12
[rospy.internal][INFO] 2019-03-05 09:34:11,599: topic[/autopilot/heartbeat_ground] adding connection to [/autopilot], count 1
[rospy.internal][INFO] 2019-03-05 09:34:11,841: topic[/autopilot/status] adding connection to [http://copter131:58472/], count 0
[rospy.internal][INFO] 2019-03-05 09:34:12,007: topic[/air_to_air/firing_reports] adding connection to [http://copter131:58137/], count 0
[rospy.internal][INFO] 2019-03-05 09:34:12,117: topic[/network/swarm_sub_behavior] adding connection to [http://copter131:58137/], count 0
[rospy.internal][INFO] 2019-03-05 09:34:12,120: topic[/air_to_air/firing_reports] adding connection to [http://copter131:55066/], count 1
[rospy.internal][INFO] 2019-03-05 09:34:12,236: topic[/air_to_air/firing_reports] adding connection to [http://copter131:57595/], count 2
[rospy.internal][INFO] 2019-03-05 09:34:12,237: topic[/air_to_air/firing_reports] adding connection to [http://copter131:38258/], count 3
[rospy.internal][INFO] 2019-03-05 09:34:12,302: topic[/autopilot/acs_pose] adding connection to [http://copter131:58472/], count 0
[rospy.internal][INFO] 2019-03-05 09:34:12,342: topic[/swarm_control/subswarm_id] adding connection to [http://copter131:55040/], count 0
[rospy.internal][INFO] 2019-03-05 09:34:12,365: topic[/air_to_air/firing_reports] adding connection to [http://copter131:51629/], count 4
[rospy.internal][INFO] 2019-03-05 09:34:12,424: topic[/air_to_air/firing_reports] adding connection to [http://copter131:33249/], count 5
[rospy.internal][INFO] 2019-03-05 09:34:12,446: topic[/swarm_control/swarm_state] adding connection to [http://copter131:55040/], count 0
[rospy.internal][INFO] 2019-03-05 09:34:12,463: topic[/swarm_control/swarm_behavior] adding connection to [http://copter131:55040/], count 0
[rospy.internal][INFO] 2019-03-05 09:34:13,463: topic[/swarm_control/behavior_summary] adding connection to [http://copter131:55040/], count 0
[rosout][INFO] 2019-03-05 09:35:00,572: NET FlightReady
[rosout][INFO] 2019-03-05 09:35:06,988: NET MissionConfig
[rosout][INFO] 2019-03-05 09:35:08,956: NET SlaveSetup
[rospy.internal][INFO] 2019-03-05 09:35:19,038: topic[/autopilot/waypoint_goto] adding connection to [/autopilot], count 0
[rosout][INFO] 2019-03-05 09:35:52,861: NET SlaveSetup
[rosout][INFO] 2019-03-05 09:49:11,137: NET Mode
[rospy.internal][INFO] 2019-03-05 09:49:11,199: topic[/autopilot/mode_num] adding connection to [/autopilot], count 0
[rosout][INFO] 2019-03-05 09:49:13,458: NET Arm
[rospy.internal][INFO] 2019-03-05 09:49:13,520: topic[/autopilot/arm] adding connection to [/autopilot], count 0
[rosout][INFO] 2019-03-05 09:49:18,487: NET Mode
[rosout][INFO] 2019-03-05 09:49:18,991: NET Mode
[rosout][INFO] 2019-03-05 09:49:19,510: NET Mode
[rosout][INFO] 2019-03-05 09:49:20,015: NET Takeoff
[rospy.internal][INFO] 2019-03-05 09:49:20,053: topic[/autopilot/copter_takeoff] adding connection to [/autopilot], count 0
[rosout][INFO] 2019-03-05 09:49:24,971: NET Mode
[rosout][INFO] 2019-03-05 09:50:09,911: NET WaypointGoto
[rosout][INFO] 2019-03-05 09:50:13,902: NET SetSubswarm
[rosout][INFO] 2019-03-05 09:50:24,490: NET SwarmBehavior
[rosout][INFO] 2019-03-05 09:51:16,552: NET SlaveSetup
[rosout][INFO] 2019-03-05 09:57:32,334: NET WaypointGoto
[rosout][INFO] 2019-03-05 09:57:32,833: NET Mode
[rosout][INFO] 2019-03-05 09:57:33,333: NET Mode
[rosout][INFO] 2019-03-05 09:57:33,833: NET Takeoff
[rosout][INFO] 2019-03-05 09:57:38,833: NET Mode
