[rospy.client][INFO] 2012-12-31 16:00:23,426: init_node, name[/patrol_box_shooter], pid[3121]
[xmlrpc][INFO] 2012-12-31 16:00:23,430: XML-RPC server binding to 0.0.0.0:0
[xmlrpc][INFO] 2012-12-31 16:00:23,431: Started XML-RPC server [http://copter131:57595/]
[rospy.impl.masterslave][INFO] 2012-12-31 16:00:23,431: _ready: http://copter131:57595/
[xmlrpc][INFO] 2012-12-31 16:00:23,432: xml rpc node: starting XML-RPC server
[rospy.init][INFO] 2012-12-31 16:00:23,433: ROS Slave URI: [http://copter131:57595/]
[rospy.registration][INFO] 2012-12-31 16:00:23,434: Registering with master node http://localhost:11311
[rospy.init][INFO] 2012-12-31 16:00:23,534: registered with master
[rospy.rosout][INFO] 2012-12-31 16:00:23,535: initializing /rosout core topic
[rospy.rosout][INFO] 2012-12-31 16:00:23,549: connected to core topic /rosout
[rospy.simtime][INFO] 2012-12-31 16:00:23,562: /use_sim_time is not set, will not subscribe to simulated time [/clock] topic
[rospy.internal][INFO] 2012-12-31 16:00:23,772: topic[/safety/payload_waypoint] adding connection to [/safety], count 0
[rospy.internal][INFO] 2012-12-31 16:00:23,811: topic[/rosout] adding connection to [/rosout], count 0
[rospy.internal][INFO] 2012-12-31 16:00:24,008: topic[/network/send_swarm_behavior_data] adding connection to [/network], count 0
[rospy.internal][INFO] 2019-03-05 09:34:11,860: topic[/autopilot/status] adding connection to [http://copter131:58472/], count 0
[rospy.internal][INFO] 2019-03-05 09:34:12,009: topic[/swarm_control/behavior_status] adding connection to [/swarm_control], count 0
[rospy.internal][INFO] 2019-03-05 09:34:12,195: topic[/hit_tracker/hit_uavs] adding connection to [http://copter131:49094/], count 0
[rospy.internal][INFO] 2019-03-05 09:34:12,242: topic[/air_to_air/firing_reports] adding connection to [/network], count 0
[rospy.internal][INFO] 2019-03-05 09:34:12,314: topic[/autopilot/acs_pose] adding connection to [http://copter131:58472/], count 0
[rospy.internal][INFO] 2019-03-05 09:34:12,612: topic[/swarm_control/subswarm_id] adding connection to [http://copter131:55040/], count 0
[rospy.internal][INFO] 2019-03-05 09:34:13,447: topic[/swarm_control/ap_intent] adding connection to [http://copter131:55040/], count 0
[rosout][INFO] 2019-03-05 09:50:23,438: patrol_box_shooter activate request False returned False
[rosout][INFO] 2019-03-05 09:57:33,438: patrol_box_shooter activate request False returned False
[rosout][INFO] 2019-03-05 09:57:33,566: patrol_box_shooter activate request False returned False
