[rospy.client][INFO] 2012-12-31 16:00:21,597: init_node, name[/patrol_box], pid[2932]
[xmlrpc][INFO] 2012-12-31 16:00:21,599: XML-RPC server binding to 0.0.0.0:0
[rospy.init][INFO] 2012-12-31 16:00:21,602: ROS Slave URI: [http://copter131:35767/]
[xmlrpc][INFO] 2012-12-31 16:00:21,601: Started XML-RPC server [http://copter131:35767/]
[rospy.impl.masterslave][INFO] 2012-12-31 16:00:21,602: _ready: http://copter131:35767/
[xmlrpc][INFO] 2012-12-31 16:00:21,611: xml rpc node: starting XML-RPC server
[rospy.registration][INFO] 2012-12-31 16:00:21,612: Registering with master node http://localhost:11311
[rospy.init][INFO] 2012-12-31 16:00:21,702: registered with master
[rospy.rosout][INFO] 2012-12-31 16:00:21,703: initializing /rosout core topic
[rospy.rosout][INFO] 2012-12-31 16:00:21,828: connected to core topic /rosout
[rospy.simtime][INFO] 2012-12-31 16:00:21,900: /use_sim_time is not set, will not subscribe to simulated time [/clock] topic
[rospy.internal][INFO] 2012-12-31 16:00:21,994: topic[/rosout] adding connection to [/rosout], count 0
[rospy.internal][INFO] 2012-12-31 16:00:23,848: topic[/safety/payload_waypoint] adding connection to [/safety], count 0
[rospy.internal][INFO] 2012-12-31 16:00:24,081: topic[/network/send_swarm_behavior_data] adding connection to [/network], count 0
[rospy.internal][INFO] 2019-03-05 09:34:11,846: topic[/autopilot/status] adding connection to [http://copter131:58472/], count 0
[rospy.internal][INFO] 2019-03-05 09:34:12,023: topic[/swarm_control/behavior_status] adding connection to [/swarm_control], count 0
[rospy.internal][INFO] 2019-03-05 09:34:12,348: topic[/autopilot/acs_pose] adding connection to [http://copter131:58472/], count 0
[rospy.internal][INFO] 2019-03-05 09:34:12,391: topic[/swarm_control/subswarm_id] adding connection to [http://copter131:55040/], count 0
[rospy.internal][INFO] 2019-03-05 09:34:13,433: topic[/swarm_control/ap_intent] adding connection to [http://copter131:55040/], count 0
[rosout][INFO] 2019-03-05 09:50:23,428: patrol_box activate request False returned False
[rosout][INFO] 2019-03-05 09:57:33,429: patrol_box activate request False returned False
[rosout][INFO] 2019-03-05 09:57:33,558: patrol_box activate request False returned False
