[rospy.client][INFO] 2012-12-31 16:00:22,616: init_node, name[/smart_shooter], pid[3049]
[xmlrpc][INFO] 2012-12-31 16:00:22,618: XML-RPC server binding to 0.0.0.0:0
[rospy.init][INFO] 2012-12-31 16:00:22,621: ROS Slave URI: [http://copter131:33249/]
[xmlrpc][INFO] 2012-12-31 16:00:22,621: Started XML-RPC server [http://copter131:33249/]
[rospy.impl.masterslave][INFO] 2012-12-31 16:00:22,621: _ready: http://copter131:33249/
[xmlrpc][INFO] 2012-12-31 16:00:22,639: xml rpc node: starting XML-RPC server
[rospy.registration][INFO] 2012-12-31 16:00:22,641: Registering with master node http://localhost:11311
[rospy.init][INFO] 2012-12-31 16:00:22,721: registered with master
[rospy.rosout][INFO] 2012-12-31 16:00:22,722: initializing /rosout core topic
[rospy.rosout][INFO] 2012-12-31 16:00:22,822: connected to core topic /rosout
[rospy.simtime][INFO] 2012-12-31 16:00:22,903: /use_sim_time is not set, will not subscribe to simulated time [/clock] topic
[rospy.internal][INFO] 2012-12-31 16:00:23,188: topic[/rosout] adding connection to [/rosout], count 0
[rospy.internal][INFO] 2012-12-31 16:00:24,214: topic[/safety/payload_waypoint] adding connection to [/safety], count 0
[rospy.internal][INFO] 2012-12-31 16:00:24,318: topic[/network/send_swarm_behavior_data] adding connection to [/network], count 0
[rospy.internal][INFO] 2019-03-05 09:34:11,892: topic[/autopilot/status] adding connection to [http://copter131:58472/], count 0
[rospy.internal][INFO] 2019-03-05 09:34:12,041: topic[/swarm_control/behavior_status] adding connection to [/swarm_control], count 0
[rospy.internal][INFO] 2019-03-05 09:34:12,224: topic[/hit_tracker/hit_uavs] adding connection to [http://copter131:49094/], count 0
[rospy.internal][INFO] 2019-03-05 09:34:12,353: topic[/autopilot/acs_pose] adding connection to [http://copter131:58472/], count 0
[rospy.internal][INFO] 2019-03-05 09:34:12,415: topic[/swarm_control/subswarm_id] adding connection to [http://copter131:55040/], count 0
[rospy.internal][INFO] 2019-03-05 09:34:12,431: topic[/air_to_air/firing_reports] adding connection to [/network], count 0
[rospy.internal][INFO] 2019-03-05 09:34:12,482: topic[/swarm_control/ap_intent] adding connection to [http://copter131:55040/], count 0
[rosout][INFO] 2019-03-05 09:50:23,399: smart_shooter activate request False returned False
[rosout][INFO] 2019-03-05 09:57:33,390: smart_shooter activate request False returned False
[rosout][INFO] 2019-03-05 09:57:33,528: smart_shooter activate request False returned False
