[rospy.client][INFO] 2012-12-31 16:00:20,949: init_node, name[/swarm_tracker], pid[2823]
[xmlrpc][INFO] 2012-12-31 16:00:20,959: XML-RPC server binding to 0.0.0.0:0
[rospy.init][INFO] 2012-12-31 16:00:20,961: ROS Slave URI: [http://copter131:47006/]
[xmlrpc][INFO] 2012-12-31 16:00:20,962: Started XML-RPC server [http://copter131:47006/]
[rospy.impl.masterslave][INFO] 2012-12-31 16:00:20,962: _ready: http://copter131:47006/
[xmlrpc][INFO] 2012-12-31 16:00:20,965: xml rpc node: starting XML-RPC server
[rospy.registration][INFO] 2012-12-31 16:00:20,965: Registering with master node http://localhost:11311
[rospy.init][INFO] 2012-12-31 16:00:21,062: registered with master
[rospy.rosout][INFO] 2012-12-31 16:00:21,062: initializing /rosout core topic
[rospy.rosout][INFO] 2012-12-31 16:00:21,163: connected to core topic /rosout
[rospy.simtime][INFO] 2012-12-31 16:00:21,258: /use_sim_time is not set, will not subscribe to simulated time [/clock] topic
[rospy.internal][INFO] 2012-12-31 16:00:21,464: topic[/rosout] adding connection to [/rosout], count 0
[rospy.internal][INFO] 2012-12-31 16:00:23,826: topic[/network/recv_pose] adding connection to [http://copter131:55236/], count 0
[rospy.internal][INFO] 2012-12-31 16:00:23,890: topic[/network/recv_swarm_ctl_state] adding connection to [http://copter131:55236/], count 0
[rospy.internal][INFO] 2019-03-05 09:34:11,865: topic[/autopilot/status] adding connection to [http://copter131:58472/], count 0
[rospy.internal][INFO] 2019-03-05 09:34:11,930: topic[/swarm_tracker/swarm_uav_states] adding connection to [/swarm_control], count 0
[rospy.internal][INFO] 2019-03-05 09:34:12,005: topic[/swarm_tracker/swarm_uav_states] adding connection to [/safety], count 1
[rospy.internal][INFO] 2019-03-05 09:34:12,339: topic[/autopilot/acs_pose] adding connection to [http://copter131:58472/], count 0
[rospy.internal][INFO] 2019-03-05 09:34:12,406: topic[/swarm_control/subswarm_id] adding connection to [http://copter131:55040/], count 0
[rospy.internal][INFO] 2019-03-05 09:34:12,441: topic[/swarm_control/swarm_behavior] adding connection to [http://copter131:55040/], count 0
[rospy.internal][INFO] 2019-03-05 09:34:12,449: topic[/swarm_control/swarm_state] adding connection to [http://copter131:55040/], count 0
[rosout][WARNING] 2019-03-05 09:35:11,986: UAV 132 possible crash: no updates for 6.000000 secs
[rosout][WARNING] 2019-03-05 09:35:13,085: UAV 131 possible crash: no updates for 6.000000 secs
[rosout][INFO] 2019-03-05 09:35:23,486: Received update to own UAV 131
[rosout][WARNING] 2019-03-05 09:36:20,385: UAV 114 possible crash: no updates for 6.000000 secs
[rosout][INFO] 2019-03-05 09:36:21,515: Received update to possibly crashed UAV 114
[rosout][WARNING] 2019-03-05 09:36:34,585: UAV 114 possible crash: no updates for 7.183331 secs
[rosout][INFO] 2019-03-05 09:37:03,434: Received update to possibly crashed UAV 114
[rosout][INFO] 2019-03-05 09:39:49,519: Received update to possibly crashed UAV 132
[rosout][WARNING] 2019-03-05 09:45:12,186: UAV 132 possible crash: no updates for 283.632487 secs
[rospy.internal][INFO] 2019-03-05 09:50:22,725: topic[/swarm_tracker/swarm_uav_states] adding connection to [/tactic_interface], count 2
[rospy.internal][INFO] 2019-03-05 09:57:33,250: topic[/swarm_tracker/swarm_uav_states] adding connection to [/tactic_interface], count 3
[rospy.internal][INFO] 2019-03-05 09:57:33,251: topic[/swarm_tracker/swarm_uav_states] removing connection to /tactic_interface
[rospy.internal][INFO] 2019-03-05 09:57:33,401: topic[/swarm_tracker/swarm_uav_states] removing connection to /tactic_interface
[rosout][WARNING] 2019-03-05 10:16:00,086: UAV 125 possible crash: no updates for 283.632487 secs
[rosout][WARNING] 2019-03-05 10:16:00,386: UAV 110 possible crash: no updates for 283.632487 secs
