[rospy.client][INFO] 2012-12-31 16:00:24,998: init_node, name[/tactic_interface], pid[2972]
[xmlrpc][INFO] 2012-12-31 16:00:24,999: XML-RPC server binding to 0.0.0.0:0
[xmlrpc][INFO] 2012-12-31 16:00:25,000: Started XML-RPC server [http://copter131:58137/]
[rospy.init][INFO] 2012-12-31 16:00:25,000: ROS Slave URI: [http://copter131:58137/]
[rospy.impl.masterslave][INFO] 2012-12-31 16:00:25,001: _ready: http://copter131:58137/
[rospy.registration][INFO] 2012-12-31 16:00:25,001: Registering with master node http://localhost:11311
[xmlrpc][INFO] 2012-12-31 16:00:25,002: xml rpc node: starting XML-RPC server
[rospy.registration][INFO] 2012-12-31 16:00:25,002: Registering publisher topic [/safety/payload_waypoint] type [autopilot_bridge/LLA] with master
[rospy.registration][INFO] 2012-12-31 16:00:25,006: registering subscriber topic [/autopilot/status] type [autopilot_bridge/Status] with master
[rospy.init][INFO] 2012-12-31 16:00:25,101: registered with master
[rospy.rosout][INFO] 2012-12-31 16:00:25,102: initializing /rosout core topic
[rospy.rosout][INFO] 2012-12-31 16:00:25,106: connected to core topic /rosout
[rospy.simtime][INFO] 2012-12-31 16:00:25,110: /use_sim_time is not set, will not subscribe to simulated time [/clock] topic
[rospy.internal][INFO] 2012-12-31 16:00:25,121: topic[/safety/payload_waypoint] adding connection to [/safety], count 0
[rospy.internal][INFO] 2012-12-31 16:00:25,222: topic[/network/send_swarm_behavior_data] adding connection to [/network], count 0
[rospy.internal][INFO] 2012-12-31 16:00:25,390: topic[/rosout] adding connection to [/rosout], count 0
[rospy.internal][INFO] 2019-03-05 09:34:11,876: topic[/autopilot/status] adding connection to [http://copter131:58472/], count 0
[rospy.internal][INFO] 2019-03-05 09:34:11,908: topic[/hit_tracker/hit_uavs] adding connection to [http://copter131:49094/], count 0
[rospy.internal][INFO] 2019-03-05 09:34:12,013: topic[/air_to_air/firing_reports] adding connection to [/network], count 0
[rospy.internal][INFO] 2019-03-05 09:34:12,028: topic[/autopilot/waypoint_goto] adding connection to [/autopilot], count 0
[rospy.internal][INFO] 2019-03-05 09:34:12,053: topic[/swarm_control/behavior_status] adding connection to [/swarm_control], count 0
[rospy.internal][INFO] 2019-03-05 09:34:12,121: topic[/network/swarm_sub_behavior] adding connection to [/network], count 0
[rospy.internal][INFO] 2019-03-05 09:34:12,366: topic[/autopilot/acs_pose] adding connection to [http://copter131:58472/], count 0
[rospy.internal][INFO] 2019-03-05 09:34:12,436: topic[/swarm_control/subswarm_id] adding connection to [http://copter131:55040/], count 0
[rospy.internal][INFO] 2019-03-05 09:34:12,487: topic[/swarm_control/ap_intent] adding connection to [http://copter131:55040/], count 0
[rospy.internal][INFO] 2019-03-05 09:50:22,221: topic[/red_tracker/red_uav_states] adding connection to [http://copter131:57179/], count 0
[rospy.internal][INFO] 2019-03-05 09:50:22,722: topic[/swarm_tracker/swarm_uav_states] adding connection to [http://copter131:47006/], count 0
[rosout][INFO] 2019-03-05 09:50:23,339: tactic_interface ready state set to 'True'
[rosout][INFO] 2019-03-05 09:50:23,341: tactic_interface set request returned True
[rosout][INFO] 2019-03-05 09:50:23,450: tactic_interface activate request False returned False
[rosout][INFO] 2019-03-05 09:50:24,483: activating behavior tactic_interface
[rosout][INFO] 2019-03-05 09:50:24,484: tactic_interface activate request True returned True
[rosout][WARNING] 2019-03-05 09:57:33,240: Autopilot not in AUTO:  deactivating tactic_interface
[rosout][INFO] 2019-03-05 09:57:33,242: deactivating behavior tactic_interface
[rospy.internal][INFO] 2019-03-05 09:57:33,245: topic impl's ref count is zero, deleting topic /swarm_tracker/swarm_uav_states...
[rospy.internal][INFO] 2019-03-05 09:57:33,254: topic[/swarm_tracker/swarm_uav_states] removing connection to http://copter131:47006/
[rospy.internal][INFO] 2019-03-05 09:57:33,260: topic impl's ref count is zero, deleting topic /red_tracker/red_uav_states...
[rospy.internal][INFO] 2019-03-05 09:57:33,263: topic[/red_tracker/red_uav_states] removing connection to http://copter131:57179/
[rospy.internal][WARNING] 2019-03-05 09:57:33,273: Unknown error initiating TCP/IP socket to copter131:60861 (http://copter131:57179/): Traceback (most recent call last):
  File "/opt/ros/indigo/lib/python2.7/dist-packages/rospy/impl/tcpros_base.py", line 558, in connect
    self.local_endpoint = self.socket.getsockname()
AttributeError: 'NoneType' object has no attribute 'getsockname'

[rosout][INFO] 2019-03-05 09:57:33,270: tactic_interface ready state and active state set to 'False'
[rosout][INFO] 2019-03-05 09:57:33,449: tactic_interface activate request False returned False
[rosout][INFO] 2019-03-05 09:57:33,576: tactic_interface activate request False returned False
