[rospy.client][INFO] 2012-12-31 16:00:20,842: init_node, name[/task_runner], pid[2862]
[xmlrpc][INFO] 2012-12-31 16:00:20,846: XML-RPC server binding to 0.0.0.0:0
[rospy.init][INFO] 2012-12-31 16:00:20,848: ROS Slave URI: [http://copter131:44192/]
[xmlrpc][INFO] 2012-12-31 16:00:20,848: Started XML-RPC server [http://copter131:44192/]
[rospy.impl.masterslave][INFO] 2012-12-31 16:00:20,849: _ready: http://copter131:44192/
[xmlrpc][INFO] 2012-12-31 16:00:20,855: xml rpc node: starting XML-RPC server
[rospy.registration][INFO] 2012-12-31 16:00:20,857: Registering with master node http://localhost:11311
[rospy.init][INFO] 2012-12-31 16:00:20,949: registered with master
[rospy.rosout][INFO] 2012-12-31 16:00:20,949: initializing /rosout core topic
[rospy.rosout][INFO] 2012-12-31 16:00:20,970: connected to core topic /rosout
[rospy.simtime][INFO] 2012-12-31 16:00:21,032: /use_sim_time is not set, will not subscribe to simulated time [/clock] topic
[rospy.internal][INFO] 2012-12-31 16:00:21,257: topic[/rosout] adding connection to [/rosout], count 0
[rosout][INFO] 2012-12-31 16:00:23,060: Task Runner: Starting Event 'on_start'
[rosout][INFO] 2012-12-31 16:00:23,179: Task Runner: Event 'on_start' Task 'Tx Power' Time 0.1s: Succeeded
[rosout][INFO] 2012-12-31 16:00:23,182: Task Runner: Completed Event 'on_start'
[rospy.internal][INFO] 2019-03-05 09:34:11,788: topic[/autopilot/status] adding connection to [http://copter131:58472/], count 0
[rosout][INFO] 2019-03-05 09:34:12,213: Task Runner: Starting Event 'on_status'
[rosout][INFO] 2019-03-05 09:34:12,444: Task Runner: Event 'on_status' Task 'AP Set ID' Time 0.2s: Succeeded
[rosout][INFO] 2019-03-05 09:34:12,445: Task Runner: Completed Event 'on_status'
[rosout][INFO] 2019-03-05 09:35:00,582: Task Runner: Starting Event 'on_ready'
[rosout][INFO] 2019-03-05 09:35:00,583: Task Runner: Completed Event 'on_ready'
[rosout][INFO] 2019-03-05 09:49:14,336: Task Runner: Starting Event 'on_arm'
[rosout][INFO] 2019-03-05 09:49:14,394: Task Runner: Event 'on_arm' Task 'Tx Power' Time 0.1s: Succeeded
[rosout][INFO] 2019-03-05 09:49:14,396: Task Runner: Completed Event 'on_arm'
[rosout][INFO] 2019-03-05 09:58:56,533: Task Runner: Starting Event 'on_disarm'
[rosout][INFO] 2019-03-05 09:58:56,535: Task Runner: Completed Event 'on_disarm'
