[rospy.client][INFO] 2012-12-31 16:00:22,993: init_node, name[/wingman], pid[3080]
[xmlrpc][INFO] 2012-12-31 16:00:22,997: XML-RPC server binding to 0.0.0.0:0
[rospy.init][INFO] 2012-12-31 16:00:22,999: ROS Slave URI: [http://copter131:55066/]
[xmlrpc][INFO] 2012-12-31 16:00:22,999: Started XML-RPC server [http://copter131:55066/]
[rospy.impl.masterslave][INFO] 2012-12-31 16:00:23,000: _ready: http://copter131:55066/
[xmlrpc][INFO] 2012-12-31 16:00:23,001: xml rpc node: starting XML-RPC server
[rospy.registration][INFO] 2012-12-31 16:00:23,003: Registering with master node http://localhost:11311
[rospy.init][INFO] 2012-12-31 16:00:23,100: registered with master
[rospy.rosout][INFO] 2012-12-31 16:00:23,100: initializing /rosout core topic
[rospy.rosout][INFO] 2012-12-31 16:00:23,151: connected to core topic /rosout
[rospy.simtime][INFO] 2012-12-31 16:00:23,192: /use_sim_time is not set, will not subscribe to simulated time [/clock] topic
[rospy.internal][INFO] 2012-12-31 16:00:23,292: topic[/rosout] adding connection to [/rosout], count 0
[rospy.internal][INFO] 2012-12-31 16:00:23,508: topic[/safety/payload_waypoint] adding connection to [/safety], count 0
[rospy.internal][INFO] 2012-12-31 16:00:23,724: topic[/network/send_swarm_behavior_data] adding connection to [/network], count 0
[rospy.internal][INFO] 2019-03-05 09:34:11,846: topic[/autopilot/status] adding connection to [http://copter131:58472/], count 0
[rospy.internal][INFO] 2019-03-05 09:34:11,981: topic[/hit_tracker/hit_uavs] adding connection to [http://copter131:49094/], count 0
[rospy.internal][INFO] 2019-03-05 09:34:11,999: topic[/swarm_control/behavior_status] adding connection to [/swarm_control], count 0
[rospy.internal][INFO] 2019-03-05 09:34:12,097: topic[/autopilot/waypoint_goto] adding connection to [/autopilot], count 0
[rospy.internal][INFO] 2019-03-05 09:34:12,108: topic[/autopilot/waypoint_goto] adding connection to [/autopilot], count 1
[rospy.internal][INFO] 2019-03-05 09:34:12,108: topic[/autopilot/waypoint_goto] removing connection to /autopilot
[rospy.internal][INFO] 2019-03-05 09:34:12,122: topic[/air_to_air/firing_reports] adding connection to [/network], count 0
[rospy.internal][INFO] 2019-03-05 09:34:12,367: topic[/swarm_control/subswarm_id] adding connection to [http://copter131:55040/], count 0
[rospy.internal][INFO] 2019-03-05 09:34:12,377: topic[/autopilot/acs_pose] adding connection to [http://copter131:58472/], count 0
[rospy.internal][INFO] 2019-03-05 09:34:12,471: topic[/swarm_control/ap_intent] adding connection to [http://copter131:55040/], count 0
[rosout][INFO] 2019-03-05 09:50:23,418: wingman activate request False returned False
[rosout][INFO] 2019-03-05 09:57:33,420: wingman activate request False returned False
[rosout][INFO] 2019-03-05 09:57:33,549: wingman activate request False returned False
