[rospy.client][INFO] 2019-03-19 08:13:34,564: init_node, name[/greedy_shooter], pid[3020]
[xmlrpc][INFO] 2019-03-19 08:13:34,565: XML-RPC server binding to 0.0.0.0:0
[xmlrpc][INFO] 2019-03-19 08:13:34,566: Started XML-RPC server [http://copter131:50003/]
[rospy.init][INFO] 2019-03-19 08:13:34,566: ROS Slave URI: [http://copter131:50003/]
[rospy.impl.masterslave][INFO] 2019-03-19 08:13:34,567: _ready: http://copter131:50003/
[rospy.registration][INFO] 2019-03-19 08:13:34,568: Registering with master node http://localhost:11311
[xmlrpc][INFO] 2019-03-19 08:13:34,568: xml rpc node: starting XML-RPC server
[rospy.registration][INFO] 2019-03-19 08:13:34,568: Registering publisher topic [/safety/payload_waypoint] type [autopilot_bridge/LLA] with master
[rospy.registration][INFO] 2019-03-19 08:13:34,582: registering subscriber topic [/autopilot/status] type [autopilot_bridge/Status] with master
[rospy.init][INFO] 2019-03-19 08:13:34,667: registered with master
[rospy.rosout][INFO] 2019-03-19 08:13:34,668: initializing /rosout core topic
[rospy.internal][INFO] 2019-03-19 08:13:34,678: topic[/safety/payload_waypoint] adding connection to [/safety], count 0
[rospy.rosout][INFO] 2019-03-19 08:13:34,680: connected to core topic /rosout
[rospy.simtime][INFO] 2019-03-19 08:13:34,692: /use_sim_time is not set, will not subscribe to simulated time [/clock] topic
[rospy.internal][INFO] 2019-03-19 08:13:34,974: topic[/rosout] adding connection to [/rosout], count 0
[rospy.internal][INFO] 2019-03-19 08:13:35,312: topic[/autopilot/acs_pose] adding connection to [http://copter131:36775/], count 0
[rospy.internal][INFO] 2019-03-19 08:13:35,355: topic[/hit_tracker/hit_uavs] adding connection to [http://copter131:39396/], count 0
[rospy.internal][INFO] 2019-03-19 08:13:35,367: topic[/autopilot/status] adding connection to [http://copter131:36775/], count 0
[rospy.internal][INFO] 2019-03-19 08:13:35,495: topic[/autopilot/waypoint_goto] adding connection to [/autopilot], count 0
[rospy.internal][INFO] 2019-03-19 08:13:35,562: topic[/swarm_control/behavior_status] adding connection to [/swarm_control], count 0
[rospy.internal][INFO] 2019-03-19 08:13:35,810: topic[/network/send_swarm_behavior_data] adding connection to [/network], count 0
[rospy.internal][INFO] 2019-03-19 08:13:35,886: topic[/air_to_air/firing_reports] adding connection to [/network], count 0
[rospy.internal][INFO] 2019-03-19 08:13:35,929: topic[/swarm_control/subswarm_id] adding connection to [http://copter131:53282/], count 0
[rospy.internal][INFO] 2019-03-19 08:13:35,985: topic[/swarm_control/ap_intent] adding connection to [http://copter131:53282/], count 0
