[rospy.client][INFO] 2019-03-19 08:13:34,188: init_node, name[/patrol_box_shooter], pid[3113]
[xmlrpc][INFO] 2019-03-19 08:13:34,190: XML-RPC server binding to 0.0.0.0:0
[rospy.init][INFO] 2019-03-19 08:13:34,192: ROS Slave URI: [http://copter131:54498/]
[xmlrpc][INFO] 2019-03-19 08:13:34,192: Started XML-RPC server [http://copter131:54498/]
[rospy.impl.masterslave][INFO] 2019-03-19 08:13:34,193: _ready: http://copter131:54498/
[xmlrpc][INFO] 2019-03-19 08:13:34,193: xml rpc node: starting XML-RPC server
[rospy.registration][INFO] 2019-03-19 08:13:34,195: Registering with master node http://localhost:11311
[rospy.init][INFO] 2019-03-19 08:13:34,293: registered with master
[rospy.rosout][INFO] 2019-03-19 08:13:34,293: initializing /rosout core topic
[rospy.rosout][INFO] 2019-03-19 08:13:34,309: connected to core topic /rosout
[rospy.simtime][INFO] 2019-03-19 08:13:34,321: /use_sim_time is not set, will not subscribe to simulated time [/clock] topic
[rospy.internal][INFO] 2019-03-19 08:13:34,552: topic[/rosout] adding connection to [/rosout], count 0
[rospy.internal][INFO] 2019-03-19 08:13:34,609: topic[/safety/payload_waypoint] adding connection to [/safety], count 0
[rospy.internal][INFO] 2019-03-19 08:13:35,364: topic[/autopilot/status] adding connection to [http://copter131:36775/], count 0
[rospy.internal][INFO] 2019-03-19 08:13:35,546: topic[/swarm_control/behavior_status] adding connection to [/swarm_control], count 0
[rospy.internal][INFO] 2019-03-19 08:13:35,765: topic[/autopilot/acs_pose] adding connection to [http://copter131:36775/], count 0
[rospy.internal][INFO] 2019-03-19 08:13:35,794: topic[/network/send_swarm_behavior_data] adding connection to [/network], count 0
[rospy.internal][INFO] 2019-03-19 08:13:35,839: topic[/hit_tracker/hit_uavs] adding connection to [http://copter131:39396/], count 0
[rospy.internal][INFO] 2019-03-19 08:13:35,866: topic[/swarm_control/subswarm_id] adding connection to [http://copter131:53282/], count 0
[rospy.internal][INFO] 2019-03-19 08:13:36,008: topic[/swarm_control/ap_intent] adding connection to [http://copter131:53282/], count 0
[rospy.internal][INFO] 2019-03-19 08:13:36,018: topic[/air_to_air/firing_reports] adding connection to [/network], count 0
