[rospy.client][INFO] 2012-12-31 16:00:16,255: init_node, name[/safety], pid[2813]
[xmlrpc][INFO] 2012-12-31 16:00:16,274: XML-RPC server binding to 0.0.0.0:0
[xmlrpc][INFO] 2012-12-31 16:00:16,276: Started XML-RPC server [http://copter131:42340/]
[rospy.init][INFO] 2012-12-31 16:00:16,276: ROS Slave URI: [http://copter131:42340/]
[rospy.impl.masterslave][INFO] 2012-12-31 16:00:16,276: _ready: http://copter131:42340/
[xmlrpc][INFO] 2012-12-31 16:00:16,289: xml rpc node: starting XML-RPC server
[rospy.registration][INFO] 2012-12-31 16:00:16,305: Registering with master node http://localhost:11311
[rospy.init][INFO] 2012-12-31 16:00:16,377: registered with master
[rospy.rosout][INFO] 2012-12-31 16:00:16,377: initializing /rosout core topic
[rospy.rosout][INFO] 2012-12-31 16:00:16,398: connected to core topic /rosout
[rospy.simtime][INFO] 2012-12-31 16:00:16,423: /use_sim_time is not set, will not subscribe to simulated time [/clock] topic
[rospy.internal][INFO] 2012-12-31 16:00:16,690: topic[/rosout] adding connection to [/rosout], count 0
[rospy.internal][INFO] 2019-03-19 08:13:33,659: topic[/safety/payload_rate] adding connection to [http://copter131:34906/], count 0
[rospy.internal][INFO] 2019-03-19 08:13:33,813: topic[/safety/payload_waypoint] adding connection to [http://copter131:34906/], count 0
[rospy.internal][INFO] 2019-03-19 08:13:33,876: topic[/safety/payload_waypoint] adding connection to [http://copter131:49233/], count 1
[rospy.internal][INFO] 2019-03-19 08:13:34,397: topic[/safety/payload_waypoint] adding connection to [http://copter131:37863/], count 2
[rospy.internal][INFO] 2019-03-19 08:13:34,490: topic[/safety/payload_waypoint] adding connection to [http://copter131:51593/], count 3
[rospy.internal][INFO] 2019-03-19 08:13:34,607: topic[/safety/payload_waypoint] adding connection to [http://copter131:54498/], count 4
[rospy.internal][INFO] 2019-03-19 08:13:34,676: topic[/safety/payload_waypoint] adding connection to [http://copter131:50003/], count 5
[rospy.internal][INFO] 2019-03-19 08:13:34,782: topic[/safety/payload_waypoint] adding connection to [http://copter131:42612/], count 6
[rospy.internal][INFO] 2019-03-19 08:13:34,795: topic[/safety/payload_waypoint] adding connection to [http://copter131:52018/], count 7
[rospy.internal][INFO] 2019-03-19 08:13:34,805: topic[/autopilot/heartbeat_onboard] adding connection to [/autopilot], count 0
[rospy.internal][INFO] 2019-03-19 08:13:34,913: topic[/safety/payload_waypoint] adding connection to [http://copter131:36870/], count 8
[rospy.internal][INFO] 2019-03-19 08:13:35,007: topic[/autopilot/payload_waypoint] adding connection to [/autopilot], count 0
[rospy.internal][INFO] 2019-03-19 08:13:35,135: topic[/safety/payload_waypoint] adding connection to [http://copter131:53659/], count 9
[rospy.internal][INFO] 2019-03-19 08:13:35,302: topic[/autopilot/acs_pose] adding connection to [http://copter131:36775/], count 0
[rospy.internal][INFO] 2019-03-19 08:13:35,386: topic[/safety/payload_waypoint] adding connection to [http://copter131:60597/], count 10
[rospy.internal][INFO] 2019-03-19 08:13:35,405: topic[/safety/payload_waypoint] adding connection to [http://copter131:51959/], count 11
[rospy.internal][INFO] 2019-03-19 08:13:35,532: topic[/safety/payload_waypoint] adding connection to [http://copter131:54147/], count 12
[rospy.internal][INFO] 2019-03-19 08:13:36,044: topic[/autopilot/heartbeat_ground] adding connection to [http://copter131:59596/], count 0
[rosout][WARNING] 2019-03-19 08:13:36,358: establishing proxies for ROS /autopliot/ services
[rospy.internal][INFO] 2019-03-19 08:13:36,397: topic[/swarm_tracker/swarm_uav_states] adding connection to [http://copter131:48853/], count 0
