[rospy.client][INFO] 2012-12-31 16:00:17,113: init_node, name[/swarm_tracker], pid[2823]
[xmlrpc][INFO] 2012-12-31 16:00:17,115: XML-RPC server binding to 0.0.0.0:0
[rospy.init][INFO] 2012-12-31 16:00:17,117: ROS Slave URI: [http://copter131:48853/]
[xmlrpc][INFO] 2012-12-31 16:00:17,117: Started XML-RPC server [http://copter131:48853/]
[rospy.impl.masterslave][INFO] 2012-12-31 16:00:17,118: _ready: http://copter131:48853/
[xmlrpc][INFO] 2012-12-31 16:00:17,120: xml rpc node: starting XML-RPC server
[rospy.registration][INFO] 2012-12-31 16:00:17,121: Registering with master node http://localhost:11311
[rospy.init][INFO] 2012-12-31 16:00:17,218: registered with master
[rospy.rosout][INFO] 2012-12-31 16:00:17,218: initializing /rosout core topic
[rospy.rosout][INFO] 2012-12-31 16:00:17,353: connected to core topic /rosout
[rospy.simtime][INFO] 2012-12-31 16:00:17,398: /use_sim_time is not set, will not subscribe to simulated time [/clock] topic
[rospy.internal][INFO] 2012-12-31 16:00:17,660: topic[/rosout] adding connection to [/rosout], count 0
[rospy.internal][INFO] 2019-03-19 08:13:35,334: topic[/autopilot/acs_pose] adding connection to [http://copter131:36775/], count 0
[rospy.internal][INFO] 2019-03-19 08:13:35,380: topic[/autopilot/status] adding connection to [http://copter131:36775/], count 0
[rospy.internal][INFO] 2019-03-19 08:13:35,464: topic[/swarm_tracker/swarm_uav_states] adding connection to [/swarm_control], count 0
[rospy.internal][INFO] 2019-03-19 08:13:35,902: topic[/swarm_control/subswarm_id] adding connection to [http://copter131:53282/], count 0
[rospy.internal][INFO] 2019-03-19 08:13:35,946: topic[/swarm_control/swarm_behavior] adding connection to [http://copter131:53282/], count 0
[rospy.internal][INFO] 2019-03-19 08:13:35,951: topic[/swarm_control/swarm_state] adding connection to [http://copter131:53282/], count 0
[rospy.internal][INFO] 2019-03-19 08:13:36,399: topic[/swarm_tracker/swarm_uav_states] adding connection to [/safety], count 1
[rosout][WARNING] 2019-03-19 08:14:53,214: UAV 131 possible crash: no updates for 6.000000 secs
[rosout][INFO] 2019-03-19 08:15:03,570: Received update to own UAV 131
[rosout][WARNING] 2019-03-19 08:15:29,614: UAV 131 possible crash: no updates for 6.000000 secs
[rosout][INFO] 2019-03-19 08:15:38,356: Received update to own UAV 131
