[rospy.client][INFO] 2012-12-31 16:00:17,991: init_node, name[/swarm_control], pid[2884]
[xmlrpc][INFO] 2012-12-31 16:00:17,995: XML-RPC server binding to 0.0.0.0:0
[rospy.init][INFO] 2012-12-31 16:00:17,997: ROS Slave URI: [http://copter131:53282/]
[xmlrpc][INFO] 2012-12-31 16:00:17,997: Started XML-RPC server [http://copter131:53282/]
[rospy.impl.masterslave][INFO] 2012-12-31 16:00:17,997: _ready: http://copter131:53282/
[xmlrpc][INFO] 2012-12-31 16:00:18,000: xml rpc node: starting XML-RPC server
[rospy.registration][INFO] 2012-12-31 16:00:18,001: Registering with master node http://localhost:11311
[rospy.init][INFO] 2012-12-31 16:00:18,097: registered with master
[rospy.rosout][INFO] 2012-12-31 16:00:18,098: initializing /rosout core topic
[rospy.rosout][INFO] 2012-12-31 16:00:18,463: connected to core topic /rosout
[rospy.simtime][INFO] 2012-12-31 16:00:18,607: /use_sim_time is not set, will not subscribe to simulated time [/clock] topic
[rospy.internal][INFO] 2019-03-19 08:13:33,417: topic[/rosout] adding connection to [/rosout], count 0
[rosout][INFO] 2019-03-19 08:13:34,404: Behavior independent_transit successfully registered with ID 8
[rosout][INFO] 2019-03-19 08:13:34,467: Behavior simple_ground_attack successfully registered with ID 16
[rosout][INFO] 2019-03-19 08:13:34,634: Behavior pn_interceptor successfully registered with ID 5
[rosout][INFO] 2019-03-19 08:13:35,023: Behavior evader successfully registered with ID 15
[rosout][INFO] 2019-03-19 08:13:35,049: Behavior patrol_box successfully registered with ID 12
[rosout][INFO] 2019-03-19 08:13:35,255: Behavior swarm_landing_sequencer successfully registered with ID 98
[rospy.internal][INFO] 2019-03-19 08:13:35,452: topic[/swarm_tracker/swarm_uav_states] adding connection to [http://copter131:48853/], count 0
[rosout][INFO] 2019-03-19 08:13:35,482: Behavior greedy_shooter successfully registered with ID 4
[rospy.internal][INFO] 2019-03-19 08:13:35,521: topic[/swarm_control/behavior_status] adding connection to [http://copter131:49233/], count 0
[rospy.internal][INFO] 2019-03-19 08:13:35,528: topic[/swarm_control/behavior_status] adding connection to [http://copter131:34906/], count 0
[rospy.internal][INFO] 2019-03-19 08:13:35,534: topic[/swarm_control/behavior_status] adding connection to [http://copter131:54498/], count 1
[rospy.internal][INFO] 2019-03-19 08:13:35,535: topic[/swarm_control/behavior_status] adding connection to [http://copter131:37863/], count 1
[rospy.internal][INFO] 2019-03-19 08:13:35,542: topic[/swarm_control/behavior_status] adding connection to [http://copter131:42612/], count 4
[rospy.internal][INFO] 2019-03-19 08:13:35,548: topic[/swarm_control/behavior_status] adding connection to [http://copter131:52018/], count 5
[rospy.internal][INFO] 2019-03-19 08:13:35,555: topic[/swarm_control/behavior_status] adding connection to [http://copter131:50003/], count 6
[rospy.internal][INFO] 2019-03-19 08:13:35,564: topic[/swarm_control/behavior_status] adding connection to [http://copter131:51593/], count 7
[rospy.internal][INFO] 2019-03-19 08:13:35,565: topic[/swarm_control/behavior_status] adding connection to [http://copter131:36870/], count 7
[rospy.internal][INFO] 2019-03-19 08:13:35,572: topic[/swarm_control/behavior_status] adding connection to [http://copter131:53659/], count 9
[rosout][INFO] 2019-03-19 08:13:35,574: Behavior wingman successfully registered with ID 11
[rospy.internal][INFO] 2019-03-19 08:13:35,614: topic[/autopilot/status] adding connection to [http://copter131:36775/], count 0
[rospy.internal][INFO] 2019-03-19 08:13:35,616: topic[/swarm_control/behavior_status] adding connection to [http://copter131:51959/], count 10
[rosout][INFO] 2019-03-19 08:13:35,624: Behavior smart_shooter successfully registered with ID 9
[rosout][INFO] 2019-03-19 08:13:35,687: Behavior linear_formation successfully registered with ID 1
[rospy.internal][INFO] 2019-03-19 08:13:35,726: topic[/swarm_control/behavior_status] adding connection to [http://copter131:54147/], count 11
[rospy.internal][INFO] 2019-03-19 08:13:35,826: topic[/swarm_control/subswarm_id] adding connection to [/simple_ground_attack], count 0
[rospy.internal][INFO] 2019-03-19 08:13:35,849: topic[/swarm_control/subswarm_id] adding connection to [/pn_interceptor], count 1
[rospy.internal][INFO] 2019-03-19 08:13:35,859: topic[/swarm_control/subswarm_id] adding connection to [/independent_transit], count 2
[rosout][INFO] 2019-03-19 08:13:35,856: Subswarm updated to 0
[rosout][INFO] 2019-03-19 08:13:35,869: Swarm state updated to Preflight
[rospy.internal][INFO] 2019-03-19 08:13:35,874: topic[/swarm_control/subswarm_id] adding connection to [/swarm_landing_sequencer], count 3
[rosout][INFO] 2019-03-19 08:13:35,871: Active swarm behavior updated to standby
[rospy.internal][INFO] 2019-03-19 08:13:35,886: topic[/swarm_control/subswarm_id] adding connection to [/patrol_box_shooter], count 4
[rospy.internal][INFO] 2019-03-19 08:13:35,889: topic[/swarm_control/subswarm_id] adding connection to [/evader], count 5
[rospy.internal][INFO] 2019-03-19 08:13:35,897: topic[/swarm_control/subswarm_id] adding connection to [/network], count 6
[rospy.internal][INFO] 2019-03-19 08:13:35,914: topic[/swarm_control/subswarm_id] adding connection to [/swarm_tracker], count 7
[rospy.internal][INFO] 2019-03-19 08:13:35,918: topic[/swarm_control/subswarm_id] adding connection to [/patrol_box], count 8
[rospy.internal][INFO] 2019-03-19 08:13:35,927: topic[/swarm_control/behavior_status] adding connection to [http://copter131:60597/], count 12
[rospy.internal][INFO] 2019-03-19 08:13:35,933: topic[/swarm_control/subswarm_id] adding connection to [/wingman], count 9
[rosout][INFO] 2019-03-19 08:13:35,939: Behavior patrol_box_shooter successfully registered with ID 13
[rospy.internal][INFO] 2019-03-19 08:13:35,942: topic[/swarm_control/subswarm_id] adding connection to [/constrained_shooter], count 10
[rospy.internal][INFO] 2019-03-19 08:13:35,960: topic[/swarm_control/subswarm_id] adding connection to [/tactic_interface], count 11
[rospy.internal][INFO] 2019-03-19 08:13:35,965: topic[/swarm_control/subswarm_id] adding connection to [/greedy_shooter], count 12
[rospy.internal][INFO] 2019-03-19 08:13:35,974: topic[/swarm_control/subswarm_id] adding connection to [/smart_shooter], count 13
[rospy.internal][INFO] 2019-03-19 08:13:35,980: topic[/swarm_control/swarm_behavior] adding connection to [/swarm_tracker], count 0
[rospy.internal][INFO] 2019-03-19 08:13:35,986: topic[/swarm_control/swarm_state] adding connection to [/network], count 0
[rosout][INFO] 2019-03-19 08:13:36,001: Behavior tactic_interface successfully registered with ID 14
[rospy.internal][INFO] 2019-03-19 08:13:36,008: topic[/swarm_control/swarm_state] adding connection to [/swarm_tracker], count 1
[rospy.internal][INFO] 2019-03-19 08:13:36,015: topic[/swarm_control/subswarm_id] adding connection to [/linear_formation], count 14
[rospy.internal][INFO] 2019-03-19 08:13:36,016: topic[/swarm_control/ap_intent] adding connection to [/wingman], count 0
[rospy.internal][INFO] 2019-03-19 08:13:36,023: topic[/swarm_control/ap_intent] adding connection to [/pn_interceptor], count 1
[rospy.internal][INFO] 2019-03-19 08:13:36,026: topic[/swarm_control/ap_intent] adding connection to [/constrained_shooter], count 2
[rospy.internal][INFO] 2019-03-19 08:13:36,029: topic[/swarm_control/ap_intent] adding connection to [/smart_shooter], count 3
[rospy.internal][INFO] 2019-03-19 08:13:36,032: topic[/swarm_control/ap_intent] adding connection to [/linear_formation], count 4
[rospy.internal][INFO] 2019-03-19 08:13:36,033: topic[/autopilot/waypoint_goto] adding connection to [/autopilot], count 0
[rospy.internal][INFO] 2019-03-19 08:13:36,036: topic[/autopilot/mode_num] adding connection to [/autopilot], count 0
[rospy.internal][INFO] 2019-03-19 08:13:36,065: topic[/swarm_control/behavior_summary] adding connection to [/network], count 0
[rospy.internal][INFO] 2019-03-19 08:13:36,187: topic[/swarm_control/ap_intent] adding connection to [/independent_transit], count 5
[rospy.internal][INFO] 2019-03-19 08:13:36,247: topic[/swarm_control/ap_intent] adding connection to [/tactic_interface], count 6
[rospy.internal][INFO] 2019-03-19 08:13:36,248: topic[/swarm_control/swarm_behavior] adding connection to [/network], count 1
[rospy.internal][INFO] 2019-03-19 08:13:36,249: topic[/swarm_control/ap_intent] adding connection to [/simple_ground_attack], count 7
[rospy.internal][INFO] 2019-03-19 08:13:36,963: topic[/swarm_control/ap_intent] adding connection to [/patrol_box], count 8
[rospy.internal][INFO] 2019-03-19 08:13:36,973: topic[/swarm_control/ap_intent] adding connection to [/evader], count 9
[rospy.internal][INFO] 2019-03-19 08:13:36,988: topic[/swarm_control/ap_intent] adding connection to [/greedy_shooter], count 10
[rospy.internal][INFO] 2019-03-19 08:13:36,999: topic[/swarm_control/ap_intent] adding connection to [/swarm_landing_sequencer], count 11
[rosout][INFO] 2019-03-19 08:13:37,002: Behavior constrained_shooter successfully registered with ID 10
[rospy.internal][INFO] 2019-03-19 08:13:37,008: topic[/swarm_control/ap_intent] adding connection to [/patrol_box_shooter], count 12
[rosout][INFO] 2019-03-19 08:14:44,687: Swarm state updated to Flight Ready
