[rospy.client][INFO] 2012-12-31 16:00:19,109: init_node, name[/constrained_shooter], pid[3050]
[xmlrpc][INFO] 2012-12-31 16:00:19,130: XML-RPC server binding to 0.0.0.0:0
[xmlrpc][INFO] 2012-12-31 16:00:19,131: Started XML-RPC server [http://copter131:58264/]
[rospy.init][INFO] 2012-12-31 16:00:19,131: ROS Slave URI: [http://copter131:58264/]
[rospy.impl.masterslave][INFO] 2012-12-31 16:00:19,132: _ready: http://copter131:58264/
[xmlrpc][INFO] 2012-12-31 16:00:19,140: xml rpc node: starting XML-RPC server
[rospy.registration][INFO] 2012-12-31 16:00:19,143: Registering with master node http://localhost:11311
[rospy.init][INFO] 2012-12-31 16:00:19,233: registered with master
[rospy.rosout][INFO] 2012-12-31 16:00:19,234: initializing /rosout core topic
[rospy.rosout][INFO] 2012-12-31 16:00:19,324: connected to core topic /rosout
[rospy.simtime][INFO] 2012-12-31 16:00:19,387: /use_sim_time is not set, will not subscribe to simulated time [/clock] topic
[rospy.internal][INFO] 2012-12-31 16:00:19,493: topic[/rosout] adding connection to [/rosout], count 0
[rospy.internal][INFO] 2012-12-31 16:00:20,624: topic[/safety/payload_waypoint] adding connection to [/safety], count 0
[rospy.internal][INFO] 2012-12-31 16:00:20,714: topic[/network/send_swarm_behavior_data] adding connection to [/network], count 0
[rospy.internal][INFO] 2019-03-28 06:26:00,837: topic[/swarm_control/behavior_status] adding connection to [/swarm_control], count 0
[rospy.internal][INFO] 2019-03-28 06:26:00,888: topic[/autopilot/acs_pose] adding connection to [http://copter131:56050/], count 0
[rospy.internal][INFO] 2019-03-28 06:26:00,958: topic[/hit_tracker/hit_uavs] adding connection to [http://copter131:54398/], count 0
[rospy.internal][INFO] 2019-03-28 06:26:01,087: topic[/air_to_air/firing_reports] adding connection to [/network], count 0
[rospy.internal][INFO] 2019-03-28 06:26:01,090: topic[/air_to_air/firing_reports] adding connection to [/network], count 1
[rospy.internal][INFO] 2019-03-28 06:26:01,091: topic[/air_to_air/firing_reports] removing connection to /network
[rospy.internal][INFO] 2019-03-28 06:26:01,227: topic[/autopilot/status] adding connection to [http://copter131:56050/], count 0
[rosout][WARNING] 2019-03-28 06:26:02,096: Inbound TCP/IP connection failed: connection from sender terminated before handshake header received. 0 bytes were received. Please check sender for additional details.
[rospy.internal][ERROR] 2019-03-28 06:26:02,101: Inbound TCP/IP connection failed:
Traceback (most recent call last):
  File "/opt/ros/indigo/lib/python2.7/dist-packages/rospy/impl/tcpros_base.py", line 321, in _tcp_server_callback
    header = read_ros_handshake_header(sock, StringIO(), buff_size)
  File "/opt/ros/indigo/lib/python2.7/dist-packages/rosgraph/network.py", line 362, in read_ros_handshake_header
    raise ROSHandshakeException("connection from sender terminated before handshake header received. %s bytes were received. Please check sender for additional details."%b.tell())
ROSHandshakeException: connection from sender terminated before handshake header received. 0 bytes were received. Please check sender for additional details.

[rospy.internal][INFO] 2019-03-28 06:26:02,122: topic[/swarm_control/subswarm_id] adding connection to [http://copter131:39929/], count 0
[rospy.internal][INFO] 2019-03-28 06:26:02,223: topic[/swarm_control/ap_intent] adding connection to [http://copter131:39929/], count 0
