[rospy.client][INFO] 2012-12-31 16:00:19,511: init_node, name[/patrol_box_shooter], pid[3121]
[xmlrpc][INFO] 2012-12-31 16:00:19,516: XML-RPC server binding to 0.0.0.0:0
[rospy.init][INFO] 2012-12-31 16:00:19,518: ROS Slave URI: [http://copter131:43402/]
[xmlrpc][INFO] 2012-12-31 16:00:19,519: Started XML-RPC server [http://copter131:43402/]
[rospy.impl.masterslave][INFO] 2012-12-31 16:00:19,519: _ready: http://copter131:43402/
[xmlrpc][INFO] 2012-12-31 16:00:19,520: xml rpc node: starting XML-RPC server
[rospy.registration][INFO] 2012-12-31 16:00:19,521: Registering with master node http://localhost:11311
[rospy.init][INFO] 2012-12-31 16:00:19,619: registered with master
[rospy.rosout][INFO] 2012-12-31 16:00:19,620: initializing /rosout core topic
[rospy.rosout][INFO] 2012-12-31 16:00:19,633: connected to core topic /rosout
[rospy.simtime][INFO] 2012-12-31 16:00:19,653: /use_sim_time is not set, will not subscribe to simulated time [/clock] topic
[rospy.internal][INFO] 2012-12-31 16:00:19,860: topic[/rosout] adding connection to [/rosout], count 0
[rospy.internal][INFO] 2012-12-31 16:00:20,846: topic[/safety/payload_waypoint] adding connection to [/safety], count 0
[rospy.internal][INFO] 2012-12-31 16:00:20,950: topic[/network/send_swarm_behavior_data] adding connection to [/network], count 0
[rospy.internal][INFO] 2019-03-28 06:26:00,758: topic[/autopilot/acs_pose] adding connection to [http://copter131:56050/], count 0
[rospy.internal][INFO] 2019-03-28 06:26:00,824: topic[/hit_tracker/hit_uavs] adding connection to [http://copter131:54398/], count 0
[rospy.internal][INFO] 2019-03-28 06:26:00,842: topic[/swarm_control/behavior_status] adding connection to [/swarm_control], count 0
[rospy.internal][INFO] 2019-03-28 06:26:00,947: topic[/air_to_air/firing_reports] adding connection to [/network], count 0
[rospy.internal][INFO] 2019-03-28 06:26:01,246: topic[/autopilot/status] adding connection to [http://copter131:56050/], count 0
[rospy.internal][INFO] 2019-03-28 06:26:02,137: topic[/swarm_control/subswarm_id] adding connection to [http://copter131:39929/], count 0
[rospy.internal][INFO] 2019-03-28 06:26:02,243: topic[/swarm_control/ap_intent] adding connection to [http://copter131:39929/], count 0
