[rospy.client][INFO] 2012-12-31 16:00:15,902: init_node, name[/safety], pid[2803]
[xmlrpc][INFO] 2012-12-31 16:00:15,904: XML-RPC server binding to 0.0.0.0:0
[rospy.init][INFO] 2012-12-31 16:00:15,906: ROS Slave URI: [http://copter131:52374/]
[xmlrpc][INFO] 2012-12-31 16:00:15,906: Started XML-RPC server [http://copter131:52374/]
[rospy.impl.masterslave][INFO] 2012-12-31 16:00:15,907: _ready: http://copter131:52374/
[xmlrpc][INFO] 2012-12-31 16:00:15,907: xml rpc node: starting XML-RPC server
[rospy.registration][INFO] 2012-12-31 16:00:15,909: Registering with master node http://localhost:11311
[rospy.init][INFO] 2012-12-31 16:00:16,007: registered with master
[rospy.rosout][INFO] 2012-12-31 16:00:16,007: initializing /rosout core topic
[rospy.rosout][INFO] 2012-12-31 16:00:16,033: connected to core topic /rosout
[rospy.simtime][INFO] 2012-12-31 16:00:16,044: /use_sim_time is not set, will not subscribe to simulated time [/clock] topic
[rospy.internal][INFO] 2012-12-31 16:00:16,417: topic[/rosout] adding connection to [/rosout], count 0
[rospy.internal][INFO] 2012-12-31 16:00:19,035: topic[/safety/payload_waypoint] adding connection to [http://copter131:49840/], count 0
[rospy.internal][INFO] 2012-12-31 16:00:19,149: topic[/safety/payload_rate] adding connection to [http://copter131:49840/], count 0
[rospy.internal][INFO] 2012-12-31 16:00:19,506: topic[/safety/payload_waypoint] adding connection to [http://copter131:32953/], count 1
[rospy.internal][INFO] 2012-12-31 16:00:19,578: topic[/safety/payload_waypoint] adding connection to [http://copter131:48446/], count 2
[rospy.internal][INFO] 2012-12-31 16:00:19,814: topic[/safety/payload_waypoint] adding connection to [http://copter131:50544/], count 3
[rospy.internal][INFO] 2012-12-31 16:00:19,814: topic[/safety/payload_waypoint] adding connection to [http://copter131:58389/], count 4
[rospy.internal][INFO] 2012-12-31 16:00:19,881: topic[/safety/payload_waypoint] adding connection to [http://copter131:57345/], count 5
[rospy.internal][INFO] 2012-12-31 16:00:20,098: topic[/safety/payload_waypoint] adding connection to [http://copter131:38527/], count 6
[rospy.internal][INFO] 2012-12-31 16:00:20,431: topic[/safety/payload_waypoint] adding connection to [http://copter131:44888/], count 7
[rospy.internal][INFO] 2012-12-31 16:00:20,432: topic[/safety/payload_waypoint] adding connection to [http://copter131:44148/], count 7
[rospy.internal][INFO] 2012-12-31 16:00:20,498: topic[/safety/payload_waypoint] adding connection to [http://copter131:59647/], count 9
[rospy.internal][INFO] 2012-12-31 16:00:20,619: topic[/safety/payload_waypoint] adding connection to [http://copter131:58264/], count 10
[rospy.internal][INFO] 2012-12-31 16:00:20,843: topic[/safety/payload_waypoint] adding connection to [http://copter131:43402/], count 11
[rospy.internal][INFO] 2012-12-31 16:00:20,964: topic[/safety/payload_waypoint] adding connection to [http://copter131:35945/], count 12
[rospy.internal][INFO] 2019-03-28 06:26:00,403: topic[/autopilot/heartbeat_onboard] adding connection to [/autopilot], count 0
[rospy.internal][INFO] 2019-03-28 06:26:00,472: topic[/autopilot/payload_waypoint] adding connection to [/autopilot], count 0
[rospy.internal][INFO] 2019-03-28 06:26:00,680: topic[/autopilot/acs_pose] adding connection to [http://copter131:56050/], count 0
[rosout][WARNING] 2019-03-28 06:26:01,034: establishing proxies for ROS /autopliot/ services
[rospy.internal][INFO] 2019-03-28 06:26:01,152: topic[/swarm_tracker/swarm_uav_states] adding connection to [http://copter131:40372/], count 0
