[rospy.client][INFO] 2012-12-31 16:00:18,894: init_node, name[/smart_shooter], pid[3031]
[xmlrpc][INFO] 2012-12-31 16:00:18,910: XML-RPC server binding to 0.0.0.0:0
[xmlrpc][INFO] 2012-12-31 16:00:18,911: Started XML-RPC server [http://copter131:44148/]
[rospy.impl.masterslave][INFO] 2012-12-31 16:00:18,911: _ready: http://copter131:44148/
[rospy.init][INFO] 2012-12-31 16:00:18,911: ROS Slave URI: [http://copter131:44148/]
[rospy.registration][INFO] 2012-12-31 16:00:18,921: Registering with master node http://localhost:11311
[xmlrpc][INFO] 2012-12-31 16:00:18,921: xml rpc node: starting XML-RPC server
[rospy.init][INFO] 2012-12-31 16:00:19,012: registered with master
[rospy.rosout][INFO] 2012-12-31 16:00:19,012: initializing /rosout core topic
[rospy.rosout][INFO] 2012-12-31 16:00:19,118: connected to core topic /rosout
[rospy.simtime][INFO] 2012-12-31 16:00:19,155: /use_sim_time is not set, will not subscribe to simulated time [/clock] topic
[rospy.internal][INFO] 2012-12-31 16:00:19,360: topic[/rosout] adding connection to [/rosout], count 0
[rospy.internal][INFO] 2012-12-31 16:00:20,435: topic[/safety/payload_waypoint] adding connection to [/safety], count 0
[rospy.internal][INFO] 2012-12-31 16:00:20,706: topic[/network/send_swarm_behavior_data] adding connection to [/network], count 0
[rospy.internal][INFO] 2019-03-28 06:26:00,827: topic[/swarm_control/behavior_status] adding connection to [/swarm_control], count 0
[rospy.internal][INFO] 2019-03-28 06:26:00,976: topic[/autopilot/acs_pose] adding connection to [http://copter131:56050/], count 0
[rospy.internal][INFO] 2019-03-28 06:26:01,050: topic[/hit_tracker/hit_uavs] adding connection to [http://copter131:54398/], count 0
[rospy.internal][INFO] 2019-03-28 06:26:01,097: topic[/air_to_air/firing_reports] adding connection to [/network], count 0
[rospy.internal][INFO] 2019-03-28 06:26:01,215: topic[/autopilot/status] adding connection to [http://copter131:56050/], count 0
[rospy.internal][INFO] 2019-03-28 06:26:02,103: topic[/swarm_control/subswarm_id] adding connection to [http://copter131:39929/], count 0
[rospy.internal][INFO] 2019-03-28 06:26:02,216: topic[/swarm_control/ap_intent] adding connection to [http://copter131:39929/], count 0
