[rospy.client][INFO] 2012-12-31 16:00:18,437: init_node, name[/swarm_landing_sequencer], pid[3005]
[xmlrpc][INFO] 2012-12-31 16:00:18,445: XML-RPC server binding to 0.0.0.0:0
[xmlrpc][INFO] 2012-12-31 16:00:18,446: Started XML-RPC server [http://copter131:38527/]
[rospy.init][INFO] 2012-12-31 16:00:18,446: ROS Slave URI: [http://copter131:38527/]
[rospy.impl.masterslave][INFO] 2012-12-31 16:00:18,454: _ready: http://copter131:38527/
[xmlrpc][INFO] 2012-12-31 16:00:18,457: xml rpc node: starting XML-RPC server
[rospy.registration][INFO] 2012-12-31 16:00:18,458: Registering with master node http://localhost:11311
[rospy.init][INFO] 2012-12-31 16:00:18,554: registered with master
[rospy.rosout][INFO] 2012-12-31 16:00:18,555: initializing /rosout core topic
[rospy.rosout][INFO] 2012-12-31 16:00:18,605: connected to core topic /rosout
[rospy.simtime][INFO] 2012-12-31 16:00:18,703: /use_sim_time is not set, will not subscribe to simulated time [/clock] topic
[rospy.internal][INFO] 2012-12-31 16:00:18,950: topic[/rosout] adding connection to [/rosout], count 0
[rospy.internal][INFO] 2012-12-31 16:00:20,100: topic[/safety/payload_waypoint] adding connection to [/safety], count 0
[rospy.internal][INFO] 2012-12-31 16:00:20,705: topic[/network/send_swarm_behavior_data] adding connection to [/network], count 0
[rospy.internal][INFO] 2019-03-28 06:26:00,813: topic[/swarm_control/behavior_status] adding connection to [/swarm_control], count 0
[rospy.internal][INFO] 2019-03-28 06:26:01,054: topic[/autopilot/waypoint_goto] adding connection to [/autopilot], count 0
[rospy.internal][INFO] 2019-03-28 06:26:01,192: topic[/autopilot/status] adding connection to [http://copter131:56050/], count 0
[rosout][WARNING] 2019-03-28 06:26:02,068: Inbound TCP/IP connection failed: connection from sender terminated before handshake header received. 0 bytes were received. Please check sender for additional details.
[rospy.internal][ERROR] 2019-03-28 06:26:02,077: Inbound TCP/IP connection failed:
Traceback (most recent call last):
  File "/opt/ros/indigo/lib/python2.7/dist-packages/rospy/impl/tcpros_base.py", line 321, in _tcp_server_callback
    header = read_ros_handshake_header(sock, StringIO(), buff_size)
  File "/opt/ros/indigo/lib/python2.7/dist-packages/rosgraph/network.py", line 362, in read_ros_handshake_header
    raise ROSHandshakeException("connection from sender terminated before handshake header received. %s bytes were received. Please check sender for additional details."%b.tell())
ROSHandshakeException: connection from sender terminated before handshake header received. 0 bytes were received. Please check sender for additional details.

[rospy.internal][INFO] 2019-03-28 06:26:02,080: topic[/autopilot/waypoint_goto] adding connection to [/autopilot], count 1
[rospy.internal][INFO] 2019-03-28 06:26:02,082: topic[/autopilot/waypoint_goto] removing connection to /autopilot
[rospy.internal][INFO] 2019-03-28 06:26:02,132: topic[/swarm_control/subswarm_id] adding connection to [http://copter131:39929/], count 0
[rospy.internal][INFO] 2019-03-28 06:26:02,234: topic[/swarm_control/ap_intent] adding connection to [http://copter131:39929/], count 0
