[rospy.client][INFO] 2012-12-31 16:00:17,226: init_node, name[/swarm_tracker], pid[2810]
[xmlrpc][INFO] 2012-12-31 16:00:17,240: XML-RPC server binding to 0.0.0.0:0
[xmlrpc][INFO] 2012-12-31 16:00:17,243: Started XML-RPC server [http://copter131:40372/]
[rospy.init][INFO] 2012-12-31 16:00:17,243: ROS Slave URI: [http://copter131:40372/]
[rospy.impl.masterslave][INFO] 2012-12-31 16:00:17,245: _ready: http://copter131:40372/
[xmlrpc][INFO] 2012-12-31 16:00:17,275: xml rpc node: starting XML-RPC server
[rospy.registration][INFO] 2012-12-31 16:00:17,275: Registering with master node http://localhost:11311
[rospy.init][INFO] 2012-12-31 16:00:17,346: registered with master
[rospy.rosout][INFO] 2012-12-31 16:00:17,347: initializing /rosout core topic
[rospy.rosout][INFO] 2012-12-31 16:00:17,465: connected to core topic /rosout
[rospy.simtime][INFO] 2012-12-31 16:00:17,571: /use_sim_time is not set, will not subscribe to simulated time [/clock] topic
[rospy.internal][INFO] 2012-12-31 16:00:17,740: topic[/rosout] adding connection to [/rosout], count 0
[rospy.internal][INFO] 2019-03-28 06:26:00,705: topic[/autopilot/acs_pose] adding connection to [http://copter131:56050/], count 0
[rospy.internal][INFO] 2019-03-28 06:26:00,716: topic[/swarm_tracker/swarm_uav_states] adding connection to [/swarm_control], count 0
[rospy.internal][INFO] 2019-03-28 06:26:01,155: topic[/swarm_tracker/swarm_uav_states] adding connection to [/safety], count 1
[rospy.internal][INFO] 2019-03-28 06:26:01,181: topic[/autopilot/status] adding connection to [http://copter131:56050/], count 0
[rospy.internal][INFO] 2019-03-28 06:26:02,109: topic[/swarm_control/subswarm_id] adding connection to [http://copter131:39929/], count 0
[rospy.internal][INFO] 2019-03-28 06:26:02,147: topic[/swarm_control/swarm_state] adding connection to [http://copter131:39929/], count 0
[rospy.internal][INFO] 2019-03-28 06:26:02,155: topic[/swarm_control/swarm_behavior] adding connection to [http://copter131:39929/], count 0
[rosout][WARNING] 2019-03-28 06:31:47,570: UAV 131 possible crash: no updates for 6.000000 secs
[rosout][INFO] 2019-03-28 06:31:57,919: Received update to own UAV 131
[rosout][WARNING] 2019-03-28 06:34:31,170: UAV 131 possible crash: no updates for 6.000000 secs
[rosout][INFO] 2019-03-28 06:34:40,937: Received update to own UAV 131
