[rospy.client][INFO] 2012-12-31 16:00:19,505: init_node, name[/tactic_interface], pid[2972]
[xmlrpc][INFO] 2012-12-31 16:00:19,510: XML-RPC server binding to 0.0.0.0:0
[xmlrpc][INFO] 2012-12-31 16:00:19,511: Started XML-RPC server [http://copter131:48446/]
[rospy.impl.masterslave][INFO] 2012-12-31 16:00:19,512: _ready: http://copter131:48446/
[rospy.init][INFO] 2012-12-31 16:00:19,512: ROS Slave URI: [http://copter131:48446/]
[rospy.registration][INFO] 2012-12-31 16:00:19,513: Registering with master node http://localhost:11311
[rospy.registration][INFO] 2012-12-31 16:00:19,514: Registering publisher topic [/safety/payload_waypoint] type [autopilot_bridge/LLA] with master
[xmlrpc][INFO] 2012-12-31 16:00:19,515: xml rpc node: starting XML-RPC server
[rospy.registration][INFO] 2012-12-31 16:00:19,529: registering subscriber topic [/autopilot/status] type [autopilot_bridge/Status] with master
[rospy.init][INFO] 2012-12-31 16:00:19,613: registered with master
[rospy.rosout][INFO] 2012-12-31 16:00:19,614: initializing /rosout core topic
[rospy.internal][INFO] 2012-12-31 16:00:20,051: topic[/safety/payload_waypoint] adding connection to [/safety], count 0
[rospy.rosout][INFO] 2012-12-31 16:00:20,197: connected to core topic /rosout
[rospy.simtime][INFO] 2012-12-31 16:00:20,201: /use_sim_time is not set, will not subscribe to simulated time [/clock] topic
[rospy.internal][INFO] 2012-12-31 16:00:20,586: topic[/rosout] adding connection to [/rosout], count 0
[rospy.internal][INFO] 2012-12-31 16:00:20,711: topic[/network/send_swarm_behavior_data] adding connection to [/network], count 0
[rospy.internal][INFO] 2019-03-28 06:26:00,817: topic[/swarm_control/behavior_status] adding connection to [/swarm_control], count 0
[rospy.internal][INFO] 2019-03-28 06:26:00,866: topic[/autopilot/acs_pose] adding connection to [http://copter131:56050/], count 0
[rospy.internal][INFO] 2019-03-28 06:26:00,940: topic[/hit_tracker/hit_uavs] adding connection to [http://copter131:54398/], count 0
[rospy.internal][INFO] 2019-03-28 06:26:01,049: topic[/autopilot/waypoint_goto] adding connection to [/autopilot], count 0
[rospy.internal][INFO] 2019-03-28 06:26:01,077: topic[/air_to_air/firing_reports] adding connection to [/network], count 0
[rospy.internal][INFO] 2019-03-28 06:26:01,080: topic[/network/swarm_sub_behavior] adding connection to [/network], count 0
[rospy.internal][INFO] 2019-03-28 06:26:01,171: topic[/autopilot/status] adding connection to [http://copter131:56050/], count 0
[rospy.internal][INFO] 2019-03-28 06:26:02,089: topic[/swarm_control/subswarm_id] adding connection to [http://copter131:39929/], count 0
[rospy.internal][INFO] 2019-03-28 06:26:02,211: topic[/swarm_control/ap_intent] adding connection to [http://copter131:39929/], count 0
