[rospy.client][INFO] 2012-12-31 16:00:16,923: init_node, name[/task_runner], pid[2836]
[xmlrpc][INFO] 2012-12-31 16:00:16,925: XML-RPC server binding to 0.0.0.0:0
[rospy.init][INFO] 2012-12-31 16:00:16,927: ROS Slave URI: [http://copter131:42407/]
[xmlrpc][INFO] 2012-12-31 16:00:16,927: Started XML-RPC server [http://copter131:42407/]
[rospy.impl.masterslave][INFO] 2012-12-31 16:00:16,928: _ready: http://copter131:42407/
[xmlrpc][INFO] 2012-12-31 16:00:16,951: xml rpc node: starting XML-RPC server
[rospy.registration][INFO] 2012-12-31 16:00:16,952: Registering with master node http://localhost:11311
[rospy.init][INFO] 2012-12-31 16:00:17,028: registered with master
[rospy.rosout][INFO] 2012-12-31 16:00:17,028: initializing /rosout core topic
[rospy.rosout][INFO] 2012-12-31 16:00:17,159: connected to core topic /rosout
[rospy.simtime][INFO] 2012-12-31 16:00:17,246: /use_sim_time is not set, will not subscribe to simulated time [/clock] topic
[rospy.internal][INFO] 2012-12-31 16:00:17,365: topic[/rosout] adding connection to [/rosout], count 0
[rosout][INFO] 2012-12-31 16:00:19,711: Task Runner: Starting Event 'on_start'
[rosout][INFO] 2012-12-31 16:00:19,790: Task Runner: Event 'on_start' Task 'Tx Power' Time 0.1s: Succeeded
[rosout][INFO] 2012-12-31 16:00:19,791: Task Runner: Completed Event 'on_start'
[rospy.internal][INFO] 2019-03-28 06:26:01,145: topic[/autopilot/status] adding connection to [http://copter131:56050/], count 0
[rosout][INFO] 2019-03-28 06:26:01,519: Task Runner: Starting Event 'on_status'
[rosout][INFO] 2019-03-28 06:26:01,748: Task Runner: Event 'on_status' Task 'AP Set ID' Time 0.2s: Succeeded
[rosout][INFO] 2019-03-28 06:26:01,749: Task Runner: Completed Event 'on_status'
[rosout][INFO] 2019-03-28 06:31:39,896: Task Runner: Starting Event 'on_ready'
[rosout][INFO] 2019-03-28 06:31:39,898: Task Runner: Completed Event 'on_ready'
