[rospy.client][INFO] 2012-12-31 16:00:19,112: init_node, name[/wingman], pid[3075]
[xmlrpc][INFO] 2012-12-31 16:00:19,129: XML-RPC server binding to 0.0.0.0:0
[xmlrpc][INFO] 2012-12-31 16:00:19,136: Started XML-RPC server [http://copter131:44888/]
[rospy.init][INFO] 2012-12-31 16:00:19,137: ROS Slave URI: [http://copter131:44888/]
[rospy.impl.masterslave][INFO] 2012-12-31 16:00:19,137: _ready: http://copter131:44888/
[xmlrpc][INFO] 2012-12-31 16:00:19,139: xml rpc node: starting XML-RPC server
[rospy.registration][INFO] 2012-12-31 16:00:19,141: Registering with master node http://localhost:11311
[rospy.init][INFO] 2012-12-31 16:00:19,238: registered with master
[rospy.rosout][INFO] 2012-12-31 16:00:19,239: initializing /rosout core topic
[rospy.rosout][INFO] 2012-12-31 16:00:20,243: connected to core topic /rosout
[rospy.simtime][INFO] 2012-12-31 16:00:20,248: /use_sim_time is not set, will not subscribe to simulated time [/clock] topic
[rospy.internal][INFO] 2012-12-31 16:00:20,435: topic[/safety/payload_waypoint] adding connection to [/safety], count 0
[rospy.internal][INFO] 2012-12-31 16:00:20,585: topic[/rosout] adding connection to [/rosout], count 0
[rospy.internal][INFO] 2012-12-31 16:00:20,717: topic[/network/send_swarm_behavior_data] adding connection to [/network], count 0
[rospy.internal][INFO] 2019-03-28 06:26:00,719: topic[/autopilot/acs_pose] adding connection to [http://copter131:56050/], count 0
[rospy.internal][INFO] 2019-03-28 06:26:00,782: topic[/hit_tracker/hit_uavs] adding connection to [http://copter131:54398/], count 0
[rospy.internal][INFO] 2019-03-28 06:26:00,834: topic[/swarm_control/behavior_status] adding connection to [/swarm_control], count 0
[rospy.internal][INFO] 2019-03-28 06:26:00,924: topic[/autopilot/waypoint_goto] adding connection to [/autopilot], count 0
[rospy.internal][INFO] 2019-03-28 06:26:00,938: topic[/air_to_air/firing_reports] adding connection to [/network], count 0
[rospy.internal][INFO] 2019-03-28 06:26:01,213: topic[/autopilot/status] adding connection to [http://copter131:56050/], count 0
[rospy.internal][INFO] 2019-03-28 06:26:02,078: topic[/swarm_control/subswarm_id] adding connection to [http://copter131:39929/], count 0
[rospy.internal][INFO] 2019-03-28 06:26:02,198: topic[/swarm_control/ap_intent] adding connection to [http://copter131:39929/], count 0
