[rospy.client][INFO] 2012-12-31 16:00:16,770: init_node, name[/autopilot], pid[2830]
[xmlrpc][INFO] 2012-12-31 16:00:16,772: XML-RPC server binding to 0.0.0.0:0
[rospy.init][INFO] 2012-12-31 16:00:16,774: ROS Slave URI: [http://copter131:56724/]
[xmlrpc][INFO] 2012-12-31 16:00:16,774: Started XML-RPC server [http://copter131:56724/]
[rospy.impl.masterslave][INFO] 2012-12-31 16:00:16,774: _ready: http://copter131:56724/
[xmlrpc][INFO] 2012-12-31 16:00:16,775: xml rpc node: starting XML-RPC server
[rospy.registration][INFO] 2012-12-31 16:00:16,776: Registering with master node http://localhost:11311
[rospy.init][INFO] 2012-12-31 16:00:16,874: registered with master
[rospy.rosout][INFO] 2012-12-31 16:00:16,875: initializing /rosout core topic
[rospy.rosout][INFO] 2012-12-31 16:00:16,940: connected to core topic /rosout
[rospy.simtime][INFO] 2012-12-31 16:00:17,037: /use_sim_time is not set, will not subscribe to simulated time [/clock] topic
[rospy.internal][INFO] 2012-12-31 16:00:17,090: topic[/rosout] adding connection to [/rosout], count 0
[rosout][INFO] 2012-12-31 16:00:17,266: MAVLinkBridge: Connecting to /dev/ttyACM99 ...
[rosout][INFO] 2012-12-31 16:00:17,288: MAVLinkBridge: Waiting for autopilot heartbeat ...
[rosout][INFO] 2012-12-31 16:00:18,087: MAVLinkBridge: Waiting for usable SYSTEM_TIME ...
[rosout][INFO] 2019-02-27 10:58:06,201: Successfully synced local clock.
[rosout][INFO] 2019-02-27 10:58:06,203: MAVLinkBridge initialized.
[rospy.internal][INFO] 2019-02-27 10:58:07,583: topic[/autopilot/waypoint_goto] adding connection to [http://copter131:51754/], count 0
[rospy.internal][INFO] 2019-02-27 10:58:07,697: topic[/autopilot/heartbeat_onboard] adding connection to [http://copter131:33710/], count 0
[rospy.internal][INFO] 2019-02-27 10:58:07,872: topic[/autopilot/payload_waypoint] adding connection to [http://copter131:33710/], count 0
[rospy.internal][INFO] 2019-02-27 10:58:08,185: topic[/autopilot/status] adding connection to [/network], count 0
[rospy.internal][INFO] 2019-02-27 10:58:08,203: topic[/autopilot/status] adding connection to [/task_runner], count 1
[rospy.internal][INFO] 2019-02-27 10:58:08,207: topic[/autopilot/status] adding connection to [/evader], count 2
[rospy.internal][INFO] 2019-02-27 10:58:08,208: topic[/autopilot/status] adding connection to [/linear_formation], count 3
[rospy.internal][INFO] 2019-02-27 10:58:08,210: topic[/autopilot/status] adding connection to [/swarm_landing_sequencer], count 4
[rospy.internal][INFO] 2019-02-27 10:58:08,221: topic[/autopilot/status] adding connection to [/smart_shooter], count 5
[rospy.internal][INFO] 2019-02-27 10:58:08,226: topic[/autopilot/status] adding connection to [/simple_ground_attack], count 6
[rospy.internal][INFO] 2019-02-27 10:58:08,227: topic[/autopilot/waypoint_goto] adding connection to [http://copter131:49324/], count 1
[rospy.internal][INFO] 2019-02-27 10:58:08,230: topic[/autopilot/status] adding connection to [/patrol_box], count 7
[rospy.internal][INFO] 2019-02-27 10:58:08,232: topic[/autopilot/status] adding connection to [/constrained_shooter], count 8
[rospy.internal][INFO] 2019-02-27 10:58:08,252: topic[/autopilot/status] adding connection to [/greedy_shooter], count 9
[rospy.internal][INFO] 2019-02-27 10:58:08,343: topic[/autopilot/waypoint_goto] adding connection to [http://copter131:47447/], count 2
[rospy.internal][INFO] 2019-02-27 10:58:08,391: topic[/autopilot/status] adding connection to [/wingman], count 10
[rospy.internal][INFO] 2019-02-27 10:58:08,403: topic[/autopilot/status] adding connection to [/pn_interceptor], count 11
[rospy.internal][INFO] 2019-02-27 10:58:08,444: topic[/autopilot/status] adding connection to [/tactic_interface], count 12
[rospy.internal][INFO] 2019-02-27 10:58:08,458: topic[/autopilot/waypoint_goto] adding connection to [http://copter131:41098/], count 3
[rospy.internal][INFO] 2019-02-27 10:58:08,491: topic[/autopilot/status] adding connection to [/swarm_control], count 13
[rosout][INFO] 2019-02-27 10:58:08,550: ROS srv recvd: fpr_param_set
[rospy.internal][INFO] 2019-02-27 10:58:08,664: topic[/autopilot/acs_pose] adding connection to [/safety], count 0
[rospy.internal][INFO] 2019-02-27 10:58:08,681: topic[/autopilot/acs_pose] adding connection to [/constrained_shooter], count 1
[rospy.internal][INFO] 2019-02-27 10:58:08,694: topic[/autopilot/acs_pose] adding connection to [/red_tracker], count 2
[rospy.internal][INFO] 2019-02-27 10:58:08,697: topic[/autopilot/acs_pose] adding connection to [/evader], count 3
[rospy.internal][INFO] 2019-02-27 10:58:08,709: topic[/autopilot/acs_pose] adding connection to [/greedy_shooter], count 4
[rospy.internal][INFO] 2019-02-27 10:58:08,715: topic[/autopilot/acs_pose] adding connection to [/smart_shooter], count 5
[rospy.internal][INFO] 2019-02-27 10:58:08,717: topic[/autopilot/acs_pose] adding connection to [/patrol_box], count 6
[rospy.internal][INFO] 2019-02-27 10:58:08,719: topic[/autopilot/acs_pose] adding connection to [/tactic_interface], count 7
[rospy.internal][INFO] 2019-02-27 10:58:08,739: topic[/autopilot/acs_pose] adding connection to [/network], count 8
[rospy.internal][INFO] 2019-02-27 10:58:08,819: topic[/autopilot/acs_pose] adding connection to [/wingman], count 9
[rospy.internal][INFO] 2019-02-27 10:58:08,855: topic[/autopilot/mode_num] adding connection to [http://copter131:37615/], count 0
[rospy.internal][INFO] 2019-02-27 10:58:08,859: topic[/autopilot/waypoint_goto] adding connection to [http://copter131:37615/], count 4
[rospy.internal][INFO] 2019-02-27 10:58:08,961: topic[/autopilot/waypoint_goto] adding connection to [http://copter131:40271/], count 5
[rospy.internal][INFO] 2019-02-27 10:58:09,022: topic[/autopilot/status] adding connection to [/independent_transit], count 14
[rospy.internal][INFO] 2019-02-27 10:58:09,221: topic[/autopilot/acs_pose] adding connection to [/swarm_tracker], count 10
[rospy.internal][INFO] 2019-02-27 10:58:09,324: topic[/autopilot/status] adding connection to [/swarm_tracker], count 15
[rospy.internal][INFO] 2019-02-27 10:58:09,398: topic[/autopilot/status] adding connection to [/patrol_box_shooter], count 16
[rospy.internal][INFO] 2019-02-27 10:58:09,489: topic[/autopilot/waypoint_goto] adding connection to [http://copter131:45515/], count 6
[rospy.internal][INFO] 2019-02-27 10:58:09,557: topic[/autopilot/acs_pose] adding connection to [/patrol_box_shooter], count 11
[rosout][INFO] 2019-02-27 10:58:34,947: MAVLink STATUSTEXT: EKF2 IMU1 is using GPS
[rosout][INFO] 2019-02-27 10:58:34,953: MAVLink STATUSTEXT: EKF2 IMU0 is using GPS
[rospy.internal][INFO] 2019-02-27 11:00:22,663: topic[/autopilot/heartbeat_ground] adding connection to [http://copter131:48251/], count 0
[rospy.internal][INFO] 2019-02-27 11:00:58,453: topic[/autopilot/arm] adding connection to [http://copter131:48251/], count 0
[rosout][INFO] 2019-02-27 11:00:58,457: ROS sub recvd: arm
[rosout][INFO] 2019-02-27 11:01:15,127: ROS sub recvd: arm
[rosout][INFO] 2019-02-27 11:06:10,419: ROS sub recvd: arm
[rosout][INFO] 2019-02-27 11:06:13,885: ROS sub recvd: arm
[rosout][INFO] 2019-02-27 11:07:29,119: ROS sub recvd: arm
[rosout][INFO] 2019-02-27 11:07:32,938: ROS sub recvd: arm
[rosout][INFO] 2019-02-27 11:07:36,908: ROS sub recvd: arm
[rosout][INFO] 2019-02-27 11:07:41,086: ROS srv recvd: slave_setup
[rosout][INFO] 2019-02-27 11:07:43,649: MAVLink STATUSTEXT: APM:Copter V3.5-dev (f3195c7e)
[rosout][INFO] 2019-02-27 11:07:43,651: MAVLink STATUSTEXT: PX4: 3df5644c NuttX: be6ff61a
[rosout][INFO] 2019-02-27 11:07:43,652: MAVLink STATUSTEXT: Frame: QUAD
[rosout][INFO] 2019-02-27 11:07:43,653: MAVLink STATUSTEXT: PX4v2 003E0023 31355103 33333832
[rosout][INFO] 2019-02-27 11:07:47,201: ROS srv recvd: fpr_param_setlist
[rosout][INFO] 2019-02-27 11:07:47,228: MAVLink STATUSTEXT: APM:Copter V3.5-dev (f3195c7e)
[rosout][INFO] 2019-02-27 11:07:47,231: MAVLink STATUSTEXT: PX4: 3df5644c NuttX: be6ff61a
[rosout][INFO] 2019-02-27 11:07:47,234: MAVLink STATUSTEXT: Frame: QUAD
[rosout][INFO] 2019-02-27 11:07:47,237: MAVLink STATUSTEXT: PX4v2 003E0023 31355103 33333832
[rospy.internal][INFO] 2019-02-27 11:07:49,246: topic[/autopilot/mode_num] adding connection to [http://copter131:48251/], count 1
[rosout][INFO] 2019-02-27 11:07:49,250: Mode settings are for copter.
[rosout][INFO] 2019-02-27 11:07:49,251: Sent mode STABILIZE (0) to autopilot 
[rosout][INFO] 2019-02-27 11:07:49,252: ROS sub recvd: mode_num
[rosout][INFO] 2019-02-27 11:07:50,916: Mode settings are for copter.
[rosout][INFO] 2019-02-27 11:07:50,916: Sent mode GUIDED (4) to autopilot 
[rosout][INFO] 2019-02-27 11:07:50,917: ROS sub recvd: mode_num
[rosout][WARNING] 2019-02-27 11:07:51,212: PARAM ALT_HOLD_RTL doesn't exist
[rosout][INFO] 2019-02-27 11:07:51,231: ROS srv recvd: load_rally
[rosout][INFO] 2019-02-27 11:07:51,245: ROS srv recvd: fpr_rally_setall
[rosout][INFO] 2019-02-27 11:07:51,432: Mode settings are for copter.
[rosout][INFO] 2019-02-27 11:07:51,433: Sent mode GUIDED (4) to autopilot 
[rosout][INFO] 2019-02-27 11:07:51,435: ROS sub recvd: mode_num
[rosout][INFO] 2019-02-27 11:07:51,872: ROS srv recvd: load_wp
[rosout][INFO] 2019-02-27 11:07:51,886: ROS srv recvd: wp_setall
[rospy.internal][INFO] 2019-02-27 11:07:51,966: topic[/autopilot/copter_takeoff] adding connection to [http://copter131:48251/], count 0
[rosout][INFO] 2019-02-27 11:07:51,970: ROS sub recvd: copter_takeoff
[rosout][INFO] 2019-02-27 11:07:52,823: MAVLink STATUSTEXT: Flight plan received
[rospy.internal][INFO] 2019-02-27 11:07:52,970: topic[/autopilot/waypoint_goto] adding connection to [http://copter131:48251/], count 7
[rosout][INFO] 2019-02-27 11:07:52,974: ROS sub recvd: waypoint_goto
[rosout][INFO] 2019-02-27 11:07:53,196: ROS srv recvd: wp_getrange
[rosout][INFO] 2019-02-27 11:07:56,900: Mode settings are for copter.
[rosout][INFO] 2019-02-27 11:07:56,903: Sent mode AUTO (3) to autopilot 
[rosout][INFO] 2019-02-27 11:07:56,906: ROS sub recvd: mode_num
[rosout][INFO] 2019-02-27 11:08:07,126: ROS sub recvd: waypoint_goto
[rosout][INFO] 2019-02-27 11:08:07,227: ROS srv recvd: wp_getrange
[rosout][INFO] 2019-02-27 11:08:34,067: ROS srv recvd: wp_getlast
[rosout][INFO] 2019-02-27 11:08:35,291: ROS srv recvd: wp_getlast
[rosout][INFO] 2019-02-27 11:08:35,550: ROS sub recvd: waypoint_goto
[rosout][INFO] 2019-02-27 11:08:36,228: ROS srv recvd: wp_getrange
[rospy.internal][INFO] 2019-02-27 11:08:37,265: topic[/autopilot/gps] adding connection to [/radeyeNode_9474_1551294516978], count 0
[rospy.internal][INFO] 2019-02-27 11:08:37,271: topic[/autopilot/gps_odom] adding connection to [/radeyeNode_9474_1551294516978], count 0
[rosout][INFO] 2019-02-27 11:10:05,837: ROS sub recvd: waypoint_goto
[rosout][INFO] 2019-02-27 11:10:06,249: ROS srv recvd: wp_getrange
[rosout][INFO] 2019-02-27 11:10:14,468: ROS srv recvd: wp_getlast
[rosout][INFO] 2019-02-27 11:10:14,706: ROS sub recvd: waypoint_goto
[rosout][INFO] 2019-02-27 11:10:15,208: ROS srv recvd: wp_getrange
[rospy.internal][INFO] 2019-02-27 11:10:16,361: topic[/autopilot/gps_odom] adding connection to [/radeyeNode_15781_1551294616079], count 1
[rospy.internal][INFO] 2019-02-27 11:10:16,379: topic[/autopilot/gps] adding connection to [/radeyeNode_15781_1551294616079], count 1
[rospy.internal][INFO] 2019-02-27 11:10:18,081: topic[/autopilot/gps_odom] removing connection to /radeyeNode_15781_1551294616079
[rospy.internal][INFO] 2019-02-27 11:10:18,094: topic[/autopilot/gps] removing connection to /radeyeNode_15781_1551294616079
[rospy.internal][INFO] 2019-02-27 11:11:07,264: topic[/autopilot/gps_odom] removing connection to /radeyeNode_9474_1551294516978
[rospy.internal][INFO] 2019-02-27 11:11:07,423: topic[/autopilot/gps] removing connection to /radeyeNode_9474_1551294516978
[rosout][WARNING] 2019-02-27 11:11:07,822: Inbound TCP/IP connection failed: connection from sender terminated before handshake header received. 0 bytes were received. Please check sender for additional details.
[rospy.internal][ERROR] 2019-02-27 11:11:07,832: Inbound TCP/IP connection failed:
Traceback (most recent call last):
  File "/opt/ros/indigo/lib/python2.7/dist-packages/rospy/impl/tcpros_base.py", line 321, in _tcp_server_callback
    header = read_ros_handshake_header(sock, StringIO(), buff_size)
  File "/opt/ros/indigo/lib/python2.7/dist-packages/rosgraph/network.py", line 362, in read_ros_handshake_header
    raise ROSHandshakeException("connection from sender terminated before handshake header received. %s bytes were received. Please check sender for additional details."%b.tell())
ROSHandshakeException: connection from sender terminated before handshake header received. 0 bytes were received. Please check sender for additional details.

[rosout][INFO] 2019-02-27 11:27:21,255: ROS sub recvd: waypoint_goto
[rosout][INFO] 2019-02-27 11:27:21,313: ROS srv recvd: wp_getrange
[rosout][INFO] 2019-02-27 11:27:28,896: ROS srv recvd: wp_getlast
[rosout][INFO] 2019-02-27 11:27:29,168: ROS sub recvd: waypoint_goto
[rosout][INFO] 2019-02-27 11:27:29,310: ROS srv recvd: wp_getrange
[rospy.internal][INFO] 2019-02-27 11:27:30,800: topic[/autopilot/gps_odom] adding connection to [/radeyeNode_15663_1551295650522], count 2
[rospy.internal][INFO] 2019-02-27 11:27:30,804: topic[/autopilot/gps] adding connection to [/radeyeNode_15663_1551295650522], count 2
[rospy.internal][INFO] 2019-02-27 11:27:32,327: topic[/autopilot/gps] adding connection to [/radeyeNode_15663_1551295650522], count 3
[rospy.internal][INFO] 2019-02-27 11:27:32,329: topic[/autopilot/gps] removing connection to /radeyeNode_15663_1551295650522
[rospy.internal][INFO] 2019-02-27 11:27:32,416: topic[/autopilot/gps_odom] removing connection to /radeyeNode_15663_1551295650522
[rospy.internal][INFO] 2019-02-27 11:27:32,558: topic[/autopilot/gps] removing connection to /radeyeNode_15663_1551295650522
[rosout][INFO] 2019-02-27 11:28:17,488: MAVLink STATUSTEXT: EKF2 IMU0 ground mag anomaly, yaw re-aligned
[rosout][INFO] 2019-02-27 11:28:17,669: MAVLink STATUSTEXT: EKF2 IMU1 ground mag anomaly, yaw re-aligned
[rosout][INFO] 2019-02-27 11:29:52,863: MAVLink STATUSTEXT: Crash: Disarming
[rosout][INFO] 2019-02-27 11:29:53,328: ROS srv recvd: wp_getrange
[rosout][INFO] 2019-02-27 11:30:04,724: ROS sub recvd: waypoint_goto
[rosout][INFO] 2019-02-27 11:30:05,303: ROS srv recvd: wp_getrange
[rosout][INFO] 2019-02-27 11:30:12,195: ROS sub recvd: arm
[rosout][INFO] 2019-02-27 11:30:12,244: MAVLink STATUSTEXT: Arm: Mode not armable
[rosout][INFO] 2019-02-27 11:30:13,462: ROS sub recvd: arm
[rosout][INFO] 2019-02-27 11:30:13,483: MAVLink STATUSTEXT: Arm: Mode not armable
[rosout][INFO] 2019-02-27 11:30:18,284: ROS sub recvd: arm
[rosout][INFO] 2019-02-27 11:30:18,323: MAVLink STATUSTEXT: Arm: Mode not armable
