[rospy.client][INFO] 2012-12-31 16:00:17,423: init_node, name[/independent_transit], pid[2898]
[xmlrpc][INFO] 2012-12-31 16:00:17,425: XML-RPC server binding to 0.0.0.0:0
[rospy.init][INFO] 2012-12-31 16:00:17,427: ROS Slave URI: [http://copter131:33908/]
[xmlrpc][INFO] 2012-12-31 16:00:17,427: Started XML-RPC server [http://copter131:33908/]
[rospy.impl.masterslave][INFO] 2012-12-31 16:00:17,428: _ready: http://copter131:33908/
[xmlrpc][INFO] 2012-12-31 16:00:17,444: xml rpc node: starting XML-RPC server
[rospy.registration][INFO] 2012-12-31 16:00:17,447: Registering with master node http://localhost:11311
[rospy.init][INFO] 2012-12-31 16:00:17,528: registered with master
[rospy.rosout][INFO] 2012-12-31 16:00:17,528: initializing /rosout core topic
[rospy.rosout][INFO] 2012-12-31 16:00:17,696: connected to core topic /rosout
[rospy.simtime][INFO] 2012-12-31 16:00:17,823: /use_sim_time is not set, will not subscribe to simulated time [/clock] topic
[rospy.internal][INFO] 2012-12-31 16:00:17,978: topic[/rosout] adding connection to [/rosout], count 0
[rospy.internal][INFO] 2019-02-27 10:58:09,012: topic[/autopilot/status] adding connection to [http://copter131:56724/], count 0
[rospy.internal][INFO] 2019-02-27 10:58:09,021: topic[/swarm_control/subswarm_id] adding connection to [http://copter131:37615/], count 0
[rospy.internal][INFO] 2019-02-27 10:58:09,033: topic[/safety/payload_waypoint] adding connection to [/safety], count 0
[rospy.internal][INFO] 2019-02-27 10:58:09,057: topic[/swarm_control/ap_intent] adding connection to [http://copter131:37615/], count 0
[rospy.internal][INFO] 2019-02-27 10:58:09,128: topic[/network/send_swarm_behavior_data] adding connection to [/network], count 0
[rospy.internal][INFO] 2019-02-27 10:58:09,160: topic[/swarm_control/behavior_status] adding connection to [/swarm_control], count 0
[rosout][INFO] 2019-02-27 11:08:07,058: independent_transit activate request False returned False
[rosout][INFO] 2019-02-27 11:08:35,440: independent_transit activate request False returned False
[rosout][INFO] 2019-02-27 11:10:05,749: independent_transit activate request False returned False
[rosout][INFO] 2019-02-27 11:10:14,620: independent_transit activate request False returned False
[rosout][INFO] 2019-02-27 11:27:21,181: independent_transit activate request False returned False
[rosout][INFO] 2019-02-27 11:27:29,046: independent_transit activate request False returned False
[rosout][INFO] 2019-02-27 11:30:04,613: independent_transit activate request False returned False
