[rospy.client][INFO] 2012-12-31 16:00:17,557: init_node, name[/patrol_box], pid[2919]
[xmlrpc][INFO] 2012-12-31 16:00:17,559: XML-RPC server binding to 0.0.0.0:0
[rospy.init][INFO] 2012-12-31 16:00:17,561: ROS Slave URI: [http://copter131:52438/]
[xmlrpc][INFO] 2012-12-31 16:00:17,561: Started XML-RPC server [http://copter131:52438/]
[rospy.impl.masterslave][INFO] 2012-12-31 16:00:17,561: _ready: http://copter131:52438/
[xmlrpc][INFO] 2012-12-31 16:00:17,580: xml rpc node: starting XML-RPC server
[rospy.registration][INFO] 2012-12-31 16:00:17,581: Registering with master node http://localhost:11311
[rospy.init][INFO] 2012-12-31 16:00:17,661: registered with master
[rospy.rosout][INFO] 2012-12-31 16:00:17,662: initializing /rosout core topic
[rospy.rosout][INFO] 2012-12-31 16:00:17,793: connected to core topic /rosout
[rospy.simtime][INFO] 2012-12-31 16:00:17,902: /use_sim_time is not set, will not subscribe to simulated time [/clock] topic
[rospy.internal][INFO] 2012-12-31 16:00:18,079: topic[/rosout] adding connection to [/rosout], count 0
[rospy.internal][INFO] 2019-02-27 10:58:07,531: topic[/network/send_swarm_behavior_data] adding connection to [/network], count 0
[rospy.internal][INFO] 2019-02-27 10:58:08,215: topic[/autopilot/status] adding connection to [http://copter131:56724/], count 0
[rospy.internal][INFO] 2019-02-27 10:58:08,314: topic[/safety/payload_waypoint] adding connection to [/safety], count 0
[rospy.internal][INFO] 2019-02-27 10:58:08,427: topic[/swarm_control/behavior_status] adding connection to [/swarm_control], count 0
[rospy.internal][INFO] 2019-02-27 10:58:08,712: topic[/autopilot/acs_pose] adding connection to [http://copter131:56724/], count 0
[rospy.internal][INFO] 2019-02-27 10:58:08,715: topic[/swarm_control/subswarm_id] adding connection to [http://copter131:37615/], count 0
[rospy.internal][INFO] 2019-02-27 10:58:08,805: topic[/swarm_control/ap_intent] adding connection to [http://copter131:37615/], count 0
[rosout][INFO] 2019-02-27 11:08:07,083: patrol_box activate request False returned False
[rosout][INFO] 2019-02-27 11:08:35,492: patrol_box activate request False returned False
[rosout][INFO] 2019-02-27 11:10:05,773: patrol_box activate request False returned False
[rosout][INFO] 2019-02-27 11:10:14,664: patrol_box activate request False returned False
[rosout][INFO] 2019-02-27 11:27:21,205: patrol_box activate request False returned False
[rosout][INFO] 2019-02-27 11:27:29,092: patrol_box activate request False returned False
[rosout][INFO] 2019-02-27 11:30:04,637: patrol_box activate request False returned False
