[rospy.client][INFO] 2019-02-27 10:58:07,054: init_node, name[/pn_interceptor], pid[3106]
[xmlrpc][INFO] 2019-02-27 10:58:07,057: XML-RPC server binding to 0.0.0.0:0
[rospy.init][INFO] 2019-02-27 10:58:07,059: ROS Slave URI: [http://copter131:34184/]
[xmlrpc][INFO] 2019-02-27 10:58:07,059: Started XML-RPC server [http://copter131:34184/]
[rospy.impl.masterslave][INFO] 2019-02-27 10:58:07,059: _ready: http://copter131:34184/
[xmlrpc][INFO] 2019-02-27 10:58:07,062: xml rpc node: starting XML-RPC server
[rospy.registration][INFO] 2019-02-27 10:58:07,063: Registering with master node http://localhost:11311
[rospy.init][INFO] 2019-02-27 10:58:07,160: registered with master
[rospy.rosout][INFO] 2019-02-27 10:58:07,160: initializing /rosout core topic
[rospy.rosout][INFO] 2019-02-27 10:58:07,178: connected to core topic /rosout
[rospy.simtime][INFO] 2019-02-27 10:58:07,192: /use_sim_time is not set, will not subscribe to simulated time [/clock] topic
[rospy.internal][INFO] 2019-02-27 10:58:07,420: topic[/rosout] adding connection to [/rosout], count 0
[rospy.internal][INFO] 2019-02-27 10:58:08,386: topic[/autopilot/status] adding connection to [http://copter131:56724/], count 0
[rospy.internal][INFO] 2019-02-27 10:58:08,449: topic[/safety/payload_waypoint] adding connection to [/safety], count 0
[rospy.internal][INFO] 2019-02-27 10:58:08,790: topic[/swarm_control/subswarm_id] adding connection to [http://copter131:37615/], count 0
[rospy.internal][INFO] 2019-02-27 10:58:08,793: topic[/swarm_control/behavior_status] adding connection to [/swarm_control], count 0
[rospy.internal][INFO] 2019-02-27 10:58:08,807: topic[/network/send_swarm_behavior_data] adding connection to [/network], count 0
[rospy.internal][INFO] 2019-02-27 10:58:08,849: topic[/swarm_control/ap_intent] adding connection to [http://copter131:37615/], count 0
[rosout][INFO] 2019-02-27 11:08:07,049: pn_interceptor activate request False returned False
[rosout][INFO] 2019-02-27 11:08:35,431: pn_interceptor activate request False returned False
[rosout][INFO] 2019-02-27 11:10:05,743: pn_interceptor activate request False returned False
[rosout][INFO] 2019-02-27 11:10:14,610: pn_interceptor activate request False returned False
[rosout][INFO] 2019-02-27 11:27:21,175: pn_interceptor activate request False returned False
[rosout][INFO] 2019-02-27 11:27:29,037: pn_interceptor activate request False returned False
[rosout][INFO] 2019-02-27 11:30:04,607: pn_interceptor activate request False returned False
