[rospy.client][INFO] 2019-02-27 10:58:06,684: init_node, name[/smart_shooter], pid[3035]
[xmlrpc][INFO] 2019-02-27 10:58:06,686: XML-RPC server binding to 0.0.0.0:0
[rospy.init][INFO] 2019-02-27 10:58:06,689: ROS Slave URI: [http://copter131:46587/]
[xmlrpc][INFO] 2019-02-27 10:58:06,689: Started XML-RPC server [http://copter131:46587/]
[rospy.impl.masterslave][INFO] 2019-02-27 10:58:06,689: _ready: http://copter131:46587/
[xmlrpc][INFO] 2019-02-27 10:58:06,690: xml rpc node: starting XML-RPC server
[rospy.registration][INFO] 2019-02-27 10:58:06,692: Registering with master node http://localhost:11311
[rospy.init][INFO] 2019-02-27 10:58:06,789: registered with master
[rospy.rosout][INFO] 2019-02-27 10:58:06,790: initializing /rosout core topic
[rospy.rosout][INFO] 2019-02-27 10:58:07,287: connected to core topic /rosout
[rospy.simtime][INFO] 2019-02-27 10:58:07,317: /use_sim_time is not set, will not subscribe to simulated time [/clock] topic
[rospy.internal][INFO] 2019-02-27 10:58:07,428: topic[/rosout] adding connection to [/rosout], count 0
[rospy.internal][INFO] 2019-02-27 10:58:07,759: topic[/network/send_swarm_behavior_data] adding connection to [/network], count 0
[rospy.internal][INFO] 2019-02-27 10:58:08,189: topic[/autopilot/status] adding connection to [http://copter131:56724/], count 0
[rospy.internal][INFO] 2019-02-27 10:58:08,317: topic[/safety/payload_waypoint] adding connection to [/safety], count 0
[rospy.internal][INFO] 2019-02-27 10:58:08,431: topic[/swarm_control/behavior_status] adding connection to [/swarm_control], count 0
[rospy.internal][INFO] 2019-02-27 10:58:08,565: topic[/air_to_air/firing_reports] adding connection to [/network], count 0
[rospy.internal][INFO] 2019-02-27 10:58:08,692: topic[/autopilot/acs_pose] adding connection to [http://copter131:56724/], count 0
[rospy.internal][INFO] 2019-02-27 10:58:08,756: topic[/swarm_control/subswarm_id] adding connection to [http://copter131:37615/], count 0
[rospy.internal][INFO] 2019-02-27 10:58:08,835: topic[/hit_tracker/hit_uavs] adding connection to [http://copter131:37021/], count 0
[rospy.internal][INFO] 2019-02-27 10:58:08,978: topic[/swarm_control/ap_intent] adding connection to [http://copter131:37615/], count 0
[rosout][INFO] 2019-02-27 11:08:07,065: smart_shooter activate request False returned False
[rosout][INFO] 2019-02-27 11:08:35,459: smart_shooter activate request False returned False
[rosout][INFO] 2019-02-27 11:10:05,754: smart_shooter activate request False returned False
[rosout][INFO] 2019-02-27 11:10:14,633: smart_shooter activate request False returned False
[rosout][INFO] 2019-02-27 11:27:21,187: smart_shooter activate request False returned False
[rosout][INFO] 2019-02-27 11:27:29,054: smart_shooter activate request False returned False
[rosout][INFO] 2019-02-27 11:30:04,618: smart_shooter activate request False returned False
