[rospy.client][INFO] 2012-12-31 16:00:18,125: init_node, name[/swarm_landing_sequencer], pid[2987]
[xmlrpc][INFO] 2012-12-31 16:00:18,126: XML-RPC server binding to 0.0.0.0:0
[rospy.init][INFO] 2012-12-31 16:00:18,128: ROS Slave URI: [http://copter131:49324/]
[xmlrpc][INFO] 2012-12-31 16:00:18,128: Started XML-RPC server [http://copter131:49324/]
[rospy.impl.masterslave][INFO] 2012-12-31 16:00:18,129: _ready: http://copter131:49324/
[xmlrpc][INFO] 2012-12-31 16:00:18,135: xml rpc node: starting XML-RPC server
[rospy.registration][INFO] 2012-12-31 16:00:18,143: Registering with master node http://localhost:11311
[rospy.init][INFO] 2012-12-31 16:00:18,229: registered with master
[rospy.rosout][INFO] 2012-12-31 16:00:18,230: initializing /rosout core topic
[rospy.rosout][INFO] 2019-02-27 10:58:06,249: connected to core topic /rosout
[rospy.simtime][INFO] 2019-02-27 10:58:06,343: /use_sim_time is not set, will not subscribe to simulated time [/clock] topic
[rospy.internal][INFO] 2019-02-27 10:58:06,521: topic[/rosout] adding connection to [/rosout], count 0
[rospy.internal][INFO] 2019-02-27 10:58:07,531: topic[/network/send_swarm_behavior_data] adding connection to [/network], count 0
[rospy.internal][INFO] 2019-02-27 10:58:08,186: topic[/autopilot/status] adding connection to [http://copter131:56724/], count 0
[rospy.internal][INFO] 2019-02-27 10:58:08,229: topic[/autopilot/waypoint_goto] adding connection to [/autopilot], count 0
[rospy.internal][INFO] 2019-02-27 10:58:08,313: topic[/safety/payload_waypoint] adding connection to [/safety], count 0
[rospy.internal][INFO] 2019-02-27 10:58:08,432: topic[/swarm_control/behavior_status] adding connection to [/swarm_control], count 0
[rospy.internal][INFO] 2019-02-27 10:58:08,720: topic[/swarm_control/subswarm_id] adding connection to [http://copter131:37615/], count 0
[rospy.internal][INFO] 2019-02-27 10:58:08,821: topic[/swarm_control/ap_intent] adding connection to [http://copter131:37615/], count 0
[rosout][INFO] 2019-02-27 11:08:07,038: swarm_landing_sequencer activate request False returned False
[rosout][INFO] 2019-02-27 11:08:35,414: swarm_landing_sequencer activate request False returned False
[rosout][INFO] 2019-02-27 11:10:05,730: swarm_landing_sequencer activate request False returned False
[rosout][INFO] 2019-02-27 11:10:14,592: swarm_landing_sequencer activate request False returned False
[rosout][INFO] 2019-02-27 11:27:21,164: swarm_landing_sequencer activate request False returned False
[rosout][INFO] 2019-02-27 11:27:29,018: swarm_landing_sequencer activate request False returned False
[rosout][INFO] 2019-02-27 11:30:04,595: swarm_landing_sequencer activate request False returned False
