[rospy.client][INFO] 2012-12-31 16:00:16,802: init_node, name[/swarm_tracker], pid[2834]
[xmlrpc][INFO] 2012-12-31 16:00:16,803: XML-RPC server binding to 0.0.0.0:0
[rospy.init][INFO] 2012-12-31 16:00:16,806: ROS Slave URI: [http://copter131:50831/]
[xmlrpc][INFO] 2012-12-31 16:00:16,806: Started XML-RPC server [http://copter131:50831/]
[rospy.impl.masterslave][INFO] 2012-12-31 16:00:16,806: _ready: http://copter131:50831/
[xmlrpc][INFO] 2012-12-31 16:00:16,807: xml rpc node: starting XML-RPC server
[rospy.registration][INFO] 2012-12-31 16:00:16,807: Registering with master node http://localhost:11311
[rospy.init][INFO] 2012-12-31 16:00:16,906: registered with master
[rospy.rosout][INFO] 2012-12-31 16:00:16,907: initializing /rosout core topic
[rospy.rosout][INFO] 2012-12-31 16:00:16,996: connected to core topic /rosout
[rospy.simtime][INFO] 2012-12-31 16:00:17,122: /use_sim_time is not set, will not subscribe to simulated time [/clock] topic
[rospy.internal][INFO] 2012-12-31 16:00:17,204: topic[/rosout] adding connection to [/rosout], count 0
[rospy.internal][INFO] 2019-02-27 10:58:09,214: topic[/autopilot/acs_pose] adding connection to [http://copter131:56724/], count 0
[rospy.internal][INFO] 2019-02-27 10:58:09,267: topic[/swarm_control/subswarm_id] adding connection to [http://copter131:37615/], count 0
[rospy.internal][INFO] 2019-02-27 10:58:09,284: topic[/swarm_control/swarm_state] adding connection to [http://copter131:37615/], count 0
[rospy.internal][INFO] 2019-02-27 10:58:09,303: topic[/swarm_control/swarm_behavior] adding connection to [http://copter131:37615/], count 0
[rospy.internal][INFO] 2019-02-27 10:58:09,321: topic[/autopilot/status] adding connection to [http://copter131:56724/], count 0
[rospy.internal][INFO] 2019-02-27 10:58:09,327: topic[/swarm_tracker/swarm_uav_states] adding connection to [/swarm_control], count 0
[rospy.internal][INFO] 2019-02-27 10:58:09,493: topic[/swarm_tracker/swarm_uav_states] adding connection to [/safety], count 1
[rospy.internal][INFO] 2019-02-27 10:59:01,570: topic[/network/recv_swarm_ctl_state] adding connection to [http://copter131:48251/], count 0
[rospy.internal][INFO] 2019-02-27 10:59:02,071: topic[/network/recv_pose] adding connection to [http://copter131:48251/], count 0
[rosout][WARNING] 2019-02-27 11:07:49,714: UAV 131 possible crash: no updates for 6.000000 secs
[rosout][INFO] 2019-02-27 11:08:03,116: Received update to own UAV 131
[rospy.internal][INFO] 2019-02-27 11:08:34,739: topic[/swarm_tracker/swarm_uav_states] adding connection to [/tactic_interface], count 2
[rospy.internal][INFO] 2019-02-27 11:10:05,920: topic[/swarm_tracker/swarm_uav_states] removing connection to /tactic_interface
[rospy.internal][INFO] 2019-02-27 11:10:13,955: topic[/swarm_tracker/swarm_uav_states] adding connection to [/tactic_interface], count 3
[rospy.internal][INFO] 2019-02-27 11:27:21,328: topic[/swarm_tracker/swarm_uav_states] removing connection to /tactic_interface
[rospy.internal][INFO] 2019-02-27 11:27:28,376: topic[/swarm_tracker/swarm_uav_states] adding connection to [/tactic_interface], count 3
[rospy.internal][INFO] 2019-02-27 11:30:04,820: topic[/swarm_tracker/swarm_uav_states] removing connection to /tactic_interface
