[rospy.client][INFO] 2012-12-31 16:00:16,686: init_node, name[/task_runner], pid[2846]
[xmlrpc][INFO] 2012-12-31 16:00:16,692: XML-RPC server binding to 0.0.0.0:0
[rospy.init][INFO] 2012-12-31 16:00:16,694: ROS Slave URI: [http://copter131:50793/]
[xmlrpc][INFO] 2012-12-31 16:00:16,694: Started XML-RPC server [http://copter131:50793/]
[rospy.impl.masterslave][INFO] 2012-12-31 16:00:16,695: _ready: http://copter131:50793/
[xmlrpc][INFO] 2012-12-31 16:00:16,695: xml rpc node: starting XML-RPC server
[rospy.registration][INFO] 2012-12-31 16:00:16,697: Registering with master node http://localhost:11311
[rospy.init][INFO] 2012-12-31 16:00:16,795: registered with master
[rospy.rosout][INFO] 2012-12-31 16:00:16,795: initializing /rosout core topic
[rospy.rosout][INFO] 2012-12-31 16:00:16,878: connected to core topic /rosout
[rospy.simtime][INFO] 2012-12-31 16:00:16,950: /use_sim_time is not set, will not subscribe to simulated time [/clock] topic
[rospy.internal][INFO] 2012-12-31 16:00:17,081: topic[/rosout] adding connection to [/rosout], count 0
[rosout][INFO] 2019-02-27 10:58:07,150: Task Runner: Starting Event 'on_start'
[rosout][INFO] 2019-02-27 10:58:07,231: Task Runner: Event 'on_start' Task 'Tx Power' Time 0.1s: Succeeded
[rosout][INFO] 2019-02-27 10:58:07,233: Task Runner: Completed Event 'on_start'
[rospy.internal][INFO] 2019-02-27 10:58:08,172: topic[/autopilot/status] adding connection to [http://copter131:56724/], count 0
[rosout][INFO] 2019-02-27 10:58:08,525: Task Runner: Starting Event 'on_status'
[rosout][INFO] 2019-02-27 10:58:08,756: Task Runner: Event 'on_status' Task 'AP Set ID' Time 0.2s: Succeeded
[rosout][INFO] 2019-02-27 10:58:08,757: Task Runner: Completed Event 'on_status'
[rosout][INFO] 2019-02-27 11:00:48,243: Task Runner: Starting Event 'on_ready'
[rosout][INFO] 2019-02-27 11:00:48,245: Task Runner: Completed Event 'on_ready'
[rosout][INFO] 2019-02-27 11:00:59,612: Task Runner: Starting Event 'on_arm'
[rosout][INFO] 2019-02-27 11:00:59,673: Task Runner: Event 'on_arm' Task 'Tx Power' Time 0.1s: Succeeded
[rosout][INFO] 2019-02-27 11:00:59,675: Task Runner: Completed Event 'on_arm'
[rosout][INFO] 2019-02-27 11:01:15,612: Task Runner: Starting Event 'on_disarm'
[rosout][INFO] 2019-02-27 11:01:15,613: Task Runner: Completed Event 'on_disarm'
[rosout][INFO] 2019-02-27 11:06:11,590: Task Runner: Starting Event 'on_arm'
[rosout][INFO] 2019-02-27 11:06:11,641: Task Runner: Event 'on_arm' Task 'Tx Power' Time 0.0s: Succeeded
[rosout][INFO] 2019-02-27 11:06:11,644: Task Runner: Completed Event 'on_arm'
[rosout][INFO] 2019-02-27 11:06:14,596: Task Runner: Starting Event 'on_disarm'
[rosout][INFO] 2019-02-27 11:06:14,598: Task Runner: Completed Event 'on_disarm'
[rosout][INFO] 2019-02-27 11:07:29,592: Task Runner: Starting Event 'on_arm'
[rosout][INFO] 2019-02-27 11:07:29,645: Task Runner: Event 'on_arm' Task 'Tx Power' Time 0.1s: Succeeded
[rosout][INFO] 2019-02-27 11:07:29,647: Task Runner: Completed Event 'on_arm'
[rosout][INFO] 2019-02-27 11:07:33,605: Task Runner: Starting Event 'on_disarm'
[rosout][INFO] 2019-02-27 11:07:33,607: Task Runner: Completed Event 'on_disarm'
[rosout][INFO] 2019-02-27 11:07:37,582: Task Runner: Starting Event 'on_arm'
[rosout][INFO] 2019-02-27 11:07:37,637: Task Runner: Event 'on_arm' Task 'Tx Power' Time 0.1s: Succeeded
[rosout][INFO] 2019-02-27 11:07:37,640: Task Runner: Completed Event 'on_arm'
[rosout][INFO] 2019-02-27 11:29:53,288: Task Runner: Starting Event 'on_disarm'
[rosout][INFO] 2019-02-27 11:29:53,289: Task Runner: Completed Event 'on_disarm'
